{"uid":"10c5d0fc012c8667","name":"TC 17.01.25 Verify error on resetting My Password with empty email","fullName":"tests.test_forgot_your_password.TestForgotYourPasswordFunctionality#test_17_01_25_error_if_reset_my_password_with_empty_email","historyId":"3fc451d87c8653c0431c5bf955165f1b","time":{"start":1691973979730,"stop":1691973984901,"duration":5171},"description":"Check error message on attempt to reset password with empty email field","descriptionHtml":"<p>Check error message on attempt to reset password with empty email field</p>\n","status":"broken","statusMessage":"selenium.common.exceptions.TimeoutException: Message: \nStacktrace:\n#0 0x5578f633f613 <unknown>\n#1 0x5578f606b537 <unknown>\n#2 0x5578f60a9f53 <unknown>\n#3 0x5578f60aa041 <unknown>\n#4 0x5578f60e52a4 <unknown>\n#5 0x5578f60caa5d <unknown>\n#6 0x5578f60e2d09 <unknown>\n#7 0x5578f60ca803 <unknown>\n#8 0x5578f609e68b <unknown>\n#9 0x5578f609f42e <unknown>\n#10 0x5578f6300c28 <unknown>\n#11 0x5578f6304af7 <unknown>\n#12 0x5578f630f01c <unknown>\n#13 0x5578f6305723 <unknown>\n#14 0x5578f62d4457 <unknown>\n#15 0x5578f6329628 <unknown>\n#16 0x5578f63297b7 <unknown>\n#17 0x5578f6338483 <unknown>\n#18 0x7f921bd7fb43 <unknown>","statusTrace":"self = <test_forgot_your_password.TestForgotYourPasswordFunctionality object at 0x7f08ba0993d0>\ndriver = <selenium.webdriver.chrome.webdriver.WebDriver (session=\"da51bf2097d1541cf9a423e3d04847e1\")>\nforgot_psw_page = <pages.forgot_your_password_page.ForgotYourPasswordPage object at 0x7f08bace2690>\n\n    @allure.title('TC 17.01.25 Verify error on resetting My Password with empty email')\n    def test_17_01_25_error_if_reset_my_password_with_empty_email(self, driver, forgot_psw_page):\n        \"\"\"Check error message on attempt to reset password with empty email field\"\"\"\n>       forgot_psw_page.fill_in_forgot_psw_captcha_field(captcha)\n\ntests/test_forgot_your_password.py:196: \n_ _ _ _ _ _ _ _ _ _ _ _ _ _ _ _ _ _ _ _ _ _ _ _ _ _ _ _ _ _ _ _ _ _ _ _ _ _ _ _ \npages/forgot_your_password_page.py:84: in fill_in_forgot_psw_captcha_field\n    return self.fill_in_field(self.check_forgot_psw_captcha_field_is_clickable(), text)\npages/forgot_your_password_page.py:59: in check_forgot_psw_captcha_field_is_clickable\n    return self.element_is_clickable(self.locators.FORGOT_YOUR_PASSWORD_CAPTCHA)\npages/base_page.py:80: in element_is_clickable\n    return wait(self.driver, timeout).until(EC.element_to_be_clickable(locator))\n_ _ _ _ _ _ _ _ _ _ _ _ _ _ _ _ _ _ _ _ _ _ _ _ _ _ _ _ _ _ _ _ _ _ _ _ _ _ _ _ \n\nself = <selenium.webdriver.support.wait.WebDriverWait (session=\"da51bf2097d1541cf9a423e3d04847e1\")>\nmethod = <function element_to_be_clickable.<locals>._predicate at 0x7f08b8cbfce0>\nmessage = ''\n\n    def until(self, method, message: str = \"\"):\n        \"\"\"Calls the method provided with the driver as an argument until the \\\n        return value does not evaluate to ``False``.\n    \n        :param method: callable(WebDriver)\n        :param message: optional message for :exc:`TimeoutException`\n        :returns: the result of the last call to `method`\n        :raises: :exc:`selenium.common.exceptions.TimeoutException` if timeout occurs\n        \"\"\"\n        screen = None\n        stacktrace = None\n    \n        end_time = time.monotonic() + self._timeout\n        while True:\n            try:\n                value = method(self._driver)\n                if value:\n                    return value\n            except self._ignored_exceptions as exc:\n                screen = getattr(exc, \"screen\", None)\n                stacktrace = getattr(exc, \"stacktrace\", None)\n            time.sleep(self._poll)\n            if time.monotonic() > end_time:\n                break\n>       raise TimeoutException(message, screen, stacktrace)\nE       selenium.common.exceptions.TimeoutException: Message: \nE       Stacktrace:\nE       #0 0x5578f633f613 <unknown>\nE       #1 0x5578f606b537 <unknown>\nE       #2 0x5578f60a9f53 <unknown>\nE       #3 0x5578f60aa041 <unknown>\nE       #4 0x5578f60e52a4 <unknown>\nE       #5 0x5578f60caa5d <unknown>\nE       #6 0x5578f60e2d09 <unknown>\nE       #7 0x5578f60ca803 <unknown>\nE       #8 0x5578f609e68b <unknown>\nE       #9 0x5578f609f42e <unknown>\nE       #10 0x5578f6300c28 <unknown>\nE       #11 0x5578f6304af7 <unknown>\nE       #12 0x5578f630f01c <unknown>\nE       #13 0x5578f6305723 <unknown>\nE       #14 0x5578f62d4457 <unknown>\nE       #15 0x5578f6329628 <unknown>\nE       #16 0x5578f63297b7 <unknown>\nE       #17 0x5578f6338483 <unknown>\nE       #18 0x7f921bd7fb43 <unknown>\n\n/opt/hostedtoolcache/Python/3.11.4/x64/lib/python3.11/site-packages/selenium/webdriver/support/wait.py:95: TimeoutException","flaky":false,"newFailed":false,"newBroken":false,"newPassed":false,"retriesCount":0,"retriesStatusChange":false,"beforeStages":[{"name":"_session_faker","time":{"start":1691973493630,"stop":1691973493748,"duration":118},"status":"passed","steps":[],"attachments":[],"parameters":[],"stepsCount":0,"attachmentsCount":0,"shouldDisplayMessage":false,"hasContent":false},{"name":"clear_allure_result_folder","time":{"start":1691973493748,"stop":1691973493748,"duration":0},"status":"passed","steps":[],"attachments":[],"parameters":[],"stepsCount":0,"attachmentsCount":0,"shouldDisplayMessage":false,"hasContent":false},{"name":"driver","time":{"start":1691973977453,"stop":1691973978609,"duration":1156},"status":"passed","steps":[],"attachments":[],"parameters":[],"stepsCount":0,"attachmentsCount":0,"shouldDisplayMessage":false,"hasContent":false},{"name":"forgot_psw_page","time":{"start":1691973978609,"stop":1691973979729,"duration":1120},"status":"passed","steps":[{"name":"Open a browser","time":{"start":1691973978609,"stop":1691973979729,"duration":1120},"status":"passed","steps":[],"attachments":[],"parameters":[],"stepsCount":0,"attachmentsCount":0,"shouldDisplayMessage":false,"hasContent":false}],"attachments":[],"parameters":[],"stepsCount":1,"attachmentsCount":0,"shouldDisplayMessage":false,"hasContent":true}],"testStage":{"description":"Check error message on attempt to reset password with empty email field","status":"broken","statusMessage":"selenium.common.exceptions.TimeoutException: Message: \nStacktrace:\n#0 0x5578f633f613 <unknown>\n#1 0x5578f606b537 <unknown>\n#2 0x5578f60a9f53 <unknown>\n#3 0x5578f60aa041 <unknown>\n#4 0x5578f60e52a4 <unknown>\n#5 0x5578f60caa5d <unknown>\n#6 0x5578f60e2d09 <unknown>\n#7 0x5578f60ca803 <unknown>\n#8 0x5578f609e68b <unknown>\n#9 0x5578f609f42e <unknown>\n#10 0x5578f6300c28 <unknown>\n#11 0x5578f6304af7 <unknown>\n#12 0x5578f630f01c <unknown>\n#13 0x5578f6305723 <unknown>\n#14 0x5578f62d4457 <unknown>\n#15 0x5578f6329628 <unknown>\n#16 0x5578f63297b7 <unknown>\n#17 0x5578f6338483 <unknown>\n#18 0x7f921bd7fb43 <unknown>","statusTrace":"self = <test_forgot_your_password.TestForgotYourPasswordFunctionality object at 0x7f08ba0993d0>\ndriver = <selenium.webdriver.chrome.webdriver.WebDriver (session=\"da51bf2097d1541cf9a423e3d04847e1\")>\nforgot_psw_page = <pages.forgot_your_password_page.ForgotYourPasswordPage object at 0x7f08bace2690>\n\n    @allure.title('TC 17.01.25 Verify error on resetting My Password with empty email')\n    def test_17_01_25_error_if_reset_my_password_with_empty_email(self, driver, forgot_psw_page):\n        \"\"\"Check error message on attempt to reset password with empty email field\"\"\"\n>       forgot_psw_page.fill_in_forgot_psw_captcha_field(captcha)\n\ntests/test_forgot_your_password.py:196: \n_ _ _ _ _ _ _ _ _ _ _ _ _ _ _ _ _ _ _ _ _ _ _ _ _ _ _ _ _ _ _ _ _ _ _ _ _ _ _ _ \npages/forgot_your_password_page.py:84: in fill_in_forgot_psw_captcha_field\n    return self.fill_in_field(self.check_forgot_psw_captcha_field_is_clickable(), text)\npages/forgot_your_password_page.py:59: in check_forgot_psw_captcha_field_is_clickable\n    return self.element_is_clickable(self.locators.FORGOT_YOUR_PASSWORD_CAPTCHA)\npages/base_page.py:80: in element_is_clickable\n    return wait(self.driver, timeout).until(EC.element_to_be_clickable(locator))\n_ _ _ _ _ _ _ _ _ _ _ _ _ _ _ _ _ _ _ _ _ _ _ _ _ _ _ _ _ _ _ _ _ _ _ _ _ _ _ _ \n\nself = <selenium.webdriver.support.wait.WebDriverWait (session=\"da51bf2097d1541cf9a423e3d04847e1\")>\nmethod = <function element_to_be_clickable.<locals>._predicate at 0x7f08b8cbfce0>\nmessage = ''\n\n    def until(self, method, message: str = \"\"):\n        \"\"\"Calls the method provided with the driver as an argument until the \\\n        return value does not evaluate to ``False``.\n    \n        :param method: callable(WebDriver)\n        :param message: optional message for :exc:`TimeoutException`\n        :returns: the result of the last call to `method`\n        :raises: :exc:`selenium.common.exceptions.TimeoutException` if timeout occurs\n        \"\"\"\n        screen = None\n        stacktrace = None\n    \n        end_time = time.monotonic() + self._timeout\n        while True:\n            try:\n                value = method(self._driver)\n                if value:\n                    return value\n            except self._ignored_exceptions as exc:\n                screen = getattr(exc, \"screen\", None)\n                stacktrace = getattr(exc, \"stacktrace\", None)\n            time.sleep(self._poll)\n            if time.monotonic() > end_time:\n                break\n>       raise TimeoutException(message, screen, stacktrace)\nE       selenium.common.exceptions.TimeoutException: Message: \nE       Stacktrace:\nE       #0 0x5578f633f613 <unknown>\nE       #1 0x5578f606b537 <unknown>\nE       #2 0x5578f60a9f53 <unknown>\nE       #3 0x5578f60aa041 <unknown>\nE       #4 0x5578f60e52a4 <unknown>\nE       #5 0x5578f60caa5d <unknown>\nE       #6 0x5578f60e2d09 <unknown>\nE       #7 0x5578f60ca803 <unknown>\nE       #8 0x5578f609e68b <unknown>\nE       #9 0x5578f609f42e <unknown>\nE       #10 0x5578f6300c28 <unknown>\nE       #11 0x5578f6304af7 <unknown>\nE       #12 0x5578f630f01c <unknown>\nE       #13 0x5578f6305723 <unknown>\nE       #14 0x5578f62d4457 <unknown>\nE       #15 0x5578f6329628 <unknown>\nE       #16 0x5578f63297b7 <unknown>\nE       #17 0x5578f6338483 <unknown>\nE       #18 0x7f921bd7fb43 <unknown>\n\n/opt/hostedtoolcache/Python/3.11.4/x64/lib/python3.11/site-packages/selenium/webdriver/support/wait.py:95: TimeoutException","steps":[{"name":"Fill in FYP Email field","time":{"start":1691973979730,"stop":1691973984900,"duration":5170},"status":"broken","statusMessage":"selenium.common.exceptions.TimeoutException: Message: \nStacktrace:\n#0 0x5578f633f613 <unknown>\n#1 0x5578f606b537 <unknown>\n#2 0x5578f60a9f53 <unknown>\n#3 0x5578f60aa041 <unknown>\n#4 0x5578f60e52a4 <unknown>\n#5 0x5578f60caa5d <unknown>\n#6 0x5578f60e2d09 <unknown>\n#7 0x5578f60ca803 <unknown>\n#8 0x5578f609e68b <unknown>\n#9 0x5578f609f42e <unknown>\n#10 0x5578f6300c28 <unknown>\n#11 0x5578f6304af7 <unknown>\n#12 0x5578f630f01c <unknown>\n#13 0x5578f6305723 <unknown>\n#14 0x5578f62d4457 <unknown>\n#15 0x5578f6329628 <unknown>\n#16 0x5578f63297b7 <unknown>\n#17 0x5578f6338483 <unknown>\n#18 0x7f921bd7fb43 <unknown>\n\n","statusTrace":"  File \"/opt/hostedtoolcache/Python/3.11.4/x64/lib/python3.11/site-packages/allure_commons/_allure.py\", line 192, in impl\n    return func(*a, **kw)\n           ^^^^^^^^^^^^^^\n  File \"/home/runner/work/luma_project/luma_project/pages/forgot_your_password_page.py\", line 84, in fill_in_forgot_psw_captcha_field\n    return self.fill_in_field(self.check_forgot_psw_captcha_field_is_clickable(), text)\n                              ^^^^^^^^^^^^^^^^^^^^^^^^^^^^^^^^^^^^^^^^^^^^^^^^^^\n  File \"/opt/hostedtoolcache/Python/3.11.4/x64/lib/python3.11/site-packages/allure_commons/_allure.py\", line 192, in impl\n    return func(*a, **kw)\n           ^^^^^^^^^^^^^^\n  File \"/home/runner/work/luma_project/luma_project/pages/forgot_your_password_page.py\", line 59, in check_forgot_psw_captcha_field_is_clickable\n    return self.element_is_clickable(self.locators.FORGOT_YOUR_PASSWORD_CAPTCHA)\n           ^^^^^^^^^^^^^^^^^^^^^^^^^^^^^^^^^^^^^^^^^^^^^^^^^^^^^^^^^^^^^^^^^^^^^\n  File \"/opt/hostedtoolcache/Python/3.11.4/x64/lib/python3.11/site-packages/allure_commons/_allure.py\", line 192, in impl\n    return func(*a, **kw)\n           ^^^^^^^^^^^^^^\n  File \"/home/runner/work/luma_project/luma_project/pages/base_page.py\", line 80, in element_is_clickable\n    return wait(self.driver, timeout).until(EC.element_to_be_clickable(locator))\n           ^^^^^^^^^^^^^^^^^^^^^^^^^^^^^^^^^^^^^^^^^^^^^^^^^^^^^^^^^^^^^^^^^^^^^\n  File \"/opt/hostedtoolcache/Python/3.11.4/x64/lib/python3.11/site-packages/selenium/webdriver/support/wait.py\", line 95, in until\n    raise TimeoutException(message, screen, stacktrace)\n","steps":[{"name":"Check FYP captcha input field is clickable","time":{"start":1691973979730,"stop":1691973984900,"duration":5170},"status":"broken","statusMessage":"selenium.common.exceptions.TimeoutException: Message: \nStacktrace:\n#0 0x5578f633f613 <unknown>\n#1 0x5578f606b537 <unknown>\n#2 0x5578f60a9f53 <unknown>\n#3 0x5578f60aa041 <unknown>\n#4 0x5578f60e52a4 <unknown>\n#5 0x5578f60caa5d <unknown>\n#6 0x5578f60e2d09 <unknown>\n#7 0x5578f60ca803 <unknown>\n#8 0x5578f609e68b <unknown>\n#9 0x5578f609f42e <unknown>\n#10 0x5578f6300c28 <unknown>\n#11 0x5578f6304af7 <unknown>\n#12 0x5578f630f01c <unknown>\n#13 0x5578f6305723 <unknown>\n#14 0x5578f62d4457 <unknown>\n#15 0x5578f6329628 <unknown>\n#16 0x5578f63297b7 <unknown>\n#17 0x5578f6338483 <unknown>\n#18 0x7f921bd7fb43 <unknown>\n\n","statusTrace":"  File \"/opt/hostedtoolcache/Python/3.11.4/x64/lib/python3.11/site-packages/allure_commons/_allure.py\", line 192, in impl\n    return func(*a, **kw)\n           ^^^^^^^^^^^^^^\n  File \"/home/runner/work/luma_project/luma_project/pages/forgot_your_password_page.py\", line 59, in check_forgot_psw_captcha_field_is_clickable\n    return self.element_is_clickable(self.locators.FORGOT_YOUR_PASSWORD_CAPTCHA)\n           ^^^^^^^^^^^^^^^^^^^^^^^^^^^^^^^^^^^^^^^^^^^^^^^^^^^^^^^^^^^^^^^^^^^^^\n  File \"/opt/hostedtoolcache/Python/3.11.4/x64/lib/python3.11/site-packages/allure_commons/_allure.py\", line 192, in impl\n    return func(*a, **kw)\n           ^^^^^^^^^^^^^^\n  File \"/home/runner/work/luma_project/luma_project/pages/base_page.py\", line 80, in element_is_clickable\n    return wait(self.driver, timeout).until(EC.element_to_be_clickable(locator))\n           ^^^^^^^^^^^^^^^^^^^^^^^^^^^^^^^^^^^^^^^^^^^^^^^^^^^^^^^^^^^^^^^^^^^^^\n  File \"/opt/hostedtoolcache/Python/3.11.4/x64/lib/python3.11/site-packages/selenium/webdriver/support/wait.py\", line 95, in until\n    raise TimeoutException(message, screen, stacktrace)\n","steps":[{"name":"Find clickable elements","time":{"start":1691973979730,"stop":1691973984899,"duration":5169},"status":"broken","statusMessage":"selenium.common.exceptions.TimeoutException: Message: \nStacktrace:\n#0 0x5578f633f613 <unknown>\n#1 0x5578f606b537 <unknown>\n#2 0x5578f60a9f53 <unknown>\n#3 0x5578f60aa041 <unknown>\n#4 0x5578f60e52a4 <unknown>\n#5 0x5578f60caa5d <unknown>\n#6 0x5578f60e2d09 <unknown>\n#7 0x5578f60ca803 <unknown>\n#8 0x5578f609e68b <unknown>\n#9 0x5578f609f42e <unknown>\n#10 0x5578f6300c28 <unknown>\n#11 0x5578f6304af7 <unknown>\n#12 0x5578f630f01c <unknown>\n#13 0x5578f6305723 <unknown>\n#14 0x5578f62d4457 <unknown>\n#15 0x5578f6329628 <unknown>\n#16 0x5578f63297b7 <unknown>\n#17 0x5578f6338483 <unknown>\n#18 0x7f921bd7fb43 <unknown>\n\n","statusTrace":"  File \"/opt/hostedtoolcache/Python/3.11.4/x64/lib/python3.11/site-packages/allure_commons/_allure.py\", line 192, in impl\n    return func(*a, **kw)\n           ^^^^^^^^^^^^^^\n  File \"/home/runner/work/luma_project/luma_project/pages/base_page.py\", line 80, in element_is_clickable\n    return wait(self.driver, timeout).until(EC.element_to_be_clickable(locator))\n           ^^^^^^^^^^^^^^^^^^^^^^^^^^^^^^^^^^^^^^^^^^^^^^^^^^^^^^^^^^^^^^^^^^^^^\n  File \"/opt/hostedtoolcache/Python/3.11.4/x64/lib/python3.11/site-packages/selenium/webdriver/support/wait.py\", line 95, in until\n    raise TimeoutException(message, screen, stacktrace)\n","steps":[],"attachments":[],"parameters":[{"name":"locator","value":"('css selector', '#captcha_user_forgotpassword')"},{"name":"timeout","value":"5"}],"stepsCount":0,"attachmentsCount":0,"shouldDisplayMessage":true,"hasContent":true}],"attachments":[],"parameters":[],"stepsCount":1,"attachmentsCount":0,"shouldDisplayMessage":false,"hasContent":true}],"attachments":[],"parameters":[{"name":"text","value":"'WCXg14'"}],"stepsCount":2,"attachmentsCount":0,"shouldDisplayMessage":false,"hasContent":true}],"attachments":[{"uid":"41faf07ca52bde7","name":"Screenshot","source":"41faf07ca52bde7.png","type":"image/png","size":65941},{"uid":"cf501f38dd9455ed","name":"HTML source","source":"cf501f38dd9455ed.html","type":"text/html","size":78213}],"parameters":[],"stepsCount":3,"attachmentsCount":2,"shouldDisplayMessage":true,"hasContent":true},"afterStages":[{"name":"driver::0","time":{"start":1691973985096,"stop":1691973985166,"duration":70},"status":"passed","steps":[],"attachments":[],"parameters":[],"stepsCount":0,"attachmentsCount":0,"shouldDisplayMessage":false,"hasContent":false},{"name":"clear_allure_result_folder::0","time":{"start":1691975229393,"stop":1691975229393,"duration":0},"status":"passed","steps":[],"attachments":[],"parameters":[],"stepsCount":0,"attachmentsCount":0,"shouldDisplayMessage":false,"hasContent":false}],"labels":[{"name":"epic","value":"Forgot Your Password Functionality"},{"name":"parentSuite","value":"tests"},{"name":"suite","value":"test_forgot_your_password"},{"name":"subSuite","value":"TestForgotYourPasswordFunctionality"},{"name":"host","value":"fv-az1109-839"},{"name":"thread","value":"3259-MainThread"},{"name":"framework","value":"pytest"},{"name":"language","value":"cpython3"},{"name":"package","value":"tests.test_forgot_your_password"},{"name":"resultFormat","value":"allure2"}],"parameters":[],"links":[],"hidden":false,"retry":false,"extra":{"severity":"normal","retries":[],"categories":[{"name":"Test defects","matchedStatuses":[],"flaky":false}],"history":{"statistic":{"failed":0,"broken":2,"skipped":0,"passed":0,"unknown":0,"total":2},"items":[{"uid":"723b205dcdbfdb75","reportUrl":"https://DionisIno.github.io/luma_project/80//#testresult/723b205dcdbfdb75","status":"broken","statusDetails":"selenium.common.exceptions.TimeoutException: Message: \nStacktrace:\n#0 0x555c6f0d6613 <unknown>\n#1 0x555c6ee02537 <unknown>\n#2 0x555c6ee40f53 <unknown>\n#3 0x555c6ee41041 <unknown>\n#4 0x555c6ee7c2a4 <unknown>\n#5 0x555c6ee61a5d <unknown>\n#6 0x555c6ee79d09 <unknown>\n#7 0x555c6ee61803 <unknown>\n#8 0x555c6ee3568b <unknown>\n#9 0x555c6ee3642e <unknown>\n#10 0x555c6f097c28 <unknown>\n#11 0x555c6f09baf7 <unknown>\n#12 0x555c6f0a601c <unknown>\n#13 0x555c6f09c723 <unknown>\n#14 0x555c6f06b457 <unknown>\n#15 0x555c6f0c0628 <unknown>\n#16 0x555c6f0c07b7 <unknown>\n#17 0x555c6f0cf483 <unknown>\n#18 0x7f34d51c8b43 <unknown>","time":{"start":1691887654614,"stop":1691887659764,"duration":5150}}]},"tags":[]},"source":"10c5d0fc012c8667.json","parameterValues":[]}