{"uid":"d950a9b0e254cbda","name":"TC 17.01.10 Verify FYP captcha input field is correct format and clickable","fullName":"tests.test_forgot_your_password.TestForgotYourPassword#test_17_01_10_captcha_field_is_correct_format_and_clickable","historyId":"893c24bbe020a69c355db37017ee26d2","time":{"start":1693874607185,"stop":1693874612285,"duration":5100},"description":"Check if the captcha input is of correct format (input-text) and clickable","descriptionHtml":"<p>Check if the captcha input is of correct format (input-text) and clickable</p>\n","status":"broken","statusMessage":"selenium.common.exceptions.TimeoutException: Message: \nStacktrace:\n#0 0x556cbbf5de23 <unknown>\n#1 0x556cbbc867a7 <unknown>\n#2 0x556cbbcc51d3 <unknown>\n#3 0x556cbbcc52c1 <unknown>\n#4 0x556cbbd00a04 <unknown>\n#5 0x556cbbce603d <unknown>\n#6 0x556cbbcfe369 <unknown>\n#7 0x556cbbce5de3 <unknown>\n#8 0x556cbbcb9a7b <unknown>\n#9 0x556cbbcba81e <unknown>\n#10 0x556cbbf1f638 <unknown>\n#11 0x556cbbf23507 <unknown>\n#12 0x556cbbf2dc4c <unknown>\n#13 0x556cbbf24136 <unknown>\n#14 0x556cbbef29cf <unknown>\n#15 0x556cbbf47b98 <unknown>\n#16 0x556cbbf47d68 <unknown>\n#17 0x556cbbf56cb3 <unknown>\n#18 0x7fa9d438ab43 <unknown>","statusTrace":"self = <test_forgot_your_password.TestForgotYourPassword object at 0x7f5ab3e82e10>\ndriver = <selenium.webdriver.chrome.webdriver.WebDriver (session=\"0cc652ff323596816cbf062fc37acb7e\")>\nforgot_psw_page = <pages.forgot_your_password_page.ForgotYourPasswordPage object at 0x7f5ab3bd3390>\n\n    @allure.title('TC 17.01.10 Verify FYP captcha input field is correct format and clickable')\n    def test_17_01_10_captcha_field_is_correct_format_and_clickable(self, driver, forgot_psw_page):\n        \"\"\"Check if the captcha input is of correct format (input-text) and clickable\"\"\"\n>       captcha_input = forgot_psw_page.check_forgot_psw_captcha_field_is_clickable()\n\ntests/test_forgot_your_password.py:93: \n_ _ _ _ _ _ _ _ _ _ _ _ _ _ _ _ _ _ _ _ _ _ _ _ _ _ _ _ _ _ _ _ _ _ _ _ _ _ _ _ \npages/forgot_your_password_page.py:59: in check_forgot_psw_captcha_field_is_clickable\n    return self.element_is_clickable(self.locators.FORGOT_YOUR_PASSWORD_CAPTCHA)\npages/base_page.py:80: in element_is_clickable\n    return wait(self.driver, timeout).until(EC.element_to_be_clickable(locator))\n_ _ _ _ _ _ _ _ _ _ _ _ _ _ _ _ _ _ _ _ _ _ _ _ _ _ _ _ _ _ _ _ _ _ _ _ _ _ _ _ \n\nself = <selenium.webdriver.support.wait.WebDriverWait (session=\"0cc652ff323596816cbf062fc37acb7e\")>\nmethod = <function element_to_be_clickable.<locals>._predicate at 0x7f5ab20cd260>\nmessage = ''\n\n    def until(self, method, message: str = \"\"):\n        \"\"\"Calls the method provided with the driver as an argument until the \\\n        return value does not evaluate to ``False``.\n    \n        :param method: callable(WebDriver)\n        :param message: optional message for :exc:`TimeoutException`\n        :returns: the result of the last call to `method`\n        :raises: :exc:`selenium.common.exceptions.TimeoutException` if timeout occurs\n        \"\"\"\n        screen = None\n        stacktrace = None\n    \n        end_time = time.monotonic() + self._timeout\n        while True:\n            try:\n                value = method(self._driver)\n                if value:\n                    return value\n            except self._ignored_exceptions as exc:\n                screen = getattr(exc, \"screen\", None)\n                stacktrace = getattr(exc, \"stacktrace\", None)\n            time.sleep(self._poll)\n            if time.monotonic() > end_time:\n                break\n>       raise TimeoutException(message, screen, stacktrace)\nE       selenium.common.exceptions.TimeoutException: Message: \nE       Stacktrace:\nE       #0 0x556cbbf5de23 <unknown>\nE       #1 0x556cbbc867a7 <unknown>\nE       #2 0x556cbbcc51d3 <unknown>\nE       #3 0x556cbbcc52c1 <unknown>\nE       #4 0x556cbbd00a04 <unknown>\nE       #5 0x556cbbce603d <unknown>\nE       #6 0x556cbbcfe369 <unknown>\nE       #7 0x556cbbce5de3 <unknown>\nE       #8 0x556cbbcb9a7b <unknown>\nE       #9 0x556cbbcba81e <unknown>\nE       #10 0x556cbbf1f638 <unknown>\nE       #11 0x556cbbf23507 <unknown>\nE       #12 0x556cbbf2dc4c <unknown>\nE       #13 0x556cbbf24136 <unknown>\nE       #14 0x556cbbef29cf <unknown>\nE       #15 0x556cbbf47b98 <unknown>\nE       #16 0x556cbbf47d68 <unknown>\nE       #17 0x556cbbf56cb3 <unknown>\nE       #18 0x7fa9d438ab43 <unknown>\n\n/opt/hostedtoolcache/Python/3.11.4/x64/lib/python3.11/site-packages/selenium/webdriver/support/wait.py:95: TimeoutException","flaky":false,"newFailed":false,"newBroken":false,"newPassed":false,"retriesCount":0,"retriesStatusChange":false,"beforeStages":[{"name":"_session_faker","time":{"start":1693874268430,"stop":1693874268515,"duration":85},"status":"passed","steps":[],"attachments":[],"parameters":[],"shouldDisplayMessage":false,"stepsCount":0,"attachmentsCount":0,"hasContent":false},{"name":"clear_allure_result_folder","time":{"start":1693874268515,"stop":1693874268515,"duration":0},"status":"passed","steps":[],"attachments":[],"parameters":[],"shouldDisplayMessage":false,"stepsCount":0,"attachmentsCount":0,"hasContent":false},{"name":"driver","time":{"start":1693874605210,"stop":1693874606193,"duration":983},"status":"passed","steps":[],"attachments":[],"parameters":[],"shouldDisplayMessage":false,"stepsCount":0,"attachmentsCount":0,"hasContent":false},{"name":"forgot_psw_page","time":{"start":1693874606193,"stop":1693874607185,"duration":992},"status":"passed","steps":[{"name":"Open a browser","time":{"start":1693874606193,"stop":1693874607184,"duration":991},"status":"passed","steps":[],"attachments":[],"parameters":[],"shouldDisplayMessage":false,"stepsCount":0,"attachmentsCount":0,"hasContent":false}],"attachments":[],"parameters":[],"shouldDisplayMessage":false,"stepsCount":1,"attachmentsCount":0,"hasContent":true}],"testStage":{"description":"Check if the captcha input is of correct format (input-text) and clickable","status":"broken","statusMessage":"selenium.common.exceptions.TimeoutException: Message: \nStacktrace:\n#0 0x556cbbf5de23 <unknown>\n#1 0x556cbbc867a7 <unknown>\n#2 0x556cbbcc51d3 <unknown>\n#3 0x556cbbcc52c1 <unknown>\n#4 0x556cbbd00a04 <unknown>\n#5 0x556cbbce603d <unknown>\n#6 0x556cbbcfe369 <unknown>\n#7 0x556cbbce5de3 <unknown>\n#8 0x556cbbcb9a7b <unknown>\n#9 0x556cbbcba81e <unknown>\n#10 0x556cbbf1f638 <unknown>\n#11 0x556cbbf23507 <unknown>\n#12 0x556cbbf2dc4c <unknown>\n#13 0x556cbbf24136 <unknown>\n#14 0x556cbbef29cf <unknown>\n#15 0x556cbbf47b98 <unknown>\n#16 0x556cbbf47d68 <unknown>\n#17 0x556cbbf56cb3 <unknown>\n#18 0x7fa9d438ab43 <unknown>","statusTrace":"self = <test_forgot_your_password.TestForgotYourPassword object at 0x7f5ab3e82e10>\ndriver = <selenium.webdriver.chrome.webdriver.WebDriver (session=\"0cc652ff323596816cbf062fc37acb7e\")>\nforgot_psw_page = <pages.forgot_your_password_page.ForgotYourPasswordPage object at 0x7f5ab3bd3390>\n\n    @allure.title('TC 17.01.10 Verify FYP captcha input field is correct format and clickable')\n    def test_17_01_10_captcha_field_is_correct_format_and_clickable(self, driver, forgot_psw_page):\n        \"\"\"Check if the captcha input is of correct format (input-text) and clickable\"\"\"\n>       captcha_input = forgot_psw_page.check_forgot_psw_captcha_field_is_clickable()\n\ntests/test_forgot_your_password.py:93: \n_ _ _ _ _ _ _ _ _ _ _ _ _ _ _ _ _ _ _ _ _ _ _ _ _ _ _ _ _ _ _ _ _ _ _ _ _ _ _ _ \npages/forgot_your_password_page.py:59: in check_forgot_psw_captcha_field_is_clickable\n    return self.element_is_clickable(self.locators.FORGOT_YOUR_PASSWORD_CAPTCHA)\npages/base_page.py:80: in element_is_clickable\n    return wait(self.driver, timeout).until(EC.element_to_be_clickable(locator))\n_ _ _ _ _ _ _ _ _ _ _ _ _ _ _ _ _ _ _ _ _ _ _ _ _ _ _ _ _ _ _ _ _ _ _ _ _ _ _ _ \n\nself = <selenium.webdriver.support.wait.WebDriverWait (session=\"0cc652ff323596816cbf062fc37acb7e\")>\nmethod = <function element_to_be_clickable.<locals>._predicate at 0x7f5ab20cd260>\nmessage = ''\n\n    def until(self, method, message: str = \"\"):\n        \"\"\"Calls the method provided with the driver as an argument until the \\\n        return value does not evaluate to ``False``.\n    \n        :param method: callable(WebDriver)\n        :param message: optional message for :exc:`TimeoutException`\n        :returns: the result of the last call to `method`\n        :raises: :exc:`selenium.common.exceptions.TimeoutException` if timeout occurs\n        \"\"\"\n        screen = None\n        stacktrace = None\n    \n        end_time = time.monotonic() + self._timeout\n        while True:\n            try:\n                value = method(self._driver)\n                if value:\n                    return value\n            except self._ignored_exceptions as exc:\n                screen = getattr(exc, \"screen\", None)\n                stacktrace = getattr(exc, \"stacktrace\", None)\n            time.sleep(self._poll)\n            if time.monotonic() > end_time:\n                break\n>       raise TimeoutException(message, screen, stacktrace)\nE       selenium.common.exceptions.TimeoutException: Message: \nE       Stacktrace:\nE       #0 0x556cbbf5de23 <unknown>\nE       #1 0x556cbbc867a7 <unknown>\nE       #2 0x556cbbcc51d3 <unknown>\nE       #3 0x556cbbcc52c1 <unknown>\nE       #4 0x556cbbd00a04 <unknown>\nE       #5 0x556cbbce603d <unknown>\nE       #6 0x556cbbcfe369 <unknown>\nE       #7 0x556cbbce5de3 <unknown>\nE       #8 0x556cbbcb9a7b <unknown>\nE       #9 0x556cbbcba81e <unknown>\nE       #10 0x556cbbf1f638 <unknown>\nE       #11 0x556cbbf23507 <unknown>\nE       #12 0x556cbbf2dc4c <unknown>\nE       #13 0x556cbbf24136 <unknown>\nE       #14 0x556cbbef29cf <unknown>\nE       #15 0x556cbbf47b98 <unknown>\nE       #16 0x556cbbf47d68 <unknown>\nE       #17 0x556cbbf56cb3 <unknown>\nE       #18 0x7fa9d438ab43 <unknown>\n\n/opt/hostedtoolcache/Python/3.11.4/x64/lib/python3.11/site-packages/selenium/webdriver/support/wait.py:95: TimeoutException","steps":[{"name":"Check FYP captcha input field is clickable","time":{"start":1693874607185,"stop":1693874612285,"duration":5100},"status":"broken","statusMessage":"selenium.common.exceptions.TimeoutException: Message: \nStacktrace:\n#0 0x556cbbf5de23 <unknown>\n#1 0x556cbbc867a7 <unknown>\n#2 0x556cbbcc51d3 <unknown>\n#3 0x556cbbcc52c1 <unknown>\n#4 0x556cbbd00a04 <unknown>\n#5 0x556cbbce603d <unknown>\n#6 0x556cbbcfe369 <unknown>\n#7 0x556cbbce5de3 <unknown>\n#8 0x556cbbcb9a7b <unknown>\n#9 0x556cbbcba81e <unknown>\n#10 0x556cbbf1f638 <unknown>\n#11 0x556cbbf23507 <unknown>\n#12 0x556cbbf2dc4c <unknown>\n#13 0x556cbbf24136 <unknown>\n#14 0x556cbbef29cf <unknown>\n#15 0x556cbbf47b98 <unknown>\n#16 0x556cbbf47d68 <unknown>\n#17 0x556cbbf56cb3 <unknown>\n#18 0x7fa9d438ab43 <unknown>\n\n","statusTrace":"  File \"/opt/hostedtoolcache/Python/3.11.4/x64/lib/python3.11/site-packages/allure_commons/_allure.py\", line 192, in impl\n    return func(*a, **kw)\n           ^^^^^^^^^^^^^^\n  File \"/home/runner/work/luma_project/luma_project/pages/forgot_your_password_page.py\", line 59, in check_forgot_psw_captcha_field_is_clickable\n    return self.element_is_clickable(self.locators.FORGOT_YOUR_PASSWORD_CAPTCHA)\n           ^^^^^^^^^^^^^^^^^^^^^^^^^^^^^^^^^^^^^^^^^^^^^^^^^^^^^^^^^^^^^^^^^^^^^\n  File \"/opt/hostedtoolcache/Python/3.11.4/x64/lib/python3.11/site-packages/allure_commons/_allure.py\", line 192, in impl\n    return func(*a, **kw)\n           ^^^^^^^^^^^^^^\n  File \"/home/runner/work/luma_project/luma_project/pages/base_page.py\", line 80, in element_is_clickable\n    return wait(self.driver, timeout).until(EC.element_to_be_clickable(locator))\n           ^^^^^^^^^^^^^^^^^^^^^^^^^^^^^^^^^^^^^^^^^^^^^^^^^^^^^^^^^^^^^^^^^^^^^\n  File \"/opt/hostedtoolcache/Python/3.11.4/x64/lib/python3.11/site-packages/selenium/webdriver/support/wait.py\", line 95, in until\n    raise TimeoutException(message, screen, stacktrace)\n","steps":[{"name":"Find clickable elements","time":{"start":1693874607185,"stop":1693874612284,"duration":5099},"status":"broken","statusMessage":"selenium.common.exceptions.TimeoutException: Message: \nStacktrace:\n#0 0x556cbbf5de23 <unknown>\n#1 0x556cbbc867a7 <unknown>\n#2 0x556cbbcc51d3 <unknown>\n#3 0x556cbbcc52c1 <unknown>\n#4 0x556cbbd00a04 <unknown>\n#5 0x556cbbce603d <unknown>\n#6 0x556cbbcfe369 <unknown>\n#7 0x556cbbce5de3 <unknown>\n#8 0x556cbbcb9a7b <unknown>\n#9 0x556cbbcba81e <unknown>\n#10 0x556cbbf1f638 <unknown>\n#11 0x556cbbf23507 <unknown>\n#12 0x556cbbf2dc4c <unknown>\n#13 0x556cbbf24136 <unknown>\n#14 0x556cbbef29cf <unknown>\n#15 0x556cbbf47b98 <unknown>\n#16 0x556cbbf47d68 <unknown>\n#17 0x556cbbf56cb3 <unknown>\n#18 0x7fa9d438ab43 <unknown>\n\n","statusTrace":"  File \"/opt/hostedtoolcache/Python/3.11.4/x64/lib/python3.11/site-packages/allure_commons/_allure.py\", line 192, in impl\n    return func(*a, **kw)\n           ^^^^^^^^^^^^^^\n  File \"/home/runner/work/luma_project/luma_project/pages/base_page.py\", line 80, in element_is_clickable\n    return wait(self.driver, timeout).until(EC.element_to_be_clickable(locator))\n           ^^^^^^^^^^^^^^^^^^^^^^^^^^^^^^^^^^^^^^^^^^^^^^^^^^^^^^^^^^^^^^^^^^^^^\n  File \"/opt/hostedtoolcache/Python/3.11.4/x64/lib/python3.11/site-packages/selenium/webdriver/support/wait.py\", line 95, in until\n    raise TimeoutException(message, screen, stacktrace)\n","steps":[],"attachments":[],"parameters":[{"name":"locator","value":"('css selector', '#captcha_user_forgotpassword')"},{"name":"timeout","value":"5"}],"shouldDisplayMessage":true,"stepsCount":0,"attachmentsCount":0,"hasContent":true}],"attachments":[],"parameters":[],"shouldDisplayMessage":false,"stepsCount":1,"attachmentsCount":0,"hasContent":true}],"attachments":[{"uid":"2389b9d77089a4e1","name":"Screenshot","source":"2389b9d77089a4e1.png","type":"image/png","size":65941},{"uid":"6ecc1ad7c5a9df9c","name":"HTML source","source":"6ecc1ad7c5a9df9c.html","type":"text/html","size":77958}],"parameters":[],"shouldDisplayMessage":true,"stepsCount":2,"attachmentsCount":2,"hasContent":true},"afterStages":[{"name":"driver::0","time":{"start":1693874612445,"stop":1693874612514,"duration":69},"status":"passed","steps":[],"attachments":[],"parameters":[],"shouldDisplayMessage":false,"stepsCount":0,"attachmentsCount":0,"hasContent":false},{"name":"clear_allure_result_folder::0","time":{"start":1693875713397,"stop":1693875713397,"duration":0},"status":"passed","steps":[],"attachments":[],"parameters":[],"shouldDisplayMessage":false,"stepsCount":0,"attachmentsCount":0,"hasContent":false}],"labels":[{"name":"epic","value":"Forgot Your Password Page"},{"name":"parentSuite","value":"tests"},{"name":"suite","value":"test_forgot_your_password"},{"name":"subSuite","value":"TestForgotYourPassword"},{"name":"host","value":"fv-az305-745"},{"name":"thread","value":"2962-MainThread"},{"name":"framework","value":"pytest"},{"name":"language","value":"cpython3"},{"name":"package","value":"tests.test_forgot_your_password"},{"name":"resultFormat","value":"allure2"}],"parameters":[],"links":[],"hidden":false,"retry":false,"extra":{"severity":"normal","retries":[],"categories":[{"name":"Test defects","matchedStatuses":[],"flaky":false}],"history":{"statistic":{"failed":0,"broken":3,"skipped":0,"passed":0,"unknown":0,"total":3},"items":[{"uid":"6d4a45328c563741","reportUrl":"https://DionisIno.github.io/luma_project/102//#testresult/6d4a45328c563741","status":"broken","statusDetails":"selenium.common.exceptions.TimeoutException: Message: \nStacktrace:\n#0 0x564001d37e23 <unknown>\n#1 0x564001a607a7 <unknown>\n#2 0x564001a9f1d3 <unknown>\n#3 0x564001a9f2c1 <unknown>\n#4 0x564001adaa04 <unknown>\n#5 0x564001ac003d <unknown>\n#6 0x564001ad8369 <unknown>\n#7 0x564001abfde3 <unknown>\n#8 0x564001a93a7b <unknown>\n#9 0x564001a9481e <unknown>\n#10 0x564001cf9638 <unknown>\n#11 0x564001cfd507 <unknown>\n#12 0x564001d07c4c <unknown>\n#13 0x564001cfe136 <unknown>\n#14 0x564001ccc9cf <unknown>\n#15 0x564001d21b98 <unknown>\n#16 0x564001d21d68 <unknown>\n#17 0x564001d30cb3 <unknown>\n#18 0x7f442f003b43 <unknown>","time":{"start":1693788336108,"stop":1693788341254,"duration":5146}},{"uid":"20e05dad71b35cc2","reportUrl":"https://DionisIno.github.io/luma_project/101//#testresult/20e05dad71b35cc2","status":"broken","statusDetails":"selenium.common.exceptions.TimeoutException: Message: \nStacktrace:\n#0 0x55af6448ae23 <unknown>\n#1 0x55af641b37a7 <unknown>\n#2 0x55af641f21d3 <unknown>\n#3 0x55af641f22c1 <unknown>\n#4 0x55af6422da04 <unknown>\n#5 0x55af6421303d <unknown>\n#6 0x55af6422b369 <unknown>\n#7 0x55af64212de3 <unknown>\n#8 0x55af641e6a7b <unknown>\n#9 0x55af641e781e <unknown>\n#10 0x55af6444c638 <unknown>\n#11 0x55af64450507 <unknown>\n#12 0x55af6445ac4c <unknown>\n#13 0x55af64451136 <unknown>\n#14 0x55af6441f9cf <unknown>\n#15 0x55af64474b98 <unknown>\n#16 0x55af64474d68 <unknown>\n#17 0x55af64483cb3 <unknown>\n#18 0x7f7a31b22b43 <unknown>","time":{"start":1693702029465,"stop":1693702034617,"duration":5152}}]},"tags":[]},"source":"d950a9b0e254cbda.json","parameterValues":[]}