{"uid":"990de34703036137","name":"TC 17.01.25 Verify error on resetting My Password with empty email","fullName":"tests.test_forgot_your_password.TestForgotYourPasswordFunctionality#test_17_01_25_error_if_reset_my_password_with_empty_email","historyId":"3fc451d87c8653c0431c5bf955165f1b","time":{"start":1693788418446,"stop":1693788423626,"duration":5180},"description":"Check error message on attempt to reset password with empty email field","descriptionHtml":"<p>Check error message on attempt to reset password with empty email field</p>\n","status":"broken","statusMessage":"selenium.common.exceptions.TimeoutException: Message: \nStacktrace:\n#0 0x55efb545de23 <unknown>\n#1 0x55efb51867a7 <unknown>\n#2 0x55efb51c51d3 <unknown>\n#3 0x55efb51c52c1 <unknown>\n#4 0x55efb5200a04 <unknown>\n#5 0x55efb51e603d <unknown>\n#6 0x55efb51fe369 <unknown>\n#7 0x55efb51e5de3 <unknown>\n#8 0x55efb51b9a7b <unknown>\n#9 0x55efb51ba81e <unknown>\n#10 0x55efb541f638 <unknown>\n#11 0x55efb5423507 <unknown>\n#12 0x55efb542dc4c <unknown>\n#13 0x55efb5424136 <unknown>\n#14 0x55efb53f29cf <unknown>\n#15 0x55efb5447b98 <unknown>\n#16 0x55efb5447d68 <unknown>\n#17 0x55efb5456cb3 <unknown>\n#18 0x7f9b3c085b43 <unknown>","statusTrace":"self = <test_forgot_your_password.TestForgotYourPasswordFunctionality object at 0x7f0ad51f40d0>\ndriver = <selenium.webdriver.chrome.webdriver.WebDriver (session=\"a640592cc35951d654b228b6f08a59e6\")>\nforgot_psw_page = <pages.forgot_your_password_page.ForgotYourPasswordPage object at 0x7f0ad4fbbe10>\n\n    @allure.title('TC 17.01.25 Verify error on resetting My Password with empty email')\n    def test_17_01_25_error_if_reset_my_password_with_empty_email(self, driver, forgot_psw_page):\n        \"\"\"Check error message on attempt to reset password with empty email field\"\"\"\n>       forgot_psw_page.fill_in_forgot_psw_captcha_field(captcha)\n\ntests/test_forgot_your_password.py:196: \n_ _ _ _ _ _ _ _ _ _ _ _ _ _ _ _ _ _ _ _ _ _ _ _ _ _ _ _ _ _ _ _ _ _ _ _ _ _ _ _ \npages/forgot_your_password_page.py:84: in fill_in_forgot_psw_captcha_field\n    return self.fill_in_field(self.check_forgot_psw_captcha_field_is_clickable(), text)\npages/forgot_your_password_page.py:59: in check_forgot_psw_captcha_field_is_clickable\n    return self.element_is_clickable(self.locators.FORGOT_YOUR_PASSWORD_CAPTCHA)\npages/base_page.py:80: in element_is_clickable\n    return wait(self.driver, timeout).until(EC.element_to_be_clickable(locator))\n_ _ _ _ _ _ _ _ _ _ _ _ _ _ _ _ _ _ _ _ _ _ _ _ _ _ _ _ _ _ _ _ _ _ _ _ _ _ _ _ \n\nself = <selenium.webdriver.support.wait.WebDriverWait (session=\"a640592cc35951d654b228b6f08a59e6\")>\nmethod = <function element_to_be_clickable.<locals>._predicate at 0x7f0ad4a358a0>\nmessage = ''\n\n    def until(self, method, message: str = \"\"):\n        \"\"\"Calls the method provided with the driver as an argument until the \\\n        return value does not evaluate to ``False``.\n    \n        :param method: callable(WebDriver)\n        :param message: optional message for :exc:`TimeoutException`\n        :returns: the result of the last call to `method`\n        :raises: :exc:`selenium.common.exceptions.TimeoutException` if timeout occurs\n        \"\"\"\n        screen = None\n        stacktrace = None\n    \n        end_time = time.monotonic() + self._timeout\n        while True:\n            try:\n                value = method(self._driver)\n                if value:\n                    return value\n            except self._ignored_exceptions as exc:\n                screen = getattr(exc, \"screen\", None)\n                stacktrace = getattr(exc, \"stacktrace\", None)\n            time.sleep(self._poll)\n            if time.monotonic() > end_time:\n                break\n>       raise TimeoutException(message, screen, stacktrace)\nE       selenium.common.exceptions.TimeoutException: Message: \nE       Stacktrace:\nE       #0 0x55efb545de23 <unknown>\nE       #1 0x55efb51867a7 <unknown>\nE       #2 0x55efb51c51d3 <unknown>\nE       #3 0x55efb51c52c1 <unknown>\nE       #4 0x55efb5200a04 <unknown>\nE       #5 0x55efb51e603d <unknown>\nE       #6 0x55efb51fe369 <unknown>\nE       #7 0x55efb51e5de3 <unknown>\nE       #8 0x55efb51b9a7b <unknown>\nE       #9 0x55efb51ba81e <unknown>\nE       #10 0x55efb541f638 <unknown>\nE       #11 0x55efb5423507 <unknown>\nE       #12 0x55efb542dc4c <unknown>\nE       #13 0x55efb5424136 <unknown>\nE       #14 0x55efb53f29cf <unknown>\nE       #15 0x55efb5447b98 <unknown>\nE       #16 0x55efb5447d68 <unknown>\nE       #17 0x55efb5456cb3 <unknown>\nE       #18 0x7f9b3c085b43 <unknown>\n\n/opt/hostedtoolcache/Python/3.11.4/x64/lib/python3.11/site-packages/selenium/webdriver/support/wait.py:95: TimeoutException","flaky":false,"newFailed":false,"newBroken":false,"newPassed":false,"retriesCount":0,"retriesStatusChange":false,"beforeStages":[{"name":"_session_faker","time":{"start":1693787955570,"stop":1693787955680,"duration":110},"status":"passed","steps":[],"attachments":[],"parameters":[],"shouldDisplayMessage":false,"stepsCount":0,"attachmentsCount":0,"hasContent":false},{"name":"clear_allure_result_folder","time":{"start":1693787955680,"stop":1693787955681,"duration":1},"status":"passed","steps":[],"attachments":[],"parameters":[],"shouldDisplayMessage":false,"stepsCount":0,"attachmentsCount":0,"hasContent":false},{"name":"driver","time":{"start":1693788416100,"stop":1693788417268,"duration":1168},"status":"passed","steps":[],"attachments":[],"parameters":[],"shouldDisplayMessage":false,"stepsCount":0,"attachmentsCount":0,"hasContent":false},{"name":"forgot_psw_page","time":{"start":1693788417268,"stop":1693788418445,"duration":1177},"status":"passed","steps":[{"name":"Open a browser","time":{"start":1693788417268,"stop":1693788418445,"duration":1177},"status":"passed","steps":[],"attachments":[],"parameters":[],"shouldDisplayMessage":false,"stepsCount":0,"attachmentsCount":0,"hasContent":false}],"attachments":[],"parameters":[],"shouldDisplayMessage":false,"stepsCount":1,"attachmentsCount":0,"hasContent":true}],"testStage":{"description":"Check error message on attempt to reset password with empty email field","status":"broken","statusMessage":"selenium.common.exceptions.TimeoutException: Message: \nStacktrace:\n#0 0x55efb545de23 <unknown>\n#1 0x55efb51867a7 <unknown>\n#2 0x55efb51c51d3 <unknown>\n#3 0x55efb51c52c1 <unknown>\n#4 0x55efb5200a04 <unknown>\n#5 0x55efb51e603d <unknown>\n#6 0x55efb51fe369 <unknown>\n#7 0x55efb51e5de3 <unknown>\n#8 0x55efb51b9a7b <unknown>\n#9 0x55efb51ba81e <unknown>\n#10 0x55efb541f638 <unknown>\n#11 0x55efb5423507 <unknown>\n#12 0x55efb542dc4c <unknown>\n#13 0x55efb5424136 <unknown>\n#14 0x55efb53f29cf <unknown>\n#15 0x55efb5447b98 <unknown>\n#16 0x55efb5447d68 <unknown>\n#17 0x55efb5456cb3 <unknown>\n#18 0x7f9b3c085b43 <unknown>","statusTrace":"self = <test_forgot_your_password.TestForgotYourPasswordFunctionality object at 0x7f0ad51f40d0>\ndriver = <selenium.webdriver.chrome.webdriver.WebDriver (session=\"a640592cc35951d654b228b6f08a59e6\")>\nforgot_psw_page = <pages.forgot_your_password_page.ForgotYourPasswordPage object at 0x7f0ad4fbbe10>\n\n    @allure.title('TC 17.01.25 Verify error on resetting My Password with empty email')\n    def test_17_01_25_error_if_reset_my_password_with_empty_email(self, driver, forgot_psw_page):\n        \"\"\"Check error message on attempt to reset password with empty email field\"\"\"\n>       forgot_psw_page.fill_in_forgot_psw_captcha_field(captcha)\n\ntests/test_forgot_your_password.py:196: \n_ _ _ _ _ _ _ _ _ _ _ _ _ _ _ _ _ _ _ _ _ _ _ _ _ _ _ _ _ _ _ _ _ _ _ _ _ _ _ _ \npages/forgot_your_password_page.py:84: in fill_in_forgot_psw_captcha_field\n    return self.fill_in_field(self.check_forgot_psw_captcha_field_is_clickable(), text)\npages/forgot_your_password_page.py:59: in check_forgot_psw_captcha_field_is_clickable\n    return self.element_is_clickable(self.locators.FORGOT_YOUR_PASSWORD_CAPTCHA)\npages/base_page.py:80: in element_is_clickable\n    return wait(self.driver, timeout).until(EC.element_to_be_clickable(locator))\n_ _ _ _ _ _ _ _ _ _ _ _ _ _ _ _ _ _ _ _ _ _ _ _ _ _ _ _ _ _ _ _ _ _ _ _ _ _ _ _ \n\nself = <selenium.webdriver.support.wait.WebDriverWait (session=\"a640592cc35951d654b228b6f08a59e6\")>\nmethod = <function element_to_be_clickable.<locals>._predicate at 0x7f0ad4a358a0>\nmessage = ''\n\n    def until(self, method, message: str = \"\"):\n        \"\"\"Calls the method provided with the driver as an argument until the \\\n        return value does not evaluate to ``False``.\n    \n        :param method: callable(WebDriver)\n        :param message: optional message for :exc:`TimeoutException`\n        :returns: the result of the last call to `method`\n        :raises: :exc:`selenium.common.exceptions.TimeoutException` if timeout occurs\n        \"\"\"\n        screen = None\n        stacktrace = None\n    \n        end_time = time.monotonic() + self._timeout\n        while True:\n            try:\n                value = method(self._driver)\n                if value:\n                    return value\n            except self._ignored_exceptions as exc:\n                screen = getattr(exc, \"screen\", None)\n                stacktrace = getattr(exc, \"stacktrace\", None)\n            time.sleep(self._poll)\n            if time.monotonic() > end_time:\n                break\n>       raise TimeoutException(message, screen, stacktrace)\nE       selenium.common.exceptions.TimeoutException: Message: \nE       Stacktrace:\nE       #0 0x55efb545de23 <unknown>\nE       #1 0x55efb51867a7 <unknown>\nE       #2 0x55efb51c51d3 <unknown>\nE       #3 0x55efb51c52c1 <unknown>\nE       #4 0x55efb5200a04 <unknown>\nE       #5 0x55efb51e603d <unknown>\nE       #6 0x55efb51fe369 <unknown>\nE       #7 0x55efb51e5de3 <unknown>\nE       #8 0x55efb51b9a7b <unknown>\nE       #9 0x55efb51ba81e <unknown>\nE       #10 0x55efb541f638 <unknown>\nE       #11 0x55efb5423507 <unknown>\nE       #12 0x55efb542dc4c <unknown>\nE       #13 0x55efb5424136 <unknown>\nE       #14 0x55efb53f29cf <unknown>\nE       #15 0x55efb5447b98 <unknown>\nE       #16 0x55efb5447d68 <unknown>\nE       #17 0x55efb5456cb3 <unknown>\nE       #18 0x7f9b3c085b43 <unknown>\n\n/opt/hostedtoolcache/Python/3.11.4/x64/lib/python3.11/site-packages/selenium/webdriver/support/wait.py:95: TimeoutException","steps":[{"name":"Fill in FYP Email field","time":{"start":1693788418446,"stop":1693788423625,"duration":5179},"status":"broken","statusMessage":"selenium.common.exceptions.TimeoutException: Message: \nStacktrace:\n#0 0x55efb545de23 <unknown>\n#1 0x55efb51867a7 <unknown>\n#2 0x55efb51c51d3 <unknown>\n#3 0x55efb51c52c1 <unknown>\n#4 0x55efb5200a04 <unknown>\n#5 0x55efb51e603d <unknown>\n#6 0x55efb51fe369 <unknown>\n#7 0x55efb51e5de3 <unknown>\n#8 0x55efb51b9a7b <unknown>\n#9 0x55efb51ba81e <unknown>\n#10 0x55efb541f638 <unknown>\n#11 0x55efb5423507 <unknown>\n#12 0x55efb542dc4c <unknown>\n#13 0x55efb5424136 <unknown>\n#14 0x55efb53f29cf <unknown>\n#15 0x55efb5447b98 <unknown>\n#16 0x55efb5447d68 <unknown>\n#17 0x55efb5456cb3 <unknown>\n#18 0x7f9b3c085b43 <unknown>\n\n","statusTrace":"  File \"/opt/hostedtoolcache/Python/3.11.4/x64/lib/python3.11/site-packages/allure_commons/_allure.py\", line 192, in impl\n    return func(*a, **kw)\n           ^^^^^^^^^^^^^^\n  File \"/home/runner/work/luma_project/luma_project/pages/forgot_your_password_page.py\", line 84, in fill_in_forgot_psw_captcha_field\n    return self.fill_in_field(self.check_forgot_psw_captcha_field_is_clickable(), text)\n                              ^^^^^^^^^^^^^^^^^^^^^^^^^^^^^^^^^^^^^^^^^^^^^^^^^^\n  File \"/opt/hostedtoolcache/Python/3.11.4/x64/lib/python3.11/site-packages/allure_commons/_allure.py\", line 192, in impl\n    return func(*a, **kw)\n           ^^^^^^^^^^^^^^\n  File \"/home/runner/work/luma_project/luma_project/pages/forgot_your_password_page.py\", line 59, in check_forgot_psw_captcha_field_is_clickable\n    return self.element_is_clickable(self.locators.FORGOT_YOUR_PASSWORD_CAPTCHA)\n           ^^^^^^^^^^^^^^^^^^^^^^^^^^^^^^^^^^^^^^^^^^^^^^^^^^^^^^^^^^^^^^^^^^^^^\n  File \"/opt/hostedtoolcache/Python/3.11.4/x64/lib/python3.11/site-packages/allure_commons/_allure.py\", line 192, in impl\n    return func(*a, **kw)\n           ^^^^^^^^^^^^^^\n  File \"/home/runner/work/luma_project/luma_project/pages/base_page.py\", line 80, in element_is_clickable\n    return wait(self.driver, timeout).until(EC.element_to_be_clickable(locator))\n           ^^^^^^^^^^^^^^^^^^^^^^^^^^^^^^^^^^^^^^^^^^^^^^^^^^^^^^^^^^^^^^^^^^^^^\n  File \"/opt/hostedtoolcache/Python/3.11.4/x64/lib/python3.11/site-packages/selenium/webdriver/support/wait.py\", line 95, in until\n    raise TimeoutException(message, screen, stacktrace)\n","steps":[{"name":"Check FYP captcha input field is clickable","time":{"start":1693788418446,"stop":1693788423625,"duration":5179},"status":"broken","statusMessage":"selenium.common.exceptions.TimeoutException: Message: \nStacktrace:\n#0 0x55efb545de23 <unknown>\n#1 0x55efb51867a7 <unknown>\n#2 0x55efb51c51d3 <unknown>\n#3 0x55efb51c52c1 <unknown>\n#4 0x55efb5200a04 <unknown>\n#5 0x55efb51e603d <unknown>\n#6 0x55efb51fe369 <unknown>\n#7 0x55efb51e5de3 <unknown>\n#8 0x55efb51b9a7b <unknown>\n#9 0x55efb51ba81e <unknown>\n#10 0x55efb541f638 <unknown>\n#11 0x55efb5423507 <unknown>\n#12 0x55efb542dc4c <unknown>\n#13 0x55efb5424136 <unknown>\n#14 0x55efb53f29cf <unknown>\n#15 0x55efb5447b98 <unknown>\n#16 0x55efb5447d68 <unknown>\n#17 0x55efb5456cb3 <unknown>\n#18 0x7f9b3c085b43 <unknown>\n\n","statusTrace":"  File \"/opt/hostedtoolcache/Python/3.11.4/x64/lib/python3.11/site-packages/allure_commons/_allure.py\", line 192, in impl\n    return func(*a, **kw)\n           ^^^^^^^^^^^^^^\n  File \"/home/runner/work/luma_project/luma_project/pages/forgot_your_password_page.py\", line 59, in check_forgot_psw_captcha_field_is_clickable\n    return self.element_is_clickable(self.locators.FORGOT_YOUR_PASSWORD_CAPTCHA)\n           ^^^^^^^^^^^^^^^^^^^^^^^^^^^^^^^^^^^^^^^^^^^^^^^^^^^^^^^^^^^^^^^^^^^^^\n  File \"/opt/hostedtoolcache/Python/3.11.4/x64/lib/python3.11/site-packages/allure_commons/_allure.py\", line 192, in impl\n    return func(*a, **kw)\n           ^^^^^^^^^^^^^^\n  File \"/home/runner/work/luma_project/luma_project/pages/base_page.py\", line 80, in element_is_clickable\n    return wait(self.driver, timeout).until(EC.element_to_be_clickable(locator))\n           ^^^^^^^^^^^^^^^^^^^^^^^^^^^^^^^^^^^^^^^^^^^^^^^^^^^^^^^^^^^^^^^^^^^^^\n  File \"/opt/hostedtoolcache/Python/3.11.4/x64/lib/python3.11/site-packages/selenium/webdriver/support/wait.py\", line 95, in until\n    raise TimeoutException(message, screen, stacktrace)\n","steps":[{"name":"Find clickable elements","time":{"start":1693788418446,"stop":1693788423624,"duration":5178},"status":"broken","statusMessage":"selenium.common.exceptions.TimeoutException: Message: \nStacktrace:\n#0 0x55efb545de23 <unknown>\n#1 0x55efb51867a7 <unknown>\n#2 0x55efb51c51d3 <unknown>\n#3 0x55efb51c52c1 <unknown>\n#4 0x55efb5200a04 <unknown>\n#5 0x55efb51e603d <unknown>\n#6 0x55efb51fe369 <unknown>\n#7 0x55efb51e5de3 <unknown>\n#8 0x55efb51b9a7b <unknown>\n#9 0x55efb51ba81e <unknown>\n#10 0x55efb541f638 <unknown>\n#11 0x55efb5423507 <unknown>\n#12 0x55efb542dc4c <unknown>\n#13 0x55efb5424136 <unknown>\n#14 0x55efb53f29cf <unknown>\n#15 0x55efb5447b98 <unknown>\n#16 0x55efb5447d68 <unknown>\n#17 0x55efb5456cb3 <unknown>\n#18 0x7f9b3c085b43 <unknown>\n\n","statusTrace":"  File \"/opt/hostedtoolcache/Python/3.11.4/x64/lib/python3.11/site-packages/allure_commons/_allure.py\", line 192, in impl\n    return func(*a, **kw)\n           ^^^^^^^^^^^^^^\n  File \"/home/runner/work/luma_project/luma_project/pages/base_page.py\", line 80, in element_is_clickable\n    return wait(self.driver, timeout).until(EC.element_to_be_clickable(locator))\n           ^^^^^^^^^^^^^^^^^^^^^^^^^^^^^^^^^^^^^^^^^^^^^^^^^^^^^^^^^^^^^^^^^^^^^\n  File \"/opt/hostedtoolcache/Python/3.11.4/x64/lib/python3.11/site-packages/selenium/webdriver/support/wait.py\", line 95, in until\n    raise TimeoutException(message, screen, stacktrace)\n","steps":[],"attachments":[],"parameters":[{"name":"locator","value":"('css selector', '#captcha_user_forgotpassword')"},{"name":"timeout","value":"5"}],"shouldDisplayMessage":true,"stepsCount":0,"attachmentsCount":0,"hasContent":true}],"attachments":[],"parameters":[],"shouldDisplayMessage":false,"stepsCount":1,"attachmentsCount":0,"hasContent":true}],"attachments":[],"parameters":[{"name":"text","value":"'n7Ci6N'"}],"shouldDisplayMessage":false,"stepsCount":2,"attachmentsCount":0,"hasContent":true}],"attachments":[{"uid":"645314deccbe86ee","name":"Screenshot","source":"645314deccbe86ee.png","type":"image/png","size":65941},{"uid":"4c129d897dedd3fc","name":"HTML source","source":"4c129d897dedd3fc.html","type":"text/html","size":77958}],"parameters":[],"shouldDisplayMessage":true,"stepsCount":3,"attachmentsCount":2,"hasContent":true},"afterStages":[{"name":"driver::0","time":{"start":1693788423834,"stop":1693788423899,"duration":65},"status":"passed","steps":[],"attachments":[],"parameters":[],"shouldDisplayMessage":false,"stepsCount":0,"attachmentsCount":0,"hasContent":false},{"name":"clear_allure_result_folder::0","time":{"start":1693789562772,"stop":1693789562772,"duration":0},"status":"passed","steps":[],"attachments":[],"parameters":[],"shouldDisplayMessage":false,"stepsCount":0,"attachmentsCount":0,"hasContent":false}],"labels":[{"name":"epic","value":"Forgot Your Password Functionality"},{"name":"parentSuite","value":"tests"},{"name":"suite","value":"test_forgot_your_password"},{"name":"subSuite","value":"TestForgotYourPasswordFunctionality"},{"name":"host","value":"fv-az791-153"},{"name":"thread","value":"2956-MainThread"},{"name":"framework","value":"pytest"},{"name":"language","value":"cpython3"},{"name":"package","value":"tests.test_forgot_your_password"},{"name":"resultFormat","value":"allure2"}],"parameters":[],"links":[],"hidden":false,"retry":false,"extra":{"severity":"normal","retries":[],"categories":[{"name":"Test defects","matchedStatuses":[],"flaky":false}],"history":{"statistic":{"failed":0,"broken":2,"skipped":0,"passed":0,"unknown":0,"total":2},"items":[{"uid":"1feb38eabc7d8bf4","reportUrl":"https://DionisIno.github.io/luma_project/101//#testresult/1feb38eabc7d8bf4","status":"broken","statusDetails":"selenium.common.exceptions.TimeoutException: Message: \nStacktrace:\n#0 0x561323345e23 <unknown>\n#1 0x56132306e7a7 <unknown>\n#2 0x5613230ad1d3 <unknown>\n#3 0x5613230ad2c1 <unknown>\n#4 0x5613230e8a04 <unknown>\n#5 0x5613230ce03d <unknown>\n#6 0x5613230e6369 <unknown>\n#7 0x5613230cdde3 <unknown>\n#8 0x5613230a1a7b <unknown>\n#9 0x5613230a281e <unknown>\n#10 0x561323307638 <unknown>\n#11 0x56132330b507 <unknown>\n#12 0x561323315c4c <unknown>\n#13 0x56132330c136 <unknown>\n#14 0x5613232da9cf <unknown>\n#15 0x56132332fb98 <unknown>\n#16 0x56132332fd68 <unknown>\n#17 0x56132333ecb3 <unknown>\n#18 0x7f58c9269b43 <unknown>","time":{"start":1693702110604,"stop":1693702115755,"duration":5151}}]},"tags":[]},"source":"990de34703036137.json","parameterValues":[]}