{"uid":"5073c35f6315099c","name":"Check the transition to the page my wish after clicking on the button. User is not authorized","fullName":"tests.test_main_page.TestHotSellerSection#test_06_01_17_check_the_transition_to_the_page_my_wish_after_click_on_the_button","historyId":"0a4f97c306f2cceb030ba035cd56202a","time":{"start":1692838169774,"stop":1692838181571,"duration":11797},"description":"\n            This test will check that after clicking on the add to wishlist button,\n            you are redirected to the My Wishlist page\n            User is not authorized\n            ","descriptionHtml":"<pre><code>        This test will check that after clicking on the add to wishlist button,\n        you are redirected to the My Wishlist page\n        User is not authorized\n</code></pre>\n","status":"skipped","statusMessage":"XFAIL In CI, there is no transition to the user registration page, so the test fails\n\nselenium.common.exceptions.TimeoutException: Message:","statusTrace":"self = <test_main_page.TestMainPage.TestHotSellerSection object at 0x7f331d39e5d0>\ndriver = <selenium.webdriver.chrome.webdriver.WebDriver (session=\"a8edcafec52575866c9ffe89d11674b0\")>\n\n    @pytest.mark.xfail(reason=\"In CI, there is no transition to the user registration page, so the test fails\")\n    @allure.title(\"Check the transition to the page my wish after clicking on the button. User is not authorized\")\n    def test_06_01_17_check_the_transition_to_the_page_my_wish_after_click_on_the_button(self, driver):\n        \"\"\"\n        This test will check that after clicking on the add to wishlist button,\n        you are redirected to the My Wishlist page\n        User is not authorized\n        \"\"\"\n        page = MainPage(driver, MAIN_PAGE_URL)\n        page.open()\n>       error_message_text = page.check_the_transition_to_the_page_my_wish_after_click_on_the_button()\n\ntests/test_main_page.py:108: \n_ _ _ _ _ _ _ _ _ _ _ _ _ _ _ _ _ _ _ _ _ _ _ _ _ _ _ _ _ _ _ _ _ _ _ _ _ _ _ _ \npages/main_page.py:137: in check_the_transition_to_the_page_my_wish_after_click_on_the_button\n    button = self.element_is_visible(self.locators.PRODUCT_CARD_BUTTONS[\"add_to_wish_list\"])\npages/base_page.py:30: in element_is_visible\n    return wait(self.driver, timeout).until(EC.visibility_of_element_located(locator))\n_ _ _ _ _ _ _ _ _ _ _ _ _ _ _ _ _ _ _ _ _ _ _ _ _ _ _ _ _ _ _ _ _ _ _ _ _ _ _ _ \n\nself = <selenium.webdriver.support.wait.WebDriverWait (session=\"a8edcafec52575866c9ffe89d11674b0\")>\nmethod = <function visibility_of_element_located.<locals>._predicate at 0x7f331e153380>\nmessage = ''\n\n    def until(self, method, message: str = \"\"):\n        \"\"\"Calls the method provided with the driver as an argument until the \\\n        return value does not evaluate to ``False``.\n    \n        :param method: callable(WebDriver)\n        :param message: optional message for :exc:`TimeoutException`\n        :returns: the result of the last call to `method`\n        :raises: :exc:`selenium.common.exceptions.TimeoutException` if timeout occurs\n        \"\"\"\n        screen = None\n        stacktrace = None\n    \n        end_time = time.monotonic() + self._timeout\n        while True:\n            try:\n                value = method(self._driver)\n                if value:\n                    return value\n            except self._ignored_exceptions as exc:\n                screen = getattr(exc, \"screen\", None)\n                stacktrace = getattr(exc, \"stacktrace\", None)\n            time.sleep(self._poll)\n            if time.monotonic() > end_time:\n                break\n>       raise TimeoutException(message, screen, stacktrace)\nE       selenium.common.exceptions.TimeoutException: Message:\n\n/opt/hostedtoolcache/Python/3.11.4/x64/lib/python3.11/site-packages/selenium/webdriver/support/wait.py:95: TimeoutException","flaky":false,"newFailed":false,"newBroken":false,"newPassed":false,"retriesCount":0,"retriesStatusChange":false,"beforeStages":[{"name":"_session_faker","time":{"start":1692837425705,"stop":1692837425797,"duration":92},"status":"passed","steps":[],"attachments":[],"parameters":[],"stepsCount":0,"attachmentsCount":0,"shouldDisplayMessage":false,"hasContent":false},{"name":"clear_allure_result_folder","time":{"start":1692837425797,"stop":1692837425797,"duration":0},"status":"passed","steps":[],"attachments":[],"parameters":[],"stepsCount":0,"attachmentsCount":0,"shouldDisplayMessage":false,"hasContent":false},{"name":"driver","time":{"start":1692838168690,"stop":1692838169774,"duration":1084},"status":"passed","steps":[],"attachments":[],"parameters":[],"stepsCount":0,"attachmentsCount":0,"shouldDisplayMessage":false,"hasContent":false}],"testStage":{"description":"\n            This test will check that after clicking on the add to wishlist button,\n            you are redirected to the My Wishlist page\n            User is not authorized\n            ","status":"skipped","statusMessage":"XFAIL In CI, there is no transition to the user registration page, so the test fails\n\nselenium.common.exceptions.TimeoutException: Message:","statusTrace":"self = <test_main_page.TestMainPage.TestHotSellerSection object at 0x7f331d39e5d0>\ndriver = <selenium.webdriver.chrome.webdriver.WebDriver (session=\"a8edcafec52575866c9ffe89d11674b0\")>\n\n    @pytest.mark.xfail(reason=\"In CI, there is no transition to the user registration page, so the test fails\")\n    @allure.title(\"Check the transition to the page my wish after clicking on the button. User is not authorized\")\n    def test_06_01_17_check_the_transition_to_the_page_my_wish_after_click_on_the_button(self, driver):\n        \"\"\"\n        This test will check that after clicking on the add to wishlist button,\n        you are redirected to the My Wishlist page\n        User is not authorized\n        \"\"\"\n        page = MainPage(driver, MAIN_PAGE_URL)\n        page.open()\n>       error_message_text = page.check_the_transition_to_the_page_my_wish_after_click_on_the_button()\n\ntests/test_main_page.py:108: \n_ _ _ _ _ _ _ _ _ _ _ _ _ _ _ _ _ _ _ _ _ _ _ _ _ _ _ _ _ _ _ _ _ _ _ _ _ _ _ _ \npages/main_page.py:137: in check_the_transition_to_the_page_my_wish_after_click_on_the_button\n    button = self.element_is_visible(self.locators.PRODUCT_CARD_BUTTONS[\"add_to_wish_list\"])\npages/base_page.py:30: in element_is_visible\n    return wait(self.driver, timeout).until(EC.visibility_of_element_located(locator))\n_ _ _ _ _ _ _ _ _ _ _ _ _ _ _ _ _ _ _ _ _ _ _ _ _ _ _ _ _ _ _ _ _ _ _ _ _ _ _ _ \n\nself = <selenium.webdriver.support.wait.WebDriverWait (session=\"a8edcafec52575866c9ffe89d11674b0\")>\nmethod = <function visibility_of_element_located.<locals>._predicate at 0x7f331e153380>\nmessage = ''\n\n    def until(self, method, message: str = \"\"):\n        \"\"\"Calls the method provided with the driver as an argument until the \\\n        return value does not evaluate to ``False``.\n    \n        :param method: callable(WebDriver)\n        :param message: optional message for :exc:`TimeoutException`\n        :returns: the result of the last call to `method`\n        :raises: :exc:`selenium.common.exceptions.TimeoutException` if timeout occurs\n        \"\"\"\n        screen = None\n        stacktrace = None\n    \n        end_time = time.monotonic() + self._timeout\n        while True:\n            try:\n                value = method(self._driver)\n                if value:\n                    return value\n            except self._ignored_exceptions as exc:\n                screen = getattr(exc, \"screen\", None)\n                stacktrace = getattr(exc, \"stacktrace\", None)\n            time.sleep(self._poll)\n            if time.monotonic() > end_time:\n                break\n>       raise TimeoutException(message, screen, stacktrace)\nE       selenium.common.exceptions.TimeoutException: Message:\n\n/opt/hostedtoolcache/Python/3.11.4/x64/lib/python3.11/site-packages/selenium/webdriver/support/wait.py:95: TimeoutException","steps":[{"name":"Open a browser","time":{"start":1692838169774,"stop":1692838170752,"duration":978},"status":"passed","steps":[],"attachments":[],"parameters":[],"stepsCount":0,"attachmentsCount":0,"shouldDisplayMessage":false,"hasContent":false},{"name":"Check the transition to the page my desires when clicking on the button. User is not authorized","time":{"start":1692838170753,"stop":1692838181570,"duration":10817},"status":"broken","statusMessage":"selenium.common.exceptions.TimeoutException: Message: \n\n","statusTrace":"  File \"/opt/hostedtoolcache/Python/3.11.4/x64/lib/python3.11/site-packages/allure_commons/_allure.py\", line 192, in impl\n    return func(*a, **kw)\n           ^^^^^^^^^^^^^^\n  File \"/home/runner/work/luma_project/luma_project/pages/main_page.py\", line 137, in check_the_transition_to_the_page_my_wish_after_click_on_the_button\n    button = self.element_is_visible(self.locators.PRODUCT_CARD_BUTTONS[\"add_to_wish_list\"])\n             ^^^^^^^^^^^^^^^^^^^^^^^^^^^^^^^^^^^^^^^^^^^^^^^^^^^^^^^^^^^^^^^^^^^^^^^^^^^^^^^\n  File \"/opt/hostedtoolcache/Python/3.11.4/x64/lib/python3.11/site-packages/allure_commons/_allure.py\", line 192, in impl\n    return func(*a, **kw)\n           ^^^^^^^^^^^^^^\n  File \"/home/runner/work/luma_project/luma_project/pages/base_page.py\", line 30, in element_is_visible\n    return wait(self.driver, timeout).until(EC.visibility_of_element_located(locator))\n           ^^^^^^^^^^^^^^^^^^^^^^^^^^^^^^^^^^^^^^^^^^^^^^^^^^^^^^^^^^^^^^^^^^^^^^^^^^^\n  File \"/opt/hostedtoolcache/Python/3.11.4/x64/lib/python3.11/site-packages/selenium/webdriver/support/wait.py\", line 95, in until\n    raise TimeoutException(message, screen, stacktrace)\n","steps":[{"name":"Find a visible element","time":{"start":1692838170753,"stop":1692838170809,"duration":56},"status":"passed","steps":[{"name":"Find a present element","time":{"start":1692838170753,"stop":1692838170766,"duration":13},"status":"passed","steps":[],"attachments":[],"parameters":[{"name":"locator","value":"('css selector', \"li[class='product-item']:nth-child(5) div[class='product-item-info']\")"},{"name":"timeout","value":"5"}],"stepsCount":0,"attachmentsCount":0,"shouldDisplayMessage":false,"hasContent":true},{"name":"Go to specified element","time":{"start":1692838170766,"stop":1692838170778,"duration":12},"status":"passed","steps":[],"attachments":[],"parameters":[{"name":"element","value":"<selenium.webdriver.remote.webelement.WebElement (session=\"a8edcafec52575866c9ffe89d11674b0\", element=\"03853E2E89B14D9CF8E4AB38891116BA_element_28\")>"}],"stepsCount":0,"attachmentsCount":0,"shouldDisplayMessage":false,"hasContent":true}],"attachments":[],"parameters":[{"name":"locator","value":"('css selector', \"li[class='product-item']:nth-child(5) div[class='product-item-info']\")"},{"name":"timeout","value":"10"}],"stepsCount":2,"attachmentsCount":0,"shouldDisplayMessage":false,"hasContent":true},{"name":"Move cursor to element","time":{"start":1692838170809,"stop":1692838171082,"duration":273},"status":"passed","steps":[],"attachments":[],"parameters":[{"name":"element","value":"<selenium.webdriver.remote.webelement.WebElement (session=\"a8edcafec52575866c9ffe89d11674b0\", element=\"03853E2E89B14D9CF8E4AB38891116BA_element_28\")>"}],"stepsCount":0,"attachmentsCount":0,"shouldDisplayMessage":false,"hasContent":true},{"name":"Find a visible element","time":{"start":1692838171083,"stop":1692838181570,"duration":10487},"status":"broken","statusMessage":"selenium.common.exceptions.TimeoutException: Message: \n\n","statusTrace":"  File \"/opt/hostedtoolcache/Python/3.11.4/x64/lib/python3.11/site-packages/allure_commons/_allure.py\", line 192, in impl\n    return func(*a, **kw)\n           ^^^^^^^^^^^^^^\n  File \"/home/runner/work/luma_project/luma_project/pages/base_page.py\", line 30, in element_is_visible\n    return wait(self.driver, timeout).until(EC.visibility_of_element_located(locator))\n           ^^^^^^^^^^^^^^^^^^^^^^^^^^^^^^^^^^^^^^^^^^^^^^^^^^^^^^^^^^^^^^^^^^^^^^^^^^^\n  File \"/opt/hostedtoolcache/Python/3.11.4/x64/lib/python3.11/site-packages/selenium/webdriver/support/wait.py\", line 95, in until\n    raise TimeoutException(message, screen, stacktrace)\n","steps":[{"name":"Find a present element","time":{"start":1692838171083,"stop":1692838171149,"duration":66},"status":"passed","steps":[],"attachments":[],"parameters":[{"name":"locator","value":"('css selector', \"li[class='product-item']:nth-child(5) a[data-action='add-to-wishlist']\")"},{"name":"timeout","value":"5"}],"stepsCount":0,"attachmentsCount":0,"shouldDisplayMessage":false,"hasContent":true},{"name":"Go to specified element","time":{"start":1692838171149,"stop":1692838171216,"duration":67},"status":"passed","steps":[],"attachments":[],"parameters":[{"name":"element","value":"<selenium.webdriver.remote.webelement.WebElement (session=\"a8edcafec52575866c9ffe89d11674b0\", element=\"03853E2E89B14D9CF8E4AB38891116BA_element_29\")>"}],"stepsCount":0,"attachmentsCount":0,"shouldDisplayMessage":false,"hasContent":true}],"attachments":[],"parameters":[{"name":"locator","value":"('css selector', \"li[class='product-item']:nth-child(5) a[data-action='add-to-wishlist']\")"},{"name":"timeout","value":"10"}],"stepsCount":2,"attachmentsCount":0,"shouldDisplayMessage":true,"hasContent":true}],"attachments":[],"parameters":[],"stepsCount":7,"attachmentsCount":0,"shouldDisplayMessage":false,"hasContent":true}],"attachments":[{"uid":"9744f15f41bfa303","name":"Screenshot","source":"9744f15f41bfa303.png","type":"image/png","size":96617},{"uid":"13856343c3c22d23","name":"HTML source","source":"13856343c3c22d23.html","type":"text/html","size":115849}],"parameters":[],"stepsCount":9,"attachmentsCount":2,"shouldDisplayMessage":true,"hasContent":true},"afterStages":[{"name":"driver::0","time":{"start":1692838181753,"stop":1692838181819,"duration":66},"status":"passed","steps":[],"attachments":[],"parameters":[],"stepsCount":0,"attachmentsCount":0,"shouldDisplayMessage":false,"hasContent":false},{"name":"clear_allure_result_folder::0","time":{"start":1692838909729,"stop":1692838909729,"duration":0},"status":"passed","steps":[],"attachments":[],"parameters":[],"stepsCount":0,"attachmentsCount":0,"shouldDisplayMessage":false,"hasContent":false}],"labels":[{"name":"feature","value":"Testing Hot Seller Section"},{"name":"epic","value":"Main Page"},{"name":"tag","value":"@pytest.mark.xfail(reason='In CI, there is no transition to the user registration page, so the test fails')"},{"name":"parentSuite","value":"tests"},{"name":"suite","value":"test_main_page"},{"name":"subSuite","value":"TestMainPage"},{"name":"host","value":"fv-az617-616"},{"name":"thread","value":"2956-MainThread"},{"name":"framework","value":"pytest"},{"name":"language","value":"cpython3"},{"name":"package","value":"tests.test_main_page"},{"name":"resultFormat","value":"allure2"}],"parameters":[],"links":[],"hidden":false,"retry":false,"extra":{"severity":"normal","retries":[],"categories":[],"history":{"statistic":{"failed":0,"broken":0,"skipped":2,"passed":3,"unknown":0,"total":5},"items":[{"uid":"c78c494835fc7ac9","reportUrl":"https://DionisIno.github.io/luma_project/90//#testresult/c78c494835fc7ac9","status":"passed","statusDetails":"XPASS In CI, there is no transition to the user registration page, so the test fails","time":{"start":1692751758048,"stop":1692751761549,"duration":3501}},{"uid":"37186d6741aee93d","reportUrl":"https://DionisIno.github.io/luma_project/89//#testresult/37186d6741aee93d","status":"skipped","statusDetails":"XFAIL In CI, there is no transition to the user registration page, so the test fails\n\nselenium.common.exceptions.TimeoutException: Message:","time":{"start":1692665458005,"stop":1692665469954,"duration":11949}},{"uid":"7c72f516fbcf2fcd","reportUrl":"https://DionisIno.github.io/luma_project/88//#testresult/7c72f516fbcf2fcd","status":"passed","statusDetails":"XPASS In CI, there is no transition to the user registration page, so the test fails","time":{"start":1692579048799,"stop":1692579052439,"duration":3640}},{"uid":"60800bafd0b80de","reportUrl":"https://DionisIno.github.io/luma_project/87//#testresult/60800bafd0b80de","status":"passed","statusDetails":"XPASS In CI, there is no transition to the user registration page, so the test fails","time":{"start":1692492717556,"stop":1692492721642,"duration":4086}}]},"tags":["@pytest.mark.xfail(reason='In CI, there is no transition to the user registration page, so the test fails')"]},"source":"5073c35f6315099c.json","parameterValues":[]}