{"uid":"20e05dad71b35cc2","name":"TC 17.01.10 Verify FYP captcha input field is correct format and clickable","fullName":"tests.test_forgot_your_password.TestForgotYourPassword#test_17_01_10_captcha_field_is_correct_format_and_clickable","historyId":"893c24bbe020a69c355db37017ee26d2","time":{"start":1693702029465,"stop":1693702034617,"duration":5152},"description":"Check if the captcha input is of correct format (input-text) and clickable","descriptionHtml":"<p>Check if the captcha input is of correct format (input-text) and clickable</p>\n","status":"broken","statusMessage":"selenium.common.exceptions.TimeoutException: Message: \nStacktrace:\n#0 0x55af6448ae23 <unknown>\n#1 0x55af641b37a7 <unknown>\n#2 0x55af641f21d3 <unknown>\n#3 0x55af641f22c1 <unknown>\n#4 0x55af6422da04 <unknown>\n#5 0x55af6421303d <unknown>\n#6 0x55af6422b369 <unknown>\n#7 0x55af64212de3 <unknown>\n#8 0x55af641e6a7b <unknown>\n#9 0x55af641e781e <unknown>\n#10 0x55af6444c638 <unknown>\n#11 0x55af64450507 <unknown>\n#12 0x55af6445ac4c <unknown>\n#13 0x55af64451136 <unknown>\n#14 0x55af6441f9cf <unknown>\n#15 0x55af64474b98 <unknown>\n#16 0x55af64474d68 <unknown>\n#17 0x55af64483cb3 <unknown>\n#18 0x7f7a31b22b43 <unknown>","statusTrace":"self = <test_forgot_your_password.TestForgotYourPassword object at 0x7fe67fa235d0>\ndriver = <selenium.webdriver.chrome.webdriver.WebDriver (session=\"a72b6823dc81337b80938a12e95c6e29\")>\nforgot_psw_page = <pages.forgot_your_password_page.ForgotYourPasswordPage object at 0x7fe68171c110>\n\n    @allure.title('TC 17.01.10 Verify FYP captcha input field is correct format and clickable')\n    def test_17_01_10_captcha_field_is_correct_format_and_clickable(self, driver, forgot_psw_page):\n        \"\"\"Check if the captcha input is of correct format (input-text) and clickable\"\"\"\n>       captcha_input = forgot_psw_page.check_forgot_psw_captcha_field_is_clickable()\n\ntests/test_forgot_your_password.py:93: \n_ _ _ _ _ _ _ _ _ _ _ _ _ _ _ _ _ _ _ _ _ _ _ _ _ _ _ _ _ _ _ _ _ _ _ _ _ _ _ _ \npages/forgot_your_password_page.py:59: in check_forgot_psw_captcha_field_is_clickable\n    return self.element_is_clickable(self.locators.FORGOT_YOUR_PASSWORD_CAPTCHA)\npages/base_page.py:80: in element_is_clickable\n    return wait(self.driver, timeout).until(EC.element_to_be_clickable(locator))\n_ _ _ _ _ _ _ _ _ _ _ _ _ _ _ _ _ _ _ _ _ _ _ _ _ _ _ _ _ _ _ _ _ _ _ _ _ _ _ _ \n\nself = <selenium.webdriver.support.wait.WebDriverWait (session=\"a72b6823dc81337b80938a12e95c6e29\")>\nmethod = <function element_to_be_clickable.<locals>._predicate at 0x7fe68126a8e0>\nmessage = ''\n\n    def until(self, method, message: str = \"\"):\n        \"\"\"Calls the method provided with the driver as an argument until the \\\n        return value does not evaluate to ``False``.\n    \n        :param method: callable(WebDriver)\n        :param message: optional message for :exc:`TimeoutException`\n        :returns: the result of the last call to `method`\n        :raises: :exc:`selenium.common.exceptions.TimeoutException` if timeout occurs\n        \"\"\"\n        screen = None\n        stacktrace = None\n    \n        end_time = time.monotonic() + self._timeout\n        while True:\n            try:\n                value = method(self._driver)\n                if value:\n                    return value\n            except self._ignored_exceptions as exc:\n                screen = getattr(exc, \"screen\", None)\n                stacktrace = getattr(exc, \"stacktrace\", None)\n            time.sleep(self._poll)\n            if time.monotonic() > end_time:\n                break\n>       raise TimeoutException(message, screen, stacktrace)\nE       selenium.common.exceptions.TimeoutException: Message: \nE       Stacktrace:\nE       #0 0x55af6448ae23 <unknown>\nE       #1 0x55af641b37a7 <unknown>\nE       #2 0x55af641f21d3 <unknown>\nE       #3 0x55af641f22c1 <unknown>\nE       #4 0x55af6422da04 <unknown>\nE       #5 0x55af6421303d <unknown>\nE       #6 0x55af6422b369 <unknown>\nE       #7 0x55af64212de3 <unknown>\nE       #8 0x55af641e6a7b <unknown>\nE       #9 0x55af641e781e <unknown>\nE       #10 0x55af6444c638 <unknown>\nE       #11 0x55af64450507 <unknown>\nE       #12 0x55af6445ac4c <unknown>\nE       #13 0x55af64451136 <unknown>\nE       #14 0x55af6441f9cf <unknown>\nE       #15 0x55af64474b98 <unknown>\nE       #16 0x55af64474d68 <unknown>\nE       #17 0x55af64483cb3 <unknown>\nE       #18 0x7f7a31b22b43 <unknown>\n\n/opt/hostedtoolcache/Python/3.11.4/x64/lib/python3.11/site-packages/selenium/webdriver/support/wait.py:95: TimeoutException","flaky":false,"newFailed":false,"newBroken":false,"newPassed":false,"retriesCount":0,"retriesStatusChange":false,"beforeStages":[{"name":"_session_faker","time":{"start":1693701645996,"stop":1693701646098,"duration":102},"status":"passed","steps":[],"attachments":[],"parameters":[],"shouldDisplayMessage":false,"stepsCount":0,"attachmentsCount":0,"hasContent":false},{"name":"clear_allure_result_folder","time":{"start":1693701646098,"stop":1693701646099,"duration":1},"status":"passed","steps":[],"attachments":[],"parameters":[],"shouldDisplayMessage":false,"stepsCount":0,"attachmentsCount":0,"hasContent":false},{"name":"driver","time":{"start":1693702027297,"stop":1693702028359,"duration":1062},"status":"passed","steps":[],"attachments":[],"parameters":[],"shouldDisplayMessage":false,"stepsCount":0,"attachmentsCount":0,"hasContent":false},{"name":"forgot_psw_page","time":{"start":1693702028359,"stop":1693702029465,"duration":1106},"status":"passed","steps":[{"name":"Open a browser","time":{"start":1693702028359,"stop":1693702029465,"duration":1106},"status":"passed","steps":[],"attachments":[],"parameters":[],"shouldDisplayMessage":false,"stepsCount":0,"attachmentsCount":0,"hasContent":false}],"attachments":[],"parameters":[],"shouldDisplayMessage":false,"stepsCount":1,"attachmentsCount":0,"hasContent":true}],"testStage":{"description":"Check if the captcha input is of correct format (input-text) and clickable","status":"broken","statusMessage":"selenium.common.exceptions.TimeoutException: Message: \nStacktrace:\n#0 0x55af6448ae23 <unknown>\n#1 0x55af641b37a7 <unknown>\n#2 0x55af641f21d3 <unknown>\n#3 0x55af641f22c1 <unknown>\n#4 0x55af6422da04 <unknown>\n#5 0x55af6421303d <unknown>\n#6 0x55af6422b369 <unknown>\n#7 0x55af64212de3 <unknown>\n#8 0x55af641e6a7b <unknown>\n#9 0x55af641e781e <unknown>\n#10 0x55af6444c638 <unknown>\n#11 0x55af64450507 <unknown>\n#12 0x55af6445ac4c <unknown>\n#13 0x55af64451136 <unknown>\n#14 0x55af6441f9cf <unknown>\n#15 0x55af64474b98 <unknown>\n#16 0x55af64474d68 <unknown>\n#17 0x55af64483cb3 <unknown>\n#18 0x7f7a31b22b43 <unknown>","statusTrace":"self = <test_forgot_your_password.TestForgotYourPassword object at 0x7fe67fa235d0>\ndriver = <selenium.webdriver.chrome.webdriver.WebDriver (session=\"a72b6823dc81337b80938a12e95c6e29\")>\nforgot_psw_page = <pages.forgot_your_password_page.ForgotYourPasswordPage object at 0x7fe68171c110>\n\n    @allure.title('TC 17.01.10 Verify FYP captcha input field is correct format and clickable')\n    def test_17_01_10_captcha_field_is_correct_format_and_clickable(self, driver, forgot_psw_page):\n        \"\"\"Check if the captcha input is of correct format (input-text) and clickable\"\"\"\n>       captcha_input = forgot_psw_page.check_forgot_psw_captcha_field_is_clickable()\n\ntests/test_forgot_your_password.py:93: \n_ _ _ _ _ _ _ _ _ _ _ _ _ _ _ _ _ _ _ _ _ _ _ _ _ _ _ _ _ _ _ _ _ _ _ _ _ _ _ _ \npages/forgot_your_password_page.py:59: in check_forgot_psw_captcha_field_is_clickable\n    return self.element_is_clickable(self.locators.FORGOT_YOUR_PASSWORD_CAPTCHA)\npages/base_page.py:80: in element_is_clickable\n    return wait(self.driver, timeout).until(EC.element_to_be_clickable(locator))\n_ _ _ _ _ _ _ _ _ _ _ _ _ _ _ _ _ _ _ _ _ _ _ _ _ _ _ _ _ _ _ _ _ _ _ _ _ _ _ _ \n\nself = <selenium.webdriver.support.wait.WebDriverWait (session=\"a72b6823dc81337b80938a12e95c6e29\")>\nmethod = <function element_to_be_clickable.<locals>._predicate at 0x7fe68126a8e0>\nmessage = ''\n\n    def until(self, method, message: str = \"\"):\n        \"\"\"Calls the method provided with the driver as an argument until the \\\n        return value does not evaluate to ``False``.\n    \n        :param method: callable(WebDriver)\n        :param message: optional message for :exc:`TimeoutException`\n        :returns: the result of the last call to `method`\n        :raises: :exc:`selenium.common.exceptions.TimeoutException` if timeout occurs\n        \"\"\"\n        screen = None\n        stacktrace = None\n    \n        end_time = time.monotonic() + self._timeout\n        while True:\n            try:\n                value = method(self._driver)\n                if value:\n                    return value\n            except self._ignored_exceptions as exc:\n                screen = getattr(exc, \"screen\", None)\n                stacktrace = getattr(exc, \"stacktrace\", None)\n            time.sleep(self._poll)\n            if time.monotonic() > end_time:\n                break\n>       raise TimeoutException(message, screen, stacktrace)\nE       selenium.common.exceptions.TimeoutException: Message: \nE       Stacktrace:\nE       #0 0x55af6448ae23 <unknown>\nE       #1 0x55af641b37a7 <unknown>\nE       #2 0x55af641f21d3 <unknown>\nE       #3 0x55af641f22c1 <unknown>\nE       #4 0x55af6422da04 <unknown>\nE       #5 0x55af6421303d <unknown>\nE       #6 0x55af6422b369 <unknown>\nE       #7 0x55af64212de3 <unknown>\nE       #8 0x55af641e6a7b <unknown>\nE       #9 0x55af641e781e <unknown>\nE       #10 0x55af6444c638 <unknown>\nE       #11 0x55af64450507 <unknown>\nE       #12 0x55af6445ac4c <unknown>\nE       #13 0x55af64451136 <unknown>\nE       #14 0x55af6441f9cf <unknown>\nE       #15 0x55af64474b98 <unknown>\nE       #16 0x55af64474d68 <unknown>\nE       #17 0x55af64483cb3 <unknown>\nE       #18 0x7f7a31b22b43 <unknown>\n\n/opt/hostedtoolcache/Python/3.11.4/x64/lib/python3.11/site-packages/selenium/webdriver/support/wait.py:95: TimeoutException","steps":[{"name":"Check FYP captcha input field is clickable","time":{"start":1693702029465,"stop":1693702034617,"duration":5152},"status":"broken","statusMessage":"selenium.common.exceptions.TimeoutException: Message: \nStacktrace:\n#0 0x55af6448ae23 <unknown>\n#1 0x55af641b37a7 <unknown>\n#2 0x55af641f21d3 <unknown>\n#3 0x55af641f22c1 <unknown>\n#4 0x55af6422da04 <unknown>\n#5 0x55af6421303d <unknown>\n#6 0x55af6422b369 <unknown>\n#7 0x55af64212de3 <unknown>\n#8 0x55af641e6a7b <unknown>\n#9 0x55af641e781e <unknown>\n#10 0x55af6444c638 <unknown>\n#11 0x55af64450507 <unknown>\n#12 0x55af6445ac4c <unknown>\n#13 0x55af64451136 <unknown>\n#14 0x55af6441f9cf <unknown>\n#15 0x55af64474b98 <unknown>\n#16 0x55af64474d68 <unknown>\n#17 0x55af64483cb3 <unknown>\n#18 0x7f7a31b22b43 <unknown>\n\n","statusTrace":"  File \"/opt/hostedtoolcache/Python/3.11.4/x64/lib/python3.11/site-packages/allure_commons/_allure.py\", line 192, in impl\n    return func(*a, **kw)\n           ^^^^^^^^^^^^^^\n  File \"/home/runner/work/luma_project/luma_project/pages/forgot_your_password_page.py\", line 59, in check_forgot_psw_captcha_field_is_clickable\n    return self.element_is_clickable(self.locators.FORGOT_YOUR_PASSWORD_CAPTCHA)\n           ^^^^^^^^^^^^^^^^^^^^^^^^^^^^^^^^^^^^^^^^^^^^^^^^^^^^^^^^^^^^^^^^^^^^^\n  File \"/opt/hostedtoolcache/Python/3.11.4/x64/lib/python3.11/site-packages/allure_commons/_allure.py\", line 192, in impl\n    return func(*a, **kw)\n           ^^^^^^^^^^^^^^\n  File \"/home/runner/work/luma_project/luma_project/pages/base_page.py\", line 80, in element_is_clickable\n    return wait(self.driver, timeout).until(EC.element_to_be_clickable(locator))\n           ^^^^^^^^^^^^^^^^^^^^^^^^^^^^^^^^^^^^^^^^^^^^^^^^^^^^^^^^^^^^^^^^^^^^^\n  File \"/opt/hostedtoolcache/Python/3.11.4/x64/lib/python3.11/site-packages/selenium/webdriver/support/wait.py\", line 95, in until\n    raise TimeoutException(message, screen, stacktrace)\n","steps":[{"name":"Find clickable elements","time":{"start":1693702029466,"stop":1693702034616,"duration":5150},"status":"broken","statusMessage":"selenium.common.exceptions.TimeoutException: Message: \nStacktrace:\n#0 0x55af6448ae23 <unknown>\n#1 0x55af641b37a7 <unknown>\n#2 0x55af641f21d3 <unknown>\n#3 0x55af641f22c1 <unknown>\n#4 0x55af6422da04 <unknown>\n#5 0x55af6421303d <unknown>\n#6 0x55af6422b369 <unknown>\n#7 0x55af64212de3 <unknown>\n#8 0x55af641e6a7b <unknown>\n#9 0x55af641e781e <unknown>\n#10 0x55af6444c638 <unknown>\n#11 0x55af64450507 <unknown>\n#12 0x55af6445ac4c <unknown>\n#13 0x55af64451136 <unknown>\n#14 0x55af6441f9cf <unknown>\n#15 0x55af64474b98 <unknown>\n#16 0x55af64474d68 <unknown>\n#17 0x55af64483cb3 <unknown>\n#18 0x7f7a31b22b43 <unknown>\n\n","statusTrace":"  File \"/opt/hostedtoolcache/Python/3.11.4/x64/lib/python3.11/site-packages/allure_commons/_allure.py\", line 192, in impl\n    return func(*a, **kw)\n           ^^^^^^^^^^^^^^\n  File \"/home/runner/work/luma_project/luma_project/pages/base_page.py\", line 80, in element_is_clickable\n    return wait(self.driver, timeout).until(EC.element_to_be_clickable(locator))\n           ^^^^^^^^^^^^^^^^^^^^^^^^^^^^^^^^^^^^^^^^^^^^^^^^^^^^^^^^^^^^^^^^^^^^^\n  File \"/opt/hostedtoolcache/Python/3.11.4/x64/lib/python3.11/site-packages/selenium/webdriver/support/wait.py\", line 95, in until\n    raise TimeoutException(message, screen, stacktrace)\n","steps":[],"attachments":[],"parameters":[{"name":"locator","value":"('css selector', '#captcha_user_forgotpassword')"},{"name":"timeout","value":"5"}],"shouldDisplayMessage":true,"stepsCount":0,"attachmentsCount":0,"hasContent":true}],"attachments":[],"parameters":[],"shouldDisplayMessage":false,"stepsCount":1,"attachmentsCount":0,"hasContent":true}],"attachments":[{"uid":"12fa21c9f1083ab5","name":"Screenshot","source":"12fa21c9f1083ab5.png","type":"image/png","size":65941},{"uid":"54b128e49a5b2e13","name":"HTML source","source":"54b128e49a5b2e13.html","type":"text/html","size":78257}],"parameters":[],"shouldDisplayMessage":true,"stepsCount":2,"attachmentsCount":2,"hasContent":true},"afterStages":[{"name":"driver::0","time":{"start":1693702034796,"stop":1693702034861,"duration":65},"status":"passed","steps":[],"attachments":[],"parameters":[],"shouldDisplayMessage":false,"stepsCount":0,"attachmentsCount":0,"hasContent":false},{"name":"clear_allure_result_folder::0","time":{"start":1693703174514,"stop":1693703174514,"duration":0},"status":"passed","steps":[],"attachments":[],"parameters":[],"shouldDisplayMessage":false,"stepsCount":0,"attachmentsCount":0,"hasContent":false}],"labels":[{"name":"epic","value":"Forgot Your Password Page"},{"name":"parentSuite","value":"tests"},{"name":"suite","value":"test_forgot_your_password"},{"name":"subSuite","value":"TestForgotYourPassword"},{"name":"host","value":"fv-az749-611"},{"name":"thread","value":"2969-MainThread"},{"name":"framework","value":"pytest"},{"name":"language","value":"cpython3"},{"name":"package","value":"tests.test_forgot_your_password"},{"name":"resultFormat","value":"allure2"}],"parameters":[],"links":[],"hidden":false,"retry":false,"extra":{"severity":"normal","retries":[],"categories":[{"name":"Test defects","matchedStatuses":[],"flaky":false}],"tags":[]},"source":"20e05dad71b35cc2.json","parameterValues":[]}