{"uid":"abb870df3f320a85","name":"TC 04_01_09 Verify checkbox is present and unchecked","fullName":"tests.test_create_an_account.TestCreateAnAccount#test_04_01_09_sign_up_for_letters_checkbox","historyId":"642467d3c5da0c3e31a9a245e10a30c4","time":{"start":1692059883540,"stop":1692059888714,"duration":5174},"description":" Verify that checkbox is present and unchecked","descriptionHtml":"<p>Verify that checkbox is present and unchecked</p>\n","status":"broken","statusMessage":"selenium.common.exceptions.TimeoutException: Message: \nStacktrace:\n#0 0x56027fb98613 <unknown>\n#1 0x56027f8c4537 <unknown>\n#2 0x56027f902f53 <unknown>\n#3 0x56027f903041 <unknown>\n#4 0x56027f93e2a4 <unknown>\n#5 0x56027f923a5d <unknown>\n#6 0x56027f93bd09 <unknown>\n#7 0x56027f923803 <unknown>\n#8 0x56027f8f768b <unknown>\n#9 0x56027f8f842e <unknown>\n#10 0x56027fb59c28 <unknown>\n#11 0x56027fb5daf7 <unknown>\n#12 0x56027fb6801c <unknown>\n#13 0x56027fb5e723 <unknown>\n#14 0x56027fb2d457 <unknown>\n#15 0x56027fb82628 <unknown>\n#16 0x56027fb827b7 <unknown>\n#17 0x56027fb91483 <unknown>\n#18 0x7f61ef6b7b43 <unknown>","statusTrace":"self = <test_create_an_account.TestCreateAnAccount object at 0x7fa83da39ad0>\ncreate_account_page = <pages.create_an_account_page.CreateAccountPage object at 0x7fa83c636150>\n\n    @allure.title('TC 04_01_09 Verify checkbox is present and unchecked')\n    def test_04_01_09_sign_up_for_letters_checkbox(self, create_account_page):\n        \"\"\" Verify that checkbox is present and unchecked\"\"\"\n>       sign_up_checkbox = create_account_page.check_sign_up_checkbox_label()\n\ntests/test_create_an_account.py:79: \n_ _ _ _ _ _ _ _ _ _ _ _ _ _ _ _ _ _ _ _ _ _ _ _ _ _ _ _ _ _ _ _ _ _ _ _ _ _ _ _ \npages/create_an_account_page.py:224: in check_sign_up_checkbox_label\n    return self.element_is_visible(self.locators.SIGN_UP_CHECKBOX_LABEL)\npages/base_page.py:29: in element_is_visible\n    self.go_to_element(self.element_is_present(locator))\npages/base_page.py:50: in element_is_present\n    return wait(self.driver, timeout).until(EC.presence_of_element_located(locator))\n_ _ _ _ _ _ _ _ _ _ _ _ _ _ _ _ _ _ _ _ _ _ _ _ _ _ _ _ _ _ _ _ _ _ _ _ _ _ _ _ \n\nself = <selenium.webdriver.support.wait.WebDriverWait (session=\"5b8c08a071aca52af4507a7c70ad6c1d\")>\nmethod = <function presence_of_element_located.<locals>._predicate at 0x7fa83d529a80>\nmessage = ''\n\n    def until(self, method, message: str = \"\"):\n        \"\"\"Calls the method provided with the driver as an argument until the \\\n        return value does not evaluate to ``False``.\n    \n        :param method: callable(WebDriver)\n        :param message: optional message for :exc:`TimeoutException`\n        :returns: the result of the last call to `method`\n        :raises: :exc:`selenium.common.exceptions.TimeoutException` if timeout occurs\n        \"\"\"\n        screen = None\n        stacktrace = None\n    \n        end_time = time.monotonic() + self._timeout\n        while True:\n            try:\n                value = method(self._driver)\n                if value:\n                    return value\n            except self._ignored_exceptions as exc:\n                screen = getattr(exc, \"screen\", None)\n                stacktrace = getattr(exc, \"stacktrace\", None)\n            time.sleep(self._poll)\n            if time.monotonic() > end_time:\n                break\n>       raise TimeoutException(message, screen, stacktrace)\nE       selenium.common.exceptions.TimeoutException: Message: \nE       Stacktrace:\nE       #0 0x56027fb98613 <unknown>\nE       #1 0x56027f8c4537 <unknown>\nE       #2 0x56027f902f53 <unknown>\nE       #3 0x56027f903041 <unknown>\nE       #4 0x56027f93e2a4 <unknown>\nE       #5 0x56027f923a5d <unknown>\nE       #6 0x56027f93bd09 <unknown>\nE       #7 0x56027f923803 <unknown>\nE       #8 0x56027f8f768b <unknown>\nE       #9 0x56027f8f842e <unknown>\nE       #10 0x56027fb59c28 <unknown>\nE       #11 0x56027fb5daf7 <unknown>\nE       #12 0x56027fb6801c <unknown>\nE       #13 0x56027fb5e723 <unknown>\nE       #14 0x56027fb2d457 <unknown>\nE       #15 0x56027fb82628 <unknown>\nE       #16 0x56027fb827b7 <unknown>\nE       #17 0x56027fb91483 <unknown>\nE       #18 0x7f61ef6b7b43 <unknown>\n\n/opt/hostedtoolcache/Python/3.11.4/x64/lib/python3.11/site-packages/selenium/webdriver/support/wait.py:95: TimeoutException","flaky":false,"newFailed":false,"newBroken":false,"newPassed":false,"retriesCount":0,"retriesStatusChange":false,"beforeStages":[{"name":"_session_faker","time":{"start":1692059838984,"stop":1692059839081,"duration":97},"status":"passed","steps":[],"attachments":[],"parameters":[],"stepsCount":0,"attachmentsCount":0,"shouldDisplayMessage":false,"hasContent":false},{"name":"clear_allure_result_folder","time":{"start":1692059839081,"stop":1692059839081,"duration":0},"status":"passed","steps":[],"attachments":[],"parameters":[],"stepsCount":0,"attachmentsCount":0,"shouldDisplayMessage":false,"hasContent":false},{"name":"driver","time":{"start":1692059881312,"stop":1692059882396,"duration":1084},"status":"passed","steps":[],"attachments":[],"parameters":[],"stepsCount":0,"attachmentsCount":0,"shouldDisplayMessage":false,"hasContent":false},{"name":"create_account_page","time":{"start":1692059882396,"stop":1692059883540,"duration":1144},"status":"passed","steps":[{"name":"Open a browser","time":{"start":1692059882396,"stop":1692059883540,"duration":1144},"status":"passed","steps":[],"attachments":[],"parameters":[],"stepsCount":0,"attachmentsCount":0,"shouldDisplayMessage":false,"hasContent":false}],"attachments":[],"parameters":[],"stepsCount":1,"attachmentsCount":0,"shouldDisplayMessage":false,"hasContent":true}],"testStage":{"description":" Verify that checkbox is present and unchecked","status":"broken","statusMessage":"selenium.common.exceptions.TimeoutException: Message: \nStacktrace:\n#0 0x56027fb98613 <unknown>\n#1 0x56027f8c4537 <unknown>\n#2 0x56027f902f53 <unknown>\n#3 0x56027f903041 <unknown>\n#4 0x56027f93e2a4 <unknown>\n#5 0x56027f923a5d <unknown>\n#6 0x56027f93bd09 <unknown>\n#7 0x56027f923803 <unknown>\n#8 0x56027f8f768b <unknown>\n#9 0x56027f8f842e <unknown>\n#10 0x56027fb59c28 <unknown>\n#11 0x56027fb5daf7 <unknown>\n#12 0x56027fb6801c <unknown>\n#13 0x56027fb5e723 <unknown>\n#14 0x56027fb2d457 <unknown>\n#15 0x56027fb82628 <unknown>\n#16 0x56027fb827b7 <unknown>\n#17 0x56027fb91483 <unknown>\n#18 0x7f61ef6b7b43 <unknown>","statusTrace":"self = <test_create_an_account.TestCreateAnAccount object at 0x7fa83da39ad0>\ncreate_account_page = <pages.create_an_account_page.CreateAccountPage object at 0x7fa83c636150>\n\n    @allure.title('TC 04_01_09 Verify checkbox is present and unchecked')\n    def test_04_01_09_sign_up_for_letters_checkbox(self, create_account_page):\n        \"\"\" Verify that checkbox is present and unchecked\"\"\"\n>       sign_up_checkbox = create_account_page.check_sign_up_checkbox_label()\n\ntests/test_create_an_account.py:79: \n_ _ _ _ _ _ _ _ _ _ _ _ _ _ _ _ _ _ _ _ _ _ _ _ _ _ _ _ _ _ _ _ _ _ _ _ _ _ _ _ \npages/create_an_account_page.py:224: in check_sign_up_checkbox_label\n    return self.element_is_visible(self.locators.SIGN_UP_CHECKBOX_LABEL)\npages/base_page.py:29: in element_is_visible\n    self.go_to_element(self.element_is_present(locator))\npages/base_page.py:50: in element_is_present\n    return wait(self.driver, timeout).until(EC.presence_of_element_located(locator))\n_ _ _ _ _ _ _ _ _ _ _ _ _ _ _ _ _ _ _ _ _ _ _ _ _ _ _ _ _ _ _ _ _ _ _ _ _ _ _ _ \n\nself = <selenium.webdriver.support.wait.WebDriverWait (session=\"5b8c08a071aca52af4507a7c70ad6c1d\")>\nmethod = <function presence_of_element_located.<locals>._predicate at 0x7fa83d529a80>\nmessage = ''\n\n    def until(self, method, message: str = \"\"):\n        \"\"\"Calls the method provided with the driver as an argument until the \\\n        return value does not evaluate to ``False``.\n    \n        :param method: callable(WebDriver)\n        :param message: optional message for :exc:`TimeoutException`\n        :returns: the result of the last call to `method`\n        :raises: :exc:`selenium.common.exceptions.TimeoutException` if timeout occurs\n        \"\"\"\n        screen = None\n        stacktrace = None\n    \n        end_time = time.monotonic() + self._timeout\n        while True:\n            try:\n                value = method(self._driver)\n                if value:\n                    return value\n            except self._ignored_exceptions as exc:\n                screen = getattr(exc, \"screen\", None)\n                stacktrace = getattr(exc, \"stacktrace\", None)\n            time.sleep(self._poll)\n            if time.monotonic() > end_time:\n                break\n>       raise TimeoutException(message, screen, stacktrace)\nE       selenium.common.exceptions.TimeoutException: Message: \nE       Stacktrace:\nE       #0 0x56027fb98613 <unknown>\nE       #1 0x56027f8c4537 <unknown>\nE       #2 0x56027f902f53 <unknown>\nE       #3 0x56027f903041 <unknown>\nE       #4 0x56027f93e2a4 <unknown>\nE       #5 0x56027f923a5d <unknown>\nE       #6 0x56027f93bd09 <unknown>\nE       #7 0x56027f923803 <unknown>\nE       #8 0x56027f8f768b <unknown>\nE       #9 0x56027f8f842e <unknown>\nE       #10 0x56027fb59c28 <unknown>\nE       #11 0x56027fb5daf7 <unknown>\nE       #12 0x56027fb6801c <unknown>\nE       #13 0x56027fb5e723 <unknown>\nE       #14 0x56027fb2d457 <unknown>\nE       #15 0x56027fb82628 <unknown>\nE       #16 0x56027fb827b7 <unknown>\nE       #17 0x56027fb91483 <unknown>\nE       #18 0x7f61ef6b7b43 <unknown>\n\n/opt/hostedtoolcache/Python/3.11.4/x64/lib/python3.11/site-packages/selenium/webdriver/support/wait.py:95: TimeoutException","steps":[{"name":"Check Sign Up checkbox label is visible","time":{"start":1692059883540,"stop":1692059888713,"duration":5173},"status":"broken","statusMessage":"selenium.common.exceptions.TimeoutException: Message: \nStacktrace:\n#0 0x56027fb98613 <unknown>\n#1 0x56027f8c4537 <unknown>\n#2 0x56027f902f53 <unknown>\n#3 0x56027f903041 <unknown>\n#4 0x56027f93e2a4 <unknown>\n#5 0x56027f923a5d <unknown>\n#6 0x56027f93bd09 <unknown>\n#7 0x56027f923803 <unknown>\n#8 0x56027f8f768b <unknown>\n#9 0x56027f8f842e <unknown>\n#10 0x56027fb59c28 <unknown>\n#11 0x56027fb5daf7 <unknown>\n#12 0x56027fb6801c <unknown>\n#13 0x56027fb5e723 <unknown>\n#14 0x56027fb2d457 <unknown>\n#15 0x56027fb82628 <unknown>\n#16 0x56027fb827b7 <unknown>\n#17 0x56027fb91483 <unknown>\n#18 0x7f61ef6b7b43 <unknown>\n\n","statusTrace":"  File \"/opt/hostedtoolcache/Python/3.11.4/x64/lib/python3.11/site-packages/allure_commons/_allure.py\", line 192, in impl\n    return func(*a, **kw)\n           ^^^^^^^^^^^^^^\n  File \"/home/runner/work/luma_project/luma_project/pages/create_an_account_page.py\", line 224, in check_sign_up_checkbox_label\n    return self.element_is_visible(self.locators.SIGN_UP_CHECKBOX_LABEL)\n           ^^^^^^^^^^^^^^^^^^^^^^^^^^^^^^^^^^^^^^^^^^^^^^^^^^^^^^^^^^^^^\n  File \"/opt/hostedtoolcache/Python/3.11.4/x64/lib/python3.11/site-packages/allure_commons/_allure.py\", line 192, in impl\n    return func(*a, **kw)\n           ^^^^^^^^^^^^^^\n  File \"/home/runner/work/luma_project/luma_project/pages/base_page.py\", line 29, in element_is_visible\n    self.go_to_element(self.element_is_present(locator))\n                       ^^^^^^^^^^^^^^^^^^^^^^^^^^^^^^^^\n  File \"/opt/hostedtoolcache/Python/3.11.4/x64/lib/python3.11/site-packages/allure_commons/_allure.py\", line 192, in impl\n    return func(*a, **kw)\n           ^^^^^^^^^^^^^^\n  File \"/home/runner/work/luma_project/luma_project/pages/base_page.py\", line 50, in element_is_present\n    return wait(self.driver, timeout).until(EC.presence_of_element_located(locator))\n           ^^^^^^^^^^^^^^^^^^^^^^^^^^^^^^^^^^^^^^^^^^^^^^^^^^^^^^^^^^^^^^^^^^^^^^^^^\n  File \"/opt/hostedtoolcache/Python/3.11.4/x64/lib/python3.11/site-packages/selenium/webdriver/support/wait.py\", line 95, in until\n    raise TimeoutException(message, screen, stacktrace)\n","steps":[{"name":"Find a visible element","time":{"start":1692059883540,"stop":1692059888712,"duration":5172},"status":"broken","statusMessage":"selenium.common.exceptions.TimeoutException: Message: \nStacktrace:\n#0 0x56027fb98613 <unknown>\n#1 0x56027f8c4537 <unknown>\n#2 0x56027f902f53 <unknown>\n#3 0x56027f903041 <unknown>\n#4 0x56027f93e2a4 <unknown>\n#5 0x56027f923a5d <unknown>\n#6 0x56027f93bd09 <unknown>\n#7 0x56027f923803 <unknown>\n#8 0x56027f8f768b <unknown>\n#9 0x56027f8f842e <unknown>\n#10 0x56027fb59c28 <unknown>\n#11 0x56027fb5daf7 <unknown>\n#12 0x56027fb6801c <unknown>\n#13 0x56027fb5e723 <unknown>\n#14 0x56027fb2d457 <unknown>\n#15 0x56027fb82628 <unknown>\n#16 0x56027fb827b7 <unknown>\n#17 0x56027fb91483 <unknown>\n#18 0x7f61ef6b7b43 <unknown>\n\n","statusTrace":"  File \"/opt/hostedtoolcache/Python/3.11.4/x64/lib/python3.11/site-packages/allure_commons/_allure.py\", line 192, in impl\n    return func(*a, **kw)\n           ^^^^^^^^^^^^^^\n  File \"/home/runner/work/luma_project/luma_project/pages/base_page.py\", line 29, in element_is_visible\n    self.go_to_element(self.element_is_present(locator))\n                       ^^^^^^^^^^^^^^^^^^^^^^^^^^^^^^^^\n  File \"/opt/hostedtoolcache/Python/3.11.4/x64/lib/python3.11/site-packages/allure_commons/_allure.py\", line 192, in impl\n    return func(*a, **kw)\n           ^^^^^^^^^^^^^^\n  File \"/home/runner/work/luma_project/luma_project/pages/base_page.py\", line 50, in element_is_present\n    return wait(self.driver, timeout).until(EC.presence_of_element_located(locator))\n           ^^^^^^^^^^^^^^^^^^^^^^^^^^^^^^^^^^^^^^^^^^^^^^^^^^^^^^^^^^^^^^^^^^^^^^^^^\n  File \"/opt/hostedtoolcache/Python/3.11.4/x64/lib/python3.11/site-packages/selenium/webdriver/support/wait.py\", line 95, in until\n    raise TimeoutException(message, screen, stacktrace)\n","steps":[{"name":"Find a present element","time":{"start":1692059883540,"stop":1692059888711,"duration":5171},"status":"broken","statusMessage":"selenium.common.exceptions.TimeoutException: Message: \nStacktrace:\n#0 0x56027fb98613 <unknown>\n#1 0x56027f8c4537 <unknown>\n#2 0x56027f902f53 <unknown>\n#3 0x56027f903041 <unknown>\n#4 0x56027f93e2a4 <unknown>\n#5 0x56027f923a5d <unknown>\n#6 0x56027f93bd09 <unknown>\n#7 0x56027f923803 <unknown>\n#8 0x56027f8f768b <unknown>\n#9 0x56027f8f842e <unknown>\n#10 0x56027fb59c28 <unknown>\n#11 0x56027fb5daf7 <unknown>\n#12 0x56027fb6801c <unknown>\n#13 0x56027fb5e723 <unknown>\n#14 0x56027fb2d457 <unknown>\n#15 0x56027fb82628 <unknown>\n#16 0x56027fb827b7 <unknown>\n#17 0x56027fb91483 <unknown>\n#18 0x7f61ef6b7b43 <unknown>\n\n","statusTrace":"  File \"/opt/hostedtoolcache/Python/3.11.4/x64/lib/python3.11/site-packages/allure_commons/_allure.py\", line 192, in impl\n    return func(*a, **kw)\n           ^^^^^^^^^^^^^^\n  File \"/home/runner/work/luma_project/luma_project/pages/base_page.py\", line 50, in element_is_present\n    return wait(self.driver, timeout).until(EC.presence_of_element_located(locator))\n           ^^^^^^^^^^^^^^^^^^^^^^^^^^^^^^^^^^^^^^^^^^^^^^^^^^^^^^^^^^^^^^^^^^^^^^^^^\n  File \"/opt/hostedtoolcache/Python/3.11.4/x64/lib/python3.11/site-packages/selenium/webdriver/support/wait.py\", line 95, in until\n    raise TimeoutException(message, screen, stacktrace)\n","steps":[],"attachments":[],"parameters":[{"name":"locator","value":"('css selector', \"label[for='is_subscribed']\")"},{"name":"timeout","value":"5"}],"stepsCount":0,"attachmentsCount":0,"shouldDisplayMessage":true,"hasContent":true}],"attachments":[],"parameters":[{"name":"locator","value":"('css selector', \"label[for='is_subscribed']\")"},{"name":"timeout","value":"10"}],"stepsCount":1,"attachmentsCount":0,"shouldDisplayMessage":false,"hasContent":true}],"attachments":[],"parameters":[],"stepsCount":2,"attachmentsCount":0,"shouldDisplayMessage":false,"hasContent":true}],"attachments":[{"uid":"10f71d0c73b66d66","name":"Screenshot","source":"10f71d0c73b66d66.png","type":"image/png","size":61840},{"uid":"93374a1791c39281","name":"HTML source","source":"93374a1791c39281.html","type":"text/html","size":81174}],"parameters":[],"stepsCount":3,"attachmentsCount":2,"shouldDisplayMessage":true,"hasContent":true},"afterStages":[{"name":"driver::0","time":{"start":1692059888946,"stop":1692059889013,"duration":67},"status":"passed","steps":[],"attachments":[],"parameters":[],"stepsCount":0,"attachmentsCount":0,"shouldDisplayMessage":false,"hasContent":false},{"name":"clear_allure_result_folder::0","time":{"start":1692061493376,"stop":1692061493377,"duration":1},"status":"passed","steps":[],"attachments":[],"parameters":[],"stepsCount":0,"attachmentsCount":0,"shouldDisplayMessage":false,"hasContent":false}],"labels":[{"name":"epic","value":"Create An Account"},{"name":"parentSuite","value":"tests"},{"name":"suite","value":"test_create_an_account"},{"name":"subSuite","value":"TestCreateAnAccount"},{"name":"host","value":"fv-az402-259"},{"name":"thread","value":"3232-MainThread"},{"name":"framework","value":"pytest"},{"name":"language","value":"cpython3"},{"name":"package","value":"tests.test_create_an_account"},{"name":"resultFormat","value":"allure2"}],"parameters":[],"links":[],"hidden":false,"retry":false,"extra":{"severity":"normal","retries":[],"categories":[{"name":"Test defects","matchedStatuses":[],"flaky":false}],"history":{"statistic":{"failed":0,"broken":3,"skipped":0,"passed":0,"unknown":0,"total":3},"items":[{"uid":"da36c18033617c51","reportUrl":"https://DionisIno.github.io/luma_project/81//#testresult/da36c18033617c51","status":"broken","statusDetails":"selenium.common.exceptions.TimeoutException: Message: \nStacktrace:\n#0 0x55adee1bb613 <unknown>\n#1 0x55adedee7537 <unknown>\n#2 0x55adedf25f53 <unknown>\n#3 0x55adedf26041 <unknown>\n#4 0x55adedf612a4 <unknown>\n#5 0x55adedf46a5d <unknown>\n#6 0x55adedf5ed09 <unknown>\n#7 0x55adedf46803 <unknown>\n#8 0x55adedf1a68b <unknown>\n#9 0x55adedf1b42e <unknown>\n#10 0x55adee17cc28 <unknown>\n#11 0x55adee180af7 <unknown>\n#12 0x55adee18b01c <unknown>\n#13 0x55adee181723 <unknown>\n#14 0x55adee150457 <unknown>\n#15 0x55adee1a5628 <unknown>\n#16 0x55adee1a57b7 <unknown>\n#17 0x55adee1b4483 <unknown>\n#18 0x7f844bf04b43 <unknown>","time":{"start":1691973525263,"stop":1691973530420,"duration":5157}},{"uid":"74192b9f3616f719","reportUrl":"https://DionisIno.github.io/luma_project/80//#testresult/74192b9f3616f719","status":"broken","statusDetails":"selenium.common.exceptions.TimeoutException: Message: \nStacktrace:\n#0 0x557545d25613 <unknown>\n#1 0x557545a51537 <unknown>\n#2 0x557545a8ff53 <unknown>\n#3 0x557545a90041 <unknown>\n#4 0x557545acb2a4 <unknown>\n#5 0x557545ab0a5d <unknown>\n#6 0x557545ac8d09 <unknown>\n#7 0x557545ab0803 <unknown>\n#8 0x557545a8468b <unknown>\n#9 0x557545a8542e <unknown>\n#10 0x557545ce6c28 <unknown>\n#11 0x557545ceaaf7 <unknown>\n#12 0x557545cf501c <unknown>\n#13 0x557545ceb723 <unknown>\n#14 0x557545cba457 <unknown>\n#15 0x557545d0f628 <unknown>\n#16 0x557545d0f7b7 <unknown>\n#17 0x557545d1e483 <unknown>\n#18 0x7f68dc603b43 <unknown>","time":{"start":1691887226982,"stop":1691887232177,"duration":5195}}]},"tags":[]},"source":"abb870df3f320a85.json","parameterValues":[]}