{"uid":"81ca04fbcd5eb191","name":"TC 04_01_09 Verify checkbox is present and unchecked","fullName":"tests.test_create_an_account.TestCreateAnAccount#test_04_01_09_sign_up_for_letters_checkbox","historyId":"642467d3c5da0c3e31a9a245e10a30c4","time":{"start":1690678136975,"stop":1690678142143,"duration":5168},"description":" Verify that checkbox is present and unchecked","descriptionHtml":"<p>Verify that checkbox is present and unchecked</p>\n","status":"broken","statusMessage":"selenium.common.exceptions.TimeoutException: Message: \nStacktrace:\n#0 0x55627bebc783 <unknown>\n#1 0x55627bbe8917 <unknown>\n#2 0x55627bc2731b <unknown>\n#3 0x55627bc27411 <unknown>\n#4 0x55627bc62674 <unknown>\n#5 0x55627bc47e2d <unknown>\n#6 0x55627bc600d9 <unknown>\n#7 0x55627bc47bd3 <unknown>\n#8 0x55627bc1ba7b <unknown>\n#9 0x55627bc1c81e <unknown>\n#10 0x55627be7de98 <unknown>\n#11 0x55627be81d67 <unknown>\n#12 0x55627be8c32c <unknown>\n#13 0x55627be82993 <unknown>\n#14 0x55627be51827 <unknown>\n#15 0x55627bea68a8 <unknown>\n#16 0x55627bea6a36 <unknown>\n#17 0x55627beb55f3 <unknown>\n#18 0x7f72ab798b43 <unknown>","statusTrace":"self = <test_create_an_account.TestCreateAnAccount object at 0x7f38643c9a50>\ncreate_account_page = <pages.create_an_account_page.CreateAccountPage object at 0x7f3863ff3b90>\n\n    @allure.title('TC 04_01_09 Verify checkbox is present and unchecked')\n    def test_04_01_09_sign_up_for_letters_checkbox(self, create_account_page):\n        \"\"\" Verify that checkbox is present and unchecked\"\"\"\n>       sign_up_checkbox = create_account_page.check_sign_up_checkbox_label()\n\ntests/test_create_an_account.py:79: \n_ _ _ _ _ _ _ _ _ _ _ _ _ _ _ _ _ _ _ _ _ _ _ _ _ _ _ _ _ _ _ _ _ _ _ _ _ _ _ _ \npages/create_an_account_page.py:224: in check_sign_up_checkbox_label\n    return self.element_is_visible(self.locators.SIGN_UP_CHECKBOX_LABEL)\npages/base_page.py:29: in element_is_visible\n    self.go_to_element(self.element_is_present(locator))\npages/base_page.py:50: in element_is_present\n    return wait(self.driver, timeout).until(EC.presence_of_element_located(locator))\n_ _ _ _ _ _ _ _ _ _ _ _ _ _ _ _ _ _ _ _ _ _ _ _ _ _ _ _ _ _ _ _ _ _ _ _ _ _ _ _ \n\nself = <selenium.webdriver.support.wait.WebDriverWait (session=\"7e1858e313fc209337db1741d5d64125\")>\nmethod = <function presence_of_element_located.<locals>._predicate at 0x7f3863fe79c0>\nmessage = ''\n\n    def until(self, method, message: str = \"\"):\n        \"\"\"Calls the method provided with the driver as an argument until the \\\n        return value does not evaluate to ``False``.\n    \n        :param method: callable(WebDriver)\n        :param message: optional message for :exc:`TimeoutException`\n        :returns: the result of the last call to `method`\n        :raises: :exc:`selenium.common.exceptions.TimeoutException` if timeout occurs\n        \"\"\"\n        screen = None\n        stacktrace = None\n    \n        end_time = time.monotonic() + self._timeout\n        while True:\n            try:\n                value = method(self._driver)\n                if value:\n                    return value\n            except self._ignored_exceptions as exc:\n                screen = getattr(exc, \"screen\", None)\n                stacktrace = getattr(exc, \"stacktrace\", None)\n            time.sleep(self._poll)\n            if time.monotonic() > end_time:\n                break\n>       raise TimeoutException(message, screen, stacktrace)\nE       selenium.common.exceptions.TimeoutException: Message: \nE       Stacktrace:\nE       #0 0x55627bebc783 <unknown>\nE       #1 0x55627bbe8917 <unknown>\nE       #2 0x55627bc2731b <unknown>\nE       #3 0x55627bc27411 <unknown>\nE       #4 0x55627bc62674 <unknown>\nE       #5 0x55627bc47e2d <unknown>\nE       #6 0x55627bc600d9 <unknown>\nE       #7 0x55627bc47bd3 <unknown>\nE       #8 0x55627bc1ba7b <unknown>\nE       #9 0x55627bc1c81e <unknown>\nE       #10 0x55627be7de98 <unknown>\nE       #11 0x55627be81d67 <unknown>\nE       #12 0x55627be8c32c <unknown>\nE       #13 0x55627be82993 <unknown>\nE       #14 0x55627be51827 <unknown>\nE       #15 0x55627bea68a8 <unknown>\nE       #16 0x55627bea6a36 <unknown>\nE       #17 0x55627beb55f3 <unknown>\nE       #18 0x7f72ab798b43 <unknown>\n\n/opt/hostedtoolcache/Python/3.11.4/x64/lib/python3.11/site-packages/selenium/webdriver/support/wait.py:95: TimeoutException","flaky":false,"newFailed":false,"newBroken":false,"newPassed":false,"retriesCount":0,"retriesStatusChange":false,"beforeStages":[{"name":"_session_faker","time":{"start":1690678107929,"stop":1690678108043,"duration":114},"status":"passed","steps":[],"attachments":[],"parameters":[],"stepsCount":0,"attachmentsCount":0,"shouldDisplayMessage":false,"hasContent":false},{"name":"clear_allure_result_folder","time":{"start":1690678108043,"stop":1690678108043,"duration":0},"status":"passed","steps":[],"attachments":[],"parameters":[],"stepsCount":0,"attachmentsCount":0,"shouldDisplayMessage":false,"hasContent":false},{"name":"driver","time":{"start":1690678134407,"stop":1690678135660,"duration":1253},"status":"passed","steps":[],"attachments":[],"parameters":[],"stepsCount":0,"attachmentsCount":0,"shouldDisplayMessage":false,"hasContent":false},{"name":"create_account_page","time":{"start":1690678135660,"stop":1690678136975,"duration":1315},"status":"passed","steps":[{"name":"Open a browser","time":{"start":1690678135660,"stop":1690678136975,"duration":1315},"status":"passed","steps":[],"attachments":[],"parameters":[],"stepsCount":0,"attachmentsCount":0,"shouldDisplayMessage":false,"hasContent":false}],"attachments":[],"parameters":[],"stepsCount":1,"attachmentsCount":0,"shouldDisplayMessage":false,"hasContent":true}],"testStage":{"description":" Verify that checkbox is present and unchecked","status":"broken","statusMessage":"selenium.common.exceptions.TimeoutException: Message: \nStacktrace:\n#0 0x55627bebc783 <unknown>\n#1 0x55627bbe8917 <unknown>\n#2 0x55627bc2731b <unknown>\n#3 0x55627bc27411 <unknown>\n#4 0x55627bc62674 <unknown>\n#5 0x55627bc47e2d <unknown>\n#6 0x55627bc600d9 <unknown>\n#7 0x55627bc47bd3 <unknown>\n#8 0x55627bc1ba7b <unknown>\n#9 0x55627bc1c81e <unknown>\n#10 0x55627be7de98 <unknown>\n#11 0x55627be81d67 <unknown>\n#12 0x55627be8c32c <unknown>\n#13 0x55627be82993 <unknown>\n#14 0x55627be51827 <unknown>\n#15 0x55627bea68a8 <unknown>\n#16 0x55627bea6a36 <unknown>\n#17 0x55627beb55f3 <unknown>\n#18 0x7f72ab798b43 <unknown>","statusTrace":"self = <test_create_an_account.TestCreateAnAccount object at 0x7f38643c9a50>\ncreate_account_page = <pages.create_an_account_page.CreateAccountPage object at 0x7f3863ff3b90>\n\n    @allure.title('TC 04_01_09 Verify checkbox is present and unchecked')\n    def test_04_01_09_sign_up_for_letters_checkbox(self, create_account_page):\n        \"\"\" Verify that checkbox is present and unchecked\"\"\"\n>       sign_up_checkbox = create_account_page.check_sign_up_checkbox_label()\n\ntests/test_create_an_account.py:79: \n_ _ _ _ _ _ _ _ _ _ _ _ _ _ _ _ _ _ _ _ _ _ _ _ _ _ _ _ _ _ _ _ _ _ _ _ _ _ _ _ \npages/create_an_account_page.py:224: in check_sign_up_checkbox_label\n    return self.element_is_visible(self.locators.SIGN_UP_CHECKBOX_LABEL)\npages/base_page.py:29: in element_is_visible\n    self.go_to_element(self.element_is_present(locator))\npages/base_page.py:50: in element_is_present\n    return wait(self.driver, timeout).until(EC.presence_of_element_located(locator))\n_ _ _ _ _ _ _ _ _ _ _ _ _ _ _ _ _ _ _ _ _ _ _ _ _ _ _ _ _ _ _ _ _ _ _ _ _ _ _ _ \n\nself = <selenium.webdriver.support.wait.WebDriverWait (session=\"7e1858e313fc209337db1741d5d64125\")>\nmethod = <function presence_of_element_located.<locals>._predicate at 0x7f3863fe79c0>\nmessage = ''\n\n    def until(self, method, message: str = \"\"):\n        \"\"\"Calls the method provided with the driver as an argument until the \\\n        return value does not evaluate to ``False``.\n    \n        :param method: callable(WebDriver)\n        :param message: optional message for :exc:`TimeoutException`\n        :returns: the result of the last call to `method`\n        :raises: :exc:`selenium.common.exceptions.TimeoutException` if timeout occurs\n        \"\"\"\n        screen = None\n        stacktrace = None\n    \n        end_time = time.monotonic() + self._timeout\n        while True:\n            try:\n                value = method(self._driver)\n                if value:\n                    return value\n            except self._ignored_exceptions as exc:\n                screen = getattr(exc, \"screen\", None)\n                stacktrace = getattr(exc, \"stacktrace\", None)\n            time.sleep(self._poll)\n            if time.monotonic() > end_time:\n                break\n>       raise TimeoutException(message, screen, stacktrace)\nE       selenium.common.exceptions.TimeoutException: Message: \nE       Stacktrace:\nE       #0 0x55627bebc783 <unknown>\nE       #1 0x55627bbe8917 <unknown>\nE       #2 0x55627bc2731b <unknown>\nE       #3 0x55627bc27411 <unknown>\nE       #4 0x55627bc62674 <unknown>\nE       #5 0x55627bc47e2d <unknown>\nE       #6 0x55627bc600d9 <unknown>\nE       #7 0x55627bc47bd3 <unknown>\nE       #8 0x55627bc1ba7b <unknown>\nE       #9 0x55627bc1c81e <unknown>\nE       #10 0x55627be7de98 <unknown>\nE       #11 0x55627be81d67 <unknown>\nE       #12 0x55627be8c32c <unknown>\nE       #13 0x55627be82993 <unknown>\nE       #14 0x55627be51827 <unknown>\nE       #15 0x55627bea68a8 <unknown>\nE       #16 0x55627bea6a36 <unknown>\nE       #17 0x55627beb55f3 <unknown>\nE       #18 0x7f72ab798b43 <unknown>\n\n/opt/hostedtoolcache/Python/3.11.4/x64/lib/python3.11/site-packages/selenium/webdriver/support/wait.py:95: TimeoutException","steps":[{"name":"Check Sign Up checkbox label is visible","time":{"start":1690678136975,"stop":1690678142142,"duration":5167},"status":"broken","statusMessage":"selenium.common.exceptions.TimeoutException: Message: \nStacktrace:\n#0 0x55627bebc783 <unknown>\n#1 0x55627bbe8917 <unknown>\n#2 0x55627bc2731b <unknown>\n#3 0x55627bc27411 <unknown>\n#4 0x55627bc62674 <unknown>\n#5 0x55627bc47e2d <unknown>\n#6 0x55627bc600d9 <unknown>\n#7 0x55627bc47bd3 <unknown>\n#8 0x55627bc1ba7b <unknown>\n#9 0x55627bc1c81e <unknown>\n#10 0x55627be7de98 <unknown>\n#11 0x55627be81d67 <unknown>\n#12 0x55627be8c32c <unknown>\n#13 0x55627be82993 <unknown>\n#14 0x55627be51827 <unknown>\n#15 0x55627bea68a8 <unknown>\n#16 0x55627bea6a36 <unknown>\n#17 0x55627beb55f3 <unknown>\n#18 0x7f72ab798b43 <unknown>\n\n","statusTrace":"  File \"/opt/hostedtoolcache/Python/3.11.4/x64/lib/python3.11/site-packages/allure_commons/_allure.py\", line 192, in impl\n    return func(*a, **kw)\n           ^^^^^^^^^^^^^^\n  File \"/home/runner/work/luma_project/luma_project/pages/create_an_account_page.py\", line 224, in check_sign_up_checkbox_label\n    return self.element_is_visible(self.locators.SIGN_UP_CHECKBOX_LABEL)\n           ^^^^^^^^^^^^^^^^^^^^^^^^^^^^^^^^^^^^^^^^^^^^^^^^^^^^^^^^^^^^^\n  File \"/opt/hostedtoolcache/Python/3.11.4/x64/lib/python3.11/site-packages/allure_commons/_allure.py\", line 192, in impl\n    return func(*a, **kw)\n           ^^^^^^^^^^^^^^\n  File \"/home/runner/work/luma_project/luma_project/pages/base_page.py\", line 29, in element_is_visible\n    self.go_to_element(self.element_is_present(locator))\n                       ^^^^^^^^^^^^^^^^^^^^^^^^^^^^^^^^\n  File \"/opt/hostedtoolcache/Python/3.11.4/x64/lib/python3.11/site-packages/allure_commons/_allure.py\", line 192, in impl\n    return func(*a, **kw)\n           ^^^^^^^^^^^^^^\n  File \"/home/runner/work/luma_project/luma_project/pages/base_page.py\", line 50, in element_is_present\n    return wait(self.driver, timeout).until(EC.presence_of_element_located(locator))\n           ^^^^^^^^^^^^^^^^^^^^^^^^^^^^^^^^^^^^^^^^^^^^^^^^^^^^^^^^^^^^^^^^^^^^^^^^^\n  File \"/opt/hostedtoolcache/Python/3.11.4/x64/lib/python3.11/site-packages/selenium/webdriver/support/wait.py\", line 95, in until\n    raise TimeoutException(message, screen, stacktrace)\n","steps":[{"name":"Find a visible element","time":{"start":1690678136975,"stop":1690678142141,"duration":5166},"status":"broken","statusMessage":"selenium.common.exceptions.TimeoutException: Message: \nStacktrace:\n#0 0x55627bebc783 <unknown>\n#1 0x55627bbe8917 <unknown>\n#2 0x55627bc2731b <unknown>\n#3 0x55627bc27411 <unknown>\n#4 0x55627bc62674 <unknown>\n#5 0x55627bc47e2d <unknown>\n#6 0x55627bc600d9 <unknown>\n#7 0x55627bc47bd3 <unknown>\n#8 0x55627bc1ba7b <unknown>\n#9 0x55627bc1c81e <unknown>\n#10 0x55627be7de98 <unknown>\n#11 0x55627be81d67 <unknown>\n#12 0x55627be8c32c <unknown>\n#13 0x55627be82993 <unknown>\n#14 0x55627be51827 <unknown>\n#15 0x55627bea68a8 <unknown>\n#16 0x55627bea6a36 <unknown>\n#17 0x55627beb55f3 <unknown>\n#18 0x7f72ab798b43 <unknown>\n\n","statusTrace":"  File \"/opt/hostedtoolcache/Python/3.11.4/x64/lib/python3.11/site-packages/allure_commons/_allure.py\", line 192, in impl\n    return func(*a, **kw)\n           ^^^^^^^^^^^^^^\n  File \"/home/runner/work/luma_project/luma_project/pages/base_page.py\", line 29, in element_is_visible\n    self.go_to_element(self.element_is_present(locator))\n                       ^^^^^^^^^^^^^^^^^^^^^^^^^^^^^^^^\n  File \"/opt/hostedtoolcache/Python/3.11.4/x64/lib/python3.11/site-packages/allure_commons/_allure.py\", line 192, in impl\n    return func(*a, **kw)\n           ^^^^^^^^^^^^^^\n  File \"/home/runner/work/luma_project/luma_project/pages/base_page.py\", line 50, in element_is_present\n    return wait(self.driver, timeout).until(EC.presence_of_element_located(locator))\n           ^^^^^^^^^^^^^^^^^^^^^^^^^^^^^^^^^^^^^^^^^^^^^^^^^^^^^^^^^^^^^^^^^^^^^^^^^\n  File \"/opt/hostedtoolcache/Python/3.11.4/x64/lib/python3.11/site-packages/selenium/webdriver/support/wait.py\", line 95, in until\n    raise TimeoutException(message, screen, stacktrace)\n","steps":[{"name":"Find a present element","time":{"start":1690678136976,"stop":1690678142140,"duration":5164},"status":"broken","statusMessage":"selenium.common.exceptions.TimeoutException: Message: \nStacktrace:\n#0 0x55627bebc783 <unknown>\n#1 0x55627bbe8917 <unknown>\n#2 0x55627bc2731b <unknown>\n#3 0x55627bc27411 <unknown>\n#4 0x55627bc62674 <unknown>\n#5 0x55627bc47e2d <unknown>\n#6 0x55627bc600d9 <unknown>\n#7 0x55627bc47bd3 <unknown>\n#8 0x55627bc1ba7b <unknown>\n#9 0x55627bc1c81e <unknown>\n#10 0x55627be7de98 <unknown>\n#11 0x55627be81d67 <unknown>\n#12 0x55627be8c32c <unknown>\n#13 0x55627be82993 <unknown>\n#14 0x55627be51827 <unknown>\n#15 0x55627bea68a8 <unknown>\n#16 0x55627bea6a36 <unknown>\n#17 0x55627beb55f3 <unknown>\n#18 0x7f72ab798b43 <unknown>\n\n","statusTrace":"  File \"/opt/hostedtoolcache/Python/3.11.4/x64/lib/python3.11/site-packages/allure_commons/_allure.py\", line 192, in impl\n    return func(*a, **kw)\n           ^^^^^^^^^^^^^^\n  File \"/home/runner/work/luma_project/luma_project/pages/base_page.py\", line 50, in element_is_present\n    return wait(self.driver, timeout).until(EC.presence_of_element_located(locator))\n           ^^^^^^^^^^^^^^^^^^^^^^^^^^^^^^^^^^^^^^^^^^^^^^^^^^^^^^^^^^^^^^^^^^^^^^^^^\n  File \"/opt/hostedtoolcache/Python/3.11.4/x64/lib/python3.11/site-packages/selenium/webdriver/support/wait.py\", line 95, in until\n    raise TimeoutException(message, screen, stacktrace)\n","steps":[],"attachments":[],"parameters":[{"name":"locator","value":"('css selector', \"label[for='is_subscribed']\")"},{"name":"timeout","value":"5"}],"stepsCount":0,"attachmentsCount":0,"shouldDisplayMessage":true,"hasContent":true}],"attachments":[],"parameters":[{"name":"locator","value":"('css selector', \"label[for='is_subscribed']\")"},{"name":"timeout","value":"10"}],"stepsCount":1,"attachmentsCount":0,"shouldDisplayMessage":false,"hasContent":true}],"attachments":[],"parameters":[],"stepsCount":2,"attachmentsCount":0,"shouldDisplayMessage":false,"hasContent":true}],"attachments":[{"uid":"f0c6de79b082a5f2","name":"Screenshot","source":"f0c6de79b082a5f2.png","type":"image/png","size":59662},{"uid":"f763700774a13b4e","name":"HTML source","source":"f763700774a13b4e.html","type":"text/html","size":79669}],"parameters":[],"stepsCount":3,"attachmentsCount":2,"shouldDisplayMessage":true,"hasContent":true},"afterStages":[{"name":"driver::0","time":{"start":1690678142375,"stop":1690678142441,"duration":66},"status":"passed","steps":[],"attachments":[],"parameters":[],"stepsCount":0,"attachmentsCount":0,"shouldDisplayMessage":false,"hasContent":false},{"name":"clear_allure_result_folder::0","time":{"start":1690679656788,"stop":1690679656788,"duration":0},"status":"passed","steps":[],"attachments":[],"parameters":[],"stepsCount":0,"attachmentsCount":0,"shouldDisplayMessage":false,"hasContent":false}],"labels":[{"name":"epic","value":"Create An Account"},{"name":"parentSuite","value":"tests"},{"name":"suite","value":"test_create_an_account"},{"name":"subSuite","value":"TestCreateAnAccount"},{"name":"host","value":"fv-az621-561"},{"name":"thread","value":"3450-MainThread"},{"name":"framework","value":"pytest"},{"name":"language","value":"cpython3"},{"name":"package","value":"tests.test_create_an_account"},{"name":"resultFormat","value":"allure2"}],"parameters":[],"links":[],"hidden":false,"retry":false,"extra":{"severity":"normal","retries":[],"categories":[{"name":"Test defects","matchedStatuses":[],"flaky":false}],"tags":[]},"source":"81ca04fbcd5eb191.json","parameterValues":[]}