{"uid":"1116db7860e3a888","name":"TC 17.01.10 Verify FYP captcha input field is correct format and clickable","fullName":"tests.test_forgot_your_password.TestForgotYourPassword#test_17_01_10_captcha_field_is_correct_format_and_clickable","historyId":"893c24bbe020a69c355db37017ee26d2","time":{"start":1691887570682,"stop":1691887575880,"duration":5198},"description":"Check if the captcha input is of correct format (input-text) and clickable","descriptionHtml":"<p>Check if the captcha input is of correct format (input-text) and clickable</p>\n","status":"broken","statusMessage":"selenium.common.exceptions.TimeoutException: Message: \nStacktrace:\n#0 0x557de1b15613 <unknown>\n#1 0x557de1841537 <unknown>\n#2 0x557de187ff53 <unknown>\n#3 0x557de1880041 <unknown>\n#4 0x557de18bb2a4 <unknown>\n#5 0x557de18a0a5d <unknown>\n#6 0x557de18b8d09 <unknown>\n#7 0x557de18a0803 <unknown>\n#8 0x557de187468b <unknown>\n#9 0x557de187542e <unknown>\n#10 0x557de1ad6c28 <unknown>\n#11 0x557de1adaaf7 <unknown>\n#12 0x557de1ae501c <unknown>\n#13 0x557de1adb723 <unknown>\n#14 0x557de1aaa457 <unknown>\n#15 0x557de1aff628 <unknown>\n#16 0x557de1aff7b7 <unknown>\n#17 0x557de1b0e483 <unknown>\n#18 0x7f896baaeb43 <unknown>","statusTrace":"self = <test_forgot_your_password.TestForgotYourPassword object at 0x7f9de2ddd1d0>\ndriver = <selenium.webdriver.chrome.webdriver.WebDriver (session=\"d6a0cd5e472881aa52299dbe8b909f56\")>\nforgot_psw_page = <pages.forgot_your_password_page.ForgotYourPasswordPage object at 0x7f9de3d83910>\n\n    @allure.title('TC 17.01.10 Verify FYP captcha input field is correct format and clickable')\n    def test_17_01_10_captcha_field_is_correct_format_and_clickable(self, driver, forgot_psw_page):\n        \"\"\"Check if the captcha input is of correct format (input-text) and clickable\"\"\"\n>       captcha_input = forgot_psw_page.check_forgot_psw_captcha_field_is_clickable()\n\ntests/test_forgot_your_password.py:93: \n_ _ _ _ _ _ _ _ _ _ _ _ _ _ _ _ _ _ _ _ _ _ _ _ _ _ _ _ _ _ _ _ _ _ _ _ _ _ _ _ \npages/forgot_your_password_page.py:59: in check_forgot_psw_captcha_field_is_clickable\n    return self.element_is_clickable(self.locators.FORGOT_YOUR_PASSWORD_CAPTCHA)\npages/base_page.py:80: in element_is_clickable\n    return wait(self.driver, timeout).until(EC.element_to_be_clickable(locator))\n_ _ _ _ _ _ _ _ _ _ _ _ _ _ _ _ _ _ _ _ _ _ _ _ _ _ _ _ _ _ _ _ _ _ _ _ _ _ _ _ \n\nself = <selenium.webdriver.support.wait.WebDriverWait (session=\"d6a0cd5e472881aa52299dbe8b909f56\")>\nmethod = <function element_to_be_clickable.<locals>._predicate at 0x7f9de1e45940>\nmessage = ''\n\n    def until(self, method, message: str = \"\"):\n        \"\"\"Calls the method provided with the driver as an argument until the \\\n        return value does not evaluate to ``False``.\n    \n        :param method: callable(WebDriver)\n        :param message: optional message for :exc:`TimeoutException`\n        :returns: the result of the last call to `method`\n        :raises: :exc:`selenium.common.exceptions.TimeoutException` if timeout occurs\n        \"\"\"\n        screen = None\n        stacktrace = None\n    \n        end_time = time.monotonic() + self._timeout\n        while True:\n            try:\n                value = method(self._driver)\n                if value:\n                    return value\n            except self._ignored_exceptions as exc:\n                screen = getattr(exc, \"screen\", None)\n                stacktrace = getattr(exc, \"stacktrace\", None)\n            time.sleep(self._poll)\n            if time.monotonic() > end_time:\n                break\n>       raise TimeoutException(message, screen, stacktrace)\nE       selenium.common.exceptions.TimeoutException: Message: \nE       Stacktrace:\nE       #0 0x557de1b15613 <unknown>\nE       #1 0x557de1841537 <unknown>\nE       #2 0x557de187ff53 <unknown>\nE       #3 0x557de1880041 <unknown>\nE       #4 0x557de18bb2a4 <unknown>\nE       #5 0x557de18a0a5d <unknown>\nE       #6 0x557de18b8d09 <unknown>\nE       #7 0x557de18a0803 <unknown>\nE       #8 0x557de187468b <unknown>\nE       #9 0x557de187542e <unknown>\nE       #10 0x557de1ad6c28 <unknown>\nE       #11 0x557de1adaaf7 <unknown>\nE       #12 0x557de1ae501c <unknown>\nE       #13 0x557de1adb723 <unknown>\nE       #14 0x557de1aaa457 <unknown>\nE       #15 0x557de1aff628 <unknown>\nE       #16 0x557de1aff7b7 <unknown>\nE       #17 0x557de1b0e483 <unknown>\nE       #18 0x7f896baaeb43 <unknown>\n\n/opt/hostedtoolcache/Python/3.11.4/x64/lib/python3.11/site-packages/selenium/webdriver/support/wait.py:95: TimeoutException","flaky":false,"newFailed":false,"newBroken":false,"newPassed":false,"retriesCount":0,"retriesStatusChange":false,"beforeStages":[{"name":"_session_faker","time":{"start":1691887170136,"stop":1691887170246,"duration":110},"status":"passed","steps":[],"attachments":[],"parameters":[],"stepsCount":0,"attachmentsCount":0,"shouldDisplayMessage":false,"hasContent":false},{"name":"clear_allure_result_folder","time":{"start":1691887170246,"stop":1691887170246,"duration":0},"status":"passed","steps":[],"attachments":[],"parameters":[],"stepsCount":0,"attachmentsCount":0,"shouldDisplayMessage":false,"hasContent":false},{"name":"driver","time":{"start":1691887568305,"stop":1691887569418,"duration":1113},"status":"passed","steps":[],"attachments":[],"parameters":[],"stepsCount":0,"attachmentsCount":0,"shouldDisplayMessage":false,"hasContent":false},{"name":"forgot_psw_page","time":{"start":1691887569418,"stop":1691887570682,"duration":1264},"status":"passed","steps":[{"name":"Open a browser","time":{"start":1691887569418,"stop":1691887570682,"duration":1264},"status":"passed","steps":[],"attachments":[],"parameters":[],"stepsCount":0,"attachmentsCount":0,"shouldDisplayMessage":false,"hasContent":false}],"attachments":[],"parameters":[],"stepsCount":1,"attachmentsCount":0,"shouldDisplayMessage":false,"hasContent":true}],"testStage":{"description":"Check if the captcha input is of correct format (input-text) and clickable","status":"broken","statusMessage":"selenium.common.exceptions.TimeoutException: Message: \nStacktrace:\n#0 0x557de1b15613 <unknown>\n#1 0x557de1841537 <unknown>\n#2 0x557de187ff53 <unknown>\n#3 0x557de1880041 <unknown>\n#4 0x557de18bb2a4 <unknown>\n#5 0x557de18a0a5d <unknown>\n#6 0x557de18b8d09 <unknown>\n#7 0x557de18a0803 <unknown>\n#8 0x557de187468b <unknown>\n#9 0x557de187542e <unknown>\n#10 0x557de1ad6c28 <unknown>\n#11 0x557de1adaaf7 <unknown>\n#12 0x557de1ae501c <unknown>\n#13 0x557de1adb723 <unknown>\n#14 0x557de1aaa457 <unknown>\n#15 0x557de1aff628 <unknown>\n#16 0x557de1aff7b7 <unknown>\n#17 0x557de1b0e483 <unknown>\n#18 0x7f896baaeb43 <unknown>","statusTrace":"self = <test_forgot_your_password.TestForgotYourPassword object at 0x7f9de2ddd1d0>\ndriver = <selenium.webdriver.chrome.webdriver.WebDriver (session=\"d6a0cd5e472881aa52299dbe8b909f56\")>\nforgot_psw_page = <pages.forgot_your_password_page.ForgotYourPasswordPage object at 0x7f9de3d83910>\n\n    @allure.title('TC 17.01.10 Verify FYP captcha input field is correct format and clickable')\n    def test_17_01_10_captcha_field_is_correct_format_and_clickable(self, driver, forgot_psw_page):\n        \"\"\"Check if the captcha input is of correct format (input-text) and clickable\"\"\"\n>       captcha_input = forgot_psw_page.check_forgot_psw_captcha_field_is_clickable()\n\ntests/test_forgot_your_password.py:93: \n_ _ _ _ _ _ _ _ _ _ _ _ _ _ _ _ _ _ _ _ _ _ _ _ _ _ _ _ _ _ _ _ _ _ _ _ _ _ _ _ \npages/forgot_your_password_page.py:59: in check_forgot_psw_captcha_field_is_clickable\n    return self.element_is_clickable(self.locators.FORGOT_YOUR_PASSWORD_CAPTCHA)\npages/base_page.py:80: in element_is_clickable\n    return wait(self.driver, timeout).until(EC.element_to_be_clickable(locator))\n_ _ _ _ _ _ _ _ _ _ _ _ _ _ _ _ _ _ _ _ _ _ _ _ _ _ _ _ _ _ _ _ _ _ _ _ _ _ _ _ \n\nself = <selenium.webdriver.support.wait.WebDriverWait (session=\"d6a0cd5e472881aa52299dbe8b909f56\")>\nmethod = <function element_to_be_clickable.<locals>._predicate at 0x7f9de1e45940>\nmessage = ''\n\n    def until(self, method, message: str = \"\"):\n        \"\"\"Calls the method provided with the driver as an argument until the \\\n        return value does not evaluate to ``False``.\n    \n        :param method: callable(WebDriver)\n        :param message: optional message for :exc:`TimeoutException`\n        :returns: the result of the last call to `method`\n        :raises: :exc:`selenium.common.exceptions.TimeoutException` if timeout occurs\n        \"\"\"\n        screen = None\n        stacktrace = None\n    \n        end_time = time.monotonic() + self._timeout\n        while True:\n            try:\n                value = method(self._driver)\n                if value:\n                    return value\n            except self._ignored_exceptions as exc:\n                screen = getattr(exc, \"screen\", None)\n                stacktrace = getattr(exc, \"stacktrace\", None)\n            time.sleep(self._poll)\n            if time.monotonic() > end_time:\n                break\n>       raise TimeoutException(message, screen, stacktrace)\nE       selenium.common.exceptions.TimeoutException: Message: \nE       Stacktrace:\nE       #0 0x557de1b15613 <unknown>\nE       #1 0x557de1841537 <unknown>\nE       #2 0x557de187ff53 <unknown>\nE       #3 0x557de1880041 <unknown>\nE       #4 0x557de18bb2a4 <unknown>\nE       #5 0x557de18a0a5d <unknown>\nE       #6 0x557de18b8d09 <unknown>\nE       #7 0x557de18a0803 <unknown>\nE       #8 0x557de187468b <unknown>\nE       #9 0x557de187542e <unknown>\nE       #10 0x557de1ad6c28 <unknown>\nE       #11 0x557de1adaaf7 <unknown>\nE       #12 0x557de1ae501c <unknown>\nE       #13 0x557de1adb723 <unknown>\nE       #14 0x557de1aaa457 <unknown>\nE       #15 0x557de1aff628 <unknown>\nE       #16 0x557de1aff7b7 <unknown>\nE       #17 0x557de1b0e483 <unknown>\nE       #18 0x7f896baaeb43 <unknown>\n\n/opt/hostedtoolcache/Python/3.11.4/x64/lib/python3.11/site-packages/selenium/webdriver/support/wait.py:95: TimeoutException","steps":[{"name":"Check FYP captcha input field is clickable","time":{"start":1691887570682,"stop":1691887575879,"duration":5197},"status":"broken","statusMessage":"selenium.common.exceptions.TimeoutException: Message: \nStacktrace:\n#0 0x557de1b15613 <unknown>\n#1 0x557de1841537 <unknown>\n#2 0x557de187ff53 <unknown>\n#3 0x557de1880041 <unknown>\n#4 0x557de18bb2a4 <unknown>\n#5 0x557de18a0a5d <unknown>\n#6 0x557de18b8d09 <unknown>\n#7 0x557de18a0803 <unknown>\n#8 0x557de187468b <unknown>\n#9 0x557de187542e <unknown>\n#10 0x557de1ad6c28 <unknown>\n#11 0x557de1adaaf7 <unknown>\n#12 0x557de1ae501c <unknown>\n#13 0x557de1adb723 <unknown>\n#14 0x557de1aaa457 <unknown>\n#15 0x557de1aff628 <unknown>\n#16 0x557de1aff7b7 <unknown>\n#17 0x557de1b0e483 <unknown>\n#18 0x7f896baaeb43 <unknown>\n\n","statusTrace":"  File \"/opt/hostedtoolcache/Python/3.11.4/x64/lib/python3.11/site-packages/allure_commons/_allure.py\", line 192, in impl\n    return func(*a, **kw)\n           ^^^^^^^^^^^^^^\n  File \"/home/runner/work/luma_project/luma_project/pages/forgot_your_password_page.py\", line 59, in check_forgot_psw_captcha_field_is_clickable\n    return self.element_is_clickable(self.locators.FORGOT_YOUR_PASSWORD_CAPTCHA)\n           ^^^^^^^^^^^^^^^^^^^^^^^^^^^^^^^^^^^^^^^^^^^^^^^^^^^^^^^^^^^^^^^^^^^^^\n  File \"/opt/hostedtoolcache/Python/3.11.4/x64/lib/python3.11/site-packages/allure_commons/_allure.py\", line 192, in impl\n    return func(*a, **kw)\n           ^^^^^^^^^^^^^^\n  File \"/home/runner/work/luma_project/luma_project/pages/base_page.py\", line 80, in element_is_clickable\n    return wait(self.driver, timeout).until(EC.element_to_be_clickable(locator))\n           ^^^^^^^^^^^^^^^^^^^^^^^^^^^^^^^^^^^^^^^^^^^^^^^^^^^^^^^^^^^^^^^^^^^^^\n  File \"/opt/hostedtoolcache/Python/3.11.4/x64/lib/python3.11/site-packages/selenium/webdriver/support/wait.py\", line 95, in until\n    raise TimeoutException(message, screen, stacktrace)\n","steps":[{"name":"Find clickable elements","time":{"start":1691887570683,"stop":1691887575879,"duration":5196},"status":"broken","statusMessage":"selenium.common.exceptions.TimeoutException: Message: \nStacktrace:\n#0 0x557de1b15613 <unknown>\n#1 0x557de1841537 <unknown>\n#2 0x557de187ff53 <unknown>\n#3 0x557de1880041 <unknown>\n#4 0x557de18bb2a4 <unknown>\n#5 0x557de18a0a5d <unknown>\n#6 0x557de18b8d09 <unknown>\n#7 0x557de18a0803 <unknown>\n#8 0x557de187468b <unknown>\n#9 0x557de187542e <unknown>\n#10 0x557de1ad6c28 <unknown>\n#11 0x557de1adaaf7 <unknown>\n#12 0x557de1ae501c <unknown>\n#13 0x557de1adb723 <unknown>\n#14 0x557de1aaa457 <unknown>\n#15 0x557de1aff628 <unknown>\n#16 0x557de1aff7b7 <unknown>\n#17 0x557de1b0e483 <unknown>\n#18 0x7f896baaeb43 <unknown>\n\n","statusTrace":"  File \"/opt/hostedtoolcache/Python/3.11.4/x64/lib/python3.11/site-packages/allure_commons/_allure.py\", line 192, in impl\n    return func(*a, **kw)\n           ^^^^^^^^^^^^^^\n  File \"/home/runner/work/luma_project/luma_project/pages/base_page.py\", line 80, in element_is_clickable\n    return wait(self.driver, timeout).until(EC.element_to_be_clickable(locator))\n           ^^^^^^^^^^^^^^^^^^^^^^^^^^^^^^^^^^^^^^^^^^^^^^^^^^^^^^^^^^^^^^^^^^^^^\n  File \"/opt/hostedtoolcache/Python/3.11.4/x64/lib/python3.11/site-packages/selenium/webdriver/support/wait.py\", line 95, in until\n    raise TimeoutException(message, screen, stacktrace)\n","steps":[],"attachments":[],"parameters":[{"name":"locator","value":"('css selector', '#captcha_user_forgotpassword')"},{"name":"timeout","value":"5"}],"stepsCount":0,"attachmentsCount":0,"shouldDisplayMessage":true,"hasContent":true}],"attachments":[],"parameters":[],"stepsCount":1,"attachmentsCount":0,"shouldDisplayMessage":false,"hasContent":true}],"attachments":[{"uid":"edab3d144ee2874d","name":"Screenshot","source":"edab3d144ee2874d.png","type":"image/png","size":65941},{"uid":"dec650078590941e","name":"HTML source","source":"dec650078590941e.html","type":"text/html","size":77914}],"parameters":[],"stepsCount":2,"attachmentsCount":2,"shouldDisplayMessage":true,"hasContent":true},"afterStages":[{"name":"driver::0","time":{"start":1691887576072,"stop":1691887576137,"duration":65},"status":"passed","steps":[],"attachments":[],"parameters":[],"stepsCount":0,"attachmentsCount":0,"shouldDisplayMessage":false,"hasContent":false},{"name":"clear_allure_result_folder::0","time":{"start":1691888796311,"stop":1691888796311,"duration":0},"status":"passed","steps":[],"attachments":[],"parameters":[],"stepsCount":0,"attachmentsCount":0,"shouldDisplayMessage":false,"hasContent":false}],"labels":[{"name":"epic","value":"Forgot Your Password Page"},{"name":"parentSuite","value":"tests"},{"name":"suite","value":"test_forgot_your_password"},{"name":"subSuite","value":"TestForgotYourPassword"},{"name":"host","value":"fv-az244-929"},{"name":"thread","value":"3303-MainThread"},{"name":"framework","value":"pytest"},{"name":"language","value":"cpython3"},{"name":"package","value":"tests.test_forgot_your_password"},{"name":"resultFormat","value":"allure2"}],"parameters":[],"links":[],"hidden":false,"retry":false,"extra":{"severity":"normal","retries":[],"categories":[{"name":"Test defects","matchedStatuses":[],"flaky":false}],"tags":[]},"source":"1116db7860e3a888.json","parameterValues":[]}