{"uid":"f8862a239e6e4e69","name":"TC 17.01.15 Verify Reload captcha button is clickable","fullName":"tests.test_forgot_your_password.TestForgotYourPassword#test_17_01_15_reload_captcha_is_clickable","historyId":"af56a4cf8ff8e384f30c040fdea3566a","time":{"start":1691887609496,"stop":1691887614687,"duration":5191},"description":"Check that the 'Reload captcha' button is clickable","descriptionHtml":"<p>Check that the 'Reload captcha' button is clickable</p>\n","status":"broken","statusMessage":"selenium.common.exceptions.TimeoutException: Message: \nStacktrace:\n#0 0x564e34f54613 <unknown>\n#1 0x564e34c80537 <unknown>\n#2 0x564e34cbef53 <unknown>\n#3 0x564e34cbf041 <unknown>\n#4 0x564e34cfa2a4 <unknown>\n#5 0x564e34cdfa5d <unknown>\n#6 0x564e34cf7d09 <unknown>\n#7 0x564e34cdf803 <unknown>\n#8 0x564e34cb368b <unknown>\n#9 0x564e34cb442e <unknown>\n#10 0x564e34f15c28 <unknown>\n#11 0x564e34f19af7 <unknown>\n#12 0x564e34f2401c <unknown>\n#13 0x564e34f1a723 <unknown>\n#14 0x564e34ee9457 <unknown>\n#15 0x564e34f3e628 <unknown>\n#16 0x564e34f3e7b7 <unknown>\n#17 0x564e34f4d483 <unknown>\n#18 0x7f2336e9eb43 <unknown>","statusTrace":"self = <test_forgot_your_password.TestForgotYourPassword object at 0x7f9de31c3b90>\ndriver = <selenium.webdriver.chrome.webdriver.WebDriver (session=\"e3be2a51759c5e1637e835559ae8d355\")>\nforgot_psw_page = <pages.forgot_your_password_page.ForgotYourPasswordPage object at 0x7f9de3db18d0>\n\n    @allure.title('TC 17.01.15 Verify Reload captcha button is clickable')\n    def test_17_01_15_reload_captcha_is_clickable(self, driver, forgot_psw_page):\n        \"\"\"Check that the 'Reload captcha' button is clickable\"\"\"\n>       reload_captcha_button = forgot_psw_page.check_reload_captcha_button_is_clickable()\n\ntests/test_forgot_your_password.py:134: \n_ _ _ _ _ _ _ _ _ _ _ _ _ _ _ _ _ _ _ _ _ _ _ _ _ _ _ _ _ _ _ _ _ _ _ _ _ _ _ _ \npages/forgot_your_password_page.py:99: in check_reload_captcha_button_is_clickable\n    return self.element_is_clickable(self.locators.RELOAD_CAPTCHA_BUTTON)\npages/base_page.py:80: in element_is_clickable\n    return wait(self.driver, timeout).until(EC.element_to_be_clickable(locator))\n_ _ _ _ _ _ _ _ _ _ _ _ _ _ _ _ _ _ _ _ _ _ _ _ _ _ _ _ _ _ _ _ _ _ _ _ _ _ _ _ \n\nself = <selenium.webdriver.support.wait.WebDriverWait (session=\"e3be2a51759c5e1637e835559ae8d355\")>\nmethod = <function element_to_be_clickable.<locals>._predicate at 0x7f9de1e46660>\nmessage = ''\n\n    def until(self, method, message: str = \"\"):\n        \"\"\"Calls the method provided with the driver as an argument until the \\\n        return value does not evaluate to ``False``.\n    \n        :param method: callable(WebDriver)\n        :param message: optional message for :exc:`TimeoutException`\n        :returns: the result of the last call to `method`\n        :raises: :exc:`selenium.common.exceptions.TimeoutException` if timeout occurs\n        \"\"\"\n        screen = None\n        stacktrace = None\n    \n        end_time = time.monotonic() + self._timeout\n        while True:\n            try:\n                value = method(self._driver)\n                if value:\n                    return value\n            except self._ignored_exceptions as exc:\n                screen = getattr(exc, \"screen\", None)\n                stacktrace = getattr(exc, \"stacktrace\", None)\n            time.sleep(self._poll)\n            if time.monotonic() > end_time:\n                break\n>       raise TimeoutException(message, screen, stacktrace)\nE       selenium.common.exceptions.TimeoutException: Message: \nE       Stacktrace:\nE       #0 0x564e34f54613 <unknown>\nE       #1 0x564e34c80537 <unknown>\nE       #2 0x564e34cbef53 <unknown>\nE       #3 0x564e34cbf041 <unknown>\nE       #4 0x564e34cfa2a4 <unknown>\nE       #5 0x564e34cdfa5d <unknown>\nE       #6 0x564e34cf7d09 <unknown>\nE       #7 0x564e34cdf803 <unknown>\nE       #8 0x564e34cb368b <unknown>\nE       #9 0x564e34cb442e <unknown>\nE       #10 0x564e34f15c28 <unknown>\nE       #11 0x564e34f19af7 <unknown>\nE       #12 0x564e34f2401c <unknown>\nE       #13 0x564e34f1a723 <unknown>\nE       #14 0x564e34ee9457 <unknown>\nE       #15 0x564e34f3e628 <unknown>\nE       #16 0x564e34f3e7b7 <unknown>\nE       #17 0x564e34f4d483 <unknown>\nE       #18 0x7f2336e9eb43 <unknown>\n\n/opt/hostedtoolcache/Python/3.11.4/x64/lib/python3.11/site-packages/selenium/webdriver/support/wait.py:95: TimeoutException","flaky":false,"newFailed":false,"newBroken":false,"newPassed":false,"retriesCount":0,"retriesStatusChange":false,"beforeStages":[{"name":"_session_faker","time":{"start":1691887170136,"stop":1691887170246,"duration":110},"status":"passed","steps":[],"attachments":[],"parameters":[],"stepsCount":0,"attachmentsCount":0,"shouldDisplayMessage":false,"hasContent":false},{"name":"clear_allure_result_folder","time":{"start":1691887170246,"stop":1691887170246,"duration":0},"status":"passed","steps":[],"attachments":[],"parameters":[],"stepsCount":0,"attachmentsCount":0,"shouldDisplayMessage":false,"hasContent":false},{"name":"driver","time":{"start":1691887607171,"stop":1691887608371,"duration":1200},"status":"passed","steps":[],"attachments":[],"parameters":[],"stepsCount":0,"attachmentsCount":0,"shouldDisplayMessage":false,"hasContent":false},{"name":"forgot_psw_page","time":{"start":1691887608372,"stop":1691887609495,"duration":1123},"status":"passed","steps":[{"name":"Open a browser","time":{"start":1691887608372,"stop":1691887609495,"duration":1123},"status":"passed","steps":[],"attachments":[],"parameters":[],"stepsCount":0,"attachmentsCount":0,"shouldDisplayMessage":false,"hasContent":false}],"attachments":[],"parameters":[],"stepsCount":1,"attachmentsCount":0,"shouldDisplayMessage":false,"hasContent":true}],"testStage":{"description":"Check that the 'Reload captcha' button is clickable","status":"broken","statusMessage":"selenium.common.exceptions.TimeoutException: Message: \nStacktrace:\n#0 0x564e34f54613 <unknown>\n#1 0x564e34c80537 <unknown>\n#2 0x564e34cbef53 <unknown>\n#3 0x564e34cbf041 <unknown>\n#4 0x564e34cfa2a4 <unknown>\n#5 0x564e34cdfa5d <unknown>\n#6 0x564e34cf7d09 <unknown>\n#7 0x564e34cdf803 <unknown>\n#8 0x564e34cb368b <unknown>\n#9 0x564e34cb442e <unknown>\n#10 0x564e34f15c28 <unknown>\n#11 0x564e34f19af7 <unknown>\n#12 0x564e34f2401c <unknown>\n#13 0x564e34f1a723 <unknown>\n#14 0x564e34ee9457 <unknown>\n#15 0x564e34f3e628 <unknown>\n#16 0x564e34f3e7b7 <unknown>\n#17 0x564e34f4d483 <unknown>\n#18 0x7f2336e9eb43 <unknown>","statusTrace":"self = <test_forgot_your_password.TestForgotYourPassword object at 0x7f9de31c3b90>\ndriver = <selenium.webdriver.chrome.webdriver.WebDriver (session=\"e3be2a51759c5e1637e835559ae8d355\")>\nforgot_psw_page = <pages.forgot_your_password_page.ForgotYourPasswordPage object at 0x7f9de3db18d0>\n\n    @allure.title('TC 17.01.15 Verify Reload captcha button is clickable')\n    def test_17_01_15_reload_captcha_is_clickable(self, driver, forgot_psw_page):\n        \"\"\"Check that the 'Reload captcha' button is clickable\"\"\"\n>       reload_captcha_button = forgot_psw_page.check_reload_captcha_button_is_clickable()\n\ntests/test_forgot_your_password.py:134: \n_ _ _ _ _ _ _ _ _ _ _ _ _ _ _ _ _ _ _ _ _ _ _ _ _ _ _ _ _ _ _ _ _ _ _ _ _ _ _ _ \npages/forgot_your_password_page.py:99: in check_reload_captcha_button_is_clickable\n    return self.element_is_clickable(self.locators.RELOAD_CAPTCHA_BUTTON)\npages/base_page.py:80: in element_is_clickable\n    return wait(self.driver, timeout).until(EC.element_to_be_clickable(locator))\n_ _ _ _ _ _ _ _ _ _ _ _ _ _ _ _ _ _ _ _ _ _ _ _ _ _ _ _ _ _ _ _ _ _ _ _ _ _ _ _ \n\nself = <selenium.webdriver.support.wait.WebDriverWait (session=\"e3be2a51759c5e1637e835559ae8d355\")>\nmethod = <function element_to_be_clickable.<locals>._predicate at 0x7f9de1e46660>\nmessage = ''\n\n    def until(self, method, message: str = \"\"):\n        \"\"\"Calls the method provided with the driver as an argument until the \\\n        return value does not evaluate to ``False``.\n    \n        :param method: callable(WebDriver)\n        :param message: optional message for :exc:`TimeoutException`\n        :returns: the result of the last call to `method`\n        :raises: :exc:`selenium.common.exceptions.TimeoutException` if timeout occurs\n        \"\"\"\n        screen = None\n        stacktrace = None\n    \n        end_time = time.monotonic() + self._timeout\n        while True:\n            try:\n                value = method(self._driver)\n                if value:\n                    return value\n            except self._ignored_exceptions as exc:\n                screen = getattr(exc, \"screen\", None)\n                stacktrace = getattr(exc, \"stacktrace\", None)\n            time.sleep(self._poll)\n            if time.monotonic() > end_time:\n                break\n>       raise TimeoutException(message, screen, stacktrace)\nE       selenium.common.exceptions.TimeoutException: Message: \nE       Stacktrace:\nE       #0 0x564e34f54613 <unknown>\nE       #1 0x564e34c80537 <unknown>\nE       #2 0x564e34cbef53 <unknown>\nE       #3 0x564e34cbf041 <unknown>\nE       #4 0x564e34cfa2a4 <unknown>\nE       #5 0x564e34cdfa5d <unknown>\nE       #6 0x564e34cf7d09 <unknown>\nE       #7 0x564e34cdf803 <unknown>\nE       #8 0x564e34cb368b <unknown>\nE       #9 0x564e34cb442e <unknown>\nE       #10 0x564e34f15c28 <unknown>\nE       #11 0x564e34f19af7 <unknown>\nE       #12 0x564e34f2401c <unknown>\nE       #13 0x564e34f1a723 <unknown>\nE       #14 0x564e34ee9457 <unknown>\nE       #15 0x564e34f3e628 <unknown>\nE       #16 0x564e34f3e7b7 <unknown>\nE       #17 0x564e34f4d483 <unknown>\nE       #18 0x7f2336e9eb43 <unknown>\n\n/opt/hostedtoolcache/Python/3.11.4/x64/lib/python3.11/site-packages/selenium/webdriver/support/wait.py:95: TimeoutException","steps":[{"name":"Check Reload captcha button is clickable","time":{"start":1691887609496,"stop":1691887614686,"duration":5190},"status":"broken","statusMessage":"selenium.common.exceptions.TimeoutException: Message: \nStacktrace:\n#0 0x564e34f54613 <unknown>\n#1 0x564e34c80537 <unknown>\n#2 0x564e34cbef53 <unknown>\n#3 0x564e34cbf041 <unknown>\n#4 0x564e34cfa2a4 <unknown>\n#5 0x564e34cdfa5d <unknown>\n#6 0x564e34cf7d09 <unknown>\n#7 0x564e34cdf803 <unknown>\n#8 0x564e34cb368b <unknown>\n#9 0x564e34cb442e <unknown>\n#10 0x564e34f15c28 <unknown>\n#11 0x564e34f19af7 <unknown>\n#12 0x564e34f2401c <unknown>\n#13 0x564e34f1a723 <unknown>\n#14 0x564e34ee9457 <unknown>\n#15 0x564e34f3e628 <unknown>\n#16 0x564e34f3e7b7 <unknown>\n#17 0x564e34f4d483 <unknown>\n#18 0x7f2336e9eb43 <unknown>\n\n","statusTrace":"  File \"/opt/hostedtoolcache/Python/3.11.4/x64/lib/python3.11/site-packages/allure_commons/_allure.py\", line 192, in impl\n    return func(*a, **kw)\n           ^^^^^^^^^^^^^^\n  File \"/home/runner/work/luma_project/luma_project/pages/forgot_your_password_page.py\", line 99, in check_reload_captcha_button_is_clickable\n    return self.element_is_clickable(self.locators.RELOAD_CAPTCHA_BUTTON)\n           ^^^^^^^^^^^^^^^^^^^^^^^^^^^^^^^^^^^^^^^^^^^^^^^^^^^^^^^^^^^^^^\n  File \"/opt/hostedtoolcache/Python/3.11.4/x64/lib/python3.11/site-packages/allure_commons/_allure.py\", line 192, in impl\n    return func(*a, **kw)\n           ^^^^^^^^^^^^^^\n  File \"/home/runner/work/luma_project/luma_project/pages/base_page.py\", line 80, in element_is_clickable\n    return wait(self.driver, timeout).until(EC.element_to_be_clickable(locator))\n           ^^^^^^^^^^^^^^^^^^^^^^^^^^^^^^^^^^^^^^^^^^^^^^^^^^^^^^^^^^^^^^^^^^^^^\n  File \"/opt/hostedtoolcache/Python/3.11.4/x64/lib/python3.11/site-packages/selenium/webdriver/support/wait.py\", line 95, in until\n    raise TimeoutException(message, screen, stacktrace)\n","steps":[{"name":"Find clickable elements","time":{"start":1691887609496,"stop":1691887614686,"duration":5190},"status":"broken","statusMessage":"selenium.common.exceptions.TimeoutException: Message: \nStacktrace:\n#0 0x564e34f54613 <unknown>\n#1 0x564e34c80537 <unknown>\n#2 0x564e34cbef53 <unknown>\n#3 0x564e34cbf041 <unknown>\n#4 0x564e34cfa2a4 <unknown>\n#5 0x564e34cdfa5d <unknown>\n#6 0x564e34cf7d09 <unknown>\n#7 0x564e34cdf803 <unknown>\n#8 0x564e34cb368b <unknown>\n#9 0x564e34cb442e <unknown>\n#10 0x564e34f15c28 <unknown>\n#11 0x564e34f19af7 <unknown>\n#12 0x564e34f2401c <unknown>\n#13 0x564e34f1a723 <unknown>\n#14 0x564e34ee9457 <unknown>\n#15 0x564e34f3e628 <unknown>\n#16 0x564e34f3e7b7 <unknown>\n#17 0x564e34f4d483 <unknown>\n#18 0x7f2336e9eb43 <unknown>\n\n","statusTrace":"  File \"/opt/hostedtoolcache/Python/3.11.4/x64/lib/python3.11/site-packages/allure_commons/_allure.py\", line 192, in impl\n    return func(*a, **kw)\n           ^^^^^^^^^^^^^^\n  File \"/home/runner/work/luma_project/luma_project/pages/base_page.py\", line 80, in element_is_clickable\n    return wait(self.driver, timeout).until(EC.element_to_be_clickable(locator))\n           ^^^^^^^^^^^^^^^^^^^^^^^^^^^^^^^^^^^^^^^^^^^^^^^^^^^^^^^^^^^^^^^^^^^^^\n  File \"/opt/hostedtoolcache/Python/3.11.4/x64/lib/python3.11/site-packages/selenium/webdriver/support/wait.py\", line 95, in until\n    raise TimeoutException(message, screen, stacktrace)\n","steps":[],"attachments":[],"parameters":[{"name":"locator","value":"('css selector', 'button[title = \"Reload captcha\"]')"},{"name":"timeout","value":"5"}],"stepsCount":0,"attachmentsCount":0,"shouldDisplayMessage":true,"hasContent":true}],"attachments":[],"parameters":[],"stepsCount":1,"attachmentsCount":0,"shouldDisplayMessage":false,"hasContent":true}],"attachments":[{"uid":"951a460cf3ed2d68","name":"Screenshot","source":"951a460cf3ed2d68.png","type":"image/png","size":65941},{"uid":"e75f0af16e2e7f55","name":"HTML source","source":"e75f0af16e2e7f55.html","type":"text/html","size":77914}],"parameters":[],"stepsCount":2,"attachmentsCount":2,"shouldDisplayMessage":true,"hasContent":true},"afterStages":[{"name":"driver::0","time":{"start":1691887614887,"stop":1691887614958,"duration":71},"status":"passed","steps":[],"attachments":[],"parameters":[],"stepsCount":0,"attachmentsCount":0,"shouldDisplayMessage":false,"hasContent":false},{"name":"clear_allure_result_folder::0","time":{"start":1691888796311,"stop":1691888796311,"duration":0},"status":"passed","steps":[],"attachments":[],"parameters":[],"stepsCount":0,"attachmentsCount":0,"shouldDisplayMessage":false,"hasContent":false}],"labels":[{"name":"epic","value":"Forgot Your Password Page"},{"name":"parentSuite","value":"tests"},{"name":"suite","value":"test_forgot_your_password"},{"name":"subSuite","value":"TestForgotYourPassword"},{"name":"host","value":"fv-az244-929"},{"name":"thread","value":"3303-MainThread"},{"name":"framework","value":"pytest"},{"name":"language","value":"cpython3"},{"name":"package","value":"tests.test_forgot_your_password"},{"name":"resultFormat","value":"allure2"}],"parameters":[],"links":[],"hidden":false,"retry":false,"extra":{"severity":"normal","retries":[],"categories":[{"name":"Test defects","matchedStatuses":[],"flaky":false}],"tags":[]},"source":"f8862a239e6e4e69.json","parameterValues":[]}