{"uid":"153301b771310d1d","name":"TC 04_02_09 Verify presence of weak password strength hint when password is less than 8 symbols","fullName":"tests.test_create_an_account.TestCreateAnAccount#test_04_02_09_weak_password_strength_hint","historyId":"962c33e7fc4fddab9f2bf1f0154fefd2","time":{"start":1688401891504,"stop":1688401896717,"duration":5213},"description":" Verify presence of Password Strength hint and warning color of weak password ","descriptionHtml":"<p>Verify presence of Password Strength hint and warning color of weak password</p>\n","status":"broken","statusMessage":"selenium.common.exceptions.TimeoutException: Message: \nStacktrace:\n#0 0x55cf7b7e14e3 <unknown>\n#1 0x55cf7b510c76 <unknown>\n#2 0x55cf7b54cc96 <unknown>\n#3 0x55cf7b54cdc1 <unknown>\n#4 0x55cf7b5867f4 <unknown>\n#5 0x55cf7b56c03d <unknown>\n#6 0x55cf7b58430e <unknown>\n#7 0x55cf7b56bde3 <unknown>\n#8 0x55cf7b5412dd <unknown>\n#9 0x55cf7b54234e <unknown>\n#10 0x55cf7b7a13e4 <unknown>\n#11 0x55cf7b7a53d7 <unknown>\n#12 0x55cf7b7afb20 <unknown>\n#13 0x55cf7b7a6023 <unknown>\n#14 0x55cf7b7741aa <unknown>\n#15 0x55cf7b7ca6b8 <unknown>\n#16 0x55cf7b7ca847 <unknown>\n#17 0x55cf7b7da243 <unknown>\n#18 0x7fdba45b9b43 <unknown>","statusTrace":"self = <test_create_an_account.TestCreateAnAccount object at 0x7f967c0663d0>\ncreate_account_page = <pages.create_an_account_page.CreateAccountPage object at 0x7f967a6e35d0>\nwait = <selenium.webdriver.support.wait.WebDriverWait (session=\"9b98c07bbef496988cb95ea0aedd582f\")>\n\n    @allure.title('TC 04_02_09 Verify presence of weak password strength hint when password is less than 8 symbols')\n    def test_04_02_09_weak_password_strength_hint(self, create_account_page, wait):\n        \"\"\" Verify presence of Password Strength hint and warning color of weak password \"\"\"\n        password_strength_hint_message, message_error, hex_color = \\\n>           create_account_page.check_password_strength_hint_with_weak_password()\n\ntests/test_create_an_account.py:230: \n_ _ _ _ _ _ _ _ _ _ _ _ _ _ _ _ _ _ _ _ _ _ _ _ _ _ _ _ _ _ _ _ _ _ _ _ _ _ _ _ \npages/create_an_account_page.py:264: in check_password_strength_hint_with_weak_password\n    message_error = self.check_message_password_error_hint()\npages/create_an_account_page.py:75: in check_message_password_error_hint\n    return self.element_is_visible(self.locators.MESSAGE_PASSWORD_ERROR)\npages/base_page.py:29: in element_is_visible\n    self.go_to_element(self.element_is_present(locator))\npages/base_page.py:50: in element_is_present\n    return wait(self.driver, timeout).until(EC.presence_of_element_located(locator))\n_ _ _ _ _ _ _ _ _ _ _ _ _ _ _ _ _ _ _ _ _ _ _ _ _ _ _ _ _ _ _ _ _ _ _ _ _ _ _ _ \n\nself = <selenium.webdriver.support.wait.WebDriverWait (session=\"9b98c07bbef496988cb95ea0aedd582f\")>\nmethod = <function presence_of_element_located.<locals>._predicate at 0x7f967bf35b20>\nmessage = ''\n\n    def until(self, method, message: str = \"\"):\n        \"\"\"Calls the method provided with the driver as an argument until the \\\n        return value does not evaluate to ``False``.\n    \n        :param method: callable(WebDriver)\n        :param message: optional message for :exc:`TimeoutException`\n        :returns: the result of the last call to `method`\n        :raises: :exc:`selenium.common.exceptions.TimeoutException` if timeout occurs\n        \"\"\"\n        screen = None\n        stacktrace = None\n    \n        end_time = time.monotonic() + self._timeout\n        while True:\n            try:\n                value = method(self._driver)\n                if value:\n                    return value\n            except self._ignored_exceptions as exc:\n                screen = getattr(exc, \"screen\", None)\n                stacktrace = getattr(exc, \"stacktrace\", None)\n            time.sleep(self._poll)\n            if time.monotonic() > end_time:\n                break\n>       raise TimeoutException(message, screen, stacktrace)\nE       selenium.common.exceptions.TimeoutException: Message: \nE       Stacktrace:\nE       #0 0x55cf7b7e14e3 <unknown>\nE       #1 0x55cf7b510c76 <unknown>\nE       #2 0x55cf7b54cc96 <unknown>\nE       #3 0x55cf7b54cdc1 <unknown>\nE       #4 0x55cf7b5867f4 <unknown>\nE       #5 0x55cf7b56c03d <unknown>\nE       #6 0x55cf7b58430e <unknown>\nE       #7 0x55cf7b56bde3 <unknown>\nE       #8 0x55cf7b5412dd <unknown>\nE       #9 0x55cf7b54234e <unknown>\nE       #10 0x55cf7b7a13e4 <unknown>\nE       #11 0x55cf7b7a53d7 <unknown>\nE       #12 0x55cf7b7afb20 <unknown>\nE       #13 0x55cf7b7a6023 <unknown>\nE       #14 0x55cf7b7741aa <unknown>\nE       #15 0x55cf7b7ca6b8 <unknown>\nE       #16 0x55cf7b7ca847 <unknown>\nE       #17 0x55cf7b7da243 <unknown>\nE       #18 0x7fdba45b9b43 <unknown>\n\n/opt/hostedtoolcache/Python/3.11.4/x64/lib/python3.11/site-packages/selenium/webdriver/support/wait.py:95: TimeoutException","flaky":false,"newFailed":false,"newBroken":false,"newPassed":false,"retriesCount":0,"retriesStatusChange":false,"beforeStages":[{"name":"_session_faker","time":{"start":1688401815864,"stop":1688401815950,"duration":86},"status":"passed","steps":[],"attachments":[],"parameters":[],"stepsCount":0,"attachmentsCount":0,"shouldDisplayMessage":false,"hasContent":false},{"name":"clear_allure_result_folder","time":{"start":1688401815950,"stop":1688401815951,"duration":1},"status":"passed","steps":[],"attachments":[],"parameters":[],"stepsCount":0,"attachmentsCount":0,"shouldDisplayMessage":false,"hasContent":false},{"name":"driver","time":{"start":1688401889378,"stop":1688401890388,"duration":1010},"status":"passed","steps":[],"attachments":[],"parameters":[],"stepsCount":0,"attachmentsCount":0,"shouldDisplayMessage":false,"hasContent":false},{"name":"create_account_page","time":{"start":1688401890388,"stop":1688401891504,"duration":1116},"status":"passed","steps":[{"name":"Open a browser","time":{"start":1688401890388,"stop":1688401891504,"duration":1116},"status":"passed","steps":[],"attachments":[],"parameters":[],"stepsCount":0,"attachmentsCount":0,"shouldDisplayMessage":false,"hasContent":false}],"attachments":[],"parameters":[],"stepsCount":1,"attachmentsCount":0,"shouldDisplayMessage":false,"hasContent":true},{"name":"wait","time":{"start":1688401891504,"stop":1688401891504,"duration":0},"status":"passed","steps":[],"attachments":[],"parameters":[],"stepsCount":0,"attachmentsCount":0,"shouldDisplayMessage":false,"hasContent":false}],"testStage":{"description":" Verify presence of Password Strength hint and warning color of weak password ","status":"broken","statusMessage":"selenium.common.exceptions.TimeoutException: Message: \nStacktrace:\n#0 0x55cf7b7e14e3 <unknown>\n#1 0x55cf7b510c76 <unknown>\n#2 0x55cf7b54cc96 <unknown>\n#3 0x55cf7b54cdc1 <unknown>\n#4 0x55cf7b5867f4 <unknown>\n#5 0x55cf7b56c03d <unknown>\n#6 0x55cf7b58430e <unknown>\n#7 0x55cf7b56bde3 <unknown>\n#8 0x55cf7b5412dd <unknown>\n#9 0x55cf7b54234e <unknown>\n#10 0x55cf7b7a13e4 <unknown>\n#11 0x55cf7b7a53d7 <unknown>\n#12 0x55cf7b7afb20 <unknown>\n#13 0x55cf7b7a6023 <unknown>\n#14 0x55cf7b7741aa <unknown>\n#15 0x55cf7b7ca6b8 <unknown>\n#16 0x55cf7b7ca847 <unknown>\n#17 0x55cf7b7da243 <unknown>\n#18 0x7fdba45b9b43 <unknown>","statusTrace":"self = <test_create_an_account.TestCreateAnAccount object at 0x7f967c0663d0>\ncreate_account_page = <pages.create_an_account_page.CreateAccountPage object at 0x7f967a6e35d0>\nwait = <selenium.webdriver.support.wait.WebDriverWait (session=\"9b98c07bbef496988cb95ea0aedd582f\")>\n\n    @allure.title('TC 04_02_09 Verify presence of weak password strength hint when password is less than 8 symbols')\n    def test_04_02_09_weak_password_strength_hint(self, create_account_page, wait):\n        \"\"\" Verify presence of Password Strength hint and warning color of weak password \"\"\"\n        password_strength_hint_message, message_error, hex_color = \\\n>           create_account_page.check_password_strength_hint_with_weak_password()\n\ntests/test_create_an_account.py:230: \n_ _ _ _ _ _ _ _ _ _ _ _ _ _ _ _ _ _ _ _ _ _ _ _ _ _ _ _ _ _ _ _ _ _ _ _ _ _ _ _ \npages/create_an_account_page.py:264: in check_password_strength_hint_with_weak_password\n    message_error = self.check_message_password_error_hint()\npages/create_an_account_page.py:75: in check_message_password_error_hint\n    return self.element_is_visible(self.locators.MESSAGE_PASSWORD_ERROR)\npages/base_page.py:29: in element_is_visible\n    self.go_to_element(self.element_is_present(locator))\npages/base_page.py:50: in element_is_present\n    return wait(self.driver, timeout).until(EC.presence_of_element_located(locator))\n_ _ _ _ _ _ _ _ _ _ _ _ _ _ _ _ _ _ _ _ _ _ _ _ _ _ _ _ _ _ _ _ _ _ _ _ _ _ _ _ \n\nself = <selenium.webdriver.support.wait.WebDriverWait (session=\"9b98c07bbef496988cb95ea0aedd582f\")>\nmethod = <function presence_of_element_located.<locals>._predicate at 0x7f967bf35b20>\nmessage = ''\n\n    def until(self, method, message: str = \"\"):\n        \"\"\"Calls the method provided with the driver as an argument until the \\\n        return value does not evaluate to ``False``.\n    \n        :param method: callable(WebDriver)\n        :param message: optional message for :exc:`TimeoutException`\n        :returns: the result of the last call to `method`\n        :raises: :exc:`selenium.common.exceptions.TimeoutException` if timeout occurs\n        \"\"\"\n        screen = None\n        stacktrace = None\n    \n        end_time = time.monotonic() + self._timeout\n        while True:\n            try:\n                value = method(self._driver)\n                if value:\n                    return value\n            except self._ignored_exceptions as exc:\n                screen = getattr(exc, \"screen\", None)\n                stacktrace = getattr(exc, \"stacktrace\", None)\n            time.sleep(self._poll)\n            if time.monotonic() > end_time:\n                break\n>       raise TimeoutException(message, screen, stacktrace)\nE       selenium.common.exceptions.TimeoutException: Message: \nE       Stacktrace:\nE       #0 0x55cf7b7e14e3 <unknown>\nE       #1 0x55cf7b510c76 <unknown>\nE       #2 0x55cf7b54cc96 <unknown>\nE       #3 0x55cf7b54cdc1 <unknown>\nE       #4 0x55cf7b5867f4 <unknown>\nE       #5 0x55cf7b56c03d <unknown>\nE       #6 0x55cf7b58430e <unknown>\nE       #7 0x55cf7b56bde3 <unknown>\nE       #8 0x55cf7b5412dd <unknown>\nE       #9 0x55cf7b54234e <unknown>\nE       #10 0x55cf7b7a13e4 <unknown>\nE       #11 0x55cf7b7a53d7 <unknown>\nE       #12 0x55cf7b7afb20 <unknown>\nE       #13 0x55cf7b7a6023 <unknown>\nE       #14 0x55cf7b7741aa <unknown>\nE       #15 0x55cf7b7ca6b8 <unknown>\nE       #16 0x55cf7b7ca847 <unknown>\nE       #17 0x55cf7b7da243 <unknown>\nE       #18 0x7fdba45b9b43 <unknown>\n\n/opt/hostedtoolcache/Python/3.11.4/x64/lib/python3.11/site-packages/selenium/webdriver/support/wait.py:95: TimeoutException","steps":[{"name":"Check password strength hint and color","time":{"start":1688401891504,"stop":1688401896717,"duration":5213},"status":"broken","statusMessage":"selenium.common.exceptions.TimeoutException: Message: \nStacktrace:\n#0 0x55cf7b7e14e3 <unknown>\n#1 0x55cf7b510c76 <unknown>\n#2 0x55cf7b54cc96 <unknown>\n#3 0x55cf7b54cdc1 <unknown>\n#4 0x55cf7b5867f4 <unknown>\n#5 0x55cf7b56c03d <unknown>\n#6 0x55cf7b58430e <unknown>\n#7 0x55cf7b56bde3 <unknown>\n#8 0x55cf7b5412dd <unknown>\n#9 0x55cf7b54234e <unknown>\n#10 0x55cf7b7a13e4 <unknown>\n#11 0x55cf7b7a53d7 <unknown>\n#12 0x55cf7b7afb20 <unknown>\n#13 0x55cf7b7a6023 <unknown>\n#14 0x55cf7b7741aa <unknown>\n#15 0x55cf7b7ca6b8 <unknown>\n#16 0x55cf7b7ca847 <unknown>\n#17 0x55cf7b7da243 <unknown>\n#18 0x7fdba45b9b43 <unknown>\n\n","statusTrace":"  File \"/opt/hostedtoolcache/Python/3.11.4/x64/lib/python3.11/site-packages/allure_commons/_allure.py\", line 192, in impl\n    return func(*a, **kw)\n           ^^^^^^^^^^^^^^\n  File \"/home/runner/work/luma_project/luma_project/pages/create_an_account_page.py\", line 264, in check_password_strength_hint_with_weak_password\n    message_error = self.check_message_password_error_hint()\n                    ^^^^^^^^^^^^^^^^^^^^^^^^^^^^^^^^^^^^^^^^\n  File \"/opt/hostedtoolcache/Python/3.11.4/x64/lib/python3.11/site-packages/allure_commons/_allure.py\", line 192, in impl\n    return func(*a, **kw)\n           ^^^^^^^^^^^^^^\n  File \"/home/runner/work/luma_project/luma_project/pages/create_an_account_page.py\", line 75, in check_message_password_error_hint\n    return self.element_is_visible(self.locators.MESSAGE_PASSWORD_ERROR)\n           ^^^^^^^^^^^^^^^^^^^^^^^^^^^^^^^^^^^^^^^^^^^^^^^^^^^^^^^^^^^^^\n  File \"/opt/hostedtoolcache/Python/3.11.4/x64/lib/python3.11/site-packages/allure_commons/_allure.py\", line 192, in impl\n    return func(*a, **kw)\n           ^^^^^^^^^^^^^^\n  File \"/home/runner/work/luma_project/luma_project/pages/base_page.py\", line 29, in element_is_visible\n    self.go_to_element(self.element_is_present(locator))\n                       ^^^^^^^^^^^^^^^^^^^^^^^^^^^^^^^^\n  File \"/opt/hostedtoolcache/Python/3.11.4/x64/lib/python3.11/site-packages/allure_commons/_allure.py\", line 192, in impl\n    return func(*a, **kw)\n           ^^^^^^^^^^^^^^\n  File \"/home/runner/work/luma_project/luma_project/pages/base_page.py\", line 50, in element_is_present\n    return wait(self.driver, timeout).until(EC.presence_of_element_located(locator))\n           ^^^^^^^^^^^^^^^^^^^^^^^^^^^^^^^^^^^^^^^^^^^^^^^^^^^^^^^^^^^^^^^^^^^^^^^^^\n  File \"/opt/hostedtoolcache/Python/3.11.4/x64/lib/python3.11/site-packages/selenium/webdriver/support/wait.py\", line 95, in until\n    raise TimeoutException(message, screen, stacktrace)\n","steps":[{"name":"Check Password input field is visible","time":{"start":1688401891504,"stop":1688401891559,"duration":55},"status":"passed","steps":[{"name":"Find a visible element","time":{"start":1688401891505,"stop":1688401891559,"duration":54},"status":"passed","steps":[{"name":"Find a present element","time":{"start":1688401891505,"stop":1688401891522,"duration":17},"status":"passed","steps":[],"attachments":[],"parameters":[{"name":"locator","value":"('css selector', '[id=\"password\"]')"},{"name":"timeout","value":"5"}],"stepsCount":0,"attachmentsCount":0,"shouldDisplayMessage":false,"hasContent":true},{"name":"Go to specified element","time":{"start":1688401891522,"stop":1688401891527,"duration":5},"status":"passed","steps":[],"attachments":[],"parameters":[{"name":"element","value":"<selenium.webdriver.remote.webelement.WebElement (session=\"9b98c07bbef496988cb95ea0aedd582f\", element=\"CF185673594365989153BA0F88289D58_element_31\")>"}],"stepsCount":0,"attachmentsCount":0,"shouldDisplayMessage":false,"hasContent":true}],"attachments":[],"parameters":[{"name":"locator","value":"('css selector', '[id=\"password\"]')"},{"name":"timeout","value":"10"}],"stepsCount":2,"attachmentsCount":0,"shouldDisplayMessage":false,"hasContent":true}],"attachments":[],"parameters":[],"stepsCount":3,"attachmentsCount":0,"shouldDisplayMessage":false,"hasContent":true},{"name":"Check Message Password Error hint is visible","time":{"start":1688401891611,"stop":1688401896716,"duration":5105},"status":"broken","statusMessage":"selenium.common.exceptions.TimeoutException: Message: \nStacktrace:\n#0 0x55cf7b7e14e3 <unknown>\n#1 0x55cf7b510c76 <unknown>\n#2 0x55cf7b54cc96 <unknown>\n#3 0x55cf7b54cdc1 <unknown>\n#4 0x55cf7b5867f4 <unknown>\n#5 0x55cf7b56c03d <unknown>\n#6 0x55cf7b58430e <unknown>\n#7 0x55cf7b56bde3 <unknown>\n#8 0x55cf7b5412dd <unknown>\n#9 0x55cf7b54234e <unknown>\n#10 0x55cf7b7a13e4 <unknown>\n#11 0x55cf7b7a53d7 <unknown>\n#12 0x55cf7b7afb20 <unknown>\n#13 0x55cf7b7a6023 <unknown>\n#14 0x55cf7b7741aa <unknown>\n#15 0x55cf7b7ca6b8 <unknown>\n#16 0x55cf7b7ca847 <unknown>\n#17 0x55cf7b7da243 <unknown>\n#18 0x7fdba45b9b43 <unknown>\n\n","statusTrace":"  File \"/opt/hostedtoolcache/Python/3.11.4/x64/lib/python3.11/site-packages/allure_commons/_allure.py\", line 192, in impl\n    return func(*a, **kw)\n           ^^^^^^^^^^^^^^\n  File \"/home/runner/work/luma_project/luma_project/pages/create_an_account_page.py\", line 75, in check_message_password_error_hint\n    return self.element_is_visible(self.locators.MESSAGE_PASSWORD_ERROR)\n           ^^^^^^^^^^^^^^^^^^^^^^^^^^^^^^^^^^^^^^^^^^^^^^^^^^^^^^^^^^^^^\n  File \"/opt/hostedtoolcache/Python/3.11.4/x64/lib/python3.11/site-packages/allure_commons/_allure.py\", line 192, in impl\n    return func(*a, **kw)\n           ^^^^^^^^^^^^^^\n  File \"/home/runner/work/luma_project/luma_project/pages/base_page.py\", line 29, in element_is_visible\n    self.go_to_element(self.element_is_present(locator))\n                       ^^^^^^^^^^^^^^^^^^^^^^^^^^^^^^^^\n  File \"/opt/hostedtoolcache/Python/3.11.4/x64/lib/python3.11/site-packages/allure_commons/_allure.py\", line 192, in impl\n    return func(*a, **kw)\n           ^^^^^^^^^^^^^^\n  File \"/home/runner/work/luma_project/luma_project/pages/base_page.py\", line 50, in element_is_present\n    return wait(self.driver, timeout).until(EC.presence_of_element_located(locator))\n           ^^^^^^^^^^^^^^^^^^^^^^^^^^^^^^^^^^^^^^^^^^^^^^^^^^^^^^^^^^^^^^^^^^^^^^^^^\n  File \"/opt/hostedtoolcache/Python/3.11.4/x64/lib/python3.11/site-packages/selenium/webdriver/support/wait.py\", line 95, in until\n    raise TimeoutException(message, screen, stacktrace)\n","steps":[{"name":"Find a visible element","time":{"start":1688401891611,"stop":1688401896716,"duration":5105},"status":"broken","statusMessage":"selenium.common.exceptions.TimeoutException: Message: \nStacktrace:\n#0 0x55cf7b7e14e3 <unknown>\n#1 0x55cf7b510c76 <unknown>\n#2 0x55cf7b54cc96 <unknown>\n#3 0x55cf7b54cdc1 <unknown>\n#4 0x55cf7b5867f4 <unknown>\n#5 0x55cf7b56c03d <unknown>\n#6 0x55cf7b58430e <unknown>\n#7 0x55cf7b56bde3 <unknown>\n#8 0x55cf7b5412dd <unknown>\n#9 0x55cf7b54234e <unknown>\n#10 0x55cf7b7a13e4 <unknown>\n#11 0x55cf7b7a53d7 <unknown>\n#12 0x55cf7b7afb20 <unknown>\n#13 0x55cf7b7a6023 <unknown>\n#14 0x55cf7b7741aa <unknown>\n#15 0x55cf7b7ca6b8 <unknown>\n#16 0x55cf7b7ca847 <unknown>\n#17 0x55cf7b7da243 <unknown>\n#18 0x7fdba45b9b43 <unknown>\n\n","statusTrace":"  File \"/opt/hostedtoolcache/Python/3.11.4/x64/lib/python3.11/site-packages/allure_commons/_allure.py\", line 192, in impl\n    return func(*a, **kw)\n           ^^^^^^^^^^^^^^\n  File \"/home/runner/work/luma_project/luma_project/pages/base_page.py\", line 29, in element_is_visible\n    self.go_to_element(self.element_is_present(locator))\n                       ^^^^^^^^^^^^^^^^^^^^^^^^^^^^^^^^\n  File \"/opt/hostedtoolcache/Python/3.11.4/x64/lib/python3.11/site-packages/allure_commons/_allure.py\", line 192, in impl\n    return func(*a, **kw)\n           ^^^^^^^^^^^^^^\n  File \"/home/runner/work/luma_project/luma_project/pages/base_page.py\", line 50, in element_is_present\n    return wait(self.driver, timeout).until(EC.presence_of_element_located(locator))\n           ^^^^^^^^^^^^^^^^^^^^^^^^^^^^^^^^^^^^^^^^^^^^^^^^^^^^^^^^^^^^^^^^^^^^^^^^^\n  File \"/opt/hostedtoolcache/Python/3.11.4/x64/lib/python3.11/site-packages/selenium/webdriver/support/wait.py\", line 95, in until\n    raise TimeoutException(message, screen, stacktrace)\n","steps":[{"name":"Find a present element","time":{"start":1688401891611,"stop":1688401896715,"duration":5104},"status":"broken","statusMessage":"selenium.common.exceptions.TimeoutException: Message: \nStacktrace:\n#0 0x55cf7b7e14e3 <unknown>\n#1 0x55cf7b510c76 <unknown>\n#2 0x55cf7b54cc96 <unknown>\n#3 0x55cf7b54cdc1 <unknown>\n#4 0x55cf7b5867f4 <unknown>\n#5 0x55cf7b56c03d <unknown>\n#6 0x55cf7b58430e <unknown>\n#7 0x55cf7b56bde3 <unknown>\n#8 0x55cf7b5412dd <unknown>\n#9 0x55cf7b54234e <unknown>\n#10 0x55cf7b7a13e4 <unknown>\n#11 0x55cf7b7a53d7 <unknown>\n#12 0x55cf7b7afb20 <unknown>\n#13 0x55cf7b7a6023 <unknown>\n#14 0x55cf7b7741aa <unknown>\n#15 0x55cf7b7ca6b8 <unknown>\n#16 0x55cf7b7ca847 <unknown>\n#17 0x55cf7b7da243 <unknown>\n#18 0x7fdba45b9b43 <unknown>\n\n","statusTrace":"  File \"/opt/hostedtoolcache/Python/3.11.4/x64/lib/python3.11/site-packages/allure_commons/_allure.py\", line 192, in impl\n    return func(*a, **kw)\n           ^^^^^^^^^^^^^^\n  File \"/home/runner/work/luma_project/luma_project/pages/base_page.py\", line 50, in element_is_present\n    return wait(self.driver, timeout).until(EC.presence_of_element_located(locator))\n           ^^^^^^^^^^^^^^^^^^^^^^^^^^^^^^^^^^^^^^^^^^^^^^^^^^^^^^^^^^^^^^^^^^^^^^^^^\n  File \"/opt/hostedtoolcache/Python/3.11.4/x64/lib/python3.11/site-packages/selenium/webdriver/support/wait.py\", line 95, in until\n    raise TimeoutException(message, screen, stacktrace)\n","steps":[],"attachments":[],"parameters":[{"name":"locator","value":"('id', 'password-error')"},{"name":"timeout","value":"5"}],"stepsCount":0,"attachmentsCount":0,"shouldDisplayMessage":true,"hasContent":true}],"attachments":[],"parameters":[{"name":"locator","value":"('id', 'password-error')"},{"name":"timeout","value":"10"}],"stepsCount":1,"attachmentsCount":0,"shouldDisplayMessage":false,"hasContent":true}],"attachments":[],"parameters":[],"stepsCount":2,"attachmentsCount":0,"shouldDisplayMessage":false,"hasContent":true}],"attachments":[],"parameters":[],"stepsCount":7,"attachmentsCount":0,"shouldDisplayMessage":false,"hasContent":true}],"attachments":[],"parameters":[],"stepsCount":8,"attachmentsCount":0,"shouldDisplayMessage":true,"hasContent":true},"afterStages":[{"name":"wait::0","time":{"start":1688401896774,"stop":1688401896774,"duration":0},"status":"passed","steps":[],"attachments":[],"parameters":[],"stepsCount":0,"attachmentsCount":0,"shouldDisplayMessage":false,"hasContent":false},{"name":"driver::0","time":{"start":1688401896775,"stop":1688401896841,"duration":66},"status":"passed","steps":[],"attachments":[],"parameters":[],"stepsCount":0,"attachmentsCount":0,"shouldDisplayMessage":false,"hasContent":false},{"name":"clear_allure_result_folder::0","time":{"start":1688403091351,"stop":1688403091351,"duration":0},"status":"passed","steps":[],"attachments":[],"parameters":[],"stepsCount":0,"attachmentsCount":0,"shouldDisplayMessage":false,"hasContent":false}],"labels":[{"name":"epic","value":"Create An Account"},{"name":"parentSuite","value":"tests"},{"name":"suite","value":"test_create_an_account"},{"name":"subSuite","value":"TestCreateAnAccount"},{"name":"host","value":"fv-az358-31"},{"name":"thread","value":"3414-MainThread"},{"name":"framework","value":"pytest"},{"name":"language","value":"cpython3"},{"name":"package","value":"tests.test_create_an_account"},{"name":"resultFormat","value":"allure2"}],"parameters":[],"links":[],"hidden":false,"retry":false,"extra":{"severity":"normal","retries":[],"categories":[{"name":"Test defects","matchedStatuses":[],"flaky":false}],"tags":[]},"source":"153301b771310d1d.json","parameterValues":[]}