{"uid":"3a5fabae8c081de4","name":"TC 01.02.02 functionality of the \"Search\" field","fullName":"tests.test_header.TestHeader#test_tc_01_02_02_functionality_of_the_search_field","historyId":"9ffa56c356139fd12f8ea771bf5675fb","time":{"start":1688402191214,"stop":1688402202684,"duration":11470},"description":"Check the \"Search\" field is activated and the drop-down list appears with various product","descriptionHtml":"<p>Check the &quot;Search&quot; field is activated and the drop-down list appears with various product</p>\n","status":"broken","statusMessage":"selenium.common.exceptions.TimeoutException: Message:","statusTrace":"self = <test_header.TestHeader object at 0x7f967be99590>\ndriver = <selenium.webdriver.chrome.webdriver.WebDriver (session=\"0691513936392b7222bf2742339a93fe\")>\n\n    @allure.title('TC 01.02.02 functionality of the \"Search\" field')\n    def test_tc_01_02_02_functionality_of_the_search_field(self, driver):\n        \"\"\"Check the \"Search\" field is activated and the drop-down list appears with various product\"\"\"\n        page = HeaderPage(driver, MAIN_PAGE_URL)\n        page.open()\n>       dropdown_items = page.enter_search_field_and_get_dropdown()\n\ntests/test_header.py:110: \n_ _ _ _ _ _ _ _ _ _ _ _ _ _ _ _ _ _ _ _ _ _ _ _ _ _ _ _ _ _ _ _ _ _ _ _ _ _ _ _ \npages/header_page.py:67: in enter_search_field_and_get_dropdown\n    return self.elements_are_visible(self.header_locators.SEARCH_DROPDOWN)\npages/base_page.py:40: in elements_are_visible\n    return wait(self.driver, timeout).until(EC.visibility_of_all_elements_located(locator))\n_ _ _ _ _ _ _ _ _ _ _ _ _ _ _ _ _ _ _ _ _ _ _ _ _ _ _ _ _ _ _ _ _ _ _ _ _ _ _ _ \n\nself = <selenium.webdriver.support.wait.WebDriverWait (session=\"0691513936392b7222bf2742339a93fe\")>\nmethod = <function visibility_of_all_elements_located.<locals>._predicate at 0x7f967a8a3740>\nmessage = ''\n\n    def until(self, method, message: str = \"\"):\n        \"\"\"Calls the method provided with the driver as an argument until the \\\n        return value does not evaluate to ``False``.\n    \n        :param method: callable(WebDriver)\n        :param message: optional message for :exc:`TimeoutException`\n        :returns: the result of the last call to `method`\n        :raises: :exc:`selenium.common.exceptions.TimeoutException` if timeout occurs\n        \"\"\"\n        screen = None\n        stacktrace = None\n    \n        end_time = time.monotonic() + self._timeout\n        while True:\n            try:\n                value = method(self._driver)\n                if value:\n                    return value\n            except self._ignored_exceptions as exc:\n                screen = getattr(exc, \"screen\", None)\n                stacktrace = getattr(exc, \"stacktrace\", None)\n            time.sleep(self._poll)\n            if time.monotonic() > end_time:\n                break\n>       raise TimeoutException(message, screen, stacktrace)\nE       selenium.common.exceptions.TimeoutException: Message:\n\n/opt/hostedtoolcache/Python/3.11.4/x64/lib/python3.11/site-packages/selenium/webdriver/support/wait.py:95: TimeoutException","flaky":false,"newFailed":false,"newBroken":false,"newPassed":false,"retriesCount":0,"retriesStatusChange":false,"beforeStages":[{"name":"_session_faker","time":{"start":1688401815864,"stop":1688401815950,"duration":86},"status":"passed","steps":[],"attachments":[],"parameters":[],"stepsCount":0,"attachmentsCount":0,"shouldDisplayMessage":false,"hasContent":false},{"name":"clear_allure_result_folder","time":{"start":1688401815950,"stop":1688401815951,"duration":1},"status":"passed","steps":[],"attachments":[],"parameters":[],"stepsCount":0,"attachmentsCount":0,"shouldDisplayMessage":false,"hasContent":false},{"name":"driver","time":{"start":1688402190124,"stop":1688402191213,"duration":1089},"status":"passed","steps":[],"attachments":[],"parameters":[],"stepsCount":0,"attachmentsCount":0,"shouldDisplayMessage":false,"hasContent":false}],"testStage":{"description":"Check the \"Search\" field is activated and the drop-down list appears with various product","status":"broken","statusMessage":"selenium.common.exceptions.TimeoutException: Message:","statusTrace":"self = <test_header.TestHeader object at 0x7f967be99590>\ndriver = <selenium.webdriver.chrome.webdriver.WebDriver (session=\"0691513936392b7222bf2742339a93fe\")>\n\n    @allure.title('TC 01.02.02 functionality of the \"Search\" field')\n    def test_tc_01_02_02_functionality_of_the_search_field(self, driver):\n        \"\"\"Check the \"Search\" field is activated and the drop-down list appears with various product\"\"\"\n        page = HeaderPage(driver, MAIN_PAGE_URL)\n        page.open()\n>       dropdown_items = page.enter_search_field_and_get_dropdown()\n\ntests/test_header.py:110: \n_ _ _ _ _ _ _ _ _ _ _ _ _ _ _ _ _ _ _ _ _ _ _ _ _ _ _ _ _ _ _ _ _ _ _ _ _ _ _ _ \npages/header_page.py:67: in enter_search_field_and_get_dropdown\n    return self.elements_are_visible(self.header_locators.SEARCH_DROPDOWN)\npages/base_page.py:40: in elements_are_visible\n    return wait(self.driver, timeout).until(EC.visibility_of_all_elements_located(locator))\n_ _ _ _ _ _ _ _ _ _ _ _ _ _ _ _ _ _ _ _ _ _ _ _ _ _ _ _ _ _ _ _ _ _ _ _ _ _ _ _ \n\nself = <selenium.webdriver.support.wait.WebDriverWait (session=\"0691513936392b7222bf2742339a93fe\")>\nmethod = <function visibility_of_all_elements_located.<locals>._predicate at 0x7f967a8a3740>\nmessage = ''\n\n    def until(self, method, message: str = \"\"):\n        \"\"\"Calls the method provided with the driver as an argument until the \\\n        return value does not evaluate to ``False``.\n    \n        :param method: callable(WebDriver)\n        :param message: optional message for :exc:`TimeoutException`\n        :returns: the result of the last call to `method`\n        :raises: :exc:`selenium.common.exceptions.TimeoutException` if timeout occurs\n        \"\"\"\n        screen = None\n        stacktrace = None\n    \n        end_time = time.monotonic() + self._timeout\n        while True:\n            try:\n                value = method(self._driver)\n                if value:\n                    return value\n            except self._ignored_exceptions as exc:\n                screen = getattr(exc, \"screen\", None)\n                stacktrace = getattr(exc, \"stacktrace\", None)\n            time.sleep(self._poll)\n            if time.monotonic() > end_time:\n                break\n>       raise TimeoutException(message, screen, stacktrace)\nE       selenium.common.exceptions.TimeoutException: Message:\n\n/opt/hostedtoolcache/Python/3.11.4/x64/lib/python3.11/site-packages/selenium/webdriver/support/wait.py:95: TimeoutException","steps":[{"name":"Open a browser","time":{"start":1688402191214,"stop":1688402192194,"duration":980},"status":"passed","steps":[],"attachments":[],"parameters":[],"stepsCount":0,"attachmentsCount":0,"shouldDisplayMessage":false,"hasContent":false},{"name":"Check the dropdown of the \"Search\" field","time":{"start":1688402192194,"stop":1688402202683,"duration":10489},"status":"broken","statusMessage":"selenium.common.exceptions.TimeoutException: Message: \n\n","statusTrace":"  File \"/opt/hostedtoolcache/Python/3.11.4/x64/lib/python3.11/site-packages/allure_commons/_allure.py\", line 192, in impl\n    return func(*a, **kw)\n           ^^^^^^^^^^^^^^\n  File \"/home/runner/work/luma_project/luma_project/pages/header_page.py\", line 67, in enter_search_field_and_get_dropdown\n    return self.elements_are_visible(self.header_locators.SEARCH_DROPDOWN)\n           ^^^^^^^^^^^^^^^^^^^^^^^^^^^^^^^^^^^^^^^^^^^^^^^^^^^^^^^^^^^^^^^\n  File \"/opt/hostedtoolcache/Python/3.11.4/x64/lib/python3.11/site-packages/allure_commons/_allure.py\", line 192, in impl\n    return func(*a, **kw)\n           ^^^^^^^^^^^^^^\n  File \"/home/runner/work/luma_project/luma_project/pages/base_page.py\", line 40, in elements_are_visible\n    return wait(self.driver, timeout).until(EC.visibility_of_all_elements_located(locator))\n           ^^^^^^^^^^^^^^^^^^^^^^^^^^^^^^^^^^^^^^^^^^^^^^^^^^^^^^^^^^^^^^^^^^^^^^^^^^^^^^^^\n  File \"/opt/hostedtoolcache/Python/3.11.4/x64/lib/python3.11/site-packages/selenium/webdriver/support/wait.py\", line 95, in until\n    raise TimeoutException(message, screen, stacktrace)\n","steps":[{"name":"Click on element and return it","time":{"start":1688402192194,"stop":1688402192288,"duration":94},"status":"passed","steps":[{"name":"Find a visible element","time":{"start":1688402192194,"stop":1688402192239,"duration":45},"status":"passed","steps":[{"name":"Find a present element","time":{"start":1688402192194,"stop":1688402192209,"duration":15},"status":"passed","steps":[],"attachments":[],"parameters":[{"name":"locator","value":"('xpath', \"//input[@id='search']\")"},{"name":"timeout","value":"5"}],"stepsCount":0,"attachmentsCount":0,"shouldDisplayMessage":false,"hasContent":true},{"name":"Go to specified element","time":{"start":1688402192209,"stop":1688402192218,"duration":9},"status":"passed","steps":[],"attachments":[],"parameters":[{"name":"element","value":"<selenium.webdriver.remote.webelement.WebElement (session=\"0691513936392b7222bf2742339a93fe\", element=\"91D40326129BB77BD55C378CD1BD8614_element_28\")>"}],"stepsCount":0,"attachmentsCount":0,"shouldDisplayMessage":false,"hasContent":true}],"attachments":[],"parameters":[{"name":"locator","value":"('xpath', \"//input[@id='search']\")"},{"name":"timeout","value":"10"}],"stepsCount":2,"attachmentsCount":0,"shouldDisplayMessage":false,"hasContent":true}],"attachments":[],"parameters":[{"name":"locator","value":"('xpath', \"//input[@id='search']\")"},{"name":"seconds","value":"15"}],"stepsCount":3,"attachmentsCount":0,"shouldDisplayMessage":false,"hasContent":true},{"name":"Find visible elements","time":{"start":1688402192320,"stop":1688402202683,"duration":10363},"status":"broken","statusMessage":"selenium.common.exceptions.TimeoutException: Message: \n\n","statusTrace":"  File \"/opt/hostedtoolcache/Python/3.11.4/x64/lib/python3.11/site-packages/allure_commons/_allure.py\", line 192, in impl\n    return func(*a, **kw)\n           ^^^^^^^^^^^^^^\n  File \"/home/runner/work/luma_project/luma_project/pages/base_page.py\", line 40, in elements_are_visible\n    return wait(self.driver, timeout).until(EC.visibility_of_all_elements_located(locator))\n           ^^^^^^^^^^^^^^^^^^^^^^^^^^^^^^^^^^^^^^^^^^^^^^^^^^^^^^^^^^^^^^^^^^^^^^^^^^^^^^^^\n  File \"/opt/hostedtoolcache/Python/3.11.4/x64/lib/python3.11/site-packages/selenium/webdriver/support/wait.py\", line 95, in until\n    raise TimeoutException(message, screen, stacktrace)\n","steps":[],"attachments":[],"parameters":[{"name":"locator","value":"('xpath', \"//*[@id='search_autocomplete']\")"},{"name":"timeout","value":"10"}],"stepsCount":0,"attachmentsCount":0,"shouldDisplayMessage":true,"hasContent":true}],"attachments":[],"parameters":[],"stepsCount":5,"attachmentsCount":0,"shouldDisplayMessage":false,"hasContent":true}],"attachments":[],"parameters":[],"stepsCount":7,"attachmentsCount":0,"shouldDisplayMessage":true,"hasContent":true},"afterStages":[{"name":"driver::0","time":{"start":1688402202724,"stop":1688402203787,"duration":1063},"status":"passed","steps":[],"attachments":[],"parameters":[],"stepsCount":0,"attachmentsCount":0,"shouldDisplayMessage":false,"hasContent":false},{"name":"clear_allure_result_folder::0","time":{"start":1688403091351,"stop":1688403091351,"duration":0},"status":"passed","steps":[],"attachments":[],"parameters":[],"stepsCount":0,"attachmentsCount":0,"shouldDisplayMessage":false,"hasContent":false}],"labels":[{"name":"epic","value":"Test Header"},{"name":"parentSuite","value":"tests"},{"name":"suite","value":"test_header"},{"name":"subSuite","value":"TestHeader"},{"name":"host","value":"fv-az358-31"},{"name":"thread","value":"3414-MainThread"},{"name":"framework","value":"pytest"},{"name":"language","value":"cpython3"},{"name":"package","value":"tests.test_header"},{"name":"resultFormat","value":"allure2"}],"parameters":[],"links":[],"hidden":false,"retry":false,"extra":{"severity":"normal","retries":[],"categories":[{"name":"Test defects","matchedStatuses":[],"flaky":false}],"tags":[]},"source":"3a5fabae8c081de4.json","parameterValues":[]}