{"uid":"a87851774801bbc9","name":"TC 04_02_10 Verify presence of weak password strength hint when password is greater than 8 symbols but has not 3 character classes","fullName":"tests.test_create_an_account.TestCreateAnAccount#test_04_02_10_weak_password_strength_hint","historyId":"c8ab03d55cf22a0bae01123d66348c73","time":{"start":1688401899111,"stop":1688401904321,"duration":5210},"description":" Verify presence of Password Strength hint and warning color of weak password ","descriptionHtml":"<p>Verify presence of Password Strength hint and warning color of weak password</p>\n","status":"broken","statusMessage":"selenium.common.exceptions.TimeoutException: Message: \nStacktrace:\n#0 0x55784a8a34e3 <unknown>\n#1 0x55784a5d2c76 <unknown>\n#2 0x55784a60ec96 <unknown>\n#3 0x55784a60edc1 <unknown>\n#4 0x55784a6487f4 <unknown>\n#5 0x55784a62e03d <unknown>\n#6 0x55784a64630e <unknown>\n#7 0x55784a62dde3 <unknown>\n#8 0x55784a6032dd <unknown>\n#9 0x55784a60434e <unknown>\n#10 0x55784a8633e4 <unknown>\n#11 0x55784a8673d7 <unknown>\n#12 0x55784a871b20 <unknown>\n#13 0x55784a868023 <unknown>\n#14 0x55784a8361aa <unknown>\n#15 0x55784a88c6b8 <unknown>\n#16 0x55784a88c847 <unknown>\n#17 0x55784a89c243 <unknown>\n#18 0x7f6db1897b43 <unknown>","statusTrace":"self = <test_create_an_account.TestCreateAnAccount object at 0x7f967c067190>\ncreate_account_page = <pages.create_an_account_page.CreateAccountPage object at 0x7f967a8462d0>\nwait = <selenium.webdriver.support.wait.WebDriverWait (session=\"aecac284a35a4a5ddd1d1fa151ba4289\")>\n\n    @allure.title('TC 04_02_10 Verify presence of weak password strength hint when password is greater than 8 symbols '\n                  'but has not 3 character classes')\n    def test_04_02_10_weak_password_strength_hint(self, create_account_page, wait):\n        \"\"\" Verify presence of Password Strength hint and warning color of weak password \"\"\"\n        password_strength_hint_message, message_error, hex_color = \\\n>           create_account_page.check_password_strength_hint_with_weak2_password()\n\ntests/test_create_an_account.py:241: \n_ _ _ _ _ _ _ _ _ _ _ _ _ _ _ _ _ _ _ _ _ _ _ _ _ _ _ _ _ _ _ _ _ _ _ _ _ _ _ _ \npages/create_an_account_page.py:276: in check_password_strength_hint_with_weak2_password\n    message_error = self.check_message_password_error_hint()\npages/create_an_account_page.py:75: in check_message_password_error_hint\n    return self.element_is_visible(self.locators.MESSAGE_PASSWORD_ERROR)\npages/base_page.py:29: in element_is_visible\n    self.go_to_element(self.element_is_present(locator))\npages/base_page.py:50: in element_is_present\n    return wait(self.driver, timeout).until(EC.presence_of_element_located(locator))\n_ _ _ _ _ _ _ _ _ _ _ _ _ _ _ _ _ _ _ _ _ _ _ _ _ _ _ _ _ _ _ _ _ _ _ _ _ _ _ _ \n\nself = <selenium.webdriver.support.wait.WebDriverWait (session=\"aecac284a35a4a5ddd1d1fa151ba4289\")>\nmethod = <function presence_of_element_located.<locals>._predicate at 0x7f967be78e00>\nmessage = ''\n\n    def until(self, method, message: str = \"\"):\n        \"\"\"Calls the method provided with the driver as an argument until the \\\n        return value does not evaluate to ``False``.\n    \n        :param method: callable(WebDriver)\n        :param message: optional message for :exc:`TimeoutException`\n        :returns: the result of the last call to `method`\n        :raises: :exc:`selenium.common.exceptions.TimeoutException` if timeout occurs\n        \"\"\"\n        screen = None\n        stacktrace = None\n    \n        end_time = time.monotonic() + self._timeout\n        while True:\n            try:\n                value = method(self._driver)\n                if value:\n                    return value\n            except self._ignored_exceptions as exc:\n                screen = getattr(exc, \"screen\", None)\n                stacktrace = getattr(exc, \"stacktrace\", None)\n            time.sleep(self._poll)\n            if time.monotonic() > end_time:\n                break\n>       raise TimeoutException(message, screen, stacktrace)\nE       selenium.common.exceptions.TimeoutException: Message: \nE       Stacktrace:\nE       #0 0x55784a8a34e3 <unknown>\nE       #1 0x55784a5d2c76 <unknown>\nE       #2 0x55784a60ec96 <unknown>\nE       #3 0x55784a60edc1 <unknown>\nE       #4 0x55784a6487f4 <unknown>\nE       #5 0x55784a62e03d <unknown>\nE       #6 0x55784a64630e <unknown>\nE       #7 0x55784a62dde3 <unknown>\nE       #8 0x55784a6032dd <unknown>\nE       #9 0x55784a60434e <unknown>\nE       #10 0x55784a8633e4 <unknown>\nE       #11 0x55784a8673d7 <unknown>\nE       #12 0x55784a871b20 <unknown>\nE       #13 0x55784a868023 <unknown>\nE       #14 0x55784a8361aa <unknown>\nE       #15 0x55784a88c6b8 <unknown>\nE       #16 0x55784a88c847 <unknown>\nE       #17 0x55784a89c243 <unknown>\nE       #18 0x7f6db1897b43 <unknown>\n\n/opt/hostedtoolcache/Python/3.11.4/x64/lib/python3.11/site-packages/selenium/webdriver/support/wait.py:95: TimeoutException","flaky":false,"newFailed":false,"newBroken":false,"newPassed":false,"retriesCount":0,"retriesStatusChange":false,"beforeStages":[{"name":"_session_faker","time":{"start":1688401815864,"stop":1688401815950,"duration":86},"status":"passed","steps":[],"attachments":[],"parameters":[],"stepsCount":0,"attachmentsCount":0,"shouldDisplayMessage":false,"hasContent":false},{"name":"clear_allure_result_folder","time":{"start":1688401815950,"stop":1688401815951,"duration":1},"status":"passed","steps":[],"attachments":[],"parameters":[],"stepsCount":0,"attachmentsCount":0,"shouldDisplayMessage":false,"hasContent":false},{"name":"driver","time":{"start":1688401896843,"stop":1688401897861,"duration":1018},"status":"passed","steps":[],"attachments":[],"parameters":[],"stepsCount":0,"attachmentsCount":0,"shouldDisplayMessage":false,"hasContent":false},{"name":"create_account_page","time":{"start":1688401897862,"stop":1688401899110,"duration":1248},"status":"passed","steps":[{"name":"Open a browser","time":{"start":1688401897862,"stop":1688401899110,"duration":1248},"status":"passed","steps":[],"attachments":[],"parameters":[],"stepsCount":0,"attachmentsCount":0,"shouldDisplayMessage":false,"hasContent":false}],"attachments":[],"parameters":[],"stepsCount":1,"attachmentsCount":0,"shouldDisplayMessage":false,"hasContent":true},{"name":"wait","time":{"start":1688401899111,"stop":1688401899111,"duration":0},"status":"passed","steps":[],"attachments":[],"parameters":[],"stepsCount":0,"attachmentsCount":0,"shouldDisplayMessage":false,"hasContent":false}],"testStage":{"description":" Verify presence of Password Strength hint and warning color of weak password ","status":"broken","statusMessage":"selenium.common.exceptions.TimeoutException: Message: \nStacktrace:\n#0 0x55784a8a34e3 <unknown>\n#1 0x55784a5d2c76 <unknown>\n#2 0x55784a60ec96 <unknown>\n#3 0x55784a60edc1 <unknown>\n#4 0x55784a6487f4 <unknown>\n#5 0x55784a62e03d <unknown>\n#6 0x55784a64630e <unknown>\n#7 0x55784a62dde3 <unknown>\n#8 0x55784a6032dd <unknown>\n#9 0x55784a60434e <unknown>\n#10 0x55784a8633e4 <unknown>\n#11 0x55784a8673d7 <unknown>\n#12 0x55784a871b20 <unknown>\n#13 0x55784a868023 <unknown>\n#14 0x55784a8361aa <unknown>\n#15 0x55784a88c6b8 <unknown>\n#16 0x55784a88c847 <unknown>\n#17 0x55784a89c243 <unknown>\n#18 0x7f6db1897b43 <unknown>","statusTrace":"self = <test_create_an_account.TestCreateAnAccount object at 0x7f967c067190>\ncreate_account_page = <pages.create_an_account_page.CreateAccountPage object at 0x7f967a8462d0>\nwait = <selenium.webdriver.support.wait.WebDriverWait (session=\"aecac284a35a4a5ddd1d1fa151ba4289\")>\n\n    @allure.title('TC 04_02_10 Verify presence of weak password strength hint when password is greater than 8 symbols '\n                  'but has not 3 character classes')\n    def test_04_02_10_weak_password_strength_hint(self, create_account_page, wait):\n        \"\"\" Verify presence of Password Strength hint and warning color of weak password \"\"\"\n        password_strength_hint_message, message_error, hex_color = \\\n>           create_account_page.check_password_strength_hint_with_weak2_password()\n\ntests/test_create_an_account.py:241: \n_ _ _ _ _ _ _ _ _ _ _ _ _ _ _ _ _ _ _ _ _ _ _ _ _ _ _ _ _ _ _ _ _ _ _ _ _ _ _ _ \npages/create_an_account_page.py:276: in check_password_strength_hint_with_weak2_password\n    message_error = self.check_message_password_error_hint()\npages/create_an_account_page.py:75: in check_message_password_error_hint\n    return self.element_is_visible(self.locators.MESSAGE_PASSWORD_ERROR)\npages/base_page.py:29: in element_is_visible\n    self.go_to_element(self.element_is_present(locator))\npages/base_page.py:50: in element_is_present\n    return wait(self.driver, timeout).until(EC.presence_of_element_located(locator))\n_ _ _ _ _ _ _ _ _ _ _ _ _ _ _ _ _ _ _ _ _ _ _ _ _ _ _ _ _ _ _ _ _ _ _ _ _ _ _ _ \n\nself = <selenium.webdriver.support.wait.WebDriverWait (session=\"aecac284a35a4a5ddd1d1fa151ba4289\")>\nmethod = <function presence_of_element_located.<locals>._predicate at 0x7f967be78e00>\nmessage = ''\n\n    def until(self, method, message: str = \"\"):\n        \"\"\"Calls the method provided with the driver as an argument until the \\\n        return value does not evaluate to ``False``.\n    \n        :param method: callable(WebDriver)\n        :param message: optional message for :exc:`TimeoutException`\n        :returns: the result of the last call to `method`\n        :raises: :exc:`selenium.common.exceptions.TimeoutException` if timeout occurs\n        \"\"\"\n        screen = None\n        stacktrace = None\n    \n        end_time = time.monotonic() + self._timeout\n        while True:\n            try:\n                value = method(self._driver)\n                if value:\n                    return value\n            except self._ignored_exceptions as exc:\n                screen = getattr(exc, \"screen\", None)\n                stacktrace = getattr(exc, \"stacktrace\", None)\n            time.sleep(self._poll)\n            if time.monotonic() > end_time:\n                break\n>       raise TimeoutException(message, screen, stacktrace)\nE       selenium.common.exceptions.TimeoutException: Message: \nE       Stacktrace:\nE       #0 0x55784a8a34e3 <unknown>\nE       #1 0x55784a5d2c76 <unknown>\nE       #2 0x55784a60ec96 <unknown>\nE       #3 0x55784a60edc1 <unknown>\nE       #4 0x55784a6487f4 <unknown>\nE       #5 0x55784a62e03d <unknown>\nE       #6 0x55784a64630e <unknown>\nE       #7 0x55784a62dde3 <unknown>\nE       #8 0x55784a6032dd <unknown>\nE       #9 0x55784a60434e <unknown>\nE       #10 0x55784a8633e4 <unknown>\nE       #11 0x55784a8673d7 <unknown>\nE       #12 0x55784a871b20 <unknown>\nE       #13 0x55784a868023 <unknown>\nE       #14 0x55784a8361aa <unknown>\nE       #15 0x55784a88c6b8 <unknown>\nE       #16 0x55784a88c847 <unknown>\nE       #17 0x55784a89c243 <unknown>\nE       #18 0x7f6db1897b43 <unknown>\n\n/opt/hostedtoolcache/Python/3.11.4/x64/lib/python3.11/site-packages/selenium/webdriver/support/wait.py:95: TimeoutException","steps":[{"name":"Check password strength hint and color","time":{"start":1688401899111,"stop":1688401904320,"duration":5209},"status":"broken","statusMessage":"selenium.common.exceptions.TimeoutException: Message: \nStacktrace:\n#0 0x55784a8a34e3 <unknown>\n#1 0x55784a5d2c76 <unknown>\n#2 0x55784a60ec96 <unknown>\n#3 0x55784a60edc1 <unknown>\n#4 0x55784a6487f4 <unknown>\n#5 0x55784a62e03d <unknown>\n#6 0x55784a64630e <unknown>\n#7 0x55784a62dde3 <unknown>\n#8 0x55784a6032dd <unknown>\n#9 0x55784a60434e <unknown>\n#10 0x55784a8633e4 <unknown>\n#11 0x55784a8673d7 <unknown>\n#12 0x55784a871b20 <unknown>\n#13 0x55784a868023 <unknown>\n#14 0x55784a8361aa <unknown>\n#15 0x55784a88c6b8 <unknown>\n#16 0x55784a88c847 <unknown>\n#17 0x55784a89c243 <unknown>\n#18 0x7f6db1897b43 <unknown>\n\n","statusTrace":"  File \"/opt/hostedtoolcache/Python/3.11.4/x64/lib/python3.11/site-packages/allure_commons/_allure.py\", line 192, in impl\n    return func(*a, **kw)\n           ^^^^^^^^^^^^^^\n  File \"/home/runner/work/luma_project/luma_project/pages/create_an_account_page.py\", line 276, in check_password_strength_hint_with_weak2_password\n    message_error = self.check_message_password_error_hint()\n                    ^^^^^^^^^^^^^^^^^^^^^^^^^^^^^^^^^^^^^^^^\n  File \"/opt/hostedtoolcache/Python/3.11.4/x64/lib/python3.11/site-packages/allure_commons/_allure.py\", line 192, in impl\n    return func(*a, **kw)\n           ^^^^^^^^^^^^^^\n  File \"/home/runner/work/luma_project/luma_project/pages/create_an_account_page.py\", line 75, in check_message_password_error_hint\n    return self.element_is_visible(self.locators.MESSAGE_PASSWORD_ERROR)\n           ^^^^^^^^^^^^^^^^^^^^^^^^^^^^^^^^^^^^^^^^^^^^^^^^^^^^^^^^^^^^^\n  File \"/opt/hostedtoolcache/Python/3.11.4/x64/lib/python3.11/site-packages/allure_commons/_allure.py\", line 192, in impl\n    return func(*a, **kw)\n           ^^^^^^^^^^^^^^\n  File \"/home/runner/work/luma_project/luma_project/pages/base_page.py\", line 29, in element_is_visible\n    self.go_to_element(self.element_is_present(locator))\n                       ^^^^^^^^^^^^^^^^^^^^^^^^^^^^^^^^\n  File \"/opt/hostedtoolcache/Python/3.11.4/x64/lib/python3.11/site-packages/allure_commons/_allure.py\", line 192, in impl\n    return func(*a, **kw)\n           ^^^^^^^^^^^^^^\n  File \"/home/runner/work/luma_project/luma_project/pages/base_page.py\", line 50, in element_is_present\n    return wait(self.driver, timeout).until(EC.presence_of_element_located(locator))\n           ^^^^^^^^^^^^^^^^^^^^^^^^^^^^^^^^^^^^^^^^^^^^^^^^^^^^^^^^^^^^^^^^^^^^^^^^^\n  File \"/opt/hostedtoolcache/Python/3.11.4/x64/lib/python3.11/site-packages/selenium/webdriver/support/wait.py\", line 95, in until\n    raise TimeoutException(message, screen, stacktrace)\n","steps":[{"name":"Check Password input field is visible","time":{"start":1688401899111,"stop":1688401899154,"duration":43},"status":"passed","steps":[{"name":"Find a visible element","time":{"start":1688401899111,"stop":1688401899154,"duration":43},"status":"passed","steps":[{"name":"Find a present element","time":{"start":1688401899111,"stop":1688401899128,"duration":17},"status":"passed","steps":[],"attachments":[],"parameters":[{"name":"locator","value":"('css selector', '[id=\"password\"]')"},{"name":"timeout","value":"5"}],"stepsCount":0,"attachmentsCount":0,"shouldDisplayMessage":false,"hasContent":true},{"name":"Go to specified element","time":{"start":1688401899128,"stop":1688401899133,"duration":5},"status":"passed","steps":[],"attachments":[],"parameters":[{"name":"element","value":"<selenium.webdriver.remote.webelement.WebElement (session=\"aecac284a35a4a5ddd1d1fa151ba4289\", element=\"D96A2EC29E5FF171E44255ECC813C948_element_5\")>"}],"stepsCount":0,"attachmentsCount":0,"shouldDisplayMessage":false,"hasContent":true}],"attachments":[],"parameters":[{"name":"locator","value":"('css selector', '[id=\"password\"]')"},{"name":"timeout","value":"10"}],"stepsCount":2,"attachmentsCount":0,"shouldDisplayMessage":false,"hasContent":true}],"attachments":[],"parameters":[],"stepsCount":3,"attachmentsCount":0,"shouldDisplayMessage":false,"hasContent":true},{"name":"Check Message Password Error hint is visible","time":{"start":1688401899215,"stop":1688401904320,"duration":5105},"status":"broken","statusMessage":"selenium.common.exceptions.TimeoutException: Message: \nStacktrace:\n#0 0x55784a8a34e3 <unknown>\n#1 0x55784a5d2c76 <unknown>\n#2 0x55784a60ec96 <unknown>\n#3 0x55784a60edc1 <unknown>\n#4 0x55784a6487f4 <unknown>\n#5 0x55784a62e03d <unknown>\n#6 0x55784a64630e <unknown>\n#7 0x55784a62dde3 <unknown>\n#8 0x55784a6032dd <unknown>\n#9 0x55784a60434e <unknown>\n#10 0x55784a8633e4 <unknown>\n#11 0x55784a8673d7 <unknown>\n#12 0x55784a871b20 <unknown>\n#13 0x55784a868023 <unknown>\n#14 0x55784a8361aa <unknown>\n#15 0x55784a88c6b8 <unknown>\n#16 0x55784a88c847 <unknown>\n#17 0x55784a89c243 <unknown>\n#18 0x7f6db1897b43 <unknown>\n\n","statusTrace":"  File \"/opt/hostedtoolcache/Python/3.11.4/x64/lib/python3.11/site-packages/allure_commons/_allure.py\", line 192, in impl\n    return func(*a, **kw)\n           ^^^^^^^^^^^^^^\n  File \"/home/runner/work/luma_project/luma_project/pages/create_an_account_page.py\", line 75, in check_message_password_error_hint\n    return self.element_is_visible(self.locators.MESSAGE_PASSWORD_ERROR)\n           ^^^^^^^^^^^^^^^^^^^^^^^^^^^^^^^^^^^^^^^^^^^^^^^^^^^^^^^^^^^^^\n  File \"/opt/hostedtoolcache/Python/3.11.4/x64/lib/python3.11/site-packages/allure_commons/_allure.py\", line 192, in impl\n    return func(*a, **kw)\n           ^^^^^^^^^^^^^^\n  File \"/home/runner/work/luma_project/luma_project/pages/base_page.py\", line 29, in element_is_visible\n    self.go_to_element(self.element_is_present(locator))\n                       ^^^^^^^^^^^^^^^^^^^^^^^^^^^^^^^^\n  File \"/opt/hostedtoolcache/Python/3.11.4/x64/lib/python3.11/site-packages/allure_commons/_allure.py\", line 192, in impl\n    return func(*a, **kw)\n           ^^^^^^^^^^^^^^\n  File \"/home/runner/work/luma_project/luma_project/pages/base_page.py\", line 50, in element_is_present\n    return wait(self.driver, timeout).until(EC.presence_of_element_located(locator))\n           ^^^^^^^^^^^^^^^^^^^^^^^^^^^^^^^^^^^^^^^^^^^^^^^^^^^^^^^^^^^^^^^^^^^^^^^^^\n  File \"/opt/hostedtoolcache/Python/3.11.4/x64/lib/python3.11/site-packages/selenium/webdriver/support/wait.py\", line 95, in until\n    raise TimeoutException(message, screen, stacktrace)\n","steps":[{"name":"Find a visible element","time":{"start":1688401899215,"stop":1688401904319,"duration":5104},"status":"broken","statusMessage":"selenium.common.exceptions.TimeoutException: Message: \nStacktrace:\n#0 0x55784a8a34e3 <unknown>\n#1 0x55784a5d2c76 <unknown>\n#2 0x55784a60ec96 <unknown>\n#3 0x55784a60edc1 <unknown>\n#4 0x55784a6487f4 <unknown>\n#5 0x55784a62e03d <unknown>\n#6 0x55784a64630e <unknown>\n#7 0x55784a62dde3 <unknown>\n#8 0x55784a6032dd <unknown>\n#9 0x55784a60434e <unknown>\n#10 0x55784a8633e4 <unknown>\n#11 0x55784a8673d7 <unknown>\n#12 0x55784a871b20 <unknown>\n#13 0x55784a868023 <unknown>\n#14 0x55784a8361aa <unknown>\n#15 0x55784a88c6b8 <unknown>\n#16 0x55784a88c847 <unknown>\n#17 0x55784a89c243 <unknown>\n#18 0x7f6db1897b43 <unknown>\n\n","statusTrace":"  File \"/opt/hostedtoolcache/Python/3.11.4/x64/lib/python3.11/site-packages/allure_commons/_allure.py\", line 192, in impl\n    return func(*a, **kw)\n           ^^^^^^^^^^^^^^\n  File \"/home/runner/work/luma_project/luma_project/pages/base_page.py\", line 29, in element_is_visible\n    self.go_to_element(self.element_is_present(locator))\n                       ^^^^^^^^^^^^^^^^^^^^^^^^^^^^^^^^\n  File \"/opt/hostedtoolcache/Python/3.11.4/x64/lib/python3.11/site-packages/allure_commons/_allure.py\", line 192, in impl\n    return func(*a, **kw)\n           ^^^^^^^^^^^^^^\n  File \"/home/runner/work/luma_project/luma_project/pages/base_page.py\", line 50, in element_is_present\n    return wait(self.driver, timeout).until(EC.presence_of_element_located(locator))\n           ^^^^^^^^^^^^^^^^^^^^^^^^^^^^^^^^^^^^^^^^^^^^^^^^^^^^^^^^^^^^^^^^^^^^^^^^^\n  File \"/opt/hostedtoolcache/Python/3.11.4/x64/lib/python3.11/site-packages/selenium/webdriver/support/wait.py\", line 95, in until\n    raise TimeoutException(message, screen, stacktrace)\n","steps":[{"name":"Find a present element","time":{"start":1688401899215,"stop":1688401904319,"duration":5104},"status":"broken","statusMessage":"selenium.common.exceptions.TimeoutException: Message: \nStacktrace:\n#0 0x55784a8a34e3 <unknown>\n#1 0x55784a5d2c76 <unknown>\n#2 0x55784a60ec96 <unknown>\n#3 0x55784a60edc1 <unknown>\n#4 0x55784a6487f4 <unknown>\n#5 0x55784a62e03d <unknown>\n#6 0x55784a64630e <unknown>\n#7 0x55784a62dde3 <unknown>\n#8 0x55784a6032dd <unknown>\n#9 0x55784a60434e <unknown>\n#10 0x55784a8633e4 <unknown>\n#11 0x55784a8673d7 <unknown>\n#12 0x55784a871b20 <unknown>\n#13 0x55784a868023 <unknown>\n#14 0x55784a8361aa <unknown>\n#15 0x55784a88c6b8 <unknown>\n#16 0x55784a88c847 <unknown>\n#17 0x55784a89c243 <unknown>\n#18 0x7f6db1897b43 <unknown>\n\n","statusTrace":"  File \"/opt/hostedtoolcache/Python/3.11.4/x64/lib/python3.11/site-packages/allure_commons/_allure.py\", line 192, in impl\n    return func(*a, **kw)\n           ^^^^^^^^^^^^^^\n  File \"/home/runner/work/luma_project/luma_project/pages/base_page.py\", line 50, in element_is_present\n    return wait(self.driver, timeout).until(EC.presence_of_element_located(locator))\n           ^^^^^^^^^^^^^^^^^^^^^^^^^^^^^^^^^^^^^^^^^^^^^^^^^^^^^^^^^^^^^^^^^^^^^^^^^\n  File \"/opt/hostedtoolcache/Python/3.11.4/x64/lib/python3.11/site-packages/selenium/webdriver/support/wait.py\", line 95, in until\n    raise TimeoutException(message, screen, stacktrace)\n","steps":[],"attachments":[],"parameters":[{"name":"locator","value":"('id', 'password-error')"},{"name":"timeout","value":"5"}],"stepsCount":0,"attachmentsCount":0,"shouldDisplayMessage":true,"hasContent":true}],"attachments":[],"parameters":[{"name":"locator","value":"('id', 'password-error')"},{"name":"timeout","value":"10"}],"stepsCount":1,"attachmentsCount":0,"shouldDisplayMessage":false,"hasContent":true}],"attachments":[],"parameters":[],"stepsCount":2,"attachmentsCount":0,"shouldDisplayMessage":false,"hasContent":true}],"attachments":[],"parameters":[],"stepsCount":7,"attachmentsCount":0,"shouldDisplayMessage":false,"hasContent":true}],"attachments":[],"parameters":[],"stepsCount":8,"attachmentsCount":0,"shouldDisplayMessage":true,"hasContent":true},"afterStages":[{"name":"wait::0","time":{"start":1688401904345,"stop":1688401904345,"duration":0},"status":"passed","steps":[],"attachments":[],"parameters":[],"stepsCount":0,"attachmentsCount":0,"shouldDisplayMessage":false,"hasContent":false},{"name":"driver::0","time":{"start":1688401904345,"stop":1688401904409,"duration":64},"status":"passed","steps":[],"attachments":[],"parameters":[],"stepsCount":0,"attachmentsCount":0,"shouldDisplayMessage":false,"hasContent":false},{"name":"clear_allure_result_folder::0","time":{"start":1688403091351,"stop":1688403091351,"duration":0},"status":"passed","steps":[],"attachments":[],"parameters":[],"stepsCount":0,"attachmentsCount":0,"shouldDisplayMessage":false,"hasContent":false}],"labels":[{"name":"epic","value":"Create An Account"},{"name":"parentSuite","value":"tests"},{"name":"suite","value":"test_create_an_account"},{"name":"subSuite","value":"TestCreateAnAccount"},{"name":"host","value":"fv-az358-31"},{"name":"thread","value":"3414-MainThread"},{"name":"framework","value":"pytest"},{"name":"language","value":"cpython3"},{"name":"package","value":"tests.test_create_an_account"},{"name":"resultFormat","value":"allure2"}],"parameters":[],"links":[],"hidden":false,"retry":false,"extra":{"severity":"normal","retries":[],"categories":[{"name":"Test defects","matchedStatuses":[],"flaky":false}],"tags":[]},"source":"a87851774801bbc9.json","parameterValues":[]}