{"uid":"fd2ad4ae9aa709b0","name":"tc 07.02.25 Verify the message coupon code is not valid is displayed correct","fullName":"tests.test_shopping_cart.TestShoppingCartFull#test_tc_07_02_25_verify_msg_coupon_code_is_not_valid_is_displayed","historyId":"492343fa43b6d6d286e390bbb49df7ba","time":{"start":1694307903130,"stop":1694307907462,"duration":4332},"description":"Check that message coupon code is not valid is displayed correct","descriptionHtml":"<p>Check that message coupon code is not valid is displayed correct</p>\n","status":"broken","statusMessage":"selenium.common.exceptions.StaleElementReferenceException: Message: stale element reference: stale element not found\n  (Session info: chrome=116.0.5845.140); For documentation on this error, please visit: https://www.selenium.dev/documentation/webdriver/troubleshooting/errors#stale-element-reference-exception\nStacktrace:\n#0 0x55e971882e23 <unknown>\n#1 0x55e9715ab7a7 <unknown>\n#2 0x55e9715afd1e <unknown>\n#3 0x55e9715b1859 <unknown>\n#4 0x55e971623e4f <unknown>\n#5 0x55e97160b012 <unknown>\n#6 0x55e971623369 <unknown>\n#7 0x55e97160ade3 <unknown>\n#8 0x55e9715dea7b <unknown>\n#9 0x55e9715df81e <unknown>\n#10 0x55e971844638 <unknown>\n#11 0x55e971848507 <unknown>\n#12 0x55e971852c4c <unknown>\n#13 0x55e971849136 <unknown>\n#14 0x55e9718179cf <unknown>\n#15 0x55e97186cb98 <unknown>\n#16 0x55e97186cd68 <unknown>\n#17 0x55e97187bcb3 <unknown>\n#18 0x7fc04471bb43 <unknown>","statusTrace":"self = <test_shopping_cart.TestShoppingCartFull object at 0x7f6a988770d0>\ndriver = <selenium.webdriver.chrome.webdriver.WebDriver (session=\"f354a55ff69a548633d466b87f3ddce3\")>\nfull_cart_page = None\n\n    @allure.title(\"tc 07.02.25 Verify the message coupon code is not valid is displayed correct\")\n    def test_tc_07_02_25_verify_msg_coupon_code_is_not_valid_is_displayed(self, driver, full_cart_page):\n        \"\"\"Check that message coupon code is not valid is displayed correct\"\"\"\n        page = ShoppingCartPage(driver, SHOPPING_CART_PAGE)\n        page.open()\n        page.click_apply_discount_code()\n        page.send_discount_code(page.code)\n        page.click_btn_apply_discount()\n>       msg = page.get_msg_discount_code_is_not_valid()\n\ntests/test_shopping_cart.py:166: \n_ _ _ _ _ _ _ _ _ _ _ _ _ _ _ _ _ _ _ _ _ _ _ _ _ _ _ _ _ _ _ _ _ _ _ _ _ _ _ _ \npages/shopping_cart_page.py:219: in get_msg_discount_code_is_not_valid\n    msg = self.element_is_visible(self.shopping_locators.MSG_CODE_IS_NOT_VALID).text\npages/base_page.py:29: in element_is_visible\n    self.go_to_element(self.element_is_present(locator))\npages/base_page.py:87: in go_to_element\n    self.driver.execute_script(\"arguments[0].scrollIntoView();\", element)\n/opt/hostedtoolcache/Python/3.11.5/x64/lib/python3.11/site-packages/selenium/webdriver/remote/webdriver.py:404: in execute_script\n    return self.execute(command, {\"script\": script, \"args\": converted_args})[\"value\"]\n/opt/hostedtoolcache/Python/3.11.5/x64/lib/python3.11/site-packages/selenium/webdriver/remote/webdriver.py:344: in execute\n    self.error_handler.check_response(response)\n_ _ _ _ _ _ _ _ _ _ _ _ _ _ _ _ _ _ _ _ _ _ _ _ _ _ _ _ _ _ _ _ _ _ _ _ _ _ _ _ \n\nself = <selenium.webdriver.remote.errorhandler.ErrorHandler object at 0x7f6a986d9d90>\nresponse = {'status': 404, 'value': '{\"value\":{\"error\":\"stale element reference\",\"message\":\"stale element reference: stale elemen...\\\\n#16 0x55e97186cd68 \\\\u003Cunknown>\\\\n#17 0x55e97187bcb3 \\\\u003Cunknown>\\\\n#18 0x7fc04471bb43 \\\\u003Cunknown>\\\\n\"}}'}\n\n    def check_response(self, response: Dict[str, Any]) -> None:\n        \"\"\"Checks that a JSON response from the WebDriver does not have an\n        error.\n    \n        :Args:\n         - response - The JSON response from the WebDriver server as a dictionary\n           object.\n    \n        :Raises: If the response contains an error message.\n        \"\"\"\n        status = response.get(\"status\", None)\n        if not status or status == ErrorCode.SUCCESS:\n            return\n        value = None\n        message = response.get(\"message\", \"\")\n        screen: str = response.get(\"screen\", \"\")\n        stacktrace = None\n        if isinstance(status, int):\n            value_json = response.get(\"value\", None)\n            if value_json and isinstance(value_json, str):\n                import json\n    \n                try:\n                    value = json.loads(value_json)\n                    if len(value) == 1:\n                        value = value[\"value\"]\n                    status = value.get(\"error\", None)\n                    if not status:\n                        status = value.get(\"status\", ErrorCode.UNKNOWN_ERROR)\n                        message = value.get(\"value\") or value.get(\"message\")\n                        if not isinstance(message, str):\n                            value = message\n                            message = message.get(\"message\")\n                    else:\n                        message = value.get(\"message\", None)\n                except ValueError:\n                    pass\n    \n        exception_class: Type[WebDriverException]\n        e = ErrorCode()\n        error_codes = [item for item in dir(e) if not item.startswith(\"__\")]\n        for error_code in error_codes:\n            error_info = getattr(ErrorCode, error_code)\n            if isinstance(error_info, list) and status in error_info:\n                exception_class = getattr(ExceptionMapping, error_code, WebDriverException)\n                break\n        else:\n            exception_class = WebDriverException\n    \n        if not value:\n            value = response[\"value\"]\n        if isinstance(value, str):\n            raise exception_class(value)\n        if message == \"\" and \"message\" in value:\n            message = value[\"message\"]\n    \n        screen = None  # type: ignore[assignment]\n        if \"screen\" in value:\n            screen = value[\"screen\"]\n    \n        stacktrace = None\n        st_value = value.get(\"stackTrace\") or value.get(\"stacktrace\")\n        if st_value:\n            if isinstance(st_value, str):\n                stacktrace = st_value.split(\"\\n\")\n            else:\n                stacktrace = []\n                try:\n                    for frame in st_value:\n                        line = frame.get(\"lineNumber\", \"\")\n                        file = frame.get(\"fileName\", \"<anonymous>\")\n                        if line:\n                            file = f\"{file}:{line}\"\n                        meth = frame.get(\"methodName\", \"<anonymous>\")\n                        if \"className\" in frame:\n                            meth = f\"{frame['className']}.{meth}\"\n                        msg = \"    at %s (%s)\"\n                        msg = msg % (meth, file)\n                        stacktrace.append(msg)\n                except TypeError:\n                    pass\n        if exception_class == UnexpectedAlertPresentException:\n            alert_text = None\n            if \"data\" in value:\n                alert_text = value[\"data\"].get(\"text\")\n            elif \"alert\" in value:\n                alert_text = value[\"alert\"].get(\"text\")\n            raise exception_class(message, screen, stacktrace, alert_text)  # type: ignore[call-arg]  # mypy is not smart enough here\n>       raise exception_class(message, screen, stacktrace)\nE       selenium.common.exceptions.StaleElementReferenceException: Message: stale element reference: stale element not found\nE         (Session info: chrome=116.0.5845.140); For documentation on this error, please visit: https://www.selenium.dev/documentation/webdriver/troubleshooting/errors#stale-element-reference-exception\nE       Stacktrace:\nE       #0 0x55e971882e23 <unknown>\nE       #1 0x55e9715ab7a7 <unknown>\nE       #2 0x55e9715afd1e <unknown>\nE       #3 0x55e9715b1859 <unknown>\nE       #4 0x55e971623e4f <unknown>\nE       #5 0x55e97160b012 <unknown>\nE       #6 0x55e971623369 <unknown>\nE       #7 0x55e97160ade3 <unknown>\nE       #8 0x55e9715dea7b <unknown>\nE       #9 0x55e9715df81e <unknown>\nE       #10 0x55e971844638 <unknown>\nE       #11 0x55e971848507 <unknown>\nE       #12 0x55e971852c4c <unknown>\nE       #13 0x55e971849136 <unknown>\nE       #14 0x55e9718179cf <unknown>\nE       #15 0x55e97186cb98 <unknown>\nE       #16 0x55e97186cd68 <unknown>\nE       #17 0x55e97187bcb3 <unknown>\nE       #18 0x7fc04471bb43 <unknown>\n\n/opt/hostedtoolcache/Python/3.11.5/x64/lib/python3.11/site-packages/selenium/webdriver/remote/errorhandler.py:229: StaleElementReferenceException","flaky":false,"newFailed":false,"newBroken":true,"newPassed":false,"retriesCount":0,"retriesStatusChange":false,"beforeStages":[{"name":"_session_faker","time":{"start":1694306456199,"stop":1694306456286,"duration":87},"status":"passed","steps":[],"attachments":[],"parameters":[],"shouldDisplayMessage":false,"stepsCount":0,"attachmentsCount":0,"hasContent":false},{"name":"clear_allure_result_folder","time":{"start":1694306456287,"stop":1694306456287,"duration":0},"status":"passed","steps":[],"attachments":[],"parameters":[],"shouldDisplayMessage":false,"stepsCount":0,"attachmentsCount":0,"hasContent":false},{"name":"driver","time":{"start":1694307896750,"stop":1694307898005,"duration":1255},"status":"passed","steps":[],"attachments":[],"parameters":[],"shouldDisplayMessage":false,"stepsCount":0,"attachmentsCount":0,"hasContent":false},{"name":"full_cart_page","time":{"start":1694307898005,"stop":1694307903130,"duration":5125},"status":"passed","steps":[],"attachments":[],"parameters":[],"shouldDisplayMessage":false,"stepsCount":0,"attachmentsCount":0,"hasContent":false}],"testStage":{"description":"Check that message coupon code is not valid is displayed correct","status":"broken","statusMessage":"selenium.common.exceptions.StaleElementReferenceException: Message: stale element reference: stale element not found\n  (Session info: chrome=116.0.5845.140); For documentation on this error, please visit: https://www.selenium.dev/documentation/webdriver/troubleshooting/errors#stale-element-reference-exception\nStacktrace:\n#0 0x55e971882e23 <unknown>\n#1 0x55e9715ab7a7 <unknown>\n#2 0x55e9715afd1e <unknown>\n#3 0x55e9715b1859 <unknown>\n#4 0x55e971623e4f <unknown>\n#5 0x55e97160b012 <unknown>\n#6 0x55e971623369 <unknown>\n#7 0x55e97160ade3 <unknown>\n#8 0x55e9715dea7b <unknown>\n#9 0x55e9715df81e <unknown>\n#10 0x55e971844638 <unknown>\n#11 0x55e971848507 <unknown>\n#12 0x55e971852c4c <unknown>\n#13 0x55e971849136 <unknown>\n#14 0x55e9718179cf <unknown>\n#15 0x55e97186cb98 <unknown>\n#16 0x55e97186cd68 <unknown>\n#17 0x55e97187bcb3 <unknown>\n#18 0x7fc04471bb43 <unknown>","statusTrace":"self = <test_shopping_cart.TestShoppingCartFull object at 0x7f6a988770d0>\ndriver = <selenium.webdriver.chrome.webdriver.WebDriver (session=\"f354a55ff69a548633d466b87f3ddce3\")>\nfull_cart_page = None\n\n    @allure.title(\"tc 07.02.25 Verify the message coupon code is not valid is displayed correct\")\n    def test_tc_07_02_25_verify_msg_coupon_code_is_not_valid_is_displayed(self, driver, full_cart_page):\n        \"\"\"Check that message coupon code is not valid is displayed correct\"\"\"\n        page = ShoppingCartPage(driver, SHOPPING_CART_PAGE)\n        page.open()\n        page.click_apply_discount_code()\n        page.send_discount_code(page.code)\n        page.click_btn_apply_discount()\n>       msg = page.get_msg_discount_code_is_not_valid()\n\ntests/test_shopping_cart.py:166: \n_ _ _ _ _ _ _ _ _ _ _ _ _ _ _ _ _ _ _ _ _ _ _ _ _ _ _ _ _ _ _ _ _ _ _ _ _ _ _ _ \npages/shopping_cart_page.py:219: in get_msg_discount_code_is_not_valid\n    msg = self.element_is_visible(self.shopping_locators.MSG_CODE_IS_NOT_VALID).text\npages/base_page.py:29: in element_is_visible\n    self.go_to_element(self.element_is_present(locator))\npages/base_page.py:87: in go_to_element\n    self.driver.execute_script(\"arguments[0].scrollIntoView();\", element)\n/opt/hostedtoolcache/Python/3.11.5/x64/lib/python3.11/site-packages/selenium/webdriver/remote/webdriver.py:404: in execute_script\n    return self.execute(command, {\"script\": script, \"args\": converted_args})[\"value\"]\n/opt/hostedtoolcache/Python/3.11.5/x64/lib/python3.11/site-packages/selenium/webdriver/remote/webdriver.py:344: in execute\n    self.error_handler.check_response(response)\n_ _ _ _ _ _ _ _ _ _ _ _ _ _ _ _ _ _ _ _ _ _ _ _ _ _ _ _ _ _ _ _ _ _ _ _ _ _ _ _ \n\nself = <selenium.webdriver.remote.errorhandler.ErrorHandler object at 0x7f6a986d9d90>\nresponse = {'status': 404, 'value': '{\"value\":{\"error\":\"stale element reference\",\"message\":\"stale element reference: stale elemen...\\\\n#16 0x55e97186cd68 \\\\u003Cunknown>\\\\n#17 0x55e97187bcb3 \\\\u003Cunknown>\\\\n#18 0x7fc04471bb43 \\\\u003Cunknown>\\\\n\"}}'}\n\n    def check_response(self, response: Dict[str, Any]) -> None:\n        \"\"\"Checks that a JSON response from the WebDriver does not have an\n        error.\n    \n        :Args:\n         - response - The JSON response from the WebDriver server as a dictionary\n           object.\n    \n        :Raises: If the response contains an error message.\n        \"\"\"\n        status = response.get(\"status\", None)\n        if not status or status == ErrorCode.SUCCESS:\n            return\n        value = None\n        message = response.get(\"message\", \"\")\n        screen: str = response.get(\"screen\", \"\")\n        stacktrace = None\n        if isinstance(status, int):\n            value_json = response.get(\"value\", None)\n            if value_json and isinstance(value_json, str):\n                import json\n    \n                try:\n                    value = json.loads(value_json)\n                    if len(value) == 1:\n                        value = value[\"value\"]\n                    status = value.get(\"error\", None)\n                    if not status:\n                        status = value.get(\"status\", ErrorCode.UNKNOWN_ERROR)\n                        message = value.get(\"value\") or value.get(\"message\")\n                        if not isinstance(message, str):\n                            value = message\n                            message = message.get(\"message\")\n                    else:\n                        message = value.get(\"message\", None)\n                except ValueError:\n                    pass\n    \n        exception_class: Type[WebDriverException]\n        e = ErrorCode()\n        error_codes = [item for item in dir(e) if not item.startswith(\"__\")]\n        for error_code in error_codes:\n            error_info = getattr(ErrorCode, error_code)\n            if isinstance(error_info, list) and status in error_info:\n                exception_class = getattr(ExceptionMapping, error_code, WebDriverException)\n                break\n        else:\n            exception_class = WebDriverException\n    \n        if not value:\n            value = response[\"value\"]\n        if isinstance(value, str):\n            raise exception_class(value)\n        if message == \"\" and \"message\" in value:\n            message = value[\"message\"]\n    \n        screen = None  # type: ignore[assignment]\n        if \"screen\" in value:\n            screen = value[\"screen\"]\n    \n        stacktrace = None\n        st_value = value.get(\"stackTrace\") or value.get(\"stacktrace\")\n        if st_value:\n            if isinstance(st_value, str):\n                stacktrace = st_value.split(\"\\n\")\n            else:\n                stacktrace = []\n                try:\n                    for frame in st_value:\n                        line = frame.get(\"lineNumber\", \"\")\n                        file = frame.get(\"fileName\", \"<anonymous>\")\n                        if line:\n                            file = f\"{file}:{line}\"\n                        meth = frame.get(\"methodName\", \"<anonymous>\")\n                        if \"className\" in frame:\n                            meth = f\"{frame['className']}.{meth}\"\n                        msg = \"    at %s (%s)\"\n                        msg = msg % (meth, file)\n                        stacktrace.append(msg)\n                except TypeError:\n                    pass\n        if exception_class == UnexpectedAlertPresentException:\n            alert_text = None\n            if \"data\" in value:\n                alert_text = value[\"data\"].get(\"text\")\n            elif \"alert\" in value:\n                alert_text = value[\"alert\"].get(\"text\")\n            raise exception_class(message, screen, stacktrace, alert_text)  # type: ignore[call-arg]  # mypy is not smart enough here\n>       raise exception_class(message, screen, stacktrace)\nE       selenium.common.exceptions.StaleElementReferenceException: Message: stale element reference: stale element not found\nE         (Session info: chrome=116.0.5845.140); For documentation on this error, please visit: https://www.selenium.dev/documentation/webdriver/troubleshooting/errors#stale-element-reference-exception\nE       Stacktrace:\nE       #0 0x55e971882e23 <unknown>\nE       #1 0x55e9715ab7a7 <unknown>\nE       #2 0x55e9715afd1e <unknown>\nE       #3 0x55e9715b1859 <unknown>\nE       #4 0x55e971623e4f <unknown>\nE       #5 0x55e97160b012 <unknown>\nE       #6 0x55e971623369 <unknown>\nE       #7 0x55e97160ade3 <unknown>\nE       #8 0x55e9715dea7b <unknown>\nE       #9 0x55e9715df81e <unknown>\nE       #10 0x55e971844638 <unknown>\nE       #11 0x55e971848507 <unknown>\nE       #12 0x55e971852c4c <unknown>\nE       #13 0x55e971849136 <unknown>\nE       #14 0x55e9718179cf <unknown>\nE       #15 0x55e97186cb98 <unknown>\nE       #16 0x55e97186cd68 <unknown>\nE       #17 0x55e97187bcb3 <unknown>\nE       #18 0x7fc04471bb43 <unknown>\n\n/opt/hostedtoolcache/Python/3.11.5/x64/lib/python3.11/site-packages/selenium/webdriver/remote/errorhandler.py:229: StaleElementReferenceException","steps":[{"name":"Open a browser","time":{"start":1694307903130,"stop":1694307904439,"duration":1309},"status":"passed","steps":[],"attachments":[],"parameters":[],"shouldDisplayMessage":false,"stepsCount":0,"attachmentsCount":0,"hasContent":false},{"name":"Apply Discount Code on click","time":{"start":1694307904440,"stop":1694307904958,"duration":518},"status":"passed","steps":[{"name":"Find clickable elements","time":{"start":1694307904440,"stop":1694307904723,"duration":283},"status":"passed","steps":[],"attachments":[],"parameters":[{"name":"locator","value":"('css selector', '#block-discount-heading')"},{"name":"timeout","value":"5"}],"shouldDisplayMessage":false,"stepsCount":0,"attachmentsCount":0,"hasContent":true}],"attachments":[],"parameters":[],"shouldDisplayMessage":false,"stepsCount":1,"attachmentsCount":0,"hasContent":true},{"name":"Send discount code","time":{"start":1694307904959,"stop":1694307905211,"duration":252},"status":"passed","steps":[{"name":"Fill in a field","time":{"start":1694307904959,"stop":1694307905211,"duration":252},"status":"passed","steps":[{"name":"Find clickable elements","time":{"start":1694307904959,"stop":1694307905075,"duration":116},"status":"passed","steps":[],"attachments":[],"parameters":[{"name":"locator","value":"('css selector', '#coupon_code')"},{"name":"timeout","value":"5"}],"shouldDisplayMessage":false,"stepsCount":0,"attachmentsCount":0,"hasContent":true}],"attachments":[],"parameters":[{"name":"locator","value":"('css selector', '#coupon_code')"},{"name":"value","value":"'kicsuvxd'"}],"shouldDisplayMessage":false,"stepsCount":1,"attachmentsCount":0,"hasContent":true}],"attachments":[],"parameters":[{"name":"code","value":"'kicsuvxd'"}],"shouldDisplayMessage":false,"stepsCount":2,"attachmentsCount":0,"hasContent":true},{"name":"Click button Apply Discount","time":{"start":1694307905211,"stop":1694307907135,"duration":1924},"status":"passed","steps":[{"name":"Find clickable elements","time":{"start":1694307905211,"stop":1694307905247,"duration":36},"status":"passed","steps":[],"attachments":[],"parameters":[{"name":"locator","value":"('css selector', '#discount-coupon-form > div > div.actions-toolbar > div > button')"},{"name":"timeout","value":"5"}],"shouldDisplayMessage":false,"stepsCount":0,"attachmentsCount":0,"hasContent":true}],"attachments":[],"parameters":[],"shouldDisplayMessage":false,"stepsCount":1,"attachmentsCount":0,"hasContent":true},{"name":"Get message discount code is not valid by page","time":{"start":1694307907135,"stop":1694307907461,"duration":326},"status":"broken","statusMessage":"selenium.common.exceptions.StaleElementReferenceException: Message: stale element reference: stale element not found\n  (Session info: chrome=116.0.5845.140); For documentation on this error, please visit: https://www.selenium.dev/documentation/webdriver/troubleshooting/errors#stale-element-reference-exception\nStacktrace:\n#0 0x55e971882e23 <unknown>\n#1 0x55e9715ab7a7 <unknown>\n#2 0x55e9715afd1e <unknown>\n#3 0x55e9715b1859 <unknown>\n#4 0x55e971623e4f <unknown>\n#5 0x55e97160b012 <unknown>\n#6 0x55e971623369 <unknown>\n#7 0x55e97160ade3 <unknown>\n#8 0x55e9715dea7b <unknown>\n#9 0x55e9715df81e <unknown>\n#10 0x55e971844638 <unknown>\n#11 0x55e971848507 <unknown>\n#12 0x55e971852c4c <unknown>\n#13 0x55e971849136 <unknown>\n#14 0x55e9718179cf <unknown>\n#15 0x55e97186cb98 <unknown>\n#16 0x55e97186cd68 <unknown>\n#17 0x55e97187bcb3 <unknown>\n#18 0x7fc04471bb43 <unknown>\n\n","statusTrace":"  File \"/opt/hostedtoolcache/Python/3.11.5/x64/lib/python3.11/site-packages/allure_commons/_allure.py\", line 192, in impl\n    return func(*a, **kw)\n           ^^^^^^^^^^^^^^\n  File \"/home/runner/work/luma_project/luma_project/pages/shopping_cart_page.py\", line 219, in get_msg_discount_code_is_not_valid\n    msg = self.element_is_visible(self.shopping_locators.MSG_CODE_IS_NOT_VALID).text\n          ^^^^^^^^^^^^^^^^^^^^^^^^^^^^^^^^^^^^^^^^^^^^^^^^^^^^^^^^^^^^^^^^^^^^^\n  File \"/opt/hostedtoolcache/Python/3.11.5/x64/lib/python3.11/site-packages/allure_commons/_allure.py\", line 192, in impl\n    return func(*a, **kw)\n           ^^^^^^^^^^^^^^\n  File \"/home/runner/work/luma_project/luma_project/pages/base_page.py\", line 29, in element_is_visible\n    self.go_to_element(self.element_is_present(locator))\n  File \"/opt/hostedtoolcache/Python/3.11.5/x64/lib/python3.11/site-packages/allure_commons/_allure.py\", line 192, in impl\n    return func(*a, **kw)\n           ^^^^^^^^^^^^^^\n  File \"/home/runner/work/luma_project/luma_project/pages/base_page.py\", line 87, in go_to_element\n    self.driver.execute_script(\"arguments[0].scrollIntoView();\", element)\n  File \"/opt/hostedtoolcache/Python/3.11.5/x64/lib/python3.11/site-packages/selenium/webdriver/remote/webdriver.py\", line 404, in execute_script\n    return self.execute(command, {\"script\": script, \"args\": converted_args})[\"value\"]\n           ^^^^^^^^^^^^^^^^^^^^^^^^^^^^^^^^^^^^^^^^^^^^^^^^^^^^^^^^^^^^^^^^^\n  File \"/opt/hostedtoolcache/Python/3.11.5/x64/lib/python3.11/site-packages/selenium/webdriver/remote/webdriver.py\", line 344, in execute\n    self.error_handler.check_response(response)\n  File \"/opt/hostedtoolcache/Python/3.11.5/x64/lib/python3.11/site-packages/selenium/webdriver/remote/errorhandler.py\", line 229, in check_response\n    raise exception_class(message, screen, stacktrace)\n","steps":[{"name":"Find a visible element","time":{"start":1694307907135,"stop":1694307907460,"duration":325},"status":"broken","statusMessage":"selenium.common.exceptions.StaleElementReferenceException: Message: stale element reference: stale element not found\n  (Session info: chrome=116.0.5845.140); For documentation on this error, please visit: https://www.selenium.dev/documentation/webdriver/troubleshooting/errors#stale-element-reference-exception\nStacktrace:\n#0 0x55e971882e23 <unknown>\n#1 0x55e9715ab7a7 <unknown>\n#2 0x55e9715afd1e <unknown>\n#3 0x55e9715b1859 <unknown>\n#4 0x55e971623e4f <unknown>\n#5 0x55e97160b012 <unknown>\n#6 0x55e971623369 <unknown>\n#7 0x55e97160ade3 <unknown>\n#8 0x55e9715dea7b <unknown>\n#9 0x55e9715df81e <unknown>\n#10 0x55e971844638 <unknown>\n#11 0x55e971848507 <unknown>\n#12 0x55e971852c4c <unknown>\n#13 0x55e971849136 <unknown>\n#14 0x55e9718179cf <unknown>\n#15 0x55e97186cb98 <unknown>\n#16 0x55e97186cd68 <unknown>\n#17 0x55e97187bcb3 <unknown>\n#18 0x7fc04471bb43 <unknown>\n\n","statusTrace":"  File \"/opt/hostedtoolcache/Python/3.11.5/x64/lib/python3.11/site-packages/allure_commons/_allure.py\", line 192, in impl\n    return func(*a, **kw)\n           ^^^^^^^^^^^^^^\n  File \"/home/runner/work/luma_project/luma_project/pages/base_page.py\", line 29, in element_is_visible\n    self.go_to_element(self.element_is_present(locator))\n  File \"/opt/hostedtoolcache/Python/3.11.5/x64/lib/python3.11/site-packages/allure_commons/_allure.py\", line 192, in impl\n    return func(*a, **kw)\n           ^^^^^^^^^^^^^^\n  File \"/home/runner/work/luma_project/luma_project/pages/base_page.py\", line 87, in go_to_element\n    self.driver.execute_script(\"arguments[0].scrollIntoView();\", element)\n  File \"/opt/hostedtoolcache/Python/3.11.5/x64/lib/python3.11/site-packages/selenium/webdriver/remote/webdriver.py\", line 404, in execute_script\n    return self.execute(command, {\"script\": script, \"args\": converted_args})[\"value\"]\n           ^^^^^^^^^^^^^^^^^^^^^^^^^^^^^^^^^^^^^^^^^^^^^^^^^^^^^^^^^^^^^^^^^\n  File \"/opt/hostedtoolcache/Python/3.11.5/x64/lib/python3.11/site-packages/selenium/webdriver/remote/webdriver.py\", line 344, in execute\n    self.error_handler.check_response(response)\n  File \"/opt/hostedtoolcache/Python/3.11.5/x64/lib/python3.11/site-packages/selenium/webdriver/remote/errorhandler.py\", line 229, in check_response\n    raise exception_class(message, screen, stacktrace)\n","steps":[{"name":"Find a present element","time":{"start":1694307907135,"stop":1694307907355,"duration":220},"status":"passed","steps":[],"attachments":[],"parameters":[{"name":"locator","value":"('css selector', '#maincontent > div.page.messages > div:nth-child(2) > div > div > div')"},{"name":"timeout","value":"5"}],"shouldDisplayMessage":false,"stepsCount":0,"attachmentsCount":0,"hasContent":true},{"name":"Go to specified element","time":{"start":1694307907355,"stop":1694307907459,"duration":104},"status":"broken","statusMessage":"selenium.common.exceptions.StaleElementReferenceException: Message: stale element reference: stale element not found\n  (Session info: chrome=116.0.5845.140); For documentation on this error, please visit: https://www.selenium.dev/documentation/webdriver/troubleshooting/errors#stale-element-reference-exception\nStacktrace:\n#0 0x55e971882e23 <unknown>\n#1 0x55e9715ab7a7 <unknown>\n#2 0x55e9715afd1e <unknown>\n#3 0x55e9715b1859 <unknown>\n#4 0x55e971623e4f <unknown>\n#5 0x55e97160b012 <unknown>\n#6 0x55e971623369 <unknown>\n#7 0x55e97160ade3 <unknown>\n#8 0x55e9715dea7b <unknown>\n#9 0x55e9715df81e <unknown>\n#10 0x55e971844638 <unknown>\n#11 0x55e971848507 <unknown>\n#12 0x55e971852c4c <unknown>\n#13 0x55e971849136 <unknown>\n#14 0x55e9718179cf <unknown>\n#15 0x55e97186cb98 <unknown>\n#16 0x55e97186cd68 <unknown>\n#17 0x55e97187bcb3 <unknown>\n#18 0x7fc04471bb43 <unknown>\n\n","statusTrace":"  File \"/opt/hostedtoolcache/Python/3.11.5/x64/lib/python3.11/site-packages/allure_commons/_allure.py\", line 192, in impl\n    return func(*a, **kw)\n           ^^^^^^^^^^^^^^\n  File \"/home/runner/work/luma_project/luma_project/pages/base_page.py\", line 87, in go_to_element\n    self.driver.execute_script(\"arguments[0].scrollIntoView();\", element)\n  File \"/opt/hostedtoolcache/Python/3.11.5/x64/lib/python3.11/site-packages/selenium/webdriver/remote/webdriver.py\", line 404, in execute_script\n    return self.execute(command, {\"script\": script, \"args\": converted_args})[\"value\"]\n           ^^^^^^^^^^^^^^^^^^^^^^^^^^^^^^^^^^^^^^^^^^^^^^^^^^^^^^^^^^^^^^^^^\n  File \"/opt/hostedtoolcache/Python/3.11.5/x64/lib/python3.11/site-packages/selenium/webdriver/remote/webdriver.py\", line 344, in execute\n    self.error_handler.check_response(response)\n  File \"/opt/hostedtoolcache/Python/3.11.5/x64/lib/python3.11/site-packages/selenium/webdriver/remote/errorhandler.py\", line 229, in check_response\n    raise exception_class(message, screen, stacktrace)\n","steps":[],"attachments":[],"parameters":[{"name":"element","value":"<selenium.webdriver.remote.webelement.WebElement (session=\"f354a55ff69a548633d466b87f3ddce3\", element=\"1AEDB895EF0850250C85ABC2FCEA5E25_element_143\")>"}],"shouldDisplayMessage":true,"stepsCount":0,"attachmentsCount":0,"hasContent":true}],"attachments":[],"parameters":[{"name":"locator","value":"('css selector', '#maincontent > div.page.messages > div:nth-child(2) > div > div > div')"},{"name":"timeout","value":"10"}],"shouldDisplayMessage":false,"stepsCount":2,"attachmentsCount":0,"hasContent":true}],"attachments":[],"parameters":[],"shouldDisplayMessage":false,"stepsCount":3,"attachmentsCount":0,"hasContent":true}],"attachments":[{"uid":"6e72950b777985c5","name":"Screenshot","source":"6e72950b777985c5.png","type":"image/png","size":96349},{"uid":"a0a5f3dd69a115bb","name":"HTML source","source":"a0a5f3dd69a115bb.html","type":"text/html","size":197243}],"parameters":[],"shouldDisplayMessage":true,"stepsCount":12,"attachmentsCount":2,"hasContent":true},"afterStages":[{"name":"driver::0","time":{"start":1694307907822,"stop":1694307907895,"duration":73},"status":"passed","steps":[],"attachments":[],"parameters":[],"shouldDisplayMessage":false,"stepsCount":0,"attachmentsCount":0,"hasContent":false},{"name":"clear_allure_result_folder::0","time":{"start":1694308081923,"stop":1694308081924,"duration":1},"status":"passed","steps":[],"attachments":[],"parameters":[],"shouldDisplayMessage":false,"stepsCount":0,"attachmentsCount":0,"hasContent":false}],"labels":[{"name":"feature","value":"Shopping Cart is full"},{"name":"parentSuite","value":"tests"},{"name":"suite","value":"test_shopping_cart"},{"name":"subSuite","value":"TestShoppingCartFull"},{"name":"host","value":"fv-az162-884"},{"name":"thread","value":"2930-MainThread"},{"name":"framework","value":"pytest"},{"name":"language","value":"cpython3"},{"name":"package","value":"tests.test_shopping_cart"},{"name":"resultFormat","value":"allure2"}],"parameters":[],"links":[],"hidden":false,"retry":false,"extra":{"severity":"normal","retries":[],"categories":[{"name":"Test defects","matchedStatuses":[],"flaky":false}],"history":{"statistic":{"failed":0,"broken":1,"skipped":0,"passed":7,"unknown":0,"total":8},"items":[{"uid":"e093a7fb77139629","reportUrl":"https://DionisIno.github.io/luma_project/107//#testresult/e093a7fb77139629","status":"passed","time":{"start":1694221481526,"stop":1694221485897,"duration":4371}},{"uid":"a2dfbc2f81efdbeb","reportUrl":"https://DionisIno.github.io/luma_project/106//#testresult/a2dfbc2f81efdbeb","status":"passed","time":{"start":1694134771755,"stop":1694134776622,"duration":4867}},{"uid":"e764ff7602e6e1ca","reportUrl":"https://DionisIno.github.io/luma_project/105//#testresult/e764ff7602e6e1ca","status":"passed","time":{"start":1694048420969,"stop":1694048426335,"duration":5366}},{"uid":"214db167babf2d3e","reportUrl":"https://DionisIno.github.io/luma_project/104//#testresult/214db167babf2d3e","status":"passed","time":{"start":1693962142049,"stop":1693962146673,"duration":4624}},{"uid":"d0b8cb4b5b26ef1","reportUrl":"https://DionisIno.github.io/luma_project/103//#testresult/d0b8cb4b5b26ef1","status":"passed","time":{"start":1693875555437,"stop":1693875560285,"duration":4848}},{"uid":"4b2acc13a900866a","reportUrl":"https://DionisIno.github.io/luma_project/102//#testresult/4b2acc13a900866a","status":"passed","time":{"start":1693789385953,"stop":1693789390937,"duration":4984}},{"uid":"1b935fe14422b148","reportUrl":"https://DionisIno.github.io/luma_project/101//#testresult/1b935fe14422b148","status":"passed","time":{"start":1693703011110,"stop":1693703015819,"duration":4709}}]},"tags":[]},"source":"fd2ad4ae9aa709b0.json","parameterValues":[]}