{"uid":"6539972bf64b5572","name":"TC 10.02.01 - Verify 'MEN'S DEALS' title is correct","fullName":"tests.test_sale.TestSideMenuBarMen#test_tc_10_02_01","historyId":"7d9cc06b830a248f9ded0f57b7152948","time":{"start":1690247863188,"stop":1690247863602,"duration":414},"description":"Check title of Men's Deals section","descriptionHtml":"<p>Check title of Men's Deals section</p>\n","status":"skipped","statusMessage":"XFAIL This test is expecting failure == Assertion Error because of error in spelling Men's\n\nAssertionError: Expected title: 'MEN'S DEALS', Actual title: MENS'S DEALS\nassert \"MENS'S DEALS\" == \"MEN'S DEALS\"\n  - MEN'S DEALS\n  + MENS'S DEALS\n  ?    +","statusTrace":"self = <test_sale.TestSalePage.TestSideMenuBarMen object at 0x7fc8d5a85f10>\nsale_page = <pages.sale_page.SalePage object at 0x7fc8d6865e90>\n\n    @allure.title(\"TC 10.02.01 - Verify 'MEN'S DEALS' title is correct\")\n    @pytest.mark.xfail(reason=\"This test is expecting failure == Assertion Error \"\n                              \"because of error in spelling Men's\")\n    def test_tc_10_02_01(self, sale_page):\n        \"\"\"Check title of Men's Deals section\"\"\"\n        title = sale_page.check_text_in_men_deals_title()\n>       assert title == \"MEN'S DEALS\", f\"Expected title: 'MEN'S DEALS', Actual title: {title}\"\nE       AssertionError: Expected title: 'MEN'S DEALS', Actual title: MENS'S DEALS\nE       assert \"MENS'S DEALS\" == \"MEN'S DEALS\"\nE         - MEN'S DEALS\nE         + MENS'S DEALS\nE         ?    +\n\ntests/test_sale.py:66: AssertionError","flaky":false,"newFailed":false,"newBroken":false,"newPassed":false,"retriesCount":0,"retriesStatusChange":false,"beforeStages":[{"name":"_session_faker","time":{"start":1690246449986,"stop":1690246450097,"duration":111},"status":"passed","steps":[],"attachments":[],"parameters":[],"stepsCount":0,"attachmentsCount":0,"shouldDisplayMessage":false,"hasContent":false},{"name":"clear_allure_result_folder","time":{"start":1690246450097,"stop":1690246450097,"duration":0},"status":"passed","steps":[],"attachments":[],"parameters":[],"stepsCount":0,"attachmentsCount":0,"shouldDisplayMessage":false,"hasContent":false},{"name":"driver","time":{"start":1690247860959,"stop":1690247862186,"duration":1227},"status":"passed","steps":[],"attachments":[],"parameters":[],"stepsCount":0,"attachmentsCount":0,"shouldDisplayMessage":false,"hasContent":false},{"name":"sale_page","time":{"start":1690247862186,"stop":1690247863187,"duration":1001},"status":"passed","steps":[{"name":"Open a browser","time":{"start":1690247862186,"stop":1690247863187,"duration":1001},"status":"passed","steps":[],"attachments":[],"parameters":[],"stepsCount":0,"attachmentsCount":0,"shouldDisplayMessage":false,"hasContent":false}],"attachments":[],"parameters":[],"stepsCount":1,"attachmentsCount":0,"shouldDisplayMessage":false,"hasContent":true}],"testStage":{"description":"Check title of Men's Deals section","status":"skipped","statusMessage":"XFAIL This test is expecting failure == Assertion Error because of error in spelling Men's\n\nAssertionError: Expected title: 'MEN'S DEALS', Actual title: MENS'S DEALS\nassert \"MENS'S DEALS\" == \"MEN'S DEALS\"\n  - MEN'S DEALS\n  + MENS'S DEALS\n  ?    +","statusTrace":"self = <test_sale.TestSalePage.TestSideMenuBarMen object at 0x7fc8d5a85f10>\nsale_page = <pages.sale_page.SalePage object at 0x7fc8d6865e90>\n\n    @allure.title(\"TC 10.02.01 - Verify 'MEN'S DEALS' title is correct\")\n    @pytest.mark.xfail(reason=\"This test is expecting failure == Assertion Error \"\n                              \"because of error in spelling Men's\")\n    def test_tc_10_02_01(self, sale_page):\n        \"\"\"Check title of Men's Deals section\"\"\"\n        title = sale_page.check_text_in_men_deals_title()\n>       assert title == \"MEN'S DEALS\", f\"Expected title: 'MEN'S DEALS', Actual title: {title}\"\nE       AssertionError: Expected title: 'MEN'S DEALS', Actual title: MENS'S DEALS\nE       assert \"MENS'S DEALS\" == \"MEN'S DEALS\"\nE         - MEN'S DEALS\nE         + MENS'S DEALS\nE         ?    +\n\ntests/test_sale.py:66: AssertionError","steps":[{"name":"Check text in Men's deals title","time":{"start":1690247863188,"stop":1690247863601,"duration":413},"status":"passed","steps":[{"name":"Find a visible element","time":{"start":1690247863188,"stop":1690247863479,"duration":291},"status":"passed","steps":[{"name":"Find a present element","time":{"start":1690247863188,"stop":1690247863214,"duration":26},"status":"passed","steps":[],"attachments":[],"parameters":[{"name":"locator","value":"('css selector', '.categories-menu > strong:nth-child(3) > span')"},{"name":"timeout","value":"5"}],"stepsCount":0,"attachmentsCount":0,"shouldDisplayMessage":false,"hasContent":true},{"name":"Go to specified element","time":{"start":1690247863214,"stop":1690247863291,"duration":77},"status":"passed","steps":[],"attachments":[],"parameters":[{"name":"element","value":"<selenium.webdriver.remote.webelement.WebElement (session=\"6233f2a81eb58c6ee5f262ca4c59e217\", element=\"AD813793D76808052632EFE918713165_element_10\")>"}],"stepsCount":0,"attachmentsCount":0,"shouldDisplayMessage":false,"hasContent":true}],"attachments":[],"parameters":[{"name":"locator","value":"('css selector', '.categories-menu > strong:nth-child(3) > span')"},{"name":"timeout","value":"10"}],"stepsCount":2,"attachmentsCount":0,"shouldDisplayMessage":false,"hasContent":true}],"attachments":[],"parameters":[],"stepsCount":3,"attachmentsCount":0,"shouldDisplayMessage":false,"hasContent":true}],"attachments":[{"uid":"5593cbe480ff8c5c","name":"Screenshot","source":"5593cbe480ff8c5c.png","type":"image/png","size":681482},{"uid":"4ce89716e1c69c3d","name":"HTML source","source":"4ce89716e1c69c3d.html","type":"text/html","size":84838}],"parameters":[],"stepsCount":4,"attachmentsCount":2,"shouldDisplayMessage":true,"hasContent":true},"afterStages":[{"name":"driver::0","time":{"start":1690247864048,"stop":1690247864114,"duration":66},"status":"passed","steps":[],"attachments":[],"parameters":[],"stepsCount":0,"attachmentsCount":0,"shouldDisplayMessage":false,"hasContent":false},{"name":"clear_allure_result_folder::0","time":{"start":1690248320456,"stop":1690248320456,"duration":0},"status":"passed","steps":[],"attachments":[],"parameters":[],"stepsCount":0,"attachmentsCount":0,"shouldDisplayMessage":false,"hasContent":false}],"labels":[{"name":"feature","value":"Testing Side Menu Bar - Men's Deals Section"},{"name":"epic","value":"Sale Page"},{"name":"tag","value":"@pytest.mark.xfail(reason='This test is expecting failure == Assertion Error because of error in spelling Men's')"},{"name":"parentSuite","value":"tests"},{"name":"suite","value":"test_sale"},{"name":"subSuite","value":"TestSalePage"},{"name":"host","value":"fv-az1107-812"},{"name":"thread","value":"3371-MainThread"},{"name":"framework","value":"pytest"},{"name":"language","value":"cpython3"},{"name":"package","value":"tests.test_sale"},{"name":"resultFormat","value":"allure2"}],"parameters":[],"links":[],"hidden":false,"retry":false,"extra":{"severity":"normal","retries":[],"categories":[],"history":{"statistic":{"failed":0,"broken":0,"skipped":3,"passed":0,"unknown":0,"total":3},"items":[{"uid":"1ad60a809ca63a65","reportUrl":"https://DionisIno.github.io/luma_project/60//#testresult/1ad60a809ca63a65","status":"skipped","statusDetails":"XFAIL This test is expecting failure == Assertion Error because of error in spelling Men's\n\nAssertionError: Expected title: 'MEN'S DEALS', Actual title: MENS'S DEALS\nassert \"MENS'S DEALS\" == \"MEN'S DEALS\"\n  - MEN'S DEALS\n  + MENS'S DEALS\n  ?    +","time":{"start":1690161060174,"stop":1690161060232,"duration":58}},{"uid":"b1041b61407bfb43","reportUrl":"https://DionisIno.github.io/luma_project/59//#testresult/b1041b61407bfb43","status":"skipped","statusDetails":"XFAIL This test is expecting failure == Assertion Error because of error in spelling Men's\n\nAssertionError: Expected title: 'MEN'S DEALS', Actual title: MENS'S DEALS\nassert \"MENS'S DEALS\" == \"MEN'S DEALS\"\n  - MEN'S DEALS\n  + MENS'S DEALS\n  ?    +","time":{"start":1690074932608,"stop":1690074932685,"duration":77}}]},"tags":["@pytest.mark.xfail(reason='This test is expecting failure == Assertion Error because of error in spelling Men's')"]},"source":"6539972bf64b5572.json","parameterValues":[]}