{"uid":"8aec2cf711629b64","name":"TC 04_01_09 Verify checkbox is present and unchecked","fullName":"tests.test_create_an_account.TestCreateAnAccount#test_04_01_09_sign_up_for_letters_checkbox","historyId":"642467d3c5da0c3e31a9a245e10a30c4","time":{"start":1690246484863,"stop":1690246490092,"duration":5229},"description":" Verify that checkbox is present and unchecked","descriptionHtml":"<p>Verify that checkbox is present and unchecked</p>\n","status":"broken","statusMessage":"selenium.common.exceptions.TimeoutException: Message: \nStacktrace:\n#0 0x560c19cca4e3 <unknown>\n#1 0x560c199f9c76 <unknown>\n#2 0x560c19a35c96 <unknown>\n#3 0x560c19a35dc1 <unknown>\n#4 0x560c19a6f7f4 <unknown>\n#5 0x560c19a5503d <unknown>\n#6 0x560c19a6d30e <unknown>\n#7 0x560c19a54de3 <unknown>\n#8 0x560c19a2a2dd <unknown>\n#9 0x560c19a2b34e <unknown>\n#10 0x560c19c8a3e4 <unknown>\n#11 0x560c19c8e3d7 <unknown>\n#12 0x560c19c98b20 <unknown>\n#13 0x560c19c8f023 <unknown>\n#14 0x560c19c5d1aa <unknown>\n#15 0x560c19cb36b8 <unknown>\n#16 0x560c19cb3847 <unknown>\n#17 0x560c19cc3243 <unknown>\n#18 0x7f12dd5dcb43 <unknown>","statusTrace":"self = <test_create_an_account.TestCreateAnAccount object at 0x7fc8d4b68dd0>\ncreate_account_page = <pages.create_an_account_page.CreateAccountPage object at 0x7fc8d5acbad0>\n\n    @allure.title('TC 04_01_09 Verify checkbox is present and unchecked')\n    def test_04_01_09_sign_up_for_letters_checkbox(self, create_account_page):\n        \"\"\" Verify that checkbox is present and unchecked\"\"\"\n>       sign_up_checkbox = create_account_page.check_sign_up_checkbox_label()\n\ntests/test_create_an_account.py:79: \n_ _ _ _ _ _ _ _ _ _ _ _ _ _ _ _ _ _ _ _ _ _ _ _ _ _ _ _ _ _ _ _ _ _ _ _ _ _ _ _ \npages/create_an_account_page.py:224: in check_sign_up_checkbox_label\n    return self.element_is_visible(self.locators.SIGN_UP_CHECKBOX_LABEL)\npages/base_page.py:29: in element_is_visible\n    self.go_to_element(self.element_is_present(locator))\npages/base_page.py:50: in element_is_present\n    return wait(self.driver, timeout).until(EC.presence_of_element_located(locator))\n_ _ _ _ _ _ _ _ _ _ _ _ _ _ _ _ _ _ _ _ _ _ _ _ _ _ _ _ _ _ _ _ _ _ _ _ _ _ _ _ \n\nself = <selenium.webdriver.support.wait.WebDriverWait (session=\"1636f20255b89cc56140b95ab7fb6446\")>\nmethod = <function presence_of_element_located.<locals>._predicate at 0x7fc8d4b4ca40>\nmessage = ''\n\n    def until(self, method, message: str = \"\"):\n        \"\"\"Calls the method provided with the driver as an argument until the \\\n        return value does not evaluate to ``False``.\n    \n        :param method: callable(WebDriver)\n        :param message: optional message for :exc:`TimeoutException`\n        :returns: the result of the last call to `method`\n        :raises: :exc:`selenium.common.exceptions.TimeoutException` if timeout occurs\n        \"\"\"\n        screen = None\n        stacktrace = None\n    \n        end_time = time.monotonic() + self._timeout\n        while True:\n            try:\n                value = method(self._driver)\n                if value:\n                    return value\n            except self._ignored_exceptions as exc:\n                screen = getattr(exc, \"screen\", None)\n                stacktrace = getattr(exc, \"stacktrace\", None)\n            time.sleep(self._poll)\n            if time.monotonic() > end_time:\n                break\n>       raise TimeoutException(message, screen, stacktrace)\nE       selenium.common.exceptions.TimeoutException: Message: \nE       Stacktrace:\nE       #0 0x560c19cca4e3 <unknown>\nE       #1 0x560c199f9c76 <unknown>\nE       #2 0x560c19a35c96 <unknown>\nE       #3 0x560c19a35dc1 <unknown>\nE       #4 0x560c19a6f7f4 <unknown>\nE       #5 0x560c19a5503d <unknown>\nE       #6 0x560c19a6d30e <unknown>\nE       #7 0x560c19a54de3 <unknown>\nE       #8 0x560c19a2a2dd <unknown>\nE       #9 0x560c19a2b34e <unknown>\nE       #10 0x560c19c8a3e4 <unknown>\nE       #11 0x560c19c8e3d7 <unknown>\nE       #12 0x560c19c98b20 <unknown>\nE       #13 0x560c19c8f023 <unknown>\nE       #14 0x560c19c5d1aa <unknown>\nE       #15 0x560c19cb36b8 <unknown>\nE       #16 0x560c19cb3847 <unknown>\nE       #17 0x560c19cc3243 <unknown>\nE       #18 0x7f12dd5dcb43 <unknown>\n\n/opt/hostedtoolcache/Python/3.11.4/x64/lib/python3.11/site-packages/selenium/webdriver/support/wait.py:95: TimeoutException","flaky":false,"newFailed":false,"newBroken":false,"newPassed":false,"retriesCount":0,"retriesStatusChange":false,"beforeStages":[{"name":"_session_faker","time":{"start":1690246449986,"stop":1690246450097,"duration":111},"status":"passed","steps":[],"attachments":[],"parameters":[],"stepsCount":0,"attachmentsCount":0,"shouldDisplayMessage":false,"hasContent":false},{"name":"clear_allure_result_folder","time":{"start":1690246450097,"stop":1690246450097,"duration":0},"status":"passed","steps":[],"attachments":[],"parameters":[],"stepsCount":0,"attachmentsCount":0,"shouldDisplayMessage":false,"hasContent":false},{"name":"driver","time":{"start":1690246482373,"stop":1690246483731,"duration":1358},"status":"passed","steps":[],"attachments":[],"parameters":[],"stepsCount":0,"attachmentsCount":0,"shouldDisplayMessage":false,"hasContent":false},{"name":"create_account_page","time":{"start":1690246483732,"stop":1690246484862,"duration":1130},"status":"passed","steps":[{"name":"Open a browser","time":{"start":1690246483732,"stop":1690246484862,"duration":1130},"status":"passed","steps":[],"attachments":[],"parameters":[],"stepsCount":0,"attachmentsCount":0,"shouldDisplayMessage":false,"hasContent":false}],"attachments":[],"parameters":[],"stepsCount":1,"attachmentsCount":0,"shouldDisplayMessage":false,"hasContent":true}],"testStage":{"description":" Verify that checkbox is present and unchecked","status":"broken","statusMessage":"selenium.common.exceptions.TimeoutException: Message: \nStacktrace:\n#0 0x560c19cca4e3 <unknown>\n#1 0x560c199f9c76 <unknown>\n#2 0x560c19a35c96 <unknown>\n#3 0x560c19a35dc1 <unknown>\n#4 0x560c19a6f7f4 <unknown>\n#5 0x560c19a5503d <unknown>\n#6 0x560c19a6d30e <unknown>\n#7 0x560c19a54de3 <unknown>\n#8 0x560c19a2a2dd <unknown>\n#9 0x560c19a2b34e <unknown>\n#10 0x560c19c8a3e4 <unknown>\n#11 0x560c19c8e3d7 <unknown>\n#12 0x560c19c98b20 <unknown>\n#13 0x560c19c8f023 <unknown>\n#14 0x560c19c5d1aa <unknown>\n#15 0x560c19cb36b8 <unknown>\n#16 0x560c19cb3847 <unknown>\n#17 0x560c19cc3243 <unknown>\n#18 0x7f12dd5dcb43 <unknown>","statusTrace":"self = <test_create_an_account.TestCreateAnAccount object at 0x7fc8d4b68dd0>\ncreate_account_page = <pages.create_an_account_page.CreateAccountPage object at 0x7fc8d5acbad0>\n\n    @allure.title('TC 04_01_09 Verify checkbox is present and unchecked')\n    def test_04_01_09_sign_up_for_letters_checkbox(self, create_account_page):\n        \"\"\" Verify that checkbox is present and unchecked\"\"\"\n>       sign_up_checkbox = create_account_page.check_sign_up_checkbox_label()\n\ntests/test_create_an_account.py:79: \n_ _ _ _ _ _ _ _ _ _ _ _ _ _ _ _ _ _ _ _ _ _ _ _ _ _ _ _ _ _ _ _ _ _ _ _ _ _ _ _ \npages/create_an_account_page.py:224: in check_sign_up_checkbox_label\n    return self.element_is_visible(self.locators.SIGN_UP_CHECKBOX_LABEL)\npages/base_page.py:29: in element_is_visible\n    self.go_to_element(self.element_is_present(locator))\npages/base_page.py:50: in element_is_present\n    return wait(self.driver, timeout).until(EC.presence_of_element_located(locator))\n_ _ _ _ _ _ _ _ _ _ _ _ _ _ _ _ _ _ _ _ _ _ _ _ _ _ _ _ _ _ _ _ _ _ _ _ _ _ _ _ \n\nself = <selenium.webdriver.support.wait.WebDriverWait (session=\"1636f20255b89cc56140b95ab7fb6446\")>\nmethod = <function presence_of_element_located.<locals>._predicate at 0x7fc8d4b4ca40>\nmessage = ''\n\n    def until(self, method, message: str = \"\"):\n        \"\"\"Calls the method provided with the driver as an argument until the \\\n        return value does not evaluate to ``False``.\n    \n        :param method: callable(WebDriver)\n        :param message: optional message for :exc:`TimeoutException`\n        :returns: the result of the last call to `method`\n        :raises: :exc:`selenium.common.exceptions.TimeoutException` if timeout occurs\n        \"\"\"\n        screen = None\n        stacktrace = None\n    \n        end_time = time.monotonic() + self._timeout\n        while True:\n            try:\n                value = method(self._driver)\n                if value:\n                    return value\n            except self._ignored_exceptions as exc:\n                screen = getattr(exc, \"screen\", None)\n                stacktrace = getattr(exc, \"stacktrace\", None)\n            time.sleep(self._poll)\n            if time.monotonic() > end_time:\n                break\n>       raise TimeoutException(message, screen, stacktrace)\nE       selenium.common.exceptions.TimeoutException: Message: \nE       Stacktrace:\nE       #0 0x560c19cca4e3 <unknown>\nE       #1 0x560c199f9c76 <unknown>\nE       #2 0x560c19a35c96 <unknown>\nE       #3 0x560c19a35dc1 <unknown>\nE       #4 0x560c19a6f7f4 <unknown>\nE       #5 0x560c19a5503d <unknown>\nE       #6 0x560c19a6d30e <unknown>\nE       #7 0x560c19a54de3 <unknown>\nE       #8 0x560c19a2a2dd <unknown>\nE       #9 0x560c19a2b34e <unknown>\nE       #10 0x560c19c8a3e4 <unknown>\nE       #11 0x560c19c8e3d7 <unknown>\nE       #12 0x560c19c98b20 <unknown>\nE       #13 0x560c19c8f023 <unknown>\nE       #14 0x560c19c5d1aa <unknown>\nE       #15 0x560c19cb36b8 <unknown>\nE       #16 0x560c19cb3847 <unknown>\nE       #17 0x560c19cc3243 <unknown>\nE       #18 0x7f12dd5dcb43 <unknown>\n\n/opt/hostedtoolcache/Python/3.11.4/x64/lib/python3.11/site-packages/selenium/webdriver/support/wait.py:95: TimeoutException","steps":[{"name":"Check Sign Up checkbox label is visible","time":{"start":1690246484863,"stop":1690246490091,"duration":5228},"status":"broken","statusMessage":"selenium.common.exceptions.TimeoutException: Message: \nStacktrace:\n#0 0x560c19cca4e3 <unknown>\n#1 0x560c199f9c76 <unknown>\n#2 0x560c19a35c96 <unknown>\n#3 0x560c19a35dc1 <unknown>\n#4 0x560c19a6f7f4 <unknown>\n#5 0x560c19a5503d <unknown>\n#6 0x560c19a6d30e <unknown>\n#7 0x560c19a54de3 <unknown>\n#8 0x560c19a2a2dd <unknown>\n#9 0x560c19a2b34e <unknown>\n#10 0x560c19c8a3e4 <unknown>\n#11 0x560c19c8e3d7 <unknown>\n#12 0x560c19c98b20 <unknown>\n#13 0x560c19c8f023 <unknown>\n#14 0x560c19c5d1aa <unknown>\n#15 0x560c19cb36b8 <unknown>\n#16 0x560c19cb3847 <unknown>\n#17 0x560c19cc3243 <unknown>\n#18 0x7f12dd5dcb43 <unknown>\n\n","statusTrace":"  File \"/opt/hostedtoolcache/Python/3.11.4/x64/lib/python3.11/site-packages/allure_commons/_allure.py\", line 192, in impl\n    return func(*a, **kw)\n           ^^^^^^^^^^^^^^\n  File \"/home/runner/work/luma_project/luma_project/pages/create_an_account_page.py\", line 224, in check_sign_up_checkbox_label\n    return self.element_is_visible(self.locators.SIGN_UP_CHECKBOX_LABEL)\n           ^^^^^^^^^^^^^^^^^^^^^^^^^^^^^^^^^^^^^^^^^^^^^^^^^^^^^^^^^^^^^\n  File \"/opt/hostedtoolcache/Python/3.11.4/x64/lib/python3.11/site-packages/allure_commons/_allure.py\", line 192, in impl\n    return func(*a, **kw)\n           ^^^^^^^^^^^^^^\n  File \"/home/runner/work/luma_project/luma_project/pages/base_page.py\", line 29, in element_is_visible\n    self.go_to_element(self.element_is_present(locator))\n                       ^^^^^^^^^^^^^^^^^^^^^^^^^^^^^^^^\n  File \"/opt/hostedtoolcache/Python/3.11.4/x64/lib/python3.11/site-packages/allure_commons/_allure.py\", line 192, in impl\n    return func(*a, **kw)\n           ^^^^^^^^^^^^^^\n  File \"/home/runner/work/luma_project/luma_project/pages/base_page.py\", line 50, in element_is_present\n    return wait(self.driver, timeout).until(EC.presence_of_element_located(locator))\n           ^^^^^^^^^^^^^^^^^^^^^^^^^^^^^^^^^^^^^^^^^^^^^^^^^^^^^^^^^^^^^^^^^^^^^^^^^\n  File \"/opt/hostedtoolcache/Python/3.11.4/x64/lib/python3.11/site-packages/selenium/webdriver/support/wait.py\", line 95, in until\n    raise TimeoutException(message, screen, stacktrace)\n","steps":[{"name":"Find a visible element","time":{"start":1690246484863,"stop":1690246490090,"duration":5227},"status":"broken","statusMessage":"selenium.common.exceptions.TimeoutException: Message: \nStacktrace:\n#0 0x560c19cca4e3 <unknown>\n#1 0x560c199f9c76 <unknown>\n#2 0x560c19a35c96 <unknown>\n#3 0x560c19a35dc1 <unknown>\n#4 0x560c19a6f7f4 <unknown>\n#5 0x560c19a5503d <unknown>\n#6 0x560c19a6d30e <unknown>\n#7 0x560c19a54de3 <unknown>\n#8 0x560c19a2a2dd <unknown>\n#9 0x560c19a2b34e <unknown>\n#10 0x560c19c8a3e4 <unknown>\n#11 0x560c19c8e3d7 <unknown>\n#12 0x560c19c98b20 <unknown>\n#13 0x560c19c8f023 <unknown>\n#14 0x560c19c5d1aa <unknown>\n#15 0x560c19cb36b8 <unknown>\n#16 0x560c19cb3847 <unknown>\n#17 0x560c19cc3243 <unknown>\n#18 0x7f12dd5dcb43 <unknown>\n\n","statusTrace":"  File \"/opt/hostedtoolcache/Python/3.11.4/x64/lib/python3.11/site-packages/allure_commons/_allure.py\", line 192, in impl\n    return func(*a, **kw)\n           ^^^^^^^^^^^^^^\n  File \"/home/runner/work/luma_project/luma_project/pages/base_page.py\", line 29, in element_is_visible\n    self.go_to_element(self.element_is_present(locator))\n                       ^^^^^^^^^^^^^^^^^^^^^^^^^^^^^^^^\n  File \"/opt/hostedtoolcache/Python/3.11.4/x64/lib/python3.11/site-packages/allure_commons/_allure.py\", line 192, in impl\n    return func(*a, **kw)\n           ^^^^^^^^^^^^^^\n  File \"/home/runner/work/luma_project/luma_project/pages/base_page.py\", line 50, in element_is_present\n    return wait(self.driver, timeout).until(EC.presence_of_element_located(locator))\n           ^^^^^^^^^^^^^^^^^^^^^^^^^^^^^^^^^^^^^^^^^^^^^^^^^^^^^^^^^^^^^^^^^^^^^^^^^\n  File \"/opt/hostedtoolcache/Python/3.11.4/x64/lib/python3.11/site-packages/selenium/webdriver/support/wait.py\", line 95, in until\n    raise TimeoutException(message, screen, stacktrace)\n","steps":[{"name":"Find a present element","time":{"start":1690246484863,"stop":1690246490089,"duration":5226},"status":"broken","statusMessage":"selenium.common.exceptions.TimeoutException: Message: \nStacktrace:\n#0 0x560c19cca4e3 <unknown>\n#1 0x560c199f9c76 <unknown>\n#2 0x560c19a35c96 <unknown>\n#3 0x560c19a35dc1 <unknown>\n#4 0x560c19a6f7f4 <unknown>\n#5 0x560c19a5503d <unknown>\n#6 0x560c19a6d30e <unknown>\n#7 0x560c19a54de3 <unknown>\n#8 0x560c19a2a2dd <unknown>\n#9 0x560c19a2b34e <unknown>\n#10 0x560c19c8a3e4 <unknown>\n#11 0x560c19c8e3d7 <unknown>\n#12 0x560c19c98b20 <unknown>\n#13 0x560c19c8f023 <unknown>\n#14 0x560c19c5d1aa <unknown>\n#15 0x560c19cb36b8 <unknown>\n#16 0x560c19cb3847 <unknown>\n#17 0x560c19cc3243 <unknown>\n#18 0x7f12dd5dcb43 <unknown>\n\n","statusTrace":"  File \"/opt/hostedtoolcache/Python/3.11.4/x64/lib/python3.11/site-packages/allure_commons/_allure.py\", line 192, in impl\n    return func(*a, **kw)\n           ^^^^^^^^^^^^^^\n  File \"/home/runner/work/luma_project/luma_project/pages/base_page.py\", line 50, in element_is_present\n    return wait(self.driver, timeout).until(EC.presence_of_element_located(locator))\n           ^^^^^^^^^^^^^^^^^^^^^^^^^^^^^^^^^^^^^^^^^^^^^^^^^^^^^^^^^^^^^^^^^^^^^^^^^\n  File \"/opt/hostedtoolcache/Python/3.11.4/x64/lib/python3.11/site-packages/selenium/webdriver/support/wait.py\", line 95, in until\n    raise TimeoutException(message, screen, stacktrace)\n","steps":[],"attachments":[],"parameters":[{"name":"locator","value":"('css selector', \"label[for='is_subscribed']\")"},{"name":"timeout","value":"5"}],"stepsCount":0,"attachmentsCount":0,"shouldDisplayMessage":true,"hasContent":true}],"attachments":[],"parameters":[{"name":"locator","value":"('css selector', \"label[for='is_subscribed']\")"},{"name":"timeout","value":"10"}],"stepsCount":1,"attachmentsCount":0,"shouldDisplayMessage":false,"hasContent":true}],"attachments":[],"parameters":[],"stepsCount":2,"attachmentsCount":0,"shouldDisplayMessage":false,"hasContent":true}],"attachments":[{"uid":"23697ed926b9989","name":"Screenshot","source":"23697ed926b9989.png","type":"image/png","size":60329},{"uid":"e182b2d70499d8c2","name":"HTML source","source":"e182b2d70499d8c2.html","type":"text/html","size":81046}],"parameters":[],"stepsCount":3,"attachmentsCount":2,"shouldDisplayMessage":true,"hasContent":true},"afterStages":[{"name":"driver::0","time":{"start":1690246490328,"stop":1690246490394,"duration":66},"status":"passed","steps":[],"attachments":[],"parameters":[],"stepsCount":0,"attachmentsCount":0,"shouldDisplayMessage":false,"hasContent":false},{"name":"clear_allure_result_folder::0","time":{"start":1690248320456,"stop":1690248320456,"duration":0},"status":"passed","steps":[],"attachments":[],"parameters":[],"stepsCount":0,"attachmentsCount":0,"shouldDisplayMessage":false,"hasContent":false}],"labels":[{"name":"epic","value":"Create An Account"},{"name":"parentSuite","value":"tests"},{"name":"suite","value":"test_create_an_account"},{"name":"subSuite","value":"TestCreateAnAccount"},{"name":"host","value":"fv-az1107-812"},{"name":"thread","value":"3371-MainThread"},{"name":"framework","value":"pytest"},{"name":"language","value":"cpython3"},{"name":"package","value":"tests.test_create_an_account"},{"name":"resultFormat","value":"allure2"}],"parameters":[],"links":[],"hidden":false,"retry":false,"extra":{"severity":"normal","retries":[],"categories":[{"name":"Test defects","matchedStatuses":[],"flaky":false}],"history":{"statistic":{"failed":0,"broken":3,"skipped":0,"passed":0,"unknown":0,"total":3},"items":[{"uid":"6de225d7355238d6","reportUrl":"https://DionisIno.github.io/luma_project/60//#testresult/6de225d7355238d6","status":"broken","statusDetails":"selenium.common.exceptions.TimeoutException: Message: \nStacktrace:\n#0 0x564019f384e3 <unknown>\n#1 0x564019c67c76 <unknown>\n#2 0x564019ca3c96 <unknown>\n#3 0x564019ca3dc1 <unknown>\n#4 0x564019cdd7f4 <unknown>\n#5 0x564019cc303d <unknown>\n#6 0x564019cdb30e <unknown>\n#7 0x564019cc2de3 <unknown>\n#8 0x564019c982dd <unknown>\n#9 0x564019c9934e <unknown>\n#10 0x564019ef83e4 <unknown>\n#11 0x564019efc3d7 <unknown>\n#12 0x564019f06b20 <unknown>\n#13 0x564019efd023 <unknown>\n#14 0x564019ecb1aa <unknown>\n#15 0x564019f216b8 <unknown>\n#16 0x564019f21847 <unknown>\n#17 0x564019f31243 <unknown>\n#18 0x7fbd9e65fb43 <unknown>","time":{"start":1690159919165,"stop":1690159924286,"duration":5121}},{"uid":"36a539b45b24e919","reportUrl":"https://DionisIno.github.io/luma_project/59//#testresult/36a539b45b24e919","status":"broken","statusDetails":"selenium.common.exceptions.TimeoutException: Message: \nStacktrace:\n#0 0x55833091e4e3 <unknown>\n#1 0x55833064dc76 <unknown>\n#2 0x558330689c96 <unknown>\n#3 0x558330689dc1 <unknown>\n#4 0x5583306c37f4 <unknown>\n#5 0x5583306a903d <unknown>\n#6 0x5583306c130e <unknown>\n#7 0x5583306a8de3 <unknown>\n#8 0x55833067e2dd <unknown>\n#9 0x55833067f34e <unknown>\n#10 0x5583308de3e4 <unknown>\n#11 0x5583308e23d7 <unknown>\n#12 0x5583308ecb20 <unknown>\n#13 0x5583308e3023 <unknown>\n#14 0x5583308b11aa <unknown>\n#15 0x5583309076b8 <unknown>\n#16 0x558330907847 <unknown>\n#17 0x558330917243 <unknown>\n#18 0x7f3528cd8b43 <unknown>","time":{"start":1690073657360,"stop":1690073662535,"duration":5175}}]},"tags":[]},"source":"8aec2cf711629b64.json","parameterValues":[]}