{"uid":"ffb9e3e0572e5f06","name":"TC 02.01.51 - Check text of placeholder in Subscribe Email Field on each page specified in DATA_1","fullName":"tests.test_footer.TestFooter#test_tc_02_01_51_check_text_of_placeholder_in_subscribe_email_field_on_pages","historyId":"6b9e7afacad2d66d2de3982c7895cd7c","time":{"start":1690246945695,"stop":1690246946854,"duration":1159},"description":"Checks if text of placeholder in Subscribe Email Field is correct on each page in DATA_1","descriptionHtml":"<p>Checks if text of placeholder in Subscribe Email Field is correct on each page in DATA_1</p>\n","status":"broken","statusMessage":"selenium.common.exceptions.NoSuchElementException: Message: no such element: Unable to locate element: {\"method\":\"css selector\",\"selector\":\".field.newsletter input\"}\n  (Session info: chrome=114.0.5735.198)\nStacktrace:\n#0 0x55c06bc284e3 <unknown>\n#1 0x55c06b957c76 <unknown>\n#2 0x55c06b993c96 <unknown>\n#3 0x55c06b993dc1 <unknown>\n#4 0x55c06b9cd7f4 <unknown>\n#5 0x55c06b9b303d <unknown>\n#6 0x55c06b9cb30e <unknown>\n#7 0x55c06b9b2de3 <unknown>\n#8 0x55c06b9882dd <unknown>\n#9 0x55c06b98934e <unknown>\n#10 0x55c06bbe83e4 <unknown>\n#11 0x55c06bbec3d7 <unknown>\n#12 0x55c06bbf6b20 <unknown>\n#13 0x55c06bbed023 <unknown>\n#14 0x55c06bbbb1aa <unknown>\n#15 0x55c06bc116b8 <unknown>\n#16 0x55c06bc11847 <unknown>\n#17 0x55c06bc21243 <unknown>\n#18 0x7f2710130b43 <unknown>","statusTrace":"self = <test_footer.TestFooter object at 0x7fc8d6c59550>\ndriver = <selenium.webdriver.chrome.webdriver.WebDriver (session=\"79de04cd8aa074a4978d911bf2a171c0\")>\nURL = 'https://magento.softwaretestingboard.com/'\n\n    @allure.title(\"TC 02.01.51 - Check text of placeholder in Subscribe Email Field on each page specified in DATA_1\")\n    @pytest.mark.parametrize('URL', DATA_1)\n    def test_tc_02_01_51_check_text_of_placeholder_in_subscribe_email_field_on_pages(self, driver, URL):\n        \"\"\"Checks if text of placeholder in Subscribe Email Field is correct on each page in DATA_1\"\"\"\n        page = FooterPage(driver, url=URL)\n        page.open()\n>       actual_text = page.check_text_of_subscribe_email_field_placeholder()\n\ntests/test_footer.py:438: \n_ _ _ _ _ _ _ _ _ _ _ _ _ _ _ _ _ _ _ _ _ _ _ _ _ _ _ _ _ _ _ _ _ _ _ _ _ _ _ _ \npages/footer_page.py:251: in check_text_of_subscribe_email_field_placeholder\n    placeholder_text = self.driver.find_element(*self.footer_locators.SUBSCRIBE_EMAIL_FIELD).get_attribute('placeholder')\n/opt/hostedtoolcache/Python/3.11.4/x64/lib/python3.11/site-packages/selenium/webdriver/remote/webdriver.py:831: in find_element\n    return self.execute(Command.FIND_ELEMENT, {\"using\": by, \"value\": value})[\"value\"]\n/opt/hostedtoolcache/Python/3.11.4/x64/lib/python3.11/site-packages/selenium/webdriver/remote/webdriver.py:440: in execute\n    self.error_handler.check_response(response)\n_ _ _ _ _ _ _ _ _ _ _ _ _ _ _ _ _ _ _ _ _ _ _ _ _ _ _ _ _ _ _ _ _ _ _ _ _ _ _ _ \n\nself = <selenium.webdriver.remote.errorhandler.ErrorHandler object at 0x7fc8d4c17ed0>\nresponse = {'status': 404, 'value': '{\"value\":{\"error\":\"no such element\",\"message\":\"no such element: Unable to locate element: {\\...\\\\n#16 0x55c06bc11847 \\\\u003Cunknown>\\\\n#17 0x55c06bc21243 \\\\u003Cunknown>\\\\n#18 0x7f2710130b43 \\\\u003Cunknown>\\\\n\"}}'}\n\n    def check_response(self, response: Dict[str, Any]) -> None:\n        \"\"\"Checks that a JSON response from the WebDriver does not have an\n        error.\n    \n        :Args:\n         - response - The JSON response from the WebDriver server as a dictionary\n           object.\n    \n        :Raises: If the response contains an error message.\n        \"\"\"\n        status = response.get(\"status\", None)\n        if not status or status == ErrorCode.SUCCESS:\n            return\n        value = None\n        message = response.get(\"message\", \"\")\n        screen: str = response.get(\"screen\", \"\")\n        stacktrace = None\n        if isinstance(status, int):\n            value_json = response.get(\"value\", None)\n            if value_json and isinstance(value_json, str):\n                import json\n    \n                try:\n                    value = json.loads(value_json)\n                    if len(value) == 1:\n                        value = value[\"value\"]\n                    status = value.get(\"error\", None)\n                    if not status:\n                        status = value.get(\"status\", ErrorCode.UNKNOWN_ERROR)\n                        message = value.get(\"value\") or value.get(\"message\")\n                        if not isinstance(message, str):\n                            value = message\n                            message = message.get(\"message\")\n                    else:\n                        message = value.get(\"message\", None)\n                except ValueError:\n                    pass\n    \n        exception_class: Type[WebDriverException]\n        if status in ErrorCode.NO_SUCH_ELEMENT:\n            exception_class = NoSuchElementException\n        elif status in ErrorCode.NO_SUCH_FRAME:\n            exception_class = NoSuchFrameException\n        elif status in ErrorCode.NO_SUCH_SHADOW_ROOT:\n            exception_class = NoSuchShadowRootException\n        elif status in ErrorCode.NO_SUCH_WINDOW:\n            exception_class = NoSuchWindowException\n        elif status in ErrorCode.STALE_ELEMENT_REFERENCE:\n            exception_class = StaleElementReferenceException\n        elif status in ErrorCode.ELEMENT_NOT_VISIBLE:\n            exception_class = ElementNotVisibleException\n        elif status in ErrorCode.INVALID_ELEMENT_STATE:\n            exception_class = InvalidElementStateException\n        elif (\n            status in ErrorCode.INVALID_SELECTOR\n            or status in ErrorCode.INVALID_XPATH_SELECTOR\n            or status in ErrorCode.INVALID_XPATH_SELECTOR_RETURN_TYPER\n        ):\n            exception_class = InvalidSelectorException\n        elif status in ErrorCode.ELEMENT_IS_NOT_SELECTABLE:\n            exception_class = ElementNotSelectableException\n        elif status in ErrorCode.ELEMENT_NOT_INTERACTABLE:\n            exception_class = ElementNotInteractableException\n        elif status in ErrorCode.INVALID_COOKIE_DOMAIN:\n            exception_class = InvalidCookieDomainException\n        elif status in ErrorCode.UNABLE_TO_SET_COOKIE:\n            exception_class = UnableToSetCookieException\n        elif status in ErrorCode.TIMEOUT:\n            exception_class = TimeoutException\n        elif status in ErrorCode.SCRIPT_TIMEOUT:\n            exception_class = TimeoutException\n        elif status in ErrorCode.UNKNOWN_ERROR:\n            exception_class = WebDriverException\n        elif status in ErrorCode.UNEXPECTED_ALERT_OPEN:\n            exception_class = UnexpectedAlertPresentException\n        elif status in ErrorCode.NO_ALERT_OPEN:\n            exception_class = NoAlertPresentException\n        elif status in ErrorCode.IME_NOT_AVAILABLE:\n            exception_class = ImeNotAvailableException\n        elif status in ErrorCode.IME_ENGINE_ACTIVATION_FAILED:\n            exception_class = ImeActivationFailedException\n        elif status in ErrorCode.MOVE_TARGET_OUT_OF_BOUNDS:\n            exception_class = MoveTargetOutOfBoundsException\n        elif status in ErrorCode.JAVASCRIPT_ERROR:\n            exception_class = JavascriptException\n        elif status in ErrorCode.SESSION_NOT_CREATED:\n            exception_class = SessionNotCreatedException\n        elif status in ErrorCode.INVALID_ARGUMENT:\n            exception_class = InvalidArgumentException\n        elif status in ErrorCode.NO_SUCH_COOKIE:\n            exception_class = NoSuchCookieException\n        elif status in ErrorCode.UNABLE_TO_CAPTURE_SCREEN:\n            exception_class = ScreenshotException\n        elif status in ErrorCode.ELEMENT_CLICK_INTERCEPTED:\n            exception_class = ElementClickInterceptedException\n        elif status in ErrorCode.INSECURE_CERTIFICATE:\n            exception_class = InsecureCertificateException\n        elif status in ErrorCode.INVALID_COORDINATES:\n            exception_class = InvalidCoordinatesException\n        elif status in ErrorCode.INVALID_SESSION_ID:\n            exception_class = InvalidSessionIdException\n        elif status in ErrorCode.UNKNOWN_METHOD:\n            exception_class = UnknownMethodException\n        else:\n            exception_class = WebDriverException\n        if not value:\n            value = response[\"value\"]\n        if isinstance(value, str):\n            raise exception_class(value)\n        if message == \"\" and \"message\" in value:\n            message = value[\"message\"]\n    \n        screen = None  # type: ignore[assignment]\n        if \"screen\" in value:\n            screen = value[\"screen\"]\n    \n        stacktrace = None\n        st_value = value.get(\"stackTrace\") or value.get(\"stacktrace\")\n        if st_value:\n            if isinstance(st_value, str):\n                stacktrace = st_value.split(\"\\n\")\n            else:\n                stacktrace = []\n                try:\n                    for frame in st_value:\n                        line = frame.get(\"lineNumber\", \"\")\n                        file = frame.get(\"fileName\", \"<anonymous>\")\n                        if line:\n                            file = f\"{file}:{line}\"\n                        meth = frame.get(\"methodName\", \"<anonymous>\")\n                        if \"className\" in frame:\n                            meth = f\"{frame['className']}.{meth}\"\n                        msg = \"    at %s (%s)\"\n                        msg = msg % (meth, file)\n                        stacktrace.append(msg)\n                except TypeError:\n                    pass\n        if exception_class == UnexpectedAlertPresentException:\n            alert_text = None\n            if \"data\" in value:\n                alert_text = value[\"data\"].get(\"text\")\n            elif \"alert\" in value:\n                alert_text = value[\"alert\"].get(\"text\")\n            raise exception_class(message, screen, stacktrace, alert_text)  # type: ignore[call-arg]  # mypy is not smart enough here\n>       raise exception_class(message, screen, stacktrace)\nE       selenium.common.exceptions.NoSuchElementException: Message: no such element: Unable to locate element: {\"method\":\"css selector\",\"selector\":\".field.newsletter input\"}\nE         (Session info: chrome=114.0.5735.198)\nE       Stacktrace:\nE       #0 0x55c06bc284e3 <unknown>\nE       #1 0x55c06b957c76 <unknown>\nE       #2 0x55c06b993c96 <unknown>\nE       #3 0x55c06b993dc1 <unknown>\nE       #4 0x55c06b9cd7f4 <unknown>\nE       #5 0x55c06b9b303d <unknown>\nE       #6 0x55c06b9cb30e <unknown>\nE       #7 0x55c06b9b2de3 <unknown>\nE       #8 0x55c06b9882dd <unknown>\nE       #9 0x55c06b98934e <unknown>\nE       #10 0x55c06bbe83e4 <unknown>\nE       #11 0x55c06bbec3d7 <unknown>\nE       #12 0x55c06bbf6b20 <unknown>\nE       #13 0x55c06bbed023 <unknown>\nE       #14 0x55c06bbbb1aa <unknown>\nE       #15 0x55c06bc116b8 <unknown>\nE       #16 0x55c06bc11847 <unknown>\nE       #17 0x55c06bc21243 <unknown>\nE       #18 0x7f2710130b43 <unknown>\n\n/opt/hostedtoolcache/Python/3.11.4/x64/lib/python3.11/site-packages/selenium/webdriver/remote/errorhandler.py:245: NoSuchElementException","flaky":false,"newFailed":false,"newBroken":false,"newPassed":false,"retriesCount":0,"retriesStatusChange":false,"beforeStages":[{"name":"_session_faker","time":{"start":1690246449986,"stop":1690246450097,"duration":111},"status":"passed","steps":[],"attachments":[],"parameters":[],"stepsCount":0,"attachmentsCount":0,"shouldDisplayMessage":false,"hasContent":false},{"name":"clear_allure_result_folder","time":{"start":1690246450097,"stop":1690246450097,"duration":0},"status":"passed","steps":[],"attachments":[],"parameters":[],"stepsCount":0,"attachmentsCount":0,"shouldDisplayMessage":false,"hasContent":false},{"name":"driver","time":{"start":1690246944376,"stop":1690246945694,"duration":1318},"status":"passed","steps":[],"attachments":[],"parameters":[],"stepsCount":0,"attachmentsCount":0,"shouldDisplayMessage":false,"hasContent":false}],"testStage":{"description":"Checks if text of placeholder in Subscribe Email Field is correct on each page in DATA_1","status":"broken","statusMessage":"selenium.common.exceptions.NoSuchElementException: Message: no such element: Unable to locate element: {\"method\":\"css selector\",\"selector\":\".field.newsletter input\"}\n  (Session info: chrome=114.0.5735.198)\nStacktrace:\n#0 0x55c06bc284e3 <unknown>\n#1 0x55c06b957c76 <unknown>\n#2 0x55c06b993c96 <unknown>\n#3 0x55c06b993dc1 <unknown>\n#4 0x55c06b9cd7f4 <unknown>\n#5 0x55c06b9b303d <unknown>\n#6 0x55c06b9cb30e <unknown>\n#7 0x55c06b9b2de3 <unknown>\n#8 0x55c06b9882dd <unknown>\n#9 0x55c06b98934e <unknown>\n#10 0x55c06bbe83e4 <unknown>\n#11 0x55c06bbec3d7 <unknown>\n#12 0x55c06bbf6b20 <unknown>\n#13 0x55c06bbed023 <unknown>\n#14 0x55c06bbbb1aa <unknown>\n#15 0x55c06bc116b8 <unknown>\n#16 0x55c06bc11847 <unknown>\n#17 0x55c06bc21243 <unknown>\n#18 0x7f2710130b43 <unknown>","statusTrace":"self = <test_footer.TestFooter object at 0x7fc8d6c59550>\ndriver = <selenium.webdriver.chrome.webdriver.WebDriver (session=\"79de04cd8aa074a4978d911bf2a171c0\")>\nURL = 'https://magento.softwaretestingboard.com/'\n\n    @allure.title(\"TC 02.01.51 - Check text of placeholder in Subscribe Email Field on each page specified in DATA_1\")\n    @pytest.mark.parametrize('URL', DATA_1)\n    def test_tc_02_01_51_check_text_of_placeholder_in_subscribe_email_field_on_pages(self, driver, URL):\n        \"\"\"Checks if text of placeholder in Subscribe Email Field is correct on each page in DATA_1\"\"\"\n        page = FooterPage(driver, url=URL)\n        page.open()\n>       actual_text = page.check_text_of_subscribe_email_field_placeholder()\n\ntests/test_footer.py:438: \n_ _ _ _ _ _ _ _ _ _ _ _ _ _ _ _ _ _ _ _ _ _ _ _ _ _ _ _ _ _ _ _ _ _ _ _ _ _ _ _ \npages/footer_page.py:251: in check_text_of_subscribe_email_field_placeholder\n    placeholder_text = self.driver.find_element(*self.footer_locators.SUBSCRIBE_EMAIL_FIELD).get_attribute('placeholder')\n/opt/hostedtoolcache/Python/3.11.4/x64/lib/python3.11/site-packages/selenium/webdriver/remote/webdriver.py:831: in find_element\n    return self.execute(Command.FIND_ELEMENT, {\"using\": by, \"value\": value})[\"value\"]\n/opt/hostedtoolcache/Python/3.11.4/x64/lib/python3.11/site-packages/selenium/webdriver/remote/webdriver.py:440: in execute\n    self.error_handler.check_response(response)\n_ _ _ _ _ _ _ _ _ _ _ _ _ _ _ _ _ _ _ _ _ _ _ _ _ _ _ _ _ _ _ _ _ _ _ _ _ _ _ _ \n\nself = <selenium.webdriver.remote.errorhandler.ErrorHandler object at 0x7fc8d4c17ed0>\nresponse = {'status': 404, 'value': '{\"value\":{\"error\":\"no such element\",\"message\":\"no such element: Unable to locate element: {\\...\\\\n#16 0x55c06bc11847 \\\\u003Cunknown>\\\\n#17 0x55c06bc21243 \\\\u003Cunknown>\\\\n#18 0x7f2710130b43 \\\\u003Cunknown>\\\\n\"}}'}\n\n    def check_response(self, response: Dict[str, Any]) -> None:\n        \"\"\"Checks that a JSON response from the WebDriver does not have an\n        error.\n    \n        :Args:\n         - response - The JSON response from the WebDriver server as a dictionary\n           object.\n    \n        :Raises: If the response contains an error message.\n        \"\"\"\n        status = response.get(\"status\", None)\n        if not status or status == ErrorCode.SUCCESS:\n            return\n        value = None\n        message = response.get(\"message\", \"\")\n        screen: str = response.get(\"screen\", \"\")\n        stacktrace = None\n        if isinstance(status, int):\n            value_json = response.get(\"value\", None)\n            if value_json and isinstance(value_json, str):\n                import json\n    \n                try:\n                    value = json.loads(value_json)\n                    if len(value) == 1:\n                        value = value[\"value\"]\n                    status = value.get(\"error\", None)\n                    if not status:\n                        status = value.get(\"status\", ErrorCode.UNKNOWN_ERROR)\n                        message = value.get(\"value\") or value.get(\"message\")\n                        if not isinstance(message, str):\n                            value = message\n                            message = message.get(\"message\")\n                    else:\n                        message = value.get(\"message\", None)\n                except ValueError:\n                    pass\n    \n        exception_class: Type[WebDriverException]\n        if status in ErrorCode.NO_SUCH_ELEMENT:\n            exception_class = NoSuchElementException\n        elif status in ErrorCode.NO_SUCH_FRAME:\n            exception_class = NoSuchFrameException\n        elif status in ErrorCode.NO_SUCH_SHADOW_ROOT:\n            exception_class = NoSuchShadowRootException\n        elif status in ErrorCode.NO_SUCH_WINDOW:\n            exception_class = NoSuchWindowException\n        elif status in ErrorCode.STALE_ELEMENT_REFERENCE:\n            exception_class = StaleElementReferenceException\n        elif status in ErrorCode.ELEMENT_NOT_VISIBLE:\n            exception_class = ElementNotVisibleException\n        elif status in ErrorCode.INVALID_ELEMENT_STATE:\n            exception_class = InvalidElementStateException\n        elif (\n            status in ErrorCode.INVALID_SELECTOR\n            or status in ErrorCode.INVALID_XPATH_SELECTOR\n            or status in ErrorCode.INVALID_XPATH_SELECTOR_RETURN_TYPER\n        ):\n            exception_class = InvalidSelectorException\n        elif status in ErrorCode.ELEMENT_IS_NOT_SELECTABLE:\n            exception_class = ElementNotSelectableException\n        elif status in ErrorCode.ELEMENT_NOT_INTERACTABLE:\n            exception_class = ElementNotInteractableException\n        elif status in ErrorCode.INVALID_COOKIE_DOMAIN:\n            exception_class = InvalidCookieDomainException\n        elif status in ErrorCode.UNABLE_TO_SET_COOKIE:\n            exception_class = UnableToSetCookieException\n        elif status in ErrorCode.TIMEOUT:\n            exception_class = TimeoutException\n        elif status in ErrorCode.SCRIPT_TIMEOUT:\n            exception_class = TimeoutException\n        elif status in ErrorCode.UNKNOWN_ERROR:\n            exception_class = WebDriverException\n        elif status in ErrorCode.UNEXPECTED_ALERT_OPEN:\n            exception_class = UnexpectedAlertPresentException\n        elif status in ErrorCode.NO_ALERT_OPEN:\n            exception_class = NoAlertPresentException\n        elif status in ErrorCode.IME_NOT_AVAILABLE:\n            exception_class = ImeNotAvailableException\n        elif status in ErrorCode.IME_ENGINE_ACTIVATION_FAILED:\n            exception_class = ImeActivationFailedException\n        elif status in ErrorCode.MOVE_TARGET_OUT_OF_BOUNDS:\n            exception_class = MoveTargetOutOfBoundsException\n        elif status in ErrorCode.JAVASCRIPT_ERROR:\n            exception_class = JavascriptException\n        elif status in ErrorCode.SESSION_NOT_CREATED:\n            exception_class = SessionNotCreatedException\n        elif status in ErrorCode.INVALID_ARGUMENT:\n            exception_class = InvalidArgumentException\n        elif status in ErrorCode.NO_SUCH_COOKIE:\n            exception_class = NoSuchCookieException\n        elif status in ErrorCode.UNABLE_TO_CAPTURE_SCREEN:\n            exception_class = ScreenshotException\n        elif status in ErrorCode.ELEMENT_CLICK_INTERCEPTED:\n            exception_class = ElementClickInterceptedException\n        elif status in ErrorCode.INSECURE_CERTIFICATE:\n            exception_class = InsecureCertificateException\n        elif status in ErrorCode.INVALID_COORDINATES:\n            exception_class = InvalidCoordinatesException\n        elif status in ErrorCode.INVALID_SESSION_ID:\n            exception_class = InvalidSessionIdException\n        elif status in ErrorCode.UNKNOWN_METHOD:\n            exception_class = UnknownMethodException\n        else:\n            exception_class = WebDriverException\n        if not value:\n            value = response[\"value\"]\n        if isinstance(value, str):\n            raise exception_class(value)\n        if message == \"\" and \"message\" in value:\n            message = value[\"message\"]\n    \n        screen = None  # type: ignore[assignment]\n        if \"screen\" in value:\n            screen = value[\"screen\"]\n    \n        stacktrace = None\n        st_value = value.get(\"stackTrace\") or value.get(\"stacktrace\")\n        if st_value:\n            if isinstance(st_value, str):\n                stacktrace = st_value.split(\"\\n\")\n            else:\n                stacktrace = []\n                try:\n                    for frame in st_value:\n                        line = frame.get(\"lineNumber\", \"\")\n                        file = frame.get(\"fileName\", \"<anonymous>\")\n                        if line:\n                            file = f\"{file}:{line}\"\n                        meth = frame.get(\"methodName\", \"<anonymous>\")\n                        if \"className\" in frame:\n                            meth = f\"{frame['className']}.{meth}\"\n                        msg = \"    at %s (%s)\"\n                        msg = msg % (meth, file)\n                        stacktrace.append(msg)\n                except TypeError:\n                    pass\n        if exception_class == UnexpectedAlertPresentException:\n            alert_text = None\n            if \"data\" in value:\n                alert_text = value[\"data\"].get(\"text\")\n            elif \"alert\" in value:\n                alert_text = value[\"alert\"].get(\"text\")\n            raise exception_class(message, screen, stacktrace, alert_text)  # type: ignore[call-arg]  # mypy is not smart enough here\n>       raise exception_class(message, screen, stacktrace)\nE       selenium.common.exceptions.NoSuchElementException: Message: no such element: Unable to locate element: {\"method\":\"css selector\",\"selector\":\".field.newsletter input\"}\nE         (Session info: chrome=114.0.5735.198)\nE       Stacktrace:\nE       #0 0x55c06bc284e3 <unknown>\nE       #1 0x55c06b957c76 <unknown>\nE       #2 0x55c06b993c96 <unknown>\nE       #3 0x55c06b993dc1 <unknown>\nE       #4 0x55c06b9cd7f4 <unknown>\nE       #5 0x55c06b9b303d <unknown>\nE       #6 0x55c06b9cb30e <unknown>\nE       #7 0x55c06b9b2de3 <unknown>\nE       #8 0x55c06b9882dd <unknown>\nE       #9 0x55c06b98934e <unknown>\nE       #10 0x55c06bbe83e4 <unknown>\nE       #11 0x55c06bbec3d7 <unknown>\nE       #12 0x55c06bbf6b20 <unknown>\nE       #13 0x55c06bbed023 <unknown>\nE       #14 0x55c06bbbb1aa <unknown>\nE       #15 0x55c06bc116b8 <unknown>\nE       #16 0x55c06bc11847 <unknown>\nE       #17 0x55c06bc21243 <unknown>\nE       #18 0x7f2710130b43 <unknown>\n\n/opt/hostedtoolcache/Python/3.11.4/x64/lib/python3.11/site-packages/selenium/webdriver/remote/errorhandler.py:245: NoSuchElementException","steps":[{"name":"Open a browser","time":{"start":1690246945696,"stop":1690246946768,"duration":1072},"status":"passed","steps":[],"attachments":[],"parameters":[],"stepsCount":0,"attachmentsCount":0,"shouldDisplayMessage":false,"hasContent":false},{"name":"Check the text of placeholder in Subscribe Email Field","time":{"start":1690246946768,"stop":1690246946853,"duration":85},"status":"broken","statusMessage":"selenium.common.exceptions.NoSuchElementException: Message: no such element: Unable to locate element: {\"method\":\"css selector\",\"selector\":\".field.newsletter input\"}\n  (Session info: chrome=114.0.5735.198)\nStacktrace:\n#0 0x55c06bc284e3 <unknown>\n#1 0x55c06b957c76 <unknown>\n#2 0x55c06b993c96 <unknown>\n#3 0x55c06b993dc1 <unknown>\n#4 0x55c06b9cd7f4 <unknown>\n#5 0x55c06b9b303d <unknown>\n#6 0x55c06b9cb30e <unknown>\n#7 0x55c06b9b2de3 <unknown>\n#8 0x55c06b9882dd <unknown>\n#9 0x55c06b98934e <unknown>\n#10 0x55c06bbe83e4 <unknown>\n#11 0x55c06bbec3d7 <unknown>\n#12 0x55c06bbf6b20 <unknown>\n#13 0x55c06bbed023 <unknown>\n#14 0x55c06bbbb1aa <unknown>\n#15 0x55c06bc116b8 <unknown>\n#16 0x55c06bc11847 <unknown>\n#17 0x55c06bc21243 <unknown>\n#18 0x7f2710130b43 <unknown>\n\n","statusTrace":"  File \"/opt/hostedtoolcache/Python/3.11.4/x64/lib/python3.11/site-packages/allure_commons/_allure.py\", line 192, in impl\n    return func(*a, **kw)\n           ^^^^^^^^^^^^^^\n  File \"/home/runner/work/luma_project/luma_project/pages/footer_page.py\", line 251, in check_text_of_subscribe_email_field_placeholder\n    placeholder_text = self.driver.find_element(*self.footer_locators.SUBSCRIBE_EMAIL_FIELD).get_attribute('placeholder')\n                       ^^^^^^^^^^^^^^^^^^^^^^^^^^^^^^^^^^^^^^^^^^^^^^^^^^^^^^^^^^^^^^^^^^^^^\n  File \"/opt/hostedtoolcache/Python/3.11.4/x64/lib/python3.11/site-packages/selenium/webdriver/remote/webdriver.py\", line 831, in find_element\n    return self.execute(Command.FIND_ELEMENT, {\"using\": by, \"value\": value})[\"value\"]\n           ^^^^^^^^^^^^^^^^^^^^^^^^^^^^^^^^^^^^^^^^^^^^^^^^^^^^^^^^^^^^^^^^^\n  File \"/opt/hostedtoolcache/Python/3.11.4/x64/lib/python3.11/site-packages/selenium/webdriver/remote/webdriver.py\", line 440, in execute\n    self.error_handler.check_response(response)\n  File \"/opt/hostedtoolcache/Python/3.11.4/x64/lib/python3.11/site-packages/selenium/webdriver/remote/errorhandler.py\", line 245, in check_response\n    raise exception_class(message, screen, stacktrace)\n","steps":[],"attachments":[],"parameters":[],"stepsCount":0,"attachmentsCount":0,"shouldDisplayMessage":true,"hasContent":true}],"attachments":[{"uid":"667935574e5d1331","name":"Screenshot","source":"667935574e5d1331.png","type":"image/png","size":682331},{"uid":"f14ca2bcb7f418f4","name":"HTML source","source":"f14ca2bcb7f418f4.html","type":"text/html","size":115677}],"parameters":[],"stepsCount":2,"attachmentsCount":2,"shouldDisplayMessage":true,"hasContent":true},"afterStages":[{"name":"driver::0","time":{"start":1690246947549,"stop":1690246947621,"duration":72},"status":"passed","steps":[],"attachments":[],"parameters":[],"stepsCount":0,"attachmentsCount":0,"shouldDisplayMessage":false,"hasContent":false},{"name":"clear_allure_result_folder::0","time":{"start":1690248320456,"stop":1690248320456,"duration":0},"status":"passed","steps":[],"attachments":[],"parameters":[],"stepsCount":0,"attachmentsCount":0,"shouldDisplayMessage":false,"hasContent":false}],"labels":[{"name":"epic","value":"Test Footer"},{"name":"parentSuite","value":"tests"},{"name":"suite","value":"test_footer"},{"name":"subSuite","value":"TestFooter"},{"name":"host","value":"fv-az1107-812"},{"name":"thread","value":"3371-MainThread"},{"name":"framework","value":"pytest"},{"name":"language","value":"cpython3"},{"name":"package","value":"tests.test_footer"},{"name":"resultFormat","value":"allure2"}],"parameters":[{"name":"URL","value":"'https://magento.softwaretestingboard.com/'"}],"links":[],"hidden":false,"retry":false,"extra":{"severity":"normal","retries":[],"categories":[{"name":"Test defects","matchedStatuses":[],"flaky":false}],"history":{"statistic":{"failed":0,"broken":3,"skipped":0,"passed":0,"unknown":0,"total":3},"items":[{"uid":"3a61f8a31d448d08","reportUrl":"https://DionisIno.github.io/luma_project/60//#testresult/3a61f8a31d448d08","status":"broken","statusDetails":"selenium.common.exceptions.NoSuchElementException: Message: no such element: Unable to locate element: {\"method\":\"css selector\",\"selector\":\".field.newsletter input\"}\n  (Session info: chrome=114.0.5735.198)\nStacktrace:\n#0 0x555ddb1cb4e3 <unknown>\n#1 0x555ddaefac76 <unknown>\n#2 0x555ddaf36c96 <unknown>\n#3 0x555ddaf36dc1 <unknown>\n#4 0x555ddaf707f4 <unknown>\n#5 0x555ddaf5603d <unknown>\n#6 0x555ddaf6e30e <unknown>\n#7 0x555ddaf55de3 <unknown>\n#8 0x555ddaf2b2dd <unknown>\n#9 0x555ddaf2c34e <unknown>\n#10 0x555ddb18b3e4 <unknown>\n#11 0x555ddb18f3d7 <unknown>\n#12 0x555ddb199b20 <unknown>\n#13 0x555ddb190023 <unknown>\n#14 0x555ddb15e1aa <unknown>\n#15 0x555ddb1b46b8 <unknown>\n#16 0x555ddb1b4847 <unknown>\n#17 0x555ddb1c4243 <unknown>\n#18 0x7f6971ab4b43 <unknown>","time":{"start":1690160322298,"stop":1690160323256,"duration":958}},{"uid":"ae891589d6d7bb4","reportUrl":"https://DionisIno.github.io/luma_project/59//#testresult/ae891589d6d7bb4","status":"broken","statusDetails":"selenium.common.exceptions.NoSuchElementException: Message: no such element: Unable to locate element: {\"method\":\"css selector\",\"selector\":\".field.newsletter input\"}\n  (Session info: chrome=114.0.5735.198)\nStacktrace:\n#0 0x559a9e7894e3 <unknown>\n#1 0x559a9e4b8c76 <unknown>\n#2 0x559a9e4f4c96 <unknown>\n#3 0x559a9e4f4dc1 <unknown>\n#4 0x559a9e52e7f4 <unknown>\n#5 0x559a9e51403d <unknown>\n#6 0x559a9e52c30e <unknown>\n#7 0x559a9e513de3 <unknown>\n#8 0x559a9e4e92dd <unknown>\n#9 0x559a9e4ea34e <unknown>\n#10 0x559a9e7493e4 <unknown>\n#11 0x559a9e74d3d7 <unknown>\n#12 0x559a9e757b20 <unknown>\n#13 0x559a9e74e023 <unknown>\n#14 0x559a9e71c1aa <unknown>\n#15 0x559a9e7726b8 <unknown>\n#16 0x559a9e772847 <unknown>\n#17 0x559a9e782243 <unknown>\n#18 0x7fbb63d8eb43 <unknown>","time":{"start":1690074109630,"stop":1690074110642,"duration":1012}}]},"tags":[]},"source":"ffb9e3e0572e5f06.json","parameterValues":["'https://magento.softwaretestingboard.com/'"]}