{"uid":"6c1d712ad0eb10e4","name":"TC 04_01_09 Verify checkbox is present and unchecked","fullName":"tests.test_create_an_account.TestCreateAnAccount#test_04_01_09_sign_up_for_letters_checkbox","historyId":"642467d3c5da0c3e31a9a245e10a30c4","time":{"start":1695602384829,"stop":1695602389929,"duration":5100},"description":" Verify that checkbox is present and unchecked","descriptionHtml":"<p>Verify that checkbox is present and unchecked</p>\n","status":"broken","statusMessage":"selenium.common.exceptions.TimeoutException: Message: \nStacktrace:\n#0 0x5623e48dd6c3 <unknown>\n#1 0x5623e45b31e7 <unknown>\n#2 0x5623e45fa566 <unknown>\n#3 0x5623e45fa651 <unknown>\n#4 0x5623e4637a74 <unknown>\n#5 0x5623e461c0ed <unknown>\n#6 0x5623e4635322 <unknown>\n#7 0x5623e461be93 <unknown>\n#8 0x5623e45ee934 <unknown>\n#9 0x5623e45ef71e <unknown>\n#10 0x5623e48a2cc8 <unknown>\n#11 0x5623e48a6c00 <unknown>\n#12 0x5623e48b11ac <unknown>\n#13 0x5623e48a7818 <unknown>\n#14 0x5623e487428f <unknown>\n#15 0x5623e48cbe98 <unknown>\n#16 0x5623e48cc069 <unknown>\n#17 0x5623e48dc853 <unknown>\n#18 0x7f31c6094b43 <unknown>","statusTrace":"self = <test_create_an_account.TestCreateAnAccount object at 0x7f3c42fd9650>\ncreate_account_page = <pages.create_an_account_page.CreateAccountPage object at 0x7f3c4308a9d0>\n\n    @allure.title('TC 04_01_09 Verify checkbox is present and unchecked')\n    def test_04_01_09_sign_up_for_letters_checkbox(self, create_account_page):\n        \"\"\" Verify that checkbox is present and unchecked\"\"\"\n>       sign_up_checkbox = create_account_page.check_sign_up_checkbox_label()\n\ntests/test_create_an_account.py:79: \n_ _ _ _ _ _ _ _ _ _ _ _ _ _ _ _ _ _ _ _ _ _ _ _ _ _ _ _ _ _ _ _ _ _ _ _ _ _ _ _ \npages/create_an_account_page.py:224: in check_sign_up_checkbox_label\n    return self.element_is_visible(self.locators.SIGN_UP_CHECKBOX_LABEL)\npages/base_page.py:29: in element_is_visible\n    self.go_to_element(self.element_is_present(locator))\npages/base_page.py:50: in element_is_present\n    return wait(self.driver, timeout).until(EC.presence_of_element_located(locator))\n_ _ _ _ _ _ _ _ _ _ _ _ _ _ _ _ _ _ _ _ _ _ _ _ _ _ _ _ _ _ _ _ _ _ _ _ _ _ _ _ \n\nself = <selenium.webdriver.support.wait.WebDriverWait (session=\"00d43dd4c93cd560796ab758bbc655af\")>\nmethod = <function presence_of_element_located.<locals>._predicate at 0x7f3c4217e5c0>\nmessage = ''\n\n    def until(self, method, message: str = \"\"):\n        \"\"\"Calls the method provided with the driver as an argument until the \\\n        return value does not evaluate to ``False``.\n    \n        :param method: callable(WebDriver)\n        :param message: optional message for :exc:`TimeoutException`\n        :returns: the result of the last call to `method`\n        :raises: :exc:`selenium.common.exceptions.TimeoutException` if timeout occurs\n        \"\"\"\n        screen = None\n        stacktrace = None\n    \n        end_time = time.monotonic() + self._timeout\n        while True:\n            try:\n                value = method(self._driver)\n                if value:\n                    return value\n            except self._ignored_exceptions as exc:\n                screen = getattr(exc, \"screen\", None)\n                stacktrace = getattr(exc, \"stacktrace\", None)\n            time.sleep(self._poll)\n            if time.monotonic() > end_time:\n                break\n>       raise TimeoutException(message, screen, stacktrace)\nE       selenium.common.exceptions.TimeoutException: Message: \nE       Stacktrace:\nE       #0 0x5623e48dd6c3 <unknown>\nE       #1 0x5623e45b31e7 <unknown>\nE       #2 0x5623e45fa566 <unknown>\nE       #3 0x5623e45fa651 <unknown>\nE       #4 0x5623e4637a74 <unknown>\nE       #5 0x5623e461c0ed <unknown>\nE       #6 0x5623e4635322 <unknown>\nE       #7 0x5623e461be93 <unknown>\nE       #8 0x5623e45ee934 <unknown>\nE       #9 0x5623e45ef71e <unknown>\nE       #10 0x5623e48a2cc8 <unknown>\nE       #11 0x5623e48a6c00 <unknown>\nE       #12 0x5623e48b11ac <unknown>\nE       #13 0x5623e48a7818 <unknown>\nE       #14 0x5623e487428f <unknown>\nE       #15 0x5623e48cbe98 <unknown>\nE       #16 0x5623e48cc069 <unknown>\nE       #17 0x5623e48dc853 <unknown>\nE       #18 0x7f31c6094b43 <unknown>\n\n/opt/hostedtoolcache/Python/3.11.5/x64/lib/python3.11/site-packages/selenium/webdriver/support/wait.py:95: TimeoutException","flaky":false,"newFailed":false,"newBroken":false,"newPassed":false,"retriesCount":0,"retriesStatusChange":false,"beforeStages":[{"name":"_session_faker","time":{"start":1695602358574,"stop":1695602358644,"duration":70},"status":"passed","steps":[],"attachments":[],"parameters":[],"shouldDisplayMessage":false,"stepsCount":0,"attachmentsCount":0,"hasContent":false},{"name":"clear_allure_result_folder","time":{"start":1695602358644,"stop":1695602358645,"duration":1},"status":"passed","steps":[],"attachments":[],"parameters":[],"shouldDisplayMessage":false,"stepsCount":0,"attachmentsCount":0,"hasContent":false},{"name":"driver","time":{"start":1695602382806,"stop":1695602383843,"duration":1037},"status":"passed","steps":[],"attachments":[],"parameters":[],"shouldDisplayMessage":false,"stepsCount":0,"attachmentsCount":0,"hasContent":false},{"name":"create_account_page","time":{"start":1695602383843,"stop":1695602384829,"duration":986},"status":"passed","steps":[{"name":"Open a browser","time":{"start":1695602383843,"stop":1695602384829,"duration":986},"status":"passed","steps":[],"attachments":[],"parameters":[],"shouldDisplayMessage":false,"stepsCount":0,"attachmentsCount":0,"hasContent":false}],"attachments":[],"parameters":[],"shouldDisplayMessage":false,"stepsCount":1,"attachmentsCount":0,"hasContent":true}],"testStage":{"description":" Verify that checkbox is present and unchecked","status":"broken","statusMessage":"selenium.common.exceptions.TimeoutException: Message: \nStacktrace:\n#0 0x5623e48dd6c3 <unknown>\n#1 0x5623e45b31e7 <unknown>\n#2 0x5623e45fa566 <unknown>\n#3 0x5623e45fa651 <unknown>\n#4 0x5623e4637a74 <unknown>\n#5 0x5623e461c0ed <unknown>\n#6 0x5623e4635322 <unknown>\n#7 0x5623e461be93 <unknown>\n#8 0x5623e45ee934 <unknown>\n#9 0x5623e45ef71e <unknown>\n#10 0x5623e48a2cc8 <unknown>\n#11 0x5623e48a6c00 <unknown>\n#12 0x5623e48b11ac <unknown>\n#13 0x5623e48a7818 <unknown>\n#14 0x5623e487428f <unknown>\n#15 0x5623e48cbe98 <unknown>\n#16 0x5623e48cc069 <unknown>\n#17 0x5623e48dc853 <unknown>\n#18 0x7f31c6094b43 <unknown>","statusTrace":"self = <test_create_an_account.TestCreateAnAccount object at 0x7f3c42fd9650>\ncreate_account_page = <pages.create_an_account_page.CreateAccountPage object at 0x7f3c4308a9d0>\n\n    @allure.title('TC 04_01_09 Verify checkbox is present and unchecked')\n    def test_04_01_09_sign_up_for_letters_checkbox(self, create_account_page):\n        \"\"\" Verify that checkbox is present and unchecked\"\"\"\n>       sign_up_checkbox = create_account_page.check_sign_up_checkbox_label()\n\ntests/test_create_an_account.py:79: \n_ _ _ _ _ _ _ _ _ _ _ _ _ _ _ _ _ _ _ _ _ _ _ _ _ _ _ _ _ _ _ _ _ _ _ _ _ _ _ _ \npages/create_an_account_page.py:224: in check_sign_up_checkbox_label\n    return self.element_is_visible(self.locators.SIGN_UP_CHECKBOX_LABEL)\npages/base_page.py:29: in element_is_visible\n    self.go_to_element(self.element_is_present(locator))\npages/base_page.py:50: in element_is_present\n    return wait(self.driver, timeout).until(EC.presence_of_element_located(locator))\n_ _ _ _ _ _ _ _ _ _ _ _ _ _ _ _ _ _ _ _ _ _ _ _ _ _ _ _ _ _ _ _ _ _ _ _ _ _ _ _ \n\nself = <selenium.webdriver.support.wait.WebDriverWait (session=\"00d43dd4c93cd560796ab758bbc655af\")>\nmethod = <function presence_of_element_located.<locals>._predicate at 0x7f3c4217e5c0>\nmessage = ''\n\n    def until(self, method, message: str = \"\"):\n        \"\"\"Calls the method provided with the driver as an argument until the \\\n        return value does not evaluate to ``False``.\n    \n        :param method: callable(WebDriver)\n        :param message: optional message for :exc:`TimeoutException`\n        :returns: the result of the last call to `method`\n        :raises: :exc:`selenium.common.exceptions.TimeoutException` if timeout occurs\n        \"\"\"\n        screen = None\n        stacktrace = None\n    \n        end_time = time.monotonic() + self._timeout\n        while True:\n            try:\n                value = method(self._driver)\n                if value:\n                    return value\n            except self._ignored_exceptions as exc:\n                screen = getattr(exc, \"screen\", None)\n                stacktrace = getattr(exc, \"stacktrace\", None)\n            time.sleep(self._poll)\n            if time.monotonic() > end_time:\n                break\n>       raise TimeoutException(message, screen, stacktrace)\nE       selenium.common.exceptions.TimeoutException: Message: \nE       Stacktrace:\nE       #0 0x5623e48dd6c3 <unknown>\nE       #1 0x5623e45b31e7 <unknown>\nE       #2 0x5623e45fa566 <unknown>\nE       #3 0x5623e45fa651 <unknown>\nE       #4 0x5623e4637a74 <unknown>\nE       #5 0x5623e461c0ed <unknown>\nE       #6 0x5623e4635322 <unknown>\nE       #7 0x5623e461be93 <unknown>\nE       #8 0x5623e45ee934 <unknown>\nE       #9 0x5623e45ef71e <unknown>\nE       #10 0x5623e48a2cc8 <unknown>\nE       #11 0x5623e48a6c00 <unknown>\nE       #12 0x5623e48b11ac <unknown>\nE       #13 0x5623e48a7818 <unknown>\nE       #14 0x5623e487428f <unknown>\nE       #15 0x5623e48cbe98 <unknown>\nE       #16 0x5623e48cc069 <unknown>\nE       #17 0x5623e48dc853 <unknown>\nE       #18 0x7f31c6094b43 <unknown>\n\n/opt/hostedtoolcache/Python/3.11.5/x64/lib/python3.11/site-packages/selenium/webdriver/support/wait.py:95: TimeoutException","steps":[{"name":"Check Sign Up checkbox label is visible","time":{"start":1695602384829,"stop":1695602389928,"duration":5099},"status":"broken","statusMessage":"selenium.common.exceptions.TimeoutException: Message: \nStacktrace:\n#0 0x5623e48dd6c3 <unknown>\n#1 0x5623e45b31e7 <unknown>\n#2 0x5623e45fa566 <unknown>\n#3 0x5623e45fa651 <unknown>\n#4 0x5623e4637a74 <unknown>\n#5 0x5623e461c0ed <unknown>\n#6 0x5623e4635322 <unknown>\n#7 0x5623e461be93 <unknown>\n#8 0x5623e45ee934 <unknown>\n#9 0x5623e45ef71e <unknown>\n#10 0x5623e48a2cc8 <unknown>\n#11 0x5623e48a6c00 <unknown>\n#12 0x5623e48b11ac <unknown>\n#13 0x5623e48a7818 <unknown>\n#14 0x5623e487428f <unknown>\n#15 0x5623e48cbe98 <unknown>\n#16 0x5623e48cc069 <unknown>\n#17 0x5623e48dc853 <unknown>\n#18 0x7f31c6094b43 <unknown>\n\n","statusTrace":"  File \"/opt/hostedtoolcache/Python/3.11.5/x64/lib/python3.11/site-packages/allure_commons/_allure.py\", line 192, in impl\n    return func(*a, **kw)\n           ^^^^^^^^^^^^^^\n  File \"/home/runner/work/luma_project/luma_project/pages/create_an_account_page.py\", line 224, in check_sign_up_checkbox_label\n    return self.element_is_visible(self.locators.SIGN_UP_CHECKBOX_LABEL)\n           ^^^^^^^^^^^^^^^^^^^^^^^^^^^^^^^^^^^^^^^^^^^^^^^^^^^^^^^^^^^^^\n  File \"/opt/hostedtoolcache/Python/3.11.5/x64/lib/python3.11/site-packages/allure_commons/_allure.py\", line 192, in impl\n    return func(*a, **kw)\n           ^^^^^^^^^^^^^^\n  File \"/home/runner/work/luma_project/luma_project/pages/base_page.py\", line 29, in element_is_visible\n    self.go_to_element(self.element_is_present(locator))\n                       ^^^^^^^^^^^^^^^^^^^^^^^^^^^^^^^^\n  File \"/opt/hostedtoolcache/Python/3.11.5/x64/lib/python3.11/site-packages/allure_commons/_allure.py\", line 192, in impl\n    return func(*a, **kw)\n           ^^^^^^^^^^^^^^\n  File \"/home/runner/work/luma_project/luma_project/pages/base_page.py\", line 50, in element_is_present\n    return wait(self.driver, timeout).until(EC.presence_of_element_located(locator))\n           ^^^^^^^^^^^^^^^^^^^^^^^^^^^^^^^^^^^^^^^^^^^^^^^^^^^^^^^^^^^^^^^^^^^^^^^^^\n  File \"/opt/hostedtoolcache/Python/3.11.5/x64/lib/python3.11/site-packages/selenium/webdriver/support/wait.py\", line 95, in until\n    raise TimeoutException(message, screen, stacktrace)\n","steps":[{"name":"Find a visible element","time":{"start":1695602384829,"stop":1695602389928,"duration":5099},"status":"broken","statusMessage":"selenium.common.exceptions.TimeoutException: Message: \nStacktrace:\n#0 0x5623e48dd6c3 <unknown>\n#1 0x5623e45b31e7 <unknown>\n#2 0x5623e45fa566 <unknown>\n#3 0x5623e45fa651 <unknown>\n#4 0x5623e4637a74 <unknown>\n#5 0x5623e461c0ed <unknown>\n#6 0x5623e4635322 <unknown>\n#7 0x5623e461be93 <unknown>\n#8 0x5623e45ee934 <unknown>\n#9 0x5623e45ef71e <unknown>\n#10 0x5623e48a2cc8 <unknown>\n#11 0x5623e48a6c00 <unknown>\n#12 0x5623e48b11ac <unknown>\n#13 0x5623e48a7818 <unknown>\n#14 0x5623e487428f <unknown>\n#15 0x5623e48cbe98 <unknown>\n#16 0x5623e48cc069 <unknown>\n#17 0x5623e48dc853 <unknown>\n#18 0x7f31c6094b43 <unknown>\n\n","statusTrace":"  File \"/opt/hostedtoolcache/Python/3.11.5/x64/lib/python3.11/site-packages/allure_commons/_allure.py\", line 192, in impl\n    return func(*a, **kw)\n           ^^^^^^^^^^^^^^\n  File \"/home/runner/work/luma_project/luma_project/pages/base_page.py\", line 29, in element_is_visible\n    self.go_to_element(self.element_is_present(locator))\n                       ^^^^^^^^^^^^^^^^^^^^^^^^^^^^^^^^\n  File \"/opt/hostedtoolcache/Python/3.11.5/x64/lib/python3.11/site-packages/allure_commons/_allure.py\", line 192, in impl\n    return func(*a, **kw)\n           ^^^^^^^^^^^^^^\n  File \"/home/runner/work/luma_project/luma_project/pages/base_page.py\", line 50, in element_is_present\n    return wait(self.driver, timeout).until(EC.presence_of_element_located(locator))\n           ^^^^^^^^^^^^^^^^^^^^^^^^^^^^^^^^^^^^^^^^^^^^^^^^^^^^^^^^^^^^^^^^^^^^^^^^^\n  File \"/opt/hostedtoolcache/Python/3.11.5/x64/lib/python3.11/site-packages/selenium/webdriver/support/wait.py\", line 95, in until\n    raise TimeoutException(message, screen, stacktrace)\n","steps":[{"name":"Find a present element","time":{"start":1695602384829,"stop":1695602389927,"duration":5098},"status":"broken","statusMessage":"selenium.common.exceptions.TimeoutException: Message: \nStacktrace:\n#0 0x5623e48dd6c3 <unknown>\n#1 0x5623e45b31e7 <unknown>\n#2 0x5623e45fa566 <unknown>\n#3 0x5623e45fa651 <unknown>\n#4 0x5623e4637a74 <unknown>\n#5 0x5623e461c0ed <unknown>\n#6 0x5623e4635322 <unknown>\n#7 0x5623e461be93 <unknown>\n#8 0x5623e45ee934 <unknown>\n#9 0x5623e45ef71e <unknown>\n#10 0x5623e48a2cc8 <unknown>\n#11 0x5623e48a6c00 <unknown>\n#12 0x5623e48b11ac <unknown>\n#13 0x5623e48a7818 <unknown>\n#14 0x5623e487428f <unknown>\n#15 0x5623e48cbe98 <unknown>\n#16 0x5623e48cc069 <unknown>\n#17 0x5623e48dc853 <unknown>\n#18 0x7f31c6094b43 <unknown>\n\n","statusTrace":"  File \"/opt/hostedtoolcache/Python/3.11.5/x64/lib/python3.11/site-packages/allure_commons/_allure.py\", line 192, in impl\n    return func(*a, **kw)\n           ^^^^^^^^^^^^^^\n  File \"/home/runner/work/luma_project/luma_project/pages/base_page.py\", line 50, in element_is_present\n    return wait(self.driver, timeout).until(EC.presence_of_element_located(locator))\n           ^^^^^^^^^^^^^^^^^^^^^^^^^^^^^^^^^^^^^^^^^^^^^^^^^^^^^^^^^^^^^^^^^^^^^^^^^\n  File \"/opt/hostedtoolcache/Python/3.11.5/x64/lib/python3.11/site-packages/selenium/webdriver/support/wait.py\", line 95, in until\n    raise TimeoutException(message, screen, stacktrace)\n","steps":[],"attachments":[],"parameters":[{"name":"locator","value":"('css selector', \"label[for='is_subscribed']\")"},{"name":"timeout","value":"5"}],"shouldDisplayMessage":true,"stepsCount":0,"attachmentsCount":0,"hasContent":true}],"attachments":[],"parameters":[{"name":"locator","value":"('css selector', \"label[for='is_subscribed']\")"},{"name":"timeout","value":"10"}],"shouldDisplayMessage":false,"stepsCount":1,"attachmentsCount":0,"hasContent":true}],"attachments":[],"parameters":[],"shouldDisplayMessage":false,"stepsCount":2,"attachmentsCount":0,"hasContent":true}],"attachments":[{"uid":"34898ad79ea6d1ee","name":"Screenshot","source":"34898ad79ea6d1ee.png","type":"image/png","size":66078},{"uid":"c441c12ff8ce646a","name":"HTML source","source":"c441c12ff8ce646a.html","type":"text/html","size":81328}],"parameters":[],"shouldDisplayMessage":true,"stepsCount":3,"attachmentsCount":2,"hasContent":true},"afterStages":[{"name":"driver::0","time":{"start":1695602390126,"stop":1695602390188,"duration":62},"status":"passed","steps":[],"attachments":[],"parameters":[],"shouldDisplayMessage":false,"stepsCount":0,"attachmentsCount":0,"hasContent":false},{"name":"clear_allure_result_folder::0","time":{"start":1695603926660,"stop":1695603926660,"duration":0},"status":"passed","steps":[],"attachments":[],"parameters":[],"shouldDisplayMessage":false,"stepsCount":0,"attachmentsCount":0,"hasContent":false}],"labels":[{"name":"epic","value":"Create An Account"},{"name":"parentSuite","value":"tests"},{"name":"suite","value":"test_create_an_account"},{"name":"subSuite","value":"TestCreateAnAccount"},{"name":"host","value":"fv-az484-629"},{"name":"thread","value":"2965-MainThread"},{"name":"framework","value":"pytest"},{"name":"language","value":"cpython3"},{"name":"package","value":"tests.test_create_an_account"},{"name":"resultFormat","value":"allure2"}],"parameters":[],"links":[],"hidden":false,"retry":false,"extra":{"severity":"normal","retries":[],"categories":[{"name":"Test defects","matchedStatuses":[],"flaky":false}],"tags":[]},"source":"6c1d712ad0eb10e4.json","parameterValues":[]}