{"uid":"deafe9a40c011fb7","name":"TC 17.01.17 Verify captcha image is present by default","fullName":"tests.test_forgot_your_password.TestForgotYourPassword#test_17_01_17_captcha_image_is_displayed","historyId":"20eee1dd441b6fd3a44d298e65fa59d2","time":{"start":1695602749163,"stop":1695602754295,"duration":5132},"description":"Check that the captcha image is present by default","descriptionHtml":"<p>Check that the captcha image is present by default</p>\n","status":"broken","statusMessage":"selenium.common.exceptions.TimeoutException: Message: \nStacktrace:\n#0 0x563da74846c3 <unknown>\n#1 0x563da715a1e7 <unknown>\n#2 0x563da71a1566 <unknown>\n#3 0x563da71a1651 <unknown>\n#4 0x563da71dea74 <unknown>\n#5 0x563da71c30ed <unknown>\n#6 0x563da71dc322 <unknown>\n#7 0x563da71c2e93 <unknown>\n#8 0x563da7195934 <unknown>\n#9 0x563da719671e <unknown>\n#10 0x563da7449cc8 <unknown>\n#11 0x563da744dc00 <unknown>\n#12 0x563da74581ac <unknown>\n#13 0x563da744e818 <unknown>\n#14 0x563da741b28f <unknown>\n#15 0x563da7472e98 <unknown>\n#16 0x563da7473069 <unknown>\n#17 0x563da7483853 <unknown>\n#18 0x7f3d0a294b43 <unknown>","statusTrace":"self = <test_forgot_your_password.TestForgotYourPassword object at 0x7f3c42facd50>\ndriver = <selenium.webdriver.chrome.webdriver.WebDriver (session=\"9c56313f97c1f9730bc059376c6eb967\")>\nforgot_psw_page = <pages.forgot_your_password_page.ForgotYourPasswordPage object at 0x7f3c44031710>\n\n    @allure.title('TC 17.01.17 Verify captcha image is present by default')\n    def test_17_01_17_captcha_image_is_displayed(self, driver, forgot_psw_page):\n        \"\"\"Check that the captcha image is present by default\"\"\"\n>       captcha_image = forgot_psw_page.check_captcha_image_is_visible()\n\ntests/test_forgot_your_password.py:153: \n_ _ _ _ _ _ _ _ _ _ _ _ _ _ _ _ _ _ _ _ _ _ _ _ _ _ _ _ _ _ _ _ _ _ _ _ _ _ _ _ \npages/forgot_your_password_page.py:109: in check_captcha_image_is_visible\n    return self.element_is_visible(self.locators.RELOAD_CAPTCHA_IMAGE)\npages/base_page.py:29: in element_is_visible\n    self.go_to_element(self.element_is_present(locator))\npages/base_page.py:50: in element_is_present\n    return wait(self.driver, timeout).until(EC.presence_of_element_located(locator))\n_ _ _ _ _ _ _ _ _ _ _ _ _ _ _ _ _ _ _ _ _ _ _ _ _ _ _ _ _ _ _ _ _ _ _ _ _ _ _ _ \n\nself = <selenium.webdriver.support.wait.WebDriverWait (session=\"9c56313f97c1f9730bc059376c6eb967\")>\nmethod = <function presence_of_element_located.<locals>._predicate at 0x7f3c436639c0>\nmessage = ''\n\n    def until(self, method, message: str = \"\"):\n        \"\"\"Calls the method provided with the driver as an argument until the \\\n        return value does not evaluate to ``False``.\n    \n        :param method: callable(WebDriver)\n        :param message: optional message for :exc:`TimeoutException`\n        :returns: the result of the last call to `method`\n        :raises: :exc:`selenium.common.exceptions.TimeoutException` if timeout occurs\n        \"\"\"\n        screen = None\n        stacktrace = None\n    \n        end_time = time.monotonic() + self._timeout\n        while True:\n            try:\n                value = method(self._driver)\n                if value:\n                    return value\n            except self._ignored_exceptions as exc:\n                screen = getattr(exc, \"screen\", None)\n                stacktrace = getattr(exc, \"stacktrace\", None)\n            time.sleep(self._poll)\n            if time.monotonic() > end_time:\n                break\n>       raise TimeoutException(message, screen, stacktrace)\nE       selenium.common.exceptions.TimeoutException: Message: \nE       Stacktrace:\nE       #0 0x563da74846c3 <unknown>\nE       #1 0x563da715a1e7 <unknown>\nE       #2 0x563da71a1566 <unknown>\nE       #3 0x563da71a1651 <unknown>\nE       #4 0x563da71dea74 <unknown>\nE       #5 0x563da71c30ed <unknown>\nE       #6 0x563da71dc322 <unknown>\nE       #7 0x563da71c2e93 <unknown>\nE       #8 0x563da7195934 <unknown>\nE       #9 0x563da719671e <unknown>\nE       #10 0x563da7449cc8 <unknown>\nE       #11 0x563da744dc00 <unknown>\nE       #12 0x563da74581ac <unknown>\nE       #13 0x563da744e818 <unknown>\nE       #14 0x563da741b28f <unknown>\nE       #15 0x563da7472e98 <unknown>\nE       #16 0x563da7473069 <unknown>\nE       #17 0x563da7483853 <unknown>\nE       #18 0x7f3d0a294b43 <unknown>\n\n/opt/hostedtoolcache/Python/3.11.5/x64/lib/python3.11/site-packages/selenium/webdriver/support/wait.py:95: TimeoutException","flaky":false,"newFailed":false,"newBroken":false,"newPassed":false,"retriesCount":0,"retriesStatusChange":false,"beforeStages":[{"name":"_session_faker","time":{"start":1695602358574,"stop":1695602358644,"duration":70},"status":"passed","steps":[],"attachments":[],"parameters":[],"shouldDisplayMessage":false,"stepsCount":0,"attachmentsCount":0,"hasContent":false},{"name":"clear_allure_result_folder","time":{"start":1695602358644,"stop":1695602358645,"duration":1},"status":"passed","steps":[],"attachments":[],"parameters":[],"shouldDisplayMessage":false,"stepsCount":0,"attachmentsCount":0,"hasContent":false},{"name":"driver","time":{"start":1695602747132,"stop":1695602748257,"duration":1125},"status":"passed","steps":[],"attachments":[],"parameters":[],"shouldDisplayMessage":false,"stepsCount":0,"attachmentsCount":0,"hasContent":false},{"name":"forgot_psw_page","time":{"start":1695602748257,"stop":1695602749162,"duration":905},"status":"passed","steps":[{"name":"Open a browser","time":{"start":1695602748257,"stop":1695602749162,"duration":905},"status":"passed","steps":[],"attachments":[],"parameters":[],"shouldDisplayMessage":false,"stepsCount":0,"attachmentsCount":0,"hasContent":false}],"attachments":[],"parameters":[],"shouldDisplayMessage":false,"stepsCount":1,"attachmentsCount":0,"hasContent":true}],"testStage":{"description":"Check that the captcha image is present by default","status":"broken","statusMessage":"selenium.common.exceptions.TimeoutException: Message: \nStacktrace:\n#0 0x563da74846c3 <unknown>\n#1 0x563da715a1e7 <unknown>\n#2 0x563da71a1566 <unknown>\n#3 0x563da71a1651 <unknown>\n#4 0x563da71dea74 <unknown>\n#5 0x563da71c30ed <unknown>\n#6 0x563da71dc322 <unknown>\n#7 0x563da71c2e93 <unknown>\n#8 0x563da7195934 <unknown>\n#9 0x563da719671e <unknown>\n#10 0x563da7449cc8 <unknown>\n#11 0x563da744dc00 <unknown>\n#12 0x563da74581ac <unknown>\n#13 0x563da744e818 <unknown>\n#14 0x563da741b28f <unknown>\n#15 0x563da7472e98 <unknown>\n#16 0x563da7473069 <unknown>\n#17 0x563da7483853 <unknown>\n#18 0x7f3d0a294b43 <unknown>","statusTrace":"self = <test_forgot_your_password.TestForgotYourPassword object at 0x7f3c42facd50>\ndriver = <selenium.webdriver.chrome.webdriver.WebDriver (session=\"9c56313f97c1f9730bc059376c6eb967\")>\nforgot_psw_page = <pages.forgot_your_password_page.ForgotYourPasswordPage object at 0x7f3c44031710>\n\n    @allure.title('TC 17.01.17 Verify captcha image is present by default')\n    def test_17_01_17_captcha_image_is_displayed(self, driver, forgot_psw_page):\n        \"\"\"Check that the captcha image is present by default\"\"\"\n>       captcha_image = forgot_psw_page.check_captcha_image_is_visible()\n\ntests/test_forgot_your_password.py:153: \n_ _ _ _ _ _ _ _ _ _ _ _ _ _ _ _ _ _ _ _ _ _ _ _ _ _ _ _ _ _ _ _ _ _ _ _ _ _ _ _ \npages/forgot_your_password_page.py:109: in check_captcha_image_is_visible\n    return self.element_is_visible(self.locators.RELOAD_CAPTCHA_IMAGE)\npages/base_page.py:29: in element_is_visible\n    self.go_to_element(self.element_is_present(locator))\npages/base_page.py:50: in element_is_present\n    return wait(self.driver, timeout).until(EC.presence_of_element_located(locator))\n_ _ _ _ _ _ _ _ _ _ _ _ _ _ _ _ _ _ _ _ _ _ _ _ _ _ _ _ _ _ _ _ _ _ _ _ _ _ _ _ \n\nself = <selenium.webdriver.support.wait.WebDriverWait (session=\"9c56313f97c1f9730bc059376c6eb967\")>\nmethod = <function presence_of_element_located.<locals>._predicate at 0x7f3c436639c0>\nmessage = ''\n\n    def until(self, method, message: str = \"\"):\n        \"\"\"Calls the method provided with the driver as an argument until the \\\n        return value does not evaluate to ``False``.\n    \n        :param method: callable(WebDriver)\n        :param message: optional message for :exc:`TimeoutException`\n        :returns: the result of the last call to `method`\n        :raises: :exc:`selenium.common.exceptions.TimeoutException` if timeout occurs\n        \"\"\"\n        screen = None\n        stacktrace = None\n    \n        end_time = time.monotonic() + self._timeout\n        while True:\n            try:\n                value = method(self._driver)\n                if value:\n                    return value\n            except self._ignored_exceptions as exc:\n                screen = getattr(exc, \"screen\", None)\n                stacktrace = getattr(exc, \"stacktrace\", None)\n            time.sleep(self._poll)\n            if time.monotonic() > end_time:\n                break\n>       raise TimeoutException(message, screen, stacktrace)\nE       selenium.common.exceptions.TimeoutException: Message: \nE       Stacktrace:\nE       #0 0x563da74846c3 <unknown>\nE       #1 0x563da715a1e7 <unknown>\nE       #2 0x563da71a1566 <unknown>\nE       #3 0x563da71a1651 <unknown>\nE       #4 0x563da71dea74 <unknown>\nE       #5 0x563da71c30ed <unknown>\nE       #6 0x563da71dc322 <unknown>\nE       #7 0x563da71c2e93 <unknown>\nE       #8 0x563da7195934 <unknown>\nE       #9 0x563da719671e <unknown>\nE       #10 0x563da7449cc8 <unknown>\nE       #11 0x563da744dc00 <unknown>\nE       #12 0x563da74581ac <unknown>\nE       #13 0x563da744e818 <unknown>\nE       #14 0x563da741b28f <unknown>\nE       #15 0x563da7472e98 <unknown>\nE       #16 0x563da7473069 <unknown>\nE       #17 0x563da7483853 <unknown>\nE       #18 0x7f3d0a294b43 <unknown>\n\n/opt/hostedtoolcache/Python/3.11.5/x64/lib/python3.11/site-packages/selenium/webdriver/support/wait.py:95: TimeoutException","steps":[{"name":"Check Captcha image is visible","time":{"start":1695602749163,"stop":1695602754294,"duration":5131},"status":"broken","statusMessage":"selenium.common.exceptions.TimeoutException: Message: \nStacktrace:\n#0 0x563da74846c3 <unknown>\n#1 0x563da715a1e7 <unknown>\n#2 0x563da71a1566 <unknown>\n#3 0x563da71a1651 <unknown>\n#4 0x563da71dea74 <unknown>\n#5 0x563da71c30ed <unknown>\n#6 0x563da71dc322 <unknown>\n#7 0x563da71c2e93 <unknown>\n#8 0x563da7195934 <unknown>\n#9 0x563da719671e <unknown>\n#10 0x563da7449cc8 <unknown>\n#11 0x563da744dc00 <unknown>\n#12 0x563da74581ac <unknown>\n#13 0x563da744e818 <unknown>\n#14 0x563da741b28f <unknown>\n#15 0x563da7472e98 <unknown>\n#16 0x563da7473069 <unknown>\n#17 0x563da7483853 <unknown>\n#18 0x7f3d0a294b43 <unknown>\n\n","statusTrace":"  File \"/opt/hostedtoolcache/Python/3.11.5/x64/lib/python3.11/site-packages/allure_commons/_allure.py\", line 192, in impl\n    return func(*a, **kw)\n           ^^^^^^^^^^^^^^\n  File \"/home/runner/work/luma_project/luma_project/pages/forgot_your_password_page.py\", line 109, in check_captcha_image_is_visible\n    return self.element_is_visible(self.locators.RELOAD_CAPTCHA_IMAGE)\n           ^^^^^^^^^^^^^^^^^^^^^^^^^^^^^^^^^^^^^^^^^^^^^^^^^^^^^^^^^^^\n  File \"/opt/hostedtoolcache/Python/3.11.5/x64/lib/python3.11/site-packages/allure_commons/_allure.py\", line 192, in impl\n    return func(*a, **kw)\n           ^^^^^^^^^^^^^^\n  File \"/home/runner/work/luma_project/luma_project/pages/base_page.py\", line 29, in element_is_visible\n    self.go_to_element(self.element_is_present(locator))\n                       ^^^^^^^^^^^^^^^^^^^^^^^^^^^^^^^^\n  File \"/opt/hostedtoolcache/Python/3.11.5/x64/lib/python3.11/site-packages/allure_commons/_allure.py\", line 192, in impl\n    return func(*a, **kw)\n           ^^^^^^^^^^^^^^\n  File \"/home/runner/work/luma_project/luma_project/pages/base_page.py\", line 50, in element_is_present\n    return wait(self.driver, timeout).until(EC.presence_of_element_located(locator))\n           ^^^^^^^^^^^^^^^^^^^^^^^^^^^^^^^^^^^^^^^^^^^^^^^^^^^^^^^^^^^^^^^^^^^^^^^^^\n  File \"/opt/hostedtoolcache/Python/3.11.5/x64/lib/python3.11/site-packages/selenium/webdriver/support/wait.py\", line 95, in until\n    raise TimeoutException(message, screen, stacktrace)\n","steps":[{"name":"Find a visible element","time":{"start":1695602749163,"stop":1695602754294,"duration":5131},"status":"broken","statusMessage":"selenium.common.exceptions.TimeoutException: Message: \nStacktrace:\n#0 0x563da74846c3 <unknown>\n#1 0x563da715a1e7 <unknown>\n#2 0x563da71a1566 <unknown>\n#3 0x563da71a1651 <unknown>\n#4 0x563da71dea74 <unknown>\n#5 0x563da71c30ed <unknown>\n#6 0x563da71dc322 <unknown>\n#7 0x563da71c2e93 <unknown>\n#8 0x563da7195934 <unknown>\n#9 0x563da719671e <unknown>\n#10 0x563da7449cc8 <unknown>\n#11 0x563da744dc00 <unknown>\n#12 0x563da74581ac <unknown>\n#13 0x563da744e818 <unknown>\n#14 0x563da741b28f <unknown>\n#15 0x563da7472e98 <unknown>\n#16 0x563da7473069 <unknown>\n#17 0x563da7483853 <unknown>\n#18 0x7f3d0a294b43 <unknown>\n\n","statusTrace":"  File \"/opt/hostedtoolcache/Python/3.11.5/x64/lib/python3.11/site-packages/allure_commons/_allure.py\", line 192, in impl\n    return func(*a, **kw)\n           ^^^^^^^^^^^^^^\n  File \"/home/runner/work/luma_project/luma_project/pages/base_page.py\", line 29, in element_is_visible\n    self.go_to_element(self.element_is_present(locator))\n                       ^^^^^^^^^^^^^^^^^^^^^^^^^^^^^^^^\n  File \"/opt/hostedtoolcache/Python/3.11.5/x64/lib/python3.11/site-packages/allure_commons/_allure.py\", line 192, in impl\n    return func(*a, **kw)\n           ^^^^^^^^^^^^^^\n  File \"/home/runner/work/luma_project/luma_project/pages/base_page.py\", line 50, in element_is_present\n    return wait(self.driver, timeout).until(EC.presence_of_element_located(locator))\n           ^^^^^^^^^^^^^^^^^^^^^^^^^^^^^^^^^^^^^^^^^^^^^^^^^^^^^^^^^^^^^^^^^^^^^^^^^\n  File \"/opt/hostedtoolcache/Python/3.11.5/x64/lib/python3.11/site-packages/selenium/webdriver/support/wait.py\", line 95, in until\n    raise TimeoutException(message, screen, stacktrace)\n","steps":[{"name":"Find a present element","time":{"start":1695602749163,"stop":1695602754294,"duration":5131},"status":"broken","statusMessage":"selenium.common.exceptions.TimeoutException: Message: \nStacktrace:\n#0 0x563da74846c3 <unknown>\n#1 0x563da715a1e7 <unknown>\n#2 0x563da71a1566 <unknown>\n#3 0x563da71a1651 <unknown>\n#4 0x563da71dea74 <unknown>\n#5 0x563da71c30ed <unknown>\n#6 0x563da71dc322 <unknown>\n#7 0x563da71c2e93 <unknown>\n#8 0x563da7195934 <unknown>\n#9 0x563da719671e <unknown>\n#10 0x563da7449cc8 <unknown>\n#11 0x563da744dc00 <unknown>\n#12 0x563da74581ac <unknown>\n#13 0x563da744e818 <unknown>\n#14 0x563da741b28f <unknown>\n#15 0x563da7472e98 <unknown>\n#16 0x563da7473069 <unknown>\n#17 0x563da7483853 <unknown>\n#18 0x7f3d0a294b43 <unknown>\n\n","statusTrace":"  File \"/opt/hostedtoolcache/Python/3.11.5/x64/lib/python3.11/site-packages/allure_commons/_allure.py\", line 192, in impl\n    return func(*a, **kw)\n           ^^^^^^^^^^^^^^\n  File \"/home/runner/work/luma_project/luma_project/pages/base_page.py\", line 50, in element_is_present\n    return wait(self.driver, timeout).until(EC.presence_of_element_located(locator))\n           ^^^^^^^^^^^^^^^^^^^^^^^^^^^^^^^^^^^^^^^^^^^^^^^^^^^^^^^^^^^^^^^^^^^^^^^^^\n  File \"/opt/hostedtoolcache/Python/3.11.5/x64/lib/python3.11/site-packages/selenium/webdriver/support/wait.py\", line 95, in until\n    raise TimeoutException(message, screen, stacktrace)\n","steps":[],"attachments":[],"parameters":[{"name":"locator","value":"('xpath', '//img[@class=\"captcha-img\"]')"},{"name":"timeout","value":"5"}],"shouldDisplayMessage":true,"stepsCount":0,"attachmentsCount":0,"hasContent":true}],"attachments":[],"parameters":[{"name":"locator","value":"('xpath', '//img[@class=\"captcha-img\"]')"},{"name":"timeout","value":"10"}],"shouldDisplayMessage":false,"stepsCount":1,"attachmentsCount":0,"hasContent":true}],"attachments":[],"parameters":[],"shouldDisplayMessage":false,"stepsCount":2,"attachmentsCount":0,"hasContent":true}],"attachments":[{"uid":"a540a746ccd9af9e","name":"Screenshot","source":"a540a746ccd9af9e.png","type":"image/png","size":70029},{"uid":"74658cb39acb2843","name":"HTML source","source":"74658cb39acb2843.html","type":"text/html","size":78068}],"parameters":[],"shouldDisplayMessage":true,"stepsCount":3,"attachmentsCount":2,"hasContent":true},"afterStages":[{"name":"driver::0","time":{"start":1695602754452,"stop":1695602754514,"duration":62},"status":"passed","steps":[],"attachments":[],"parameters":[],"shouldDisplayMessage":false,"stepsCount":0,"attachmentsCount":0,"hasContent":false},{"name":"clear_allure_result_folder::0","time":{"start":1695603926660,"stop":1695603926660,"duration":0},"status":"passed","steps":[],"attachments":[],"parameters":[],"shouldDisplayMessage":false,"stepsCount":0,"attachmentsCount":0,"hasContent":false}],"labels":[{"name":"epic","value":"Forgot Your Password Page"},{"name":"parentSuite","value":"tests"},{"name":"suite","value":"test_forgot_your_password"},{"name":"subSuite","value":"TestForgotYourPassword"},{"name":"host","value":"fv-az484-629"},{"name":"thread","value":"2965-MainThread"},{"name":"framework","value":"pytest"},{"name":"language","value":"cpython3"},{"name":"package","value":"tests.test_forgot_your_password"},{"name":"resultFormat","value":"allure2"}],"parameters":[],"links":[],"hidden":false,"retry":false,"extra":{"severity":"normal","retries":[],"categories":[{"name":"Test defects","matchedStatuses":[],"flaky":false}],"tags":[]},"source":"deafe9a40c011fb7.json","parameterValues":[]}