{"uid":"91b669972682e3ea","name":"test_tc_01_15_01_check_that_it_is_possible_to_vote_for_1_star","fullName":"tests.test_reviews_page.TestReviews#test_tc_01_15_01_check_that_it_is_possible_to_vote_for_1_star","historyId":"cfd828a389f57bf8c414a44a924590cf","time":{"start":1692147210487,"stop":1692147214061,"duration":3574},"description":"\n        The user is NOT logged in, located in the product card, section \"Reviews\"\n        1. All required fields are filled with correct data\n        2. Pressed 1 star\n        3.The \"Submit Review\" button is pressed\n        Result: Present in the DOM and visible on the page the message: \"You submitted your review for moderation.\"\n        This code works when run on Win, Mac, Ubuntu on a real laptop and has the features of working on GitHub Action.\n        When interacting with the GitHub Action, it checks not for the text of the \"Success\" message, but for the \"Success\" URL\"\n        ","descriptionHtml":"<pre><code>    The user is NOT logged in, located in the product card, section &quot;Reviews&quot;\n    1. All required fields are filled with correct data\n    2. Pressed 1 star\n    3.The &quot;Submit Review&quot; button is pressed\n    Result: Present in the DOM and visible on the page the message: &quot;You submitted your review for moderation.&quot;\n    This code works when run on Win, Mac, Ubuntu on a real laptop and has the features of working on GitHub Action.\n    When interacting with the GitHub Action, it checks not for the text of the &quot;Success&quot; message, but for the &quot;Success&quot; URL&quot;\n</code></pre>\n","status":"broken","statusMessage":"selenium.common.exceptions.ElementClickInterceptedException: Message: element click intercepted: Element <input type=\"text\" name=\"title\" id=\"summary_field\" class=\"input-text\" data-validate=\"{required:true}\" data-bind=\"value: review().title\" aria-required=\"true\"> is not clickable at point (608, 861). Other element would receive the click: <fieldset class=\"field required review-field-ratings\">...</fieldset>\n  (Session info: chrome=115.0.5790.170)\nStacktrace:\n#0 0x5630f2e92613 <unknown>\n#1 0x5630f2bbe537 <unknown>\n#2 0x5630f2c02af2 <unknown>\n#3 0x5630f2c01044 <unknown>\n#4 0x5630f2bfef68 <unknown>\n#5 0x5630f2bfe0ad <unknown>\n#6 0x5630f2bf31a9 <unknown>\n#7 0x5630f2c1da32 <unknown>\n#8 0x5630f2bf2bc6 <unknown>\n#9 0x5630f2c1dbfe <unknown>\n#10 0x5630f2c35d09 <unknown>\n#11 0x5630f2c1d803 <unknown>\n#12 0x5630f2bf168b <unknown>\n#13 0x5630f2bf242e <unknown>\n#14 0x5630f2e53c28 <unknown>\n#15 0x5630f2e57af7 <unknown>\n#16 0x5630f2e6201c <unknown>\n#17 0x5630f2e58723 <unknown>\n#18 0x5630f2e27457 <unknown>\n#19 0x5630f2e7c628 <unknown>\n#20 0x5630f2e7c7b7 <unknown>\n#21 0x5630f2e8b483 <unknown>\n#22 0x7f0df49c6b43 <unknown>","statusTrace":"self = <test_reviews_page.TestReviews object at 0x7f9cd3c93590>\ndriver = <selenium.webdriver.chrome.webdriver.WebDriver (session=\"4a9c22d07e338276f98bc2deabb8a5d9\")>\n\n    def test_tc_01_15_01_check_that_it_is_possible_to_vote_for_1_star(self, driver):\n        \"\"\"\n        The user is NOT logged in, located in the product card, section \"Reviews\"\n        1. All required fields are filled with correct data\n        2. Pressed 1 star\n        3.The \"Submit Review\" button is pressed\n        Result: Present in the DOM and visible on the page the message: \"You submitted your review for moderation.\"\n        This code works when run on Win, Mac, Ubuntu on a real laptop and has the features of working on GitHub Action.\n        When interacting with the GitHub Action, it checks not for the text of the \"Success\" message, but for the \"Success\" URL\"\n        \"\"\"\n    \n        \"\"\"Steps\"\"\"\n        page = ReviewsPage(driver, REVIEWS_URL_GENERAL)\n        page.open()\n    \n        \"\"\"Get the current URL and print it\"\"\"\n        page.get_the_current_URL_and_print_it()\n    \n        \"\"\"Steps\"\"\"\n        page.open_review_menu()\n        page.star_1_review_correct()\n        page.nickname_input_review_correct()\n>       page.summary_input_review_correct()\n\ntests/test_reviews_page.py:33: \n_ _ _ _ _ _ _ _ _ _ _ _ _ _ _ _ _ _ _ _ _ _ _ _ _ _ _ _ _ _ _ _ _ _ _ _ _ _ _ _ \npages/reviews_page.py:64: in summary_input_review_correct\n    summary_input_element.click()\n/opt/hostedtoolcache/Python/3.11.4/x64/lib/python3.11/site-packages/selenium/webdriver/remote/webelement.py:94: in click\n    self._execute(Command.CLICK_ELEMENT)\n/opt/hostedtoolcache/Python/3.11.4/x64/lib/python3.11/site-packages/selenium/webdriver/remote/webelement.py:395: in _execute\n    return self._parent.execute(command, params)\n/opt/hostedtoolcache/Python/3.11.4/x64/lib/python3.11/site-packages/selenium/webdriver/remote/webdriver.py:346: in execute\n    self.error_handler.check_response(response)\n_ _ _ _ _ _ _ _ _ _ _ _ _ _ _ _ _ _ _ _ _ _ _ _ _ _ _ _ _ _ _ _ _ _ _ _ _ _ _ _ \n\nself = <selenium.webdriver.remote.errorhandler.ErrorHandler object at 0x7f9cd1c99f10>\nresponse = {'status': 400, 'value': '{\"value\":{\"error\":\"element click intercepted\",\"message\":\"element click intercepted: Element ...\\\\n#20 0x5630f2e7c7b7 \\\\u003Cunknown>\\\\n#21 0x5630f2e8b483 \\\\u003Cunknown>\\\\n#22 0x7f0df49c6b43 \\\\u003Cunknown>\\\\n\"}}'}\n\n    def check_response(self, response: Dict[str, Any]) -> None:\n        \"\"\"Checks that a JSON response from the WebDriver does not have an\n        error.\n    \n        :Args:\n         - response - The JSON response from the WebDriver server as a dictionary\n           object.\n    \n        :Raises: If the response contains an error message.\n        \"\"\"\n        status = response.get(\"status\", None)\n        if not status or status == ErrorCode.SUCCESS:\n            return\n        value = None\n        message = response.get(\"message\", \"\")\n        screen: str = response.get(\"screen\", \"\")\n        stacktrace = None\n        if isinstance(status, int):\n            value_json = response.get(\"value\", None)\n            if value_json and isinstance(value_json, str):\n                import json\n    \n                try:\n                    value = json.loads(value_json)\n                    if len(value) == 1:\n                        value = value[\"value\"]\n                    status = value.get(\"error\", None)\n                    if not status:\n                        status = value.get(\"status\", ErrorCode.UNKNOWN_ERROR)\n                        message = value.get(\"value\") or value.get(\"message\")\n                        if not isinstance(message, str):\n                            value = message\n                            message = message.get(\"message\")\n                    else:\n                        message = value.get(\"message\", None)\n                except ValueError:\n                    pass\n    \n        exception_class: Type[WebDriverException]\n        if status in ErrorCode.NO_SUCH_ELEMENT:\n            exception_class = NoSuchElementException\n        elif status in ErrorCode.NO_SUCH_FRAME:\n            exception_class = NoSuchFrameException\n        elif status in ErrorCode.NO_SUCH_SHADOW_ROOT:\n            exception_class = NoSuchShadowRootException\n        elif status in ErrorCode.NO_SUCH_WINDOW:\n            exception_class = NoSuchWindowException\n        elif status in ErrorCode.STALE_ELEMENT_REFERENCE:\n            exception_class = StaleElementReferenceException\n        elif status in ErrorCode.ELEMENT_NOT_VISIBLE:\n            exception_class = ElementNotVisibleException\n        elif status in ErrorCode.INVALID_ELEMENT_STATE:\n            exception_class = InvalidElementStateException\n        elif (\n            status in ErrorCode.INVALID_SELECTOR\n            or status in ErrorCode.INVALID_XPATH_SELECTOR\n            or status in ErrorCode.INVALID_XPATH_SELECTOR_RETURN_TYPER\n        ):\n            exception_class = InvalidSelectorException\n        elif status in ErrorCode.ELEMENT_IS_NOT_SELECTABLE:\n            exception_class = ElementNotSelectableException\n        elif status in ErrorCode.ELEMENT_NOT_INTERACTABLE:\n            exception_class = ElementNotInteractableException\n        elif status in ErrorCode.INVALID_COOKIE_DOMAIN:\n            exception_class = InvalidCookieDomainException\n        elif status in ErrorCode.UNABLE_TO_SET_COOKIE:\n            exception_class = UnableToSetCookieException\n        elif status in ErrorCode.TIMEOUT:\n            exception_class = TimeoutException\n        elif status in ErrorCode.SCRIPT_TIMEOUT:\n            exception_class = TimeoutException\n        elif status in ErrorCode.UNKNOWN_ERROR:\n            exception_class = WebDriverException\n        elif status in ErrorCode.UNEXPECTED_ALERT_OPEN:\n            exception_class = UnexpectedAlertPresentException\n        elif status in ErrorCode.NO_ALERT_OPEN:\n            exception_class = NoAlertPresentException\n        elif status in ErrorCode.IME_NOT_AVAILABLE:\n            exception_class = ImeNotAvailableException\n        elif status in ErrorCode.IME_ENGINE_ACTIVATION_FAILED:\n            exception_class = ImeActivationFailedException\n        elif status in ErrorCode.MOVE_TARGET_OUT_OF_BOUNDS:\n            exception_class = MoveTargetOutOfBoundsException\n        elif status in ErrorCode.JAVASCRIPT_ERROR:\n            exception_class = JavascriptException\n        elif status in ErrorCode.SESSION_NOT_CREATED:\n            exception_class = SessionNotCreatedException\n        elif status in ErrorCode.INVALID_ARGUMENT:\n            exception_class = InvalidArgumentException\n        elif status in ErrorCode.NO_SUCH_COOKIE:\n            exception_class = NoSuchCookieException\n        elif status in ErrorCode.UNABLE_TO_CAPTURE_SCREEN:\n            exception_class = ScreenshotException\n        elif status in ErrorCode.ELEMENT_CLICK_INTERCEPTED:\n            exception_class = ElementClickInterceptedException\n        elif status in ErrorCode.INSECURE_CERTIFICATE:\n            exception_class = InsecureCertificateException\n        elif status in ErrorCode.INVALID_COORDINATES:\n            exception_class = InvalidCoordinatesException\n        elif status in ErrorCode.INVALID_SESSION_ID:\n            exception_class = InvalidSessionIdException\n        elif status in ErrorCode.UNKNOWN_METHOD:\n            exception_class = UnknownMethodException\n        else:\n            exception_class = WebDriverException\n        if not value:\n            value = response[\"value\"]\n        if isinstance(value, str):\n            raise exception_class(value)\n        if message == \"\" and \"message\" in value:\n            message = value[\"message\"]\n    \n        screen = None  # type: ignore[assignment]\n        if \"screen\" in value:\n            screen = value[\"screen\"]\n    \n        stacktrace = None\n        st_value = value.get(\"stackTrace\") or value.get(\"stacktrace\")\n        if st_value:\n            if isinstance(st_value, str):\n                stacktrace = st_value.split(\"\\n\")\n            else:\n                stacktrace = []\n                try:\n                    for frame in st_value:\n                        line = frame.get(\"lineNumber\", \"\")\n                        file = frame.get(\"fileName\", \"<anonymous>\")\n                        if line:\n                            file = f\"{file}:{line}\"\n                        meth = frame.get(\"methodName\", \"<anonymous>\")\n                        if \"className\" in frame:\n                            meth = f\"{frame['className']}.{meth}\"\n                        msg = \"    at %s (%s)\"\n                        msg = msg % (meth, file)\n                        stacktrace.append(msg)\n                except TypeError:\n                    pass\n        if exception_class == UnexpectedAlertPresentException:\n            alert_text = None\n            if \"data\" in value:\n                alert_text = value[\"data\"].get(\"text\")\n            elif \"alert\" in value:\n                alert_text = value[\"alert\"].get(\"text\")\n            raise exception_class(message, screen, stacktrace, alert_text)  # type: ignore[call-arg]  # mypy is not smart enough here\n>       raise exception_class(message, screen, stacktrace)\nE       selenium.common.exceptions.ElementClickInterceptedException: Message: element click intercepted: Element <input type=\"text\" name=\"title\" id=\"summary_field\" class=\"input-text\" data-validate=\"{required:true}\" data-bind=\"value: review().title\" aria-required=\"true\"> is not clickable at point (608, 861). Other element would receive the click: <fieldset class=\"field required review-field-ratings\">...</fieldset>\nE         (Session info: chrome=115.0.5790.170)\nE       Stacktrace:\nE       #0 0x5630f2e92613 <unknown>\nE       #1 0x5630f2bbe537 <unknown>\nE       #2 0x5630f2c02af2 <unknown>\nE       #3 0x5630f2c01044 <unknown>\nE       #4 0x5630f2bfef68 <unknown>\nE       #5 0x5630f2bfe0ad <unknown>\nE       #6 0x5630f2bf31a9 <unknown>\nE       #7 0x5630f2c1da32 <unknown>\nE       #8 0x5630f2bf2bc6 <unknown>\nE       #9 0x5630f2c1dbfe <unknown>\nE       #10 0x5630f2c35d09 <unknown>\nE       #11 0x5630f2c1d803 <unknown>\nE       #12 0x5630f2bf168b <unknown>\nE       #13 0x5630f2bf242e <unknown>\nE       #14 0x5630f2e53c28 <unknown>\nE       #15 0x5630f2e57af7 <unknown>\nE       #16 0x5630f2e6201c <unknown>\nE       #17 0x5630f2e58723 <unknown>\nE       #18 0x5630f2e27457 <unknown>\nE       #19 0x5630f2e7c628 <unknown>\nE       #20 0x5630f2e7c7b7 <unknown>\nE       #21 0x5630f2e8b483 <unknown>\nE       #22 0x7f0df49c6b43 <unknown>\n\n/opt/hostedtoolcache/Python/3.11.4/x64/lib/python3.11/site-packages/selenium/webdriver/remote/errorhandler.py:245: ElementClickInterceptedException","flaky":false,"newFailed":false,"newBroken":true,"newPassed":false,"retriesCount":0,"retriesStatusChange":false,"beforeStages":[{"name":"_session_faker","time":{"start":1692146237602,"stop":1692146237687,"duration":85},"status":"passed","steps":[],"attachments":[],"parameters":[],"stepsCount":0,"attachmentsCount":0,"shouldDisplayMessage":false,"hasContent":false},{"name":"clear_allure_result_folder","time":{"start":1692146237687,"stop":1692146237687,"duration":0},"status":"passed","steps":[],"attachments":[],"parameters":[],"stepsCount":0,"attachmentsCount":0,"shouldDisplayMessage":false,"hasContent":false},{"name":"driver","time":{"start":1692147209425,"stop":1692147210487,"duration":1062},"status":"passed","steps":[],"attachments":[],"parameters":[],"stepsCount":0,"attachmentsCount":0,"shouldDisplayMessage":false,"hasContent":false}],"testStage":{"description":"\n        The user is NOT logged in, located in the product card, section \"Reviews\"\n        1. All required fields are filled with correct data\n        2. Pressed 1 star\n        3.The \"Submit Review\" button is pressed\n        Result: Present in the DOM and visible on the page the message: \"You submitted your review for moderation.\"\n        This code works when run on Win, Mac, Ubuntu on a real laptop and has the features of working on GitHub Action.\n        When interacting with the GitHub Action, it checks not for the text of the \"Success\" message, but for the \"Success\" URL\"\n        ","status":"broken","statusMessage":"selenium.common.exceptions.ElementClickInterceptedException: Message: element click intercepted: Element <input type=\"text\" name=\"title\" id=\"summary_field\" class=\"input-text\" data-validate=\"{required:true}\" data-bind=\"value: review().title\" aria-required=\"true\"> is not clickable at point (608, 861). Other element would receive the click: <fieldset class=\"field required review-field-ratings\">...</fieldset>\n  (Session info: chrome=115.0.5790.170)\nStacktrace:\n#0 0x5630f2e92613 <unknown>\n#1 0x5630f2bbe537 <unknown>\n#2 0x5630f2c02af2 <unknown>\n#3 0x5630f2c01044 <unknown>\n#4 0x5630f2bfef68 <unknown>\n#5 0x5630f2bfe0ad <unknown>\n#6 0x5630f2bf31a9 <unknown>\n#7 0x5630f2c1da32 <unknown>\n#8 0x5630f2bf2bc6 <unknown>\n#9 0x5630f2c1dbfe <unknown>\n#10 0x5630f2c35d09 <unknown>\n#11 0x5630f2c1d803 <unknown>\n#12 0x5630f2bf168b <unknown>\n#13 0x5630f2bf242e <unknown>\n#14 0x5630f2e53c28 <unknown>\n#15 0x5630f2e57af7 <unknown>\n#16 0x5630f2e6201c <unknown>\n#17 0x5630f2e58723 <unknown>\n#18 0x5630f2e27457 <unknown>\n#19 0x5630f2e7c628 <unknown>\n#20 0x5630f2e7c7b7 <unknown>\n#21 0x5630f2e8b483 <unknown>\n#22 0x7f0df49c6b43 <unknown>","statusTrace":"self = <test_reviews_page.TestReviews object at 0x7f9cd3c93590>\ndriver = <selenium.webdriver.chrome.webdriver.WebDriver (session=\"4a9c22d07e338276f98bc2deabb8a5d9\")>\n\n    def test_tc_01_15_01_check_that_it_is_possible_to_vote_for_1_star(self, driver):\n        \"\"\"\n        The user is NOT logged in, located in the product card, section \"Reviews\"\n        1. All required fields are filled with correct data\n        2. Pressed 1 star\n        3.The \"Submit Review\" button is pressed\n        Result: Present in the DOM and visible on the page the message: \"You submitted your review for moderation.\"\n        This code works when run on Win, Mac, Ubuntu on a real laptop and has the features of working on GitHub Action.\n        When interacting with the GitHub Action, it checks not for the text of the \"Success\" message, but for the \"Success\" URL\"\n        \"\"\"\n    \n        \"\"\"Steps\"\"\"\n        page = ReviewsPage(driver, REVIEWS_URL_GENERAL)\n        page.open()\n    \n        \"\"\"Get the current URL and print it\"\"\"\n        page.get_the_current_URL_and_print_it()\n    \n        \"\"\"Steps\"\"\"\n        page.open_review_menu()\n        page.star_1_review_correct()\n        page.nickname_input_review_correct()\n>       page.summary_input_review_correct()\n\ntests/test_reviews_page.py:33: \n_ _ _ _ _ _ _ _ _ _ _ _ _ _ _ _ _ _ _ _ _ _ _ _ _ _ _ _ _ _ _ _ _ _ _ _ _ _ _ _ \npages/reviews_page.py:64: in summary_input_review_correct\n    summary_input_element.click()\n/opt/hostedtoolcache/Python/3.11.4/x64/lib/python3.11/site-packages/selenium/webdriver/remote/webelement.py:94: in click\n    self._execute(Command.CLICK_ELEMENT)\n/opt/hostedtoolcache/Python/3.11.4/x64/lib/python3.11/site-packages/selenium/webdriver/remote/webelement.py:395: in _execute\n    return self._parent.execute(command, params)\n/opt/hostedtoolcache/Python/3.11.4/x64/lib/python3.11/site-packages/selenium/webdriver/remote/webdriver.py:346: in execute\n    self.error_handler.check_response(response)\n_ _ _ _ _ _ _ _ _ _ _ _ _ _ _ _ _ _ _ _ _ _ _ _ _ _ _ _ _ _ _ _ _ _ _ _ _ _ _ _ \n\nself = <selenium.webdriver.remote.errorhandler.ErrorHandler object at 0x7f9cd1c99f10>\nresponse = {'status': 400, 'value': '{\"value\":{\"error\":\"element click intercepted\",\"message\":\"element click intercepted: Element ...\\\\n#20 0x5630f2e7c7b7 \\\\u003Cunknown>\\\\n#21 0x5630f2e8b483 \\\\u003Cunknown>\\\\n#22 0x7f0df49c6b43 \\\\u003Cunknown>\\\\n\"}}'}\n\n    def check_response(self, response: Dict[str, Any]) -> None:\n        \"\"\"Checks that a JSON response from the WebDriver does not have an\n        error.\n    \n        :Args:\n         - response - The JSON response from the WebDriver server as a dictionary\n           object.\n    \n        :Raises: If the response contains an error message.\n        \"\"\"\n        status = response.get(\"status\", None)\n        if not status or status == ErrorCode.SUCCESS:\n            return\n        value = None\n        message = response.get(\"message\", \"\")\n        screen: str = response.get(\"screen\", \"\")\n        stacktrace = None\n        if isinstance(status, int):\n            value_json = response.get(\"value\", None)\n            if value_json and isinstance(value_json, str):\n                import json\n    \n                try:\n                    value = json.loads(value_json)\n                    if len(value) == 1:\n                        value = value[\"value\"]\n                    status = value.get(\"error\", None)\n                    if not status:\n                        status = value.get(\"status\", ErrorCode.UNKNOWN_ERROR)\n                        message = value.get(\"value\") or value.get(\"message\")\n                        if not isinstance(message, str):\n                            value = message\n                            message = message.get(\"message\")\n                    else:\n                        message = value.get(\"message\", None)\n                except ValueError:\n                    pass\n    \n        exception_class: Type[WebDriverException]\n        if status in ErrorCode.NO_SUCH_ELEMENT:\n            exception_class = NoSuchElementException\n        elif status in ErrorCode.NO_SUCH_FRAME:\n            exception_class = NoSuchFrameException\n        elif status in ErrorCode.NO_SUCH_SHADOW_ROOT:\n            exception_class = NoSuchShadowRootException\n        elif status in ErrorCode.NO_SUCH_WINDOW:\n            exception_class = NoSuchWindowException\n        elif status in ErrorCode.STALE_ELEMENT_REFERENCE:\n            exception_class = StaleElementReferenceException\n        elif status in ErrorCode.ELEMENT_NOT_VISIBLE:\n            exception_class = ElementNotVisibleException\n        elif status in ErrorCode.INVALID_ELEMENT_STATE:\n            exception_class = InvalidElementStateException\n        elif (\n            status in ErrorCode.INVALID_SELECTOR\n            or status in ErrorCode.INVALID_XPATH_SELECTOR\n            or status in ErrorCode.INVALID_XPATH_SELECTOR_RETURN_TYPER\n        ):\n            exception_class = InvalidSelectorException\n        elif status in ErrorCode.ELEMENT_IS_NOT_SELECTABLE:\n            exception_class = ElementNotSelectableException\n        elif status in ErrorCode.ELEMENT_NOT_INTERACTABLE:\n            exception_class = ElementNotInteractableException\n        elif status in ErrorCode.INVALID_COOKIE_DOMAIN:\n            exception_class = InvalidCookieDomainException\n        elif status in ErrorCode.UNABLE_TO_SET_COOKIE:\n            exception_class = UnableToSetCookieException\n        elif status in ErrorCode.TIMEOUT:\n            exception_class = TimeoutException\n        elif status in ErrorCode.SCRIPT_TIMEOUT:\n            exception_class = TimeoutException\n        elif status in ErrorCode.UNKNOWN_ERROR:\n            exception_class = WebDriverException\n        elif status in ErrorCode.UNEXPECTED_ALERT_OPEN:\n            exception_class = UnexpectedAlertPresentException\n        elif status in ErrorCode.NO_ALERT_OPEN:\n            exception_class = NoAlertPresentException\n        elif status in ErrorCode.IME_NOT_AVAILABLE:\n            exception_class = ImeNotAvailableException\n        elif status in ErrorCode.IME_ENGINE_ACTIVATION_FAILED:\n            exception_class = ImeActivationFailedException\n        elif status in ErrorCode.MOVE_TARGET_OUT_OF_BOUNDS:\n            exception_class = MoveTargetOutOfBoundsException\n        elif status in ErrorCode.JAVASCRIPT_ERROR:\n            exception_class = JavascriptException\n        elif status in ErrorCode.SESSION_NOT_CREATED:\n            exception_class = SessionNotCreatedException\n        elif status in ErrorCode.INVALID_ARGUMENT:\n            exception_class = InvalidArgumentException\n        elif status in ErrorCode.NO_SUCH_COOKIE:\n            exception_class = NoSuchCookieException\n        elif status in ErrorCode.UNABLE_TO_CAPTURE_SCREEN:\n            exception_class = ScreenshotException\n        elif status in ErrorCode.ELEMENT_CLICK_INTERCEPTED:\n            exception_class = ElementClickInterceptedException\n        elif status in ErrorCode.INSECURE_CERTIFICATE:\n            exception_class = InsecureCertificateException\n        elif status in ErrorCode.INVALID_COORDINATES:\n            exception_class = InvalidCoordinatesException\n        elif status in ErrorCode.INVALID_SESSION_ID:\n            exception_class = InvalidSessionIdException\n        elif status in ErrorCode.UNKNOWN_METHOD:\n            exception_class = UnknownMethodException\n        else:\n            exception_class = WebDriverException\n        if not value:\n            value = response[\"value\"]\n        if isinstance(value, str):\n            raise exception_class(value)\n        if message == \"\" and \"message\" in value:\n            message = value[\"message\"]\n    \n        screen = None  # type: ignore[assignment]\n        if \"screen\" in value:\n            screen = value[\"screen\"]\n    \n        stacktrace = None\n        st_value = value.get(\"stackTrace\") or value.get(\"stacktrace\")\n        if st_value:\n            if isinstance(st_value, str):\n                stacktrace = st_value.split(\"\\n\")\n            else:\n                stacktrace = []\n                try:\n                    for frame in st_value:\n                        line = frame.get(\"lineNumber\", \"\")\n                        file = frame.get(\"fileName\", \"<anonymous>\")\n                        if line:\n                            file = f\"{file}:{line}\"\n                        meth = frame.get(\"methodName\", \"<anonymous>\")\n                        if \"className\" in frame:\n                            meth = f\"{frame['className']}.{meth}\"\n                        msg = \"    at %s (%s)\"\n                        msg = msg % (meth, file)\n                        stacktrace.append(msg)\n                except TypeError:\n                    pass\n        if exception_class == UnexpectedAlertPresentException:\n            alert_text = None\n            if \"data\" in value:\n                alert_text = value[\"data\"].get(\"text\")\n            elif \"alert\" in value:\n                alert_text = value[\"alert\"].get(\"text\")\n            raise exception_class(message, screen, stacktrace, alert_text)  # type: ignore[call-arg]  # mypy is not smart enough here\n>       raise exception_class(message, screen, stacktrace)\nE       selenium.common.exceptions.ElementClickInterceptedException: Message: element click intercepted: Element <input type=\"text\" name=\"title\" id=\"summary_field\" class=\"input-text\" data-validate=\"{required:true}\" data-bind=\"value: review().title\" aria-required=\"true\"> is not clickable at point (608, 861). Other element would receive the click: <fieldset class=\"field required review-field-ratings\">...</fieldset>\nE         (Session info: chrome=115.0.5790.170)\nE       Stacktrace:\nE       #0 0x5630f2e92613 <unknown>\nE       #1 0x5630f2bbe537 <unknown>\nE       #2 0x5630f2c02af2 <unknown>\nE       #3 0x5630f2c01044 <unknown>\nE       #4 0x5630f2bfef68 <unknown>\nE       #5 0x5630f2bfe0ad <unknown>\nE       #6 0x5630f2bf31a9 <unknown>\nE       #7 0x5630f2c1da32 <unknown>\nE       #8 0x5630f2bf2bc6 <unknown>\nE       #9 0x5630f2c1dbfe <unknown>\nE       #10 0x5630f2c35d09 <unknown>\nE       #11 0x5630f2c1d803 <unknown>\nE       #12 0x5630f2bf168b <unknown>\nE       #13 0x5630f2bf242e <unknown>\nE       #14 0x5630f2e53c28 <unknown>\nE       #15 0x5630f2e57af7 <unknown>\nE       #16 0x5630f2e6201c <unknown>\nE       #17 0x5630f2e58723 <unknown>\nE       #18 0x5630f2e27457 <unknown>\nE       #19 0x5630f2e7c628 <unknown>\nE       #20 0x5630f2e7c7b7 <unknown>\nE       #21 0x5630f2e8b483 <unknown>\nE       #22 0x7f0df49c6b43 <unknown>\n\n/opt/hostedtoolcache/Python/3.11.4/x64/lib/python3.11/site-packages/selenium/webdriver/remote/errorhandler.py:245: ElementClickInterceptedException","steps":[{"name":"Open a browser","time":{"start":1692147210488,"stop":1692147212138,"duration":1650},"status":"passed","steps":[],"attachments":[],"parameters":[],"stepsCount":0,"attachmentsCount":0,"shouldDisplayMessage":false,"hasContent":false},{"name":"Find clickable elements","time":{"start":1692147212143,"stop":1692147212175,"duration":32},"status":"passed","steps":[],"attachments":[],"parameters":[{"name":"locator","value":"('css selector', '#tab-label-reviews-title')"},{"name":"timeout","value":"5"}],"stepsCount":0,"attachmentsCount":0,"shouldDisplayMessage":false,"hasContent":true},{"name":"Find clickable elements","time":{"start":1692147212231,"stop":1692147212261,"duration":30},"status":"passed","steps":[],"attachments":[],"parameters":[{"name":"locator","value":"('css selector', '#Rating_1_label')"},{"name":"timeout","value":"5"}],"stepsCount":0,"attachmentsCount":0,"shouldDisplayMessage":false,"hasContent":true},{"name":"Find clickable elements","time":{"start":1692147212311,"stop":1692147212708,"duration":397},"status":"passed","steps":[],"attachments":[],"parameters":[{"name":"locator","value":"('css selector', '#nickname_field')"},{"name":"timeout","value":"5"}],"stepsCount":0,"attachmentsCount":0,"shouldDisplayMessage":false,"hasContent":true},{"name":"Find clickable elements","time":{"start":1692147212938,"stop":1692147212963,"duration":25},"status":"passed","steps":[],"attachments":[],"parameters":[{"name":"locator","value":"('css selector', '#summary_field')"},{"name":"timeout","value":"5"}],"stepsCount":0,"attachmentsCount":0,"shouldDisplayMessage":false,"hasContent":true}],"attachments":[{"uid":"ae1855a46f63fd69","name":"Screenshot","source":"ae1855a46f63fd69.png","type":"image/png","size":89562},{"uid":"2e2980e921b3938c","name":"HTML source","source":"2e2980e921b3938c.html","type":"text/html","size":131923}],"parameters":[],"stepsCount":5,"attachmentsCount":2,"shouldDisplayMessage":true,"hasContent":true},"afterStages":[{"name":"driver::0","time":{"start":1692147214244,"stop":1692147214308,"duration":64},"status":"passed","steps":[],"attachments":[],"parameters":[],"stepsCount":0,"attachmentsCount":0,"shouldDisplayMessage":false,"hasContent":false},{"name":"clear_allure_result_folder::0","time":{"start":1692147663986,"stop":1692147663986,"duration":0},"status":"passed","steps":[],"attachments":[],"parameters":[],"stepsCount":0,"attachmentsCount":0,"shouldDisplayMessage":false,"hasContent":false}],"labels":[{"name":"parentSuite","value":"tests"},{"name":"suite","value":"test_reviews_page"},{"name":"subSuite","value":"TestReviews"},{"name":"host","value":"fv-az404-327"},{"name":"thread","value":"3228-MainThread"},{"name":"framework","value":"pytest"},{"name":"language","value":"cpython3"},{"name":"package","value":"tests.test_reviews_page"},{"name":"resultFormat","value":"allure2"}],"parameters":[],"links":[],"hidden":false,"retry":false,"extra":{"severity":"normal","retries":[],"categories":[{"name":"Test defects","matchedStatuses":[],"flaky":false}],"history":{"statistic":{"failed":0,"broken":1,"skipped":0,"passed":3,"unknown":0,"total":4},"items":[{"uid":"ac9dee40f990ebe9","reportUrl":"https://DionisIno.github.io/luma_project/82//#testresult/ac9dee40f990ebe9","status":"passed","time":{"start":1692060979603,"stop":1692060985894,"duration":6291}},{"uid":"9bdeeb28895d358f","reportUrl":"https://DionisIno.github.io/luma_project/81//#testresult/9bdeeb28895d358f","status":"passed","time":{"start":1691974682878,"stop":1691974690215,"duration":7337}},{"uid":"42744315203239a5","reportUrl":"https://DionisIno.github.io/luma_project/80//#testresult/42744315203239a5","status":"passed","time":{"start":1691888278502,"stop":1691888284745,"duration":6243}}]},"tags":[]},"source":"91b669972682e3ea.json","parameterValues":[]}