{"uid":"7705e5cbc5bab7e6","name":"TC 17.01.12 Verify FYP Email field highlighting on click","fullName":"tests.test_forgot_your_password.TestForgotYourPassword#test_17_01_12_captcha_field_gets_highlighted_when_clicked","historyId":"996e97ae93c0c5822b2e7167d0d5d287","time":{"start":1693097214417,"stop":1693097219559,"duration":5142},"description":"\n        Check the captcha field is activated with a cursor and gets highlighted when clicked\n        ","descriptionHtml":"<pre><code>    Check the captcha field is activated with a cursor and gets highlighted when clicked\n</code></pre>\n","status":"broken","statusMessage":"selenium.common.exceptions.TimeoutException: Message: \nStacktrace:\n#0 0x561abb423e23 <unknown>\n#1 0x561abb14c7a7 <unknown>\n#2 0x561abb18b1d3 <unknown>\n#3 0x561abb18b2c1 <unknown>\n#4 0x561abb1c6a04 <unknown>\n#5 0x561abb1ac03d <unknown>\n#6 0x561abb1c4369 <unknown>\n#7 0x561abb1abde3 <unknown>\n#8 0x561abb17fa7b <unknown>\n#9 0x561abb18081e <unknown>\n#10 0x561abb3e5638 <unknown>\n#11 0x561abb3e9507 <unknown>\n#12 0x561abb3f3c4c <unknown>\n#13 0x561abb3ea136 <unknown>\n#14 0x561abb3b89cf <unknown>\n#15 0x561abb40db98 <unknown>\n#16 0x561abb40dd68 <unknown>\n#17 0x561abb41ccb3 <unknown>\n#18 0x7f4e0b38cb43 <unknown>","statusTrace":"self = <test_forgot_your_password.TestForgotYourPassword object at 0x7f7fe4484a50>\ndriver = <selenium.webdriver.chrome.webdriver.WebDriver (session=\"32fb2299f4a9251b8389f199fbdd7558\")>\nforgot_psw_page = <pages.forgot_your_password_page.ForgotYourPasswordPage object at 0x7f7fe4114750>\n\n    @allure.title('TC 17.01.12 Verify FYP Email field highlighting on click')\n    def test_17_01_12_captcha_field_gets_highlighted_when_clicked(self, driver, forgot_psw_page):\n        \"\"\"\n        Check the captcha field is activated with a cursor and gets highlighted when clicked\n        \"\"\"\n>       initial_box_shadow, active_box_shadow = forgot_psw_page.activate_forgot_psw_captcha_field_and_check_style()\n\ntests/test_forgot_your_password.py:112: \n_ _ _ _ _ _ _ _ _ _ _ _ _ _ _ _ _ _ _ _ _ _ _ _ _ _ _ _ _ _ _ _ _ _ _ _ _ _ _ _ \npages/forgot_your_password_page.py:79: in activate_forgot_psw_captcha_field_and_check_style\n    return self.activate_field_and_check_style(self.locators.FORGOT_YOUR_PASSWORD_CAPTCHA)\npages/base_page.py:310: in activate_field_and_check_style\n    initial_box_shadow = self.check_element_hover_style(locator, 'box-shadow', 5)\npages/base_page.py:120: in check_element_hover_style\n    element = self.element_is_visible(locator)  # Get the WebElement using locator\npages/base_page.py:29: in element_is_visible\n    self.go_to_element(self.element_is_present(locator))\npages/base_page.py:50: in element_is_present\n    return wait(self.driver, timeout).until(EC.presence_of_element_located(locator))\n_ _ _ _ _ _ _ _ _ _ _ _ _ _ _ _ _ _ _ _ _ _ _ _ _ _ _ _ _ _ _ _ _ _ _ _ _ _ _ _ \n\nself = <selenium.webdriver.support.wait.WebDriverWait (session=\"32fb2299f4a9251b8389f199fbdd7558\")>\nmethod = <function presence_of_element_located.<locals>._predicate at 0x7f7fe3d05760>\nmessage = ''\n\n    def until(self, method, message: str = \"\"):\n        \"\"\"Calls the method provided with the driver as an argument until the \\\n        return value does not evaluate to ``False``.\n    \n        :param method: callable(WebDriver)\n        :param message: optional message for :exc:`TimeoutException`\n        :returns: the result of the last call to `method`\n        :raises: :exc:`selenium.common.exceptions.TimeoutException` if timeout occurs\n        \"\"\"\n        screen = None\n        stacktrace = None\n    \n        end_time = time.monotonic() + self._timeout\n        while True:\n            try:\n                value = method(self._driver)\n                if value:\n                    return value\n            except self._ignored_exceptions as exc:\n                screen = getattr(exc, \"screen\", None)\n                stacktrace = getattr(exc, \"stacktrace\", None)\n            time.sleep(self._poll)\n            if time.monotonic() > end_time:\n                break\n>       raise TimeoutException(message, screen, stacktrace)\nE       selenium.common.exceptions.TimeoutException: Message: \nE       Stacktrace:\nE       #0 0x561abb423e23 <unknown>\nE       #1 0x561abb14c7a7 <unknown>\nE       #2 0x561abb18b1d3 <unknown>\nE       #3 0x561abb18b2c1 <unknown>\nE       #4 0x561abb1c6a04 <unknown>\nE       #5 0x561abb1ac03d <unknown>\nE       #6 0x561abb1c4369 <unknown>\nE       #7 0x561abb1abde3 <unknown>\nE       #8 0x561abb17fa7b <unknown>\nE       #9 0x561abb18081e <unknown>\nE       #10 0x561abb3e5638 <unknown>\nE       #11 0x561abb3e9507 <unknown>\nE       #12 0x561abb3f3c4c <unknown>\nE       #13 0x561abb3ea136 <unknown>\nE       #14 0x561abb3b89cf <unknown>\nE       #15 0x561abb40db98 <unknown>\nE       #16 0x561abb40dd68 <unknown>\nE       #17 0x561abb41ccb3 <unknown>\nE       #18 0x7f4e0b38cb43 <unknown>\n\n/opt/hostedtoolcache/Python/3.11.4/x64/lib/python3.11/site-packages/selenium/webdriver/support/wait.py:95: TimeoutException","flaky":false,"newFailed":false,"newBroken":false,"newPassed":false,"retriesCount":0,"retriesStatusChange":false,"beforeStages":[{"name":"_session_faker","time":{"start":1693096820380,"stop":1693096820489,"duration":109},"status":"passed","steps":[],"attachments":[],"parameters":[],"stepsCount":0,"attachmentsCount":0,"shouldDisplayMessage":false,"hasContent":false},{"name":"clear_allure_result_folder","time":{"start":1693096820489,"stop":1693096820489,"duration":0},"status":"passed","steps":[],"attachments":[],"parameters":[],"stepsCount":0,"attachmentsCount":0,"shouldDisplayMessage":false,"hasContent":false},{"name":"driver","time":{"start":1693097212207,"stop":1693097213291,"duration":1084},"status":"passed","steps":[],"attachments":[],"parameters":[],"stepsCount":0,"attachmentsCount":0,"shouldDisplayMessage":false,"hasContent":false},{"name":"forgot_psw_page","time":{"start":1693097213291,"stop":1693097214416,"duration":1125},"status":"passed","steps":[{"name":"Open a browser","time":{"start":1693097213291,"stop":1693097214416,"duration":1125},"status":"passed","steps":[],"attachments":[],"parameters":[],"stepsCount":0,"attachmentsCount":0,"shouldDisplayMessage":false,"hasContent":false}],"attachments":[],"parameters":[],"stepsCount":1,"attachmentsCount":0,"shouldDisplayMessage":false,"hasContent":true}],"testStage":{"description":"\n        Check the captcha field is activated with a cursor and gets highlighted when clicked\n        ","status":"broken","statusMessage":"selenium.common.exceptions.TimeoutException: Message: \nStacktrace:\n#0 0x561abb423e23 <unknown>\n#1 0x561abb14c7a7 <unknown>\n#2 0x561abb18b1d3 <unknown>\n#3 0x561abb18b2c1 <unknown>\n#4 0x561abb1c6a04 <unknown>\n#5 0x561abb1ac03d <unknown>\n#6 0x561abb1c4369 <unknown>\n#7 0x561abb1abde3 <unknown>\n#8 0x561abb17fa7b <unknown>\n#9 0x561abb18081e <unknown>\n#10 0x561abb3e5638 <unknown>\n#11 0x561abb3e9507 <unknown>\n#12 0x561abb3f3c4c <unknown>\n#13 0x561abb3ea136 <unknown>\n#14 0x561abb3b89cf <unknown>\n#15 0x561abb40db98 <unknown>\n#16 0x561abb40dd68 <unknown>\n#17 0x561abb41ccb3 <unknown>\n#18 0x7f4e0b38cb43 <unknown>","statusTrace":"self = <test_forgot_your_password.TestForgotYourPassword object at 0x7f7fe4484a50>\ndriver = <selenium.webdriver.chrome.webdriver.WebDriver (session=\"32fb2299f4a9251b8389f199fbdd7558\")>\nforgot_psw_page = <pages.forgot_your_password_page.ForgotYourPasswordPage object at 0x7f7fe4114750>\n\n    @allure.title('TC 17.01.12 Verify FYP Email field highlighting on click')\n    def test_17_01_12_captcha_field_gets_highlighted_when_clicked(self, driver, forgot_psw_page):\n        \"\"\"\n        Check the captcha field is activated with a cursor and gets highlighted when clicked\n        \"\"\"\n>       initial_box_shadow, active_box_shadow = forgot_psw_page.activate_forgot_psw_captcha_field_and_check_style()\n\ntests/test_forgot_your_password.py:112: \n_ _ _ _ _ _ _ _ _ _ _ _ _ _ _ _ _ _ _ _ _ _ _ _ _ _ _ _ _ _ _ _ _ _ _ _ _ _ _ _ \npages/forgot_your_password_page.py:79: in activate_forgot_psw_captcha_field_and_check_style\n    return self.activate_field_and_check_style(self.locators.FORGOT_YOUR_PASSWORD_CAPTCHA)\npages/base_page.py:310: in activate_field_and_check_style\n    initial_box_shadow = self.check_element_hover_style(locator, 'box-shadow', 5)\npages/base_page.py:120: in check_element_hover_style\n    element = self.element_is_visible(locator)  # Get the WebElement using locator\npages/base_page.py:29: in element_is_visible\n    self.go_to_element(self.element_is_present(locator))\npages/base_page.py:50: in element_is_present\n    return wait(self.driver, timeout).until(EC.presence_of_element_located(locator))\n_ _ _ _ _ _ _ _ _ _ _ _ _ _ _ _ _ _ _ _ _ _ _ _ _ _ _ _ _ _ _ _ _ _ _ _ _ _ _ _ \n\nself = <selenium.webdriver.support.wait.WebDriverWait (session=\"32fb2299f4a9251b8389f199fbdd7558\")>\nmethod = <function presence_of_element_located.<locals>._predicate at 0x7f7fe3d05760>\nmessage = ''\n\n    def until(self, method, message: str = \"\"):\n        \"\"\"Calls the method provided with the driver as an argument until the \\\n        return value does not evaluate to ``False``.\n    \n        :param method: callable(WebDriver)\n        :param message: optional message for :exc:`TimeoutException`\n        :returns: the result of the last call to `method`\n        :raises: :exc:`selenium.common.exceptions.TimeoutException` if timeout occurs\n        \"\"\"\n        screen = None\n        stacktrace = None\n    \n        end_time = time.monotonic() + self._timeout\n        while True:\n            try:\n                value = method(self._driver)\n                if value:\n                    return value\n            except self._ignored_exceptions as exc:\n                screen = getattr(exc, \"screen\", None)\n                stacktrace = getattr(exc, \"stacktrace\", None)\n            time.sleep(self._poll)\n            if time.monotonic() > end_time:\n                break\n>       raise TimeoutException(message, screen, stacktrace)\nE       selenium.common.exceptions.TimeoutException: Message: \nE       Stacktrace:\nE       #0 0x561abb423e23 <unknown>\nE       #1 0x561abb14c7a7 <unknown>\nE       #2 0x561abb18b1d3 <unknown>\nE       #3 0x561abb18b2c1 <unknown>\nE       #4 0x561abb1c6a04 <unknown>\nE       #5 0x561abb1ac03d <unknown>\nE       #6 0x561abb1c4369 <unknown>\nE       #7 0x561abb1abde3 <unknown>\nE       #8 0x561abb17fa7b <unknown>\nE       #9 0x561abb18081e <unknown>\nE       #10 0x561abb3e5638 <unknown>\nE       #11 0x561abb3e9507 <unknown>\nE       #12 0x561abb3f3c4c <unknown>\nE       #13 0x561abb3ea136 <unknown>\nE       #14 0x561abb3b89cf <unknown>\nE       #15 0x561abb40db98 <unknown>\nE       #16 0x561abb40dd68 <unknown>\nE       #17 0x561abb41ccb3 <unknown>\nE       #18 0x7f4e0b38cb43 <unknown>\n\n/opt/hostedtoolcache/Python/3.11.4/x64/lib/python3.11/site-packages/selenium/webdriver/support/wait.py:95: TimeoutException","steps":[{"name":"Activate FYP Captcha input field and check style","time":{"start":1693097214417,"stop":1693097219558,"duration":5141},"status":"broken","statusMessage":"selenium.common.exceptions.TimeoutException: Message: \nStacktrace:\n#0 0x561abb423e23 <unknown>\n#1 0x561abb14c7a7 <unknown>\n#2 0x561abb18b1d3 <unknown>\n#3 0x561abb18b2c1 <unknown>\n#4 0x561abb1c6a04 <unknown>\n#5 0x561abb1ac03d <unknown>\n#6 0x561abb1c4369 <unknown>\n#7 0x561abb1abde3 <unknown>\n#8 0x561abb17fa7b <unknown>\n#9 0x561abb18081e <unknown>\n#10 0x561abb3e5638 <unknown>\n#11 0x561abb3e9507 <unknown>\n#12 0x561abb3f3c4c <unknown>\n#13 0x561abb3ea136 <unknown>\n#14 0x561abb3b89cf <unknown>\n#15 0x561abb40db98 <unknown>\n#16 0x561abb40dd68 <unknown>\n#17 0x561abb41ccb3 <unknown>\n#18 0x7f4e0b38cb43 <unknown>\n\n","statusTrace":"  File \"/opt/hostedtoolcache/Python/3.11.4/x64/lib/python3.11/site-packages/allure_commons/_allure.py\", line 192, in impl\n    return func(*a, **kw)\n           ^^^^^^^^^^^^^^\n  File \"/home/runner/work/luma_project/luma_project/pages/forgot_your_password_page.py\", line 79, in activate_forgot_psw_captcha_field_and_check_style\n    return self.activate_field_and_check_style(self.locators.FORGOT_YOUR_PASSWORD_CAPTCHA)\n           ^^^^^^^^^^^^^^^^^^^^^^^^^^^^^^^^^^^^^^^^^^^^^^^^^^^^^^^^^^^^^^^^^^^^^^^^^^^^^^^\n  File \"/opt/hostedtoolcache/Python/3.11.4/x64/lib/python3.11/site-packages/allure_commons/_allure.py\", line 192, in impl\n    return func(*a, **kw)\n           ^^^^^^^^^^^^^^\n  File \"/home/runner/work/luma_project/luma_project/pages/base_page.py\", line 310, in activate_field_and_check_style\n    initial_box_shadow = self.check_element_hover_style(locator, 'box-shadow', 5)\n                         ^^^^^^^^^^^^^^^^^^^^^^^^^^^^^^^^^^^^^^^^^^^^^^^^^^^^^^^^\n  File \"/opt/hostedtoolcache/Python/3.11.4/x64/lib/python3.11/site-packages/allure_commons/_allure.py\", line 192, in impl\n    return func(*a, **kw)\n           ^^^^^^^^^^^^^^\n  File \"/home/runner/work/luma_project/luma_project/pages/base_page.py\", line 120, in check_element_hover_style\n    element = self.element_is_visible(locator)  # Get the WebElement using locator\n              ^^^^^^^^^^^^^^^^^^^^^^^^^^^^^^^^\n  File \"/opt/hostedtoolcache/Python/3.11.4/x64/lib/python3.11/site-packages/allure_commons/_allure.py\", line 192, in impl\n    return func(*a, **kw)\n           ^^^^^^^^^^^^^^\n  File \"/home/runner/work/luma_project/luma_project/pages/base_page.py\", line 29, in element_is_visible\n    self.go_to_element(self.element_is_present(locator))\n                       ^^^^^^^^^^^^^^^^^^^^^^^^^^^^^^^^\n  File \"/opt/hostedtoolcache/Python/3.11.4/x64/lib/python3.11/site-packages/allure_commons/_allure.py\", line 192, in impl\n    return func(*a, **kw)\n           ^^^^^^^^^^^^^^\n  File \"/home/runner/work/luma_project/luma_project/pages/base_page.py\", line 50, in element_is_present\n    return wait(self.driver, timeout).until(EC.presence_of_element_located(locator))\n           ^^^^^^^^^^^^^^^^^^^^^^^^^^^^^^^^^^^^^^^^^^^^^^^^^^^^^^^^^^^^^^^^^^^^^^^^^\n  File \"/opt/hostedtoolcache/Python/3.11.4/x64/lib/python3.11/site-packages/selenium/webdriver/support/wait.py\", line 95, in until\n    raise TimeoutException(message, screen, stacktrace)\n","steps":[{"name":"Activate the field and get the styles before and after activation","time":{"start":1693097214417,"stop":1693097219558,"duration":5141},"status":"broken","statusMessage":"selenium.common.exceptions.TimeoutException: Message: \nStacktrace:\n#0 0x561abb423e23 <unknown>\n#1 0x561abb14c7a7 <unknown>\n#2 0x561abb18b1d3 <unknown>\n#3 0x561abb18b2c1 <unknown>\n#4 0x561abb1c6a04 <unknown>\n#5 0x561abb1ac03d <unknown>\n#6 0x561abb1c4369 <unknown>\n#7 0x561abb1abde3 <unknown>\n#8 0x561abb17fa7b <unknown>\n#9 0x561abb18081e <unknown>\n#10 0x561abb3e5638 <unknown>\n#11 0x561abb3e9507 <unknown>\n#12 0x561abb3f3c4c <unknown>\n#13 0x561abb3ea136 <unknown>\n#14 0x561abb3b89cf <unknown>\n#15 0x561abb40db98 <unknown>\n#16 0x561abb40dd68 <unknown>\n#17 0x561abb41ccb3 <unknown>\n#18 0x7f4e0b38cb43 <unknown>\n\n","statusTrace":"  File \"/opt/hostedtoolcache/Python/3.11.4/x64/lib/python3.11/site-packages/allure_commons/_allure.py\", line 192, in impl\n    return func(*a, **kw)\n           ^^^^^^^^^^^^^^\n  File \"/home/runner/work/luma_project/luma_project/pages/base_page.py\", line 310, in activate_field_and_check_style\n    initial_box_shadow = self.check_element_hover_style(locator, 'box-shadow', 5)\n                         ^^^^^^^^^^^^^^^^^^^^^^^^^^^^^^^^^^^^^^^^^^^^^^^^^^^^^^^^\n  File \"/opt/hostedtoolcache/Python/3.11.4/x64/lib/python3.11/site-packages/allure_commons/_allure.py\", line 192, in impl\n    return func(*a, **kw)\n           ^^^^^^^^^^^^^^\n  File \"/home/runner/work/luma_project/luma_project/pages/base_page.py\", line 120, in check_element_hover_style\n    element = self.element_is_visible(locator)  # Get the WebElement using locator\n              ^^^^^^^^^^^^^^^^^^^^^^^^^^^^^^^^\n  File \"/opt/hostedtoolcache/Python/3.11.4/x64/lib/python3.11/site-packages/allure_commons/_allure.py\", line 192, in impl\n    return func(*a, **kw)\n           ^^^^^^^^^^^^^^\n  File \"/home/runner/work/luma_project/luma_project/pages/base_page.py\", line 29, in element_is_visible\n    self.go_to_element(self.element_is_present(locator))\n                       ^^^^^^^^^^^^^^^^^^^^^^^^^^^^^^^^\n  File \"/opt/hostedtoolcache/Python/3.11.4/x64/lib/python3.11/site-packages/allure_commons/_allure.py\", line 192, in impl\n    return func(*a, **kw)\n           ^^^^^^^^^^^^^^\n  File \"/home/runner/work/luma_project/luma_project/pages/base_page.py\", line 50, in element_is_present\n    return wait(self.driver, timeout).until(EC.presence_of_element_located(locator))\n           ^^^^^^^^^^^^^^^^^^^^^^^^^^^^^^^^^^^^^^^^^^^^^^^^^^^^^^^^^^^^^^^^^^^^^^^^^\n  File \"/opt/hostedtoolcache/Python/3.11.4/x64/lib/python3.11/site-packages/selenium/webdriver/support/wait.py\", line 95, in until\n    raise TimeoutException(message, screen, stacktrace)\n","steps":[{"name":"Check element hover style","time":{"start":1693097214417,"stop":1693097219557,"duration":5140},"status":"broken","statusMessage":"selenium.common.exceptions.TimeoutException: Message: \nStacktrace:\n#0 0x561abb423e23 <unknown>\n#1 0x561abb14c7a7 <unknown>\n#2 0x561abb18b1d3 <unknown>\n#3 0x561abb18b2c1 <unknown>\n#4 0x561abb1c6a04 <unknown>\n#5 0x561abb1ac03d <unknown>\n#6 0x561abb1c4369 <unknown>\n#7 0x561abb1abde3 <unknown>\n#8 0x561abb17fa7b <unknown>\n#9 0x561abb18081e <unknown>\n#10 0x561abb3e5638 <unknown>\n#11 0x561abb3e9507 <unknown>\n#12 0x561abb3f3c4c <unknown>\n#13 0x561abb3ea136 <unknown>\n#14 0x561abb3b89cf <unknown>\n#15 0x561abb40db98 <unknown>\n#16 0x561abb40dd68 <unknown>\n#17 0x561abb41ccb3 <unknown>\n#18 0x7f4e0b38cb43 <unknown>\n\n","statusTrace":"  File \"/opt/hostedtoolcache/Python/3.11.4/x64/lib/python3.11/site-packages/allure_commons/_allure.py\", line 192, in impl\n    return func(*a, **kw)\n           ^^^^^^^^^^^^^^\n  File \"/home/runner/work/luma_project/luma_project/pages/base_page.py\", line 120, in check_element_hover_style\n    element = self.element_is_visible(locator)  # Get the WebElement using locator\n              ^^^^^^^^^^^^^^^^^^^^^^^^^^^^^^^^\n  File \"/opt/hostedtoolcache/Python/3.11.4/x64/lib/python3.11/site-packages/allure_commons/_allure.py\", line 192, in impl\n    return func(*a, **kw)\n           ^^^^^^^^^^^^^^\n  File \"/home/runner/work/luma_project/luma_project/pages/base_page.py\", line 29, in element_is_visible\n    self.go_to_element(self.element_is_present(locator))\n                       ^^^^^^^^^^^^^^^^^^^^^^^^^^^^^^^^\n  File \"/opt/hostedtoolcache/Python/3.11.4/x64/lib/python3.11/site-packages/allure_commons/_allure.py\", line 192, in impl\n    return func(*a, **kw)\n           ^^^^^^^^^^^^^^\n  File \"/home/runner/work/luma_project/luma_project/pages/base_page.py\", line 50, in element_is_present\n    return wait(self.driver, timeout).until(EC.presence_of_element_located(locator))\n           ^^^^^^^^^^^^^^^^^^^^^^^^^^^^^^^^^^^^^^^^^^^^^^^^^^^^^^^^^^^^^^^^^^^^^^^^^\n  File \"/opt/hostedtoolcache/Python/3.11.4/x64/lib/python3.11/site-packages/selenium/webdriver/support/wait.py\", line 95, in until\n    raise TimeoutException(message, screen, stacktrace)\n","steps":[{"name":"Find a visible element","time":{"start":1693097214417,"stop":1693097219557,"duration":5140},"status":"broken","statusMessage":"selenium.common.exceptions.TimeoutException: Message: \nStacktrace:\n#0 0x561abb423e23 <unknown>\n#1 0x561abb14c7a7 <unknown>\n#2 0x561abb18b1d3 <unknown>\n#3 0x561abb18b2c1 <unknown>\n#4 0x561abb1c6a04 <unknown>\n#5 0x561abb1ac03d <unknown>\n#6 0x561abb1c4369 <unknown>\n#7 0x561abb1abde3 <unknown>\n#8 0x561abb17fa7b <unknown>\n#9 0x561abb18081e <unknown>\n#10 0x561abb3e5638 <unknown>\n#11 0x561abb3e9507 <unknown>\n#12 0x561abb3f3c4c <unknown>\n#13 0x561abb3ea136 <unknown>\n#14 0x561abb3b89cf <unknown>\n#15 0x561abb40db98 <unknown>\n#16 0x561abb40dd68 <unknown>\n#17 0x561abb41ccb3 <unknown>\n#18 0x7f4e0b38cb43 <unknown>\n\n","statusTrace":"  File \"/opt/hostedtoolcache/Python/3.11.4/x64/lib/python3.11/site-packages/allure_commons/_allure.py\", line 192, in impl\n    return func(*a, **kw)\n           ^^^^^^^^^^^^^^\n  File \"/home/runner/work/luma_project/luma_project/pages/base_page.py\", line 29, in element_is_visible\n    self.go_to_element(self.element_is_present(locator))\n                       ^^^^^^^^^^^^^^^^^^^^^^^^^^^^^^^^\n  File \"/opt/hostedtoolcache/Python/3.11.4/x64/lib/python3.11/site-packages/allure_commons/_allure.py\", line 192, in impl\n    return func(*a, **kw)\n           ^^^^^^^^^^^^^^\n  File \"/home/runner/work/luma_project/luma_project/pages/base_page.py\", line 50, in element_is_present\n    return wait(self.driver, timeout).until(EC.presence_of_element_located(locator))\n           ^^^^^^^^^^^^^^^^^^^^^^^^^^^^^^^^^^^^^^^^^^^^^^^^^^^^^^^^^^^^^^^^^^^^^^^^^\n  File \"/opt/hostedtoolcache/Python/3.11.4/x64/lib/python3.11/site-packages/selenium/webdriver/support/wait.py\", line 95, in until\n    raise TimeoutException(message, screen, stacktrace)\n","steps":[{"name":"Find a present element","time":{"start":1693097214418,"stop":1693097219556,"duration":5138},"status":"broken","statusMessage":"selenium.common.exceptions.TimeoutException: Message: \nStacktrace:\n#0 0x561abb423e23 <unknown>\n#1 0x561abb14c7a7 <unknown>\n#2 0x561abb18b1d3 <unknown>\n#3 0x561abb18b2c1 <unknown>\n#4 0x561abb1c6a04 <unknown>\n#5 0x561abb1ac03d <unknown>\n#6 0x561abb1c4369 <unknown>\n#7 0x561abb1abde3 <unknown>\n#8 0x561abb17fa7b <unknown>\n#9 0x561abb18081e <unknown>\n#10 0x561abb3e5638 <unknown>\n#11 0x561abb3e9507 <unknown>\n#12 0x561abb3f3c4c <unknown>\n#13 0x561abb3ea136 <unknown>\n#14 0x561abb3b89cf <unknown>\n#15 0x561abb40db98 <unknown>\n#16 0x561abb40dd68 <unknown>\n#17 0x561abb41ccb3 <unknown>\n#18 0x7f4e0b38cb43 <unknown>\n\n","statusTrace":"  File \"/opt/hostedtoolcache/Python/3.11.4/x64/lib/python3.11/site-packages/allure_commons/_allure.py\", line 192, in impl\n    return func(*a, **kw)\n           ^^^^^^^^^^^^^^\n  File \"/home/runner/work/luma_project/luma_project/pages/base_page.py\", line 50, in element_is_present\n    return wait(self.driver, timeout).until(EC.presence_of_element_located(locator))\n           ^^^^^^^^^^^^^^^^^^^^^^^^^^^^^^^^^^^^^^^^^^^^^^^^^^^^^^^^^^^^^^^^^^^^^^^^^\n  File \"/opt/hostedtoolcache/Python/3.11.4/x64/lib/python3.11/site-packages/selenium/webdriver/support/wait.py\", line 95, in until\n    raise TimeoutException(message, screen, stacktrace)\n","steps":[],"attachments":[],"parameters":[{"name":"locator","value":"('css selector', '#captcha_user_forgotpassword')"},{"name":"timeout","value":"5"}],"stepsCount":0,"attachmentsCount":0,"shouldDisplayMessage":true,"hasContent":true}],"attachments":[],"parameters":[{"name":"locator","value":"('css selector', '#captcha_user_forgotpassword')"},{"name":"timeout","value":"10"}],"stepsCount":1,"attachmentsCount":0,"shouldDisplayMessage":false,"hasContent":true}],"attachments":[],"parameters":[{"name":"locator","value":"('css selector', '#captcha_user_forgotpassword')"},{"name":"css_property","value":"'box-shadow'"},{"name":"seconds","value":"5"}],"stepsCount":2,"attachmentsCount":0,"shouldDisplayMessage":false,"hasContent":true}],"attachments":[],"parameters":[{"name":"locator","value":"('css selector', '#captcha_user_forgotpassword')"}],"stepsCount":3,"attachmentsCount":0,"shouldDisplayMessage":false,"hasContent":true}],"attachments":[],"parameters":[],"stepsCount":4,"attachmentsCount":0,"shouldDisplayMessage":false,"hasContent":true}],"attachments":[{"uid":"477ea0739b74b54e","name":"Screenshot","source":"477ea0739b74b54e.png","type":"image/png","size":65941},{"uid":"7c3e34879054fcbc","name":"HTML source","source":"7c3e34879054fcbc.html","type":"text/html","size":77958}],"parameters":[],"stepsCount":5,"attachmentsCount":2,"shouldDisplayMessage":true,"hasContent":true},"afterStages":[{"name":"driver::0","time":{"start":1693097219769,"stop":1693097219838,"duration":69},"status":"passed","steps":[],"attachments":[],"parameters":[],"stepsCount":0,"attachmentsCount":0,"shouldDisplayMessage":false,"hasContent":false},{"name":"clear_allure_result_folder::0","time":{"start":1693098410375,"stop":1693098410375,"duration":0},"status":"passed","steps":[],"attachments":[],"parameters":[],"stepsCount":0,"attachmentsCount":0,"shouldDisplayMessage":false,"hasContent":false}],"labels":[{"name":"epic","value":"Forgot Your Password Page"},{"name":"parentSuite","value":"tests"},{"name":"suite","value":"test_forgot_your_password"},{"name":"subSuite","value":"TestForgotYourPassword"},{"name":"host","value":"fv-az1102-905"},{"name":"thread","value":"2943-MainThread"},{"name":"framework","value":"pytest"},{"name":"language","value":"cpython3"},{"name":"package","value":"tests.test_forgot_your_password"},{"name":"resultFormat","value":"allure2"}],"parameters":[],"links":[],"hidden":false,"retry":false,"extra":{"severity":"normal","retries":[],"categories":[{"name":"Test defects","matchedStatuses":[],"flaky":false}],"tags":[]},"source":"7705e5cbc5bab7e6.json","parameterValues":[]}