{"uid":"7dab6f12fb422398","name":"Check the transition to the page my wish after clicking on the button. User is not authorized","fullName":"tests.test_main_page.TestHotSellerSection#test_06_01_17_check_the_transition_to_the_page_my_wish_after_click_on_the_button","historyId":"0a4f97c306f2cceb030ba035cd56202a","time":{"start":1690419373815,"stop":1690419385935,"duration":12120},"description":"\n            This test will check that after clicking on the add to wishlist button,\n            you are redirected to the My Wishlist page\n            User is not authorized\n            ","descriptionHtml":"<pre><code>        This test will check that after clicking on the add to wishlist button,\n        you are redirected to the My Wishlist page\n        User is not authorized\n</code></pre>\n","status":"skipped","statusMessage":"XFAIL In CI, there is no transition to the user registration page, so the test fails\n\nselenium.common.exceptions.TimeoutException: Message:","statusTrace":"self = <test_main_page.TestMainPage.TestHotSellerSection object at 0x7f4d77cc7f50>\ndriver = <selenium.webdriver.chrome.webdriver.WebDriver (session=\"44cc606db954fb50b2d6c96f80cea37d\")>\n\n    @pytest.mark.xfail(reason=\"In CI, there is no transition to the user registration page, so the test fails\")\n    @allure.title(\"Check the transition to the page my wish after clicking on the button. User is not authorized\")\n    def test_06_01_17_check_the_transition_to_the_page_my_wish_after_click_on_the_button(self, driver):\n        \"\"\"\n        This test will check that after clicking on the add to wishlist button,\n        you are redirected to the My Wishlist page\n        User is not authorized\n        \"\"\"\n        page = MainPage(driver, MAIN_PAGE_URL)\n        page.open()\n>       error_message_text = page.check_the_transition_to_the_page_my_wish_after_click_on_the_button()\n\ntests/test_main_page.py:108: \n_ _ _ _ _ _ _ _ _ _ _ _ _ _ _ _ _ _ _ _ _ _ _ _ _ _ _ _ _ _ _ _ _ _ _ _ _ _ _ _ \npages/main_page.py:137: in check_the_transition_to_the_page_my_wish_after_click_on_the_button\n    button = self.element_is_visible(self.locators.PRODUCT_CARD_BUTTONS[\"add_to_wish_list\"])\npages/base_page.py:30: in element_is_visible\n    return wait(self.driver, timeout).until(EC.visibility_of_element_located(locator))\n_ _ _ _ _ _ _ _ _ _ _ _ _ _ _ _ _ _ _ _ _ _ _ _ _ _ _ _ _ _ _ _ _ _ _ _ _ _ _ _ \n\nself = <selenium.webdriver.support.wait.WebDriverWait (session=\"44cc606db954fb50b2d6c96f80cea37d\")>\nmethod = <function visibility_of_element_located.<locals>._predicate at 0x7f4d77569da0>\nmessage = ''\n\n    def until(self, method, message: str = \"\"):\n        \"\"\"Calls the method provided with the driver as an argument until the \\\n        return value does not evaluate to ``False``.\n    \n        :param method: callable(WebDriver)\n        :param message: optional message for :exc:`TimeoutException`\n        :returns: the result of the last call to `method`\n        :raises: :exc:`selenium.common.exceptions.TimeoutException` if timeout occurs\n        \"\"\"\n        screen = None\n        stacktrace = None\n    \n        end_time = time.monotonic() + self._timeout\n        while True:\n            try:\n                value = method(self._driver)\n                if value:\n                    return value\n            except self._ignored_exceptions as exc:\n                screen = getattr(exc, \"screen\", None)\n                stacktrace = getattr(exc, \"stacktrace\", None)\n            time.sleep(self._poll)\n            if time.monotonic() > end_time:\n                break\n>       raise TimeoutException(message, screen, stacktrace)\nE       selenium.common.exceptions.TimeoutException: Message:\n\n/opt/hostedtoolcache/Python/3.11.4/x64/lib/python3.11/site-packages/selenium/webdriver/support/wait.py:95: TimeoutException","flaky":false,"newFailed":false,"newBroken":false,"newPassed":false,"retriesCount":0,"retriesStatusChange":false,"beforeStages":[{"name":"_session_faker","time":{"start":1690418646694,"stop":1690418646800,"duration":106},"status":"passed","steps":[],"attachments":[],"parameters":[],"stepsCount":0,"attachmentsCount":0,"shouldDisplayMessage":false,"hasContent":false},{"name":"clear_allure_result_folder","time":{"start":1690418646800,"stop":1690418646800,"duration":0},"status":"passed","steps":[],"attachments":[],"parameters":[],"stepsCount":0,"attachmentsCount":0,"shouldDisplayMessage":false,"hasContent":false},{"name":"driver","time":{"start":1690419372517,"stop":1690419373814,"duration":1297},"status":"passed","steps":[],"attachments":[],"parameters":[],"stepsCount":0,"attachmentsCount":0,"shouldDisplayMessage":false,"hasContent":false}],"testStage":{"description":"\n            This test will check that after clicking on the add to wishlist button,\n            you are redirected to the My Wishlist page\n            User is not authorized\n            ","status":"skipped","statusMessage":"XFAIL In CI, there is no transition to the user registration page, so the test fails\n\nselenium.common.exceptions.TimeoutException: Message:","statusTrace":"self = <test_main_page.TestMainPage.TestHotSellerSection object at 0x7f4d77cc7f50>\ndriver = <selenium.webdriver.chrome.webdriver.WebDriver (session=\"44cc606db954fb50b2d6c96f80cea37d\")>\n\n    @pytest.mark.xfail(reason=\"In CI, there is no transition to the user registration page, so the test fails\")\n    @allure.title(\"Check the transition to the page my wish after clicking on the button. User is not authorized\")\n    def test_06_01_17_check_the_transition_to_the_page_my_wish_after_click_on_the_button(self, driver):\n        \"\"\"\n        This test will check that after clicking on the add to wishlist button,\n        you are redirected to the My Wishlist page\n        User is not authorized\n        \"\"\"\n        page = MainPage(driver, MAIN_PAGE_URL)\n        page.open()\n>       error_message_text = page.check_the_transition_to_the_page_my_wish_after_click_on_the_button()\n\ntests/test_main_page.py:108: \n_ _ _ _ _ _ _ _ _ _ _ _ _ _ _ _ _ _ _ _ _ _ _ _ _ _ _ _ _ _ _ _ _ _ _ _ _ _ _ _ \npages/main_page.py:137: in check_the_transition_to_the_page_my_wish_after_click_on_the_button\n    button = self.element_is_visible(self.locators.PRODUCT_CARD_BUTTONS[\"add_to_wish_list\"])\npages/base_page.py:30: in element_is_visible\n    return wait(self.driver, timeout).until(EC.visibility_of_element_located(locator))\n_ _ _ _ _ _ _ _ _ _ _ _ _ _ _ _ _ _ _ _ _ _ _ _ _ _ _ _ _ _ _ _ _ _ _ _ _ _ _ _ \n\nself = <selenium.webdriver.support.wait.WebDriverWait (session=\"44cc606db954fb50b2d6c96f80cea37d\")>\nmethod = <function visibility_of_element_located.<locals>._predicate at 0x7f4d77569da0>\nmessage = ''\n\n    def until(self, method, message: str = \"\"):\n        \"\"\"Calls the method provided with the driver as an argument until the \\\n        return value does not evaluate to ``False``.\n    \n        :param method: callable(WebDriver)\n        :param message: optional message for :exc:`TimeoutException`\n        :returns: the result of the last call to `method`\n        :raises: :exc:`selenium.common.exceptions.TimeoutException` if timeout occurs\n        \"\"\"\n        screen = None\n        stacktrace = None\n    \n        end_time = time.monotonic() + self._timeout\n        while True:\n            try:\n                value = method(self._driver)\n                if value:\n                    return value\n            except self._ignored_exceptions as exc:\n                screen = getattr(exc, \"screen\", None)\n                stacktrace = getattr(exc, \"stacktrace\", None)\n            time.sleep(self._poll)\n            if time.monotonic() > end_time:\n                break\n>       raise TimeoutException(message, screen, stacktrace)\nE       selenium.common.exceptions.TimeoutException: Message:\n\n/opt/hostedtoolcache/Python/3.11.4/x64/lib/python3.11/site-packages/selenium/webdriver/support/wait.py:95: TimeoutException","steps":[{"name":"Open a browser","time":{"start":1690419373815,"stop":1690419374771,"duration":956},"status":"passed","steps":[],"attachments":[],"parameters":[],"stepsCount":0,"attachmentsCount":0,"shouldDisplayMessage":false,"hasContent":false},{"name":"Check the transition to the page my desires when clicking on the button. User is not authorized","time":{"start":1690419374771,"stop":1690419385935,"duration":11164},"status":"broken","statusMessage":"selenium.common.exceptions.TimeoutException: Message: \n\n","statusTrace":"  File \"/opt/hostedtoolcache/Python/3.11.4/x64/lib/python3.11/site-packages/allure_commons/_allure.py\", line 192, in impl\n    return func(*a, **kw)\n           ^^^^^^^^^^^^^^\n  File \"/home/runner/work/luma_project/luma_project/pages/main_page.py\", line 137, in check_the_transition_to_the_page_my_wish_after_click_on_the_button\n    button = self.element_is_visible(self.locators.PRODUCT_CARD_BUTTONS[\"add_to_wish_list\"])\n             ^^^^^^^^^^^^^^^^^^^^^^^^^^^^^^^^^^^^^^^^^^^^^^^^^^^^^^^^^^^^^^^^^^^^^^^^^^^^^^^\n  File \"/opt/hostedtoolcache/Python/3.11.4/x64/lib/python3.11/site-packages/allure_commons/_allure.py\", line 192, in impl\n    return func(*a, **kw)\n           ^^^^^^^^^^^^^^\n  File \"/home/runner/work/luma_project/luma_project/pages/base_page.py\", line 30, in element_is_visible\n    return wait(self.driver, timeout).until(EC.visibility_of_element_located(locator))\n           ^^^^^^^^^^^^^^^^^^^^^^^^^^^^^^^^^^^^^^^^^^^^^^^^^^^^^^^^^^^^^^^^^^^^^^^^^^^\n  File \"/opt/hostedtoolcache/Python/3.11.4/x64/lib/python3.11/site-packages/selenium/webdriver/support/wait.py\", line 95, in until\n    raise TimeoutException(message, screen, stacktrace)\n","steps":[{"name":"Find a visible element","time":{"start":1690419374772,"stop":1690419375128,"duration":356},"status":"passed","steps":[{"name":"Find a present element","time":{"start":1690419374772,"stop":1690419374815,"duration":43},"status":"passed","steps":[],"attachments":[],"parameters":[{"name":"locator","value":"('css selector', \"li[class='product-item']:nth-child(5) div[class='product-item-info']\")"},{"name":"timeout","value":"5"}],"stepsCount":0,"attachmentsCount":0,"shouldDisplayMessage":false,"hasContent":true},{"name":"Go to specified element","time":{"start":1690419374815,"stop":1690419374906,"duration":91},"status":"passed","steps":[],"attachments":[],"parameters":[{"name":"element","value":"<selenium.webdriver.remote.webelement.WebElement (session=\"44cc606db954fb50b2d6c96f80cea37d\", element=\"4E596078C2C5F9B0A4D84495EFD3413C_element_21\")>"}],"stepsCount":0,"attachmentsCount":0,"shouldDisplayMessage":false,"hasContent":true}],"attachments":[],"parameters":[{"name":"locator","value":"('css selector', \"li[class='product-item']:nth-child(5) div[class='product-item-info']\")"},{"name":"timeout","value":"10"}],"stepsCount":2,"attachmentsCount":0,"shouldDisplayMessage":false,"hasContent":true},{"name":"Move cursor to element","time":{"start":1690419375128,"stop":1690419375497,"duration":369},"status":"passed","steps":[],"attachments":[],"parameters":[{"name":"element","value":"<selenium.webdriver.remote.webelement.WebElement (session=\"44cc606db954fb50b2d6c96f80cea37d\", element=\"4E596078C2C5F9B0A4D84495EFD3413C_element_21\")>"}],"stepsCount":0,"attachmentsCount":0,"shouldDisplayMessage":false,"hasContent":true},{"name":"Find a visible element","time":{"start":1690419375497,"stop":1690419385934,"duration":10437},"status":"broken","statusMessage":"selenium.common.exceptions.TimeoutException: Message: \n\n","statusTrace":"  File \"/opt/hostedtoolcache/Python/3.11.4/x64/lib/python3.11/site-packages/allure_commons/_allure.py\", line 192, in impl\n    return func(*a, **kw)\n           ^^^^^^^^^^^^^^\n  File \"/home/runner/work/luma_project/luma_project/pages/base_page.py\", line 30, in element_is_visible\n    return wait(self.driver, timeout).until(EC.visibility_of_element_located(locator))\n           ^^^^^^^^^^^^^^^^^^^^^^^^^^^^^^^^^^^^^^^^^^^^^^^^^^^^^^^^^^^^^^^^^^^^^^^^^^^\n  File \"/opt/hostedtoolcache/Python/3.11.4/x64/lib/python3.11/site-packages/selenium/webdriver/support/wait.py\", line 95, in until\n    raise TimeoutException(message, screen, stacktrace)\n","steps":[{"name":"Find a present element","time":{"start":1690419375498,"stop":1690419375511,"duration":13},"status":"passed","steps":[],"attachments":[],"parameters":[{"name":"locator","value":"('css selector', \"li[class='product-item']:nth-child(5) a[data-action='add-to-wishlist']\")"},{"name":"timeout","value":"5"}],"stepsCount":0,"attachmentsCount":0,"shouldDisplayMessage":false,"hasContent":true},{"name":"Go to specified element","time":{"start":1690419375512,"stop":1690419375531,"duration":19},"status":"passed","steps":[],"attachments":[],"parameters":[{"name":"element","value":"<selenium.webdriver.remote.webelement.WebElement (session=\"44cc606db954fb50b2d6c96f80cea37d\", element=\"4E596078C2C5F9B0A4D84495EFD3413C_element_27\")>"}],"stepsCount":0,"attachmentsCount":0,"shouldDisplayMessage":false,"hasContent":true}],"attachments":[],"parameters":[{"name":"locator","value":"('css selector', \"li[class='product-item']:nth-child(5) a[data-action='add-to-wishlist']\")"},{"name":"timeout","value":"10"}],"stepsCount":2,"attachmentsCount":0,"shouldDisplayMessage":true,"hasContent":true}],"attachments":[],"parameters":[],"stepsCount":7,"attachmentsCount":0,"shouldDisplayMessage":false,"hasContent":true}],"attachments":[{"uid":"4c383d0c60803ebd","name":"Screenshot","source":"4c383d0c60803ebd.png","type":"image/png","size":96681},{"uid":"4fee1262c2399c9c","name":"HTML source","source":"4fee1262c2399c9c.html","type":"text/html","size":114327}],"parameters":[],"stepsCount":9,"attachmentsCount":2,"shouldDisplayMessage":true,"hasContent":true},"afterStages":[{"name":"driver::0","time":{"start":1690419386158,"stop":1690419386227,"duration":69},"status":"passed","steps":[],"attachments":[],"parameters":[],"stepsCount":0,"attachmentsCount":0,"shouldDisplayMessage":false,"hasContent":false},{"name":"clear_allure_result_folder::0","time":{"start":1690420196000,"stop":1690420196000,"duration":0},"status":"passed","steps":[],"attachments":[],"parameters":[],"stepsCount":0,"attachmentsCount":0,"shouldDisplayMessage":false,"hasContent":false}],"labels":[{"name":"epic","value":"Main Page"},{"name":"feature","value":"Testing Hot Seller Section"},{"name":"tag","value":"@pytest.mark.xfail(reason='In CI, there is no transition to the user registration page, so the test fails')"},{"name":"parentSuite","value":"tests"},{"name":"suite","value":"test_main_page"},{"name":"subSuite","value":"TestMainPage"},{"name":"host","value":"fv-az262-79"},{"name":"thread","value":"3407-MainThread"},{"name":"framework","value":"pytest"},{"name":"language","value":"cpython3"},{"name":"package","value":"tests.test_main_page"},{"name":"resultFormat","value":"allure2"}],"parameters":[],"links":[],"hidden":false,"retry":false,"extra":{"severity":"normal","retries":[],"categories":[],"history":{"statistic":{"failed":0,"broken":0,"skipped":3,"passed":2,"unknown":0,"total":5},"items":[{"uid":"aaa461f71264d75c","reportUrl":"https://DionisIno.github.io/luma_project/62//#testresult/aaa461f71264d75c","status":"passed","statusDetails":"XPASS In CI, there is no transition to the user registration page, so the test fails","time":{"start":1690333200035,"stop":1690333204202,"duration":4167}},{"uid":"458620277f7ccac7","reportUrl":"https://DionisIno.github.io/luma_project/61//#testresult/458620277f7ccac7","status":"skipped","statusDetails":"XFAIL In CI, there is no transition to the user registration page, so the test fails\n\nselenium.common.exceptions.TimeoutException: Message:","time":{"start":1690247436266,"stop":1690247448621,"duration":12355}},{"uid":"71bf308132e5b9f5","reportUrl":"https://DionisIno.github.io/luma_project/60//#testresult/71bf308132e5b9f5","status":"skipped","statusDetails":"XFAIL In CI, there is no transition to the user registration page, so the test fails\n\nselenium.common.exceptions.TimeoutException: Message:","time":{"start":1690160726106,"stop":1690160737773,"duration":11667}},{"uid":"867f6b93a1626fd3","reportUrl":"https://DionisIno.github.io/luma_project/59//#testresult/867f6b93a1626fd3","status":"passed","statusDetails":"XPASS In CI, there is no transition to the user registration page, so the test fails","time":{"start":1690074541372,"stop":1690074545278,"duration":3906}}]},"tags":["@pytest.mark.xfail(reason='In CI, there is no transition to the user registration page, so the test fails')"]},"source":"7dab6f12fb422398.json","parameterValues":[]}