{"uid":"3151babd25b10316","name":"Check the display of the add to wish and add to compare buttons","fullName":"tests.test_main_page.TestHotSellerSection#test_tc_06_01_15_check_the_display_of_the_card_buttons","historyId":"d70dfd5ecc36ca529952457121aeed29","time":{"start":1688432938561,"stop":1688432950545,"duration":11984},"description":"\n            This test will check that the add to wishlist and add to compare buttons are visible on the screen\n            ","descriptionHtml":"<pre><code>        This test will check that the add to wishlist and add to compare buttons are visible on the screen\n</code></pre>\n","status":"skipped","statusMessage":"XFAIL In CI the test failed in PR#182\n\nselenium.common.exceptions.TimeoutException: Message:","statusTrace":"self = <test_main_page.TestMainPage.TestHotSellerSection object at 0x7f8946ac7850>\ndriver = <selenium.webdriver.chrome.webdriver.WebDriver (session=\"fa59c4bd039a93b0f1f3eac718f2571c\")>\nitem = 'add_to_compare'\n\n    @pytest.mark.xfail(reason=\"In CI the test failed in PR#182\")\n    @allure.title(\"Check the display of the add to wish and add to compare buttons\")\n    @pytest.mark.parametrize(\"item\", product_card_button)\n    def test_tc_06_01_15_check_the_display_of_the_card_buttons(self, driver, item):\n        \"\"\"\n        This test will check that the add to wishlist and add to compare buttons are visible on the screen\n        \"\"\"\n        page = MainPage(driver, MAIN_PAGE_URL)\n        page.open()\n>       check_display = page.check_element_display(item)\n\ntests/test_main_page.py:95: \n_ _ _ _ _ _ _ _ _ _ _ _ _ _ _ _ _ _ _ _ _ _ _ _ _ _ _ _ _ _ _ _ _ _ _ _ _ _ _ _ \npages/main_page.py:124: in check_element_display\n    element = self.element_is_visible(self.locators.PRODUCT_CARD_BUTTONS[item])\npages/base_page.py:30: in element_is_visible\n    return wait(self.driver, timeout).until(EC.visibility_of_element_located(locator))\n_ _ _ _ _ _ _ _ _ _ _ _ _ _ _ _ _ _ _ _ _ _ _ _ _ _ _ _ _ _ _ _ _ _ _ _ _ _ _ _ \n\nself = <selenium.webdriver.support.wait.WebDriverWait (session=\"fa59c4bd039a93b0f1f3eac718f2571c\")>\nmethod = <function visibility_of_element_located.<locals>._predicate at 0x7f8945c12840>\nmessage = ''\n\n    def until(self, method, message: str = \"\"):\n        \"\"\"Calls the method provided with the driver as an argument until the \\\n        return value does not evaluate to ``False``.\n    \n        :param method: callable(WebDriver)\n        :param message: optional message for :exc:`TimeoutException`\n        :returns: the result of the last call to `method`\n        :raises: :exc:`selenium.common.exceptions.TimeoutException` if timeout occurs\n        \"\"\"\n        screen = None\n        stacktrace = None\n    \n        end_time = time.monotonic() + self._timeout\n        while True:\n            try:\n                value = method(self._driver)\n                if value:\n                    return value\n            except self._ignored_exceptions as exc:\n                screen = getattr(exc, \"screen\", None)\n                stacktrace = getattr(exc, \"stacktrace\", None)\n            time.sleep(self._poll)\n            if time.monotonic() > end_time:\n                break\n>       raise TimeoutException(message, screen, stacktrace)\nE       selenium.common.exceptions.TimeoutException: Message:\n\n/opt/hostedtoolcache/Python/3.11.4/x64/lib/python3.11/site-packages/selenium/webdriver/support/wait.py:95: TimeoutException","flaky":false,"newFailed":false,"newBroken":false,"newPassed":false,"retriesCount":0,"retriesStatusChange":false,"beforeStages":[{"name":"_session_faker","time":{"start":1688432292822,"stop":1688432292922,"duration":100},"status":"passed","steps":[],"attachments":[],"parameters":[],"attachmentsCount":0,"shouldDisplayMessage":false,"hasContent":false,"stepsCount":0},{"name":"clear_allure_result_folder","time":{"start":1688432292922,"stop":1688432292922,"duration":0},"status":"passed","steps":[],"attachments":[],"parameters":[],"attachmentsCount":0,"shouldDisplayMessage":false,"hasContent":false,"stepsCount":0},{"name":"driver","time":{"start":1688432937501,"stop":1688432938560,"duration":1059},"status":"passed","steps":[],"attachments":[],"parameters":[],"attachmentsCount":0,"shouldDisplayMessage":false,"hasContent":false,"stepsCount":0}],"testStage":{"description":"\n            This test will check that the add to wishlist and add to compare buttons are visible on the screen\n            ","status":"skipped","statusMessage":"XFAIL In CI the test failed in PR#182\n\nselenium.common.exceptions.TimeoutException: Message:","statusTrace":"self = <test_main_page.TestMainPage.TestHotSellerSection object at 0x7f8946ac7850>\ndriver = <selenium.webdriver.chrome.webdriver.WebDriver (session=\"fa59c4bd039a93b0f1f3eac718f2571c\")>\nitem = 'add_to_compare'\n\n    @pytest.mark.xfail(reason=\"In CI the test failed in PR#182\")\n    @allure.title(\"Check the display of the add to wish and add to compare buttons\")\n    @pytest.mark.parametrize(\"item\", product_card_button)\n    def test_tc_06_01_15_check_the_display_of_the_card_buttons(self, driver, item):\n        \"\"\"\n        This test will check that the add to wishlist and add to compare buttons are visible on the screen\n        \"\"\"\n        page = MainPage(driver, MAIN_PAGE_URL)\n        page.open()\n>       check_display = page.check_element_display(item)\n\ntests/test_main_page.py:95: \n_ _ _ _ _ _ _ _ _ _ _ _ _ _ _ _ _ _ _ _ _ _ _ _ _ _ _ _ _ _ _ _ _ _ _ _ _ _ _ _ \npages/main_page.py:124: in check_element_display\n    element = self.element_is_visible(self.locators.PRODUCT_CARD_BUTTONS[item])\npages/base_page.py:30: in element_is_visible\n    return wait(self.driver, timeout).until(EC.visibility_of_element_located(locator))\n_ _ _ _ _ _ _ _ _ _ _ _ _ _ _ _ _ _ _ _ _ _ _ _ _ _ _ _ _ _ _ _ _ _ _ _ _ _ _ _ \n\nself = <selenium.webdriver.support.wait.WebDriverWait (session=\"fa59c4bd039a93b0f1f3eac718f2571c\")>\nmethod = <function visibility_of_element_located.<locals>._predicate at 0x7f8945c12840>\nmessage = ''\n\n    def until(self, method, message: str = \"\"):\n        \"\"\"Calls the method provided with the driver as an argument until the \\\n        return value does not evaluate to ``False``.\n    \n        :param method: callable(WebDriver)\n        :param message: optional message for :exc:`TimeoutException`\n        :returns: the result of the last call to `method`\n        :raises: :exc:`selenium.common.exceptions.TimeoutException` if timeout occurs\n        \"\"\"\n        screen = None\n        stacktrace = None\n    \n        end_time = time.monotonic() + self._timeout\n        while True:\n            try:\n                value = method(self._driver)\n                if value:\n                    return value\n            except self._ignored_exceptions as exc:\n                screen = getattr(exc, \"screen\", None)\n                stacktrace = getattr(exc, \"stacktrace\", None)\n            time.sleep(self._poll)\n            if time.monotonic() > end_time:\n                break\n>       raise TimeoutException(message, screen, stacktrace)\nE       selenium.common.exceptions.TimeoutException: Message:\n\n/opt/hostedtoolcache/Python/3.11.4/x64/lib/python3.11/site-packages/selenium/webdriver/support/wait.py:95: TimeoutException","steps":[{"name":"Open a browser","time":{"start":1688432938561,"stop":1688432939545,"duration":984},"status":"passed","steps":[],"attachments":[],"parameters":[],"attachmentsCount":0,"shouldDisplayMessage":false,"hasContent":false,"stepsCount":0},{"name":"Checking the display of an element on the screen","time":{"start":1688432939545,"stop":1688432950544,"duration":10999},"status":"broken","statusMessage":"selenium.common.exceptions.TimeoutException: Message: \n\n","statusTrace":"  File \"/opt/hostedtoolcache/Python/3.11.4/x64/lib/python3.11/site-packages/allure_commons/_allure.py\", line 192, in impl\n    return func(*a, **kw)\n           ^^^^^^^^^^^^^^\n  File \"/home/runner/work/luma_project/luma_project/pages/main_page.py\", line 124, in check_element_display\n    element = self.element_is_visible(self.locators.PRODUCT_CARD_BUTTONS[item])\n              ^^^^^^^^^^^^^^^^^^^^^^^^^^^^^^^^^^^^^^^^^^^^^^^^^^^^^^^^^^^^^^^^^\n  File \"/opt/hostedtoolcache/Python/3.11.4/x64/lib/python3.11/site-packages/allure_commons/_allure.py\", line 192, in impl\n    return func(*a, **kw)\n           ^^^^^^^^^^^^^^\n  File \"/home/runner/work/luma_project/luma_project/pages/base_page.py\", line 30, in element_is_visible\n    return wait(self.driver, timeout).until(EC.visibility_of_element_located(locator))\n           ^^^^^^^^^^^^^^^^^^^^^^^^^^^^^^^^^^^^^^^^^^^^^^^^^^^^^^^^^^^^^^^^^^^^^^^^^^^\n  File \"/opt/hostedtoolcache/Python/3.11.4/x64/lib/python3.11/site-packages/selenium/webdriver/support/wait.py\", line 95, in until\n    raise TimeoutException(message, screen, stacktrace)\n","steps":[{"name":"Find a visible element","time":{"start":1688432939545,"stop":1688432939867,"duration":322},"status":"passed","steps":[{"name":"Find a present element","time":{"start":1688432939545,"stop":1688432939604,"duration":59},"status":"passed","steps":[],"attachments":[],"parameters":[{"name":"locator","value":"('css selector', \"li[class='product-item']:nth-child(3) div[class='product-item-info']\")"},{"name":"timeout","value":"5"}],"attachmentsCount":0,"shouldDisplayMessage":false,"hasContent":true,"stepsCount":0},{"name":"Go to specified element","time":{"start":1688432939604,"stop":1688432939650,"duration":46},"status":"passed","steps":[],"attachments":[],"parameters":[{"name":"element","value":"<selenium.webdriver.remote.webelement.WebElement (session=\"fa59c4bd039a93b0f1f3eac718f2571c\", element=\"79CB86F4F1177CA7A2FFEE8BCC413049_element_28\")>"}],"attachmentsCount":0,"shouldDisplayMessage":false,"hasContent":true,"stepsCount":0}],"attachments":[],"parameters":[{"name":"locator","value":"('css selector', \"li[class='product-item']:nth-child(3) div[class='product-item-info']\")"},{"name":"timeout","value":"10"}],"attachmentsCount":0,"shouldDisplayMessage":false,"hasContent":true,"stepsCount":2},{"name":"Move cursor to element","time":{"start":1688432939868,"stop":1688432940143,"duration":275},"status":"passed","steps":[],"attachments":[],"parameters":[{"name":"element","value":"<selenium.webdriver.remote.webelement.WebElement (session=\"fa59c4bd039a93b0f1f3eac718f2571c\", element=\"79CB86F4F1177CA7A2FFEE8BCC413049_element_28\")>"}],"attachmentsCount":0,"shouldDisplayMessage":false,"hasContent":true,"stepsCount":0},{"name":"Find a visible element","time":{"start":1688432940144,"stop":1688432950543,"duration":10399},"status":"broken","statusMessage":"selenium.common.exceptions.TimeoutException: Message: \n\n","statusTrace":"  File \"/opt/hostedtoolcache/Python/3.11.4/x64/lib/python3.11/site-packages/allure_commons/_allure.py\", line 192, in impl\n    return func(*a, **kw)\n           ^^^^^^^^^^^^^^\n  File \"/home/runner/work/luma_project/luma_project/pages/base_page.py\", line 30, in element_is_visible\n    return wait(self.driver, timeout).until(EC.visibility_of_element_located(locator))\n           ^^^^^^^^^^^^^^^^^^^^^^^^^^^^^^^^^^^^^^^^^^^^^^^^^^^^^^^^^^^^^^^^^^^^^^^^^^^\n  File \"/opt/hostedtoolcache/Python/3.11.4/x64/lib/python3.11/site-packages/selenium/webdriver/support/wait.py\", line 95, in until\n    raise TimeoutException(message, screen, stacktrace)\n","steps":[{"name":"Find a present element","time":{"start":1688432940144,"stop":1688432940155,"duration":11},"status":"passed","steps":[],"attachments":[],"parameters":[{"name":"locator","value":"('css selector', \"li[class='product-item']:nth-child(3) a[class='action tocompare']\")"},{"name":"timeout","value":"5"}],"attachmentsCount":0,"shouldDisplayMessage":false,"hasContent":true,"stepsCount":0},{"name":"Go to specified element","time":{"start":1688432940155,"stop":1688432940168,"duration":13},"status":"passed","steps":[],"attachments":[],"parameters":[{"name":"element","value":"<selenium.webdriver.remote.webelement.WebElement (session=\"fa59c4bd039a93b0f1f3eac718f2571c\", element=\"79CB86F4F1177CA7A2FFEE8BCC413049_element_34\")>"}],"attachmentsCount":0,"shouldDisplayMessage":false,"hasContent":true,"stepsCount":0}],"attachments":[],"parameters":[{"name":"locator","value":"('css selector', \"li[class='product-item']:nth-child(3) a[class='action tocompare']\")"},{"name":"timeout","value":"10"}],"attachmentsCount":0,"shouldDisplayMessage":true,"hasContent":true,"stepsCount":2}],"attachments":[],"parameters":[{"name":"item","value":"'add_to_compare'"}],"attachmentsCount":0,"shouldDisplayMessage":false,"hasContent":true,"stepsCount":7}],"attachments":[],"parameters":[],"attachmentsCount":0,"shouldDisplayMessage":true,"hasContent":true,"stepsCount":9},"afterStages":[{"name":"driver::0","time":{"start":1688432950604,"stop":1688432950667,"duration":63},"status":"passed","steps":[],"attachments":[],"parameters":[],"attachmentsCount":0,"shouldDisplayMessage":false,"hasContent":false,"stepsCount":0},{"name":"clear_allure_result_folder::0","time":{"start":1688433687518,"stop":1688433687518,"duration":0},"status":"passed","steps":[],"attachments":[],"parameters":[],"attachmentsCount":0,"shouldDisplayMessage":false,"hasContent":false,"stepsCount":0}],"labels":[{"name":"epic","value":"Main Page"},{"name":"feature","value":"Testing Hot Seller Section"},{"name":"tag","value":"@pytest.mark.xfail(reason='In CI the test failed in PR#182')"},{"name":"parentSuite","value":"tests"},{"name":"suite","value":"test_main_page"},{"name":"subSuite","value":"TestMainPage"},{"name":"host","value":"fv-az797-168"},{"name":"thread","value":"3423-MainThread"},{"name":"framework","value":"pytest"},{"name":"language","value":"cpython3"},{"name":"package","value":"tests.test_main_page"},{"name":"resultFormat","value":"allure2"}],"parameters":[{"name":"item","value":"'add_to_compare'"}],"links":[],"hidden":false,"retry":false,"extra":{"severity":"normal","retries":[],"categories":[],"history":{"statistic":{"failed":0,"broken":0,"skipped":1,"passed":1,"unknown":0,"total":2},"items":[{"uid":"6d5f0cfdc83d4267","reportUrl":"https://DionisIno.github.io/luma_project/6//#testresult/6d5f0cfdc83d4267","status":"passed","statusDetails":"XPASS In CI the test failed in PR#182","time":{"start":1688402418955,"stop":1688402420417,"duration":1462}}]},"tags":["@pytest.mark.xfail(reason='In CI the test failed in PR#182')"]},"source":"3151babd25b10316.json","parameterValues":["'add_to_compare'"]}