{"uid":"86390413af6f6b68","name":"test_check_card_price","fullName":"tests.test_main_page.TestHotSellerSection#test_check_card_price","historyId":"f4026d9f96acc9996f781ecba7818e56","time":{"start":1689297137169,"stop":1689297138384,"duration":1215},"description":"This test checks that the card has a price and a price in USD","descriptionHtml":"<p>This test checks that the card has a price and a price in USD</p>\n","status":"skipped","statusMessage":"XFAIL In CI the test failed in PR#203\n\nselenium.common.exceptions.StaleElementReferenceException: Message: stale element reference: stale element not found\n  (Session info: chrome=114.0.5735.198)\nStacktrace:\n#0 0x56039e0f04e3 <unknown>\n#1 0x56039de1fc76 <unknown>\n#2 0x56039de2453c <unknown>\n#3 0x56039de2597e <unknown>\n#4 0x56039de25a4c <unknown>\n#5 0x56039de56922 <unknown>\n#6 0x56039de7b012 <unknown>\n#7 0x56039de51b03 <unknown>\n#8 0x56039de7b1de <unknown>\n#9 0x56039de9330e <unknown>\n#10 0x56039de7ade3 <unknown>\n#11 0x56039de502dd <unknown>\n#12 0x56039de5134e <unknown>\n#13 0x56039e0b03e4 <unknown>\n#14 0x56039e0b43d7 <unknown>\n#15 0x56039e0beb20 <unknown>\n#16 0x56039e0b5023 <unknown>\n#17 0x56039e0831aa <unknown>\n#18 0x56039e0d96b8 <unknown>\n#19 0x56039e0d9847 <unknown>\n#20 0x56039e0e9243 <unknown>\n#21 0x7f55f6d2fb43 <unknown>","statusTrace":"self = <test_main_page.TestMainPage.TestHotSellerSection object at 0x7f4b3bbfbe50>\ndriver = <selenium.webdriver.chrome.webdriver.WebDriver (session=\"51af0d47466c3a11ecf01a881aa813a0\")>\n\n    @pytest.mark.xfail(reason=\"In CI the test failed in PR#203\")\n    def test_check_card_price(self, driver):\n        \"\"\"This test checks that the card has a price and a price in USD\"\"\"\n        page = MainPage(driver, MAIN_PAGE_URL)\n        page.open()\n>       text = page.check_card_price()\n\ntests/test_main_page.py:47: \n_ _ _ _ _ _ _ _ _ _ _ _ _ _ _ _ _ _ _ _ _ _ _ _ _ _ _ _ _ _ _ _ _ _ _ _ _ _ _ _ \npages/main_page.py:49: in check_card_price\n    text = self.get_text(self.locators.CARD_PRICE)\npages/base_page.py:145: in get_text\n    return text.text\n/opt/hostedtoolcache/Python/3.11.4/x64/lib/python3.11/site-packages/selenium/webdriver/remote/webelement.py:90: in text\n    return self._execute(Command.GET_ELEMENT_TEXT)[\"value\"]\n/opt/hostedtoolcache/Python/3.11.4/x64/lib/python3.11/site-packages/selenium/webdriver/remote/webelement.py:403: in _execute\n    return self._parent.execute(command, params)\n/opt/hostedtoolcache/Python/3.11.4/x64/lib/python3.11/site-packages/selenium/webdriver/remote/webdriver.py:440: in execute\n    self.error_handler.check_response(response)\n_ _ _ _ _ _ _ _ _ _ _ _ _ _ _ _ _ _ _ _ _ _ _ _ _ _ _ _ _ _ _ _ _ _ _ _ _ _ _ _ \n\nself = <selenium.webdriver.remote.errorhandler.ErrorHandler object at 0x7f4b3aadf410>\nresponse = {'status': 404, 'value': '{\"value\":{\"error\":\"stale element reference\",\"message\":\"stale element reference: stale elemen...\\\\n#19 0x56039e0d9847 \\\\u003Cunknown>\\\\n#20 0x56039e0e9243 \\\\u003Cunknown>\\\\n#21 0x7f55f6d2fb43 \\\\u003Cunknown>\\\\n\"}}'}\n\n    def check_response(self, response: Dict[str, Any]) -> None:\n        \"\"\"Checks that a JSON response from the WebDriver does not have an\n        error.\n    \n        :Args:\n         - response - The JSON response from the WebDriver server as a dictionary\n           object.\n    \n        :Raises: If the response contains an error message.\n        \"\"\"\n        status = response.get(\"status\", None)\n        if not status or status == ErrorCode.SUCCESS:\n            return\n        value = None\n        message = response.get(\"message\", \"\")\n        screen: str = response.get(\"screen\", \"\")\n        stacktrace = None\n        if isinstance(status, int):\n            value_json = response.get(\"value\", None)\n            if value_json and isinstance(value_json, str):\n                import json\n    \n                try:\n                    value = json.loads(value_json)\n                    if len(value) == 1:\n                        value = value[\"value\"]\n                    status = value.get(\"error\", None)\n                    if not status:\n                        status = value.get(\"status\", ErrorCode.UNKNOWN_ERROR)\n                        message = value.get(\"value\") or value.get(\"message\")\n                        if not isinstance(message, str):\n                            value = message\n                            message = message.get(\"message\")\n                    else:\n                        message = value.get(\"message\", None)\n                except ValueError:\n                    pass\n    \n        exception_class: Type[WebDriverException]\n        if status in ErrorCode.NO_SUCH_ELEMENT:\n            exception_class = NoSuchElementException\n        elif status in ErrorCode.NO_SUCH_FRAME:\n            exception_class = NoSuchFrameException\n        elif status in ErrorCode.NO_SUCH_SHADOW_ROOT:\n            exception_class = NoSuchShadowRootException\n        elif status in ErrorCode.NO_SUCH_WINDOW:\n            exception_class = NoSuchWindowException\n        elif status in ErrorCode.STALE_ELEMENT_REFERENCE:\n            exception_class = StaleElementReferenceException\n        elif status in ErrorCode.ELEMENT_NOT_VISIBLE:\n            exception_class = ElementNotVisibleException\n        elif status in ErrorCode.INVALID_ELEMENT_STATE:\n            exception_class = InvalidElementStateException\n        elif (\n            status in ErrorCode.INVALID_SELECTOR\n            or status in ErrorCode.INVALID_XPATH_SELECTOR\n            or status in ErrorCode.INVALID_XPATH_SELECTOR_RETURN_TYPER\n        ):\n            exception_class = InvalidSelectorException\n        elif status in ErrorCode.ELEMENT_IS_NOT_SELECTABLE:\n            exception_class = ElementNotSelectableException\n        elif status in ErrorCode.ELEMENT_NOT_INTERACTABLE:\n            exception_class = ElementNotInteractableException\n        elif status in ErrorCode.INVALID_COOKIE_DOMAIN:\n            exception_class = InvalidCookieDomainException\n        elif status in ErrorCode.UNABLE_TO_SET_COOKIE:\n            exception_class = UnableToSetCookieException\n        elif status in ErrorCode.TIMEOUT:\n            exception_class = TimeoutException\n        elif status in ErrorCode.SCRIPT_TIMEOUT:\n            exception_class = TimeoutException\n        elif status in ErrorCode.UNKNOWN_ERROR:\n            exception_class = WebDriverException\n        elif status in ErrorCode.UNEXPECTED_ALERT_OPEN:\n            exception_class = UnexpectedAlertPresentException\n        elif status in ErrorCode.NO_ALERT_OPEN:\n            exception_class = NoAlertPresentException\n        elif status in ErrorCode.IME_NOT_AVAILABLE:\n            exception_class = ImeNotAvailableException\n        elif status in ErrorCode.IME_ENGINE_ACTIVATION_FAILED:\n            exception_class = ImeActivationFailedException\n        elif status in ErrorCode.MOVE_TARGET_OUT_OF_BOUNDS:\n            exception_class = MoveTargetOutOfBoundsException\n        elif status in ErrorCode.JAVASCRIPT_ERROR:\n            exception_class = JavascriptException\n        elif status in ErrorCode.SESSION_NOT_CREATED:\n            exception_class = SessionNotCreatedException\n        elif status in ErrorCode.INVALID_ARGUMENT:\n            exception_class = InvalidArgumentException\n        elif status in ErrorCode.NO_SUCH_COOKIE:\n            exception_class = NoSuchCookieException\n        elif status in ErrorCode.UNABLE_TO_CAPTURE_SCREEN:\n            exception_class = ScreenshotException\n        elif status in ErrorCode.ELEMENT_CLICK_INTERCEPTED:\n            exception_class = ElementClickInterceptedException\n        elif status in ErrorCode.INSECURE_CERTIFICATE:\n            exception_class = InsecureCertificateException\n        elif status in ErrorCode.INVALID_COORDINATES:\n            exception_class = InvalidCoordinatesException\n        elif status in ErrorCode.INVALID_SESSION_ID:\n            exception_class = InvalidSessionIdException\n        elif status in ErrorCode.UNKNOWN_METHOD:\n            exception_class = UnknownMethodException\n        else:\n            exception_class = WebDriverException\n        if not value:\n            value = response[\"value\"]\n        if isinstance(value, str):\n            raise exception_class(value)\n        if message == \"\" and \"message\" in value:\n            message = value[\"message\"]\n    \n        screen = None  # type: ignore[assignment]\n        if \"screen\" in value:\n            screen = value[\"screen\"]\n    \n        stacktrace = None\n        st_value = value.get(\"stackTrace\") or value.get(\"stacktrace\")\n        if st_value:\n            if isinstance(st_value, str):\n                stacktrace = st_value.split(\"\\n\")\n            else:\n                stacktrace = []\n                try:\n                    for frame in st_value:\n                        line = frame.get(\"lineNumber\", \"\")\n                        file = frame.get(\"fileName\", \"<anonymous>\")\n                        if line:\n                            file = f\"{file}:{line}\"\n                        meth = frame.get(\"methodName\", \"<anonymous>\")\n                        if \"className\" in frame:\n                            meth = f\"{frame['className']}.{meth}\"\n                        msg = \"    at %s (%s)\"\n                        msg = msg % (meth, file)\n                        stacktrace.append(msg)\n                except TypeError:\n                    pass\n        if exception_class == UnexpectedAlertPresentException:\n            alert_text = None\n            if \"data\" in value:\n                alert_text = value[\"data\"].get(\"text\")\n            elif \"alert\" in value:\n                alert_text = value[\"alert\"].get(\"text\")\n            raise exception_class(message, screen, stacktrace, alert_text)  # type: ignore[call-arg]  # mypy is not smart enough here\n>       raise exception_class(message, screen, stacktrace)\nE       selenium.common.exceptions.StaleElementReferenceException: Message: stale element reference: stale element not found\nE         (Session info: chrome=114.0.5735.198)\nE       Stacktrace:\nE       #0 0x56039e0f04e3 <unknown>\nE       #1 0x56039de1fc76 <unknown>\nE       #2 0x56039de2453c <unknown>\nE       #3 0x56039de2597e <unknown>\nE       #4 0x56039de25a4c <unknown>\nE       #5 0x56039de56922 <unknown>\nE       #6 0x56039de7b012 <unknown>\nE       #7 0x56039de51b03 <unknown>\nE       #8 0x56039de7b1de <unknown>\nE       #9 0x56039de9330e <unknown>\nE       #10 0x56039de7ade3 <unknown>\nE       #11 0x56039de502dd <unknown>\nE       #12 0x56039de5134e <unknown>\nE       #13 0x56039e0b03e4 <unknown>\nE       #14 0x56039e0b43d7 <unknown>\nE       #15 0x56039e0beb20 <unknown>\nE       #16 0x56039e0b5023 <unknown>\nE       #17 0x56039e0831aa <unknown>\nE       #18 0x56039e0d96b8 <unknown>\nE       #19 0x56039e0d9847 <unknown>\nE       #20 0x56039e0e9243 <unknown>\nE       #21 0x7f55f6d2fb43 <unknown>\n\n/opt/hostedtoolcache/Python/3.11.4/x64/lib/python3.11/site-packages/selenium/webdriver/remote/errorhandler.py:245: StaleElementReferenceException","flaky":false,"newFailed":false,"newBroken":false,"newPassed":false,"retriesCount":0,"retriesStatusChange":false,"beforeStages":[{"name":"_session_faker","time":{"start":1689296504024,"stop":1689296504115,"duration":91},"status":"passed","steps":[],"attachments":[],"parameters":[],"stepsCount":0,"attachmentsCount":0,"shouldDisplayMessage":false,"hasContent":false},{"name":"clear_allure_result_folder","time":{"start":1689296504116,"stop":1689296504116,"duration":0},"status":"passed","steps":[],"attachments":[],"parameters":[],"stepsCount":0,"attachmentsCount":0,"shouldDisplayMessage":false,"hasContent":false},{"name":"driver","time":{"start":1689297136134,"stop":1689297137168,"duration":1034},"status":"passed","steps":[],"attachments":[],"parameters":[],"stepsCount":0,"attachmentsCount":0,"shouldDisplayMessage":false,"hasContent":false}],"testStage":{"description":"This test checks that the card has a price and a price in USD","status":"skipped","statusMessage":"XFAIL In CI the test failed in PR#203\n\nselenium.common.exceptions.StaleElementReferenceException: Message: stale element reference: stale element not found\n  (Session info: chrome=114.0.5735.198)\nStacktrace:\n#0 0x56039e0f04e3 <unknown>\n#1 0x56039de1fc76 <unknown>\n#2 0x56039de2453c <unknown>\n#3 0x56039de2597e <unknown>\n#4 0x56039de25a4c <unknown>\n#5 0x56039de56922 <unknown>\n#6 0x56039de7b012 <unknown>\n#7 0x56039de51b03 <unknown>\n#8 0x56039de7b1de <unknown>\n#9 0x56039de9330e <unknown>\n#10 0x56039de7ade3 <unknown>\n#11 0x56039de502dd <unknown>\n#12 0x56039de5134e <unknown>\n#13 0x56039e0b03e4 <unknown>\n#14 0x56039e0b43d7 <unknown>\n#15 0x56039e0beb20 <unknown>\n#16 0x56039e0b5023 <unknown>\n#17 0x56039e0831aa <unknown>\n#18 0x56039e0d96b8 <unknown>\n#19 0x56039e0d9847 <unknown>\n#20 0x56039e0e9243 <unknown>\n#21 0x7f55f6d2fb43 <unknown>","statusTrace":"self = <test_main_page.TestMainPage.TestHotSellerSection object at 0x7f4b3bbfbe50>\ndriver = <selenium.webdriver.chrome.webdriver.WebDriver (session=\"51af0d47466c3a11ecf01a881aa813a0\")>\n\n    @pytest.mark.xfail(reason=\"In CI the test failed in PR#203\")\n    def test_check_card_price(self, driver):\n        \"\"\"This test checks that the card has a price and a price in USD\"\"\"\n        page = MainPage(driver, MAIN_PAGE_URL)\n        page.open()\n>       text = page.check_card_price()\n\ntests/test_main_page.py:47: \n_ _ _ _ _ _ _ _ _ _ _ _ _ _ _ _ _ _ _ _ _ _ _ _ _ _ _ _ _ _ _ _ _ _ _ _ _ _ _ _ \npages/main_page.py:49: in check_card_price\n    text = self.get_text(self.locators.CARD_PRICE)\npages/base_page.py:145: in get_text\n    return text.text\n/opt/hostedtoolcache/Python/3.11.4/x64/lib/python3.11/site-packages/selenium/webdriver/remote/webelement.py:90: in text\n    return self._execute(Command.GET_ELEMENT_TEXT)[\"value\"]\n/opt/hostedtoolcache/Python/3.11.4/x64/lib/python3.11/site-packages/selenium/webdriver/remote/webelement.py:403: in _execute\n    return self._parent.execute(command, params)\n/opt/hostedtoolcache/Python/3.11.4/x64/lib/python3.11/site-packages/selenium/webdriver/remote/webdriver.py:440: in execute\n    self.error_handler.check_response(response)\n_ _ _ _ _ _ _ _ _ _ _ _ _ _ _ _ _ _ _ _ _ _ _ _ _ _ _ _ _ _ _ _ _ _ _ _ _ _ _ _ \n\nself = <selenium.webdriver.remote.errorhandler.ErrorHandler object at 0x7f4b3aadf410>\nresponse = {'status': 404, 'value': '{\"value\":{\"error\":\"stale element reference\",\"message\":\"stale element reference: stale elemen...\\\\n#19 0x56039e0d9847 \\\\u003Cunknown>\\\\n#20 0x56039e0e9243 \\\\u003Cunknown>\\\\n#21 0x7f55f6d2fb43 \\\\u003Cunknown>\\\\n\"}}'}\n\n    def check_response(self, response: Dict[str, Any]) -> None:\n        \"\"\"Checks that a JSON response from the WebDriver does not have an\n        error.\n    \n        :Args:\n         - response - The JSON response from the WebDriver server as a dictionary\n           object.\n    \n        :Raises: If the response contains an error message.\n        \"\"\"\n        status = response.get(\"status\", None)\n        if not status or status == ErrorCode.SUCCESS:\n            return\n        value = None\n        message = response.get(\"message\", \"\")\n        screen: str = response.get(\"screen\", \"\")\n        stacktrace = None\n        if isinstance(status, int):\n            value_json = response.get(\"value\", None)\n            if value_json and isinstance(value_json, str):\n                import json\n    \n                try:\n                    value = json.loads(value_json)\n                    if len(value) == 1:\n                        value = value[\"value\"]\n                    status = value.get(\"error\", None)\n                    if not status:\n                        status = value.get(\"status\", ErrorCode.UNKNOWN_ERROR)\n                        message = value.get(\"value\") or value.get(\"message\")\n                        if not isinstance(message, str):\n                            value = message\n                            message = message.get(\"message\")\n                    else:\n                        message = value.get(\"message\", None)\n                except ValueError:\n                    pass\n    \n        exception_class: Type[WebDriverException]\n        if status in ErrorCode.NO_SUCH_ELEMENT:\n            exception_class = NoSuchElementException\n        elif status in ErrorCode.NO_SUCH_FRAME:\n            exception_class = NoSuchFrameException\n        elif status in ErrorCode.NO_SUCH_SHADOW_ROOT:\n            exception_class = NoSuchShadowRootException\n        elif status in ErrorCode.NO_SUCH_WINDOW:\n            exception_class = NoSuchWindowException\n        elif status in ErrorCode.STALE_ELEMENT_REFERENCE:\n            exception_class = StaleElementReferenceException\n        elif status in ErrorCode.ELEMENT_NOT_VISIBLE:\n            exception_class = ElementNotVisibleException\n        elif status in ErrorCode.INVALID_ELEMENT_STATE:\n            exception_class = InvalidElementStateException\n        elif (\n            status in ErrorCode.INVALID_SELECTOR\n            or status in ErrorCode.INVALID_XPATH_SELECTOR\n            or status in ErrorCode.INVALID_XPATH_SELECTOR_RETURN_TYPER\n        ):\n            exception_class = InvalidSelectorException\n        elif status in ErrorCode.ELEMENT_IS_NOT_SELECTABLE:\n            exception_class = ElementNotSelectableException\n        elif status in ErrorCode.ELEMENT_NOT_INTERACTABLE:\n            exception_class = ElementNotInteractableException\n        elif status in ErrorCode.INVALID_COOKIE_DOMAIN:\n            exception_class = InvalidCookieDomainException\n        elif status in ErrorCode.UNABLE_TO_SET_COOKIE:\n            exception_class = UnableToSetCookieException\n        elif status in ErrorCode.TIMEOUT:\n            exception_class = TimeoutException\n        elif status in ErrorCode.SCRIPT_TIMEOUT:\n            exception_class = TimeoutException\n        elif status in ErrorCode.UNKNOWN_ERROR:\n            exception_class = WebDriverException\n        elif status in ErrorCode.UNEXPECTED_ALERT_OPEN:\n            exception_class = UnexpectedAlertPresentException\n        elif status in ErrorCode.NO_ALERT_OPEN:\n            exception_class = NoAlertPresentException\n        elif status in ErrorCode.IME_NOT_AVAILABLE:\n            exception_class = ImeNotAvailableException\n        elif status in ErrorCode.IME_ENGINE_ACTIVATION_FAILED:\n            exception_class = ImeActivationFailedException\n        elif status in ErrorCode.MOVE_TARGET_OUT_OF_BOUNDS:\n            exception_class = MoveTargetOutOfBoundsException\n        elif status in ErrorCode.JAVASCRIPT_ERROR:\n            exception_class = JavascriptException\n        elif status in ErrorCode.SESSION_NOT_CREATED:\n            exception_class = SessionNotCreatedException\n        elif status in ErrorCode.INVALID_ARGUMENT:\n            exception_class = InvalidArgumentException\n        elif status in ErrorCode.NO_SUCH_COOKIE:\n            exception_class = NoSuchCookieException\n        elif status in ErrorCode.UNABLE_TO_CAPTURE_SCREEN:\n            exception_class = ScreenshotException\n        elif status in ErrorCode.ELEMENT_CLICK_INTERCEPTED:\n            exception_class = ElementClickInterceptedException\n        elif status in ErrorCode.INSECURE_CERTIFICATE:\n            exception_class = InsecureCertificateException\n        elif status in ErrorCode.INVALID_COORDINATES:\n            exception_class = InvalidCoordinatesException\n        elif status in ErrorCode.INVALID_SESSION_ID:\n            exception_class = InvalidSessionIdException\n        elif status in ErrorCode.UNKNOWN_METHOD:\n            exception_class = UnknownMethodException\n        else:\n            exception_class = WebDriverException\n        if not value:\n            value = response[\"value\"]\n        if isinstance(value, str):\n            raise exception_class(value)\n        if message == \"\" and \"message\" in value:\n            message = value[\"message\"]\n    \n        screen = None  # type: ignore[assignment]\n        if \"screen\" in value:\n            screen = value[\"screen\"]\n    \n        stacktrace = None\n        st_value = value.get(\"stackTrace\") or value.get(\"stacktrace\")\n        if st_value:\n            if isinstance(st_value, str):\n                stacktrace = st_value.split(\"\\n\")\n            else:\n                stacktrace = []\n                try:\n                    for frame in st_value:\n                        line = frame.get(\"lineNumber\", \"\")\n                        file = frame.get(\"fileName\", \"<anonymous>\")\n                        if line:\n                            file = f\"{file}:{line}\"\n                        meth = frame.get(\"methodName\", \"<anonymous>\")\n                        if \"className\" in frame:\n                            meth = f\"{frame['className']}.{meth}\"\n                        msg = \"    at %s (%s)\"\n                        msg = msg % (meth, file)\n                        stacktrace.append(msg)\n                except TypeError:\n                    pass\n        if exception_class == UnexpectedAlertPresentException:\n            alert_text = None\n            if \"data\" in value:\n                alert_text = value[\"data\"].get(\"text\")\n            elif \"alert\" in value:\n                alert_text = value[\"alert\"].get(\"text\")\n            raise exception_class(message, screen, stacktrace, alert_text)  # type: ignore[call-arg]  # mypy is not smart enough here\n>       raise exception_class(message, screen, stacktrace)\nE       selenium.common.exceptions.StaleElementReferenceException: Message: stale element reference: stale element not found\nE         (Session info: chrome=114.0.5735.198)\nE       Stacktrace:\nE       #0 0x56039e0f04e3 <unknown>\nE       #1 0x56039de1fc76 <unknown>\nE       #2 0x56039de2453c <unknown>\nE       #3 0x56039de2597e <unknown>\nE       #4 0x56039de25a4c <unknown>\nE       #5 0x56039de56922 <unknown>\nE       #6 0x56039de7b012 <unknown>\nE       #7 0x56039de51b03 <unknown>\nE       #8 0x56039de7b1de <unknown>\nE       #9 0x56039de9330e <unknown>\nE       #10 0x56039de7ade3 <unknown>\nE       #11 0x56039de502dd <unknown>\nE       #12 0x56039de5134e <unknown>\nE       #13 0x56039e0b03e4 <unknown>\nE       #14 0x56039e0b43d7 <unknown>\nE       #15 0x56039e0beb20 <unknown>\nE       #16 0x56039e0b5023 <unknown>\nE       #17 0x56039e0831aa <unknown>\nE       #18 0x56039e0d96b8 <unknown>\nE       #19 0x56039e0d9847 <unknown>\nE       #20 0x56039e0e9243 <unknown>\nE       #21 0x7f55f6d2fb43 <unknown>\n\n/opt/hostedtoolcache/Python/3.11.4/x64/lib/python3.11/site-packages/selenium/webdriver/remote/errorhandler.py:245: StaleElementReferenceException","steps":[{"name":"Open a browser","time":{"start":1689297137169,"stop":1689297138205,"duration":1036},"status":"passed","steps":[],"attachments":[],"parameters":[],"stepsCount":0,"attachmentsCount":0,"shouldDisplayMessage":false,"hasContent":false},{"name":"Get element text","time":{"start":1689297138206,"stop":1689297138382,"duration":176},"status":"broken","statusMessage":"selenium.common.exceptions.StaleElementReferenceException: Message: stale element reference: stale element not found\n  (Session info: chrome=114.0.5735.198)\nStacktrace:\n#0 0x56039e0f04e3 <unknown>\n#1 0x56039de1fc76 <unknown>\n#2 0x56039de2453c <unknown>\n#3 0x56039de2597e <unknown>\n#4 0x56039de25a4c <unknown>\n#5 0x56039de56922 <unknown>\n#6 0x56039de7b012 <unknown>\n#7 0x56039de51b03 <unknown>\n#8 0x56039de7b1de <unknown>\n#9 0x56039de9330e <unknown>\n#10 0x56039de7ade3 <unknown>\n#11 0x56039de502dd <unknown>\n#12 0x56039de5134e <unknown>\n#13 0x56039e0b03e4 <unknown>\n#14 0x56039e0b43d7 <unknown>\n#15 0x56039e0beb20 <unknown>\n#16 0x56039e0b5023 <unknown>\n#17 0x56039e0831aa <unknown>\n#18 0x56039e0d96b8 <unknown>\n#19 0x56039e0d9847 <unknown>\n#20 0x56039e0e9243 <unknown>\n#21 0x7f55f6d2fb43 <unknown>\n\n","statusTrace":"  File \"/opt/hostedtoolcache/Python/3.11.4/x64/lib/python3.11/site-packages/allure_commons/_allure.py\", line 192, in impl\n    return func(*a, **kw)\n           ^^^^^^^^^^^^^^\n  File \"/home/runner/work/luma_project/luma_project/pages/base_page.py\", line 145, in get_text\n    return text.text\n           ^^^^^^^^^\n  File \"/opt/hostedtoolcache/Python/3.11.4/x64/lib/python3.11/site-packages/selenium/webdriver/remote/webelement.py\", line 90, in text\n    return self._execute(Command.GET_ELEMENT_TEXT)[\"value\"]\n           ^^^^^^^^^^^^^^^^^^^^^^^^^^^^^^^^^^^^^^^\n  File \"/opt/hostedtoolcache/Python/3.11.4/x64/lib/python3.11/site-packages/selenium/webdriver/remote/webelement.py\", line 403, in _execute\n    return self._parent.execute(command, params)\n           ^^^^^^^^^^^^^^^^^^^^^^^^^^^^^^^^^^^^^\n  File \"/opt/hostedtoolcache/Python/3.11.4/x64/lib/python3.11/site-packages/selenium/webdriver/remote/webdriver.py\", line 440, in execute\n    self.error_handler.check_response(response)\n  File \"/opt/hostedtoolcache/Python/3.11.4/x64/lib/python3.11/site-packages/selenium/webdriver/remote/errorhandler.py\", line 245, in check_response\n    raise exception_class(message, screen, stacktrace)\n","steps":[{"name":"Find a visible element","time":{"start":1689297138206,"stop":1689297138304,"duration":98},"status":"passed","steps":[{"name":"Find a present element","time":{"start":1689297138206,"stop":1689297138225,"duration":19},"status":"passed","steps":[],"attachments":[],"parameters":[{"name":"locator","value":"('css selector', \"li[class='product-item']:nth-child(2) span[class='price']\")"},{"name":"timeout","value":"5"}],"stepsCount":0,"attachmentsCount":0,"shouldDisplayMessage":false,"hasContent":true},{"name":"Go to specified element","time":{"start":1689297138225,"stop":1689297138238,"duration":13},"status":"passed","steps":[],"attachments":[],"parameters":[{"name":"element","value":"<selenium.webdriver.remote.webelement.WebElement (session=\"51af0d47466c3a11ecf01a881aa813a0\", element=\"94DE8D4991C664C0342ACEC2AC0D2A80_element_28\")>"}],"stepsCount":0,"attachmentsCount":0,"shouldDisplayMessage":false,"hasContent":true}],"attachments":[],"parameters":[{"name":"locator","value":"('css selector', \"li[class='product-item']:nth-child(2) span[class='price']\")"},{"name":"timeout","value":"10"}],"stepsCount":2,"attachmentsCount":0,"shouldDisplayMessage":false,"hasContent":true}],"attachments":[],"parameters":[{"name":"locator","value":"('css selector', \"li[class='product-item']:nth-child(2) span[class='price']\")"}],"stepsCount":3,"attachmentsCount":0,"shouldDisplayMessage":true,"hasContent":true}],"attachments":[{"uid":"e6d5f0cd308e1968","name":"Screenshot","source":"e6d5f0cd308e1968.png","type":"image/png","size":160993},{"uid":"868a7a918f333bd3","name":"HTML source","source":"868a7a918f333bd3.html","type":"text/html","size":116464}],"parameters":[],"stepsCount":5,"attachmentsCount":2,"shouldDisplayMessage":true,"hasContent":true},"afterStages":[{"name":"driver::0","time":{"start":1689297138722,"stop":1689297139784,"duration":1062},"status":"passed","steps":[],"attachments":[],"parameters":[],"stepsCount":0,"attachmentsCount":0,"shouldDisplayMessage":false,"hasContent":false},{"name":"clear_allure_result_folder::0","time":{"start":1689297904720,"stop":1689297904720,"duration":0},"status":"passed","steps":[],"attachments":[],"parameters":[],"stepsCount":0,"attachmentsCount":0,"shouldDisplayMessage":false,"hasContent":false}],"labels":[{"name":"feature","value":"Testing Hot Seller Section"},{"name":"epic","value":"Main Page"},{"name":"tag","value":"@pytest.mark.xfail(reason='In CI the test failed in PR#203')"},{"name":"parentSuite","value":"tests"},{"name":"suite","value":"test_main_page"},{"name":"subSuite","value":"TestMainPage"},{"name":"host","value":"fv-az396-103"},{"name":"thread","value":"3390-MainThread"},{"name":"framework","value":"pytest"},{"name":"language","value":"cpython3"},{"name":"package","value":"tests.test_main_page"},{"name":"resultFormat","value":"allure2"}],"parameters":[],"links":[],"hidden":false,"retry":false,"extra":{"severity":"normal","retries":[],"categories":[],"history":{"statistic":{"failed":0,"broken":0,"skipped":1,"passed":5,"unknown":0,"total":6},"items":[{"uid":"cf0166382fc75583","reportUrl":"https://DionisIno.github.io/luma_project/49//#testresult/cf0166382fc75583","status":"passed","statusDetails":"XPASS In CI the test failed in PR#203","time":{"start":1689210598874,"stop":1689210600011,"duration":1137}},{"uid":"e19800fda340e55","reportUrl":"https://DionisIno.github.io/luma_project/48//#testresult/e19800fda340e55","status":"passed","statusDetails":"XPASS In CI the test failed in PR#203","time":{"start":1689124169452,"stop":1689124170955,"duration":1503}},{"uid":"5a4251a0afdb0b27","reportUrl":"https://DionisIno.github.io/luma_project/47//#testresult/5a4251a0afdb0b27","status":"passed","statusDetails":"XPASS In CI the test failed in PR#203","time":{"start":1689037329156,"stop":1689037330188,"duration":1032}},{"uid":"d9eba1efc75382a2","reportUrl":"https://DionisIno.github.io/luma_project/46//#testresult/d9eba1efc75382a2","status":"passed","statusDetails":"XPASS In CI the test failed in PR#203","time":{"start":1688951266226,"stop":1688951267306,"duration":1080}},{"uid":"b1953f895f2fdcc6","reportUrl":"https://DionisIno.github.io/luma_project/45//#testresult/b1953f895f2fdcc6","status":"passed","statusDetails":"XPASS In CI the test failed in PR#203","time":{"start":1688865304298,"stop":1688865305734,"duration":1436}}]},"tags":["@pytest.mark.xfail(reason='In CI the test failed in PR#203')"]},"source":"86390413af6f6b68.json","parameterValues":[]}