{"uid":"6d05e632f9d7e3d9","name":"tc 07.02.25 Verify the message coupon code is not valid is displayed correct","fullName":"tests.test_shopping_cart.TestShoppingCartFull#test_tc_07_02_25_verify_msg_coupon_code_is_not_valid_is_displayed","historyId":"492343fa43b6d6d286e390bbb49df7ba","time":{"start":1693616456340,"stop":1693616460751,"duration":4411},"description":"Check that message coupon code is not valid is displayed correct","descriptionHtml":"<p>Check that message coupon code is not valid is displayed correct</p>\n","status":"broken","statusMessage":"selenium.common.exceptions.StaleElementReferenceException: Message: stale element reference: stale element not found\n  (Session info: chrome=116.0.5845.96); For documentation on this error, please visit: https://www.selenium.dev/documentation/webdriver/troubleshooting/errors#stale-element-reference-exception\nStacktrace:\n#0 0x558f67fa4e23 <unknown>\n#1 0x558f67ccd7a7 <unknown>\n#2 0x558f67cd1d1e <unknown>\n#3 0x558f67cd3859 <unknown>\n#4 0x558f67d45e4f <unknown>\n#5 0x558f67d2d012 <unknown>\n#6 0x558f67d45369 <unknown>\n#7 0x558f67d2cde3 <unknown>\n#8 0x558f67d00a7b <unknown>\n#9 0x558f67d0181e <unknown>\n#10 0x558f67f66638 <unknown>\n#11 0x558f67f6a507 <unknown>\n#12 0x558f67f74c4c <unknown>\n#13 0x558f67f6b136 <unknown>\n#14 0x558f67f399cf <unknown>\n#15 0x558f67f8eb98 <unknown>\n#16 0x558f67f8ed68 <unknown>\n#17 0x558f67f9dcb3 <unknown>\n#18 0x7fa309722b43 <unknown>","statusTrace":"self = <test_shopping_cart.TestShoppingCartFull object at 0x7fbc7564e6d0>\ndriver = <selenium.webdriver.chrome.webdriver.WebDriver (session=\"73241d9d5ee013ea6cc260e7cb182f98\")>\nfull_cart_page = None\n\n    @allure.title(\"tc 07.02.25 Verify the message coupon code is not valid is displayed correct\")\n    def test_tc_07_02_25_verify_msg_coupon_code_is_not_valid_is_displayed(self, driver, full_cart_page):\n        \"\"\"Check that message coupon code is not valid is displayed correct\"\"\"\n        page = ShoppingCartPage(driver, SHOPPING_CART_PAGE)\n        page.open()\n        page.click_apply_discount_code()\n        page.send_discount_code(page.code)\n        page.click_btn_apply_discount()\n>       msg = page.get_msg_discount_code_is_not_valid()\n\ntests/test_shopping_cart.py:166: \n_ _ _ _ _ _ _ _ _ _ _ _ _ _ _ _ _ _ _ _ _ _ _ _ _ _ _ _ _ _ _ _ _ _ _ _ _ _ _ _ \npages/shopping_cart_page.py:219: in get_msg_discount_code_is_not_valid\n    msg = self.element_is_visible(self.shopping_locators.MSG_CODE_IS_NOT_VALID).text\npages/base_page.py:29: in element_is_visible\n    self.go_to_element(self.element_is_present(locator))\npages/base_page.py:87: in go_to_element\n    self.driver.execute_script(\"arguments[0].scrollIntoView();\", element)\n/opt/hostedtoolcache/Python/3.11.4/x64/lib/python3.11/site-packages/selenium/webdriver/remote/webdriver.py:406: in execute_script\n    return self.execute(command, {\"script\": script, \"args\": converted_args})[\"value\"]\n/opt/hostedtoolcache/Python/3.11.4/x64/lib/python3.11/site-packages/selenium/webdriver/remote/webdriver.py:346: in execute\n    self.error_handler.check_response(response)\n_ _ _ _ _ _ _ _ _ _ _ _ _ _ _ _ _ _ _ _ _ _ _ _ _ _ _ _ _ _ _ _ _ _ _ _ _ _ _ _ \n\nself = <selenium.webdriver.remote.errorhandler.ErrorHandler object at 0x7fbc75439d10>\nresponse = {'status': 404, 'value': '{\"value\":{\"error\":\"stale element reference\",\"message\":\"stale element reference: stale elemen...\\\\n#16 0x558f67f8ed68 \\\\u003Cunknown>\\\\n#17 0x558f67f9dcb3 \\\\u003Cunknown>\\\\n#18 0x7fa309722b43 \\\\u003Cunknown>\\\\n\"}}'}\n\n    def check_response(self, response: Dict[str, Any]) -> None:\n        \"\"\"Checks that a JSON response from the WebDriver does not have an\n        error.\n    \n        :Args:\n         - response - The JSON response from the WebDriver server as a dictionary\n           object.\n    \n        :Raises: If the response contains an error message.\n        \"\"\"\n        status = response.get(\"status\", None)\n        if not status or status == ErrorCode.SUCCESS:\n            return\n        value = None\n        message = response.get(\"message\", \"\")\n        screen: str = response.get(\"screen\", \"\")\n        stacktrace = None\n        if isinstance(status, int):\n            value_json = response.get(\"value\", None)\n            if value_json and isinstance(value_json, str):\n                import json\n    \n                try:\n                    value = json.loads(value_json)\n                    if len(value) == 1:\n                        value = value[\"value\"]\n                    status = value.get(\"error\", None)\n                    if not status:\n                        status = value.get(\"status\", ErrorCode.UNKNOWN_ERROR)\n                        message = value.get(\"value\") or value.get(\"message\")\n                        if not isinstance(message, str):\n                            value = message\n                            message = message.get(\"message\")\n                    else:\n                        message = value.get(\"message\", None)\n                except ValueError:\n                    pass\n    \n        exception_class: Type[WebDriverException]\n        if status in ErrorCode.NO_SUCH_ELEMENT:\n            exception_class = NoSuchElementException\n        elif status in ErrorCode.NO_SUCH_FRAME:\n            exception_class = NoSuchFrameException\n        elif status in ErrorCode.NO_SUCH_SHADOW_ROOT:\n            exception_class = NoSuchShadowRootException\n        elif status in ErrorCode.NO_SUCH_WINDOW:\n            exception_class = NoSuchWindowException\n        elif status in ErrorCode.STALE_ELEMENT_REFERENCE:\n            exception_class = StaleElementReferenceException\n        elif status in ErrorCode.ELEMENT_NOT_VISIBLE:\n            exception_class = ElementNotVisibleException\n        elif status in ErrorCode.INVALID_ELEMENT_STATE:\n            exception_class = InvalidElementStateException\n        elif (\n            status in ErrorCode.INVALID_SELECTOR\n            or status in ErrorCode.INVALID_XPATH_SELECTOR\n            or status in ErrorCode.INVALID_XPATH_SELECTOR_RETURN_TYPER\n        ):\n            exception_class = InvalidSelectorException\n        elif status in ErrorCode.ELEMENT_IS_NOT_SELECTABLE:\n            exception_class = ElementNotSelectableException\n        elif status in ErrorCode.ELEMENT_NOT_INTERACTABLE:\n            exception_class = ElementNotInteractableException\n        elif status in ErrorCode.INVALID_COOKIE_DOMAIN:\n            exception_class = InvalidCookieDomainException\n        elif status in ErrorCode.UNABLE_TO_SET_COOKIE:\n            exception_class = UnableToSetCookieException\n        elif status in ErrorCode.TIMEOUT:\n            exception_class = TimeoutException\n        elif status in ErrorCode.SCRIPT_TIMEOUT:\n            exception_class = TimeoutException\n        elif status in ErrorCode.UNKNOWN_ERROR:\n            exception_class = WebDriverException\n        elif status in ErrorCode.UNEXPECTED_ALERT_OPEN:\n            exception_class = UnexpectedAlertPresentException\n        elif status in ErrorCode.NO_ALERT_OPEN:\n            exception_class = NoAlertPresentException\n        elif status in ErrorCode.IME_NOT_AVAILABLE:\n            exception_class = ImeNotAvailableException\n        elif status in ErrorCode.IME_ENGINE_ACTIVATION_FAILED:\n            exception_class = ImeActivationFailedException\n        elif status in ErrorCode.MOVE_TARGET_OUT_OF_BOUNDS:\n            exception_class = MoveTargetOutOfBoundsException\n        elif status in ErrorCode.JAVASCRIPT_ERROR:\n            exception_class = JavascriptException\n        elif status in ErrorCode.SESSION_NOT_CREATED:\n            exception_class = SessionNotCreatedException\n        elif status in ErrorCode.INVALID_ARGUMENT:\n            exception_class = InvalidArgumentException\n        elif status in ErrorCode.NO_SUCH_COOKIE:\n            exception_class = NoSuchCookieException\n        elif status in ErrorCode.UNABLE_TO_CAPTURE_SCREEN:\n            exception_class = ScreenshotException\n        elif status in ErrorCode.ELEMENT_CLICK_INTERCEPTED:\n            exception_class = ElementClickInterceptedException\n        elif status in ErrorCode.INSECURE_CERTIFICATE:\n            exception_class = InsecureCertificateException\n        elif status in ErrorCode.INVALID_COORDINATES:\n            exception_class = InvalidCoordinatesException\n        elif status in ErrorCode.INVALID_SESSION_ID:\n            exception_class = InvalidSessionIdException\n        elif status in ErrorCode.UNKNOWN_METHOD:\n            exception_class = UnknownMethodException\n        else:\n            exception_class = WebDriverException\n        if not value:\n            value = response[\"value\"]\n        if isinstance(value, str):\n            raise exception_class(value)\n        if message == \"\" and \"message\" in value:\n            message = value[\"message\"]\n    \n        screen = None  # type: ignore[assignment]\n        if \"screen\" in value:\n            screen = value[\"screen\"]\n    \n        stacktrace = None\n        st_value = value.get(\"stackTrace\") or value.get(\"stacktrace\")\n        if st_value:\n            if isinstance(st_value, str):\n                stacktrace = st_value.split(\"\\n\")\n            else:\n                stacktrace = []\n                try:\n                    for frame in st_value:\n                        line = frame.get(\"lineNumber\", \"\")\n                        file = frame.get(\"fileName\", \"<anonymous>\")\n                        if line:\n                            file = f\"{file}:{line}\"\n                        meth = frame.get(\"methodName\", \"<anonymous>\")\n                        if \"className\" in frame:\n                            meth = f\"{frame['className']}.{meth}\"\n                        msg = \"    at %s (%s)\"\n                        msg = msg % (meth, file)\n                        stacktrace.append(msg)\n                except TypeError:\n                    pass\n        if exception_class == UnexpectedAlertPresentException:\n            alert_text = None\n            if \"data\" in value:\n                alert_text = value[\"data\"].get(\"text\")\n            elif \"alert\" in value:\n                alert_text = value[\"alert\"].get(\"text\")\n            raise exception_class(message, screen, stacktrace, alert_text)  # type: ignore[call-arg]  # mypy is not smart enough here\n>       raise exception_class(message, screen, stacktrace)\nE       selenium.common.exceptions.StaleElementReferenceException: Message: stale element reference: stale element not found\nE         (Session info: chrome=116.0.5845.96); For documentation on this error, please visit: https://www.selenium.dev/documentation/webdriver/troubleshooting/errors#stale-element-reference-exception\nE       Stacktrace:\nE       #0 0x558f67fa4e23 <unknown>\nE       #1 0x558f67ccd7a7 <unknown>\nE       #2 0x558f67cd1d1e <unknown>\nE       #3 0x558f67cd3859 <unknown>\nE       #4 0x558f67d45e4f <unknown>\nE       #5 0x558f67d2d012 <unknown>\nE       #6 0x558f67d45369 <unknown>\nE       #7 0x558f67d2cde3 <unknown>\nE       #8 0x558f67d00a7b <unknown>\nE       #9 0x558f67d0181e <unknown>\nE       #10 0x558f67f66638 <unknown>\nE       #11 0x558f67f6a507 <unknown>\nE       #12 0x558f67f74c4c <unknown>\nE       #13 0x558f67f6b136 <unknown>\nE       #14 0x558f67f399cf <unknown>\nE       #15 0x558f67f8eb98 <unknown>\nE       #16 0x558f67f8ed68 <unknown>\nE       #17 0x558f67f9dcb3 <unknown>\nE       #18 0x7fa309722b43 <unknown>\n\n/opt/hostedtoolcache/Python/3.11.4/x64/lib/python3.11/site-packages/selenium/webdriver/remote/errorhandler.py:245: StaleElementReferenceException","flaky":false,"newFailed":false,"newBroken":false,"newPassed":false,"retriesCount":0,"retriesStatusChange":false,"beforeStages":[{"name":"_session_faker","time":{"start":1693615008841,"stop":1693615008955,"duration":114},"status":"passed","steps":[],"attachments":[],"parameters":[],"attachmentsCount":0,"hasContent":false,"shouldDisplayMessage":false,"stepsCount":0},{"name":"clear_allure_result_folder","time":{"start":1693615008955,"stop":1693615008955,"duration":0},"status":"passed","steps":[],"attachments":[],"parameters":[],"attachmentsCount":0,"hasContent":false,"shouldDisplayMessage":false,"stepsCount":0},{"name":"driver","time":{"start":1693616450269,"stop":1693616451385,"duration":1116},"status":"passed","steps":[],"attachments":[],"parameters":[],"attachmentsCount":0,"hasContent":false,"shouldDisplayMessage":false,"stepsCount":0},{"name":"full_cart_page","time":{"start":1693616451386,"stop":1693616456339,"duration":4953},"status":"passed","steps":[],"attachments":[],"parameters":[],"attachmentsCount":0,"hasContent":false,"shouldDisplayMessage":false,"stepsCount":0}],"testStage":{"description":"Check that message coupon code is not valid is displayed correct","status":"broken","statusMessage":"selenium.common.exceptions.StaleElementReferenceException: Message: stale element reference: stale element not found\n  (Session info: chrome=116.0.5845.96); For documentation on this error, please visit: https://www.selenium.dev/documentation/webdriver/troubleshooting/errors#stale-element-reference-exception\nStacktrace:\n#0 0x558f67fa4e23 <unknown>\n#1 0x558f67ccd7a7 <unknown>\n#2 0x558f67cd1d1e <unknown>\n#3 0x558f67cd3859 <unknown>\n#4 0x558f67d45e4f <unknown>\n#5 0x558f67d2d012 <unknown>\n#6 0x558f67d45369 <unknown>\n#7 0x558f67d2cde3 <unknown>\n#8 0x558f67d00a7b <unknown>\n#9 0x558f67d0181e <unknown>\n#10 0x558f67f66638 <unknown>\n#11 0x558f67f6a507 <unknown>\n#12 0x558f67f74c4c <unknown>\n#13 0x558f67f6b136 <unknown>\n#14 0x558f67f399cf <unknown>\n#15 0x558f67f8eb98 <unknown>\n#16 0x558f67f8ed68 <unknown>\n#17 0x558f67f9dcb3 <unknown>\n#18 0x7fa309722b43 <unknown>","statusTrace":"self = <test_shopping_cart.TestShoppingCartFull object at 0x7fbc7564e6d0>\ndriver = <selenium.webdriver.chrome.webdriver.WebDriver (session=\"73241d9d5ee013ea6cc260e7cb182f98\")>\nfull_cart_page = None\n\n    @allure.title(\"tc 07.02.25 Verify the message coupon code is not valid is displayed correct\")\n    def test_tc_07_02_25_verify_msg_coupon_code_is_not_valid_is_displayed(self, driver, full_cart_page):\n        \"\"\"Check that message coupon code is not valid is displayed correct\"\"\"\n        page = ShoppingCartPage(driver, SHOPPING_CART_PAGE)\n        page.open()\n        page.click_apply_discount_code()\n        page.send_discount_code(page.code)\n        page.click_btn_apply_discount()\n>       msg = page.get_msg_discount_code_is_not_valid()\n\ntests/test_shopping_cart.py:166: \n_ _ _ _ _ _ _ _ _ _ _ _ _ _ _ _ _ _ _ _ _ _ _ _ _ _ _ _ _ _ _ _ _ _ _ _ _ _ _ _ \npages/shopping_cart_page.py:219: in get_msg_discount_code_is_not_valid\n    msg = self.element_is_visible(self.shopping_locators.MSG_CODE_IS_NOT_VALID).text\npages/base_page.py:29: in element_is_visible\n    self.go_to_element(self.element_is_present(locator))\npages/base_page.py:87: in go_to_element\n    self.driver.execute_script(\"arguments[0].scrollIntoView();\", element)\n/opt/hostedtoolcache/Python/3.11.4/x64/lib/python3.11/site-packages/selenium/webdriver/remote/webdriver.py:406: in execute_script\n    return self.execute(command, {\"script\": script, \"args\": converted_args})[\"value\"]\n/opt/hostedtoolcache/Python/3.11.4/x64/lib/python3.11/site-packages/selenium/webdriver/remote/webdriver.py:346: in execute\n    self.error_handler.check_response(response)\n_ _ _ _ _ _ _ _ _ _ _ _ _ _ _ _ _ _ _ _ _ _ _ _ _ _ _ _ _ _ _ _ _ _ _ _ _ _ _ _ \n\nself = <selenium.webdriver.remote.errorhandler.ErrorHandler object at 0x7fbc75439d10>\nresponse = {'status': 404, 'value': '{\"value\":{\"error\":\"stale element reference\",\"message\":\"stale element reference: stale elemen...\\\\n#16 0x558f67f8ed68 \\\\u003Cunknown>\\\\n#17 0x558f67f9dcb3 \\\\u003Cunknown>\\\\n#18 0x7fa309722b43 \\\\u003Cunknown>\\\\n\"}}'}\n\n    def check_response(self, response: Dict[str, Any]) -> None:\n        \"\"\"Checks that a JSON response from the WebDriver does not have an\n        error.\n    \n        :Args:\n         - response - The JSON response from the WebDriver server as a dictionary\n           object.\n    \n        :Raises: If the response contains an error message.\n        \"\"\"\n        status = response.get(\"status\", None)\n        if not status or status == ErrorCode.SUCCESS:\n            return\n        value = None\n        message = response.get(\"message\", \"\")\n        screen: str = response.get(\"screen\", \"\")\n        stacktrace = None\n        if isinstance(status, int):\n            value_json = response.get(\"value\", None)\n            if value_json and isinstance(value_json, str):\n                import json\n    \n                try:\n                    value = json.loads(value_json)\n                    if len(value) == 1:\n                        value = value[\"value\"]\n                    status = value.get(\"error\", None)\n                    if not status:\n                        status = value.get(\"status\", ErrorCode.UNKNOWN_ERROR)\n                        message = value.get(\"value\") or value.get(\"message\")\n                        if not isinstance(message, str):\n                            value = message\n                            message = message.get(\"message\")\n                    else:\n                        message = value.get(\"message\", None)\n                except ValueError:\n                    pass\n    \n        exception_class: Type[WebDriverException]\n        if status in ErrorCode.NO_SUCH_ELEMENT:\n            exception_class = NoSuchElementException\n        elif status in ErrorCode.NO_SUCH_FRAME:\n            exception_class = NoSuchFrameException\n        elif status in ErrorCode.NO_SUCH_SHADOW_ROOT:\n            exception_class = NoSuchShadowRootException\n        elif status in ErrorCode.NO_SUCH_WINDOW:\n            exception_class = NoSuchWindowException\n        elif status in ErrorCode.STALE_ELEMENT_REFERENCE:\n            exception_class = StaleElementReferenceException\n        elif status in ErrorCode.ELEMENT_NOT_VISIBLE:\n            exception_class = ElementNotVisibleException\n        elif status in ErrorCode.INVALID_ELEMENT_STATE:\n            exception_class = InvalidElementStateException\n        elif (\n            status in ErrorCode.INVALID_SELECTOR\n            or status in ErrorCode.INVALID_XPATH_SELECTOR\n            or status in ErrorCode.INVALID_XPATH_SELECTOR_RETURN_TYPER\n        ):\n            exception_class = InvalidSelectorException\n        elif status in ErrorCode.ELEMENT_IS_NOT_SELECTABLE:\n            exception_class = ElementNotSelectableException\n        elif status in ErrorCode.ELEMENT_NOT_INTERACTABLE:\n            exception_class = ElementNotInteractableException\n        elif status in ErrorCode.INVALID_COOKIE_DOMAIN:\n            exception_class = InvalidCookieDomainException\n        elif status in ErrorCode.UNABLE_TO_SET_COOKIE:\n            exception_class = UnableToSetCookieException\n        elif status in ErrorCode.TIMEOUT:\n            exception_class = TimeoutException\n        elif status in ErrorCode.SCRIPT_TIMEOUT:\n            exception_class = TimeoutException\n        elif status in ErrorCode.UNKNOWN_ERROR:\n            exception_class = WebDriverException\n        elif status in ErrorCode.UNEXPECTED_ALERT_OPEN:\n            exception_class = UnexpectedAlertPresentException\n        elif status in ErrorCode.NO_ALERT_OPEN:\n            exception_class = NoAlertPresentException\n        elif status in ErrorCode.IME_NOT_AVAILABLE:\n            exception_class = ImeNotAvailableException\n        elif status in ErrorCode.IME_ENGINE_ACTIVATION_FAILED:\n            exception_class = ImeActivationFailedException\n        elif status in ErrorCode.MOVE_TARGET_OUT_OF_BOUNDS:\n            exception_class = MoveTargetOutOfBoundsException\n        elif status in ErrorCode.JAVASCRIPT_ERROR:\n            exception_class = JavascriptException\n        elif status in ErrorCode.SESSION_NOT_CREATED:\n            exception_class = SessionNotCreatedException\n        elif status in ErrorCode.INVALID_ARGUMENT:\n            exception_class = InvalidArgumentException\n        elif status in ErrorCode.NO_SUCH_COOKIE:\n            exception_class = NoSuchCookieException\n        elif status in ErrorCode.UNABLE_TO_CAPTURE_SCREEN:\n            exception_class = ScreenshotException\n        elif status in ErrorCode.ELEMENT_CLICK_INTERCEPTED:\n            exception_class = ElementClickInterceptedException\n        elif status in ErrorCode.INSECURE_CERTIFICATE:\n            exception_class = InsecureCertificateException\n        elif status in ErrorCode.INVALID_COORDINATES:\n            exception_class = InvalidCoordinatesException\n        elif status in ErrorCode.INVALID_SESSION_ID:\n            exception_class = InvalidSessionIdException\n        elif status in ErrorCode.UNKNOWN_METHOD:\n            exception_class = UnknownMethodException\n        else:\n            exception_class = WebDriverException\n        if not value:\n            value = response[\"value\"]\n        if isinstance(value, str):\n            raise exception_class(value)\n        if message == \"\" and \"message\" in value:\n            message = value[\"message\"]\n    \n        screen = None  # type: ignore[assignment]\n        if \"screen\" in value:\n            screen = value[\"screen\"]\n    \n        stacktrace = None\n        st_value = value.get(\"stackTrace\") or value.get(\"stacktrace\")\n        if st_value:\n            if isinstance(st_value, str):\n                stacktrace = st_value.split(\"\\n\")\n            else:\n                stacktrace = []\n                try:\n                    for frame in st_value:\n                        line = frame.get(\"lineNumber\", \"\")\n                        file = frame.get(\"fileName\", \"<anonymous>\")\n                        if line:\n                            file = f\"{file}:{line}\"\n                        meth = frame.get(\"methodName\", \"<anonymous>\")\n                        if \"className\" in frame:\n                            meth = f\"{frame['className']}.{meth}\"\n                        msg = \"    at %s (%s)\"\n                        msg = msg % (meth, file)\n                        stacktrace.append(msg)\n                except TypeError:\n                    pass\n        if exception_class == UnexpectedAlertPresentException:\n            alert_text = None\n            if \"data\" in value:\n                alert_text = value[\"data\"].get(\"text\")\n            elif \"alert\" in value:\n                alert_text = value[\"alert\"].get(\"text\")\n            raise exception_class(message, screen, stacktrace, alert_text)  # type: ignore[call-arg]  # mypy is not smart enough here\n>       raise exception_class(message, screen, stacktrace)\nE       selenium.common.exceptions.StaleElementReferenceException: Message: stale element reference: stale element not found\nE         (Session info: chrome=116.0.5845.96); For documentation on this error, please visit: https://www.selenium.dev/documentation/webdriver/troubleshooting/errors#stale-element-reference-exception\nE       Stacktrace:\nE       #0 0x558f67fa4e23 <unknown>\nE       #1 0x558f67ccd7a7 <unknown>\nE       #2 0x558f67cd1d1e <unknown>\nE       #3 0x558f67cd3859 <unknown>\nE       #4 0x558f67d45e4f <unknown>\nE       #5 0x558f67d2d012 <unknown>\nE       #6 0x558f67d45369 <unknown>\nE       #7 0x558f67d2cde3 <unknown>\nE       #8 0x558f67d00a7b <unknown>\nE       #9 0x558f67d0181e <unknown>\nE       #10 0x558f67f66638 <unknown>\nE       #11 0x558f67f6a507 <unknown>\nE       #12 0x558f67f74c4c <unknown>\nE       #13 0x558f67f6b136 <unknown>\nE       #14 0x558f67f399cf <unknown>\nE       #15 0x558f67f8eb98 <unknown>\nE       #16 0x558f67f8ed68 <unknown>\nE       #17 0x558f67f9dcb3 <unknown>\nE       #18 0x7fa309722b43 <unknown>\n\n/opt/hostedtoolcache/Python/3.11.4/x64/lib/python3.11/site-packages/selenium/webdriver/remote/errorhandler.py:245: StaleElementReferenceException","steps":[{"name":"Open a browser","time":{"start":1693616456340,"stop":1693616457701,"duration":1361},"status":"passed","steps":[],"attachments":[],"parameters":[],"attachmentsCount":0,"hasContent":false,"shouldDisplayMessage":false,"stepsCount":0},{"name":"Apply Discount Code on click","time":{"start":1693616457701,"stop":1693616458225,"duration":524},"status":"passed","steps":[{"name":"Find clickable elements","time":{"start":1693616457702,"stop":1693616457937,"duration":235},"status":"passed","steps":[],"attachments":[],"parameters":[{"name":"locator","value":"('css selector', '#block-discount-heading')"},{"name":"timeout","value":"5"}],"attachmentsCount":0,"hasContent":true,"shouldDisplayMessage":false,"stepsCount":0}],"attachments":[],"parameters":[],"attachmentsCount":0,"hasContent":true,"shouldDisplayMessage":false,"stepsCount":1},{"name":"Send discount code","time":{"start":1693616458225,"stop":1693616458509,"duration":284},"status":"passed","steps":[{"name":"Fill in a field","time":{"start":1693616458225,"stop":1693616458509,"duration":284},"status":"passed","steps":[{"name":"Find clickable elements","time":{"start":1693616458225,"stop":1693616458384,"duration":159},"status":"passed","steps":[],"attachments":[],"parameters":[{"name":"locator","value":"('css selector', '#coupon_code')"},{"name":"timeout","value":"5"}],"attachmentsCount":0,"hasContent":true,"shouldDisplayMessage":false,"stepsCount":0}],"attachments":[],"parameters":[{"name":"locator","value":"('css selector', '#coupon_code')"},{"name":"value","value":"'gkkfzqed'"}],"attachmentsCount":0,"hasContent":true,"shouldDisplayMessage":false,"stepsCount":1}],"attachments":[],"parameters":[{"name":"code","value":"'gkkfzqed'"}],"attachmentsCount":0,"hasContent":true,"shouldDisplayMessage":false,"stepsCount":2},{"name":"Click button Apply Discount","time":{"start":1693616458509,"stop":1693616460473,"duration":1964},"status":"passed","steps":[{"name":"Find clickable elements","time":{"start":1693616458509,"stop":1693616458541,"duration":32},"status":"passed","steps":[],"attachments":[],"parameters":[{"name":"locator","value":"('css selector', '#discount-coupon-form > div > div.actions-toolbar > div > button')"},{"name":"timeout","value":"5"}],"attachmentsCount":0,"hasContent":true,"shouldDisplayMessage":false,"stepsCount":0}],"attachments":[],"parameters":[],"attachmentsCount":0,"hasContent":true,"shouldDisplayMessage":false,"stepsCount":1},{"name":"Get message discount code is not valid by page","time":{"start":1693616460473,"stop":1693616460750,"duration":277},"status":"broken","statusMessage":"selenium.common.exceptions.StaleElementReferenceException: Message: stale element reference: stale element not found\n  (Session info: chrome=116.0.5845.96); For documentation on this error, please visit: https://www.selenium.dev/documentation/webdriver/troubleshooting/errors#stale-element-reference-exception\nStacktrace:\n#0 0x558f67fa4e23 <unknown>\n#1 0x558f67ccd7a7 <unknown>\n#2 0x558f67cd1d1e <unknown>\n#3 0x558f67cd3859 <unknown>\n#4 0x558f67d45e4f <unknown>\n#5 0x558f67d2d012 <unknown>\n#6 0x558f67d45369 <unknown>\n#7 0x558f67d2cde3 <unknown>\n#8 0x558f67d00a7b <unknown>\n#9 0x558f67d0181e <unknown>\n#10 0x558f67f66638 <unknown>\n#11 0x558f67f6a507 <unknown>\n#12 0x558f67f74c4c <unknown>\n#13 0x558f67f6b136 <unknown>\n#14 0x558f67f399cf <unknown>\n#15 0x558f67f8eb98 <unknown>\n#16 0x558f67f8ed68 <unknown>\n#17 0x558f67f9dcb3 <unknown>\n#18 0x7fa309722b43 <unknown>\n\n","statusTrace":"  File \"/opt/hostedtoolcache/Python/3.11.4/x64/lib/python3.11/site-packages/allure_commons/_allure.py\", line 192, in impl\n    return func(*a, **kw)\n           ^^^^^^^^^^^^^^\n  File \"/home/runner/work/luma_project/luma_project/pages/shopping_cart_page.py\", line 219, in get_msg_discount_code_is_not_valid\n    msg = self.element_is_visible(self.shopping_locators.MSG_CODE_IS_NOT_VALID).text\n          ^^^^^^^^^^^^^^^^^^^^^^^^^^^^^^^^^^^^^^^^^^^^^^^^^^^^^^^^^^^^^^^^^^^^^\n  File \"/opt/hostedtoolcache/Python/3.11.4/x64/lib/python3.11/site-packages/allure_commons/_allure.py\", line 192, in impl\n    return func(*a, **kw)\n           ^^^^^^^^^^^^^^\n  File \"/home/runner/work/luma_project/luma_project/pages/base_page.py\", line 29, in element_is_visible\n    self.go_to_element(self.element_is_present(locator))\n  File \"/opt/hostedtoolcache/Python/3.11.4/x64/lib/python3.11/site-packages/allure_commons/_allure.py\", line 192, in impl\n    return func(*a, **kw)\n           ^^^^^^^^^^^^^^\n  File \"/home/runner/work/luma_project/luma_project/pages/base_page.py\", line 87, in go_to_element\n    self.driver.execute_script(\"arguments[0].scrollIntoView();\", element)\n  File \"/opt/hostedtoolcache/Python/3.11.4/x64/lib/python3.11/site-packages/selenium/webdriver/remote/webdriver.py\", line 406, in execute_script\n    return self.execute(command, {\"script\": script, \"args\": converted_args})[\"value\"]\n           ^^^^^^^^^^^^^^^^^^^^^^^^^^^^^^^^^^^^^^^^^^^^^^^^^^^^^^^^^^^^^^^^^\n  File \"/opt/hostedtoolcache/Python/3.11.4/x64/lib/python3.11/site-packages/selenium/webdriver/remote/webdriver.py\", line 346, in execute\n    self.error_handler.check_response(response)\n  File \"/opt/hostedtoolcache/Python/3.11.4/x64/lib/python3.11/site-packages/selenium/webdriver/remote/errorhandler.py\", line 245, in check_response\n    raise exception_class(message, screen, stacktrace)\n","steps":[{"name":"Find a visible element","time":{"start":1693616460473,"stop":1693616460750,"duration":277},"status":"broken","statusMessage":"selenium.common.exceptions.StaleElementReferenceException: Message: stale element reference: stale element not found\n  (Session info: chrome=116.0.5845.96); For documentation on this error, please visit: https://www.selenium.dev/documentation/webdriver/troubleshooting/errors#stale-element-reference-exception\nStacktrace:\n#0 0x558f67fa4e23 <unknown>\n#1 0x558f67ccd7a7 <unknown>\n#2 0x558f67cd1d1e <unknown>\n#3 0x558f67cd3859 <unknown>\n#4 0x558f67d45e4f <unknown>\n#5 0x558f67d2d012 <unknown>\n#6 0x558f67d45369 <unknown>\n#7 0x558f67d2cde3 <unknown>\n#8 0x558f67d00a7b <unknown>\n#9 0x558f67d0181e <unknown>\n#10 0x558f67f66638 <unknown>\n#11 0x558f67f6a507 <unknown>\n#12 0x558f67f74c4c <unknown>\n#13 0x558f67f6b136 <unknown>\n#14 0x558f67f399cf <unknown>\n#15 0x558f67f8eb98 <unknown>\n#16 0x558f67f8ed68 <unknown>\n#17 0x558f67f9dcb3 <unknown>\n#18 0x7fa309722b43 <unknown>\n\n","statusTrace":"  File \"/opt/hostedtoolcache/Python/3.11.4/x64/lib/python3.11/site-packages/allure_commons/_allure.py\", line 192, in impl\n    return func(*a, **kw)\n           ^^^^^^^^^^^^^^\n  File \"/home/runner/work/luma_project/luma_project/pages/base_page.py\", line 29, in element_is_visible\n    self.go_to_element(self.element_is_present(locator))\n  File \"/opt/hostedtoolcache/Python/3.11.4/x64/lib/python3.11/site-packages/allure_commons/_allure.py\", line 192, in impl\n    return func(*a, **kw)\n           ^^^^^^^^^^^^^^\n  File \"/home/runner/work/luma_project/luma_project/pages/base_page.py\", line 87, in go_to_element\n    self.driver.execute_script(\"arguments[0].scrollIntoView();\", element)\n  File \"/opt/hostedtoolcache/Python/3.11.4/x64/lib/python3.11/site-packages/selenium/webdriver/remote/webdriver.py\", line 406, in execute_script\n    return self.execute(command, {\"script\": script, \"args\": converted_args})[\"value\"]\n           ^^^^^^^^^^^^^^^^^^^^^^^^^^^^^^^^^^^^^^^^^^^^^^^^^^^^^^^^^^^^^^^^^\n  File \"/opt/hostedtoolcache/Python/3.11.4/x64/lib/python3.11/site-packages/selenium/webdriver/remote/webdriver.py\", line 346, in execute\n    self.error_handler.check_response(response)\n  File \"/opt/hostedtoolcache/Python/3.11.4/x64/lib/python3.11/site-packages/selenium/webdriver/remote/errorhandler.py\", line 245, in check_response\n    raise exception_class(message, screen, stacktrace)\n","steps":[{"name":"Find a present element","time":{"start":1693616460473,"stop":1693616460600,"duration":127},"status":"passed","steps":[],"attachments":[],"parameters":[{"name":"locator","value":"('css selector', '#maincontent > div.page.messages > div:nth-child(2) > div > div > div')"},{"name":"timeout","value":"5"}],"attachmentsCount":0,"hasContent":true,"shouldDisplayMessage":false,"stepsCount":0},{"name":"Go to specified element","time":{"start":1693616460600,"stop":1693616460748,"duration":148},"status":"broken","statusMessage":"selenium.common.exceptions.StaleElementReferenceException: Message: stale element reference: stale element not found\n  (Session info: chrome=116.0.5845.96); For documentation on this error, please visit: https://www.selenium.dev/documentation/webdriver/troubleshooting/errors#stale-element-reference-exception\nStacktrace:\n#0 0x558f67fa4e23 <unknown>\n#1 0x558f67ccd7a7 <unknown>\n#2 0x558f67cd1d1e <unknown>\n#3 0x558f67cd3859 <unknown>\n#4 0x558f67d45e4f <unknown>\n#5 0x558f67d2d012 <unknown>\n#6 0x558f67d45369 <unknown>\n#7 0x558f67d2cde3 <unknown>\n#8 0x558f67d00a7b <unknown>\n#9 0x558f67d0181e <unknown>\n#10 0x558f67f66638 <unknown>\n#11 0x558f67f6a507 <unknown>\n#12 0x558f67f74c4c <unknown>\n#13 0x558f67f6b136 <unknown>\n#14 0x558f67f399cf <unknown>\n#15 0x558f67f8eb98 <unknown>\n#16 0x558f67f8ed68 <unknown>\n#17 0x558f67f9dcb3 <unknown>\n#18 0x7fa309722b43 <unknown>\n\n","statusTrace":"  File \"/opt/hostedtoolcache/Python/3.11.4/x64/lib/python3.11/site-packages/allure_commons/_allure.py\", line 192, in impl\n    return func(*a, **kw)\n           ^^^^^^^^^^^^^^\n  File \"/home/runner/work/luma_project/luma_project/pages/base_page.py\", line 87, in go_to_element\n    self.driver.execute_script(\"arguments[0].scrollIntoView();\", element)\n  File \"/opt/hostedtoolcache/Python/3.11.4/x64/lib/python3.11/site-packages/selenium/webdriver/remote/webdriver.py\", line 406, in execute_script\n    return self.execute(command, {\"script\": script, \"args\": converted_args})[\"value\"]\n           ^^^^^^^^^^^^^^^^^^^^^^^^^^^^^^^^^^^^^^^^^^^^^^^^^^^^^^^^^^^^^^^^^\n  File \"/opt/hostedtoolcache/Python/3.11.4/x64/lib/python3.11/site-packages/selenium/webdriver/remote/webdriver.py\", line 346, in execute\n    self.error_handler.check_response(response)\n  File \"/opt/hostedtoolcache/Python/3.11.4/x64/lib/python3.11/site-packages/selenium/webdriver/remote/errorhandler.py\", line 245, in check_response\n    raise exception_class(message, screen, stacktrace)\n","steps":[],"attachments":[],"parameters":[{"name":"element","value":"<selenium.webdriver.remote.webelement.WebElement (session=\"73241d9d5ee013ea6cc260e7cb182f98\", element=\"1E78AC947C7C419827209088E6A72882_element_129\")>"}],"attachmentsCount":0,"hasContent":true,"shouldDisplayMessage":true,"stepsCount":0}],"attachments":[],"parameters":[{"name":"locator","value":"('css selector', '#maincontent > div.page.messages > div:nth-child(2) > div > div > div')"},{"name":"timeout","value":"10"}],"attachmentsCount":0,"hasContent":true,"shouldDisplayMessage":false,"stepsCount":2}],"attachments":[],"parameters":[],"attachmentsCount":0,"hasContent":true,"shouldDisplayMessage":false,"stepsCount":3}],"attachments":[{"uid":"c7383454df0ed51c","name":"Screenshot","source":"c7383454df0ed51c.png","type":"image/png","size":96915},{"uid":"9f5b9f72f06a55cf","name":"HTML source","source":"9f5b9f72f06a55cf.html","type":"text/html","size":189974}],"parameters":[],"attachmentsCount":2,"hasContent":true,"shouldDisplayMessage":true,"stepsCount":12},"afterStages":[{"name":"driver::0","time":{"start":1693616461138,"stop":1693616461209,"duration":71},"status":"passed","steps":[],"attachments":[],"parameters":[],"attachmentsCount":0,"hasContent":false,"shouldDisplayMessage":false,"stepsCount":0},{"name":"clear_allure_result_folder::0","time":{"start":1693616636981,"stop":1693616636981,"duration":0},"status":"passed","steps":[],"attachments":[],"parameters":[],"attachmentsCount":0,"hasContent":false,"shouldDisplayMessage":false,"stepsCount":0}],"labels":[{"name":"feature","value":"Shopping Cart is full"},{"name":"parentSuite","value":"tests"},{"name":"suite","value":"test_shopping_cart"},{"name":"subSuite","value":"TestShoppingCartFull"},{"name":"host","value":"fv-az1242-738"},{"name":"thread","value":"2892-MainThread"},{"name":"framework","value":"pytest"},{"name":"language","value":"cpython3"},{"name":"package","value":"tests.test_shopping_cart"},{"name":"resultFormat","value":"allure2"}],"parameters":[],"links":[],"hidden":false,"retry":false,"extra":{"severity":"normal","retries":[],"categories":[{"name":"Test defects","matchedStatuses":[],"flaky":false}],"history":{"statistic":{"failed":0,"broken":2,"skipped":0,"passed":5,"unknown":0,"total":7},"items":[{"uid":"bf7a9041bff24108","reportUrl":"https://DionisIno.github.io/luma_project/99//#testresult/bf7a9041bff24108","status":"broken","statusDetails":"selenium.common.exceptions.StaleElementReferenceException: Message: stale element reference: stale element not found\n  (Session info: chrome=116.0.5845.96); For documentation on this error, please visit: https://www.selenium.dev/documentation/webdriver/troubleshooting/errors#stale-element-reference-exception\nStacktrace:\n#0 0x557ca93e9e23 <unknown>\n#1 0x557ca91127a7 <unknown>\n#2 0x557ca9116d1e <unknown>\n#3 0x557ca9118859 <unknown>\n#4 0x557ca918ae4f <unknown>\n#5 0x557ca9172012 <unknown>\n#6 0x557ca918a369 <unknown>\n#7 0x557ca9171de3 <unknown>\n#8 0x557ca9145a7b <unknown>\n#9 0x557ca914681e <unknown>\n#10 0x557ca93ab638 <unknown>\n#11 0x557ca93af507 <unknown>\n#12 0x557ca93b9c4c <unknown>\n#13 0x557ca93b0136 <unknown>\n#14 0x557ca937e9cf <unknown>\n#15 0x557ca93d3b98 <unknown>\n#16 0x557ca93d3d68 <unknown>\n#17 0x557ca93e2cb3 <unknown>\n#18 0x7f9472ee8b43 <unknown>","time":{"start":1693530324084,"stop":1693530328283,"duration":4199}},{"uid":"dd84e1e4768af4a","reportUrl":"https://DionisIno.github.io/luma_project/98//#testresult/dd84e1e4768af4a","status":"passed","time":{"start":1693443616088,"stop":1693443620861,"duration":4773}},{"uid":"11dcc716ebf3af2a","reportUrl":"https://DionisIno.github.io/luma_project/97//#testresult/11dcc716ebf3af2a","status":"passed","time":{"start":1693357162544,"stop":1693357167300,"duration":4756}},{"uid":"d91dfbcc34494f4b","reportUrl":"https://DionisIno.github.io/luma_project/96//#testresult/d91dfbcc34494f4b","status":"passed","time":{"start":1693270812679,"stop":1693270816770,"duration":4091}},{"uid":"5cd8ffb7364645a","reportUrl":"https://DionisIno.github.io/luma_project/95//#testresult/5cd8ffb7364645a","status":"passed","time":{"start":1693184445245,"stop":1693184449745,"duration":4500}},{"uid":"72b3ba9139daf691","reportUrl":"https://DionisIno.github.io/luma_project/94//#testresult/72b3ba9139daf691","status":"passed","time":{"start":1693098235184,"stop":1693098239974,"duration":4790}}]},"tags":[]},"source":"6d05e632f9d7e3d9.json","parameterValues":[]}