{"uid":"72c5028a7ec5cce3","name":"tc 07.02.08 Verify that 'Proceed to checkout' button redirects to the shipping page","fullName":"tests.test_shopping_cart.TestShoppingCartFull#test_tc_07_02_08_verify_proceed_to_checkout_button_leads_to_the_shipping_page","historyId":"9ea104d91506ad7602cf69e28583a223","time":{"start":1690852368766,"stop":1690852368766,"duration":0},"description":"Verify that the 'Proceed to checkout' button redirects to the shipping page.","descriptionHtml":"<p>Verify that the 'Proceed to checkout' button redirects to the shipping page.</p>\n","status":"broken","statusMessage":"selenium.common.exceptions.TimeoutException: Message: \nStacktrace:\n#0 0x5579ed884783 <unknown>\n#1 0x5579ed5b0917 <unknown>\n#2 0x5579ed5ef31b <unknown>\n#3 0x5579ed5ef411 <unknown>\n#4 0x5579ed62a674 <unknown>\n#5 0x5579ed60fe2d <unknown>\n#6 0x5579ed6280d9 <unknown>\n#7 0x5579ed60fbd3 <unknown>\n#8 0x5579ed5e3a7b <unknown>\n#9 0x5579ed5e481e <unknown>\n#10 0x5579ed845e98 <unknown>\n#11 0x5579ed849d67 <unknown>\n#12 0x5579ed85432c <unknown>\n#13 0x5579ed84a993 <unknown>\n#14 0x5579ed819827 <unknown>\n#15 0x5579ed86e8a8 <unknown>\n#16 0x5579ed86ea36 <unknown>\n#17 0x5579ed87d5f3 <unknown>\n#18 0x7f06359f4b43 <unknown>","statusTrace":"driver = <selenium.webdriver.chrome.webdriver.WebDriver (session=\"c376cce8813a5b53c92f699e7cbc68e1\")>\n\n    @pytest.fixture(scope=\"function\")\n    def full_cart_page(driver):\n        driver.get(ITEM_CART_URL)\n        size_button = wait(driver, 5).until(EC.presence_of_element_located(shopping_locators.SIZE_BUTTON))\n        size_button.click()\n        color_button = wait(driver, 3).until(EC.presence_of_element_located(shopping_locators.COLOR_BUTTON))\n        color_button.click()\n        add_to_cart_button = wait(driver, 3).until(EC.presence_of_element_located(shopping_locators.ADD_TO_CART_BUTTON))\n        add_to_cart_button.click()\n>       wait(driver, 5).until(EC.presence_of_element_located(shopping_locators.SHOPPING_CART_LINK))\n\ntests/test_shopping_cart.py:19: \n_ _ _ _ _ _ _ _ _ _ _ _ _ _ _ _ _ _ _ _ _ _ _ _ _ _ _ _ _ _ _ _ _ _ _ _ _ _ _ _ \n\nself = <selenium.webdriver.support.wait.WebDriverWait (session=\"c376cce8813a5b53c92f699e7cbc68e1\")>\nmethod = <function presence_of_element_located.<locals>._predicate at 0x7f3149c48040>\nmessage = ''\n\n    def until(self, method, message: str = \"\"):\n        \"\"\"Calls the method provided with the driver as an argument until the \\\n        return value does not evaluate to ``False``.\n    \n        :param method: callable(WebDriver)\n        :param message: optional message for :exc:`TimeoutException`\n        :returns: the result of the last call to `method`\n        :raises: :exc:`selenium.common.exceptions.TimeoutException` if timeout occurs\n        \"\"\"\n        screen = None\n        stacktrace = None\n    \n        end_time = time.monotonic() + self._timeout\n        while True:\n            try:\n                value = method(self._driver)\n                if value:\n                    return value\n            except self._ignored_exceptions as exc:\n                screen = getattr(exc, \"screen\", None)\n                stacktrace = getattr(exc, \"stacktrace\", None)\n            time.sleep(self._poll)\n            if time.monotonic() > end_time:\n                break\n>       raise TimeoutException(message, screen, stacktrace)\nE       selenium.common.exceptions.TimeoutException: Message: \nE       Stacktrace:\nE       #0 0x5579ed884783 <unknown>\nE       #1 0x5579ed5b0917 <unknown>\nE       #2 0x5579ed5ef31b <unknown>\nE       #3 0x5579ed5ef411 <unknown>\nE       #4 0x5579ed62a674 <unknown>\nE       #5 0x5579ed60fe2d <unknown>\nE       #6 0x5579ed6280d9 <unknown>\nE       #7 0x5579ed60fbd3 <unknown>\nE       #8 0x5579ed5e3a7b <unknown>\nE       #9 0x5579ed5e481e <unknown>\nE       #10 0x5579ed845e98 <unknown>\nE       #11 0x5579ed849d67 <unknown>\nE       #12 0x5579ed85432c <unknown>\nE       #13 0x5579ed84a993 <unknown>\nE       #14 0x5579ed819827 <unknown>\nE       #15 0x5579ed86e8a8 <unknown>\nE       #16 0x5579ed86ea36 <unknown>\nE       #17 0x5579ed87d5f3 <unknown>\nE       #18 0x7f06359f4b43 <unknown>\n\n/opt/hostedtoolcache/Python/3.11.4/x64/lib/python3.11/site-packages/selenium/webdriver/support/wait.py:95: TimeoutException","flaky":false,"newFailed":false,"newBroken":true,"newPassed":false,"retriesCount":0,"retriesStatusChange":false,"beforeStages":[{"name":"_session_faker","time":{"start":1690851089817,"stop":1690851089937,"duration":120},"status":"passed","steps":[],"attachments":[],"parameters":[],"stepsCount":0,"attachmentsCount":0,"shouldDisplayMessage":false,"hasContent":false},{"name":"clear_allure_result_folder","time":{"start":1690851089937,"stop":1690851089938,"duration":1},"status":"passed","steps":[],"attachments":[],"parameters":[],"stepsCount":0,"attachmentsCount":0,"shouldDisplayMessage":false,"hasContent":false},{"name":"driver","time":{"start":1690852368767,"stop":1690852369864,"duration":1097},"status":"passed","steps":[],"attachments":[],"parameters":[],"stepsCount":0,"attachmentsCount":0,"shouldDisplayMessage":false,"hasContent":false},{"name":"full_cart_page","time":{"start":1690852369864,"stop":1690852377124,"duration":7260},"status":"broken","statusMessage":"selenium.common.exceptions.TimeoutException: Message: \nStacktrace:\n#0 0x5579ed884783 <unknown>\n#1 0x5579ed5b0917 <unknown>\n#2 0x5579ed5ef31b <unknown>\n#3 0x5579ed5ef411 <unknown>\n#4 0x5579ed62a674 <unknown>\n#5 0x5579ed60fe2d <unknown>\n#6 0x5579ed6280d9 <unknown>\n#7 0x5579ed60fbd3 <unknown>\n#8 0x5579ed5e3a7b <unknown>\n#9 0x5579ed5e481e <unknown>\n#10 0x5579ed845e98 <unknown>\n#11 0x5579ed849d67 <unknown>\n#12 0x5579ed85432c <unknown>\n#13 0x5579ed84a993 <unknown>\n#14 0x5579ed819827 <unknown>\n#15 0x5579ed86e8a8 <unknown>\n#16 0x5579ed86ea36 <unknown>\n#17 0x5579ed87d5f3 <unknown>\n#18 0x7f06359f4b43 <unknown>\n\n","statusTrace":"  File \"/opt/hostedtoolcache/Python/3.11.4/x64/lib/python3.11/site-packages/pluggy/_callers.py\", line 80, in _multicall\n    res = hook_impl.function(*args)\n          ^^^^^^^^^^^^^^^^^^^^^^^^^\n  File \"/opt/hostedtoolcache/Python/3.11.4/x64/lib/python3.11/site-packages/_pytest/fixtures.py\", line 1123, in pytest_fixture_setup\n    result = call_fixture_func(fixturefunc, request, kwargs)\n             ^^^^^^^^^^^^^^^^^^^^^^^^^^^^^^^^^^^^^^^^^^^^^^^\n  File \"/opt/hostedtoolcache/Python/3.11.4/x64/lib/python3.11/site-packages/_pytest/fixtures.py\", line 902, in call_fixture_func\n    fixture_result = fixturefunc(**kwargs)\n                     ^^^^^^^^^^^^^^^^^^^^^\n  File \"/home/runner/work/luma_project/luma_project/tests/test_shopping_cart.py\", line 19, in full_cart_page\n    wait(driver, 5).until(EC.presence_of_element_located(shopping_locators.SHOPPING_CART_LINK))\n  File \"/opt/hostedtoolcache/Python/3.11.4/x64/lib/python3.11/site-packages/selenium/webdriver/support/wait.py\", line 95, in until\n    raise TimeoutException(message, screen, stacktrace)\n","steps":[],"attachments":[],"parameters":[],"stepsCount":0,"attachmentsCount":0,"shouldDisplayMessage":true,"hasContent":true}],"afterStages":[{"name":"driver::0","time":{"start":1690852377135,"stop":1690852377208,"duration":73},"status":"passed","steps":[],"attachments":[],"parameters":[],"stepsCount":0,"attachmentsCount":0,"shouldDisplayMessage":false,"hasContent":false},{"name":"clear_allure_result_folder::0","time":{"start":1690852652841,"stop":1690852652841,"duration":0},"status":"passed","steps":[],"attachments":[],"parameters":[],"stepsCount":0,"attachmentsCount":0,"shouldDisplayMessage":false,"hasContent":false}],"labels":[{"name":"feature","value":"Shopping Cart is full"},{"name":"parentSuite","value":"tests"},{"name":"suite","value":"test_shopping_cart"},{"name":"subSuite","value":"TestShoppingCartFull"},{"name":"host","value":"fv-az713-105"},{"name":"thread","value":"3357-MainThread"},{"name":"framework","value":"pytest"},{"name":"language","value":"cpython3"},{"name":"package","value":"tests.test_shopping_cart"},{"name":"resultFormat","value":"allure2"}],"parameters":[],"links":[],"hidden":false,"retry":false,"extra":{"severity":"normal","retries":[],"categories":[{"name":"Test defects","matchedStatuses":[],"flaky":false}],"history":{"statistic":{"failed":0,"broken":1,"skipped":0,"passed":2,"unknown":0,"total":3},"items":[{"uid":"157768a6213c6342","reportUrl":"https://DionisIno.github.io/luma_project/67//#testresult/157768a6213c6342","status":"passed","time":{"start":1690765704951,"stop":1690765709603,"duration":4652}},{"uid":"916db092a2fe6bdb","reportUrl":"https://DionisIno.github.io/luma_project/66//#testresult/916db092a2fe6bdb","status":"passed","time":{"start":1690679367703,"stop":1690679372484,"duration":4781}}]},"tags":[]},"source":"72c5028a7ec5cce3.json","parameterValues":[]}