{"uid":"498b059394237d3","name":"tc 07.02.25 Verify the message coupon code is not valid is displayed correct","fullName":"tests.test_shopping_cart.TestShoppingCartFull#test_tc_07_02_25_verify_msg_coupon_code_is_not_valid_is_displayed","historyId":"492343fa43b6d6d286e390bbb49df7ba","time":{"start":1690592674908,"stop":1690592679316,"duration":4408},"description":"Check that message coupon code is not valid is displayed correct","descriptionHtml":"<p>Check that message coupon code is not valid is displayed correct</p>\n","status":"broken","statusMessage":"selenium.common.exceptions.StaleElementReferenceException: Message: stale element reference: stale element not found\n  (Session info: chrome=115.0.5790.102); For documentation on this error, please visit: https://www.selenium.dev/documentation/webdriver/troubleshooting/errors#stale-element-reference-exception\nStacktrace:\n#0 0x559ce940e783 <unknown>\n#1 0x559ce913a917 <unknown>\n#2 0x559ce913eebe <unknown>\n#3 0x559ce91409f9 <unknown>\n#4 0x559ce91b2bb2 <unknown>\n#5 0x559ce9199e02 <unknown>\n#6 0x559ce91b20d9 <unknown>\n#7 0x559ce9199bd3 <unknown>\n#8 0x559ce916da7b <unknown>\n#9 0x559ce916e81e <unknown>\n#10 0x559ce93cfe98 <unknown>\n#11 0x559ce93d3d67 <unknown>\n#12 0x559ce93de32c <unknown>\n#13 0x559ce93d4993 <unknown>\n#14 0x559ce93a3827 <unknown>\n#15 0x559ce93f88a8 <unknown>\n#16 0x559ce93f8a36 <unknown>\n#17 0x559ce94075f3 <unknown>\n#18 0x7f6ddba17b43 <unknown>","statusTrace":"self = <test_shopping_cart.TestShoppingCartFull object at 0x7ff8e065fc90>\ndriver = <selenium.webdriver.chrome.webdriver.WebDriver (session=\"86fb0a11c4945b9161092feec5cb84a1\")>\nfull_cart_page = None\n\n    @allure.title(\"tc 07.02.25 Verify the message coupon code is not valid is displayed correct\")\n    def test_tc_07_02_25_verify_msg_coupon_code_is_not_valid_is_displayed(self, driver, full_cart_page):\n        \"\"\"Check that message coupon code is not valid is displayed correct\"\"\"\n        page = ShoppingCartPage(driver, SHOPPING_CART_PAGE)\n        page.open()\n        page.click_apply_discount_code()\n        page.send_discount_code(page.code)\n        page.click_btn_apply_discount()\n>       msg = page.get_msg_discount_code_is_not_valid()\n\ntests/test_shopping_cart.py:166: \n_ _ _ _ _ _ _ _ _ _ _ _ _ _ _ _ _ _ _ _ _ _ _ _ _ _ _ _ _ _ _ _ _ _ _ _ _ _ _ _ \npages/shopping_cart_page.py:219: in get_msg_discount_code_is_not_valid\n    msg = self.element_is_visible(self.shopping_locators.MSG_CODE_IS_NOT_VALID).text\npages/base_page.py:29: in element_is_visible\n    self.go_to_element(self.element_is_present(locator))\npages/base_page.py:87: in go_to_element\n    self.driver.execute_script(\"arguments[0].scrollIntoView();\", element)\n/opt/hostedtoolcache/Python/3.11.4/x64/lib/python3.11/site-packages/selenium/webdriver/remote/webdriver.py:406: in execute_script\n    return self.execute(command, {\"script\": script, \"args\": converted_args})[\"value\"]\n/opt/hostedtoolcache/Python/3.11.4/x64/lib/python3.11/site-packages/selenium/webdriver/remote/webdriver.py:346: in execute\n    self.error_handler.check_response(response)\n_ _ _ _ _ _ _ _ _ _ _ _ _ _ _ _ _ _ _ _ _ _ _ _ _ _ _ _ _ _ _ _ _ _ _ _ _ _ _ _ \n\nself = <selenium.webdriver.remote.errorhandler.ErrorHandler object at 0x7ff8e0fa33d0>\nresponse = {'status': 404, 'value': '{\"value\":{\"error\":\"stale element reference\",\"message\":\"stale element reference: stale elemen...\\\\n#16 0x559ce93f8a36 \\\\u003Cunknown>\\\\n#17 0x559ce94075f3 \\\\u003Cunknown>\\\\n#18 0x7f6ddba17b43 \\\\u003Cunknown>\\\\n\"}}'}\n\n    def check_response(self, response: Dict[str, Any]) -> None:\n        \"\"\"Checks that a JSON response from the WebDriver does not have an\n        error.\n    \n        :Args:\n         - response - The JSON response from the WebDriver server as a dictionary\n           object.\n    \n        :Raises: If the response contains an error message.\n        \"\"\"\n        status = response.get(\"status\", None)\n        if not status or status == ErrorCode.SUCCESS:\n            return\n        value = None\n        message = response.get(\"message\", \"\")\n        screen: str = response.get(\"screen\", \"\")\n        stacktrace = None\n        if isinstance(status, int):\n            value_json = response.get(\"value\", None)\n            if value_json and isinstance(value_json, str):\n                import json\n    \n                try:\n                    value = json.loads(value_json)\n                    if len(value) == 1:\n                        value = value[\"value\"]\n                    status = value.get(\"error\", None)\n                    if not status:\n                        status = value.get(\"status\", ErrorCode.UNKNOWN_ERROR)\n                        message = value.get(\"value\") or value.get(\"message\")\n                        if not isinstance(message, str):\n                            value = message\n                            message = message.get(\"message\")\n                    else:\n                        message = value.get(\"message\", None)\n                except ValueError:\n                    pass\n    \n        exception_class: Type[WebDriverException]\n        if status in ErrorCode.NO_SUCH_ELEMENT:\n            exception_class = NoSuchElementException\n        elif status in ErrorCode.NO_SUCH_FRAME:\n            exception_class = NoSuchFrameException\n        elif status in ErrorCode.NO_SUCH_SHADOW_ROOT:\n            exception_class = NoSuchShadowRootException\n        elif status in ErrorCode.NO_SUCH_WINDOW:\n            exception_class = NoSuchWindowException\n        elif status in ErrorCode.STALE_ELEMENT_REFERENCE:\n            exception_class = StaleElementReferenceException\n        elif status in ErrorCode.ELEMENT_NOT_VISIBLE:\n            exception_class = ElementNotVisibleException\n        elif status in ErrorCode.INVALID_ELEMENT_STATE:\n            exception_class = InvalidElementStateException\n        elif (\n            status in ErrorCode.INVALID_SELECTOR\n            or status in ErrorCode.INVALID_XPATH_SELECTOR\n            or status in ErrorCode.INVALID_XPATH_SELECTOR_RETURN_TYPER\n        ):\n            exception_class = InvalidSelectorException\n        elif status in ErrorCode.ELEMENT_IS_NOT_SELECTABLE:\n            exception_class = ElementNotSelectableException\n        elif status in ErrorCode.ELEMENT_NOT_INTERACTABLE:\n            exception_class = ElementNotInteractableException\n        elif status in ErrorCode.INVALID_COOKIE_DOMAIN:\n            exception_class = InvalidCookieDomainException\n        elif status in ErrorCode.UNABLE_TO_SET_COOKIE:\n            exception_class = UnableToSetCookieException\n        elif status in ErrorCode.TIMEOUT:\n            exception_class = TimeoutException\n        elif status in ErrorCode.SCRIPT_TIMEOUT:\n            exception_class = TimeoutException\n        elif status in ErrorCode.UNKNOWN_ERROR:\n            exception_class = WebDriverException\n        elif status in ErrorCode.UNEXPECTED_ALERT_OPEN:\n            exception_class = UnexpectedAlertPresentException\n        elif status in ErrorCode.NO_ALERT_OPEN:\n            exception_class = NoAlertPresentException\n        elif status in ErrorCode.IME_NOT_AVAILABLE:\n            exception_class = ImeNotAvailableException\n        elif status in ErrorCode.IME_ENGINE_ACTIVATION_FAILED:\n            exception_class = ImeActivationFailedException\n        elif status in ErrorCode.MOVE_TARGET_OUT_OF_BOUNDS:\n            exception_class = MoveTargetOutOfBoundsException\n        elif status in ErrorCode.JAVASCRIPT_ERROR:\n            exception_class = JavascriptException\n        elif status in ErrorCode.SESSION_NOT_CREATED:\n            exception_class = SessionNotCreatedException\n        elif status in ErrorCode.INVALID_ARGUMENT:\n            exception_class = InvalidArgumentException\n        elif status in ErrorCode.NO_SUCH_COOKIE:\n            exception_class = NoSuchCookieException\n        elif status in ErrorCode.UNABLE_TO_CAPTURE_SCREEN:\n            exception_class = ScreenshotException\n        elif status in ErrorCode.ELEMENT_CLICK_INTERCEPTED:\n            exception_class = ElementClickInterceptedException\n        elif status in ErrorCode.INSECURE_CERTIFICATE:\n            exception_class = InsecureCertificateException\n        elif status in ErrorCode.INVALID_COORDINATES:\n            exception_class = InvalidCoordinatesException\n        elif status in ErrorCode.INVALID_SESSION_ID:\n            exception_class = InvalidSessionIdException\n        elif status in ErrorCode.UNKNOWN_METHOD:\n            exception_class = UnknownMethodException\n        else:\n            exception_class = WebDriverException\n        if not value:\n            value = response[\"value\"]\n        if isinstance(value, str):\n            raise exception_class(value)\n        if message == \"\" and \"message\" in value:\n            message = value[\"message\"]\n    \n        screen = None  # type: ignore[assignment]\n        if \"screen\" in value:\n            screen = value[\"screen\"]\n    \n        stacktrace = None\n        st_value = value.get(\"stackTrace\") or value.get(\"stacktrace\")\n        if st_value:\n            if isinstance(st_value, str):\n                stacktrace = st_value.split(\"\\n\")\n            else:\n                stacktrace = []\n                try:\n                    for frame in st_value:\n                        line = frame.get(\"lineNumber\", \"\")\n                        file = frame.get(\"fileName\", \"<anonymous>\")\n                        if line:\n                            file = f\"{file}:{line}\"\n                        meth = frame.get(\"methodName\", \"<anonymous>\")\n                        if \"className\" in frame:\n                            meth = f\"{frame['className']}.{meth}\"\n                        msg = \"    at %s (%s)\"\n                        msg = msg % (meth, file)\n                        stacktrace.append(msg)\n                except TypeError:\n                    pass\n        if exception_class == UnexpectedAlertPresentException:\n            alert_text = None\n            if \"data\" in value:\n                alert_text = value[\"data\"].get(\"text\")\n            elif \"alert\" in value:\n                alert_text = value[\"alert\"].get(\"text\")\n            raise exception_class(message, screen, stacktrace, alert_text)  # type: ignore[call-arg]  # mypy is not smart enough here\n>       raise exception_class(message, screen, stacktrace)\nE       selenium.common.exceptions.StaleElementReferenceException: Message: stale element reference: stale element not found\nE         (Session info: chrome=115.0.5790.102); For documentation on this error, please visit: https://www.selenium.dev/documentation/webdriver/troubleshooting/errors#stale-element-reference-exception\nE       Stacktrace:\nE       #0 0x559ce940e783 <unknown>\nE       #1 0x559ce913a917 <unknown>\nE       #2 0x559ce913eebe <unknown>\nE       #3 0x559ce91409f9 <unknown>\nE       #4 0x559ce91b2bb2 <unknown>\nE       #5 0x559ce9199e02 <unknown>\nE       #6 0x559ce91b20d9 <unknown>\nE       #7 0x559ce9199bd3 <unknown>\nE       #8 0x559ce916da7b <unknown>\nE       #9 0x559ce916e81e <unknown>\nE       #10 0x559ce93cfe98 <unknown>\nE       #11 0x559ce93d3d67 <unknown>\nE       #12 0x559ce93de32c <unknown>\nE       #13 0x559ce93d4993 <unknown>\nE       #14 0x559ce93a3827 <unknown>\nE       #15 0x559ce93f88a8 <unknown>\nE       #16 0x559ce93f8a36 <unknown>\nE       #17 0x559ce94075f3 <unknown>\nE       #18 0x7f6ddba17b43 <unknown>\n\n/opt/hostedtoolcache/Python/3.11.4/x64/lib/python3.11/site-packages/selenium/webdriver/remote/errorhandler.py:245: StaleElementReferenceException","flaky":false,"newFailed":false,"newBroken":true,"newPassed":false,"retriesCount":0,"retriesStatusChange":false,"beforeStages":[{"name":"_session_faker","time":{"start":1690591487134,"stop":1690591487228,"duration":94},"status":"passed","steps":[],"attachments":[],"parameters":[],"stepsCount":0,"attachmentsCount":0,"shouldDisplayMessage":false,"hasContent":false},{"name":"clear_allure_result_folder","time":{"start":1690591487228,"stop":1690591487228,"duration":0},"status":"passed","steps":[],"attachments":[],"parameters":[],"stepsCount":0,"attachmentsCount":0,"shouldDisplayMessage":false,"hasContent":false},{"name":"driver","time":{"start":1690592668887,"stop":1690592669897,"duration":1010},"status":"passed","steps":[],"attachments":[],"parameters":[],"stepsCount":0,"attachmentsCount":0,"shouldDisplayMessage":false,"hasContent":false},{"name":"full_cart_page","time":{"start":1690592669898,"stop":1690592674907,"duration":5009},"status":"passed","steps":[],"attachments":[],"parameters":[],"stepsCount":0,"attachmentsCount":0,"shouldDisplayMessage":false,"hasContent":false}],"testStage":{"description":"Check that message coupon code is not valid is displayed correct","status":"broken","statusMessage":"selenium.common.exceptions.StaleElementReferenceException: Message: stale element reference: stale element not found\n  (Session info: chrome=115.0.5790.102); For documentation on this error, please visit: https://www.selenium.dev/documentation/webdriver/troubleshooting/errors#stale-element-reference-exception\nStacktrace:\n#0 0x559ce940e783 <unknown>\n#1 0x559ce913a917 <unknown>\n#2 0x559ce913eebe <unknown>\n#3 0x559ce91409f9 <unknown>\n#4 0x559ce91b2bb2 <unknown>\n#5 0x559ce9199e02 <unknown>\n#6 0x559ce91b20d9 <unknown>\n#7 0x559ce9199bd3 <unknown>\n#8 0x559ce916da7b <unknown>\n#9 0x559ce916e81e <unknown>\n#10 0x559ce93cfe98 <unknown>\n#11 0x559ce93d3d67 <unknown>\n#12 0x559ce93de32c <unknown>\n#13 0x559ce93d4993 <unknown>\n#14 0x559ce93a3827 <unknown>\n#15 0x559ce93f88a8 <unknown>\n#16 0x559ce93f8a36 <unknown>\n#17 0x559ce94075f3 <unknown>\n#18 0x7f6ddba17b43 <unknown>","statusTrace":"self = <test_shopping_cart.TestShoppingCartFull object at 0x7ff8e065fc90>\ndriver = <selenium.webdriver.chrome.webdriver.WebDriver (session=\"86fb0a11c4945b9161092feec5cb84a1\")>\nfull_cart_page = None\n\n    @allure.title(\"tc 07.02.25 Verify the message coupon code is not valid is displayed correct\")\n    def test_tc_07_02_25_verify_msg_coupon_code_is_not_valid_is_displayed(self, driver, full_cart_page):\n        \"\"\"Check that message coupon code is not valid is displayed correct\"\"\"\n        page = ShoppingCartPage(driver, SHOPPING_CART_PAGE)\n        page.open()\n        page.click_apply_discount_code()\n        page.send_discount_code(page.code)\n        page.click_btn_apply_discount()\n>       msg = page.get_msg_discount_code_is_not_valid()\n\ntests/test_shopping_cart.py:166: \n_ _ _ _ _ _ _ _ _ _ _ _ _ _ _ _ _ _ _ _ _ _ _ _ _ _ _ _ _ _ _ _ _ _ _ _ _ _ _ _ \npages/shopping_cart_page.py:219: in get_msg_discount_code_is_not_valid\n    msg = self.element_is_visible(self.shopping_locators.MSG_CODE_IS_NOT_VALID).text\npages/base_page.py:29: in element_is_visible\n    self.go_to_element(self.element_is_present(locator))\npages/base_page.py:87: in go_to_element\n    self.driver.execute_script(\"arguments[0].scrollIntoView();\", element)\n/opt/hostedtoolcache/Python/3.11.4/x64/lib/python3.11/site-packages/selenium/webdriver/remote/webdriver.py:406: in execute_script\n    return self.execute(command, {\"script\": script, \"args\": converted_args})[\"value\"]\n/opt/hostedtoolcache/Python/3.11.4/x64/lib/python3.11/site-packages/selenium/webdriver/remote/webdriver.py:346: in execute\n    self.error_handler.check_response(response)\n_ _ _ _ _ _ _ _ _ _ _ _ _ _ _ _ _ _ _ _ _ _ _ _ _ _ _ _ _ _ _ _ _ _ _ _ _ _ _ _ \n\nself = <selenium.webdriver.remote.errorhandler.ErrorHandler object at 0x7ff8e0fa33d0>\nresponse = {'status': 404, 'value': '{\"value\":{\"error\":\"stale element reference\",\"message\":\"stale element reference: stale elemen...\\\\n#16 0x559ce93f8a36 \\\\u003Cunknown>\\\\n#17 0x559ce94075f3 \\\\u003Cunknown>\\\\n#18 0x7f6ddba17b43 \\\\u003Cunknown>\\\\n\"}}'}\n\n    def check_response(self, response: Dict[str, Any]) -> None:\n        \"\"\"Checks that a JSON response from the WebDriver does not have an\n        error.\n    \n        :Args:\n         - response - The JSON response from the WebDriver server as a dictionary\n           object.\n    \n        :Raises: If the response contains an error message.\n        \"\"\"\n        status = response.get(\"status\", None)\n        if not status or status == ErrorCode.SUCCESS:\n            return\n        value = None\n        message = response.get(\"message\", \"\")\n        screen: str = response.get(\"screen\", \"\")\n        stacktrace = None\n        if isinstance(status, int):\n            value_json = response.get(\"value\", None)\n            if value_json and isinstance(value_json, str):\n                import json\n    \n                try:\n                    value = json.loads(value_json)\n                    if len(value) == 1:\n                        value = value[\"value\"]\n                    status = value.get(\"error\", None)\n                    if not status:\n                        status = value.get(\"status\", ErrorCode.UNKNOWN_ERROR)\n                        message = value.get(\"value\") or value.get(\"message\")\n                        if not isinstance(message, str):\n                            value = message\n                            message = message.get(\"message\")\n                    else:\n                        message = value.get(\"message\", None)\n                except ValueError:\n                    pass\n    \n        exception_class: Type[WebDriverException]\n        if status in ErrorCode.NO_SUCH_ELEMENT:\n            exception_class = NoSuchElementException\n        elif status in ErrorCode.NO_SUCH_FRAME:\n            exception_class = NoSuchFrameException\n        elif status in ErrorCode.NO_SUCH_SHADOW_ROOT:\n            exception_class = NoSuchShadowRootException\n        elif status in ErrorCode.NO_SUCH_WINDOW:\n            exception_class = NoSuchWindowException\n        elif status in ErrorCode.STALE_ELEMENT_REFERENCE:\n            exception_class = StaleElementReferenceException\n        elif status in ErrorCode.ELEMENT_NOT_VISIBLE:\n            exception_class = ElementNotVisibleException\n        elif status in ErrorCode.INVALID_ELEMENT_STATE:\n            exception_class = InvalidElementStateException\n        elif (\n            status in ErrorCode.INVALID_SELECTOR\n            or status in ErrorCode.INVALID_XPATH_SELECTOR\n            or status in ErrorCode.INVALID_XPATH_SELECTOR_RETURN_TYPER\n        ):\n            exception_class = InvalidSelectorException\n        elif status in ErrorCode.ELEMENT_IS_NOT_SELECTABLE:\n            exception_class = ElementNotSelectableException\n        elif status in ErrorCode.ELEMENT_NOT_INTERACTABLE:\n            exception_class = ElementNotInteractableException\n        elif status in ErrorCode.INVALID_COOKIE_DOMAIN:\n            exception_class = InvalidCookieDomainException\n        elif status in ErrorCode.UNABLE_TO_SET_COOKIE:\n            exception_class = UnableToSetCookieException\n        elif status in ErrorCode.TIMEOUT:\n            exception_class = TimeoutException\n        elif status in ErrorCode.SCRIPT_TIMEOUT:\n            exception_class = TimeoutException\n        elif status in ErrorCode.UNKNOWN_ERROR:\n            exception_class = WebDriverException\n        elif status in ErrorCode.UNEXPECTED_ALERT_OPEN:\n            exception_class = UnexpectedAlertPresentException\n        elif status in ErrorCode.NO_ALERT_OPEN:\n            exception_class = NoAlertPresentException\n        elif status in ErrorCode.IME_NOT_AVAILABLE:\n            exception_class = ImeNotAvailableException\n        elif status in ErrorCode.IME_ENGINE_ACTIVATION_FAILED:\n            exception_class = ImeActivationFailedException\n        elif status in ErrorCode.MOVE_TARGET_OUT_OF_BOUNDS:\n            exception_class = MoveTargetOutOfBoundsException\n        elif status in ErrorCode.JAVASCRIPT_ERROR:\n            exception_class = JavascriptException\n        elif status in ErrorCode.SESSION_NOT_CREATED:\n            exception_class = SessionNotCreatedException\n        elif status in ErrorCode.INVALID_ARGUMENT:\n            exception_class = InvalidArgumentException\n        elif status in ErrorCode.NO_SUCH_COOKIE:\n            exception_class = NoSuchCookieException\n        elif status in ErrorCode.UNABLE_TO_CAPTURE_SCREEN:\n            exception_class = ScreenshotException\n        elif status in ErrorCode.ELEMENT_CLICK_INTERCEPTED:\n            exception_class = ElementClickInterceptedException\n        elif status in ErrorCode.INSECURE_CERTIFICATE:\n            exception_class = InsecureCertificateException\n        elif status in ErrorCode.INVALID_COORDINATES:\n            exception_class = InvalidCoordinatesException\n        elif status in ErrorCode.INVALID_SESSION_ID:\n            exception_class = InvalidSessionIdException\n        elif status in ErrorCode.UNKNOWN_METHOD:\n            exception_class = UnknownMethodException\n        else:\n            exception_class = WebDriverException\n        if not value:\n            value = response[\"value\"]\n        if isinstance(value, str):\n            raise exception_class(value)\n        if message == \"\" and \"message\" in value:\n            message = value[\"message\"]\n    \n        screen = None  # type: ignore[assignment]\n        if \"screen\" in value:\n            screen = value[\"screen\"]\n    \n        stacktrace = None\n        st_value = value.get(\"stackTrace\") or value.get(\"stacktrace\")\n        if st_value:\n            if isinstance(st_value, str):\n                stacktrace = st_value.split(\"\\n\")\n            else:\n                stacktrace = []\n                try:\n                    for frame in st_value:\n                        line = frame.get(\"lineNumber\", \"\")\n                        file = frame.get(\"fileName\", \"<anonymous>\")\n                        if line:\n                            file = f\"{file}:{line}\"\n                        meth = frame.get(\"methodName\", \"<anonymous>\")\n                        if \"className\" in frame:\n                            meth = f\"{frame['className']}.{meth}\"\n                        msg = \"    at %s (%s)\"\n                        msg = msg % (meth, file)\n                        stacktrace.append(msg)\n                except TypeError:\n                    pass\n        if exception_class == UnexpectedAlertPresentException:\n            alert_text = None\n            if \"data\" in value:\n                alert_text = value[\"data\"].get(\"text\")\n            elif \"alert\" in value:\n                alert_text = value[\"alert\"].get(\"text\")\n            raise exception_class(message, screen, stacktrace, alert_text)  # type: ignore[call-arg]  # mypy is not smart enough here\n>       raise exception_class(message, screen, stacktrace)\nE       selenium.common.exceptions.StaleElementReferenceException: Message: stale element reference: stale element not found\nE         (Session info: chrome=115.0.5790.102); For documentation on this error, please visit: https://www.selenium.dev/documentation/webdriver/troubleshooting/errors#stale-element-reference-exception\nE       Stacktrace:\nE       #0 0x559ce940e783 <unknown>\nE       #1 0x559ce913a917 <unknown>\nE       #2 0x559ce913eebe <unknown>\nE       #3 0x559ce91409f9 <unknown>\nE       #4 0x559ce91b2bb2 <unknown>\nE       #5 0x559ce9199e02 <unknown>\nE       #6 0x559ce91b20d9 <unknown>\nE       #7 0x559ce9199bd3 <unknown>\nE       #8 0x559ce916da7b <unknown>\nE       #9 0x559ce916e81e <unknown>\nE       #10 0x559ce93cfe98 <unknown>\nE       #11 0x559ce93d3d67 <unknown>\nE       #12 0x559ce93de32c <unknown>\nE       #13 0x559ce93d4993 <unknown>\nE       #14 0x559ce93a3827 <unknown>\nE       #15 0x559ce93f88a8 <unknown>\nE       #16 0x559ce93f8a36 <unknown>\nE       #17 0x559ce94075f3 <unknown>\nE       #18 0x7f6ddba17b43 <unknown>\n\n/opt/hostedtoolcache/Python/3.11.4/x64/lib/python3.11/site-packages/selenium/webdriver/remote/errorhandler.py:245: StaleElementReferenceException","steps":[{"name":"Open a browser","time":{"start":1690592674908,"stop":1690592676252,"duration":1344},"status":"passed","steps":[],"attachments":[],"parameters":[],"stepsCount":0,"attachmentsCount":0,"shouldDisplayMessage":false,"hasContent":false},{"name":"Apply Discount Code on click","time":{"start":1690592676252,"stop":1690592676777,"duration":525},"status":"passed","steps":[{"name":"Find clickable elements","time":{"start":1690592676252,"stop":1690592676512,"duration":260},"status":"passed","steps":[],"attachments":[],"parameters":[{"name":"locator","value":"('css selector', '#block-discount-heading')"},{"name":"timeout","value":"5"}],"stepsCount":0,"attachmentsCount":0,"shouldDisplayMessage":false,"hasContent":true}],"attachments":[],"parameters":[],"stepsCount":1,"attachmentsCount":0,"shouldDisplayMessage":false,"hasContent":true},{"name":"Send discount code","time":{"start":1690592676777,"stop":1690592676924,"duration":147},"status":"passed","steps":[{"name":"Fill in a field","time":{"start":1690592676777,"stop":1690592676924,"duration":147},"status":"passed","steps":[{"name":"Find clickable elements","time":{"start":1690592676777,"stop":1690592676818,"duration":41},"status":"passed","steps":[],"attachments":[],"parameters":[{"name":"locator","value":"('css selector', '#coupon_code')"},{"name":"timeout","value":"5"}],"stepsCount":0,"attachmentsCount":0,"shouldDisplayMessage":false,"hasContent":true}],"attachments":[],"parameters":[{"name":"locator","value":"('css selector', '#coupon_code')"},{"name":"value","value":"'nzgyxwgd'"}],"stepsCount":1,"attachmentsCount":0,"shouldDisplayMessage":false,"hasContent":true}],"attachments":[],"parameters":[{"name":"code","value":"'nzgyxwgd'"}],"stepsCount":2,"attachmentsCount":0,"shouldDisplayMessage":false,"hasContent":true},{"name":"Click button Apply Discount","time":{"start":1690592676924,"stop":1690592679026,"duration":2102},"status":"passed","steps":[{"name":"Find clickable elements","time":{"start":1690592676924,"stop":1690592676950,"duration":26},"status":"passed","steps":[],"attachments":[],"parameters":[{"name":"locator","value":"('css selector', '#discount-coupon-form > div > div.actions-toolbar > div > button')"},{"name":"timeout","value":"5"}],"stepsCount":0,"attachmentsCount":0,"shouldDisplayMessage":false,"hasContent":true}],"attachments":[],"parameters":[],"stepsCount":1,"attachmentsCount":0,"shouldDisplayMessage":false,"hasContent":true},{"name":"Get message discount code is not valid by page","time":{"start":1690592679026,"stop":1690592679315,"duration":289},"status":"broken","statusMessage":"selenium.common.exceptions.StaleElementReferenceException: Message: stale element reference: stale element not found\n  (Session info: chrome=115.0.5790.102); For documentation on this error, please visit: https://www.selenium.dev/documentation/webdriver/troubleshooting/errors#stale-element-reference-exception\nStacktrace:\n#0 0x559ce940e783 <unknown>\n#1 0x559ce913a917 <unknown>\n#2 0x559ce913eebe <unknown>\n#3 0x559ce91409f9 <unknown>\n#4 0x559ce91b2bb2 <unknown>\n#5 0x559ce9199e02 <unknown>\n#6 0x559ce91b20d9 <unknown>\n#7 0x559ce9199bd3 <unknown>\n#8 0x559ce916da7b <unknown>\n#9 0x559ce916e81e <unknown>\n#10 0x559ce93cfe98 <unknown>\n#11 0x559ce93d3d67 <unknown>\n#12 0x559ce93de32c <unknown>\n#13 0x559ce93d4993 <unknown>\n#14 0x559ce93a3827 <unknown>\n#15 0x559ce93f88a8 <unknown>\n#16 0x559ce93f8a36 <unknown>\n#17 0x559ce94075f3 <unknown>\n#18 0x7f6ddba17b43 <unknown>\n\n","statusTrace":"  File \"/opt/hostedtoolcache/Python/3.11.4/x64/lib/python3.11/site-packages/allure_commons/_allure.py\", line 192, in impl\n    return func(*a, **kw)\n           ^^^^^^^^^^^^^^\n  File \"/home/runner/work/luma_project/luma_project/pages/shopping_cart_page.py\", line 219, in get_msg_discount_code_is_not_valid\n    msg = self.element_is_visible(self.shopping_locators.MSG_CODE_IS_NOT_VALID).text\n          ^^^^^^^^^^^^^^^^^^^^^^^^^^^^^^^^^^^^^^^^^^^^^^^^^^^^^^^^^^^^^^^^^^^^^\n  File \"/opt/hostedtoolcache/Python/3.11.4/x64/lib/python3.11/site-packages/allure_commons/_allure.py\", line 192, in impl\n    return func(*a, **kw)\n           ^^^^^^^^^^^^^^\n  File \"/home/runner/work/luma_project/luma_project/pages/base_page.py\", line 29, in element_is_visible\n    self.go_to_element(self.element_is_present(locator))\n  File \"/opt/hostedtoolcache/Python/3.11.4/x64/lib/python3.11/site-packages/allure_commons/_allure.py\", line 192, in impl\n    return func(*a, **kw)\n           ^^^^^^^^^^^^^^\n  File \"/home/runner/work/luma_project/luma_project/pages/base_page.py\", line 87, in go_to_element\n    self.driver.execute_script(\"arguments[0].scrollIntoView();\", element)\n  File \"/opt/hostedtoolcache/Python/3.11.4/x64/lib/python3.11/site-packages/selenium/webdriver/remote/webdriver.py\", line 406, in execute_script\n    return self.execute(command, {\"script\": script, \"args\": converted_args})[\"value\"]\n           ^^^^^^^^^^^^^^^^^^^^^^^^^^^^^^^^^^^^^^^^^^^^^^^^^^^^^^^^^^^^^^^^^\n  File \"/opt/hostedtoolcache/Python/3.11.4/x64/lib/python3.11/site-packages/selenium/webdriver/remote/webdriver.py\", line 346, in execute\n    self.error_handler.check_response(response)\n  File \"/opt/hostedtoolcache/Python/3.11.4/x64/lib/python3.11/site-packages/selenium/webdriver/remote/errorhandler.py\", line 245, in check_response\n    raise exception_class(message, screen, stacktrace)\n","steps":[{"name":"Find a visible element","time":{"start":1690592679026,"stop":1690592679315,"duration":289},"status":"broken","statusMessage":"selenium.common.exceptions.StaleElementReferenceException: Message: stale element reference: stale element not found\n  (Session info: chrome=115.0.5790.102); For documentation on this error, please visit: https://www.selenium.dev/documentation/webdriver/troubleshooting/errors#stale-element-reference-exception\nStacktrace:\n#0 0x559ce940e783 <unknown>\n#1 0x559ce913a917 <unknown>\n#2 0x559ce913eebe <unknown>\n#3 0x559ce91409f9 <unknown>\n#4 0x559ce91b2bb2 <unknown>\n#5 0x559ce9199e02 <unknown>\n#6 0x559ce91b20d9 <unknown>\n#7 0x559ce9199bd3 <unknown>\n#8 0x559ce916da7b <unknown>\n#9 0x559ce916e81e <unknown>\n#10 0x559ce93cfe98 <unknown>\n#11 0x559ce93d3d67 <unknown>\n#12 0x559ce93de32c <unknown>\n#13 0x559ce93d4993 <unknown>\n#14 0x559ce93a3827 <unknown>\n#15 0x559ce93f88a8 <unknown>\n#16 0x559ce93f8a36 <unknown>\n#17 0x559ce94075f3 <unknown>\n#18 0x7f6ddba17b43 <unknown>\n\n","statusTrace":"  File \"/opt/hostedtoolcache/Python/3.11.4/x64/lib/python3.11/site-packages/allure_commons/_allure.py\", line 192, in impl\n    return func(*a, **kw)\n           ^^^^^^^^^^^^^^\n  File \"/home/runner/work/luma_project/luma_project/pages/base_page.py\", line 29, in element_is_visible\n    self.go_to_element(self.element_is_present(locator))\n  File \"/opt/hostedtoolcache/Python/3.11.4/x64/lib/python3.11/site-packages/allure_commons/_allure.py\", line 192, in impl\n    return func(*a, **kw)\n           ^^^^^^^^^^^^^^\n  File \"/home/runner/work/luma_project/luma_project/pages/base_page.py\", line 87, in go_to_element\n    self.driver.execute_script(\"arguments[0].scrollIntoView();\", element)\n  File \"/opt/hostedtoolcache/Python/3.11.4/x64/lib/python3.11/site-packages/selenium/webdriver/remote/webdriver.py\", line 406, in execute_script\n    return self.execute(command, {\"script\": script, \"args\": converted_args})[\"value\"]\n           ^^^^^^^^^^^^^^^^^^^^^^^^^^^^^^^^^^^^^^^^^^^^^^^^^^^^^^^^^^^^^^^^^\n  File \"/opt/hostedtoolcache/Python/3.11.4/x64/lib/python3.11/site-packages/selenium/webdriver/remote/webdriver.py\", line 346, in execute\n    self.error_handler.check_response(response)\n  File \"/opt/hostedtoolcache/Python/3.11.4/x64/lib/python3.11/site-packages/selenium/webdriver/remote/errorhandler.py\", line 245, in check_response\n    raise exception_class(message, screen, stacktrace)\n","steps":[{"name":"Find a present element","time":{"start":1690592679026,"stop":1690592679229,"duration":203},"status":"passed","steps":[],"attachments":[],"parameters":[{"name":"locator","value":"('css selector', '#maincontent > div.page.messages > div:nth-child(2) > div > div > div')"},{"name":"timeout","value":"5"}],"stepsCount":0,"attachmentsCount":0,"shouldDisplayMessage":false,"hasContent":true},{"name":"Go to specified element","time":{"start":1690592679229,"stop":1690592679314,"duration":85},"status":"broken","statusMessage":"selenium.common.exceptions.StaleElementReferenceException: Message: stale element reference: stale element not found\n  (Session info: chrome=115.0.5790.102); For documentation on this error, please visit: https://www.selenium.dev/documentation/webdriver/troubleshooting/errors#stale-element-reference-exception\nStacktrace:\n#0 0x559ce940e783 <unknown>\n#1 0x559ce913a917 <unknown>\n#2 0x559ce913eebe <unknown>\n#3 0x559ce91409f9 <unknown>\n#4 0x559ce91b2bb2 <unknown>\n#5 0x559ce9199e02 <unknown>\n#6 0x559ce91b20d9 <unknown>\n#7 0x559ce9199bd3 <unknown>\n#8 0x559ce916da7b <unknown>\n#9 0x559ce916e81e <unknown>\n#10 0x559ce93cfe98 <unknown>\n#11 0x559ce93d3d67 <unknown>\n#12 0x559ce93de32c <unknown>\n#13 0x559ce93d4993 <unknown>\n#14 0x559ce93a3827 <unknown>\n#15 0x559ce93f88a8 <unknown>\n#16 0x559ce93f8a36 <unknown>\n#17 0x559ce94075f3 <unknown>\n#18 0x7f6ddba17b43 <unknown>\n\n","statusTrace":"  File \"/opt/hostedtoolcache/Python/3.11.4/x64/lib/python3.11/site-packages/allure_commons/_allure.py\", line 192, in impl\n    return func(*a, **kw)\n           ^^^^^^^^^^^^^^\n  File \"/home/runner/work/luma_project/luma_project/pages/base_page.py\", line 87, in go_to_element\n    self.driver.execute_script(\"arguments[0].scrollIntoView();\", element)\n  File \"/opt/hostedtoolcache/Python/3.11.4/x64/lib/python3.11/site-packages/selenium/webdriver/remote/webdriver.py\", line 406, in execute_script\n    return self.execute(command, {\"script\": script, \"args\": converted_args})[\"value\"]\n           ^^^^^^^^^^^^^^^^^^^^^^^^^^^^^^^^^^^^^^^^^^^^^^^^^^^^^^^^^^^^^^^^^\n  File \"/opt/hostedtoolcache/Python/3.11.4/x64/lib/python3.11/site-packages/selenium/webdriver/remote/webdriver.py\", line 346, in execute\n    self.error_handler.check_response(response)\n  File \"/opt/hostedtoolcache/Python/3.11.4/x64/lib/python3.11/site-packages/selenium/webdriver/remote/errorhandler.py\", line 245, in check_response\n    raise exception_class(message, screen, stacktrace)\n","steps":[],"attachments":[],"parameters":[{"name":"element","value":"<selenium.webdriver.remote.webelement.WebElement (session=\"86fb0a11c4945b9161092feec5cb84a1\", element=\"216E48B42D00097712B1AA3EC5076920_element_187\")>"}],"stepsCount":0,"attachmentsCount":0,"shouldDisplayMessage":true,"hasContent":true}],"attachments":[],"parameters":[{"name":"locator","value":"('css selector', '#maincontent > div.page.messages > div:nth-child(2) > div > div > div')"},{"name":"timeout","value":"10"}],"stepsCount":2,"attachmentsCount":0,"shouldDisplayMessage":false,"hasContent":true}],"attachments":[],"parameters":[],"stepsCount":3,"attachmentsCount":0,"shouldDisplayMessage":false,"hasContent":true}],"attachments":[{"uid":"7f92f3879be13aec","name":"Screenshot","source":"7f92f3879be13aec.png","type":"image/png","size":94475},{"uid":"d6554434d8ce5b2f","name":"HTML source","source":"d6554434d8ce5b2f.html","type":"text/html","size":184464}],"parameters":[],"stepsCount":12,"attachmentsCount":2,"shouldDisplayMessage":true,"hasContent":true},"afterStages":[{"name":"driver::0","time":{"start":1690592679585,"stop":1690592679653,"duration":68},"status":"passed","steps":[],"attachments":[],"parameters":[],"stepsCount":0,"attachmentsCount":0,"shouldDisplayMessage":false,"hasContent":false},{"name":"clear_allure_result_folder::0","time":{"start":1690592835143,"stop":1690592835144,"duration":1},"status":"passed","steps":[],"attachments":[],"parameters":[],"stepsCount":0,"attachmentsCount":0,"shouldDisplayMessage":false,"hasContent":false}],"labels":[{"name":"feature","value":"Shopping Cart is full"},{"name":"parentSuite","value":"tests"},{"name":"suite","value":"test_shopping_cart"},{"name":"subSuite","value":"TestShoppingCartFull"},{"name":"host","value":"fv-az563-537"},{"name":"thread","value":"3387-MainThread"},{"name":"framework","value":"pytest"},{"name":"language","value":"cpython3"},{"name":"package","value":"tests.test_shopping_cart"},{"name":"resultFormat","value":"allure2"}],"parameters":[],"links":[],"hidden":false,"retry":false,"extra":{"severity":"normal","retries":[],"categories":[{"name":"Test defects","matchedStatuses":[],"flaky":false}],"history":{"statistic":{"failed":0,"broken":1,"skipped":0,"passed":6,"unknown":0,"total":7},"items":[{"uid":"285fb7672e8767ae","reportUrl":"https://DionisIno.github.io/luma_project/64//#testresult/285fb7672e8767ae","status":"passed","time":{"start":1690506294813,"stop":1690506299681,"duration":4868}},{"uid":"9ed03e0ab953748d","reportUrl":"https://DionisIno.github.io/luma_project/63//#testresult/9ed03e0ab953748d","status":"passed","time":{"start":1690420014224,"stop":1690420019041,"duration":4817}},{"uid":"c2d2f2882370498a","reportUrl":"https://DionisIno.github.io/luma_project/62//#testresult/c2d2f2882370498a","status":"passed","time":{"start":1690333855079,"stop":1690333860034,"duration":4955}},{"uid":"ba5d7cb42e85278","reportUrl":"https://DionisIno.github.io/luma_project/61//#testresult/ba5d7cb42e85278","status":"passed","time":{"start":1690248122154,"stop":1690248127541,"duration":5387}},{"uid":"427a5a54be7cc49a","reportUrl":"https://DionisIno.github.io/luma_project/60//#testresult/427a5a54be7cc49a","status":"passed","time":{"start":1690161274155,"stop":1690161278651,"duration":4496}},{"uid":"2a8f8a3962ac175c","reportUrl":"https://DionisIno.github.io/luma_project/59//#testresult/2a8f8a3962ac175c","status":"passed","time":{"start":1690075172681,"stop":1690075177482,"duration":4801}}]},"tags":[]},"source":"498b059394237d3.json","parameterValues":[]}