{"uid":"91dc9a2cdb45a8ac","name":"TC 01.02.02 functionality of the \"Search\" field","fullName":"tests.test_header.TestHeader#test_tc_01_02_02_functionality_of_the_search_field","historyId":"9ffa56c356139fd12f8ea771bf5675fb","time":{"start":1690591882281,"stop":1690591893789,"duration":11508},"description":"Check the \"Search\" field is activated and the drop-down list appears with various product","descriptionHtml":"<p>Check the &quot;Search&quot; field is activated and the drop-down list appears with various product</p>\n","status":"broken","statusMessage":"selenium.common.exceptions.TimeoutException: Message:","statusTrace":"self = <test_header.TestHeader object at 0x7ff8dfeaedd0>\ndriver = <selenium.webdriver.chrome.webdriver.WebDriver (session=\"6ea1c52ab89b91c76850eecbe48edd84\")>\n\n    @allure.title('TC 01.02.02 functionality of the \"Search\" field')\n    def test_tc_01_02_02_functionality_of_the_search_field(self, driver):\n        \"\"\"Check the \"Search\" field is activated and the drop-down list appears with various product\"\"\"\n        page = HeaderPage(driver, MAIN_PAGE_URL)\n        page.open()\n>       dropdown_items = page.enter_search_field_and_get_dropdown()\n\ntests/test_header.py:110: \n_ _ _ _ _ _ _ _ _ _ _ _ _ _ _ _ _ _ _ _ _ _ _ _ _ _ _ _ _ _ _ _ _ _ _ _ _ _ _ _ \npages/header_page.py:67: in enter_search_field_and_get_dropdown\n    return self.elements_are_visible(self.header_locators.SEARCH_DROPDOWN)\npages/base_page.py:40: in elements_are_visible\n    return wait(self.driver, timeout).until(EC.visibility_of_all_elements_located(locator))\n_ _ _ _ _ _ _ _ _ _ _ _ _ _ _ _ _ _ _ _ _ _ _ _ _ _ _ _ _ _ _ _ _ _ _ _ _ _ _ _ \n\nself = <selenium.webdriver.support.wait.WebDriverWait (session=\"6ea1c52ab89b91c76850eecbe48edd84\")>\nmethod = <function visibility_of_all_elements_located.<locals>._predicate at 0x7ff8defb09a0>\nmessage = ''\n\n    def until(self, method, message: str = \"\"):\n        \"\"\"Calls the method provided with the driver as an argument until the \\\n        return value does not evaluate to ``False``.\n    \n        :param method: callable(WebDriver)\n        :param message: optional message for :exc:`TimeoutException`\n        :returns: the result of the last call to `method`\n        :raises: :exc:`selenium.common.exceptions.TimeoutException` if timeout occurs\n        \"\"\"\n        screen = None\n        stacktrace = None\n    \n        end_time = time.monotonic() + self._timeout\n        while True:\n            try:\n                value = method(self._driver)\n                if value:\n                    return value\n            except self._ignored_exceptions as exc:\n                screen = getattr(exc, \"screen\", None)\n                stacktrace = getattr(exc, \"stacktrace\", None)\n            time.sleep(self._poll)\n            if time.monotonic() > end_time:\n                break\n>       raise TimeoutException(message, screen, stacktrace)\nE       selenium.common.exceptions.TimeoutException: Message:\n\n/opt/hostedtoolcache/Python/3.11.4/x64/lib/python3.11/site-packages/selenium/webdriver/support/wait.py:95: TimeoutException","flaky":false,"newFailed":false,"newBroken":true,"newPassed":false,"retriesCount":0,"retriesStatusChange":false,"beforeStages":[{"name":"_session_faker","time":{"start":1690591487134,"stop":1690591487228,"duration":94},"status":"passed","steps":[],"attachments":[],"parameters":[],"stepsCount":0,"attachmentsCount":0,"shouldDisplayMessage":false,"hasContent":false},{"name":"clear_allure_result_folder","time":{"start":1690591487228,"stop":1690591487228,"duration":0},"status":"passed","steps":[],"attachments":[],"parameters":[],"stepsCount":0,"attachmentsCount":0,"shouldDisplayMessage":false,"hasContent":false},{"name":"driver","time":{"start":1690591881275,"stop":1690591882280,"duration":1005},"status":"passed","steps":[],"attachments":[],"parameters":[],"stepsCount":0,"attachmentsCount":0,"shouldDisplayMessage":false,"hasContent":false}],"testStage":{"description":"Check the \"Search\" field is activated and the drop-down list appears with various product","status":"broken","statusMessage":"selenium.common.exceptions.TimeoutException: Message:","statusTrace":"self = <test_header.TestHeader object at 0x7ff8dfeaedd0>\ndriver = <selenium.webdriver.chrome.webdriver.WebDriver (session=\"6ea1c52ab89b91c76850eecbe48edd84\")>\n\n    @allure.title('TC 01.02.02 functionality of the \"Search\" field')\n    def test_tc_01_02_02_functionality_of_the_search_field(self, driver):\n        \"\"\"Check the \"Search\" field is activated and the drop-down list appears with various product\"\"\"\n        page = HeaderPage(driver, MAIN_PAGE_URL)\n        page.open()\n>       dropdown_items = page.enter_search_field_and_get_dropdown()\n\ntests/test_header.py:110: \n_ _ _ _ _ _ _ _ _ _ _ _ _ _ _ _ _ _ _ _ _ _ _ _ _ _ _ _ _ _ _ _ _ _ _ _ _ _ _ _ \npages/header_page.py:67: in enter_search_field_and_get_dropdown\n    return self.elements_are_visible(self.header_locators.SEARCH_DROPDOWN)\npages/base_page.py:40: in elements_are_visible\n    return wait(self.driver, timeout).until(EC.visibility_of_all_elements_located(locator))\n_ _ _ _ _ _ _ _ _ _ _ _ _ _ _ _ _ _ _ _ _ _ _ _ _ _ _ _ _ _ _ _ _ _ _ _ _ _ _ _ \n\nself = <selenium.webdriver.support.wait.WebDriverWait (session=\"6ea1c52ab89b91c76850eecbe48edd84\")>\nmethod = <function visibility_of_all_elements_located.<locals>._predicate at 0x7ff8defb09a0>\nmessage = ''\n\n    def until(self, method, message: str = \"\"):\n        \"\"\"Calls the method provided with the driver as an argument until the \\\n        return value does not evaluate to ``False``.\n    \n        :param method: callable(WebDriver)\n        :param message: optional message for :exc:`TimeoutException`\n        :returns: the result of the last call to `method`\n        :raises: :exc:`selenium.common.exceptions.TimeoutException` if timeout occurs\n        \"\"\"\n        screen = None\n        stacktrace = None\n    \n        end_time = time.monotonic() + self._timeout\n        while True:\n            try:\n                value = method(self._driver)\n                if value:\n                    return value\n            except self._ignored_exceptions as exc:\n                screen = getattr(exc, \"screen\", None)\n                stacktrace = getattr(exc, \"stacktrace\", None)\n            time.sleep(self._poll)\n            if time.monotonic() > end_time:\n                break\n>       raise TimeoutException(message, screen, stacktrace)\nE       selenium.common.exceptions.TimeoutException: Message:\n\n/opt/hostedtoolcache/Python/3.11.4/x64/lib/python3.11/site-packages/selenium/webdriver/support/wait.py:95: TimeoutException","steps":[{"name":"Open a browser","time":{"start":1690591882281,"stop":1690591883256,"duration":975},"status":"passed","steps":[],"attachments":[],"parameters":[],"stepsCount":0,"attachmentsCount":0,"shouldDisplayMessage":false,"hasContent":false},{"name":"Check the dropdown of the \"Search\" field","time":{"start":1690591883256,"stop":1690591893788,"duration":10532},"status":"broken","statusMessage":"selenium.common.exceptions.TimeoutException: Message: \n\n","statusTrace":"  File \"/opt/hostedtoolcache/Python/3.11.4/x64/lib/python3.11/site-packages/allure_commons/_allure.py\", line 192, in impl\n    return func(*a, **kw)\n           ^^^^^^^^^^^^^^\n  File \"/home/runner/work/luma_project/luma_project/pages/header_page.py\", line 67, in enter_search_field_and_get_dropdown\n    return self.elements_are_visible(self.header_locators.SEARCH_DROPDOWN)\n           ^^^^^^^^^^^^^^^^^^^^^^^^^^^^^^^^^^^^^^^^^^^^^^^^^^^^^^^^^^^^^^^\n  File \"/opt/hostedtoolcache/Python/3.11.4/x64/lib/python3.11/site-packages/allure_commons/_allure.py\", line 192, in impl\n    return func(*a, **kw)\n           ^^^^^^^^^^^^^^\n  File \"/home/runner/work/luma_project/luma_project/pages/base_page.py\", line 40, in elements_are_visible\n    return wait(self.driver, timeout).until(EC.visibility_of_all_elements_located(locator))\n           ^^^^^^^^^^^^^^^^^^^^^^^^^^^^^^^^^^^^^^^^^^^^^^^^^^^^^^^^^^^^^^^^^^^^^^^^^^^^^^^^\n  File \"/opt/hostedtoolcache/Python/3.11.4/x64/lib/python3.11/site-packages/selenium/webdriver/support/wait.py\", line 95, in until\n    raise TimeoutException(message, screen, stacktrace)\n","steps":[{"name":"Click on element and return it","time":{"start":1690591883256,"stop":1690591883353,"duration":97},"status":"passed","steps":[{"name":"Find a visible element","time":{"start":1690591883256,"stop":1690591883299,"duration":43},"status":"passed","steps":[{"name":"Find a present element","time":{"start":1690591883256,"stop":1690591883269,"duration":13},"status":"passed","steps":[],"attachments":[],"parameters":[{"name":"locator","value":"('xpath', \"//input[@id='search']\")"},{"name":"timeout","value":"5"}],"stepsCount":0,"attachmentsCount":0,"shouldDisplayMessage":false,"hasContent":true},{"name":"Go to specified element","time":{"start":1690591883269,"stop":1690591883276,"duration":7},"status":"passed","steps":[],"attachments":[],"parameters":[{"name":"element","value":"<selenium.webdriver.remote.webelement.WebElement (session=\"6ea1c52ab89b91c76850eecbe48edd84\", element=\"86CF46CB81DF66781C8D30CFFF808FDC_element_28\")>"}],"stepsCount":0,"attachmentsCount":0,"shouldDisplayMessage":false,"hasContent":true}],"attachments":[],"parameters":[{"name":"locator","value":"('xpath', \"//input[@id='search']\")"},{"name":"timeout","value":"10"}],"stepsCount":2,"attachmentsCount":0,"shouldDisplayMessage":false,"hasContent":true}],"attachments":[],"parameters":[{"name":"locator","value":"('xpath', \"//input[@id='search']\")"},{"name":"seconds","value":"15"}],"stepsCount":3,"attachmentsCount":0,"shouldDisplayMessage":false,"hasContent":true},{"name":"Find visible elements","time":{"start":1690591883391,"stop":1690591893788,"duration":10397},"status":"broken","statusMessage":"selenium.common.exceptions.TimeoutException: Message: \n\n","statusTrace":"  File \"/opt/hostedtoolcache/Python/3.11.4/x64/lib/python3.11/site-packages/allure_commons/_allure.py\", line 192, in impl\n    return func(*a, **kw)\n           ^^^^^^^^^^^^^^\n  File \"/home/runner/work/luma_project/luma_project/pages/base_page.py\", line 40, in elements_are_visible\n    return wait(self.driver, timeout).until(EC.visibility_of_all_elements_located(locator))\n           ^^^^^^^^^^^^^^^^^^^^^^^^^^^^^^^^^^^^^^^^^^^^^^^^^^^^^^^^^^^^^^^^^^^^^^^^^^^^^^^^\n  File \"/opt/hostedtoolcache/Python/3.11.4/x64/lib/python3.11/site-packages/selenium/webdriver/support/wait.py\", line 95, in until\n    raise TimeoutException(message, screen, stacktrace)\n","steps":[],"attachments":[],"parameters":[{"name":"locator","value":"('xpath', \"//*[@id='search_autocomplete']\")"},{"name":"timeout","value":"10"}],"stepsCount":0,"attachmentsCount":0,"shouldDisplayMessage":true,"hasContent":true}],"attachments":[],"parameters":[],"stepsCount":5,"attachmentsCount":0,"shouldDisplayMessage":false,"hasContent":true}],"attachments":[{"uid":"d51cd96df4b07e29","name":"Screenshot","source":"d51cd96df4b07e29.png","type":"image/png","size":712266},{"uid":"6508ae8a2b4594d1","name":"HTML source","source":"6508ae8a2b4594d1.html","type":"text/html","size":114317}],"parameters":[],"stepsCount":7,"attachmentsCount":2,"shouldDisplayMessage":true,"hasContent":true},"afterStages":[{"name":"driver::0","time":{"start":1690591894219,"stop":1690591894287,"duration":68},"status":"passed","steps":[],"attachments":[],"parameters":[],"stepsCount":0,"attachmentsCount":0,"shouldDisplayMessage":false,"hasContent":false},{"name":"clear_allure_result_folder::0","time":{"start":1690592835143,"stop":1690592835144,"duration":1},"status":"passed","steps":[],"attachments":[],"parameters":[],"stepsCount":0,"attachmentsCount":0,"shouldDisplayMessage":false,"hasContent":false}],"labels":[{"name":"epic","value":"Test Header"},{"name":"parentSuite","value":"tests"},{"name":"suite","value":"test_header"},{"name":"subSuite","value":"TestHeader"},{"name":"host","value":"fv-az563-537"},{"name":"thread","value":"3387-MainThread"},{"name":"framework","value":"pytest"},{"name":"language","value":"cpython3"},{"name":"package","value":"tests.test_header"},{"name":"resultFormat","value":"allure2"}],"parameters":[],"links":[],"hidden":false,"retry":false,"extra":{"severity":"normal","retries":[],"categories":[{"name":"Test defects","matchedStatuses":[],"flaky":false}],"history":{"statistic":{"failed":0,"broken":2,"skipped":0,"passed":5,"unknown":0,"total":7},"items":[{"uid":"bf517ff58fcbf68c","reportUrl":"https://DionisIno.github.io/luma_project/64//#testresult/bf517ff58fcbf68c","status":"passed","time":{"start":1690505471149,"stop":1690505473745,"duration":2596}},{"uid":"785942944349ede8","reportUrl":"https://DionisIno.github.io/luma_project/63//#testresult/785942944349ede8","status":"passed","time":{"start":1690419106540,"stop":1690419109190,"duration":2650}},{"uid":"97c3f118793d9867","reportUrl":"https://DionisIno.github.io/luma_project/62//#testresult/97c3f118793d9867","status":"passed","time":{"start":1690332948602,"stop":1690332951302,"duration":2700}},{"uid":"d3d6e408030889e7","reportUrl":"https://DionisIno.github.io/luma_project/61//#testresult/d3d6e408030889e7","status":"passed","time":{"start":1690247148367,"stop":1690247151222,"duration":2855}},{"uid":"d70373887448d758","reportUrl":"https://DionisIno.github.io/luma_project/60//#testresult/d70373887448d758","status":"broken","statusDetails":"selenium.common.exceptions.TimeoutException: Message:","time":{"start":1690160481687,"stop":1690160493206,"duration":11519}},{"uid":"3cc6441f085dacad","reportUrl":"https://DionisIno.github.io/luma_project/59//#testresult/3cc6441f085dacad","status":"passed","time":{"start":1690074299336,"stop":1690074301969,"duration":2633}}]},"tags":[]},"source":"91dc9a2cdb45a8ac.json","parameterValues":[]}