{"uid":"a07923eba91211f7","name":"TC 01.02.02 functionality of the \"Search\" field","fullName":"tests.test_header.TestHeader#test_tc_01_02_02_functionality_of_the_search_field","historyId":"9ffa56c356139fd12f8ea771bf5675fb","time":{"start":1694133973387,"stop":1694133984926,"duration":11539},"description":"Check the \"Search\" field is activated and the drop-down list appears with various product","descriptionHtml":"<p>Check the &quot;Search&quot; field is activated and the drop-down list appears with various product</p>\n","status":"broken","statusMessage":"selenium.common.exceptions.TimeoutException: Message:","statusTrace":"self = <test_header.TestHeader object at 0x7f5bf956e390>\ndriver = <selenium.webdriver.chrome.webdriver.WebDriver (session=\"887d7001e8ee8cc2339bee09ca26febc\")>\n\n    @allure.title('TC 01.02.02 functionality of the \"Search\" field')\n    def test_tc_01_02_02_functionality_of_the_search_field(self, driver):\n        \"\"\"Check the \"Search\" field is activated and the drop-down list appears with various product\"\"\"\n        page = HeaderPage(driver, MAIN_PAGE_URL)\n        page.open()\n>       dropdown_items = page.enter_search_field_and_get_dropdown()\n\ntests/test_header.py:110: \n_ _ _ _ _ _ _ _ _ _ _ _ _ _ _ _ _ _ _ _ _ _ _ _ _ _ _ _ _ _ _ _ _ _ _ _ _ _ _ _ \npages/header_page.py:67: in enter_search_field_and_get_dropdown\n    return self.elements_are_visible(self.header_locators.SEARCH_DROPDOWN)\npages/base_page.py:40: in elements_are_visible\n    return wait(self.driver, timeout).until(EC.visibility_of_all_elements_located(locator))\n_ _ _ _ _ _ _ _ _ _ _ _ _ _ _ _ _ _ _ _ _ _ _ _ _ _ _ _ _ _ _ _ _ _ _ _ _ _ _ _ \n\nself = <selenium.webdriver.support.wait.WebDriverWait (session=\"887d7001e8ee8cc2339bee09ca26febc\")>\nmethod = <function visibility_of_all_elements_located.<locals>._predicate at 0x7f5bfb23ff60>\nmessage = ''\n\n    def until(self, method, message: str = \"\"):\n        \"\"\"Calls the method provided with the driver as an argument until the \\\n        return value does not evaluate to ``False``.\n    \n        :param method: callable(WebDriver)\n        :param message: optional message for :exc:`TimeoutException`\n        :returns: the result of the last call to `method`\n        :raises: :exc:`selenium.common.exceptions.TimeoutException` if timeout occurs\n        \"\"\"\n        screen = None\n        stacktrace = None\n    \n        end_time = time.monotonic() + self._timeout\n        while True:\n            try:\n                value = method(self._driver)\n                if value:\n                    return value\n            except self._ignored_exceptions as exc:\n                screen = getattr(exc, \"screen\", None)\n                stacktrace = getattr(exc, \"stacktrace\", None)\n            time.sleep(self._poll)\n            if time.monotonic() > end_time:\n                break\n>       raise TimeoutException(message, screen, stacktrace)\nE       selenium.common.exceptions.TimeoutException: Message:\n\n/opt/hostedtoolcache/Python/3.11.5/x64/lib/python3.11/site-packages/selenium/webdriver/support/wait.py:95: TimeoutException","flaky":false,"newFailed":false,"newBroken":true,"newPassed":false,"retriesCount":0,"retriesStatusChange":false,"beforeStages":[{"name":"_session_faker","time":{"start":1694133479396,"stop":1694133479470,"duration":74},"status":"passed","steps":[],"attachments":[],"parameters":[],"shouldDisplayMessage":false,"stepsCount":0,"attachmentsCount":0,"hasContent":false},{"name":"clear_allure_result_folder","time":{"start":1694133479470,"stop":1694133479470,"duration":0},"status":"passed","steps":[],"attachments":[],"parameters":[],"shouldDisplayMessage":false,"stepsCount":0,"attachmentsCount":0,"hasContent":false},{"name":"driver","time":{"start":1694133972252,"stop":1694133973386,"duration":1134},"status":"passed","steps":[],"attachments":[],"parameters":[],"shouldDisplayMessage":false,"stepsCount":0,"attachmentsCount":0,"hasContent":false}],"testStage":{"description":"Check the \"Search\" field is activated and the drop-down list appears with various product","status":"broken","statusMessage":"selenium.common.exceptions.TimeoutException: Message:","statusTrace":"self = <test_header.TestHeader object at 0x7f5bf956e390>\ndriver = <selenium.webdriver.chrome.webdriver.WebDriver (session=\"887d7001e8ee8cc2339bee09ca26febc\")>\n\n    @allure.title('TC 01.02.02 functionality of the \"Search\" field')\n    def test_tc_01_02_02_functionality_of_the_search_field(self, driver):\n        \"\"\"Check the \"Search\" field is activated and the drop-down list appears with various product\"\"\"\n        page = HeaderPage(driver, MAIN_PAGE_URL)\n        page.open()\n>       dropdown_items = page.enter_search_field_and_get_dropdown()\n\ntests/test_header.py:110: \n_ _ _ _ _ _ _ _ _ _ _ _ _ _ _ _ _ _ _ _ _ _ _ _ _ _ _ _ _ _ _ _ _ _ _ _ _ _ _ _ \npages/header_page.py:67: in enter_search_field_and_get_dropdown\n    return self.elements_are_visible(self.header_locators.SEARCH_DROPDOWN)\npages/base_page.py:40: in elements_are_visible\n    return wait(self.driver, timeout).until(EC.visibility_of_all_elements_located(locator))\n_ _ _ _ _ _ _ _ _ _ _ _ _ _ _ _ _ _ _ _ _ _ _ _ _ _ _ _ _ _ _ _ _ _ _ _ _ _ _ _ \n\nself = <selenium.webdriver.support.wait.WebDriverWait (session=\"887d7001e8ee8cc2339bee09ca26febc\")>\nmethod = <function visibility_of_all_elements_located.<locals>._predicate at 0x7f5bfb23ff60>\nmessage = ''\n\n    def until(self, method, message: str = \"\"):\n        \"\"\"Calls the method provided with the driver as an argument until the \\\n        return value does not evaluate to ``False``.\n    \n        :param method: callable(WebDriver)\n        :param message: optional message for :exc:`TimeoutException`\n        :returns: the result of the last call to `method`\n        :raises: :exc:`selenium.common.exceptions.TimeoutException` if timeout occurs\n        \"\"\"\n        screen = None\n        stacktrace = None\n    \n        end_time = time.monotonic() + self._timeout\n        while True:\n            try:\n                value = method(self._driver)\n                if value:\n                    return value\n            except self._ignored_exceptions as exc:\n                screen = getattr(exc, \"screen\", None)\n                stacktrace = getattr(exc, \"stacktrace\", None)\n            time.sleep(self._poll)\n            if time.monotonic() > end_time:\n                break\n>       raise TimeoutException(message, screen, stacktrace)\nE       selenium.common.exceptions.TimeoutException: Message:\n\n/opt/hostedtoolcache/Python/3.11.5/x64/lib/python3.11/site-packages/selenium/webdriver/support/wait.py:95: TimeoutException","steps":[{"name":"Open a browser","time":{"start":1694133973387,"stop":1694133974362,"duration":975},"status":"passed","steps":[],"attachments":[],"parameters":[],"shouldDisplayMessage":false,"stepsCount":0,"attachmentsCount":0,"hasContent":false},{"name":"Check the dropdown of the \"Search\" field","time":{"start":1694133974362,"stop":1694133984925,"duration":10563},"status":"broken","statusMessage":"selenium.common.exceptions.TimeoutException: Message: \n\n","statusTrace":"  File \"/opt/hostedtoolcache/Python/3.11.5/x64/lib/python3.11/site-packages/allure_commons/_allure.py\", line 192, in impl\n    return func(*a, **kw)\n           ^^^^^^^^^^^^^^\n  File \"/home/runner/work/luma_project/luma_project/pages/header_page.py\", line 67, in enter_search_field_and_get_dropdown\n    return self.elements_are_visible(self.header_locators.SEARCH_DROPDOWN)\n           ^^^^^^^^^^^^^^^^^^^^^^^^^^^^^^^^^^^^^^^^^^^^^^^^^^^^^^^^^^^^^^^\n  File \"/opt/hostedtoolcache/Python/3.11.5/x64/lib/python3.11/site-packages/allure_commons/_allure.py\", line 192, in impl\n    return func(*a, **kw)\n           ^^^^^^^^^^^^^^\n  File \"/home/runner/work/luma_project/luma_project/pages/base_page.py\", line 40, in elements_are_visible\n    return wait(self.driver, timeout).until(EC.visibility_of_all_elements_located(locator))\n           ^^^^^^^^^^^^^^^^^^^^^^^^^^^^^^^^^^^^^^^^^^^^^^^^^^^^^^^^^^^^^^^^^^^^^^^^^^^^^^^^\n  File \"/opt/hostedtoolcache/Python/3.11.5/x64/lib/python3.11/site-packages/selenium/webdriver/support/wait.py\", line 95, in until\n    raise TimeoutException(message, screen, stacktrace)\n","steps":[{"name":"Click on element and return it","time":{"start":1694133974362,"stop":1694133974457,"duration":95},"status":"passed","steps":[{"name":"Find a visible element","time":{"start":1694133974362,"stop":1694133974407,"duration":45},"status":"passed","steps":[{"name":"Find a present element","time":{"start":1694133974362,"stop":1694133974378,"duration":16},"status":"passed","steps":[],"attachments":[],"parameters":[{"name":"locator","value":"('xpath', \"//input[@id='search']\")"},{"name":"timeout","value":"5"}],"shouldDisplayMessage":false,"stepsCount":0,"attachmentsCount":0,"hasContent":true},{"name":"Go to specified element","time":{"start":1694133974378,"stop":1694133974386,"duration":8},"status":"passed","steps":[],"attachments":[],"parameters":[{"name":"element","value":"<selenium.webdriver.remote.webelement.WebElement (session=\"887d7001e8ee8cc2339bee09ca26febc\", element=\"131EFD006D71AD521D6769FBAD692F51_element_7\")>"}],"shouldDisplayMessage":false,"stepsCount":0,"attachmentsCount":0,"hasContent":true}],"attachments":[],"parameters":[{"name":"locator","value":"('xpath', \"//input[@id='search']\")"},{"name":"timeout","value":"10"}],"shouldDisplayMessage":false,"stepsCount":2,"attachmentsCount":0,"hasContent":true}],"attachments":[],"parameters":[{"name":"locator","value":"('xpath', \"//input[@id='search']\")"},{"name":"seconds","value":"15"}],"shouldDisplayMessage":false,"stepsCount":3,"attachmentsCount":0,"hasContent":true},{"name":"Find visible elements","time":{"start":1694133974511,"stop":1694133984925,"duration":10414},"status":"broken","statusMessage":"selenium.common.exceptions.TimeoutException: Message: \n\n","statusTrace":"  File \"/opt/hostedtoolcache/Python/3.11.5/x64/lib/python3.11/site-packages/allure_commons/_allure.py\", line 192, in impl\n    return func(*a, **kw)\n           ^^^^^^^^^^^^^^\n  File \"/home/runner/work/luma_project/luma_project/pages/base_page.py\", line 40, in elements_are_visible\n    return wait(self.driver, timeout).until(EC.visibility_of_all_elements_located(locator))\n           ^^^^^^^^^^^^^^^^^^^^^^^^^^^^^^^^^^^^^^^^^^^^^^^^^^^^^^^^^^^^^^^^^^^^^^^^^^^^^^^^\n  File \"/opt/hostedtoolcache/Python/3.11.5/x64/lib/python3.11/site-packages/selenium/webdriver/support/wait.py\", line 95, in until\n    raise TimeoutException(message, screen, stacktrace)\n","steps":[],"attachments":[],"parameters":[{"name":"locator","value":"('xpath', \"//*[@id='search_autocomplete']\")"},{"name":"timeout","value":"10"}],"shouldDisplayMessage":true,"stepsCount":0,"attachmentsCount":0,"hasContent":true}],"attachments":[],"parameters":[],"shouldDisplayMessage":false,"stepsCount":5,"attachmentsCount":0,"hasContent":true}],"attachments":[{"uid":"4c92e1db0b5a4f8c","name":"Screenshot","source":"4c92e1db0b5a4f8c.png","type":"image/png","size":711842},{"uid":"dd71a13071658d5e","name":"HTML source","source":"dd71a13071658d5e.html","type":"text/html","size":115862}],"parameters":[],"shouldDisplayMessage":true,"stepsCount":7,"attachmentsCount":2,"hasContent":true},"afterStages":[{"name":"driver::0","time":{"start":1694133985381,"stop":1694133985448,"duration":67},"status":"passed","steps":[],"attachments":[],"parameters":[],"shouldDisplayMessage":false,"stepsCount":0,"attachmentsCount":0,"hasContent":false},{"name":"clear_allure_result_folder::0","time":{"start":1694134929369,"stop":1694134929369,"duration":0},"status":"passed","steps":[],"attachments":[],"parameters":[],"shouldDisplayMessage":false,"stepsCount":0,"attachmentsCount":0,"hasContent":false}],"labels":[{"name":"epic","value":"Test Header"},{"name":"parentSuite","value":"tests"},{"name":"suite","value":"test_header"},{"name":"subSuite","value":"TestHeader"},{"name":"host","value":"fv-az411-772"},{"name":"thread","value":"2914-MainThread"},{"name":"framework","value":"pytest"},{"name":"language","value":"cpython3"},{"name":"package","value":"tests.test_header"},{"name":"resultFormat","value":"allure2"}],"parameters":[],"links":[],"hidden":false,"retry":false,"extra":{"severity":"normal","retries":[],"categories":[{"name":"Test defects","matchedStatuses":[],"flaky":false}],"history":{"statistic":{"failed":0,"broken":2,"skipped":0,"passed":4,"unknown":0,"total":6},"items":[{"uid":"77f48e46150f4c14","reportUrl":"https://DionisIno.github.io/luma_project/105//#testresult/77f48e46150f4c14","status":"passed","time":{"start":1694047597598,"stop":1694047599502,"duration":1904}},{"uid":"b4eef0a272f8f417","reportUrl":"https://DionisIno.github.io/luma_project/104//#testresult/b4eef0a272f8f417","status":"passed","time":{"start":1693961246517,"stop":1693961249127,"duration":2610}},{"uid":"412df32a1010fc28","reportUrl":"https://DionisIno.github.io/luma_project/103//#testresult/412df32a1010fc28","status":"broken","statusDetails":"selenium.common.exceptions.TimeoutException: Message:","time":{"start":1693874750422,"stop":1693874761852,"duration":11430}},{"uid":"75082075de29cf4a","reportUrl":"https://DionisIno.github.io/luma_project/102//#testresult/75082075de29cf4a","status":"passed","time":{"start":1693788492258,"stop":1693788494833,"duration":2575}},{"uid":"42ec14553a0f9494","reportUrl":"https://DionisIno.github.io/luma_project/101//#testresult/42ec14553a0f9494","status":"passed","time":{"start":1693702179834,"stop":1693702181799,"duration":1965}}]},"tags":[]},"source":"a07923eba91211f7.json","parameterValues":[]}