{"uid":"d7b552e863190662","name":"TC 10.02.01 - Verify 'MEN'S DEALS' title is correct","fullName":"tests.test_sale.TestSideMenuBarMen#test_tc_10_02_01","historyId":"7d9cc06b830a248f9ded0f57b7152948","time":{"start":1688606150821,"stop":1688606150881,"duration":60},"description":"Check title of Men's Deals section","descriptionHtml":"<p>Check title of Men's Deals section</p>\n","status":"skipped","statusMessage":"XFAIL This test is expecting failure == Assertion Error because of error in spelling Men's\n\nAssertionError: Expected title: 'MEN'S DEALS', Actual title: MENS'S DEALS\nassert \"MENS'S DEALS\" == \"MEN'S DEALS\"\n  - MEN'S DEALS\n  + MENS'S DEALS\n  ?    +","statusTrace":"self = <test_sale.TestSalePage.TestSideMenuBarMen object at 0x7effa64d4590>\nsale_page = <pages.sale_page.SalePage object at 0x7effa71fb050>\n\n    @allure.title(\"TC 10.02.01 - Verify 'MEN'S DEALS' title is correct\")\n    @pytest.mark.xfail(reason=\"This test is expecting failure == Assertion Error \"\n                              \"because of error in spelling Men's\")\n    def test_tc_10_02_01(self, sale_page):\n        \"\"\"Check title of Men's Deals section\"\"\"\n        title = sale_page.check_text_in_men_deals_title()\n>       assert title == \"MEN'S DEALS\", f\"Expected title: 'MEN'S DEALS', Actual title: {title}\"\nE       AssertionError: Expected title: 'MEN'S DEALS', Actual title: MENS'S DEALS\nE       assert \"MENS'S DEALS\" == \"MEN'S DEALS\"\nE         - MEN'S DEALS\nE         + MENS'S DEALS\nE         ?    +\n\ntests/test_sale.py:66: AssertionError","flaky":false,"newFailed":false,"newBroken":false,"newPassed":false,"retriesCount":0,"retriesStatusChange":false,"beforeStages":[{"name":"_session_faker","time":{"start":1688605157861,"stop":1688605157964,"duration":103},"status":"passed","steps":[],"attachments":[],"parameters":[],"stepsCount":0,"attachmentsCount":0,"shouldDisplayMessage":false,"hasContent":false},{"name":"clear_allure_result_folder","time":{"start":1688605157964,"stop":1688605157965,"duration":1},"status":"passed","steps":[],"attachments":[],"parameters":[],"stepsCount":0,"attachmentsCount":0,"shouldDisplayMessage":false,"hasContent":false},{"name":"driver","time":{"start":1688606148811,"stop":1688606149861,"duration":1050},"status":"passed","steps":[],"attachments":[],"parameters":[],"stepsCount":0,"attachmentsCount":0,"shouldDisplayMessage":false,"hasContent":false},{"name":"sale_page","time":{"start":1688606149861,"stop":1688606150821,"duration":960},"status":"passed","steps":[{"name":"Open a browser","time":{"start":1688606149861,"stop":1688606150821,"duration":960},"status":"passed","steps":[],"attachments":[],"parameters":[],"stepsCount":0,"attachmentsCount":0,"shouldDisplayMessage":false,"hasContent":false}],"attachments":[],"parameters":[],"stepsCount":1,"attachmentsCount":0,"shouldDisplayMessage":false,"hasContent":true}],"testStage":{"description":"Check title of Men's Deals section","status":"skipped","statusMessage":"XFAIL This test is expecting failure == Assertion Error because of error in spelling Men's\n\nAssertionError: Expected title: 'MEN'S DEALS', Actual title: MENS'S DEALS\nassert \"MENS'S DEALS\" == \"MEN'S DEALS\"\n  - MEN'S DEALS\n  + MENS'S DEALS\n  ?    +","statusTrace":"self = <test_sale.TestSalePage.TestSideMenuBarMen object at 0x7effa64d4590>\nsale_page = <pages.sale_page.SalePage object at 0x7effa71fb050>\n\n    @allure.title(\"TC 10.02.01 - Verify 'MEN'S DEALS' title is correct\")\n    @pytest.mark.xfail(reason=\"This test is expecting failure == Assertion Error \"\n                              \"because of error in spelling Men's\")\n    def test_tc_10_02_01(self, sale_page):\n        \"\"\"Check title of Men's Deals section\"\"\"\n        title = sale_page.check_text_in_men_deals_title()\n>       assert title == \"MEN'S DEALS\", f\"Expected title: 'MEN'S DEALS', Actual title: {title}\"\nE       AssertionError: Expected title: 'MEN'S DEALS', Actual title: MENS'S DEALS\nE       assert \"MENS'S DEALS\" == \"MEN'S DEALS\"\nE         - MEN'S DEALS\nE         + MENS'S DEALS\nE         ?    +\n\ntests/test_sale.py:66: AssertionError","steps":[{"name":"Check text in Men's deals title","time":{"start":1688606150822,"stop":1688606150880,"duration":58},"status":"passed","steps":[{"name":"Find a visible element","time":{"start":1688606150822,"stop":1688606150868,"duration":46},"status":"passed","steps":[{"name":"Find a present element","time":{"start":1688606150822,"stop":1688606150838,"duration":16},"status":"passed","steps":[],"attachments":[],"parameters":[{"name":"locator","value":"('css selector', '.categories-menu > strong:nth-child(3) > span')"},{"name":"timeout","value":"5"}],"stepsCount":0,"attachmentsCount":0,"shouldDisplayMessage":false,"hasContent":true},{"name":"Go to specified element","time":{"start":1688606150838,"stop":1688606150843,"duration":5},"status":"passed","steps":[],"attachments":[],"parameters":[{"name":"element","value":"<selenium.webdriver.remote.webelement.WebElement (session=\"2bb6207b6a8f3e7c7613cccbf7fbc2f5\", element=\"94443A4F885A7D89FF9F5DEE7A9FC760_element_8\")>"}],"stepsCount":0,"attachmentsCount":0,"shouldDisplayMessage":false,"hasContent":true}],"attachments":[],"parameters":[{"name":"locator","value":"('css selector', '.categories-menu > strong:nth-child(3) > span')"},{"name":"timeout","value":"10"}],"stepsCount":2,"attachmentsCount":0,"shouldDisplayMessage":false,"hasContent":true}],"attachments":[],"parameters":[],"stepsCount":3,"attachmentsCount":0,"shouldDisplayMessage":false,"hasContent":true}],"attachments":[],"parameters":[],"stepsCount":4,"attachmentsCount":0,"shouldDisplayMessage":true,"hasContent":true},"afterStages":[{"name":"driver::0","time":{"start":1688606150887,"stop":1688606150948,"duration":61},"status":"passed","steps":[],"attachments":[],"parameters":[],"stepsCount":0,"attachmentsCount":0,"shouldDisplayMessage":false,"hasContent":false},{"name":"clear_allure_result_folder::0","time":{"start":1688606498478,"stop":1688606498478,"duration":0},"status":"passed","steps":[],"attachments":[],"parameters":[],"stepsCount":0,"attachmentsCount":0,"shouldDisplayMessage":false,"hasContent":false}],"labels":[{"name":"epic","value":"Sale Page"},{"name":"feature","value":"Testing Side Menu Bar - Men's Deals Section"},{"name":"tag","value":"@pytest.mark.xfail(reason='This test is expecting failure == Assertion Error because of error in spelling Men's')"},{"name":"parentSuite","value":"tests"},{"name":"suite","value":"test_sale"},{"name":"subSuite","value":"TestSalePage"},{"name":"host","value":"fv-az400-756"},{"name":"thread","value":"3355-MainThread"},{"name":"framework","value":"pytest"},{"name":"language","value":"cpython3"},{"name":"package","value":"tests.test_sale"},{"name":"resultFormat","value":"allure2"}],"parameters":[],"links":[],"hidden":false,"retry":false,"extra":{"severity":"normal","retries":[],"categories":[],"history":{"statistic":{"failed":0,"broken":0,"skipped":4,"passed":0,"unknown":0,"total":4},"items":[{"uid":"832b36b90d2613a3","reportUrl":"https://DionisIno.github.io/luma_project/41//#testresult/832b36b90d2613a3","status":"skipped","statusDetails":"XFAIL This test is expecting failure == Assertion Error because of error in spelling Men's\n\nAssertionError: Expected title: 'MEN'S DEALS', Actual title: MENS'S DEALS\nassert \"MENS'S DEALS\" == \"MEN'S DEALS\"\n  - MEN'S DEALS\n  + MENS'S DEALS\n  ?    +","time":{"start":1688519908605,"stop":1688519908855,"duration":250}},{"uid":"62a1bdcc58d1236a","reportUrl":"https://DionisIno.github.io/luma_project/40//#testresult/62a1bdcc58d1236a","status":"skipped","statusDetails":"XFAIL This test is expecting failure == Assertion Error because of error in spelling Men's\n\nAssertionError: Expected title: 'MEN'S DEALS', Actual title: MENS'S DEALS\nassert \"MENS'S DEALS\" == \"MEN'S DEALS\"\n  - MEN'S DEALS\n  + MENS'S DEALS\n  ?    +","time":{"start":1688433335641,"stop":1688433335721,"duration":80}},{"uid":"eab3a70354d67f63","reportUrl":"https://DionisIno.github.io/luma_project/6//#testresult/eab3a70354d67f63","status":"skipped","statusDetails":"XFAIL This test is expecting failure == Assertion Error because of error in spelling Men's\n\nAssertionError: Expected title: 'MEN'S DEALS', Actual title: MENS'S DEALS\nassert \"MENS'S DEALS\" == \"MEN'S DEALS\"\n  - MEN'S DEALS\n  + MENS'S DEALS\n  ?    +","time":{"start":1688402752565,"stop":1688402752625,"duration":60}}]},"tags":["@pytest.mark.xfail(reason='This test is expecting failure == Assertion Error because of error in spelling Men's')"]},"source":"d7b552e863190662.json","parameterValues":[]}