{"uid":"7db971a2a1d31dba","name":"TC 17.01.25 Verify error on resetting My Password with empty email","fullName":"tests.test_forgot_your_password.TestForgotYourPasswordFunctionality#test_17_01_25_error_if_reset_my_password_with_empty_email","historyId":"3fc451d87c8653c0431c5bf955165f1b","time":{"start":1695689407513,"stop":1695689412691,"duration":5178},"description":"Check error message on attempt to reset password with empty email field","descriptionHtml":"<p>Check error message on attempt to reset password with empty email field</p>\n","status":"broken","statusMessage":"selenium.common.exceptions.TimeoutException: Message: \nStacktrace:\n#0 0x562b655f26c3 <unknown>\n#1 0x562b652c81e7 <unknown>\n#2 0x562b6530f566 <unknown>\n#3 0x562b6530f651 <unknown>\n#4 0x562b6534ca74 <unknown>\n#5 0x562b653310ed <unknown>\n#6 0x562b6534a322 <unknown>\n#7 0x562b65330e93 <unknown>\n#8 0x562b65303934 <unknown>\n#9 0x562b6530471e <unknown>\n#10 0x562b655b7cc8 <unknown>\n#11 0x562b655bbc00 <unknown>\n#12 0x562b655c61ac <unknown>\n#13 0x562b655bc818 <unknown>\n#14 0x562b6558928f <unknown>\n#15 0x562b655e0e98 <unknown>\n#16 0x562b655e1069 <unknown>\n#17 0x562b655f1853 <unknown>\n#18 0x7fd0a3094b43 <unknown>","statusTrace":"self = <test_forgot_your_password.TestForgotYourPasswordFunctionality object at 0x7f693e36cb90>\ndriver = <selenium.webdriver.chrome.webdriver.WebDriver (session=\"94706ee5405f9d9157af4659306c8ff4\")>\nforgot_psw_page = <pages.forgot_your_password_page.ForgotYourPasswordPage object at 0x7f693e1a5410>\n\n    @allure.title('TC 17.01.25 Verify error on resetting My Password with empty email')\n    def test_17_01_25_error_if_reset_my_password_with_empty_email(self, driver, forgot_psw_page):\n        \"\"\"Check error message on attempt to reset password with empty email field\"\"\"\n>       forgot_psw_page.fill_in_forgot_psw_captcha_field(captcha)\n\ntests/test_forgot_your_password.py:196: \n_ _ _ _ _ _ _ _ _ _ _ _ _ _ _ _ _ _ _ _ _ _ _ _ _ _ _ _ _ _ _ _ _ _ _ _ _ _ _ _ \npages/forgot_your_password_page.py:84: in fill_in_forgot_psw_captcha_field\n    return self.fill_in_field(self.check_forgot_psw_captcha_field_is_clickable(), text)\npages/forgot_your_password_page.py:59: in check_forgot_psw_captcha_field_is_clickable\n    return self.element_is_clickable(self.locators.FORGOT_YOUR_PASSWORD_CAPTCHA)\npages/base_page.py:80: in element_is_clickable\n    return wait(self.driver, timeout).until(EC.element_to_be_clickable(locator))\n_ _ _ _ _ _ _ _ _ _ _ _ _ _ _ _ _ _ _ _ _ _ _ _ _ _ _ _ _ _ _ _ _ _ _ _ _ _ _ _ \n\nself = <selenium.webdriver.support.wait.WebDriverWait (session=\"94706ee5405f9d9157af4659306c8ff4\")>\nmethod = <function element_to_be_clickable.<locals>._predicate at 0x7f693c64afc0>\nmessage = ''\n\n    def until(self, method, message: str = \"\"):\n        \"\"\"Calls the method provided with the driver as an argument until the \\\n        return value does not evaluate to ``False``.\n    \n        :param method: callable(WebDriver)\n        :param message: optional message for :exc:`TimeoutException`\n        :returns: the result of the last call to `method`\n        :raises: :exc:`selenium.common.exceptions.TimeoutException` if timeout occurs\n        \"\"\"\n        screen = None\n        stacktrace = None\n    \n        end_time = time.monotonic() + self._timeout\n        while True:\n            try:\n                value = method(self._driver)\n                if value:\n                    return value\n            except self._ignored_exceptions as exc:\n                screen = getattr(exc, \"screen\", None)\n                stacktrace = getattr(exc, \"stacktrace\", None)\n            time.sleep(self._poll)\n            if time.monotonic() > end_time:\n                break\n>       raise TimeoutException(message, screen, stacktrace)\nE       selenium.common.exceptions.TimeoutException: Message: \nE       Stacktrace:\nE       #0 0x562b655f26c3 <unknown>\nE       #1 0x562b652c81e7 <unknown>\nE       #2 0x562b6530f566 <unknown>\nE       #3 0x562b6530f651 <unknown>\nE       #4 0x562b6534ca74 <unknown>\nE       #5 0x562b653310ed <unknown>\nE       #6 0x562b6534a322 <unknown>\nE       #7 0x562b65330e93 <unknown>\nE       #8 0x562b65303934 <unknown>\nE       #9 0x562b6530471e <unknown>\nE       #10 0x562b655b7cc8 <unknown>\nE       #11 0x562b655bbc00 <unknown>\nE       #12 0x562b655c61ac <unknown>\nE       #13 0x562b655bc818 <unknown>\nE       #14 0x562b6558928f <unknown>\nE       #15 0x562b655e0e98 <unknown>\nE       #16 0x562b655e1069 <unknown>\nE       #17 0x562b655f1853 <unknown>\nE       #18 0x7fd0a3094b43 <unknown>\n\n/opt/hostedtoolcache/Python/3.11.5/x64/lib/python3.11/site-packages/selenium/webdriver/support/wait.py:95: TimeoutException","flaky":false,"newFailed":false,"newBroken":false,"newPassed":false,"retriesCount":0,"retriesStatusChange":false,"beforeStages":[{"name":"_session_faker","time":{"start":1695688785623,"stop":1695688785712,"duration":89},"status":"passed","steps":[],"attachments":[],"parameters":[],"shouldDisplayMessage":false,"stepsCount":0,"attachmentsCount":0,"hasContent":false},{"name":"clear_allure_result_folder","time":{"start":1695688785713,"stop":1695688785713,"duration":0},"status":"passed","steps":[],"attachments":[],"parameters":[],"shouldDisplayMessage":false,"stepsCount":0,"attachmentsCount":0,"hasContent":false},{"name":"driver","time":{"start":1695689404096,"stop":1695689405426,"duration":1330},"status":"passed","steps":[],"attachments":[],"parameters":[],"shouldDisplayMessage":false,"stepsCount":0,"attachmentsCount":0,"hasContent":false},{"name":"forgot_psw_page","time":{"start":1695689405427,"stop":1695689407513,"duration":2086},"status":"passed","steps":[{"name":"Open a browser","time":{"start":1695689405427,"stop":1695689407513,"duration":2086},"status":"passed","steps":[],"attachments":[],"parameters":[],"shouldDisplayMessage":false,"stepsCount":0,"attachmentsCount":0,"hasContent":false}],"attachments":[],"parameters":[],"shouldDisplayMessage":false,"stepsCount":1,"attachmentsCount":0,"hasContent":true}],"testStage":{"description":"Check error message on attempt to reset password with empty email field","status":"broken","statusMessage":"selenium.common.exceptions.TimeoutException: Message: \nStacktrace:\n#0 0x562b655f26c3 <unknown>\n#1 0x562b652c81e7 <unknown>\n#2 0x562b6530f566 <unknown>\n#3 0x562b6530f651 <unknown>\n#4 0x562b6534ca74 <unknown>\n#5 0x562b653310ed <unknown>\n#6 0x562b6534a322 <unknown>\n#7 0x562b65330e93 <unknown>\n#8 0x562b65303934 <unknown>\n#9 0x562b6530471e <unknown>\n#10 0x562b655b7cc8 <unknown>\n#11 0x562b655bbc00 <unknown>\n#12 0x562b655c61ac <unknown>\n#13 0x562b655bc818 <unknown>\n#14 0x562b6558928f <unknown>\n#15 0x562b655e0e98 <unknown>\n#16 0x562b655e1069 <unknown>\n#17 0x562b655f1853 <unknown>\n#18 0x7fd0a3094b43 <unknown>","statusTrace":"self = <test_forgot_your_password.TestForgotYourPasswordFunctionality object at 0x7f693e36cb90>\ndriver = <selenium.webdriver.chrome.webdriver.WebDriver (session=\"94706ee5405f9d9157af4659306c8ff4\")>\nforgot_psw_page = <pages.forgot_your_password_page.ForgotYourPasswordPage object at 0x7f693e1a5410>\n\n    @allure.title('TC 17.01.25 Verify error on resetting My Password with empty email')\n    def test_17_01_25_error_if_reset_my_password_with_empty_email(self, driver, forgot_psw_page):\n        \"\"\"Check error message on attempt to reset password with empty email field\"\"\"\n>       forgot_psw_page.fill_in_forgot_psw_captcha_field(captcha)\n\ntests/test_forgot_your_password.py:196: \n_ _ _ _ _ _ _ _ _ _ _ _ _ _ _ _ _ _ _ _ _ _ _ _ _ _ _ _ _ _ _ _ _ _ _ _ _ _ _ _ \npages/forgot_your_password_page.py:84: in fill_in_forgot_psw_captcha_field\n    return self.fill_in_field(self.check_forgot_psw_captcha_field_is_clickable(), text)\npages/forgot_your_password_page.py:59: in check_forgot_psw_captcha_field_is_clickable\n    return self.element_is_clickable(self.locators.FORGOT_YOUR_PASSWORD_CAPTCHA)\npages/base_page.py:80: in element_is_clickable\n    return wait(self.driver, timeout).until(EC.element_to_be_clickable(locator))\n_ _ _ _ _ _ _ _ _ _ _ _ _ _ _ _ _ _ _ _ _ _ _ _ _ _ _ _ _ _ _ _ _ _ _ _ _ _ _ _ \n\nself = <selenium.webdriver.support.wait.WebDriverWait (session=\"94706ee5405f9d9157af4659306c8ff4\")>\nmethod = <function element_to_be_clickable.<locals>._predicate at 0x7f693c64afc0>\nmessage = ''\n\n    def until(self, method, message: str = \"\"):\n        \"\"\"Calls the method provided with the driver as an argument until the \\\n        return value does not evaluate to ``False``.\n    \n        :param method: callable(WebDriver)\n        :param message: optional message for :exc:`TimeoutException`\n        :returns: the result of the last call to `method`\n        :raises: :exc:`selenium.common.exceptions.TimeoutException` if timeout occurs\n        \"\"\"\n        screen = None\n        stacktrace = None\n    \n        end_time = time.monotonic() + self._timeout\n        while True:\n            try:\n                value = method(self._driver)\n                if value:\n                    return value\n            except self._ignored_exceptions as exc:\n                screen = getattr(exc, \"screen\", None)\n                stacktrace = getattr(exc, \"stacktrace\", None)\n            time.sleep(self._poll)\n            if time.monotonic() > end_time:\n                break\n>       raise TimeoutException(message, screen, stacktrace)\nE       selenium.common.exceptions.TimeoutException: Message: \nE       Stacktrace:\nE       #0 0x562b655f26c3 <unknown>\nE       #1 0x562b652c81e7 <unknown>\nE       #2 0x562b6530f566 <unknown>\nE       #3 0x562b6530f651 <unknown>\nE       #4 0x562b6534ca74 <unknown>\nE       #5 0x562b653310ed <unknown>\nE       #6 0x562b6534a322 <unknown>\nE       #7 0x562b65330e93 <unknown>\nE       #8 0x562b65303934 <unknown>\nE       #9 0x562b6530471e <unknown>\nE       #10 0x562b655b7cc8 <unknown>\nE       #11 0x562b655bbc00 <unknown>\nE       #12 0x562b655c61ac <unknown>\nE       #13 0x562b655bc818 <unknown>\nE       #14 0x562b6558928f <unknown>\nE       #15 0x562b655e0e98 <unknown>\nE       #16 0x562b655e1069 <unknown>\nE       #17 0x562b655f1853 <unknown>\nE       #18 0x7fd0a3094b43 <unknown>\n\n/opt/hostedtoolcache/Python/3.11.5/x64/lib/python3.11/site-packages/selenium/webdriver/support/wait.py:95: TimeoutException","steps":[{"name":"Fill in FYP Email field","time":{"start":1695689407514,"stop":1695689412691,"duration":5177},"status":"broken","statusMessage":"selenium.common.exceptions.TimeoutException: Message: \nStacktrace:\n#0 0x562b655f26c3 <unknown>\n#1 0x562b652c81e7 <unknown>\n#2 0x562b6530f566 <unknown>\n#3 0x562b6530f651 <unknown>\n#4 0x562b6534ca74 <unknown>\n#5 0x562b653310ed <unknown>\n#6 0x562b6534a322 <unknown>\n#7 0x562b65330e93 <unknown>\n#8 0x562b65303934 <unknown>\n#9 0x562b6530471e <unknown>\n#10 0x562b655b7cc8 <unknown>\n#11 0x562b655bbc00 <unknown>\n#12 0x562b655c61ac <unknown>\n#13 0x562b655bc818 <unknown>\n#14 0x562b6558928f <unknown>\n#15 0x562b655e0e98 <unknown>\n#16 0x562b655e1069 <unknown>\n#17 0x562b655f1853 <unknown>\n#18 0x7fd0a3094b43 <unknown>\n\n","statusTrace":"  File \"/opt/hostedtoolcache/Python/3.11.5/x64/lib/python3.11/site-packages/allure_commons/_allure.py\", line 192, in impl\n    return func(*a, **kw)\n           ^^^^^^^^^^^^^^\n  File \"/home/runner/work/luma_project/luma_project/pages/forgot_your_password_page.py\", line 84, in fill_in_forgot_psw_captcha_field\n    return self.fill_in_field(self.check_forgot_psw_captcha_field_is_clickable(), text)\n                              ^^^^^^^^^^^^^^^^^^^^^^^^^^^^^^^^^^^^^^^^^^^^^^^^^^\n  File \"/opt/hostedtoolcache/Python/3.11.5/x64/lib/python3.11/site-packages/allure_commons/_allure.py\", line 192, in impl\n    return func(*a, **kw)\n           ^^^^^^^^^^^^^^\n  File \"/home/runner/work/luma_project/luma_project/pages/forgot_your_password_page.py\", line 59, in check_forgot_psw_captcha_field_is_clickable\n    return self.element_is_clickable(self.locators.FORGOT_YOUR_PASSWORD_CAPTCHA)\n           ^^^^^^^^^^^^^^^^^^^^^^^^^^^^^^^^^^^^^^^^^^^^^^^^^^^^^^^^^^^^^^^^^^^^^\n  File \"/opt/hostedtoolcache/Python/3.11.5/x64/lib/python3.11/site-packages/allure_commons/_allure.py\", line 192, in impl\n    return func(*a, **kw)\n           ^^^^^^^^^^^^^^\n  File \"/home/runner/work/luma_project/luma_project/pages/base_page.py\", line 80, in element_is_clickable\n    return wait(self.driver, timeout).until(EC.element_to_be_clickable(locator))\n           ^^^^^^^^^^^^^^^^^^^^^^^^^^^^^^^^^^^^^^^^^^^^^^^^^^^^^^^^^^^^^^^^^^^^^\n  File \"/opt/hostedtoolcache/Python/3.11.5/x64/lib/python3.11/site-packages/selenium/webdriver/support/wait.py\", line 95, in until\n    raise TimeoutException(message, screen, stacktrace)\n","steps":[{"name":"Check FYP captcha input field is clickable","time":{"start":1695689407514,"stop":1695689412690,"duration":5176},"status":"broken","statusMessage":"selenium.common.exceptions.TimeoutException: Message: \nStacktrace:\n#0 0x562b655f26c3 <unknown>\n#1 0x562b652c81e7 <unknown>\n#2 0x562b6530f566 <unknown>\n#3 0x562b6530f651 <unknown>\n#4 0x562b6534ca74 <unknown>\n#5 0x562b653310ed <unknown>\n#6 0x562b6534a322 <unknown>\n#7 0x562b65330e93 <unknown>\n#8 0x562b65303934 <unknown>\n#9 0x562b6530471e <unknown>\n#10 0x562b655b7cc8 <unknown>\n#11 0x562b655bbc00 <unknown>\n#12 0x562b655c61ac <unknown>\n#13 0x562b655bc818 <unknown>\n#14 0x562b6558928f <unknown>\n#15 0x562b655e0e98 <unknown>\n#16 0x562b655e1069 <unknown>\n#17 0x562b655f1853 <unknown>\n#18 0x7fd0a3094b43 <unknown>\n\n","statusTrace":"  File \"/opt/hostedtoolcache/Python/3.11.5/x64/lib/python3.11/site-packages/allure_commons/_allure.py\", line 192, in impl\n    return func(*a, **kw)\n           ^^^^^^^^^^^^^^\n  File \"/home/runner/work/luma_project/luma_project/pages/forgot_your_password_page.py\", line 59, in check_forgot_psw_captcha_field_is_clickable\n    return self.element_is_clickable(self.locators.FORGOT_YOUR_PASSWORD_CAPTCHA)\n           ^^^^^^^^^^^^^^^^^^^^^^^^^^^^^^^^^^^^^^^^^^^^^^^^^^^^^^^^^^^^^^^^^^^^^\n  File \"/opt/hostedtoolcache/Python/3.11.5/x64/lib/python3.11/site-packages/allure_commons/_allure.py\", line 192, in impl\n    return func(*a, **kw)\n           ^^^^^^^^^^^^^^\n  File \"/home/runner/work/luma_project/luma_project/pages/base_page.py\", line 80, in element_is_clickable\n    return wait(self.driver, timeout).until(EC.element_to_be_clickable(locator))\n           ^^^^^^^^^^^^^^^^^^^^^^^^^^^^^^^^^^^^^^^^^^^^^^^^^^^^^^^^^^^^^^^^^^^^^\n  File \"/opt/hostedtoolcache/Python/3.11.5/x64/lib/python3.11/site-packages/selenium/webdriver/support/wait.py\", line 95, in until\n    raise TimeoutException(message, screen, stacktrace)\n","steps":[{"name":"Find clickable elements","time":{"start":1695689407514,"stop":1695689412690,"duration":5176},"status":"broken","statusMessage":"selenium.common.exceptions.TimeoutException: Message: \nStacktrace:\n#0 0x562b655f26c3 <unknown>\n#1 0x562b652c81e7 <unknown>\n#2 0x562b6530f566 <unknown>\n#3 0x562b6530f651 <unknown>\n#4 0x562b6534ca74 <unknown>\n#5 0x562b653310ed <unknown>\n#6 0x562b6534a322 <unknown>\n#7 0x562b65330e93 <unknown>\n#8 0x562b65303934 <unknown>\n#9 0x562b6530471e <unknown>\n#10 0x562b655b7cc8 <unknown>\n#11 0x562b655bbc00 <unknown>\n#12 0x562b655c61ac <unknown>\n#13 0x562b655bc818 <unknown>\n#14 0x562b6558928f <unknown>\n#15 0x562b655e0e98 <unknown>\n#16 0x562b655e1069 <unknown>\n#17 0x562b655f1853 <unknown>\n#18 0x7fd0a3094b43 <unknown>\n\n","statusTrace":"  File \"/opt/hostedtoolcache/Python/3.11.5/x64/lib/python3.11/site-packages/allure_commons/_allure.py\", line 192, in impl\n    return func(*a, **kw)\n           ^^^^^^^^^^^^^^\n  File \"/home/runner/work/luma_project/luma_project/pages/base_page.py\", line 80, in element_is_clickable\n    return wait(self.driver, timeout).until(EC.element_to_be_clickable(locator))\n           ^^^^^^^^^^^^^^^^^^^^^^^^^^^^^^^^^^^^^^^^^^^^^^^^^^^^^^^^^^^^^^^^^^^^^\n  File \"/opt/hostedtoolcache/Python/3.11.5/x64/lib/python3.11/site-packages/selenium/webdriver/support/wait.py\", line 95, in until\n    raise TimeoutException(message, screen, stacktrace)\n","steps":[],"attachments":[],"parameters":[{"name":"locator","value":"('css selector', '#captcha_user_forgotpassword')"},{"name":"timeout","value":"5"}],"shouldDisplayMessage":true,"stepsCount":0,"attachmentsCount":0,"hasContent":true}],"attachments":[],"parameters":[],"shouldDisplayMessage":false,"stepsCount":1,"attachmentsCount":0,"hasContent":true}],"attachments":[],"parameters":[{"name":"text","value":"'SLhIq6'"}],"shouldDisplayMessage":false,"stepsCount":2,"attachmentsCount":0,"hasContent":true}],"attachments":[{"uid":"f52d5f1913eeb0f0","name":"Screenshot","source":"f52d5f1913eeb0f0.png","type":"image/png","size":216729},{"uid":"e5aa6b89a29b1b78","name":"HTML source","source":"e5aa6b89a29b1b78.html","type":"text/html","size":90026}],"parameters":[],"shouldDisplayMessage":true,"stepsCount":3,"attachmentsCount":2,"hasContent":true},"afterStages":[{"name":"driver::0","time":{"start":1695689412933,"stop":1695689413002,"duration":69},"status":"passed","steps":[],"attachments":[],"parameters":[],"shouldDisplayMessage":false,"stepsCount":0,"attachmentsCount":0,"hasContent":false},{"name":"clear_allure_result_folder::0","time":{"start":1695690946257,"stop":1695690946257,"duration":0},"status":"passed","steps":[],"attachments":[],"parameters":[],"shouldDisplayMessage":false,"stepsCount":0,"attachmentsCount":0,"hasContent":false}],"labels":[{"name":"epic","value":"Forgot Your Password Functionality"},{"name":"parentSuite","value":"tests"},{"name":"suite","value":"test_forgot_your_password"},{"name":"subSuite","value":"TestForgotYourPasswordFunctionality"},{"name":"host","value":"fv-az1241-211"},{"name":"thread","value":"2974-MainThread"},{"name":"framework","value":"pytest"},{"name":"language","value":"cpython3"},{"name":"package","value":"tests.test_forgot_your_password"},{"name":"resultFormat","value":"allure2"}],"parameters":[],"links":[],"hidden":false,"retry":false,"extra":{"severity":"normal","retries":[],"categories":[{"name":"Test defects","matchedStatuses":[],"flaky":false}],"history":{"statistic":{"failed":0,"broken":2,"skipped":0,"passed":0,"unknown":0,"total":2},"items":[{"uid":"d72682262dae904","reportUrl":"https://DionisIno.github.io/luma_project/123//#testresult/d72682262dae904","status":"broken","statusDetails":"selenium.common.exceptions.TimeoutException: Message: \nStacktrace:\n#0 0x55a19ff346c3 <unknown>\n#1 0x55a19fc0a1e7 <unknown>\n#2 0x55a19fc51566 <unknown>\n#3 0x55a19fc51651 <unknown>\n#4 0x55a19fc8ea74 <unknown>\n#5 0x55a19fc730ed <unknown>\n#6 0x55a19fc8c322 <unknown>\n#7 0x55a19fc72e93 <unknown>\n#8 0x55a19fc45934 <unknown>\n#9 0x55a19fc4671e <unknown>\n#10 0x55a19fef9cc8 <unknown>\n#11 0x55a19fefdc00 <unknown>\n#12 0x55a19ff081ac <unknown>\n#13 0x55a19fefe818 <unknown>\n#14 0x55a19fecb28f <unknown>\n#15 0x55a19ff22e98 <unknown>\n#16 0x55a19ff23069 <unknown>\n#17 0x55a19ff33853 <unknown>\n#18 0x7fcba5e94b43 <unknown>","time":{"start":1695602776015,"stop":1695602781133,"duration":5118}}]},"tags":[]},"source":"7db971a2a1d31dba.json","parameterValues":[]}