{"uid":"1578b95d3cc7d242","name":"TC 10.02.01 - Verify 'MEN'S DEALS' title is correct","fullName":"tests.test_sale.TestSideMenuBarMen#test_tc_10_02_01","historyId":"7d9cc06b830a248f9ded0f57b7152948","time":{"start":1689643897625,"stop":1689643897697,"duration":72},"description":"Check title of Men's Deals section","descriptionHtml":"<p>Check title of Men's Deals section</p>\n","status":"skipped","statusMessage":"XFAIL This test is expecting failure == Assertion Error because of error in spelling Men's\n\nAssertionError: Expected title: 'MEN'S DEALS', Actual title: MENS'S DEALS\nassert \"MENS'S DEALS\" == \"MEN'S DEALS\"\n  - MEN'S DEALS\n  + MENS'S DEALS\n  ?    +","statusTrace":"self = <test_sale.TestSalePage.TestSideMenuBarMen object at 0x7f9818aa2610>\nsale_page = <pages.sale_page.SalePage object at 0x7f9819887550>\n\n    @allure.title(\"TC 10.02.01 - Verify 'MEN'S DEALS' title is correct\")\n    @pytest.mark.xfail(reason=\"This test is expecting failure == Assertion Error \"\n                              \"because of error in spelling Men's\")\n    def test_tc_10_02_01(self, sale_page):\n        \"\"\"Check title of Men's Deals section\"\"\"\n        title = sale_page.check_text_in_men_deals_title()\n>       assert title == \"MEN'S DEALS\", f\"Expected title: 'MEN'S DEALS', Actual title: {title}\"\nE       AssertionError: Expected title: 'MEN'S DEALS', Actual title: MENS'S DEALS\nE       assert \"MENS'S DEALS\" == \"MEN'S DEALS\"\nE         - MEN'S DEALS\nE         + MENS'S DEALS\nE         ?    +\n\ntests/test_sale.py:66: AssertionError","flaky":false,"newFailed":false,"newBroken":false,"newPassed":false,"retriesCount":0,"retriesStatusChange":false,"beforeStages":[{"name":"_session_faker","time":{"start":1689642843436,"stop":1689642843533,"duration":97},"status":"passed","steps":[],"attachments":[],"parameters":[],"stepsCount":0,"attachmentsCount":0,"shouldDisplayMessage":false,"hasContent":false},{"name":"clear_allure_result_folder","time":{"start":1689642843533,"stop":1689642843534,"duration":1},"status":"passed","steps":[],"attachments":[],"parameters":[],"stepsCount":0,"attachmentsCount":0,"shouldDisplayMessage":false,"hasContent":false},{"name":"driver","time":{"start":1689643895602,"stop":1689643896670,"duration":1068},"status":"passed","steps":[],"attachments":[],"parameters":[],"stepsCount":0,"attachmentsCount":0,"shouldDisplayMessage":false,"hasContent":false},{"name":"sale_page","time":{"start":1689643896670,"stop":1689643897624,"duration":954},"status":"passed","steps":[{"name":"Open a browser","time":{"start":1689643896671,"stop":1689643897624,"duration":953},"status":"passed","steps":[],"attachments":[],"parameters":[],"stepsCount":0,"attachmentsCount":0,"shouldDisplayMessage":false,"hasContent":false}],"attachments":[],"parameters":[],"stepsCount":1,"attachmentsCount":0,"shouldDisplayMessage":false,"hasContent":true}],"testStage":{"description":"Check title of Men's Deals section","status":"skipped","statusMessage":"XFAIL This test is expecting failure == Assertion Error because of error in spelling Men's\n\nAssertionError: Expected title: 'MEN'S DEALS', Actual title: MENS'S DEALS\nassert \"MENS'S DEALS\" == \"MEN'S DEALS\"\n  - MEN'S DEALS\n  + MENS'S DEALS\n  ?    +","statusTrace":"self = <test_sale.TestSalePage.TestSideMenuBarMen object at 0x7f9818aa2610>\nsale_page = <pages.sale_page.SalePage object at 0x7f9819887550>\n\n    @allure.title(\"TC 10.02.01 - Verify 'MEN'S DEALS' title is correct\")\n    @pytest.mark.xfail(reason=\"This test is expecting failure == Assertion Error \"\n                              \"because of error in spelling Men's\")\n    def test_tc_10_02_01(self, sale_page):\n        \"\"\"Check title of Men's Deals section\"\"\"\n        title = sale_page.check_text_in_men_deals_title()\n>       assert title == \"MEN'S DEALS\", f\"Expected title: 'MEN'S DEALS', Actual title: {title}\"\nE       AssertionError: Expected title: 'MEN'S DEALS', Actual title: MENS'S DEALS\nE       assert \"MENS'S DEALS\" == \"MEN'S DEALS\"\nE         - MEN'S DEALS\nE         + MENS'S DEALS\nE         ?    +\n\ntests/test_sale.py:66: AssertionError","steps":[{"name":"Check text in Men's deals title","time":{"start":1689643897625,"stop":1689643897697,"duration":72},"status":"passed","steps":[{"name":"Find a visible element","time":{"start":1689643897625,"stop":1689643897684,"duration":59},"status":"passed","steps":[{"name":"Find a present element","time":{"start":1689643897625,"stop":1689643897649,"duration":24},"status":"passed","steps":[],"attachments":[],"parameters":[{"name":"locator","value":"('css selector', '.categories-menu > strong:nth-child(3) > span')"},{"name":"timeout","value":"5"}],"stepsCount":0,"attachmentsCount":0,"shouldDisplayMessage":false,"hasContent":true},{"name":"Go to specified element","time":{"start":1689643897649,"stop":1689643897657,"duration":8},"status":"passed","steps":[],"attachments":[],"parameters":[{"name":"element","value":"<selenium.webdriver.remote.webelement.WebElement (session=\"229a5f7cd30a446e5cd8d1807e07df7a\", element=\"1F4BD9F54AE9D4CB12BEA9449F310F11_element_32\")>"}],"stepsCount":0,"attachmentsCount":0,"shouldDisplayMessage":false,"hasContent":true}],"attachments":[],"parameters":[{"name":"locator","value":"('css selector', '.categories-menu > strong:nth-child(3) > span')"},{"name":"timeout","value":"10"}],"stepsCount":2,"attachmentsCount":0,"shouldDisplayMessage":false,"hasContent":true}],"attachments":[],"parameters":[],"stepsCount":3,"attachmentsCount":0,"shouldDisplayMessage":false,"hasContent":true}],"attachments":[{"uid":"c53d496a5f004d8e","name":"Screenshot","source":"c53d496a5f004d8e.png","type":"image/png","size":681697},{"uid":"6578522e9a602418","name":"HTML source","source":"6578522e9a602418.html","type":"text/html","size":79314}],"parameters":[],"stepsCount":4,"attachmentsCount":2,"shouldDisplayMessage":true,"hasContent":true},"afterStages":[{"name":"driver::0","time":{"start":1689643898118,"stop":1689643898181,"duration":63},"status":"passed","steps":[],"attachments":[],"parameters":[],"stepsCount":0,"attachmentsCount":0,"shouldDisplayMessage":false,"hasContent":false},{"name":"clear_allure_result_folder::0","time":{"start":1689644294146,"stop":1689644294146,"duration":0},"status":"passed","steps":[],"attachments":[],"parameters":[],"stepsCount":0,"attachmentsCount":0,"shouldDisplayMessage":false,"hasContent":false}],"labels":[{"name":"feature","value":"Testing Side Menu Bar - Men's Deals Section"},{"name":"epic","value":"Sale Page"},{"name":"tag","value":"@pytest.mark.xfail(reason='This test is expecting failure == Assertion Error because of error in spelling Men's')"},{"name":"parentSuite","value":"tests"},{"name":"suite","value":"test_sale"},{"name":"subSuite","value":"TestSalePage"},{"name":"host","value":"fv-az1098-582"},{"name":"thread","value":"3368-MainThread"},{"name":"framework","value":"pytest"},{"name":"language","value":"cpython3"},{"name":"package","value":"tests.test_sale"},{"name":"resultFormat","value":"allure2"}],"parameters":[],"links":[],"hidden":false,"retry":false,"extra":{"severity":"normal","retries":[],"categories":[],"history":{"statistic":{"failed":0,"broken":0,"skipped":3,"passed":0,"unknown":0,"total":3},"items":[{"uid":"81d77e6eac86d9b2","reportUrl":"https://DionisIno.github.io/luma_project/53//#testresult/81d77e6eac86d9b2","status":"skipped","statusDetails":"XFAIL This test is expecting failure == Assertion Error because of error in spelling Men's\n\nAssertionError: Expected title: 'MEN'S DEALS', Actual title: MENS'S DEALS\nassert \"MENS'S DEALS\" == \"MEN'S DEALS\"\n  - MEN'S DEALS\n  + MENS'S DEALS\n  ?    +","time":{"start":1689556558982,"stop":1689556559180,"duration":198}},{"uid":"827ff92ede225d72","reportUrl":"https://DionisIno.github.io/luma_project/52//#testresult/827ff92ede225d72","status":"skipped","statusDetails":"XFAIL This test is expecting failure == Assertion Error because of error in spelling Men's\n\nAssertionError: Expected title: 'MEN'S DEALS', Actual title: MENS'S DEALS\nassert \"MENS'S DEALS\" == \"MEN'S DEALS\"\n  - MEN'S DEALS\n  + MENS'S DEALS\n  ?    +","time":{"start":1689470577314,"stop":1689470577368,"duration":54}}]},"tags":["@pytest.mark.xfail(reason='This test is expecting failure == Assertion Error because of error in spelling Men's')"]},"source":"1578b95d3cc7d242.json","parameterValues":[]}