{"uid":"15c167e7bc14b2ed","name":"TC 04_01_09 Verify checkbox is present and unchecked","fullName":"tests.test_create_an_account.TestCreateAnAccount#test_04_01_09_sign_up_for_letters_checkbox","historyId":"642467d3c5da0c3e31a9a245e10a30c4","time":{"start":1694392794365,"stop":1694392799465,"duration":5100},"description":" Verify that checkbox is present and unchecked","descriptionHtml":"<p>Verify that checkbox is present and unchecked</p>\n","status":"broken","statusMessage":"selenium.common.exceptions.TimeoutException: Message: \nStacktrace:\n#0 0x55ef6c7bde23 <unknown>\n#1 0x55ef6c4e67a7 <unknown>\n#2 0x55ef6c5251d3 <unknown>\n#3 0x55ef6c5252c1 <unknown>\n#4 0x55ef6c560a04 <unknown>\n#5 0x55ef6c54603d <unknown>\n#6 0x55ef6c55e369 <unknown>\n#7 0x55ef6c545de3 <unknown>\n#8 0x55ef6c519a7b <unknown>\n#9 0x55ef6c51a81e <unknown>\n#10 0x55ef6c77f638 <unknown>\n#11 0x55ef6c783507 <unknown>\n#12 0x55ef6c78dc4c <unknown>\n#13 0x55ef6c784136 <unknown>\n#14 0x55ef6c7529cf <unknown>\n#15 0x55ef6c7a7b98 <unknown>\n#16 0x55ef6c7a7d68 <unknown>\n#17 0x55ef6c7b6cb3 <unknown>\n#18 0x7ff2ecd57b43 <unknown>","statusTrace":"self = <test_create_an_account.TestCreateAnAccount object at 0x7f18ee4a5290>\ncreate_account_page = <pages.create_an_account_page.CreateAccountPage object at 0x7f18ee54bf10>\n\n    @allure.title('TC 04_01_09 Verify checkbox is present and unchecked')\n    def test_04_01_09_sign_up_for_letters_checkbox(self, create_account_page):\n        \"\"\" Verify that checkbox is present and unchecked\"\"\"\n>       sign_up_checkbox = create_account_page.check_sign_up_checkbox_label()\n\ntests/test_create_an_account.py:79: \n_ _ _ _ _ _ _ _ _ _ _ _ _ _ _ _ _ _ _ _ _ _ _ _ _ _ _ _ _ _ _ _ _ _ _ _ _ _ _ _ \npages/create_an_account_page.py:224: in check_sign_up_checkbox_label\n    return self.element_is_visible(self.locators.SIGN_UP_CHECKBOX_LABEL)\npages/base_page.py:29: in element_is_visible\n    self.go_to_element(self.element_is_present(locator))\npages/base_page.py:50: in element_is_present\n    return wait(self.driver, timeout).until(EC.presence_of_element_located(locator))\n_ _ _ _ _ _ _ _ _ _ _ _ _ _ _ _ _ _ _ _ _ _ _ _ _ _ _ _ _ _ _ _ _ _ _ _ _ _ _ _ \n\nself = <selenium.webdriver.support.wait.WebDriverWait (session=\"50c03b3d9b08203d9014f1306d4fd13b\")>\nmethod = <function presence_of_element_located.<locals>._predicate at 0x7f18ed44eac0>\nmessage = ''\n\n    def until(self, method, message: str = \"\"):\n        \"\"\"Calls the method provided with the driver as an argument until the \\\n        return value does not evaluate to ``False``.\n    \n        :param method: callable(WebDriver)\n        :param message: optional message for :exc:`TimeoutException`\n        :returns: the result of the last call to `method`\n        :raises: :exc:`selenium.common.exceptions.TimeoutException` if timeout occurs\n        \"\"\"\n        screen = None\n        stacktrace = None\n    \n        end_time = time.monotonic() + self._timeout\n        while True:\n            try:\n                value = method(self._driver)\n                if value:\n                    return value\n            except self._ignored_exceptions as exc:\n                screen = getattr(exc, \"screen\", None)\n                stacktrace = getattr(exc, \"stacktrace\", None)\n            time.sleep(self._poll)\n            if time.monotonic() > end_time:\n                break\n>       raise TimeoutException(message, screen, stacktrace)\nE       selenium.common.exceptions.TimeoutException: Message: \nE       Stacktrace:\nE       #0 0x55ef6c7bde23 <unknown>\nE       #1 0x55ef6c4e67a7 <unknown>\nE       #2 0x55ef6c5251d3 <unknown>\nE       #3 0x55ef6c5252c1 <unknown>\nE       #4 0x55ef6c560a04 <unknown>\nE       #5 0x55ef6c54603d <unknown>\nE       #6 0x55ef6c55e369 <unknown>\nE       #7 0x55ef6c545de3 <unknown>\nE       #8 0x55ef6c519a7b <unknown>\nE       #9 0x55ef6c51a81e <unknown>\nE       #10 0x55ef6c77f638 <unknown>\nE       #11 0x55ef6c783507 <unknown>\nE       #12 0x55ef6c78dc4c <unknown>\nE       #13 0x55ef6c784136 <unknown>\nE       #14 0x55ef6c7529cf <unknown>\nE       #15 0x55ef6c7a7b98 <unknown>\nE       #16 0x55ef6c7a7d68 <unknown>\nE       #17 0x55ef6c7b6cb3 <unknown>\nE       #18 0x7ff2ecd57b43 <unknown>\n\n/opt/hostedtoolcache/Python/3.11.5/x64/lib/python3.11/site-packages/selenium/webdriver/support/wait.py:95: TimeoutException","flaky":false,"newFailed":false,"newBroken":false,"newPassed":false,"retriesCount":0,"retriesStatusChange":false,"beforeStages":[{"name":"_session_faker","time":{"start":1694392738996,"stop":1694392739068,"duration":72},"status":"passed","steps":[],"attachments":[],"parameters":[],"shouldDisplayMessage":false,"stepsCount":0,"attachmentsCount":0,"hasContent":false},{"name":"clear_allure_result_folder","time":{"start":1694392739068,"stop":1694392739068,"duration":0},"status":"passed","steps":[],"attachments":[],"parameters":[],"shouldDisplayMessage":false,"stepsCount":0,"attachmentsCount":0,"hasContent":false},{"name":"driver","time":{"start":1694392792264,"stop":1694392793304,"duration":1040},"status":"passed","steps":[],"attachments":[],"parameters":[],"shouldDisplayMessage":false,"stepsCount":0,"attachmentsCount":0,"hasContent":false},{"name":"create_account_page","time":{"start":1694392793304,"stop":1694392794365,"duration":1061},"status":"passed","steps":[{"name":"Open a browser","time":{"start":1694392793304,"stop":1694392794365,"duration":1061},"status":"passed","steps":[],"attachments":[],"parameters":[],"shouldDisplayMessage":false,"stepsCount":0,"attachmentsCount":0,"hasContent":false}],"attachments":[],"parameters":[],"shouldDisplayMessage":false,"stepsCount":1,"attachmentsCount":0,"hasContent":true}],"testStage":{"description":" Verify that checkbox is present and unchecked","status":"broken","statusMessage":"selenium.common.exceptions.TimeoutException: Message: \nStacktrace:\n#0 0x55ef6c7bde23 <unknown>\n#1 0x55ef6c4e67a7 <unknown>\n#2 0x55ef6c5251d3 <unknown>\n#3 0x55ef6c5252c1 <unknown>\n#4 0x55ef6c560a04 <unknown>\n#5 0x55ef6c54603d <unknown>\n#6 0x55ef6c55e369 <unknown>\n#7 0x55ef6c545de3 <unknown>\n#8 0x55ef6c519a7b <unknown>\n#9 0x55ef6c51a81e <unknown>\n#10 0x55ef6c77f638 <unknown>\n#11 0x55ef6c783507 <unknown>\n#12 0x55ef6c78dc4c <unknown>\n#13 0x55ef6c784136 <unknown>\n#14 0x55ef6c7529cf <unknown>\n#15 0x55ef6c7a7b98 <unknown>\n#16 0x55ef6c7a7d68 <unknown>\n#17 0x55ef6c7b6cb3 <unknown>\n#18 0x7ff2ecd57b43 <unknown>","statusTrace":"self = <test_create_an_account.TestCreateAnAccount object at 0x7f18ee4a5290>\ncreate_account_page = <pages.create_an_account_page.CreateAccountPage object at 0x7f18ee54bf10>\n\n    @allure.title('TC 04_01_09 Verify checkbox is present and unchecked')\n    def test_04_01_09_sign_up_for_letters_checkbox(self, create_account_page):\n        \"\"\" Verify that checkbox is present and unchecked\"\"\"\n>       sign_up_checkbox = create_account_page.check_sign_up_checkbox_label()\n\ntests/test_create_an_account.py:79: \n_ _ _ _ _ _ _ _ _ _ _ _ _ _ _ _ _ _ _ _ _ _ _ _ _ _ _ _ _ _ _ _ _ _ _ _ _ _ _ _ \npages/create_an_account_page.py:224: in check_sign_up_checkbox_label\n    return self.element_is_visible(self.locators.SIGN_UP_CHECKBOX_LABEL)\npages/base_page.py:29: in element_is_visible\n    self.go_to_element(self.element_is_present(locator))\npages/base_page.py:50: in element_is_present\n    return wait(self.driver, timeout).until(EC.presence_of_element_located(locator))\n_ _ _ _ _ _ _ _ _ _ _ _ _ _ _ _ _ _ _ _ _ _ _ _ _ _ _ _ _ _ _ _ _ _ _ _ _ _ _ _ \n\nself = <selenium.webdriver.support.wait.WebDriverWait (session=\"50c03b3d9b08203d9014f1306d4fd13b\")>\nmethod = <function presence_of_element_located.<locals>._predicate at 0x7f18ed44eac0>\nmessage = ''\n\n    def until(self, method, message: str = \"\"):\n        \"\"\"Calls the method provided with the driver as an argument until the \\\n        return value does not evaluate to ``False``.\n    \n        :param method: callable(WebDriver)\n        :param message: optional message for :exc:`TimeoutException`\n        :returns: the result of the last call to `method`\n        :raises: :exc:`selenium.common.exceptions.TimeoutException` if timeout occurs\n        \"\"\"\n        screen = None\n        stacktrace = None\n    \n        end_time = time.monotonic() + self._timeout\n        while True:\n            try:\n                value = method(self._driver)\n                if value:\n                    return value\n            except self._ignored_exceptions as exc:\n                screen = getattr(exc, \"screen\", None)\n                stacktrace = getattr(exc, \"stacktrace\", None)\n            time.sleep(self._poll)\n            if time.monotonic() > end_time:\n                break\n>       raise TimeoutException(message, screen, stacktrace)\nE       selenium.common.exceptions.TimeoutException: Message: \nE       Stacktrace:\nE       #0 0x55ef6c7bde23 <unknown>\nE       #1 0x55ef6c4e67a7 <unknown>\nE       #2 0x55ef6c5251d3 <unknown>\nE       #3 0x55ef6c5252c1 <unknown>\nE       #4 0x55ef6c560a04 <unknown>\nE       #5 0x55ef6c54603d <unknown>\nE       #6 0x55ef6c55e369 <unknown>\nE       #7 0x55ef6c545de3 <unknown>\nE       #8 0x55ef6c519a7b <unknown>\nE       #9 0x55ef6c51a81e <unknown>\nE       #10 0x55ef6c77f638 <unknown>\nE       #11 0x55ef6c783507 <unknown>\nE       #12 0x55ef6c78dc4c <unknown>\nE       #13 0x55ef6c784136 <unknown>\nE       #14 0x55ef6c7529cf <unknown>\nE       #15 0x55ef6c7a7b98 <unknown>\nE       #16 0x55ef6c7a7d68 <unknown>\nE       #17 0x55ef6c7b6cb3 <unknown>\nE       #18 0x7ff2ecd57b43 <unknown>\n\n/opt/hostedtoolcache/Python/3.11.5/x64/lib/python3.11/site-packages/selenium/webdriver/support/wait.py:95: TimeoutException","steps":[{"name":"Check Sign Up checkbox label is visible","time":{"start":1694392794365,"stop":1694392799464,"duration":5099},"status":"broken","statusMessage":"selenium.common.exceptions.TimeoutException: Message: \nStacktrace:\n#0 0x55ef6c7bde23 <unknown>\n#1 0x55ef6c4e67a7 <unknown>\n#2 0x55ef6c5251d3 <unknown>\n#3 0x55ef6c5252c1 <unknown>\n#4 0x55ef6c560a04 <unknown>\n#5 0x55ef6c54603d <unknown>\n#6 0x55ef6c55e369 <unknown>\n#7 0x55ef6c545de3 <unknown>\n#8 0x55ef6c519a7b <unknown>\n#9 0x55ef6c51a81e <unknown>\n#10 0x55ef6c77f638 <unknown>\n#11 0x55ef6c783507 <unknown>\n#12 0x55ef6c78dc4c <unknown>\n#13 0x55ef6c784136 <unknown>\n#14 0x55ef6c7529cf <unknown>\n#15 0x55ef6c7a7b98 <unknown>\n#16 0x55ef6c7a7d68 <unknown>\n#17 0x55ef6c7b6cb3 <unknown>\n#18 0x7ff2ecd57b43 <unknown>\n\n","statusTrace":"  File \"/opt/hostedtoolcache/Python/3.11.5/x64/lib/python3.11/site-packages/allure_commons/_allure.py\", line 192, in impl\n    return func(*a, **kw)\n           ^^^^^^^^^^^^^^\n  File \"/home/runner/work/luma_project/luma_project/pages/create_an_account_page.py\", line 224, in check_sign_up_checkbox_label\n    return self.element_is_visible(self.locators.SIGN_UP_CHECKBOX_LABEL)\n           ^^^^^^^^^^^^^^^^^^^^^^^^^^^^^^^^^^^^^^^^^^^^^^^^^^^^^^^^^^^^^\n  File \"/opt/hostedtoolcache/Python/3.11.5/x64/lib/python3.11/site-packages/allure_commons/_allure.py\", line 192, in impl\n    return func(*a, **kw)\n           ^^^^^^^^^^^^^^\n  File \"/home/runner/work/luma_project/luma_project/pages/base_page.py\", line 29, in element_is_visible\n    self.go_to_element(self.element_is_present(locator))\n                       ^^^^^^^^^^^^^^^^^^^^^^^^^^^^^^^^\n  File \"/opt/hostedtoolcache/Python/3.11.5/x64/lib/python3.11/site-packages/allure_commons/_allure.py\", line 192, in impl\n    return func(*a, **kw)\n           ^^^^^^^^^^^^^^\n  File \"/home/runner/work/luma_project/luma_project/pages/base_page.py\", line 50, in element_is_present\n    return wait(self.driver, timeout).until(EC.presence_of_element_located(locator))\n           ^^^^^^^^^^^^^^^^^^^^^^^^^^^^^^^^^^^^^^^^^^^^^^^^^^^^^^^^^^^^^^^^^^^^^^^^^\n  File \"/opt/hostedtoolcache/Python/3.11.5/x64/lib/python3.11/site-packages/selenium/webdriver/support/wait.py\", line 95, in until\n    raise TimeoutException(message, screen, stacktrace)\n","steps":[{"name":"Find a visible element","time":{"start":1694392794365,"stop":1694392799464,"duration":5099},"status":"broken","statusMessage":"selenium.common.exceptions.TimeoutException: Message: \nStacktrace:\n#0 0x55ef6c7bde23 <unknown>\n#1 0x55ef6c4e67a7 <unknown>\n#2 0x55ef6c5251d3 <unknown>\n#3 0x55ef6c5252c1 <unknown>\n#4 0x55ef6c560a04 <unknown>\n#5 0x55ef6c54603d <unknown>\n#6 0x55ef6c55e369 <unknown>\n#7 0x55ef6c545de3 <unknown>\n#8 0x55ef6c519a7b <unknown>\n#9 0x55ef6c51a81e <unknown>\n#10 0x55ef6c77f638 <unknown>\n#11 0x55ef6c783507 <unknown>\n#12 0x55ef6c78dc4c <unknown>\n#13 0x55ef6c784136 <unknown>\n#14 0x55ef6c7529cf <unknown>\n#15 0x55ef6c7a7b98 <unknown>\n#16 0x55ef6c7a7d68 <unknown>\n#17 0x55ef6c7b6cb3 <unknown>\n#18 0x7ff2ecd57b43 <unknown>\n\n","statusTrace":"  File \"/opt/hostedtoolcache/Python/3.11.5/x64/lib/python3.11/site-packages/allure_commons/_allure.py\", line 192, in impl\n    return func(*a, **kw)\n           ^^^^^^^^^^^^^^\n  File \"/home/runner/work/luma_project/luma_project/pages/base_page.py\", line 29, in element_is_visible\n    self.go_to_element(self.element_is_present(locator))\n                       ^^^^^^^^^^^^^^^^^^^^^^^^^^^^^^^^\n  File \"/opt/hostedtoolcache/Python/3.11.5/x64/lib/python3.11/site-packages/allure_commons/_allure.py\", line 192, in impl\n    return func(*a, **kw)\n           ^^^^^^^^^^^^^^\n  File \"/home/runner/work/luma_project/luma_project/pages/base_page.py\", line 50, in element_is_present\n    return wait(self.driver, timeout).until(EC.presence_of_element_located(locator))\n           ^^^^^^^^^^^^^^^^^^^^^^^^^^^^^^^^^^^^^^^^^^^^^^^^^^^^^^^^^^^^^^^^^^^^^^^^^\n  File \"/opt/hostedtoolcache/Python/3.11.5/x64/lib/python3.11/site-packages/selenium/webdriver/support/wait.py\", line 95, in until\n    raise TimeoutException(message, screen, stacktrace)\n","steps":[{"name":"Find a present element","time":{"start":1694392794366,"stop":1694392799463,"duration":5097},"status":"broken","statusMessage":"selenium.common.exceptions.TimeoutException: Message: \nStacktrace:\n#0 0x55ef6c7bde23 <unknown>\n#1 0x55ef6c4e67a7 <unknown>\n#2 0x55ef6c5251d3 <unknown>\n#3 0x55ef6c5252c1 <unknown>\n#4 0x55ef6c560a04 <unknown>\n#5 0x55ef6c54603d <unknown>\n#6 0x55ef6c55e369 <unknown>\n#7 0x55ef6c545de3 <unknown>\n#8 0x55ef6c519a7b <unknown>\n#9 0x55ef6c51a81e <unknown>\n#10 0x55ef6c77f638 <unknown>\n#11 0x55ef6c783507 <unknown>\n#12 0x55ef6c78dc4c <unknown>\n#13 0x55ef6c784136 <unknown>\n#14 0x55ef6c7529cf <unknown>\n#15 0x55ef6c7a7b98 <unknown>\n#16 0x55ef6c7a7d68 <unknown>\n#17 0x55ef6c7b6cb3 <unknown>\n#18 0x7ff2ecd57b43 <unknown>\n\n","statusTrace":"  File \"/opt/hostedtoolcache/Python/3.11.5/x64/lib/python3.11/site-packages/allure_commons/_allure.py\", line 192, in impl\n    return func(*a, **kw)\n           ^^^^^^^^^^^^^^\n  File \"/home/runner/work/luma_project/luma_project/pages/base_page.py\", line 50, in element_is_present\n    return wait(self.driver, timeout).until(EC.presence_of_element_located(locator))\n           ^^^^^^^^^^^^^^^^^^^^^^^^^^^^^^^^^^^^^^^^^^^^^^^^^^^^^^^^^^^^^^^^^^^^^^^^^\n  File \"/opt/hostedtoolcache/Python/3.11.5/x64/lib/python3.11/site-packages/selenium/webdriver/support/wait.py\", line 95, in until\n    raise TimeoutException(message, screen, stacktrace)\n","steps":[],"attachments":[],"parameters":[{"name":"locator","value":"('css selector', \"label[for='is_subscribed']\")"},{"name":"timeout","value":"5"}],"shouldDisplayMessage":true,"stepsCount":0,"attachmentsCount":0,"hasContent":true}],"attachments":[],"parameters":[{"name":"locator","value":"('css selector', \"label[for='is_subscribed']\")"},{"name":"timeout","value":"10"}],"shouldDisplayMessage":false,"stepsCount":1,"attachmentsCount":0,"hasContent":true}],"attachments":[],"parameters":[],"shouldDisplayMessage":false,"stepsCount":2,"attachmentsCount":0,"hasContent":true}],"attachments":[{"uid":"92bab73b14f3a40e","name":"Screenshot","source":"92bab73b14f3a40e.png","type":"image/png","size":61840},{"uid":"758cd76bfe86f45c","name":"HTML source","source":"758cd76bfe86f45c.html","type":"text/html","size":81218}],"parameters":[],"shouldDisplayMessage":true,"stepsCount":3,"attachmentsCount":2,"hasContent":true},"afterStages":[{"name":"driver::0","time":{"start":1694392799650,"stop":1694392799712,"duration":62},"status":"passed","steps":[],"attachments":[],"parameters":[],"shouldDisplayMessage":false,"stepsCount":0,"attachmentsCount":0,"hasContent":false},{"name":"clear_allure_result_folder::0","time":{"start":1694394204967,"stop":1694394204967,"duration":0},"status":"passed","steps":[],"attachments":[],"parameters":[],"shouldDisplayMessage":false,"stepsCount":0,"attachmentsCount":0,"hasContent":false}],"labels":[{"name":"epic","value":"Create An Account"},{"name":"parentSuite","value":"tests"},{"name":"suite","value":"test_create_an_account"},{"name":"subSuite","value":"TestCreateAnAccount"},{"name":"host","value":"fv-az1025-595"},{"name":"thread","value":"2906-MainThread"},{"name":"framework","value":"pytest"},{"name":"language","value":"cpython3"},{"name":"package","value":"tests.test_create_an_account"},{"name":"resultFormat","value":"allure2"}],"parameters":[],"links":[],"hidden":false,"retry":false,"extra":{"severity":"normal","retries":[],"categories":[{"name":"Test defects","matchedStatuses":[],"flaky":false}],"tags":[]},"source":"15c167e7bc14b2ed.json","parameterValues":[]}