{"uid":"3c0b453ffe560aac","name":"TC 17.01.09 Verify FYP captcha input field is present","fullName":"tests.test_forgot_your_password.TestForgotYourPassword#test_17_01_09_email_field_is_present","historyId":"cd76134b1f5e36a57a9e536da7128211","time":{"start":1692492337897,"stop":1692492343035,"duration":5138},"description":"Check if the captcha input field is present","descriptionHtml":"<p>Check if the captcha input field is present</p>\n","status":"broken","statusMessage":"selenium.common.exceptions.TimeoutException: Message: \nStacktrace:\n#0 0x5624ac4fc613 <unknown>\n#1 0x5624ac228537 <unknown>\n#2 0x5624ac266f53 <unknown>\n#3 0x5624ac267041 <unknown>\n#4 0x5624ac2a22a4 <unknown>\n#5 0x5624ac287a5d <unknown>\n#6 0x5624ac29fd09 <unknown>\n#7 0x5624ac287803 <unknown>\n#8 0x5624ac25b68b <unknown>\n#9 0x5624ac25c42e <unknown>\n#10 0x5624ac4bdc28 <unknown>\n#11 0x5624ac4c1af7 <unknown>\n#12 0x5624ac4cc01c <unknown>\n#13 0x5624ac4c2723 <unknown>\n#14 0x5624ac491457 <unknown>\n#15 0x5624ac4e6628 <unknown>\n#16 0x5624ac4e67b7 <unknown>\n#17 0x5624ac4f5483 <unknown>\n#18 0x7f352f50fb43 <unknown>","statusTrace":"self = <test_forgot_your_password.TestForgotYourPassword object at 0x7f89edeb2310>\ndriver = <selenium.webdriver.chrome.webdriver.WebDriver (session=\"d510126091866c8ca5d03a4ceb51833c\")>\nforgot_psw_page = <pages.forgot_your_password_page.ForgotYourPasswordPage object at 0x7f89eeabfad0>\n\n    @allure.title('TC 17.01.09 Verify FYP captcha input field is present')\n    def test_17_01_09_email_field_is_present(self, driver, forgot_psw_page):\n        \"\"\"Check if the captcha input field is present\"\"\"\n>       captcha_input = forgot_psw_page.check_forgot_psw_captcha_field_is_clickable()\n\ntests/test_forgot_your_password.py:87: \n_ _ _ _ _ _ _ _ _ _ _ _ _ _ _ _ _ _ _ _ _ _ _ _ _ _ _ _ _ _ _ _ _ _ _ _ _ _ _ _ \npages/forgot_your_password_page.py:59: in check_forgot_psw_captcha_field_is_clickable\n    return self.element_is_clickable(self.locators.FORGOT_YOUR_PASSWORD_CAPTCHA)\npages/base_page.py:80: in element_is_clickable\n    return wait(self.driver, timeout).until(EC.element_to_be_clickable(locator))\n_ _ _ _ _ _ _ _ _ _ _ _ _ _ _ _ _ _ _ _ _ _ _ _ _ _ _ _ _ _ _ _ _ _ _ _ _ _ _ _ \n\nself = <selenium.webdriver.support.wait.WebDriverWait (session=\"d510126091866c8ca5d03a4ceb51833c\")>\nmethod = <function element_to_be_clickable.<locals>._predicate at 0x7f89ecae0e00>\nmessage = ''\n\n    def until(self, method, message: str = \"\"):\n        \"\"\"Calls the method provided with the driver as an argument until the \\\n        return value does not evaluate to ``False``.\n    \n        :param method: callable(WebDriver)\n        :param message: optional message for :exc:`TimeoutException`\n        :returns: the result of the last call to `method`\n        :raises: :exc:`selenium.common.exceptions.TimeoutException` if timeout occurs\n        \"\"\"\n        screen = None\n        stacktrace = None\n    \n        end_time = time.monotonic() + self._timeout\n        while True:\n            try:\n                value = method(self._driver)\n                if value:\n                    return value\n            except self._ignored_exceptions as exc:\n                screen = getattr(exc, \"screen\", None)\n                stacktrace = getattr(exc, \"stacktrace\", None)\n            time.sleep(self._poll)\n            if time.monotonic() > end_time:\n                break\n>       raise TimeoutException(message, screen, stacktrace)\nE       selenium.common.exceptions.TimeoutException: Message: \nE       Stacktrace:\nE       #0 0x5624ac4fc613 <unknown>\nE       #1 0x5624ac228537 <unknown>\nE       #2 0x5624ac266f53 <unknown>\nE       #3 0x5624ac267041 <unknown>\nE       #4 0x5624ac2a22a4 <unknown>\nE       #5 0x5624ac287a5d <unknown>\nE       #6 0x5624ac29fd09 <unknown>\nE       #7 0x5624ac287803 <unknown>\nE       #8 0x5624ac25b68b <unknown>\nE       #9 0x5624ac25c42e <unknown>\nE       #10 0x5624ac4bdc28 <unknown>\nE       #11 0x5624ac4c1af7 <unknown>\nE       #12 0x5624ac4cc01c <unknown>\nE       #13 0x5624ac4c2723 <unknown>\nE       #14 0x5624ac491457 <unknown>\nE       #15 0x5624ac4e6628 <unknown>\nE       #16 0x5624ac4e67b7 <unknown>\nE       #17 0x5624ac4f5483 <unknown>\nE       #18 0x7f352f50fb43 <unknown>\n\n/opt/hostedtoolcache/Python/3.11.4/x64/lib/python3.11/site-packages/selenium/webdriver/support/wait.py:95: TimeoutException","flaky":false,"newFailed":false,"newBroken":false,"newPassed":false,"retriesCount":0,"retriesStatusChange":false,"beforeStages":[{"name":"_session_faker","time":{"start":1692491949962,"stop":1692491950062,"duration":100},"status":"passed","steps":[],"attachments":[],"parameters":[],"stepsCount":0,"attachmentsCount":0,"shouldDisplayMessage":false,"hasContent":false},{"name":"clear_allure_result_folder","time":{"start":1692491950062,"stop":1692491950062,"duration":0},"status":"passed","steps":[],"attachments":[],"parameters":[],"stepsCount":0,"attachmentsCount":0,"shouldDisplayMessage":false,"hasContent":false},{"name":"driver","time":{"start":1692492335817,"stop":1692492336829,"duration":1012},"status":"passed","steps":[],"attachments":[],"parameters":[],"stepsCount":0,"attachmentsCount":0,"shouldDisplayMessage":false,"hasContent":false},{"name":"forgot_psw_page","time":{"start":1692492336830,"stop":1692492337896,"duration":1066},"status":"passed","steps":[{"name":"Open a browser","time":{"start":1692492336830,"stop":1692492337896,"duration":1066},"status":"passed","steps":[],"attachments":[],"parameters":[],"stepsCount":0,"attachmentsCount":0,"shouldDisplayMessage":false,"hasContent":false}],"attachments":[],"parameters":[],"stepsCount":1,"attachmentsCount":0,"shouldDisplayMessage":false,"hasContent":true}],"testStage":{"description":"Check if the captcha input field is present","status":"broken","statusMessage":"selenium.common.exceptions.TimeoutException: Message: \nStacktrace:\n#0 0x5624ac4fc613 <unknown>\n#1 0x5624ac228537 <unknown>\n#2 0x5624ac266f53 <unknown>\n#3 0x5624ac267041 <unknown>\n#4 0x5624ac2a22a4 <unknown>\n#5 0x5624ac287a5d <unknown>\n#6 0x5624ac29fd09 <unknown>\n#7 0x5624ac287803 <unknown>\n#8 0x5624ac25b68b <unknown>\n#9 0x5624ac25c42e <unknown>\n#10 0x5624ac4bdc28 <unknown>\n#11 0x5624ac4c1af7 <unknown>\n#12 0x5624ac4cc01c <unknown>\n#13 0x5624ac4c2723 <unknown>\n#14 0x5624ac491457 <unknown>\n#15 0x5624ac4e6628 <unknown>\n#16 0x5624ac4e67b7 <unknown>\n#17 0x5624ac4f5483 <unknown>\n#18 0x7f352f50fb43 <unknown>","statusTrace":"self = <test_forgot_your_password.TestForgotYourPassword object at 0x7f89edeb2310>\ndriver = <selenium.webdriver.chrome.webdriver.WebDriver (session=\"d510126091866c8ca5d03a4ceb51833c\")>\nforgot_psw_page = <pages.forgot_your_password_page.ForgotYourPasswordPage object at 0x7f89eeabfad0>\n\n    @allure.title('TC 17.01.09 Verify FYP captcha input field is present')\n    def test_17_01_09_email_field_is_present(self, driver, forgot_psw_page):\n        \"\"\"Check if the captcha input field is present\"\"\"\n>       captcha_input = forgot_psw_page.check_forgot_psw_captcha_field_is_clickable()\n\ntests/test_forgot_your_password.py:87: \n_ _ _ _ _ _ _ _ _ _ _ _ _ _ _ _ _ _ _ _ _ _ _ _ _ _ _ _ _ _ _ _ _ _ _ _ _ _ _ _ \npages/forgot_your_password_page.py:59: in check_forgot_psw_captcha_field_is_clickable\n    return self.element_is_clickable(self.locators.FORGOT_YOUR_PASSWORD_CAPTCHA)\npages/base_page.py:80: in element_is_clickable\n    return wait(self.driver, timeout).until(EC.element_to_be_clickable(locator))\n_ _ _ _ _ _ _ _ _ _ _ _ _ _ _ _ _ _ _ _ _ _ _ _ _ _ _ _ _ _ _ _ _ _ _ _ _ _ _ _ \n\nself = <selenium.webdriver.support.wait.WebDriverWait (session=\"d510126091866c8ca5d03a4ceb51833c\")>\nmethod = <function element_to_be_clickable.<locals>._predicate at 0x7f89ecae0e00>\nmessage = ''\n\n    def until(self, method, message: str = \"\"):\n        \"\"\"Calls the method provided with the driver as an argument until the \\\n        return value does not evaluate to ``False``.\n    \n        :param method: callable(WebDriver)\n        :param message: optional message for :exc:`TimeoutException`\n        :returns: the result of the last call to `method`\n        :raises: :exc:`selenium.common.exceptions.TimeoutException` if timeout occurs\n        \"\"\"\n        screen = None\n        stacktrace = None\n    \n        end_time = time.monotonic() + self._timeout\n        while True:\n            try:\n                value = method(self._driver)\n                if value:\n                    return value\n            except self._ignored_exceptions as exc:\n                screen = getattr(exc, \"screen\", None)\n                stacktrace = getattr(exc, \"stacktrace\", None)\n            time.sleep(self._poll)\n            if time.monotonic() > end_time:\n                break\n>       raise TimeoutException(message, screen, stacktrace)\nE       selenium.common.exceptions.TimeoutException: Message: \nE       Stacktrace:\nE       #0 0x5624ac4fc613 <unknown>\nE       #1 0x5624ac228537 <unknown>\nE       #2 0x5624ac266f53 <unknown>\nE       #3 0x5624ac267041 <unknown>\nE       #4 0x5624ac2a22a4 <unknown>\nE       #5 0x5624ac287a5d <unknown>\nE       #6 0x5624ac29fd09 <unknown>\nE       #7 0x5624ac287803 <unknown>\nE       #8 0x5624ac25b68b <unknown>\nE       #9 0x5624ac25c42e <unknown>\nE       #10 0x5624ac4bdc28 <unknown>\nE       #11 0x5624ac4c1af7 <unknown>\nE       #12 0x5624ac4cc01c <unknown>\nE       #13 0x5624ac4c2723 <unknown>\nE       #14 0x5624ac491457 <unknown>\nE       #15 0x5624ac4e6628 <unknown>\nE       #16 0x5624ac4e67b7 <unknown>\nE       #17 0x5624ac4f5483 <unknown>\nE       #18 0x7f352f50fb43 <unknown>\n\n/opt/hostedtoolcache/Python/3.11.4/x64/lib/python3.11/site-packages/selenium/webdriver/support/wait.py:95: TimeoutException","steps":[{"name":"Check FYP captcha input field is clickable","time":{"start":1692492337897,"stop":1692492343035,"duration":5138},"status":"broken","statusMessage":"selenium.common.exceptions.TimeoutException: Message: \nStacktrace:\n#0 0x5624ac4fc613 <unknown>\n#1 0x5624ac228537 <unknown>\n#2 0x5624ac266f53 <unknown>\n#3 0x5624ac267041 <unknown>\n#4 0x5624ac2a22a4 <unknown>\n#5 0x5624ac287a5d <unknown>\n#6 0x5624ac29fd09 <unknown>\n#7 0x5624ac287803 <unknown>\n#8 0x5624ac25b68b <unknown>\n#9 0x5624ac25c42e <unknown>\n#10 0x5624ac4bdc28 <unknown>\n#11 0x5624ac4c1af7 <unknown>\n#12 0x5624ac4cc01c <unknown>\n#13 0x5624ac4c2723 <unknown>\n#14 0x5624ac491457 <unknown>\n#15 0x5624ac4e6628 <unknown>\n#16 0x5624ac4e67b7 <unknown>\n#17 0x5624ac4f5483 <unknown>\n#18 0x7f352f50fb43 <unknown>\n\n","statusTrace":"  File \"/opt/hostedtoolcache/Python/3.11.4/x64/lib/python3.11/site-packages/allure_commons/_allure.py\", line 192, in impl\n    return func(*a, **kw)\n           ^^^^^^^^^^^^^^\n  File \"/home/runner/work/luma_project/luma_project/pages/forgot_your_password_page.py\", line 59, in check_forgot_psw_captcha_field_is_clickable\n    return self.element_is_clickable(self.locators.FORGOT_YOUR_PASSWORD_CAPTCHA)\n           ^^^^^^^^^^^^^^^^^^^^^^^^^^^^^^^^^^^^^^^^^^^^^^^^^^^^^^^^^^^^^^^^^^^^^\n  File \"/opt/hostedtoolcache/Python/3.11.4/x64/lib/python3.11/site-packages/allure_commons/_allure.py\", line 192, in impl\n    return func(*a, **kw)\n           ^^^^^^^^^^^^^^\n  File \"/home/runner/work/luma_project/luma_project/pages/base_page.py\", line 80, in element_is_clickable\n    return wait(self.driver, timeout).until(EC.element_to_be_clickable(locator))\n           ^^^^^^^^^^^^^^^^^^^^^^^^^^^^^^^^^^^^^^^^^^^^^^^^^^^^^^^^^^^^^^^^^^^^^\n  File \"/opt/hostedtoolcache/Python/3.11.4/x64/lib/python3.11/site-packages/selenium/webdriver/support/wait.py\", line 95, in until\n    raise TimeoutException(message, screen, stacktrace)\n","steps":[{"name":"Find clickable elements","time":{"start":1692492337897,"stop":1692492343034,"duration":5137},"status":"broken","statusMessage":"selenium.common.exceptions.TimeoutException: Message: \nStacktrace:\n#0 0x5624ac4fc613 <unknown>\n#1 0x5624ac228537 <unknown>\n#2 0x5624ac266f53 <unknown>\n#3 0x5624ac267041 <unknown>\n#4 0x5624ac2a22a4 <unknown>\n#5 0x5624ac287a5d <unknown>\n#6 0x5624ac29fd09 <unknown>\n#7 0x5624ac287803 <unknown>\n#8 0x5624ac25b68b <unknown>\n#9 0x5624ac25c42e <unknown>\n#10 0x5624ac4bdc28 <unknown>\n#11 0x5624ac4c1af7 <unknown>\n#12 0x5624ac4cc01c <unknown>\n#13 0x5624ac4c2723 <unknown>\n#14 0x5624ac491457 <unknown>\n#15 0x5624ac4e6628 <unknown>\n#16 0x5624ac4e67b7 <unknown>\n#17 0x5624ac4f5483 <unknown>\n#18 0x7f352f50fb43 <unknown>\n\n","statusTrace":"  File \"/opt/hostedtoolcache/Python/3.11.4/x64/lib/python3.11/site-packages/allure_commons/_allure.py\", line 192, in impl\n    return func(*a, **kw)\n           ^^^^^^^^^^^^^^\n  File \"/home/runner/work/luma_project/luma_project/pages/base_page.py\", line 80, in element_is_clickable\n    return wait(self.driver, timeout).until(EC.element_to_be_clickable(locator))\n           ^^^^^^^^^^^^^^^^^^^^^^^^^^^^^^^^^^^^^^^^^^^^^^^^^^^^^^^^^^^^^^^^^^^^^\n  File \"/opt/hostedtoolcache/Python/3.11.4/x64/lib/python3.11/site-packages/selenium/webdriver/support/wait.py\", line 95, in until\n    raise TimeoutException(message, screen, stacktrace)\n","steps":[],"attachments":[],"parameters":[{"name":"locator","value":"('css selector', '#captcha_user_forgotpassword')"},{"name":"timeout","value":"5"}],"stepsCount":0,"attachmentsCount":0,"shouldDisplayMessage":true,"hasContent":true}],"attachments":[],"parameters":[],"stepsCount":1,"attachmentsCount":0,"shouldDisplayMessage":false,"hasContent":true}],"attachments":[{"uid":"fe90f9cc8a2e98bb","name":"Screenshot","source":"fe90f9cc8a2e98bb.png","type":"image/png","size":65941},{"uid":"dc01307790c5d521","name":"HTML source","source":"dc01307790c5d521.html","type":"text/html","size":77958}],"parameters":[],"stepsCount":2,"attachmentsCount":2,"shouldDisplayMessage":true,"hasContent":true},"afterStages":[{"name":"driver::0","time":{"start":1692492343199,"stop":1692492343262,"duration":63},"status":"passed","steps":[],"attachments":[],"parameters":[],"stepsCount":0,"attachmentsCount":0,"shouldDisplayMessage":false,"hasContent":false},{"name":"clear_allure_result_folder::0","time":{"start":1692493478748,"stop":1692493478748,"duration":0},"status":"passed","steps":[],"attachments":[],"parameters":[],"stepsCount":0,"attachmentsCount":0,"shouldDisplayMessage":false,"hasContent":false}],"labels":[{"name":"epic","value":"Forgot Your Password Page"},{"name":"parentSuite","value":"tests"},{"name":"suite","value":"test_forgot_your_password"},{"name":"subSuite","value":"TestForgotYourPassword"},{"name":"host","value":"fv-az548-552"},{"name":"thread","value":"3305-MainThread"},{"name":"framework","value":"pytest"},{"name":"language","value":"cpython3"},{"name":"package","value":"tests.test_forgot_your_password"},{"name":"resultFormat","value":"allure2"}],"parameters":[],"links":[],"hidden":false,"retry":false,"extra":{"severity":"normal","retries":[],"categories":[{"name":"Test defects","matchedStatuses":[],"flaky":false}],"tags":[]},"source":"3c0b453ffe560aac.json","parameterValues":[]}