{"uid":"41cb2978f4af7009","name":"TC 04_01_09 Verify checkbox is present and unchecked","fullName":"tests.test_create_an_account.TestCreateAnAccount#test_04_01_09_sign_up_for_letters_checkbox","historyId":"642467d3c5da0c3e31a9a245e10a30c4","time":{"start":1692492024619,"stop":1692492029756,"duration":5137},"description":" Verify that checkbox is present and unchecked","descriptionHtml":"<p>Verify that checkbox is present and unchecked</p>\n","status":"broken","statusMessage":"selenium.common.exceptions.TimeoutException: Message: \nStacktrace:\n#0 0x556b55301613 <unknown>\n#1 0x556b5502d537 <unknown>\n#2 0x556b5506bf53 <unknown>\n#3 0x556b5506c041 <unknown>\n#4 0x556b550a72a4 <unknown>\n#5 0x556b5508ca5d <unknown>\n#6 0x556b550a4d09 <unknown>\n#7 0x556b5508c803 <unknown>\n#8 0x556b5506068b <unknown>\n#9 0x556b5506142e <unknown>\n#10 0x556b552c2c28 <unknown>\n#11 0x556b552c6af7 <unknown>\n#12 0x556b552d101c <unknown>\n#13 0x556b552c7723 <unknown>\n#14 0x556b55296457 <unknown>\n#15 0x556b552eb628 <unknown>\n#16 0x556b552eb7b7 <unknown>\n#17 0x556b552fa483 <unknown>\n#18 0x7f119f55ab43 <unknown>","statusTrace":"self = <test_create_an_account.TestCreateAnAccount object at 0x7f89edb85f10>\ncreate_account_page = <pages.create_an_account_page.CreateAccountPage object at 0x7f89eeb24210>\n\n    @allure.title('TC 04_01_09 Verify checkbox is present and unchecked')\n    def test_04_01_09_sign_up_for_letters_checkbox(self, create_account_page):\n        \"\"\" Verify that checkbox is present and unchecked\"\"\"\n>       sign_up_checkbox = create_account_page.check_sign_up_checkbox_label()\n\ntests/test_create_an_account.py:79: \n_ _ _ _ _ _ _ _ _ _ _ _ _ _ _ _ _ _ _ _ _ _ _ _ _ _ _ _ _ _ _ _ _ _ _ _ _ _ _ _ \npages/create_an_account_page.py:224: in check_sign_up_checkbox_label\n    return self.element_is_visible(self.locators.SIGN_UP_CHECKBOX_LABEL)\npages/base_page.py:29: in element_is_visible\n    self.go_to_element(self.element_is_present(locator))\npages/base_page.py:50: in element_is_present\n    return wait(self.driver, timeout).until(EC.presence_of_element_located(locator))\n_ _ _ _ _ _ _ _ _ _ _ _ _ _ _ _ _ _ _ _ _ _ _ _ _ _ _ _ _ _ _ _ _ _ _ _ _ _ _ _ \n\nself = <selenium.webdriver.support.wait.WebDriverWait (session=\"2b6b582d53537cbde6c106334a0d4f54\")>\nmethod = <function presence_of_element_located.<locals>._predicate at 0x7f89eca01a80>\nmessage = ''\n\n    def until(self, method, message: str = \"\"):\n        \"\"\"Calls the method provided with the driver as an argument until the \\\n        return value does not evaluate to ``False``.\n    \n        :param method: callable(WebDriver)\n        :param message: optional message for :exc:`TimeoutException`\n        :returns: the result of the last call to `method`\n        :raises: :exc:`selenium.common.exceptions.TimeoutException` if timeout occurs\n        \"\"\"\n        screen = None\n        stacktrace = None\n    \n        end_time = time.monotonic() + self._timeout\n        while True:\n            try:\n                value = method(self._driver)\n                if value:\n                    return value\n            except self._ignored_exceptions as exc:\n                screen = getattr(exc, \"screen\", None)\n                stacktrace = getattr(exc, \"stacktrace\", None)\n            time.sleep(self._poll)\n            if time.monotonic() > end_time:\n                break\n>       raise TimeoutException(message, screen, stacktrace)\nE       selenium.common.exceptions.TimeoutException: Message: \nE       Stacktrace:\nE       #0 0x556b55301613 <unknown>\nE       #1 0x556b5502d537 <unknown>\nE       #2 0x556b5506bf53 <unknown>\nE       #3 0x556b5506c041 <unknown>\nE       #4 0x556b550a72a4 <unknown>\nE       #5 0x556b5508ca5d <unknown>\nE       #6 0x556b550a4d09 <unknown>\nE       #7 0x556b5508c803 <unknown>\nE       #8 0x556b5506068b <unknown>\nE       #9 0x556b5506142e <unknown>\nE       #10 0x556b552c2c28 <unknown>\nE       #11 0x556b552c6af7 <unknown>\nE       #12 0x556b552d101c <unknown>\nE       #13 0x556b552c7723 <unknown>\nE       #14 0x556b55296457 <unknown>\nE       #15 0x556b552eb628 <unknown>\nE       #16 0x556b552eb7b7 <unknown>\nE       #17 0x556b552fa483 <unknown>\nE       #18 0x7f119f55ab43 <unknown>\n\n/opt/hostedtoolcache/Python/3.11.4/x64/lib/python3.11/site-packages/selenium/webdriver/support/wait.py:95: TimeoutException","flaky":false,"newFailed":false,"newBroken":false,"newPassed":false,"retriesCount":0,"retriesStatusChange":false,"beforeStages":[{"name":"_session_faker","time":{"start":1692491949962,"stop":1692491950062,"duration":100},"status":"passed","steps":[],"attachments":[],"parameters":[],"stepsCount":0,"attachmentsCount":0,"shouldDisplayMessage":false,"hasContent":false},{"name":"clear_allure_result_folder","time":{"start":1692491950062,"stop":1692491950062,"duration":0},"status":"passed","steps":[],"attachments":[],"parameters":[],"stepsCount":0,"attachmentsCount":0,"shouldDisplayMessage":false,"hasContent":false},{"name":"driver","time":{"start":1692492022549,"stop":1692492023580,"duration":1031},"status":"passed","steps":[],"attachments":[],"parameters":[],"stepsCount":0,"attachmentsCount":0,"shouldDisplayMessage":false,"hasContent":false},{"name":"create_account_page","time":{"start":1692492023580,"stop":1692492024619,"duration":1039},"status":"passed","steps":[{"name":"Open a browser","time":{"start":1692492023580,"stop":1692492024619,"duration":1039},"status":"passed","steps":[],"attachments":[],"parameters":[],"stepsCount":0,"attachmentsCount":0,"shouldDisplayMessage":false,"hasContent":false}],"attachments":[],"parameters":[],"stepsCount":1,"attachmentsCount":0,"shouldDisplayMessage":false,"hasContent":true}],"testStage":{"description":" Verify that checkbox is present and unchecked","status":"broken","statusMessage":"selenium.common.exceptions.TimeoutException: Message: \nStacktrace:\n#0 0x556b55301613 <unknown>\n#1 0x556b5502d537 <unknown>\n#2 0x556b5506bf53 <unknown>\n#3 0x556b5506c041 <unknown>\n#4 0x556b550a72a4 <unknown>\n#5 0x556b5508ca5d <unknown>\n#6 0x556b550a4d09 <unknown>\n#7 0x556b5508c803 <unknown>\n#8 0x556b5506068b <unknown>\n#9 0x556b5506142e <unknown>\n#10 0x556b552c2c28 <unknown>\n#11 0x556b552c6af7 <unknown>\n#12 0x556b552d101c <unknown>\n#13 0x556b552c7723 <unknown>\n#14 0x556b55296457 <unknown>\n#15 0x556b552eb628 <unknown>\n#16 0x556b552eb7b7 <unknown>\n#17 0x556b552fa483 <unknown>\n#18 0x7f119f55ab43 <unknown>","statusTrace":"self = <test_create_an_account.TestCreateAnAccount object at 0x7f89edb85f10>\ncreate_account_page = <pages.create_an_account_page.CreateAccountPage object at 0x7f89eeb24210>\n\n    @allure.title('TC 04_01_09 Verify checkbox is present and unchecked')\n    def test_04_01_09_sign_up_for_letters_checkbox(self, create_account_page):\n        \"\"\" Verify that checkbox is present and unchecked\"\"\"\n>       sign_up_checkbox = create_account_page.check_sign_up_checkbox_label()\n\ntests/test_create_an_account.py:79: \n_ _ _ _ _ _ _ _ _ _ _ _ _ _ _ _ _ _ _ _ _ _ _ _ _ _ _ _ _ _ _ _ _ _ _ _ _ _ _ _ \npages/create_an_account_page.py:224: in check_sign_up_checkbox_label\n    return self.element_is_visible(self.locators.SIGN_UP_CHECKBOX_LABEL)\npages/base_page.py:29: in element_is_visible\n    self.go_to_element(self.element_is_present(locator))\npages/base_page.py:50: in element_is_present\n    return wait(self.driver, timeout).until(EC.presence_of_element_located(locator))\n_ _ _ _ _ _ _ _ _ _ _ _ _ _ _ _ _ _ _ _ _ _ _ _ _ _ _ _ _ _ _ _ _ _ _ _ _ _ _ _ \n\nself = <selenium.webdriver.support.wait.WebDriverWait (session=\"2b6b582d53537cbde6c106334a0d4f54\")>\nmethod = <function presence_of_element_located.<locals>._predicate at 0x7f89eca01a80>\nmessage = ''\n\n    def until(self, method, message: str = \"\"):\n        \"\"\"Calls the method provided with the driver as an argument until the \\\n        return value does not evaluate to ``False``.\n    \n        :param method: callable(WebDriver)\n        :param message: optional message for :exc:`TimeoutException`\n        :returns: the result of the last call to `method`\n        :raises: :exc:`selenium.common.exceptions.TimeoutException` if timeout occurs\n        \"\"\"\n        screen = None\n        stacktrace = None\n    \n        end_time = time.monotonic() + self._timeout\n        while True:\n            try:\n                value = method(self._driver)\n                if value:\n                    return value\n            except self._ignored_exceptions as exc:\n                screen = getattr(exc, \"screen\", None)\n                stacktrace = getattr(exc, \"stacktrace\", None)\n            time.sleep(self._poll)\n            if time.monotonic() > end_time:\n                break\n>       raise TimeoutException(message, screen, stacktrace)\nE       selenium.common.exceptions.TimeoutException: Message: \nE       Stacktrace:\nE       #0 0x556b55301613 <unknown>\nE       #1 0x556b5502d537 <unknown>\nE       #2 0x556b5506bf53 <unknown>\nE       #3 0x556b5506c041 <unknown>\nE       #4 0x556b550a72a4 <unknown>\nE       #5 0x556b5508ca5d <unknown>\nE       #6 0x556b550a4d09 <unknown>\nE       #7 0x556b5508c803 <unknown>\nE       #8 0x556b5506068b <unknown>\nE       #9 0x556b5506142e <unknown>\nE       #10 0x556b552c2c28 <unknown>\nE       #11 0x556b552c6af7 <unknown>\nE       #12 0x556b552d101c <unknown>\nE       #13 0x556b552c7723 <unknown>\nE       #14 0x556b55296457 <unknown>\nE       #15 0x556b552eb628 <unknown>\nE       #16 0x556b552eb7b7 <unknown>\nE       #17 0x556b552fa483 <unknown>\nE       #18 0x7f119f55ab43 <unknown>\n\n/opt/hostedtoolcache/Python/3.11.4/x64/lib/python3.11/site-packages/selenium/webdriver/support/wait.py:95: TimeoutException","steps":[{"name":"Check Sign Up checkbox label is visible","time":{"start":1692492024619,"stop":1692492029755,"duration":5136},"status":"broken","statusMessage":"selenium.common.exceptions.TimeoutException: Message: \nStacktrace:\n#0 0x556b55301613 <unknown>\n#1 0x556b5502d537 <unknown>\n#2 0x556b5506bf53 <unknown>\n#3 0x556b5506c041 <unknown>\n#4 0x556b550a72a4 <unknown>\n#5 0x556b5508ca5d <unknown>\n#6 0x556b550a4d09 <unknown>\n#7 0x556b5508c803 <unknown>\n#8 0x556b5506068b <unknown>\n#9 0x556b5506142e <unknown>\n#10 0x556b552c2c28 <unknown>\n#11 0x556b552c6af7 <unknown>\n#12 0x556b552d101c <unknown>\n#13 0x556b552c7723 <unknown>\n#14 0x556b55296457 <unknown>\n#15 0x556b552eb628 <unknown>\n#16 0x556b552eb7b7 <unknown>\n#17 0x556b552fa483 <unknown>\n#18 0x7f119f55ab43 <unknown>\n\n","statusTrace":"  File \"/opt/hostedtoolcache/Python/3.11.4/x64/lib/python3.11/site-packages/allure_commons/_allure.py\", line 192, in impl\n    return func(*a, **kw)\n           ^^^^^^^^^^^^^^\n  File \"/home/runner/work/luma_project/luma_project/pages/create_an_account_page.py\", line 224, in check_sign_up_checkbox_label\n    return self.element_is_visible(self.locators.SIGN_UP_CHECKBOX_LABEL)\n           ^^^^^^^^^^^^^^^^^^^^^^^^^^^^^^^^^^^^^^^^^^^^^^^^^^^^^^^^^^^^^\n  File \"/opt/hostedtoolcache/Python/3.11.4/x64/lib/python3.11/site-packages/allure_commons/_allure.py\", line 192, in impl\n    return func(*a, **kw)\n           ^^^^^^^^^^^^^^\n  File \"/home/runner/work/luma_project/luma_project/pages/base_page.py\", line 29, in element_is_visible\n    self.go_to_element(self.element_is_present(locator))\n                       ^^^^^^^^^^^^^^^^^^^^^^^^^^^^^^^^\n  File \"/opt/hostedtoolcache/Python/3.11.4/x64/lib/python3.11/site-packages/allure_commons/_allure.py\", line 192, in impl\n    return func(*a, **kw)\n           ^^^^^^^^^^^^^^\n  File \"/home/runner/work/luma_project/luma_project/pages/base_page.py\", line 50, in element_is_present\n    return wait(self.driver, timeout).until(EC.presence_of_element_located(locator))\n           ^^^^^^^^^^^^^^^^^^^^^^^^^^^^^^^^^^^^^^^^^^^^^^^^^^^^^^^^^^^^^^^^^^^^^^^^^\n  File \"/opt/hostedtoolcache/Python/3.11.4/x64/lib/python3.11/site-packages/selenium/webdriver/support/wait.py\", line 95, in until\n    raise TimeoutException(message, screen, stacktrace)\n","steps":[{"name":"Find a visible element","time":{"start":1692492024619,"stop":1692492029755,"duration":5136},"status":"broken","statusMessage":"selenium.common.exceptions.TimeoutException: Message: \nStacktrace:\n#0 0x556b55301613 <unknown>\n#1 0x556b5502d537 <unknown>\n#2 0x556b5506bf53 <unknown>\n#3 0x556b5506c041 <unknown>\n#4 0x556b550a72a4 <unknown>\n#5 0x556b5508ca5d <unknown>\n#6 0x556b550a4d09 <unknown>\n#7 0x556b5508c803 <unknown>\n#8 0x556b5506068b <unknown>\n#9 0x556b5506142e <unknown>\n#10 0x556b552c2c28 <unknown>\n#11 0x556b552c6af7 <unknown>\n#12 0x556b552d101c <unknown>\n#13 0x556b552c7723 <unknown>\n#14 0x556b55296457 <unknown>\n#15 0x556b552eb628 <unknown>\n#16 0x556b552eb7b7 <unknown>\n#17 0x556b552fa483 <unknown>\n#18 0x7f119f55ab43 <unknown>\n\n","statusTrace":"  File \"/opt/hostedtoolcache/Python/3.11.4/x64/lib/python3.11/site-packages/allure_commons/_allure.py\", line 192, in impl\n    return func(*a, **kw)\n           ^^^^^^^^^^^^^^\n  File \"/home/runner/work/luma_project/luma_project/pages/base_page.py\", line 29, in element_is_visible\n    self.go_to_element(self.element_is_present(locator))\n                       ^^^^^^^^^^^^^^^^^^^^^^^^^^^^^^^^\n  File \"/opt/hostedtoolcache/Python/3.11.4/x64/lib/python3.11/site-packages/allure_commons/_allure.py\", line 192, in impl\n    return func(*a, **kw)\n           ^^^^^^^^^^^^^^\n  File \"/home/runner/work/luma_project/luma_project/pages/base_page.py\", line 50, in element_is_present\n    return wait(self.driver, timeout).until(EC.presence_of_element_located(locator))\n           ^^^^^^^^^^^^^^^^^^^^^^^^^^^^^^^^^^^^^^^^^^^^^^^^^^^^^^^^^^^^^^^^^^^^^^^^^\n  File \"/opt/hostedtoolcache/Python/3.11.4/x64/lib/python3.11/site-packages/selenium/webdriver/support/wait.py\", line 95, in until\n    raise TimeoutException(message, screen, stacktrace)\n","steps":[{"name":"Find a present element","time":{"start":1692492024619,"stop":1692492029754,"duration":5135},"status":"broken","statusMessage":"selenium.common.exceptions.TimeoutException: Message: \nStacktrace:\n#0 0x556b55301613 <unknown>\n#1 0x556b5502d537 <unknown>\n#2 0x556b5506bf53 <unknown>\n#3 0x556b5506c041 <unknown>\n#4 0x556b550a72a4 <unknown>\n#5 0x556b5508ca5d <unknown>\n#6 0x556b550a4d09 <unknown>\n#7 0x556b5508c803 <unknown>\n#8 0x556b5506068b <unknown>\n#9 0x556b5506142e <unknown>\n#10 0x556b552c2c28 <unknown>\n#11 0x556b552c6af7 <unknown>\n#12 0x556b552d101c <unknown>\n#13 0x556b552c7723 <unknown>\n#14 0x556b55296457 <unknown>\n#15 0x556b552eb628 <unknown>\n#16 0x556b552eb7b7 <unknown>\n#17 0x556b552fa483 <unknown>\n#18 0x7f119f55ab43 <unknown>\n\n","statusTrace":"  File \"/opt/hostedtoolcache/Python/3.11.4/x64/lib/python3.11/site-packages/allure_commons/_allure.py\", line 192, in impl\n    return func(*a, **kw)\n           ^^^^^^^^^^^^^^\n  File \"/home/runner/work/luma_project/luma_project/pages/base_page.py\", line 50, in element_is_present\n    return wait(self.driver, timeout).until(EC.presence_of_element_located(locator))\n           ^^^^^^^^^^^^^^^^^^^^^^^^^^^^^^^^^^^^^^^^^^^^^^^^^^^^^^^^^^^^^^^^^^^^^^^^^\n  File \"/opt/hostedtoolcache/Python/3.11.4/x64/lib/python3.11/site-packages/selenium/webdriver/support/wait.py\", line 95, in until\n    raise TimeoutException(message, screen, stacktrace)\n","steps":[],"attachments":[],"parameters":[{"name":"locator","value":"('css selector', \"label[for='is_subscribed']\")"},{"name":"timeout","value":"5"}],"stepsCount":0,"attachmentsCount":0,"shouldDisplayMessage":true,"hasContent":true}],"attachments":[],"parameters":[{"name":"locator","value":"('css selector', \"label[for='is_subscribed']\")"},{"name":"timeout","value":"10"}],"stepsCount":1,"attachmentsCount":0,"shouldDisplayMessage":false,"hasContent":true}],"attachments":[],"parameters":[],"stepsCount":2,"attachmentsCount":0,"shouldDisplayMessage":false,"hasContent":true}],"attachments":[{"uid":"8de00e215fd6a8f9","name":"Screenshot","source":"8de00e215fd6a8f9.png","type":"image/png","size":61840},{"uid":"382ab1a0e31eb8aa","name":"HTML source","source":"382ab1a0e31eb8aa.html","type":"text/html","size":81218}],"parameters":[],"stepsCount":3,"attachmentsCount":2,"shouldDisplayMessage":true,"hasContent":true},"afterStages":[{"name":"driver::0","time":{"start":1692492029983,"stop":1692492030047,"duration":64},"status":"passed","steps":[],"attachments":[],"parameters":[],"stepsCount":0,"attachmentsCount":0,"shouldDisplayMessage":false,"hasContent":false},{"name":"clear_allure_result_folder::0","time":{"start":1692493478748,"stop":1692493478748,"duration":0},"status":"passed","steps":[],"attachments":[],"parameters":[],"stepsCount":0,"attachmentsCount":0,"shouldDisplayMessage":false,"hasContent":false}],"labels":[{"name":"epic","value":"Create An Account"},{"name":"parentSuite","value":"tests"},{"name":"suite","value":"test_create_an_account"},{"name":"subSuite","value":"TestCreateAnAccount"},{"name":"host","value":"fv-az548-552"},{"name":"thread","value":"3305-MainThread"},{"name":"framework","value":"pytest"},{"name":"language","value":"cpython3"},{"name":"package","value":"tests.test_create_an_account"},{"name":"resultFormat","value":"allure2"}],"parameters":[],"links":[],"hidden":false,"retry":false,"extra":{"severity":"normal","retries":[],"categories":[{"name":"Test defects","matchedStatuses":[],"flaky":false}],"tags":[]},"source":"41cb2978f4af7009.json","parameterValues":[]}