{"uid":"77bc69f1ac38f68e","name":"TC 17.01.18 Verify captcha image has alternative text","fullName":"tests.test_forgot_your_password.TestForgotYourPassword#test_17_01_18_captcha_image_is_displayed","historyId":"3d930bde53b0fbd9c03738b6c2986dfb","time":{"start":1692492406109,"stop":1692492411245,"duration":5136},"description":"Check that the captcha image is present by default","descriptionHtml":"<p>Check that the captcha image is present by default</p>\n","status":"broken","statusMessage":"selenium.common.exceptions.TimeoutException: Message: \nStacktrace:\n#0 0x562324b23613 <unknown>\n#1 0x56232484f537 <unknown>\n#2 0x56232488df53 <unknown>\n#3 0x56232488e041 <unknown>\n#4 0x5623248c92a4 <unknown>\n#5 0x5623248aea5d <unknown>\n#6 0x5623248c6d09 <unknown>\n#7 0x5623248ae803 <unknown>\n#8 0x56232488268b <unknown>\n#9 0x56232488342e <unknown>\n#10 0x562324ae4c28 <unknown>\n#11 0x562324ae8af7 <unknown>\n#12 0x562324af301c <unknown>\n#13 0x562324ae9723 <unknown>\n#14 0x562324ab8457 <unknown>\n#15 0x562324b0d628 <unknown>\n#16 0x562324b0d7b7 <unknown>\n#17 0x562324b1c483 <unknown>\n#18 0x7f8012a69b43 <unknown>","statusTrace":"self = <test_forgot_your_password.TestForgotYourPassword object at 0x7f89edeea350>\ndriver = <selenium.webdriver.chrome.webdriver.WebDriver (session=\"c6477928c9a02ef55d2fd5223843bfe8\")>\nforgot_psw_page = <pages.forgot_your_password_page.ForgotYourPasswordPage object at 0x7f89ee8d1ad0>\n\n    @allure.title('TC 17.01.18 Verify captcha image has alternative text')\n    def test_17_01_18_captcha_image_is_displayed(self, driver, forgot_psw_page):\n        \"\"\"Check that the captcha image is present by default\"\"\"\n>       captcha_image = forgot_psw_page.check_captcha_image_is_visible()\n\ntests/test_forgot_your_password.py:161: \n_ _ _ _ _ _ _ _ _ _ _ _ _ _ _ _ _ _ _ _ _ _ _ _ _ _ _ _ _ _ _ _ _ _ _ _ _ _ _ _ \npages/forgot_your_password_page.py:109: in check_captcha_image_is_visible\n    return self.element_is_visible(self.locators.RELOAD_CAPTCHA_IMAGE)\npages/base_page.py:29: in element_is_visible\n    self.go_to_element(self.element_is_present(locator))\npages/base_page.py:50: in element_is_present\n    return wait(self.driver, timeout).until(EC.presence_of_element_located(locator))\n_ _ _ _ _ _ _ _ _ _ _ _ _ _ _ _ _ _ _ _ _ _ _ _ _ _ _ _ _ _ _ _ _ _ _ _ _ _ _ _ \n\nself = <selenium.webdriver.support.wait.WebDriverWait (session=\"c6477928c9a02ef55d2fd5223843bfe8\")>\nmethod = <function presence_of_element_located.<locals>._predicate at 0x7f89ecae2a20>\nmessage = ''\n\n    def until(self, method, message: str = \"\"):\n        \"\"\"Calls the method provided with the driver as an argument until the \\\n        return value does not evaluate to ``False``.\n    \n        :param method: callable(WebDriver)\n        :param message: optional message for :exc:`TimeoutException`\n        :returns: the result of the last call to `method`\n        :raises: :exc:`selenium.common.exceptions.TimeoutException` if timeout occurs\n        \"\"\"\n        screen = None\n        stacktrace = None\n    \n        end_time = time.monotonic() + self._timeout\n        while True:\n            try:\n                value = method(self._driver)\n                if value:\n                    return value\n            except self._ignored_exceptions as exc:\n                screen = getattr(exc, \"screen\", None)\n                stacktrace = getattr(exc, \"stacktrace\", None)\n            time.sleep(self._poll)\n            if time.monotonic() > end_time:\n                break\n>       raise TimeoutException(message, screen, stacktrace)\nE       selenium.common.exceptions.TimeoutException: Message: \nE       Stacktrace:\nE       #0 0x562324b23613 <unknown>\nE       #1 0x56232484f537 <unknown>\nE       #2 0x56232488df53 <unknown>\nE       #3 0x56232488e041 <unknown>\nE       #4 0x5623248c92a4 <unknown>\nE       #5 0x5623248aea5d <unknown>\nE       #6 0x5623248c6d09 <unknown>\nE       #7 0x5623248ae803 <unknown>\nE       #8 0x56232488268b <unknown>\nE       #9 0x56232488342e <unknown>\nE       #10 0x562324ae4c28 <unknown>\nE       #11 0x562324ae8af7 <unknown>\nE       #12 0x562324af301c <unknown>\nE       #13 0x562324ae9723 <unknown>\nE       #14 0x562324ab8457 <unknown>\nE       #15 0x562324b0d628 <unknown>\nE       #16 0x562324b0d7b7 <unknown>\nE       #17 0x562324b1c483 <unknown>\nE       #18 0x7f8012a69b43 <unknown>\n\n/opt/hostedtoolcache/Python/3.11.4/x64/lib/python3.11/site-packages/selenium/webdriver/support/wait.py:95: TimeoutException","flaky":false,"newFailed":false,"newBroken":false,"newPassed":false,"retriesCount":0,"retriesStatusChange":false,"beforeStages":[{"name":"_session_faker","time":{"start":1692491949962,"stop":1692491950062,"duration":100},"status":"passed","steps":[],"attachments":[],"parameters":[],"stepsCount":0,"attachmentsCount":0,"shouldDisplayMessage":false,"hasContent":false},{"name":"clear_allure_result_folder","time":{"start":1692491950062,"stop":1692491950062,"duration":0},"status":"passed","steps":[],"attachments":[],"parameters":[],"stepsCount":0,"attachmentsCount":0,"shouldDisplayMessage":false,"hasContent":false},{"name":"driver","time":{"start":1692492403894,"stop":1692492405023,"duration":1129},"status":"passed","steps":[],"attachments":[],"parameters":[],"stepsCount":0,"attachmentsCount":0,"shouldDisplayMessage":false,"hasContent":false},{"name":"forgot_psw_page","time":{"start":1692492405023,"stop":1692492406109,"duration":1086},"status":"passed","steps":[{"name":"Open a browser","time":{"start":1692492405023,"stop":1692492406109,"duration":1086},"status":"passed","steps":[],"attachments":[],"parameters":[],"stepsCount":0,"attachmentsCount":0,"shouldDisplayMessage":false,"hasContent":false}],"attachments":[],"parameters":[],"stepsCount":1,"attachmentsCount":0,"shouldDisplayMessage":false,"hasContent":true}],"testStage":{"description":"Check that the captcha image is present by default","status":"broken","statusMessage":"selenium.common.exceptions.TimeoutException: Message: \nStacktrace:\n#0 0x562324b23613 <unknown>\n#1 0x56232484f537 <unknown>\n#2 0x56232488df53 <unknown>\n#3 0x56232488e041 <unknown>\n#4 0x5623248c92a4 <unknown>\n#5 0x5623248aea5d <unknown>\n#6 0x5623248c6d09 <unknown>\n#7 0x5623248ae803 <unknown>\n#8 0x56232488268b <unknown>\n#9 0x56232488342e <unknown>\n#10 0x562324ae4c28 <unknown>\n#11 0x562324ae8af7 <unknown>\n#12 0x562324af301c <unknown>\n#13 0x562324ae9723 <unknown>\n#14 0x562324ab8457 <unknown>\n#15 0x562324b0d628 <unknown>\n#16 0x562324b0d7b7 <unknown>\n#17 0x562324b1c483 <unknown>\n#18 0x7f8012a69b43 <unknown>","statusTrace":"self = <test_forgot_your_password.TestForgotYourPassword object at 0x7f89edeea350>\ndriver = <selenium.webdriver.chrome.webdriver.WebDriver (session=\"c6477928c9a02ef55d2fd5223843bfe8\")>\nforgot_psw_page = <pages.forgot_your_password_page.ForgotYourPasswordPage object at 0x7f89ee8d1ad0>\n\n    @allure.title('TC 17.01.18 Verify captcha image has alternative text')\n    def test_17_01_18_captcha_image_is_displayed(self, driver, forgot_psw_page):\n        \"\"\"Check that the captcha image is present by default\"\"\"\n>       captcha_image = forgot_psw_page.check_captcha_image_is_visible()\n\ntests/test_forgot_your_password.py:161: \n_ _ _ _ _ _ _ _ _ _ _ _ _ _ _ _ _ _ _ _ _ _ _ _ _ _ _ _ _ _ _ _ _ _ _ _ _ _ _ _ \npages/forgot_your_password_page.py:109: in check_captcha_image_is_visible\n    return self.element_is_visible(self.locators.RELOAD_CAPTCHA_IMAGE)\npages/base_page.py:29: in element_is_visible\n    self.go_to_element(self.element_is_present(locator))\npages/base_page.py:50: in element_is_present\n    return wait(self.driver, timeout).until(EC.presence_of_element_located(locator))\n_ _ _ _ _ _ _ _ _ _ _ _ _ _ _ _ _ _ _ _ _ _ _ _ _ _ _ _ _ _ _ _ _ _ _ _ _ _ _ _ \n\nself = <selenium.webdriver.support.wait.WebDriverWait (session=\"c6477928c9a02ef55d2fd5223843bfe8\")>\nmethod = <function presence_of_element_located.<locals>._predicate at 0x7f89ecae2a20>\nmessage = ''\n\n    def until(self, method, message: str = \"\"):\n        \"\"\"Calls the method provided with the driver as an argument until the \\\n        return value does not evaluate to ``False``.\n    \n        :param method: callable(WebDriver)\n        :param message: optional message for :exc:`TimeoutException`\n        :returns: the result of the last call to `method`\n        :raises: :exc:`selenium.common.exceptions.TimeoutException` if timeout occurs\n        \"\"\"\n        screen = None\n        stacktrace = None\n    \n        end_time = time.monotonic() + self._timeout\n        while True:\n            try:\n                value = method(self._driver)\n                if value:\n                    return value\n            except self._ignored_exceptions as exc:\n                screen = getattr(exc, \"screen\", None)\n                stacktrace = getattr(exc, \"stacktrace\", None)\n            time.sleep(self._poll)\n            if time.monotonic() > end_time:\n                break\n>       raise TimeoutException(message, screen, stacktrace)\nE       selenium.common.exceptions.TimeoutException: Message: \nE       Stacktrace:\nE       #0 0x562324b23613 <unknown>\nE       #1 0x56232484f537 <unknown>\nE       #2 0x56232488df53 <unknown>\nE       #3 0x56232488e041 <unknown>\nE       #4 0x5623248c92a4 <unknown>\nE       #5 0x5623248aea5d <unknown>\nE       #6 0x5623248c6d09 <unknown>\nE       #7 0x5623248ae803 <unknown>\nE       #8 0x56232488268b <unknown>\nE       #9 0x56232488342e <unknown>\nE       #10 0x562324ae4c28 <unknown>\nE       #11 0x562324ae8af7 <unknown>\nE       #12 0x562324af301c <unknown>\nE       #13 0x562324ae9723 <unknown>\nE       #14 0x562324ab8457 <unknown>\nE       #15 0x562324b0d628 <unknown>\nE       #16 0x562324b0d7b7 <unknown>\nE       #17 0x562324b1c483 <unknown>\nE       #18 0x7f8012a69b43 <unknown>\n\n/opt/hostedtoolcache/Python/3.11.4/x64/lib/python3.11/site-packages/selenium/webdriver/support/wait.py:95: TimeoutException","steps":[{"name":"Check Captcha image is visible","time":{"start":1692492406109,"stop":1692492411244,"duration":5135},"status":"broken","statusMessage":"selenium.common.exceptions.TimeoutException: Message: \nStacktrace:\n#0 0x562324b23613 <unknown>\n#1 0x56232484f537 <unknown>\n#2 0x56232488df53 <unknown>\n#3 0x56232488e041 <unknown>\n#4 0x5623248c92a4 <unknown>\n#5 0x5623248aea5d <unknown>\n#6 0x5623248c6d09 <unknown>\n#7 0x5623248ae803 <unknown>\n#8 0x56232488268b <unknown>\n#9 0x56232488342e <unknown>\n#10 0x562324ae4c28 <unknown>\n#11 0x562324ae8af7 <unknown>\n#12 0x562324af301c <unknown>\n#13 0x562324ae9723 <unknown>\n#14 0x562324ab8457 <unknown>\n#15 0x562324b0d628 <unknown>\n#16 0x562324b0d7b7 <unknown>\n#17 0x562324b1c483 <unknown>\n#18 0x7f8012a69b43 <unknown>\n\n","statusTrace":"  File \"/opt/hostedtoolcache/Python/3.11.4/x64/lib/python3.11/site-packages/allure_commons/_allure.py\", line 192, in impl\n    return func(*a, **kw)\n           ^^^^^^^^^^^^^^\n  File \"/home/runner/work/luma_project/luma_project/pages/forgot_your_password_page.py\", line 109, in check_captcha_image_is_visible\n    return self.element_is_visible(self.locators.RELOAD_CAPTCHA_IMAGE)\n           ^^^^^^^^^^^^^^^^^^^^^^^^^^^^^^^^^^^^^^^^^^^^^^^^^^^^^^^^^^^\n  File \"/opt/hostedtoolcache/Python/3.11.4/x64/lib/python3.11/site-packages/allure_commons/_allure.py\", line 192, in impl\n    return func(*a, **kw)\n           ^^^^^^^^^^^^^^\n  File \"/home/runner/work/luma_project/luma_project/pages/base_page.py\", line 29, in element_is_visible\n    self.go_to_element(self.element_is_present(locator))\n                       ^^^^^^^^^^^^^^^^^^^^^^^^^^^^^^^^\n  File \"/opt/hostedtoolcache/Python/3.11.4/x64/lib/python3.11/site-packages/allure_commons/_allure.py\", line 192, in impl\n    return func(*a, **kw)\n           ^^^^^^^^^^^^^^\n  File \"/home/runner/work/luma_project/luma_project/pages/base_page.py\", line 50, in element_is_present\n    return wait(self.driver, timeout).until(EC.presence_of_element_located(locator))\n           ^^^^^^^^^^^^^^^^^^^^^^^^^^^^^^^^^^^^^^^^^^^^^^^^^^^^^^^^^^^^^^^^^^^^^^^^^\n  File \"/opt/hostedtoolcache/Python/3.11.4/x64/lib/python3.11/site-packages/selenium/webdriver/support/wait.py\", line 95, in until\n    raise TimeoutException(message, screen, stacktrace)\n","steps":[{"name":"Find a visible element","time":{"start":1692492406109,"stop":1692492411244,"duration":5135},"status":"broken","statusMessage":"selenium.common.exceptions.TimeoutException: Message: \nStacktrace:\n#0 0x562324b23613 <unknown>\n#1 0x56232484f537 <unknown>\n#2 0x56232488df53 <unknown>\n#3 0x56232488e041 <unknown>\n#4 0x5623248c92a4 <unknown>\n#5 0x5623248aea5d <unknown>\n#6 0x5623248c6d09 <unknown>\n#7 0x5623248ae803 <unknown>\n#8 0x56232488268b <unknown>\n#9 0x56232488342e <unknown>\n#10 0x562324ae4c28 <unknown>\n#11 0x562324ae8af7 <unknown>\n#12 0x562324af301c <unknown>\n#13 0x562324ae9723 <unknown>\n#14 0x562324ab8457 <unknown>\n#15 0x562324b0d628 <unknown>\n#16 0x562324b0d7b7 <unknown>\n#17 0x562324b1c483 <unknown>\n#18 0x7f8012a69b43 <unknown>\n\n","statusTrace":"  File \"/opt/hostedtoolcache/Python/3.11.4/x64/lib/python3.11/site-packages/allure_commons/_allure.py\", line 192, in impl\n    return func(*a, **kw)\n           ^^^^^^^^^^^^^^\n  File \"/home/runner/work/luma_project/luma_project/pages/base_page.py\", line 29, in element_is_visible\n    self.go_to_element(self.element_is_present(locator))\n                       ^^^^^^^^^^^^^^^^^^^^^^^^^^^^^^^^\n  File \"/opt/hostedtoolcache/Python/3.11.4/x64/lib/python3.11/site-packages/allure_commons/_allure.py\", line 192, in impl\n    return func(*a, **kw)\n           ^^^^^^^^^^^^^^\n  File \"/home/runner/work/luma_project/luma_project/pages/base_page.py\", line 50, in element_is_present\n    return wait(self.driver, timeout).until(EC.presence_of_element_located(locator))\n           ^^^^^^^^^^^^^^^^^^^^^^^^^^^^^^^^^^^^^^^^^^^^^^^^^^^^^^^^^^^^^^^^^^^^^^^^^\n  File \"/opt/hostedtoolcache/Python/3.11.4/x64/lib/python3.11/site-packages/selenium/webdriver/support/wait.py\", line 95, in until\n    raise TimeoutException(message, screen, stacktrace)\n","steps":[{"name":"Find a present element","time":{"start":1692492406109,"stop":1692492411243,"duration":5134},"status":"broken","statusMessage":"selenium.common.exceptions.TimeoutException: Message: \nStacktrace:\n#0 0x562324b23613 <unknown>\n#1 0x56232484f537 <unknown>\n#2 0x56232488df53 <unknown>\n#3 0x56232488e041 <unknown>\n#4 0x5623248c92a4 <unknown>\n#5 0x5623248aea5d <unknown>\n#6 0x5623248c6d09 <unknown>\n#7 0x5623248ae803 <unknown>\n#8 0x56232488268b <unknown>\n#9 0x56232488342e <unknown>\n#10 0x562324ae4c28 <unknown>\n#11 0x562324ae8af7 <unknown>\n#12 0x562324af301c <unknown>\n#13 0x562324ae9723 <unknown>\n#14 0x562324ab8457 <unknown>\n#15 0x562324b0d628 <unknown>\n#16 0x562324b0d7b7 <unknown>\n#17 0x562324b1c483 <unknown>\n#18 0x7f8012a69b43 <unknown>\n\n","statusTrace":"  File \"/opt/hostedtoolcache/Python/3.11.4/x64/lib/python3.11/site-packages/allure_commons/_allure.py\", line 192, in impl\n    return func(*a, **kw)\n           ^^^^^^^^^^^^^^\n  File \"/home/runner/work/luma_project/luma_project/pages/base_page.py\", line 50, in element_is_present\n    return wait(self.driver, timeout).until(EC.presence_of_element_located(locator))\n           ^^^^^^^^^^^^^^^^^^^^^^^^^^^^^^^^^^^^^^^^^^^^^^^^^^^^^^^^^^^^^^^^^^^^^^^^^\n  File \"/opt/hostedtoolcache/Python/3.11.4/x64/lib/python3.11/site-packages/selenium/webdriver/support/wait.py\", line 95, in until\n    raise TimeoutException(message, screen, stacktrace)\n","steps":[],"attachments":[],"parameters":[{"name":"locator","value":"('xpath', '//img[@class=\"captcha-img\"]')"},{"name":"timeout","value":"5"}],"stepsCount":0,"attachmentsCount":0,"shouldDisplayMessage":true,"hasContent":true}],"attachments":[],"parameters":[{"name":"locator","value":"('xpath', '//img[@class=\"captcha-img\"]')"},{"name":"timeout","value":"10"}],"stepsCount":1,"attachmentsCount":0,"shouldDisplayMessage":false,"hasContent":true}],"attachments":[],"parameters":[],"stepsCount":2,"attachmentsCount":0,"shouldDisplayMessage":false,"hasContent":true}],"attachments":[{"uid":"d635524364567447","name":"Screenshot","source":"d635524364567447.png","type":"image/png","size":65941},{"uid":"aa9c367fdf68b9cb","name":"HTML source","source":"aa9c367fdf68b9cb.html","type":"text/html","size":78257}],"parameters":[],"stepsCount":3,"attachmentsCount":2,"shouldDisplayMessage":true,"hasContent":true},"afterStages":[{"name":"driver::0","time":{"start":1692492411414,"stop":1692492411479,"duration":65},"status":"passed","steps":[],"attachments":[],"parameters":[],"stepsCount":0,"attachmentsCount":0,"shouldDisplayMessage":false,"hasContent":false},{"name":"clear_allure_result_folder::0","time":{"start":1692493478748,"stop":1692493478748,"duration":0},"status":"passed","steps":[],"attachments":[],"parameters":[],"stepsCount":0,"attachmentsCount":0,"shouldDisplayMessage":false,"hasContent":false}],"labels":[{"name":"epic","value":"Forgot Your Password Page"},{"name":"parentSuite","value":"tests"},{"name":"suite","value":"test_forgot_your_password"},{"name":"subSuite","value":"TestForgotYourPassword"},{"name":"host","value":"fv-az548-552"},{"name":"thread","value":"3305-MainThread"},{"name":"framework","value":"pytest"},{"name":"language","value":"cpython3"},{"name":"package","value":"tests.test_forgot_your_password"},{"name":"resultFormat","value":"allure2"}],"parameters":[],"links":[],"hidden":false,"retry":false,"extra":{"severity":"normal","retries":[],"categories":[{"name":"Test defects","matchedStatuses":[],"flaky":false}],"tags":[]},"source":"77bc69f1ac38f68e.json","parameterValues":[]}