{"uid":"9803c121075cb67f","name":"TC 17.01.12 Verify FYP Email field highlighting on click","fullName":"tests.test_forgot_your_password.TestForgotYourPassword#test_17_01_12_captcha_field_gets_highlighted_when_clicked","historyId":"996e97ae93c0c5822b2e7167d0d5d287","time":{"start":1692492360610,"stop":1692492365755,"duration":5145},"description":"\n        Check the captcha field is activated with a cursor and gets highlighted when clicked\n        ","descriptionHtml":"<pre><code>    Check the captcha field is activated with a cursor and gets highlighted when clicked\n</code></pre>\n","status":"broken","statusMessage":"selenium.common.exceptions.TimeoutException: Message: \nStacktrace:\n#0 0x55d8371cc613 <unknown>\n#1 0x55d836ef8537 <unknown>\n#2 0x55d836f36f53 <unknown>\n#3 0x55d836f37041 <unknown>\n#4 0x55d836f722a4 <unknown>\n#5 0x55d836f57a5d <unknown>\n#6 0x55d836f6fd09 <unknown>\n#7 0x55d836f57803 <unknown>\n#8 0x55d836f2b68b <unknown>\n#9 0x55d836f2c42e <unknown>\n#10 0x55d83718dc28 <unknown>\n#11 0x55d837191af7 <unknown>\n#12 0x55d83719c01c <unknown>\n#13 0x55d837192723 <unknown>\n#14 0x55d837161457 <unknown>\n#15 0x55d8371b6628 <unknown>\n#16 0x55d8371b67b7 <unknown>\n#17 0x55d8371c5483 <unknown>\n#18 0x7ff1a9b63b43 <unknown>","statusTrace":"self = <test_forgot_your_password.TestForgotYourPassword object at 0x7f89edeb0110>\ndriver = <selenium.webdriver.chrome.webdriver.WebDriver (session=\"07997663a5c7420d55feac18a695533f\")>\nforgot_psw_page = <pages.forgot_your_password_page.ForgotYourPasswordPage object at 0x7f89ee758f90>\n\n    @allure.title('TC 17.01.12 Verify FYP Email field highlighting on click')\n    def test_17_01_12_captcha_field_gets_highlighted_when_clicked(self, driver, forgot_psw_page):\n        \"\"\"\n        Check the captcha field is activated with a cursor and gets highlighted when clicked\n        \"\"\"\n>       initial_box_shadow, active_box_shadow = forgot_psw_page.activate_forgot_psw_captcha_field_and_check_style()\n\ntests/test_forgot_your_password.py:112: \n_ _ _ _ _ _ _ _ _ _ _ _ _ _ _ _ _ _ _ _ _ _ _ _ _ _ _ _ _ _ _ _ _ _ _ _ _ _ _ _ \npages/forgot_your_password_page.py:79: in activate_forgot_psw_captcha_field_and_check_style\n    return self.activate_field_and_check_style(self.locators.FORGOT_YOUR_PASSWORD_CAPTCHA)\npages/base_page.py:310: in activate_field_and_check_style\n    initial_box_shadow = self.check_element_hover_style(locator, 'box-shadow', 5)\npages/base_page.py:120: in check_element_hover_style\n    element = self.element_is_visible(locator)  # Get the WebElement using locator\npages/base_page.py:29: in element_is_visible\n    self.go_to_element(self.element_is_present(locator))\npages/base_page.py:50: in element_is_present\n    return wait(self.driver, timeout).until(EC.presence_of_element_located(locator))\n_ _ _ _ _ _ _ _ _ _ _ _ _ _ _ _ _ _ _ _ _ _ _ _ _ _ _ _ _ _ _ _ _ _ _ _ _ _ _ _ \n\nself = <selenium.webdriver.support.wait.WebDriverWait (session=\"07997663a5c7420d55feac18a695533f\")>\nmethod = <function presence_of_element_located.<locals>._predicate at 0x7f89ecab72e0>\nmessage = ''\n\n    def until(self, method, message: str = \"\"):\n        \"\"\"Calls the method provided with the driver as an argument until the \\\n        return value does not evaluate to ``False``.\n    \n        :param method: callable(WebDriver)\n        :param message: optional message for :exc:`TimeoutException`\n        :returns: the result of the last call to `method`\n        :raises: :exc:`selenium.common.exceptions.TimeoutException` if timeout occurs\n        \"\"\"\n        screen = None\n        stacktrace = None\n    \n        end_time = time.monotonic() + self._timeout\n        while True:\n            try:\n                value = method(self._driver)\n                if value:\n                    return value\n            except self._ignored_exceptions as exc:\n                screen = getattr(exc, \"screen\", None)\n                stacktrace = getattr(exc, \"stacktrace\", None)\n            time.sleep(self._poll)\n            if time.monotonic() > end_time:\n                break\n>       raise TimeoutException(message, screen, stacktrace)\nE       selenium.common.exceptions.TimeoutException: Message: \nE       Stacktrace:\nE       #0 0x55d8371cc613 <unknown>\nE       #1 0x55d836ef8537 <unknown>\nE       #2 0x55d836f36f53 <unknown>\nE       #3 0x55d836f37041 <unknown>\nE       #4 0x55d836f722a4 <unknown>\nE       #5 0x55d836f57a5d <unknown>\nE       #6 0x55d836f6fd09 <unknown>\nE       #7 0x55d836f57803 <unknown>\nE       #8 0x55d836f2b68b <unknown>\nE       #9 0x55d836f2c42e <unknown>\nE       #10 0x55d83718dc28 <unknown>\nE       #11 0x55d837191af7 <unknown>\nE       #12 0x55d83719c01c <unknown>\nE       #13 0x55d837192723 <unknown>\nE       #14 0x55d837161457 <unknown>\nE       #15 0x55d8371b6628 <unknown>\nE       #16 0x55d8371b67b7 <unknown>\nE       #17 0x55d8371c5483 <unknown>\nE       #18 0x7ff1a9b63b43 <unknown>\n\n/opt/hostedtoolcache/Python/3.11.4/x64/lib/python3.11/site-packages/selenium/webdriver/support/wait.py:95: TimeoutException","flaky":false,"newFailed":false,"newBroken":false,"newPassed":false,"retriesCount":0,"retriesStatusChange":false,"beforeStages":[{"name":"_session_faker","time":{"start":1692491949962,"stop":1692491950062,"duration":100},"status":"passed","steps":[],"attachments":[],"parameters":[],"stepsCount":0,"attachmentsCount":0,"shouldDisplayMessage":false,"hasContent":false},{"name":"clear_allure_result_folder","time":{"start":1692491950062,"stop":1692491950062,"duration":0},"status":"passed","steps":[],"attachments":[],"parameters":[],"stepsCount":0,"attachmentsCount":0,"shouldDisplayMessage":false,"hasContent":false},{"name":"driver","time":{"start":1692492358515,"stop":1692492359539,"duration":1024},"status":"passed","steps":[],"attachments":[],"parameters":[],"stepsCount":0,"attachmentsCount":0,"shouldDisplayMessage":false,"hasContent":false},{"name":"forgot_psw_page","time":{"start":1692492359540,"stop":1692492360609,"duration":1069},"status":"passed","steps":[{"name":"Open a browser","time":{"start":1692492359540,"stop":1692492360609,"duration":1069},"status":"passed","steps":[],"attachments":[],"parameters":[],"stepsCount":0,"attachmentsCount":0,"shouldDisplayMessage":false,"hasContent":false}],"attachments":[],"parameters":[],"stepsCount":1,"attachmentsCount":0,"shouldDisplayMessage":false,"hasContent":true}],"testStage":{"description":"\n        Check the captcha field is activated with a cursor and gets highlighted when clicked\n        ","status":"broken","statusMessage":"selenium.common.exceptions.TimeoutException: Message: \nStacktrace:\n#0 0x55d8371cc613 <unknown>\n#1 0x55d836ef8537 <unknown>\n#2 0x55d836f36f53 <unknown>\n#3 0x55d836f37041 <unknown>\n#4 0x55d836f722a4 <unknown>\n#5 0x55d836f57a5d <unknown>\n#6 0x55d836f6fd09 <unknown>\n#7 0x55d836f57803 <unknown>\n#8 0x55d836f2b68b <unknown>\n#9 0x55d836f2c42e <unknown>\n#10 0x55d83718dc28 <unknown>\n#11 0x55d837191af7 <unknown>\n#12 0x55d83719c01c <unknown>\n#13 0x55d837192723 <unknown>\n#14 0x55d837161457 <unknown>\n#15 0x55d8371b6628 <unknown>\n#16 0x55d8371b67b7 <unknown>\n#17 0x55d8371c5483 <unknown>\n#18 0x7ff1a9b63b43 <unknown>","statusTrace":"self = <test_forgot_your_password.TestForgotYourPassword object at 0x7f89edeb0110>\ndriver = <selenium.webdriver.chrome.webdriver.WebDriver (session=\"07997663a5c7420d55feac18a695533f\")>\nforgot_psw_page = <pages.forgot_your_password_page.ForgotYourPasswordPage object at 0x7f89ee758f90>\n\n    @allure.title('TC 17.01.12 Verify FYP Email field highlighting on click')\n    def test_17_01_12_captcha_field_gets_highlighted_when_clicked(self, driver, forgot_psw_page):\n        \"\"\"\n        Check the captcha field is activated with a cursor and gets highlighted when clicked\n        \"\"\"\n>       initial_box_shadow, active_box_shadow = forgot_psw_page.activate_forgot_psw_captcha_field_and_check_style()\n\ntests/test_forgot_your_password.py:112: \n_ _ _ _ _ _ _ _ _ _ _ _ _ _ _ _ _ _ _ _ _ _ _ _ _ _ _ _ _ _ _ _ _ _ _ _ _ _ _ _ \npages/forgot_your_password_page.py:79: in activate_forgot_psw_captcha_field_and_check_style\n    return self.activate_field_and_check_style(self.locators.FORGOT_YOUR_PASSWORD_CAPTCHA)\npages/base_page.py:310: in activate_field_and_check_style\n    initial_box_shadow = self.check_element_hover_style(locator, 'box-shadow', 5)\npages/base_page.py:120: in check_element_hover_style\n    element = self.element_is_visible(locator)  # Get the WebElement using locator\npages/base_page.py:29: in element_is_visible\n    self.go_to_element(self.element_is_present(locator))\npages/base_page.py:50: in element_is_present\n    return wait(self.driver, timeout).until(EC.presence_of_element_located(locator))\n_ _ _ _ _ _ _ _ _ _ _ _ _ _ _ _ _ _ _ _ _ _ _ _ _ _ _ _ _ _ _ _ _ _ _ _ _ _ _ _ \n\nself = <selenium.webdriver.support.wait.WebDriverWait (session=\"07997663a5c7420d55feac18a695533f\")>\nmethod = <function presence_of_element_located.<locals>._predicate at 0x7f89ecab72e0>\nmessage = ''\n\n    def until(self, method, message: str = \"\"):\n        \"\"\"Calls the method provided with the driver as an argument until the \\\n        return value does not evaluate to ``False``.\n    \n        :param method: callable(WebDriver)\n        :param message: optional message for :exc:`TimeoutException`\n        :returns: the result of the last call to `method`\n        :raises: :exc:`selenium.common.exceptions.TimeoutException` if timeout occurs\n        \"\"\"\n        screen = None\n        stacktrace = None\n    \n        end_time = time.monotonic() + self._timeout\n        while True:\n            try:\n                value = method(self._driver)\n                if value:\n                    return value\n            except self._ignored_exceptions as exc:\n                screen = getattr(exc, \"screen\", None)\n                stacktrace = getattr(exc, \"stacktrace\", None)\n            time.sleep(self._poll)\n            if time.monotonic() > end_time:\n                break\n>       raise TimeoutException(message, screen, stacktrace)\nE       selenium.common.exceptions.TimeoutException: Message: \nE       Stacktrace:\nE       #0 0x55d8371cc613 <unknown>\nE       #1 0x55d836ef8537 <unknown>\nE       #2 0x55d836f36f53 <unknown>\nE       #3 0x55d836f37041 <unknown>\nE       #4 0x55d836f722a4 <unknown>\nE       #5 0x55d836f57a5d <unknown>\nE       #6 0x55d836f6fd09 <unknown>\nE       #7 0x55d836f57803 <unknown>\nE       #8 0x55d836f2b68b <unknown>\nE       #9 0x55d836f2c42e <unknown>\nE       #10 0x55d83718dc28 <unknown>\nE       #11 0x55d837191af7 <unknown>\nE       #12 0x55d83719c01c <unknown>\nE       #13 0x55d837192723 <unknown>\nE       #14 0x55d837161457 <unknown>\nE       #15 0x55d8371b6628 <unknown>\nE       #16 0x55d8371b67b7 <unknown>\nE       #17 0x55d8371c5483 <unknown>\nE       #18 0x7ff1a9b63b43 <unknown>\n\n/opt/hostedtoolcache/Python/3.11.4/x64/lib/python3.11/site-packages/selenium/webdriver/support/wait.py:95: TimeoutException","steps":[{"name":"Activate FYP Captcha input field and check style","time":{"start":1692492360610,"stop":1692492365754,"duration":5144},"status":"broken","statusMessage":"selenium.common.exceptions.TimeoutException: Message: \nStacktrace:\n#0 0x55d8371cc613 <unknown>\n#1 0x55d836ef8537 <unknown>\n#2 0x55d836f36f53 <unknown>\n#3 0x55d836f37041 <unknown>\n#4 0x55d836f722a4 <unknown>\n#5 0x55d836f57a5d <unknown>\n#6 0x55d836f6fd09 <unknown>\n#7 0x55d836f57803 <unknown>\n#8 0x55d836f2b68b <unknown>\n#9 0x55d836f2c42e <unknown>\n#10 0x55d83718dc28 <unknown>\n#11 0x55d837191af7 <unknown>\n#12 0x55d83719c01c <unknown>\n#13 0x55d837192723 <unknown>\n#14 0x55d837161457 <unknown>\n#15 0x55d8371b6628 <unknown>\n#16 0x55d8371b67b7 <unknown>\n#17 0x55d8371c5483 <unknown>\n#18 0x7ff1a9b63b43 <unknown>\n\n","statusTrace":"  File \"/opt/hostedtoolcache/Python/3.11.4/x64/lib/python3.11/site-packages/allure_commons/_allure.py\", line 192, in impl\n    return func(*a, **kw)\n           ^^^^^^^^^^^^^^\n  File \"/home/runner/work/luma_project/luma_project/pages/forgot_your_password_page.py\", line 79, in activate_forgot_psw_captcha_field_and_check_style\n    return self.activate_field_and_check_style(self.locators.FORGOT_YOUR_PASSWORD_CAPTCHA)\n           ^^^^^^^^^^^^^^^^^^^^^^^^^^^^^^^^^^^^^^^^^^^^^^^^^^^^^^^^^^^^^^^^^^^^^^^^^^^^^^^\n  File \"/opt/hostedtoolcache/Python/3.11.4/x64/lib/python3.11/site-packages/allure_commons/_allure.py\", line 192, in impl\n    return func(*a, **kw)\n           ^^^^^^^^^^^^^^\n  File \"/home/runner/work/luma_project/luma_project/pages/base_page.py\", line 310, in activate_field_and_check_style\n    initial_box_shadow = self.check_element_hover_style(locator, 'box-shadow', 5)\n                         ^^^^^^^^^^^^^^^^^^^^^^^^^^^^^^^^^^^^^^^^^^^^^^^^^^^^^^^^\n  File \"/opt/hostedtoolcache/Python/3.11.4/x64/lib/python3.11/site-packages/allure_commons/_allure.py\", line 192, in impl\n    return func(*a, **kw)\n           ^^^^^^^^^^^^^^\n  File \"/home/runner/work/luma_project/luma_project/pages/base_page.py\", line 120, in check_element_hover_style\n    element = self.element_is_visible(locator)  # Get the WebElement using locator\n              ^^^^^^^^^^^^^^^^^^^^^^^^^^^^^^^^\n  File \"/opt/hostedtoolcache/Python/3.11.4/x64/lib/python3.11/site-packages/allure_commons/_allure.py\", line 192, in impl\n    return func(*a, **kw)\n           ^^^^^^^^^^^^^^\n  File \"/home/runner/work/luma_project/luma_project/pages/base_page.py\", line 29, in element_is_visible\n    self.go_to_element(self.element_is_present(locator))\n                       ^^^^^^^^^^^^^^^^^^^^^^^^^^^^^^^^\n  File \"/opt/hostedtoolcache/Python/3.11.4/x64/lib/python3.11/site-packages/allure_commons/_allure.py\", line 192, in impl\n    return func(*a, **kw)\n           ^^^^^^^^^^^^^^\n  File \"/home/runner/work/luma_project/luma_project/pages/base_page.py\", line 50, in element_is_present\n    return wait(self.driver, timeout).until(EC.presence_of_element_located(locator))\n           ^^^^^^^^^^^^^^^^^^^^^^^^^^^^^^^^^^^^^^^^^^^^^^^^^^^^^^^^^^^^^^^^^^^^^^^^^\n  File \"/opt/hostedtoolcache/Python/3.11.4/x64/lib/python3.11/site-packages/selenium/webdriver/support/wait.py\", line 95, in until\n    raise TimeoutException(message, screen, stacktrace)\n","steps":[{"name":"Activate the field and get the styles before and after activation","time":{"start":1692492360610,"stop":1692492365754,"duration":5144},"status":"broken","statusMessage":"selenium.common.exceptions.TimeoutException: Message: \nStacktrace:\n#0 0x55d8371cc613 <unknown>\n#1 0x55d836ef8537 <unknown>\n#2 0x55d836f36f53 <unknown>\n#3 0x55d836f37041 <unknown>\n#4 0x55d836f722a4 <unknown>\n#5 0x55d836f57a5d <unknown>\n#6 0x55d836f6fd09 <unknown>\n#7 0x55d836f57803 <unknown>\n#8 0x55d836f2b68b <unknown>\n#9 0x55d836f2c42e <unknown>\n#10 0x55d83718dc28 <unknown>\n#11 0x55d837191af7 <unknown>\n#12 0x55d83719c01c <unknown>\n#13 0x55d837192723 <unknown>\n#14 0x55d837161457 <unknown>\n#15 0x55d8371b6628 <unknown>\n#16 0x55d8371b67b7 <unknown>\n#17 0x55d8371c5483 <unknown>\n#18 0x7ff1a9b63b43 <unknown>\n\n","statusTrace":"  File \"/opt/hostedtoolcache/Python/3.11.4/x64/lib/python3.11/site-packages/allure_commons/_allure.py\", line 192, in impl\n    return func(*a, **kw)\n           ^^^^^^^^^^^^^^\n  File \"/home/runner/work/luma_project/luma_project/pages/base_page.py\", line 310, in activate_field_and_check_style\n    initial_box_shadow = self.check_element_hover_style(locator, 'box-shadow', 5)\n                         ^^^^^^^^^^^^^^^^^^^^^^^^^^^^^^^^^^^^^^^^^^^^^^^^^^^^^^^^\n  File \"/opt/hostedtoolcache/Python/3.11.4/x64/lib/python3.11/site-packages/allure_commons/_allure.py\", line 192, in impl\n    return func(*a, **kw)\n           ^^^^^^^^^^^^^^\n  File \"/home/runner/work/luma_project/luma_project/pages/base_page.py\", line 120, in check_element_hover_style\n    element = self.element_is_visible(locator)  # Get the WebElement using locator\n              ^^^^^^^^^^^^^^^^^^^^^^^^^^^^^^^^\n  File \"/opt/hostedtoolcache/Python/3.11.4/x64/lib/python3.11/site-packages/allure_commons/_allure.py\", line 192, in impl\n    return func(*a, **kw)\n           ^^^^^^^^^^^^^^\n  File \"/home/runner/work/luma_project/luma_project/pages/base_page.py\", line 29, in element_is_visible\n    self.go_to_element(self.element_is_present(locator))\n                       ^^^^^^^^^^^^^^^^^^^^^^^^^^^^^^^^\n  File \"/opt/hostedtoolcache/Python/3.11.4/x64/lib/python3.11/site-packages/allure_commons/_allure.py\", line 192, in impl\n    return func(*a, **kw)\n           ^^^^^^^^^^^^^^\n  File \"/home/runner/work/luma_project/luma_project/pages/base_page.py\", line 50, in element_is_present\n    return wait(self.driver, timeout).until(EC.presence_of_element_located(locator))\n           ^^^^^^^^^^^^^^^^^^^^^^^^^^^^^^^^^^^^^^^^^^^^^^^^^^^^^^^^^^^^^^^^^^^^^^^^^\n  File \"/opt/hostedtoolcache/Python/3.11.4/x64/lib/python3.11/site-packages/selenium/webdriver/support/wait.py\", line 95, in until\n    raise TimeoutException(message, screen, stacktrace)\n","steps":[{"name":"Check element hover style","time":{"start":1692492360610,"stop":1692492365754,"duration":5144},"status":"broken","statusMessage":"selenium.common.exceptions.TimeoutException: Message: \nStacktrace:\n#0 0x55d8371cc613 <unknown>\n#1 0x55d836ef8537 <unknown>\n#2 0x55d836f36f53 <unknown>\n#3 0x55d836f37041 <unknown>\n#4 0x55d836f722a4 <unknown>\n#5 0x55d836f57a5d <unknown>\n#6 0x55d836f6fd09 <unknown>\n#7 0x55d836f57803 <unknown>\n#8 0x55d836f2b68b <unknown>\n#9 0x55d836f2c42e <unknown>\n#10 0x55d83718dc28 <unknown>\n#11 0x55d837191af7 <unknown>\n#12 0x55d83719c01c <unknown>\n#13 0x55d837192723 <unknown>\n#14 0x55d837161457 <unknown>\n#15 0x55d8371b6628 <unknown>\n#16 0x55d8371b67b7 <unknown>\n#17 0x55d8371c5483 <unknown>\n#18 0x7ff1a9b63b43 <unknown>\n\n","statusTrace":"  File \"/opt/hostedtoolcache/Python/3.11.4/x64/lib/python3.11/site-packages/allure_commons/_allure.py\", line 192, in impl\n    return func(*a, **kw)\n           ^^^^^^^^^^^^^^\n  File \"/home/runner/work/luma_project/luma_project/pages/base_page.py\", line 120, in check_element_hover_style\n    element = self.element_is_visible(locator)  # Get the WebElement using locator\n              ^^^^^^^^^^^^^^^^^^^^^^^^^^^^^^^^\n  File \"/opt/hostedtoolcache/Python/3.11.4/x64/lib/python3.11/site-packages/allure_commons/_allure.py\", line 192, in impl\n    return func(*a, **kw)\n           ^^^^^^^^^^^^^^\n  File \"/home/runner/work/luma_project/luma_project/pages/base_page.py\", line 29, in element_is_visible\n    self.go_to_element(self.element_is_present(locator))\n                       ^^^^^^^^^^^^^^^^^^^^^^^^^^^^^^^^\n  File \"/opt/hostedtoolcache/Python/3.11.4/x64/lib/python3.11/site-packages/allure_commons/_allure.py\", line 192, in impl\n    return func(*a, **kw)\n           ^^^^^^^^^^^^^^\n  File \"/home/runner/work/luma_project/luma_project/pages/base_page.py\", line 50, in element_is_present\n    return wait(self.driver, timeout).until(EC.presence_of_element_located(locator))\n           ^^^^^^^^^^^^^^^^^^^^^^^^^^^^^^^^^^^^^^^^^^^^^^^^^^^^^^^^^^^^^^^^^^^^^^^^^\n  File \"/opt/hostedtoolcache/Python/3.11.4/x64/lib/python3.11/site-packages/selenium/webdriver/support/wait.py\", line 95, in until\n    raise TimeoutException(message, screen, stacktrace)\n","steps":[{"name":"Find a visible element","time":{"start":1692492360610,"stop":1692492365753,"duration":5143},"status":"broken","statusMessage":"selenium.common.exceptions.TimeoutException: Message: \nStacktrace:\n#0 0x55d8371cc613 <unknown>\n#1 0x55d836ef8537 <unknown>\n#2 0x55d836f36f53 <unknown>\n#3 0x55d836f37041 <unknown>\n#4 0x55d836f722a4 <unknown>\n#5 0x55d836f57a5d <unknown>\n#6 0x55d836f6fd09 <unknown>\n#7 0x55d836f57803 <unknown>\n#8 0x55d836f2b68b <unknown>\n#9 0x55d836f2c42e <unknown>\n#10 0x55d83718dc28 <unknown>\n#11 0x55d837191af7 <unknown>\n#12 0x55d83719c01c <unknown>\n#13 0x55d837192723 <unknown>\n#14 0x55d837161457 <unknown>\n#15 0x55d8371b6628 <unknown>\n#16 0x55d8371b67b7 <unknown>\n#17 0x55d8371c5483 <unknown>\n#18 0x7ff1a9b63b43 <unknown>\n\n","statusTrace":"  File \"/opt/hostedtoolcache/Python/3.11.4/x64/lib/python3.11/site-packages/allure_commons/_allure.py\", line 192, in impl\n    return func(*a, **kw)\n           ^^^^^^^^^^^^^^\n  File \"/home/runner/work/luma_project/luma_project/pages/base_page.py\", line 29, in element_is_visible\n    self.go_to_element(self.element_is_present(locator))\n                       ^^^^^^^^^^^^^^^^^^^^^^^^^^^^^^^^\n  File \"/opt/hostedtoolcache/Python/3.11.4/x64/lib/python3.11/site-packages/allure_commons/_allure.py\", line 192, in impl\n    return func(*a, **kw)\n           ^^^^^^^^^^^^^^\n  File \"/home/runner/work/luma_project/luma_project/pages/base_page.py\", line 50, in element_is_present\n    return wait(self.driver, timeout).until(EC.presence_of_element_located(locator))\n           ^^^^^^^^^^^^^^^^^^^^^^^^^^^^^^^^^^^^^^^^^^^^^^^^^^^^^^^^^^^^^^^^^^^^^^^^^\n  File \"/opt/hostedtoolcache/Python/3.11.4/x64/lib/python3.11/site-packages/selenium/webdriver/support/wait.py\", line 95, in until\n    raise TimeoutException(message, screen, stacktrace)\n","steps":[{"name":"Find a present element","time":{"start":1692492360610,"stop":1692492365753,"duration":5143},"status":"broken","statusMessage":"selenium.common.exceptions.TimeoutException: Message: \nStacktrace:\n#0 0x55d8371cc613 <unknown>\n#1 0x55d836ef8537 <unknown>\n#2 0x55d836f36f53 <unknown>\n#3 0x55d836f37041 <unknown>\n#4 0x55d836f722a4 <unknown>\n#5 0x55d836f57a5d <unknown>\n#6 0x55d836f6fd09 <unknown>\n#7 0x55d836f57803 <unknown>\n#8 0x55d836f2b68b <unknown>\n#9 0x55d836f2c42e <unknown>\n#10 0x55d83718dc28 <unknown>\n#11 0x55d837191af7 <unknown>\n#12 0x55d83719c01c <unknown>\n#13 0x55d837192723 <unknown>\n#14 0x55d837161457 <unknown>\n#15 0x55d8371b6628 <unknown>\n#16 0x55d8371b67b7 <unknown>\n#17 0x55d8371c5483 <unknown>\n#18 0x7ff1a9b63b43 <unknown>\n\n","statusTrace":"  File \"/opt/hostedtoolcache/Python/3.11.4/x64/lib/python3.11/site-packages/allure_commons/_allure.py\", line 192, in impl\n    return func(*a, **kw)\n           ^^^^^^^^^^^^^^\n  File \"/home/runner/work/luma_project/luma_project/pages/base_page.py\", line 50, in element_is_present\n    return wait(self.driver, timeout).until(EC.presence_of_element_located(locator))\n           ^^^^^^^^^^^^^^^^^^^^^^^^^^^^^^^^^^^^^^^^^^^^^^^^^^^^^^^^^^^^^^^^^^^^^^^^^\n  File \"/opt/hostedtoolcache/Python/3.11.4/x64/lib/python3.11/site-packages/selenium/webdriver/support/wait.py\", line 95, in until\n    raise TimeoutException(message, screen, stacktrace)\n","steps":[],"attachments":[],"parameters":[{"name":"locator","value":"('css selector', '#captcha_user_forgotpassword')"},{"name":"timeout","value":"5"}],"stepsCount":0,"attachmentsCount":0,"shouldDisplayMessage":true,"hasContent":true}],"attachments":[],"parameters":[{"name":"locator","value":"('css selector', '#captcha_user_forgotpassword')"},{"name":"timeout","value":"10"}],"stepsCount":1,"attachmentsCount":0,"shouldDisplayMessage":false,"hasContent":true}],"attachments":[],"parameters":[{"name":"locator","value":"('css selector', '#captcha_user_forgotpassword')"},{"name":"css_property","value":"'box-shadow'"},{"name":"seconds","value":"5"}],"stepsCount":2,"attachmentsCount":0,"shouldDisplayMessage":false,"hasContent":true}],"attachments":[],"parameters":[{"name":"locator","value":"('css selector', '#captcha_user_forgotpassword')"}],"stepsCount":3,"attachmentsCount":0,"shouldDisplayMessage":false,"hasContent":true}],"attachments":[],"parameters":[],"stepsCount":4,"attachmentsCount":0,"shouldDisplayMessage":false,"hasContent":true}],"attachments":[{"uid":"fd24819a8a6e006","name":"Screenshot","source":"fd24819a8a6e006.png","type":"image/png","size":65941},{"uid":"7e91532b9f1ee184","name":"HTML source","source":"7e91532b9f1ee184.html","type":"text/html","size":78257}],"parameters":[],"stepsCount":5,"attachmentsCount":2,"shouldDisplayMessage":true,"hasContent":true},"afterStages":[{"name":"driver::0","time":{"start":1692492365947,"stop":1692492366011,"duration":64},"status":"passed","steps":[],"attachments":[],"parameters":[],"stepsCount":0,"attachmentsCount":0,"shouldDisplayMessage":false,"hasContent":false},{"name":"clear_allure_result_folder::0","time":{"start":1692493478748,"stop":1692493478748,"duration":0},"status":"passed","steps":[],"attachments":[],"parameters":[],"stepsCount":0,"attachmentsCount":0,"shouldDisplayMessage":false,"hasContent":false}],"labels":[{"name":"epic","value":"Forgot Your Password Page"},{"name":"parentSuite","value":"tests"},{"name":"suite","value":"test_forgot_your_password"},{"name":"subSuite","value":"TestForgotYourPassword"},{"name":"host","value":"fv-az548-552"},{"name":"thread","value":"3305-MainThread"},{"name":"framework","value":"pytest"},{"name":"language","value":"cpython3"},{"name":"package","value":"tests.test_forgot_your_password"},{"name":"resultFormat","value":"allure2"}],"parameters":[],"links":[],"hidden":false,"retry":false,"extra":{"severity":"normal","retries":[],"categories":[{"name":"Test defects","matchedStatuses":[],"flaky":false}],"tags":[]},"source":"9803c121075cb67f.json","parameterValues":[]}