{"uid":"f2f8365b04ad1331","name":"TC 02.01.46 - Check text on Subscribe Button on each page specified in DATA_1","fullName":"tests.test_footer.TestFooter#test_tc_02_01_46_check_text_on_subscribe_button_on_pages","historyId":"647fbaf228a185576dc78587d5b2390c","time":{"start":1690160256558,"stop":1690160257554,"duration":996},"description":"Checks if text on Subscribe Button is correct on each page in DATA_1","descriptionHtml":"<p>Checks if text on Subscribe Button is correct on each page in DATA_1</p>\n","status":"broken","statusMessage":"selenium.common.exceptions.NoSuchElementException: Message: no such element: Unable to locate element: {\"method\":\"css selector\",\"selector\":\".block.newsletter .actions span\"}\n  (Session info: chrome=114.0.5735.198)\nStacktrace:\n#0 0x55cab2add4e3 <unknown>\n#1 0x55cab280cc76 <unknown>\n#2 0x55cab2848c96 <unknown>\n#3 0x55cab2848dc1 <unknown>\n#4 0x55cab28827f4 <unknown>\n#5 0x55cab286803d <unknown>\n#6 0x55cab288030e <unknown>\n#7 0x55cab2867de3 <unknown>\n#8 0x55cab283d2dd <unknown>\n#9 0x55cab283e34e <unknown>\n#10 0x55cab2a9d3e4 <unknown>\n#11 0x55cab2aa13d7 <unknown>\n#12 0x55cab2aabb20 <unknown>\n#13 0x55cab2aa2023 <unknown>\n#14 0x55cab2a701aa <unknown>\n#15 0x55cab2ac66b8 <unknown>\n#16 0x55cab2ac6847 <unknown>\n#17 0x55cab2ad6243 <unknown>\n#18 0x7f9e68943b43 <unknown>","statusTrace":"self = <test_footer.TestFooter object at 0x7fe1fc79f650>\ndriver = <selenium.webdriver.chrome.webdriver.WebDriver (session=\"91e3483e2cead03517888ea7b03252f5\")>\nURL = 'https://magento.softwaretestingboard.com/'\n\n    @allure.title(\"TC 02.01.46 - Check text on Subscribe Button on each page specified in DATA_1\")\n    @pytest.mark.parametrize('URL', DATA_1)\n    def test_tc_02_01_46_check_text_on_subscribe_button_on_pages(self, driver, URL):\n        \"\"\"Checks if text on Subscribe Button is correct on each page in DATA_1\"\"\"\n        page = FooterPage(driver, url=URL)\n        page.open()\n>       actual_text = page.check_text_on_subscribe_button()\n\ntests/test_footer.py:388: \n_ _ _ _ _ _ _ _ _ _ _ _ _ _ _ _ _ _ _ _ _ _ _ _ _ _ _ _ _ _ _ _ _ _ _ _ _ _ _ _ \npages/footer_page.py:245: in check_text_on_subscribe_button\n    button_text = self.driver.find_element(*self.footer_locators.SUBSCRIBE_BUTTON_TEXT).text\n/opt/hostedtoolcache/Python/3.11.4/x64/lib/python3.11/site-packages/selenium/webdriver/remote/webdriver.py:831: in find_element\n    return self.execute(Command.FIND_ELEMENT, {\"using\": by, \"value\": value})[\"value\"]\n/opt/hostedtoolcache/Python/3.11.4/x64/lib/python3.11/site-packages/selenium/webdriver/remote/webdriver.py:440: in execute\n    self.error_handler.check_response(response)\n_ _ _ _ _ _ _ _ _ _ _ _ _ _ _ _ _ _ _ _ _ _ _ _ _ _ _ _ _ _ _ _ _ _ _ _ _ _ _ _ \n\nself = <selenium.webdriver.remote.errorhandler.ErrorHandler object at 0x7fe1fd58c610>\nresponse = {'status': 404, 'value': '{\"value\":{\"error\":\"no such element\",\"message\":\"no such element: Unable to locate element: {\\...\\\\n#16 0x55cab2ac6847 \\\\u003Cunknown>\\\\n#17 0x55cab2ad6243 \\\\u003Cunknown>\\\\n#18 0x7f9e68943b43 \\\\u003Cunknown>\\\\n\"}}'}\n\n    def check_response(self, response: Dict[str, Any]) -> None:\n        \"\"\"Checks that a JSON response from the WebDriver does not have an\n        error.\n    \n        :Args:\n         - response - The JSON response from the WebDriver server as a dictionary\n           object.\n    \n        :Raises: If the response contains an error message.\n        \"\"\"\n        status = response.get(\"status\", None)\n        if not status or status == ErrorCode.SUCCESS:\n            return\n        value = None\n        message = response.get(\"message\", \"\")\n        screen: str = response.get(\"screen\", \"\")\n        stacktrace = None\n        if isinstance(status, int):\n            value_json = response.get(\"value\", None)\n            if value_json and isinstance(value_json, str):\n                import json\n    \n                try:\n                    value = json.loads(value_json)\n                    if len(value) == 1:\n                        value = value[\"value\"]\n                    status = value.get(\"error\", None)\n                    if not status:\n                        status = value.get(\"status\", ErrorCode.UNKNOWN_ERROR)\n                        message = value.get(\"value\") or value.get(\"message\")\n                        if not isinstance(message, str):\n                            value = message\n                            message = message.get(\"message\")\n                    else:\n                        message = value.get(\"message\", None)\n                except ValueError:\n                    pass\n    \n        exception_class: Type[WebDriverException]\n        if status in ErrorCode.NO_SUCH_ELEMENT:\n            exception_class = NoSuchElementException\n        elif status in ErrorCode.NO_SUCH_FRAME:\n            exception_class = NoSuchFrameException\n        elif status in ErrorCode.NO_SUCH_SHADOW_ROOT:\n            exception_class = NoSuchShadowRootException\n        elif status in ErrorCode.NO_SUCH_WINDOW:\n            exception_class = NoSuchWindowException\n        elif status in ErrorCode.STALE_ELEMENT_REFERENCE:\n            exception_class = StaleElementReferenceException\n        elif status in ErrorCode.ELEMENT_NOT_VISIBLE:\n            exception_class = ElementNotVisibleException\n        elif status in ErrorCode.INVALID_ELEMENT_STATE:\n            exception_class = InvalidElementStateException\n        elif (\n            status in ErrorCode.INVALID_SELECTOR\n            or status in ErrorCode.INVALID_XPATH_SELECTOR\n            or status in ErrorCode.INVALID_XPATH_SELECTOR_RETURN_TYPER\n        ):\n            exception_class = InvalidSelectorException\n        elif status in ErrorCode.ELEMENT_IS_NOT_SELECTABLE:\n            exception_class = ElementNotSelectableException\n        elif status in ErrorCode.ELEMENT_NOT_INTERACTABLE:\n            exception_class = ElementNotInteractableException\n        elif status in ErrorCode.INVALID_COOKIE_DOMAIN:\n            exception_class = InvalidCookieDomainException\n        elif status in ErrorCode.UNABLE_TO_SET_COOKIE:\n            exception_class = UnableToSetCookieException\n        elif status in ErrorCode.TIMEOUT:\n            exception_class = TimeoutException\n        elif status in ErrorCode.SCRIPT_TIMEOUT:\n            exception_class = TimeoutException\n        elif status in ErrorCode.UNKNOWN_ERROR:\n            exception_class = WebDriverException\n        elif status in ErrorCode.UNEXPECTED_ALERT_OPEN:\n            exception_class = UnexpectedAlertPresentException\n        elif status in ErrorCode.NO_ALERT_OPEN:\n            exception_class = NoAlertPresentException\n        elif status in ErrorCode.IME_NOT_AVAILABLE:\n            exception_class = ImeNotAvailableException\n        elif status in ErrorCode.IME_ENGINE_ACTIVATION_FAILED:\n            exception_class = ImeActivationFailedException\n        elif status in ErrorCode.MOVE_TARGET_OUT_OF_BOUNDS:\n            exception_class = MoveTargetOutOfBoundsException\n        elif status in ErrorCode.JAVASCRIPT_ERROR:\n            exception_class = JavascriptException\n        elif status in ErrorCode.SESSION_NOT_CREATED:\n            exception_class = SessionNotCreatedException\n        elif status in ErrorCode.INVALID_ARGUMENT:\n            exception_class = InvalidArgumentException\n        elif status in ErrorCode.NO_SUCH_COOKIE:\n            exception_class = NoSuchCookieException\n        elif status in ErrorCode.UNABLE_TO_CAPTURE_SCREEN:\n            exception_class = ScreenshotException\n        elif status in ErrorCode.ELEMENT_CLICK_INTERCEPTED:\n            exception_class = ElementClickInterceptedException\n        elif status in ErrorCode.INSECURE_CERTIFICATE:\n            exception_class = InsecureCertificateException\n        elif status in ErrorCode.INVALID_COORDINATES:\n            exception_class = InvalidCoordinatesException\n        elif status in ErrorCode.INVALID_SESSION_ID:\n            exception_class = InvalidSessionIdException\n        elif status in ErrorCode.UNKNOWN_METHOD:\n            exception_class = UnknownMethodException\n        else:\n            exception_class = WebDriverException\n        if not value:\n            value = response[\"value\"]\n        if isinstance(value, str):\n            raise exception_class(value)\n        if message == \"\" and \"message\" in value:\n            message = value[\"message\"]\n    \n        screen = None  # type: ignore[assignment]\n        if \"screen\" in value:\n            screen = value[\"screen\"]\n    \n        stacktrace = None\n        st_value = value.get(\"stackTrace\") or value.get(\"stacktrace\")\n        if st_value:\n            if isinstance(st_value, str):\n                stacktrace = st_value.split(\"\\n\")\n            else:\n                stacktrace = []\n                try:\n                    for frame in st_value:\n                        line = frame.get(\"lineNumber\", \"\")\n                        file = frame.get(\"fileName\", \"<anonymous>\")\n                        if line:\n                            file = f\"{file}:{line}\"\n                        meth = frame.get(\"methodName\", \"<anonymous>\")\n                        if \"className\" in frame:\n                            meth = f\"{frame['className']}.{meth}\"\n                        msg = \"    at %s (%s)\"\n                        msg = msg % (meth, file)\n                        stacktrace.append(msg)\n                except TypeError:\n                    pass\n        if exception_class == UnexpectedAlertPresentException:\n            alert_text = None\n            if \"data\" in value:\n                alert_text = value[\"data\"].get(\"text\")\n            elif \"alert\" in value:\n                alert_text = value[\"alert\"].get(\"text\")\n            raise exception_class(message, screen, stacktrace, alert_text)  # type: ignore[call-arg]  # mypy is not smart enough here\n>       raise exception_class(message, screen, stacktrace)\nE       selenium.common.exceptions.NoSuchElementException: Message: no such element: Unable to locate element: {\"method\":\"css selector\",\"selector\":\".block.newsletter .actions span\"}\nE         (Session info: chrome=114.0.5735.198)\nE       Stacktrace:\nE       #0 0x55cab2add4e3 <unknown>\nE       #1 0x55cab280cc76 <unknown>\nE       #2 0x55cab2848c96 <unknown>\nE       #3 0x55cab2848dc1 <unknown>\nE       #4 0x55cab28827f4 <unknown>\nE       #5 0x55cab286803d <unknown>\nE       #6 0x55cab288030e <unknown>\nE       #7 0x55cab2867de3 <unknown>\nE       #8 0x55cab283d2dd <unknown>\nE       #9 0x55cab283e34e <unknown>\nE       #10 0x55cab2a9d3e4 <unknown>\nE       #11 0x55cab2aa13d7 <unknown>\nE       #12 0x55cab2aabb20 <unknown>\nE       #13 0x55cab2aa2023 <unknown>\nE       #14 0x55cab2a701aa <unknown>\nE       #15 0x55cab2ac66b8 <unknown>\nE       #16 0x55cab2ac6847 <unknown>\nE       #17 0x55cab2ad6243 <unknown>\nE       #18 0x7f9e68943b43 <unknown>\n\n/opt/hostedtoolcache/Python/3.11.4/x64/lib/python3.11/site-packages/selenium/webdriver/remote/errorhandler.py:245: NoSuchElementException","flaky":false,"newFailed":false,"newBroken":false,"newPassed":false,"retriesCount":0,"retriesStatusChange":false,"beforeStages":[{"name":"_session_faker","time":{"start":1690159885214,"stop":1690159885299,"duration":85},"status":"passed","steps":[],"attachments":[],"parameters":[],"stepsCount":0,"attachmentsCount":0,"shouldDisplayMessage":false,"hasContent":false},{"name":"clear_allure_result_folder","time":{"start":1690159885299,"stop":1690159885299,"duration":0},"status":"passed","steps":[],"attachments":[],"parameters":[],"stepsCount":0,"attachmentsCount":0,"shouldDisplayMessage":false,"hasContent":false},{"name":"driver","time":{"start":1690160255546,"stop":1690160256558,"duration":1012},"status":"passed","steps":[],"attachments":[],"parameters":[],"stepsCount":0,"attachmentsCount":0,"shouldDisplayMessage":false,"hasContent":false}],"testStage":{"description":"Checks if text on Subscribe Button is correct on each page in DATA_1","status":"broken","statusMessage":"selenium.common.exceptions.NoSuchElementException: Message: no such element: Unable to locate element: {\"method\":\"css selector\",\"selector\":\".block.newsletter .actions span\"}\n  (Session info: chrome=114.0.5735.198)\nStacktrace:\n#0 0x55cab2add4e3 <unknown>\n#1 0x55cab280cc76 <unknown>\n#2 0x55cab2848c96 <unknown>\n#3 0x55cab2848dc1 <unknown>\n#4 0x55cab28827f4 <unknown>\n#5 0x55cab286803d <unknown>\n#6 0x55cab288030e <unknown>\n#7 0x55cab2867de3 <unknown>\n#8 0x55cab283d2dd <unknown>\n#9 0x55cab283e34e <unknown>\n#10 0x55cab2a9d3e4 <unknown>\n#11 0x55cab2aa13d7 <unknown>\n#12 0x55cab2aabb20 <unknown>\n#13 0x55cab2aa2023 <unknown>\n#14 0x55cab2a701aa <unknown>\n#15 0x55cab2ac66b8 <unknown>\n#16 0x55cab2ac6847 <unknown>\n#17 0x55cab2ad6243 <unknown>\n#18 0x7f9e68943b43 <unknown>","statusTrace":"self = <test_footer.TestFooter object at 0x7fe1fc79f650>\ndriver = <selenium.webdriver.chrome.webdriver.WebDriver (session=\"91e3483e2cead03517888ea7b03252f5\")>\nURL = 'https://magento.softwaretestingboard.com/'\n\n    @allure.title(\"TC 02.01.46 - Check text on Subscribe Button on each page specified in DATA_1\")\n    @pytest.mark.parametrize('URL', DATA_1)\n    def test_tc_02_01_46_check_text_on_subscribe_button_on_pages(self, driver, URL):\n        \"\"\"Checks if text on Subscribe Button is correct on each page in DATA_1\"\"\"\n        page = FooterPage(driver, url=URL)\n        page.open()\n>       actual_text = page.check_text_on_subscribe_button()\n\ntests/test_footer.py:388: \n_ _ _ _ _ _ _ _ _ _ _ _ _ _ _ _ _ _ _ _ _ _ _ _ _ _ _ _ _ _ _ _ _ _ _ _ _ _ _ _ \npages/footer_page.py:245: in check_text_on_subscribe_button\n    button_text = self.driver.find_element(*self.footer_locators.SUBSCRIBE_BUTTON_TEXT).text\n/opt/hostedtoolcache/Python/3.11.4/x64/lib/python3.11/site-packages/selenium/webdriver/remote/webdriver.py:831: in find_element\n    return self.execute(Command.FIND_ELEMENT, {\"using\": by, \"value\": value})[\"value\"]\n/opt/hostedtoolcache/Python/3.11.4/x64/lib/python3.11/site-packages/selenium/webdriver/remote/webdriver.py:440: in execute\n    self.error_handler.check_response(response)\n_ _ _ _ _ _ _ _ _ _ _ _ _ _ _ _ _ _ _ _ _ _ _ _ _ _ _ _ _ _ _ _ _ _ _ _ _ _ _ _ \n\nself = <selenium.webdriver.remote.errorhandler.ErrorHandler object at 0x7fe1fd58c610>\nresponse = {'status': 404, 'value': '{\"value\":{\"error\":\"no such element\",\"message\":\"no such element: Unable to locate element: {\\...\\\\n#16 0x55cab2ac6847 \\\\u003Cunknown>\\\\n#17 0x55cab2ad6243 \\\\u003Cunknown>\\\\n#18 0x7f9e68943b43 \\\\u003Cunknown>\\\\n\"}}'}\n\n    def check_response(self, response: Dict[str, Any]) -> None:\n        \"\"\"Checks that a JSON response from the WebDriver does not have an\n        error.\n    \n        :Args:\n         - response - The JSON response from the WebDriver server as a dictionary\n           object.\n    \n        :Raises: If the response contains an error message.\n        \"\"\"\n        status = response.get(\"status\", None)\n        if not status or status == ErrorCode.SUCCESS:\n            return\n        value = None\n        message = response.get(\"message\", \"\")\n        screen: str = response.get(\"screen\", \"\")\n        stacktrace = None\n        if isinstance(status, int):\n            value_json = response.get(\"value\", None)\n            if value_json and isinstance(value_json, str):\n                import json\n    \n                try:\n                    value = json.loads(value_json)\n                    if len(value) == 1:\n                        value = value[\"value\"]\n                    status = value.get(\"error\", None)\n                    if not status:\n                        status = value.get(\"status\", ErrorCode.UNKNOWN_ERROR)\n                        message = value.get(\"value\") or value.get(\"message\")\n                        if not isinstance(message, str):\n                            value = message\n                            message = message.get(\"message\")\n                    else:\n                        message = value.get(\"message\", None)\n                except ValueError:\n                    pass\n    \n        exception_class: Type[WebDriverException]\n        if status in ErrorCode.NO_SUCH_ELEMENT:\n            exception_class = NoSuchElementException\n        elif status in ErrorCode.NO_SUCH_FRAME:\n            exception_class = NoSuchFrameException\n        elif status in ErrorCode.NO_SUCH_SHADOW_ROOT:\n            exception_class = NoSuchShadowRootException\n        elif status in ErrorCode.NO_SUCH_WINDOW:\n            exception_class = NoSuchWindowException\n        elif status in ErrorCode.STALE_ELEMENT_REFERENCE:\n            exception_class = StaleElementReferenceException\n        elif status in ErrorCode.ELEMENT_NOT_VISIBLE:\n            exception_class = ElementNotVisibleException\n        elif status in ErrorCode.INVALID_ELEMENT_STATE:\n            exception_class = InvalidElementStateException\n        elif (\n            status in ErrorCode.INVALID_SELECTOR\n            or status in ErrorCode.INVALID_XPATH_SELECTOR\n            or status in ErrorCode.INVALID_XPATH_SELECTOR_RETURN_TYPER\n        ):\n            exception_class = InvalidSelectorException\n        elif status in ErrorCode.ELEMENT_IS_NOT_SELECTABLE:\n            exception_class = ElementNotSelectableException\n        elif status in ErrorCode.ELEMENT_NOT_INTERACTABLE:\n            exception_class = ElementNotInteractableException\n        elif status in ErrorCode.INVALID_COOKIE_DOMAIN:\n            exception_class = InvalidCookieDomainException\n        elif status in ErrorCode.UNABLE_TO_SET_COOKIE:\n            exception_class = UnableToSetCookieException\n        elif status in ErrorCode.TIMEOUT:\n            exception_class = TimeoutException\n        elif status in ErrorCode.SCRIPT_TIMEOUT:\n            exception_class = TimeoutException\n        elif status in ErrorCode.UNKNOWN_ERROR:\n            exception_class = WebDriverException\n        elif status in ErrorCode.UNEXPECTED_ALERT_OPEN:\n            exception_class = UnexpectedAlertPresentException\n        elif status in ErrorCode.NO_ALERT_OPEN:\n            exception_class = NoAlertPresentException\n        elif status in ErrorCode.IME_NOT_AVAILABLE:\n            exception_class = ImeNotAvailableException\n        elif status in ErrorCode.IME_ENGINE_ACTIVATION_FAILED:\n            exception_class = ImeActivationFailedException\n        elif status in ErrorCode.MOVE_TARGET_OUT_OF_BOUNDS:\n            exception_class = MoveTargetOutOfBoundsException\n        elif status in ErrorCode.JAVASCRIPT_ERROR:\n            exception_class = JavascriptException\n        elif status in ErrorCode.SESSION_NOT_CREATED:\n            exception_class = SessionNotCreatedException\n        elif status in ErrorCode.INVALID_ARGUMENT:\n            exception_class = InvalidArgumentException\n        elif status in ErrorCode.NO_SUCH_COOKIE:\n            exception_class = NoSuchCookieException\n        elif status in ErrorCode.UNABLE_TO_CAPTURE_SCREEN:\n            exception_class = ScreenshotException\n        elif status in ErrorCode.ELEMENT_CLICK_INTERCEPTED:\n            exception_class = ElementClickInterceptedException\n        elif status in ErrorCode.INSECURE_CERTIFICATE:\n            exception_class = InsecureCertificateException\n        elif status in ErrorCode.INVALID_COORDINATES:\n            exception_class = InvalidCoordinatesException\n        elif status in ErrorCode.INVALID_SESSION_ID:\n            exception_class = InvalidSessionIdException\n        elif status in ErrorCode.UNKNOWN_METHOD:\n            exception_class = UnknownMethodException\n        else:\n            exception_class = WebDriverException\n        if not value:\n            value = response[\"value\"]\n        if isinstance(value, str):\n            raise exception_class(value)\n        if message == \"\" and \"message\" in value:\n            message = value[\"message\"]\n    \n        screen = None  # type: ignore[assignment]\n        if \"screen\" in value:\n            screen = value[\"screen\"]\n    \n        stacktrace = None\n        st_value = value.get(\"stackTrace\") or value.get(\"stacktrace\")\n        if st_value:\n            if isinstance(st_value, str):\n                stacktrace = st_value.split(\"\\n\")\n            else:\n                stacktrace = []\n                try:\n                    for frame in st_value:\n                        line = frame.get(\"lineNumber\", \"\")\n                        file = frame.get(\"fileName\", \"<anonymous>\")\n                        if line:\n                            file = f\"{file}:{line}\"\n                        meth = frame.get(\"methodName\", \"<anonymous>\")\n                        if \"className\" in frame:\n                            meth = f\"{frame['className']}.{meth}\"\n                        msg = \"    at %s (%s)\"\n                        msg = msg % (meth, file)\n                        stacktrace.append(msg)\n                except TypeError:\n                    pass\n        if exception_class == UnexpectedAlertPresentException:\n            alert_text = None\n            if \"data\" in value:\n                alert_text = value[\"data\"].get(\"text\")\n            elif \"alert\" in value:\n                alert_text = value[\"alert\"].get(\"text\")\n            raise exception_class(message, screen, stacktrace, alert_text)  # type: ignore[call-arg]  # mypy is not smart enough here\n>       raise exception_class(message, screen, stacktrace)\nE       selenium.common.exceptions.NoSuchElementException: Message: no such element: Unable to locate element: {\"method\":\"css selector\",\"selector\":\".block.newsletter .actions span\"}\nE         (Session info: chrome=114.0.5735.198)\nE       Stacktrace:\nE       #0 0x55cab2add4e3 <unknown>\nE       #1 0x55cab280cc76 <unknown>\nE       #2 0x55cab2848c96 <unknown>\nE       #3 0x55cab2848dc1 <unknown>\nE       #4 0x55cab28827f4 <unknown>\nE       #5 0x55cab286803d <unknown>\nE       #6 0x55cab288030e <unknown>\nE       #7 0x55cab2867de3 <unknown>\nE       #8 0x55cab283d2dd <unknown>\nE       #9 0x55cab283e34e <unknown>\nE       #10 0x55cab2a9d3e4 <unknown>\nE       #11 0x55cab2aa13d7 <unknown>\nE       #12 0x55cab2aabb20 <unknown>\nE       #13 0x55cab2aa2023 <unknown>\nE       #14 0x55cab2a701aa <unknown>\nE       #15 0x55cab2ac66b8 <unknown>\nE       #16 0x55cab2ac6847 <unknown>\nE       #17 0x55cab2ad6243 <unknown>\nE       #18 0x7f9e68943b43 <unknown>\n\n/opt/hostedtoolcache/Python/3.11.4/x64/lib/python3.11/site-packages/selenium/webdriver/remote/errorhandler.py:245: NoSuchElementException","steps":[{"name":"Open a browser","time":{"start":1690160256559,"stop":1690160257538,"duration":979},"status":"passed","steps":[],"attachments":[],"parameters":[],"stepsCount":0,"attachmentsCount":0,"shouldDisplayMessage":false,"hasContent":false},{"name":"Check the text on Subscribe Button","time":{"start":1690160257538,"stop":1690160257553,"duration":15},"status":"broken","statusMessage":"selenium.common.exceptions.NoSuchElementException: Message: no such element: Unable to locate element: {\"method\":\"css selector\",\"selector\":\".block.newsletter .actions span\"}\n  (Session info: chrome=114.0.5735.198)\nStacktrace:\n#0 0x55cab2add4e3 <unknown>\n#1 0x55cab280cc76 <unknown>\n#2 0x55cab2848c96 <unknown>\n#3 0x55cab2848dc1 <unknown>\n#4 0x55cab28827f4 <unknown>\n#5 0x55cab286803d <unknown>\n#6 0x55cab288030e <unknown>\n#7 0x55cab2867de3 <unknown>\n#8 0x55cab283d2dd <unknown>\n#9 0x55cab283e34e <unknown>\n#10 0x55cab2a9d3e4 <unknown>\n#11 0x55cab2aa13d7 <unknown>\n#12 0x55cab2aabb20 <unknown>\n#13 0x55cab2aa2023 <unknown>\n#14 0x55cab2a701aa <unknown>\n#15 0x55cab2ac66b8 <unknown>\n#16 0x55cab2ac6847 <unknown>\n#17 0x55cab2ad6243 <unknown>\n#18 0x7f9e68943b43 <unknown>\n\n","statusTrace":"  File \"/opt/hostedtoolcache/Python/3.11.4/x64/lib/python3.11/site-packages/allure_commons/_allure.py\", line 192, in impl\n    return func(*a, **kw)\n           ^^^^^^^^^^^^^^\n  File \"/home/runner/work/luma_project/luma_project/pages/footer_page.py\", line 245, in check_text_on_subscribe_button\n    button_text = self.driver.find_element(*self.footer_locators.SUBSCRIBE_BUTTON_TEXT).text\n                  ^^^^^^^^^^^^^^^^^^^^^^^^^^^^^^^^^^^^^^^^^^^^^^^^^^^^^^^^^^^^^^^^^^^^^\n  File \"/opt/hostedtoolcache/Python/3.11.4/x64/lib/python3.11/site-packages/selenium/webdriver/remote/webdriver.py\", line 831, in find_element\n    return self.execute(Command.FIND_ELEMENT, {\"using\": by, \"value\": value})[\"value\"]\n           ^^^^^^^^^^^^^^^^^^^^^^^^^^^^^^^^^^^^^^^^^^^^^^^^^^^^^^^^^^^^^^^^^\n  File \"/opt/hostedtoolcache/Python/3.11.4/x64/lib/python3.11/site-packages/selenium/webdriver/remote/webdriver.py\", line 440, in execute\n    self.error_handler.check_response(response)\n  File \"/opt/hostedtoolcache/Python/3.11.4/x64/lib/python3.11/site-packages/selenium/webdriver/remote/errorhandler.py\", line 245, in check_response\n    raise exception_class(message, screen, stacktrace)\n","steps":[],"attachments":[],"parameters":[],"stepsCount":0,"attachmentsCount":0,"shouldDisplayMessage":true,"hasContent":true}],"attachments":[{"uid":"a2b7a92d81473723","name":"Screenshot","source":"a2b7a92d81473723.png","type":"image/png","size":681991},{"uid":"567bec1cbada8fa","name":"HTML source","source":"567bec1cbada8fa.html","type":"text/html","size":108640}],"parameters":[],"stepsCount":2,"attachmentsCount":2,"shouldDisplayMessage":true,"hasContent":true},"afterStages":[{"name":"driver::0","time":{"start":1690160258070,"stop":1690160258132,"duration":62},"status":"passed","steps":[],"attachments":[],"parameters":[],"stepsCount":0,"attachmentsCount":0,"shouldDisplayMessage":false,"hasContent":false},{"name":"clear_allure_result_folder::0","time":{"start":1690161435090,"stop":1690161435090,"duration":0},"status":"passed","steps":[],"attachments":[],"parameters":[],"stepsCount":0,"attachmentsCount":0,"shouldDisplayMessage":false,"hasContent":false}],"labels":[{"name":"epic","value":"Test Footer"},{"name":"parentSuite","value":"tests"},{"name":"suite","value":"test_footer"},{"name":"subSuite","value":"TestFooter"},{"name":"host","value":"fv-az1030-416"},{"name":"thread","value":"3432-MainThread"},{"name":"framework","value":"pytest"},{"name":"language","value":"cpython3"},{"name":"package","value":"tests.test_footer"},{"name":"resultFormat","value":"allure2"}],"parameters":[{"name":"URL","value":"'https://magento.softwaretestingboard.com/'"}],"links":[],"hidden":false,"retry":false,"extra":{"severity":"normal","retries":[],"categories":[{"name":"Test defects","matchedStatuses":[],"flaky":false}],"history":{"statistic":{"failed":0,"broken":2,"skipped":0,"passed":0,"unknown":0,"total":2},"items":[{"uid":"85ecfbc5fd9beaa9","reportUrl":"https://DionisIno.github.io/luma_project/59//#testresult/85ecfbc5fd9beaa9","status":"broken","statusDetails":"selenium.common.exceptions.NoSuchElementException: Message: no such element: Unable to locate element: {\"method\":\"css selector\",\"selector\":\".block.newsletter .actions span\"}\n  (Session info: chrome=114.0.5735.198)\nStacktrace:\n#0 0x5558778184e3 <unknown>\n#1 0x555877547c76 <unknown>\n#2 0x555877583c96 <unknown>\n#3 0x555877583dc1 <unknown>\n#4 0x5558775bd7f4 <unknown>\n#5 0x5558775a303d <unknown>\n#6 0x5558775bb30e <unknown>\n#7 0x5558775a2de3 <unknown>\n#8 0x5558775782dd <unknown>\n#9 0x55587757934e <unknown>\n#10 0x5558777d83e4 <unknown>\n#11 0x5558777dc3d7 <unknown>\n#12 0x5558777e6b20 <unknown>\n#13 0x5558777dd023 <unknown>\n#14 0x5558777ab1aa <unknown>\n#15 0x5558778016b8 <unknown>\n#16 0x555877801847 <unknown>\n#17 0x555877811243 <unknown>\n#18 0x7f5009a9cb43 <unknown>","time":{"start":1690074039469,"stop":1690074040549,"duration":1080}}]},"tags":[]},"source":"f2f8365b04ad1331.json","parameterValues":["'https://magento.softwaretestingboard.com/'"]}