{"uid":"c5cc23ba8ae5e384","name":"TC 01.02.02 functionality of the \"Search\" field","fullName":"tests.test_header.TestHeader#test_tc_01_02_02_functionality_of_the_search_field","historyId":"9ffa56c356139fd12f8ea771bf5675fb","time":{"start":1690764974645,"stop":1690764986209,"duration":11564},"description":"Check the \"Search\" field is activated and the drop-down list appears with various product","descriptionHtml":"<p>Check the &quot;Search&quot; field is activated and the drop-down list appears with various product</p>\n","status":"broken","statusMessage":"selenium.common.exceptions.TimeoutException: Message:","statusTrace":"self = <test_header.TestHeader object at 0x7ffb36c2f090>\ndriver = <selenium.webdriver.chrome.webdriver.WebDriver (session=\"55eff709b9b75a769fc7ca9954a845cc\")>\n\n    @allure.title('TC 01.02.02 functionality of the \"Search\" field')\n    def test_tc_01_02_02_functionality_of_the_search_field(self, driver):\n        \"\"\"Check the \"Search\" field is activated and the drop-down list appears with various product\"\"\"\n        page = HeaderPage(driver, MAIN_PAGE_URL)\n        page.open()\n>       dropdown_items = page.enter_search_field_and_get_dropdown()\n\ntests/test_header.py:110: \n_ _ _ _ _ _ _ _ _ _ _ _ _ _ _ _ _ _ _ _ _ _ _ _ _ _ _ _ _ _ _ _ _ _ _ _ _ _ _ _ \npages/header_page.py:67: in enter_search_field_and_get_dropdown\n    return self.elements_are_visible(self.header_locators.SEARCH_DROPDOWN)\npages/base_page.py:40: in elements_are_visible\n    return wait(self.driver, timeout).until(EC.visibility_of_all_elements_located(locator))\n_ _ _ _ _ _ _ _ _ _ _ _ _ _ _ _ _ _ _ _ _ _ _ _ _ _ _ _ _ _ _ _ _ _ _ _ _ _ _ _ \n\nself = <selenium.webdriver.support.wait.WebDriverWait (session=\"55eff709b9b75a769fc7ca9954a845cc\")>\nmethod = <function visibility_of_all_elements_located.<locals>._predicate at 0x7ffb35cf91c0>\nmessage = ''\n\n    def until(self, method, message: str = \"\"):\n        \"\"\"Calls the method provided with the driver as an argument until the \\\n        return value does not evaluate to ``False``.\n    \n        :param method: callable(WebDriver)\n        :param message: optional message for :exc:`TimeoutException`\n        :returns: the result of the last call to `method`\n        :raises: :exc:`selenium.common.exceptions.TimeoutException` if timeout occurs\n        \"\"\"\n        screen = None\n        stacktrace = None\n    \n        end_time = time.monotonic() + self._timeout\n        while True:\n            try:\n                value = method(self._driver)\n                if value:\n                    return value\n            except self._ignored_exceptions as exc:\n                screen = getattr(exc, \"screen\", None)\n                stacktrace = getattr(exc, \"stacktrace\", None)\n            time.sleep(self._poll)\n            if time.monotonic() > end_time:\n                break\n>       raise TimeoutException(message, screen, stacktrace)\nE       selenium.common.exceptions.TimeoutException: Message:\n\n/opt/hostedtoolcache/Python/3.11.4/x64/lib/python3.11/site-packages/selenium/webdriver/support/wait.py:95: TimeoutException","flaky":false,"newFailed":false,"newBroken":true,"newPassed":false,"retriesCount":0,"retriesStatusChange":false,"beforeStages":[{"name":"_session_faker","time":{"start":1690764562030,"stop":1690764562125,"duration":95},"status":"passed","steps":[],"attachments":[],"parameters":[],"stepsCount":0,"attachmentsCount":0,"shouldDisplayMessage":false,"hasContent":false},{"name":"clear_allure_result_folder","time":{"start":1690764562125,"stop":1690764562125,"duration":0},"status":"passed","steps":[],"attachments":[],"parameters":[],"stepsCount":0,"attachmentsCount":0,"shouldDisplayMessage":false,"hasContent":false},{"name":"driver","time":{"start":1690764973598,"stop":1690764974644,"duration":1046},"status":"passed","steps":[],"attachments":[],"parameters":[],"stepsCount":0,"attachmentsCount":0,"shouldDisplayMessage":false,"hasContent":false}],"testStage":{"description":"Check the \"Search\" field is activated and the drop-down list appears with various product","status":"broken","statusMessage":"selenium.common.exceptions.TimeoutException: Message:","statusTrace":"self = <test_header.TestHeader object at 0x7ffb36c2f090>\ndriver = <selenium.webdriver.chrome.webdriver.WebDriver (session=\"55eff709b9b75a769fc7ca9954a845cc\")>\n\n    @allure.title('TC 01.02.02 functionality of the \"Search\" field')\n    def test_tc_01_02_02_functionality_of_the_search_field(self, driver):\n        \"\"\"Check the \"Search\" field is activated and the drop-down list appears with various product\"\"\"\n        page = HeaderPage(driver, MAIN_PAGE_URL)\n        page.open()\n>       dropdown_items = page.enter_search_field_and_get_dropdown()\n\ntests/test_header.py:110: \n_ _ _ _ _ _ _ _ _ _ _ _ _ _ _ _ _ _ _ _ _ _ _ _ _ _ _ _ _ _ _ _ _ _ _ _ _ _ _ _ \npages/header_page.py:67: in enter_search_field_and_get_dropdown\n    return self.elements_are_visible(self.header_locators.SEARCH_DROPDOWN)\npages/base_page.py:40: in elements_are_visible\n    return wait(self.driver, timeout).until(EC.visibility_of_all_elements_located(locator))\n_ _ _ _ _ _ _ _ _ _ _ _ _ _ _ _ _ _ _ _ _ _ _ _ _ _ _ _ _ _ _ _ _ _ _ _ _ _ _ _ \n\nself = <selenium.webdriver.support.wait.WebDriverWait (session=\"55eff709b9b75a769fc7ca9954a845cc\")>\nmethod = <function visibility_of_all_elements_located.<locals>._predicate at 0x7ffb35cf91c0>\nmessage = ''\n\n    def until(self, method, message: str = \"\"):\n        \"\"\"Calls the method provided with the driver as an argument until the \\\n        return value does not evaluate to ``False``.\n    \n        :param method: callable(WebDriver)\n        :param message: optional message for :exc:`TimeoutException`\n        :returns: the result of the last call to `method`\n        :raises: :exc:`selenium.common.exceptions.TimeoutException` if timeout occurs\n        \"\"\"\n        screen = None\n        stacktrace = None\n    \n        end_time = time.monotonic() + self._timeout\n        while True:\n            try:\n                value = method(self._driver)\n                if value:\n                    return value\n            except self._ignored_exceptions as exc:\n                screen = getattr(exc, \"screen\", None)\n                stacktrace = getattr(exc, \"stacktrace\", None)\n            time.sleep(self._poll)\n            if time.monotonic() > end_time:\n                break\n>       raise TimeoutException(message, screen, stacktrace)\nE       selenium.common.exceptions.TimeoutException: Message:\n\n/opt/hostedtoolcache/Python/3.11.4/x64/lib/python3.11/site-packages/selenium/webdriver/support/wait.py:95: TimeoutException","steps":[{"name":"Open a browser","time":{"start":1690764974645,"stop":1690764975644,"duration":999},"status":"passed","steps":[],"attachments":[],"parameters":[],"stepsCount":0,"attachmentsCount":0,"shouldDisplayMessage":false,"hasContent":false},{"name":"Check the dropdown of the \"Search\" field","time":{"start":1690764975645,"stop":1690764986208,"duration":10563},"status":"broken","statusMessage":"selenium.common.exceptions.TimeoutException: Message: \n\n","statusTrace":"  File \"/opt/hostedtoolcache/Python/3.11.4/x64/lib/python3.11/site-packages/allure_commons/_allure.py\", line 192, in impl\n    return func(*a, **kw)\n           ^^^^^^^^^^^^^^\n  File \"/home/runner/work/luma_project/luma_project/pages/header_page.py\", line 67, in enter_search_field_and_get_dropdown\n    return self.elements_are_visible(self.header_locators.SEARCH_DROPDOWN)\n           ^^^^^^^^^^^^^^^^^^^^^^^^^^^^^^^^^^^^^^^^^^^^^^^^^^^^^^^^^^^^^^^\n  File \"/opt/hostedtoolcache/Python/3.11.4/x64/lib/python3.11/site-packages/allure_commons/_allure.py\", line 192, in impl\n    return func(*a, **kw)\n           ^^^^^^^^^^^^^^\n  File \"/home/runner/work/luma_project/luma_project/pages/base_page.py\", line 40, in elements_are_visible\n    return wait(self.driver, timeout).until(EC.visibility_of_all_elements_located(locator))\n           ^^^^^^^^^^^^^^^^^^^^^^^^^^^^^^^^^^^^^^^^^^^^^^^^^^^^^^^^^^^^^^^^^^^^^^^^^^^^^^^^\n  File \"/opt/hostedtoolcache/Python/3.11.4/x64/lib/python3.11/site-packages/selenium/webdriver/support/wait.py\", line 95, in until\n    raise TimeoutException(message, screen, stacktrace)\n","steps":[{"name":"Click on element and return it","time":{"start":1690764975645,"stop":1690764975743,"duration":98},"status":"passed","steps":[{"name":"Find a visible element","time":{"start":1690764975645,"stop":1690764975694,"duration":49},"status":"passed","steps":[{"name":"Find a present element","time":{"start":1690764975645,"stop":1690764975659,"duration":14},"status":"passed","steps":[],"attachments":[],"parameters":[{"name":"locator","value":"('xpath', \"//input[@id='search']\")"},{"name":"timeout","value":"5"}],"stepsCount":0,"attachmentsCount":0,"shouldDisplayMessage":false,"hasContent":true},{"name":"Go to specified element","time":{"start":1690764975659,"stop":1690764975669,"duration":10},"status":"passed","steps":[],"attachments":[],"parameters":[{"name":"element","value":"<selenium.webdriver.remote.webelement.WebElement (session=\"55eff709b9b75a769fc7ca9954a845cc\", element=\"61C747CF0303000B58A3B4A3C639653C_element_27\")>"}],"stepsCount":0,"attachmentsCount":0,"shouldDisplayMessage":false,"hasContent":true}],"attachments":[],"parameters":[{"name":"locator","value":"('xpath', \"//input[@id='search']\")"},{"name":"timeout","value":"10"}],"stepsCount":2,"attachmentsCount":0,"shouldDisplayMessage":false,"hasContent":true}],"attachments":[],"parameters":[{"name":"locator","value":"('xpath', \"//input[@id='search']\")"},{"name":"seconds","value":"15"}],"stepsCount":3,"attachmentsCount":0,"shouldDisplayMessage":false,"hasContent":true},{"name":"Find visible elements","time":{"start":1690764975794,"stop":1690764986208,"duration":10414},"status":"broken","statusMessage":"selenium.common.exceptions.TimeoutException: Message: \n\n","statusTrace":"  File \"/opt/hostedtoolcache/Python/3.11.4/x64/lib/python3.11/site-packages/allure_commons/_allure.py\", line 192, in impl\n    return func(*a, **kw)\n           ^^^^^^^^^^^^^^\n  File \"/home/runner/work/luma_project/luma_project/pages/base_page.py\", line 40, in elements_are_visible\n    return wait(self.driver, timeout).until(EC.visibility_of_all_elements_located(locator))\n           ^^^^^^^^^^^^^^^^^^^^^^^^^^^^^^^^^^^^^^^^^^^^^^^^^^^^^^^^^^^^^^^^^^^^^^^^^^^^^^^^\n  File \"/opt/hostedtoolcache/Python/3.11.4/x64/lib/python3.11/site-packages/selenium/webdriver/support/wait.py\", line 95, in until\n    raise TimeoutException(message, screen, stacktrace)\n","steps":[],"attachments":[],"parameters":[{"name":"locator","value":"('xpath', \"//*[@id='search_autocomplete']\")"},{"name":"timeout","value":"10"}],"stepsCount":0,"attachmentsCount":0,"shouldDisplayMessage":true,"hasContent":true}],"attachments":[],"parameters":[],"stepsCount":5,"attachmentsCount":0,"shouldDisplayMessage":false,"hasContent":true}],"attachments":[{"uid":"f2fb18ffb036514a","name":"Screenshot","source":"f2fb18ffb036514a.png","type":"image/png","size":712266},{"uid":"499b955e9c49559d","name":"HTML source","source":"499b955e9c49559d.html","type":"text/html","size":114318}],"parameters":[],"stepsCount":7,"attachmentsCount":2,"shouldDisplayMessage":true,"hasContent":true},"afterStages":[{"name":"driver::0","time":{"start":1690764986647,"stop":1690764986712,"duration":65},"status":"passed","steps":[],"attachments":[],"parameters":[],"stepsCount":0,"attachmentsCount":0,"shouldDisplayMessage":false,"hasContent":false},{"name":"clear_allure_result_folder::0","time":{"start":1690765971727,"stop":1690765971727,"duration":0},"status":"passed","steps":[],"attachments":[],"parameters":[],"stepsCount":0,"attachmentsCount":0,"shouldDisplayMessage":false,"hasContent":false}],"labels":[{"name":"epic","value":"Test Header"},{"name":"parentSuite","value":"tests"},{"name":"suite","value":"test_header"},{"name":"subSuite","value":"TestHeader"},{"name":"host","value":"fv-az313-972"},{"name":"thread","value":"3403-MainThread"},{"name":"framework","value":"pytest"},{"name":"language","value":"cpython3"},{"name":"package","value":"tests.test_header"},{"name":"resultFormat","value":"allure2"}],"parameters":[],"links":[],"hidden":false,"retry":false,"extra":{"severity":"normal","retries":[],"categories":[{"name":"Test defects","matchedStatuses":[],"flaky":false}],"history":{"statistic":{"failed":0,"broken":1,"skipped":0,"passed":1,"unknown":0,"total":2},"items":[{"uid":"3c908a3883e967f9","reportUrl":"https://DionisIno.github.io/luma_project/66//#testresult/3c908a3883e967f9","status":"passed","time":{"start":1690678566528,"stop":1690678569286,"duration":2758}}]},"tags":[]},"source":"c5cc23ba8ae5e384.json","parameterValues":[]}