{
  "uid" : "139ca3231b95d797",
  "name" : "TC 02.01.06 Check if Search Terms link is interactive",
  "fullName" : "tests.test_footer.TestFooter#test_tc_02_01_06_check_interactivity_of_search_terms_link",
  "historyId" : "2ec5175ab49cd51021eb8da58d481c73",
  "time" : {
    "start" : 1690073632087,
    "stop" : 1690073633514,
    "duration" : 1427
  },
  "description" : "This test checks if Search Terms link is underlined while hovering over it",
  "descriptionHtml" : "<p>This test checks if Search Terms link is underlined while hovering over it</p>\n",
  "status" : "skipped",
  "statusMessage" : "XFAIL In CI the test is not stable and needs to be improved\n\nAssertionError: The Search Terms link is not underlined while hovering over it\nassert 'underline' in 'none solid rgb(87, 87, 87)'",
  "statusTrace" : "self = <test_footer.TestFooter object at 0x7fcb8c88cd90>\ndriver = <selenium.webdriver.chrome.webdriver.WebDriver (session=\"c1242da5364c774103c690098f585658\")>\n\n    @pytest.mark.xfail(reason=\"In CI the test is not stable and needs to be improved\")\n    @allure.title(\"TC 02.01.06 Check if Search Terms link is interactive\")\n    def test_tc_02_01_06_check_interactivity_of_search_terms_link(self, driver):\n        \"\"\"This test checks if Search Terms link is underlined while hovering over it\"\"\"\n        page = FooterPage(driver, MAIN_PAGE_URL)\n        page.open()\n        underlined_link = page.check_element_hover_style(page.footer_locators.SEARCH_TERMS_LINK, \"text-decoration\", 2)\n>       assert \"underline\" in underlined_link, \"The Search Terms link is not underlined while hovering over it\"\nE       AssertionError: The Search Terms link is not underlined while hovering over it\nE       assert 'underline' in 'none solid rgb(87, 87, 87)'\n\ntests/test_footer.py:65: AssertionError",
  "flaky" : false,
  "newFailed" : false,
  "beforeStages" : [ {
    "name" : "_session_faker",
    "time" : {
      "start" : 1690073506870,
      "stop" : 1690073506962,
      "duration" : 92
    },
    "status" : "passed",
    "steps" : [ ],
    "attachments" : [ ],
    "parameters" : [ ],
    "stepsCount" : 0,
    "attachmentsCount" : 0,
    "shouldDisplayMessage" : false,
    "hasContent" : false
  }, {
    "name" : "clear_allure_result_folder",
    "time" : {
      "start" : 1690073506962,
      "stop" : 1690073506962,
      "duration" : 0
    },
    "status" : "passed",
    "steps" : [ ],
    "attachments" : [ ],
    "parameters" : [ ],
    "stepsCount" : 0,
    "attachmentsCount" : 0,
    "shouldDisplayMessage" : false,
    "hasContent" : false
  }, {
    "name" : "driver",
    "time" : {
      "start" : 1690073631049,
      "stop" : 1690073632086,
      "duration" : 1037
    },
    "status" : "passed",
    "steps" : [ ],
    "attachments" : [ ],
    "parameters" : [ ],
    "stepsCount" : 0,
    "attachmentsCount" : 0,
    "shouldDisplayMessage" : false,
    "hasContent" : false
  } ],
  "testStage" : {
    "description" : "This test checks if Search Terms link is underlined while hovering over it",
    "status" : "skipped",
    "statusMessage" : "XFAIL In CI the test is not stable and needs to be improved\n\nAssertionError: The Search Terms link is not underlined while hovering over it\nassert 'underline' in 'none solid rgb(87, 87, 87)'",
    "statusTrace" : "self = <test_footer.TestFooter object at 0x7fcb8c88cd90>\ndriver = <selenium.webdriver.chrome.webdriver.WebDriver (session=\"c1242da5364c774103c690098f585658\")>\n\n    @pytest.mark.xfail(reason=\"In CI the test is not stable and needs to be improved\")\n    @allure.title(\"TC 02.01.06 Check if Search Terms link is interactive\")\n    def test_tc_02_01_06_check_interactivity_of_search_terms_link(self, driver):\n        \"\"\"This test checks if Search Terms link is underlined while hovering over it\"\"\"\n        page = FooterPage(driver, MAIN_PAGE_URL)\n        page.open()\n        underlined_link = page.check_element_hover_style(page.footer_locators.SEARCH_TERMS_LINK, \"text-decoration\", 2)\n>       assert \"underline\" in underlined_link, \"The Search Terms link is not underlined while hovering over it\"\nE       AssertionError: The Search Terms link is not underlined while hovering over it\nE       assert 'underline' in 'none solid rgb(87, 87, 87)'\n\ntests/test_footer.py:65: AssertionError",
    "steps" : [ {
      "name" : "Open a browser",
      "time" : {
        "start" : 1690073632087,
        "stop" : 1690073633090,
        "duration" : 1003
      },
      "status" : "passed",
      "steps" : [ ],
      "attachments" : [ ],
      "parameters" : [ ],
      "stepsCount" : 0,
      "attachmentsCount" : 0,
      "shouldDisplayMessage" : false,
      "hasContent" : false
    }, {
      "name" : "Check element hover style",
      "time" : {
        "start" : 1690073633090,
        "stop" : 1690073633514,
        "duration" : 424
      },
      "status" : "passed",
      "steps" : [ {
        "name" : "Find a visible element",
        "time" : {
          "start" : 1690073633090,
          "stop" : 1690073633190,
          "duration" : 100
        },
        "status" : "passed",
        "steps" : [ {
          "name" : "Find a present element",
          "time" : {
            "start" : 1690073633090,
            "stop" : 1690073633122,
            "duration" : 32
          },
          "status" : "passed",
          "steps" : [ ],
          "attachments" : [ ],
          "parameters" : [ {
            "name" : "locator",
            "value" : "('css selector', '.footer > :nth-child(1) > a')"
          }, {
            "name" : "timeout",
            "value" : "5"
          } ],
          "stepsCount" : 0,
          "attachmentsCount" : 0,
          "shouldDisplayMessage" : false,
          "hasContent" : true
        }, {
          "name" : "Go to specified element",
          "time" : {
            "start" : 1690073633123,
            "stop" : 1690073633148,
            "duration" : 25
          },
          "status" : "passed",
          "steps" : [ ],
          "attachments" : [ ],
          "parameters" : [ {
            "name" : "element",
            "value" : "<selenium.webdriver.remote.webelement.WebElement (session=\"c1242da5364c774103c690098f585658\", element=\"05186674D7FD5D2E9B3328CBA9B4E303_element_28\")>"
          } ],
          "stepsCount" : 0,
          "attachmentsCount" : 0,
          "shouldDisplayMessage" : false,
          "hasContent" : true
        } ],
        "attachments" : [ ],
        "parameters" : [ {
          "name" : "locator",
          "value" : "('css selector', '.footer > :nth-child(1) > a')"
        }, {
          "name" : "timeout",
          "value" : "10"
        } ],
        "stepsCount" : 2,
        "attachmentsCount" : 0,
        "shouldDisplayMessage" : false,
        "hasContent" : true
      }, {
        "name" : "Move cursor to element",
        "time" : {
          "start" : 1690073633190,
          "stop" : 1690073633504,
          "duration" : 314
        },
        "status" : "passed",
        "steps" : [ ],
        "attachments" : [ ],
        "parameters" : [ {
          "name" : "element",
          "value" : "<selenium.webdriver.remote.webelement.WebElement (session=\"c1242da5364c774103c690098f585658\", element=\"05186674D7FD5D2E9B3328CBA9B4E303_element_28\")>"
        } ],
        "stepsCount" : 0,
        "attachmentsCount" : 0,
        "shouldDisplayMessage" : false,
        "hasContent" : true
      } ],
      "attachments" : [ ],
      "parameters" : [ {
        "name" : "locator",
        "value" : "('css selector', '.footer > :nth-child(1) > a')"
      }, {
        "name" : "css_property",
        "value" : "'text-decoration'"
      }, {
        "name" : "seconds",
        "value" : "2"
      } ],
      "stepsCount" : 4,
      "attachmentsCount" : 0,
      "shouldDisplayMessage" : false,
      "hasContent" : true
    } ],
    "attachments" : [ {
      "uid" : "373efbc74ebeaf44",
      "name" : "Screenshot",
      "source" : "373efbc74ebeaf44.png",
      "type" : "image/png",
      "size" : 178670
    }, {
      "uid" : "f5fdc4f0c4477669",
      "name" : "HTML source",
      "source" : "f5fdc4f0c4477669.html",
      "type" : "text/html",
      "size" : 115677
    } ],
    "parameters" : [ ],
    "stepsCount" : 6,
    "attachmentsCount" : 2,
    "shouldDisplayMessage" : true,
    "hasContent" : true
  },
  "afterStages" : [ {
    "name" : "clear_allure_result_folder::0",
    "time" : {
      "start" : 1690075074103,
      "stop" : 1690075074103,
      "duration" : 0
    },
    "status" : "passed",
    "steps" : [ ],
    "attachments" : [ ],
    "parameters" : [ ],
    "stepsCount" : 0,
    "attachmentsCount" : 0,
    "shouldDisplayMessage" : false,
    "hasContent" : false
  }, {
    "name" : "driver::0",
    "time" : {
      "start" : 1690073633714,
      "stop" : 1690073633776,
      "duration" : 62
    },
    "status" : "passed",
    "steps" : [ ],
    "attachments" : [ ],
    "parameters" : [ ],
    "stepsCount" : 0,
    "attachmentsCount" : 0,
    "shouldDisplayMessage" : false,
    "hasContent" : false
  } ],
  "labels" : [ {
    "name" : "epic",
    "value" : "Test Footer"
  }, {
    "name" : "tag",
    "value" : "@pytest.mark.xfail(reason='In CI the test is not stable and needs to be improved')"
  }, {
    "name" : "parentSuite",
    "value" : "tests"
  }, {
    "name" : "suite",
    "value" : "test_footer"
  }, {
    "name" : "subSuite",
    "value" : "TestFooter"
  }, {
    "name" : "host",
    "value" : "fv-az622-781"
  }, {
    "name" : "thread",
    "value" : "3345-MainThread"
  }, {
    "name" : "framework",
    "value" : "pytest"
  }, {
    "name" : "language",
    "value" : "cpython3"
  }, {
    "name" : "package",
    "value" : "tests.test_footer"
  }, {
    "name" : "resultFormat",
    "value" : "allure2"
  } ],
  "parameters" : [ ],
  "links" : [ ],
  "hidden" : false,
  "retry" : false,
  "extra" : {
    "severity" : "normal",
    "retries" : [ ],
    "categories" : [ ],
    "tags" : [ "@pytest.mark.xfail(reason='In CI the test is not stable and needs to be improved')" ]
  },
  "source" : "139ca3231b95d797.json",
  "parameterValues" : [ ]
}