{
  "uid" : "14cf48f9369d3f7b",
  "name" : "TC 17.01.15 Verify Reload captcha button is clickable",
  "fullName" : "tests.test_forgot_your_password.TestForgotYourPassword#test_17_01_15_reload_captcha_is_clickable",
  "historyId" : "af56a4cf8ff8e384f30c040fdea3566a",
  "time" : {
    "start" : 1695516366563,
    "stop" : 1695516371693,
    "duration" : 5130
  },
  "description" : "Check that the 'Reload captcha' button is clickable",
  "descriptionHtml" : "<p>Check that the 'Reload captcha' button is clickable</p>\n",
  "status" : "broken",
  "statusMessage" : "selenium.common.exceptions.TimeoutException: Message: \nStacktrace:\n#0 0x556cdc01b6c3 <unknown>\n#1 0x556cdbcf11e7 <unknown>\n#2 0x556cdbd38566 <unknown>\n#3 0x556cdbd38651 <unknown>\n#4 0x556cdbd75a74 <unknown>\n#5 0x556cdbd5a0ed <unknown>\n#6 0x556cdbd73322 <unknown>\n#7 0x556cdbd59e93 <unknown>\n#8 0x556cdbd2c934 <unknown>\n#9 0x556cdbd2d71e <unknown>\n#10 0x556cdbfe0cc8 <unknown>\n#11 0x556cdbfe4c00 <unknown>\n#12 0x556cdbfef1ac <unknown>\n#13 0x556cdbfe5818 <unknown>\n#14 0x556cdbfb228f <unknown>\n#15 0x556cdc009e98 <unknown>\n#16 0x556cdc00a069 <unknown>\n#17 0x556cdc01a853 <unknown>\n#18 0x7f5e3e494b43 <unknown>",
  "statusTrace" : "self = <test_forgot_your_password.TestForgotYourPassword object at 0x7f9a4fbf7d90>\ndriver = <selenium.webdriver.chrome.webdriver.WebDriver (session=\"16d48785fa05b751c5fd6a9d517eecaa\")>\nforgot_psw_page = <pages.forgot_your_password_page.ForgotYourPasswordPage object at 0x7f9a4fd72d90>\n\n    @allure.title('TC 17.01.15 Verify Reload captcha button is clickable')\n    def test_17_01_15_reload_captcha_is_clickable(self, driver, forgot_psw_page):\n        \"\"\"Check that the 'Reload captcha' button is clickable\"\"\"\n>       reload_captcha_button = forgot_psw_page.check_reload_captcha_button_is_clickable()\n\ntests/test_forgot_your_password.py:134: \n_ _ _ _ _ _ _ _ _ _ _ _ _ _ _ _ _ _ _ _ _ _ _ _ _ _ _ _ _ _ _ _ _ _ _ _ _ _ _ _ \npages/forgot_your_password_page.py:99: in check_reload_captcha_button_is_clickable\n    return self.element_is_clickable(self.locators.RELOAD_CAPTCHA_BUTTON)\npages/base_page.py:80: in element_is_clickable\n    return wait(self.driver, timeout).until(EC.element_to_be_clickable(locator))\n_ _ _ _ _ _ _ _ _ _ _ _ _ _ _ _ _ _ _ _ _ _ _ _ _ _ _ _ _ _ _ _ _ _ _ _ _ _ _ _ \n\nself = <selenium.webdriver.support.wait.WebDriverWait (session=\"16d48785fa05b751c5fd6a9d517eecaa\")>\nmethod = <function element_to_be_clickable.<locals>._predicate at 0x7f9a4f37f1a0>\nmessage = ''\n\n    def until(self, method, message: str = \"\"):\n        \"\"\"Calls the method provided with the driver as an argument until the \\\n        return value does not evaluate to ``False``.\n    \n        :param method: callable(WebDriver)\n        :param message: optional message for :exc:`TimeoutException`\n        :returns: the result of the last call to `method`\n        :raises: :exc:`selenium.common.exceptions.TimeoutException` if timeout occurs\n        \"\"\"\n        screen = None\n        stacktrace = None\n    \n        end_time = time.monotonic() + self._timeout\n        while True:\n            try:\n                value = method(self._driver)\n                if value:\n                    return value\n            except self._ignored_exceptions as exc:\n                screen = getattr(exc, \"screen\", None)\n                stacktrace = getattr(exc, \"stacktrace\", None)\n            time.sleep(self._poll)\n            if time.monotonic() > end_time:\n                break\n>       raise TimeoutException(message, screen, stacktrace)\nE       selenium.common.exceptions.TimeoutException: Message: \nE       Stacktrace:\nE       #0 0x556cdc01b6c3 <unknown>\nE       #1 0x556cdbcf11e7 <unknown>\nE       #2 0x556cdbd38566 <unknown>\nE       #3 0x556cdbd38651 <unknown>\nE       #4 0x556cdbd75a74 <unknown>\nE       #5 0x556cdbd5a0ed <unknown>\nE       #6 0x556cdbd73322 <unknown>\nE       #7 0x556cdbd59e93 <unknown>\nE       #8 0x556cdbd2c934 <unknown>\nE       #9 0x556cdbd2d71e <unknown>\nE       #10 0x556cdbfe0cc8 <unknown>\nE       #11 0x556cdbfe4c00 <unknown>\nE       #12 0x556cdbfef1ac <unknown>\nE       #13 0x556cdbfe5818 <unknown>\nE       #14 0x556cdbfb228f <unknown>\nE       #15 0x556cdc009e98 <unknown>\nE       #16 0x556cdc00a069 <unknown>\nE       #17 0x556cdc01a853 <unknown>\nE       #18 0x7f5e3e494b43 <unknown>\n\n/opt/hostedtoolcache/Python/3.11.5/x64/lib/python3.11/site-packages/selenium/webdriver/support/wait.py:95: TimeoutException",
  "flaky" : false,
  "newFailed" : false,
  "beforeStages" : [ {
    "name" : "driver",
    "time" : {
      "start" : 1695516364408,
      "stop" : 1695516365497,
      "duration" : 1089
    },
    "status" : "passed",
    "steps" : [ ],
    "attachments" : [ ],
    "parameters" : [ ],
    "stepsCount" : 0,
    "attachmentsCount" : 0,
    "shouldDisplayMessage" : false,
    "hasContent" : false
  }, {
    "name" : "_session_faker",
    "time" : {
      "start" : 1695515982889,
      "stop" : 1695515982964,
      "duration" : 75
    },
    "status" : "passed",
    "steps" : [ ],
    "attachments" : [ ],
    "parameters" : [ ],
    "stepsCount" : 0,
    "attachmentsCount" : 0,
    "shouldDisplayMessage" : false,
    "hasContent" : false
  }, {
    "name" : "forgot_psw_page",
    "time" : {
      "start" : 1695516365497,
      "stop" : 1695516366562,
      "duration" : 1065
    },
    "status" : "passed",
    "steps" : [ {
      "name" : "Open a browser",
      "time" : {
        "start" : 1695516365497,
        "stop" : 1695516366562,
        "duration" : 1065
      },
      "status" : "passed",
      "steps" : [ ],
      "attachments" : [ ],
      "parameters" : [ ],
      "stepsCount" : 0,
      "attachmentsCount" : 0,
      "shouldDisplayMessage" : false,
      "hasContent" : false
    } ],
    "attachments" : [ ],
    "parameters" : [ ],
    "stepsCount" : 1,
    "attachmentsCount" : 0,
    "shouldDisplayMessage" : false,
    "hasContent" : true
  }, {
    "name" : "clear_allure_result_folder",
    "time" : {
      "start" : 1695515982964,
      "stop" : 1695515982965,
      "duration" : 1
    },
    "status" : "passed",
    "steps" : [ ],
    "attachments" : [ ],
    "parameters" : [ ],
    "stepsCount" : 0,
    "attachmentsCount" : 0,
    "shouldDisplayMessage" : false,
    "hasContent" : false
  } ],
  "testStage" : {
    "description" : "Check that the 'Reload captcha' button is clickable",
    "status" : "broken",
    "statusMessage" : "selenium.common.exceptions.TimeoutException: Message: \nStacktrace:\n#0 0x556cdc01b6c3 <unknown>\n#1 0x556cdbcf11e7 <unknown>\n#2 0x556cdbd38566 <unknown>\n#3 0x556cdbd38651 <unknown>\n#4 0x556cdbd75a74 <unknown>\n#5 0x556cdbd5a0ed <unknown>\n#6 0x556cdbd73322 <unknown>\n#7 0x556cdbd59e93 <unknown>\n#8 0x556cdbd2c934 <unknown>\n#9 0x556cdbd2d71e <unknown>\n#10 0x556cdbfe0cc8 <unknown>\n#11 0x556cdbfe4c00 <unknown>\n#12 0x556cdbfef1ac <unknown>\n#13 0x556cdbfe5818 <unknown>\n#14 0x556cdbfb228f <unknown>\n#15 0x556cdc009e98 <unknown>\n#16 0x556cdc00a069 <unknown>\n#17 0x556cdc01a853 <unknown>\n#18 0x7f5e3e494b43 <unknown>",
    "statusTrace" : "self = <test_forgot_your_password.TestForgotYourPassword object at 0x7f9a4fbf7d90>\ndriver = <selenium.webdriver.chrome.webdriver.WebDriver (session=\"16d48785fa05b751c5fd6a9d517eecaa\")>\nforgot_psw_page = <pages.forgot_your_password_page.ForgotYourPasswordPage object at 0x7f9a4fd72d90>\n\n    @allure.title('TC 17.01.15 Verify Reload captcha button is clickable')\n    def test_17_01_15_reload_captcha_is_clickable(self, driver, forgot_psw_page):\n        \"\"\"Check that the 'Reload captcha' button is clickable\"\"\"\n>       reload_captcha_button = forgot_psw_page.check_reload_captcha_button_is_clickable()\n\ntests/test_forgot_your_password.py:134: \n_ _ _ _ _ _ _ _ _ _ _ _ _ _ _ _ _ _ _ _ _ _ _ _ _ _ _ _ _ _ _ _ _ _ _ _ _ _ _ _ \npages/forgot_your_password_page.py:99: in check_reload_captcha_button_is_clickable\n    return self.element_is_clickable(self.locators.RELOAD_CAPTCHA_BUTTON)\npages/base_page.py:80: in element_is_clickable\n    return wait(self.driver, timeout).until(EC.element_to_be_clickable(locator))\n_ _ _ _ _ _ _ _ _ _ _ _ _ _ _ _ _ _ _ _ _ _ _ _ _ _ _ _ _ _ _ _ _ _ _ _ _ _ _ _ \n\nself = <selenium.webdriver.support.wait.WebDriverWait (session=\"16d48785fa05b751c5fd6a9d517eecaa\")>\nmethod = <function element_to_be_clickable.<locals>._predicate at 0x7f9a4f37f1a0>\nmessage = ''\n\n    def until(self, method, message: str = \"\"):\n        \"\"\"Calls the method provided with the driver as an argument until the \\\n        return value does not evaluate to ``False``.\n    \n        :param method: callable(WebDriver)\n        :param message: optional message for :exc:`TimeoutException`\n        :returns: the result of the last call to `method`\n        :raises: :exc:`selenium.common.exceptions.TimeoutException` if timeout occurs\n        \"\"\"\n        screen = None\n        stacktrace = None\n    \n        end_time = time.monotonic() + self._timeout\n        while True:\n            try:\n                value = method(self._driver)\n                if value:\n                    return value\n            except self._ignored_exceptions as exc:\n                screen = getattr(exc, \"screen\", None)\n                stacktrace = getattr(exc, \"stacktrace\", None)\n            time.sleep(self._poll)\n            if time.monotonic() > end_time:\n                break\n>       raise TimeoutException(message, screen, stacktrace)\nE       selenium.common.exceptions.TimeoutException: Message: \nE       Stacktrace:\nE       #0 0x556cdc01b6c3 <unknown>\nE       #1 0x556cdbcf11e7 <unknown>\nE       #2 0x556cdbd38566 <unknown>\nE       #3 0x556cdbd38651 <unknown>\nE       #4 0x556cdbd75a74 <unknown>\nE       #5 0x556cdbd5a0ed <unknown>\nE       #6 0x556cdbd73322 <unknown>\nE       #7 0x556cdbd59e93 <unknown>\nE       #8 0x556cdbd2c934 <unknown>\nE       #9 0x556cdbd2d71e <unknown>\nE       #10 0x556cdbfe0cc8 <unknown>\nE       #11 0x556cdbfe4c00 <unknown>\nE       #12 0x556cdbfef1ac <unknown>\nE       #13 0x556cdbfe5818 <unknown>\nE       #14 0x556cdbfb228f <unknown>\nE       #15 0x556cdc009e98 <unknown>\nE       #16 0x556cdc00a069 <unknown>\nE       #17 0x556cdc01a853 <unknown>\nE       #18 0x7f5e3e494b43 <unknown>\n\n/opt/hostedtoolcache/Python/3.11.5/x64/lib/python3.11/site-packages/selenium/webdriver/support/wait.py:95: TimeoutException",
    "steps" : [ {
      "name" : "Check Reload captcha button is clickable",
      "time" : {
        "start" : 1695516366563,
        "stop" : 1695516371693,
        "duration" : 5130
      },
      "status" : "broken",
      "statusMessage" : "selenium.common.exceptions.TimeoutException: Message: \nStacktrace:\n#0 0x556cdc01b6c3 <unknown>\n#1 0x556cdbcf11e7 <unknown>\n#2 0x556cdbd38566 <unknown>\n#3 0x556cdbd38651 <unknown>\n#4 0x556cdbd75a74 <unknown>\n#5 0x556cdbd5a0ed <unknown>\n#6 0x556cdbd73322 <unknown>\n#7 0x556cdbd59e93 <unknown>\n#8 0x556cdbd2c934 <unknown>\n#9 0x556cdbd2d71e <unknown>\n#10 0x556cdbfe0cc8 <unknown>\n#11 0x556cdbfe4c00 <unknown>\n#12 0x556cdbfef1ac <unknown>\n#13 0x556cdbfe5818 <unknown>\n#14 0x556cdbfb228f <unknown>\n#15 0x556cdc009e98 <unknown>\n#16 0x556cdc00a069 <unknown>\n#17 0x556cdc01a853 <unknown>\n#18 0x7f5e3e494b43 <unknown>\n\n",
      "statusTrace" : "  File \"/opt/hostedtoolcache/Python/3.11.5/x64/lib/python3.11/site-packages/allure_commons/_allure.py\", line 192, in impl\n    return func(*a, **kw)\n           ^^^^^^^^^^^^^^\n  File \"/home/runner/work/luma_project/luma_project/pages/forgot_your_password_page.py\", line 99, in check_reload_captcha_button_is_clickable\n    return self.element_is_clickable(self.locators.RELOAD_CAPTCHA_BUTTON)\n           ^^^^^^^^^^^^^^^^^^^^^^^^^^^^^^^^^^^^^^^^^^^^^^^^^^^^^^^^^^^^^^\n  File \"/opt/hostedtoolcache/Python/3.11.5/x64/lib/python3.11/site-packages/allure_commons/_allure.py\", line 192, in impl\n    return func(*a, **kw)\n           ^^^^^^^^^^^^^^\n  File \"/home/runner/work/luma_project/luma_project/pages/base_page.py\", line 80, in element_is_clickable\n    return wait(self.driver, timeout).until(EC.element_to_be_clickable(locator))\n           ^^^^^^^^^^^^^^^^^^^^^^^^^^^^^^^^^^^^^^^^^^^^^^^^^^^^^^^^^^^^^^^^^^^^^\n  File \"/opt/hostedtoolcache/Python/3.11.5/x64/lib/python3.11/site-packages/selenium/webdriver/support/wait.py\", line 95, in until\n    raise TimeoutException(message, screen, stacktrace)\n",
      "steps" : [ {
        "name" : "Find clickable elements",
        "time" : {
          "start" : 1695516366563,
          "stop" : 1695516371692,
          "duration" : 5129
        },
        "status" : "broken",
        "statusMessage" : "selenium.common.exceptions.TimeoutException: Message: \nStacktrace:\n#0 0x556cdc01b6c3 <unknown>\n#1 0x556cdbcf11e7 <unknown>\n#2 0x556cdbd38566 <unknown>\n#3 0x556cdbd38651 <unknown>\n#4 0x556cdbd75a74 <unknown>\n#5 0x556cdbd5a0ed <unknown>\n#6 0x556cdbd73322 <unknown>\n#7 0x556cdbd59e93 <unknown>\n#8 0x556cdbd2c934 <unknown>\n#9 0x556cdbd2d71e <unknown>\n#10 0x556cdbfe0cc8 <unknown>\n#11 0x556cdbfe4c00 <unknown>\n#12 0x556cdbfef1ac <unknown>\n#13 0x556cdbfe5818 <unknown>\n#14 0x556cdbfb228f <unknown>\n#15 0x556cdc009e98 <unknown>\n#16 0x556cdc00a069 <unknown>\n#17 0x556cdc01a853 <unknown>\n#18 0x7f5e3e494b43 <unknown>\n\n",
        "statusTrace" : "  File \"/opt/hostedtoolcache/Python/3.11.5/x64/lib/python3.11/site-packages/allure_commons/_allure.py\", line 192, in impl\n    return func(*a, **kw)\n           ^^^^^^^^^^^^^^\n  File \"/home/runner/work/luma_project/luma_project/pages/base_page.py\", line 80, in element_is_clickable\n    return wait(self.driver, timeout).until(EC.element_to_be_clickable(locator))\n           ^^^^^^^^^^^^^^^^^^^^^^^^^^^^^^^^^^^^^^^^^^^^^^^^^^^^^^^^^^^^^^^^^^^^^\n  File \"/opt/hostedtoolcache/Python/3.11.5/x64/lib/python3.11/site-packages/selenium/webdriver/support/wait.py\", line 95, in until\n    raise TimeoutException(message, screen, stacktrace)\n",
        "steps" : [ ],
        "attachments" : [ ],
        "parameters" : [ {
          "name" : "locator",
          "value" : "('css selector', 'button[title = \"Reload captcha\"]')"
        }, {
          "name" : "timeout",
          "value" : "5"
        } ],
        "stepsCount" : 0,
        "attachmentsCount" : 0,
        "shouldDisplayMessage" : true,
        "hasContent" : true
      } ],
      "attachments" : [ ],
      "parameters" : [ ],
      "stepsCount" : 1,
      "attachmentsCount" : 0,
      "shouldDisplayMessage" : false,
      "hasContent" : true
    } ],
    "attachments" : [ {
      "uid" : "8cb21457697316f2",
      "name" : "Screenshot",
      "source" : "8cb21457697316f2.png",
      "type" : "image/png",
      "size" : 70029
    }, {
      "uid" : "f30234fffa70a9a1",
      "name" : "HTML source",
      "source" : "f30234fffa70a9a1.html",
      "type" : "text/html",
      "size" : 78068
    } ],
    "parameters" : [ ],
    "stepsCount" : 2,
    "attachmentsCount" : 2,
    "shouldDisplayMessage" : true,
    "hasContent" : true
  },
  "afterStages" : [ {
    "name" : "driver::0",
    "time" : {
      "start" : 1695516371856,
      "stop" : 1695516371921,
      "duration" : 65
    },
    "status" : "passed",
    "steps" : [ ],
    "attachments" : [ ],
    "parameters" : [ ],
    "stepsCount" : 0,
    "attachmentsCount" : 0,
    "shouldDisplayMessage" : false,
    "hasContent" : false
  }, {
    "name" : "clear_allure_result_folder::0",
    "time" : {
      "start" : 1695517631857,
      "stop" : 1695517631857,
      "duration" : 0
    },
    "status" : "passed",
    "steps" : [ ],
    "attachments" : [ ],
    "parameters" : [ ],
    "stepsCount" : 0,
    "attachmentsCount" : 0,
    "shouldDisplayMessage" : false,
    "hasContent" : false
  } ],
  "labels" : [ {
    "name" : "epic",
    "value" : "Forgot Your Password Page"
  }, {
    "name" : "parentSuite",
    "value" : "tests"
  }, {
    "name" : "suite",
    "value" : "test_forgot_your_password"
  }, {
    "name" : "subSuite",
    "value" : "TestForgotYourPassword"
  }, {
    "name" : "host",
    "value" : "fv-az812-630"
  }, {
    "name" : "thread",
    "value" : "2998-MainThread"
  }, {
    "name" : "framework",
    "value" : "pytest"
  }, {
    "name" : "language",
    "value" : "cpython3"
  }, {
    "name" : "package",
    "value" : "tests.test_forgot_your_password"
  }, {
    "name" : "resultFormat",
    "value" : "allure2"
  } ],
  "parameters" : [ ],
  "links" : [ ],
  "hidden" : false,
  "retry" : false,
  "extra" : {
    "severity" : "normal",
    "retries" : [ ],
    "categories" : [ {
      "name" : "Test defects",
      "matchedStatuses" : [ ],
      "flaky" : false
    } ],
    "tags" : [ ]
  },
  "source" : "14cf48f9369d3f7b.json",
  "parameterValues" : [ ]
}