{
  "uid" : "15cd39e4da60e046",
  "name" : "TC 17.01.14 Verify Reload captcha button is present",
  "fullName" : "tests.test_forgot_your_password.TestForgotYourPassword#test_17_01_14_reload_captcha_id_displayed",
  "historyId" : "fa661e973d5e09093524412c2fd76a1f",
  "time" : {
    "start" : 1693701904820,
    "stop" : 1693701909938,
    "duration" : 5118
  },
  "description" : "Check if the 'Reload captcha' button is present",
  "descriptionHtml" : "<p>Check if the 'Reload captcha' button is present</p>\n",
  "status" : "broken",
  "statusMessage" : "selenium.common.exceptions.TimeoutException: Message: \nStacktrace:\n#0 0x557687cb5e23 <unknown>\n#1 0x5576879de7a7 <unknown>\n#2 0x557687a1d1d3 <unknown>\n#3 0x557687a1d2c1 <unknown>\n#4 0x557687a58a04 <unknown>\n#5 0x557687a3e03d <unknown>\n#6 0x557687a56369 <unknown>\n#7 0x557687a3dde3 <unknown>\n#8 0x557687a11a7b <unknown>\n#9 0x557687a1281e <unknown>\n#10 0x557687c77638 <unknown>\n#11 0x557687c7b507 <unknown>\n#12 0x557687c85c4c <unknown>\n#13 0x557687c7c136 <unknown>\n#14 0x557687c4a9cf <unknown>\n#15 0x557687c9fb98 <unknown>\n#16 0x557687c9fd68 <unknown>\n#17 0x557687caecb3 <unknown>\n#18 0x7f0c4cda2b43 <unknown>",
  "statusTrace" : "self = <test_forgot_your_password.TestForgotYourPassword object at 0x7fb620dc3ed0>\ndriver = <selenium.webdriver.chrome.webdriver.WebDriver (session=\"15bd634beac0941d437e73575eb325d8\")>\nforgot_psw_page = <pages.forgot_your_password_page.ForgotYourPasswordPage object at 0x7fb620a47e50>\n\n    @allure.title('TC 17.01.14 Verify Reload captcha button is present')\n    def test_17_01_14_reload_captcha_id_displayed(self, driver, forgot_psw_page):\n        \"\"\"Check if the 'Reload captcha' button is present\"\"\"\n>       reload_captcha_button = forgot_psw_page.check_reload_captcha_button_is_visible()\n\ntests/test_forgot_your_password.py:126: \n_ _ _ _ _ _ _ _ _ _ _ _ _ _ _ _ _ _ _ _ _ _ _ _ _ _ _ _ _ _ _ _ _ _ _ _ _ _ _ _ \npages/forgot_your_password_page.py:94: in check_reload_captcha_button_is_visible\n    return self.element_is_visible(self.locators.RELOAD_CAPTCHA_BUTTON)\npages/base_page.py:29: in element_is_visible\n    self.go_to_element(self.element_is_present(locator))\npages/base_page.py:50: in element_is_present\n    return wait(self.driver, timeout).until(EC.presence_of_element_located(locator))\n_ _ _ _ _ _ _ _ _ _ _ _ _ _ _ _ _ _ _ _ _ _ _ _ _ _ _ _ _ _ _ _ _ _ _ _ _ _ _ _ \n\nself = <selenium.webdriver.support.wait.WebDriverWait (session=\"15bd634beac0941d437e73575eb325d8\")>\nmethod = <function presence_of_element_located.<locals>._predicate at 0x7fb6205adda0>\nmessage = ''\n\n    def until(self, method, message: str = \"\"):\n        \"\"\"Calls the method provided with the driver as an argument until the \\\n        return value does not evaluate to ``False``.\n    \n        :param method: callable(WebDriver)\n        :param message: optional message for :exc:`TimeoutException`\n        :returns: the result of the last call to `method`\n        :raises: :exc:`selenium.common.exceptions.TimeoutException` if timeout occurs\n        \"\"\"\n        screen = None\n        stacktrace = None\n    \n        end_time = time.monotonic() + self._timeout\n        while True:\n            try:\n                value = method(self._driver)\n                if value:\n                    return value\n            except self._ignored_exceptions as exc:\n                screen = getattr(exc, \"screen\", None)\n                stacktrace = getattr(exc, \"stacktrace\", None)\n            time.sleep(self._poll)\n            if time.monotonic() > end_time:\n                break\n>       raise TimeoutException(message, screen, stacktrace)\nE       selenium.common.exceptions.TimeoutException: Message: \nE       Stacktrace:\nE       #0 0x557687cb5e23 <unknown>\nE       #1 0x5576879de7a7 <unknown>\nE       #2 0x557687a1d1d3 <unknown>\nE       #3 0x557687a1d2c1 <unknown>\nE       #4 0x557687a58a04 <unknown>\nE       #5 0x557687a3e03d <unknown>\nE       #6 0x557687a56369 <unknown>\nE       #7 0x557687a3dde3 <unknown>\nE       #8 0x557687a11a7b <unknown>\nE       #9 0x557687a1281e <unknown>\nE       #10 0x557687c77638 <unknown>\nE       #11 0x557687c7b507 <unknown>\nE       #12 0x557687c85c4c <unknown>\nE       #13 0x557687c7c136 <unknown>\nE       #14 0x557687c4a9cf <unknown>\nE       #15 0x557687c9fb98 <unknown>\nE       #16 0x557687c9fd68 <unknown>\nE       #17 0x557687caecb3 <unknown>\nE       #18 0x7f0c4cda2b43 <unknown>\n\n/opt/hostedtoolcache/Python/3.11.4/x64/lib/python3.11/site-packages/selenium/webdriver/support/wait.py:95: TimeoutException",
  "flaky" : false,
  "newFailed" : false,
  "beforeStages" : [ {
    "name" : "_session_faker",
    "time" : {
      "start" : 1693701529698,
      "stop" : 1693701529791,
      "duration" : 93
    },
    "status" : "passed",
    "steps" : [ ],
    "attachments" : [ ],
    "parameters" : [ ],
    "stepsCount" : 0,
    "attachmentsCount" : 0,
    "shouldDisplayMessage" : false,
    "hasContent" : false
  }, {
    "name" : "clear_allure_result_folder",
    "time" : {
      "start" : 1693701529791,
      "stop" : 1693701529792,
      "duration" : 1
    },
    "status" : "passed",
    "steps" : [ ],
    "attachments" : [ ],
    "parameters" : [ ],
    "stepsCount" : 0,
    "attachmentsCount" : 0,
    "shouldDisplayMessage" : false,
    "hasContent" : false
  }, {
    "name" : "forgot_psw_page",
    "time" : {
      "start" : 1693701903703,
      "stop" : 1693701904820,
      "duration" : 1117
    },
    "status" : "passed",
    "steps" : [ {
      "name" : "Open a browser",
      "time" : {
        "start" : 1693701903703,
        "stop" : 1693701904820,
        "duration" : 1117
      },
      "status" : "passed",
      "steps" : [ ],
      "attachments" : [ ],
      "parameters" : [ ],
      "stepsCount" : 0,
      "attachmentsCount" : 0,
      "shouldDisplayMessage" : false,
      "hasContent" : false
    } ],
    "attachments" : [ ],
    "parameters" : [ ],
    "stepsCount" : 1,
    "attachmentsCount" : 0,
    "shouldDisplayMessage" : false,
    "hasContent" : true
  }, {
    "name" : "driver",
    "time" : {
      "start" : 1693701902692,
      "stop" : 1693701903703,
      "duration" : 1011
    },
    "status" : "passed",
    "steps" : [ ],
    "attachments" : [ ],
    "parameters" : [ ],
    "stepsCount" : 0,
    "attachmentsCount" : 0,
    "shouldDisplayMessage" : false,
    "hasContent" : false
  } ],
  "testStage" : {
    "description" : "Check if the 'Reload captcha' button is present",
    "status" : "broken",
    "statusMessage" : "selenium.common.exceptions.TimeoutException: Message: \nStacktrace:\n#0 0x557687cb5e23 <unknown>\n#1 0x5576879de7a7 <unknown>\n#2 0x557687a1d1d3 <unknown>\n#3 0x557687a1d2c1 <unknown>\n#4 0x557687a58a04 <unknown>\n#5 0x557687a3e03d <unknown>\n#6 0x557687a56369 <unknown>\n#7 0x557687a3dde3 <unknown>\n#8 0x557687a11a7b <unknown>\n#9 0x557687a1281e <unknown>\n#10 0x557687c77638 <unknown>\n#11 0x557687c7b507 <unknown>\n#12 0x557687c85c4c <unknown>\n#13 0x557687c7c136 <unknown>\n#14 0x557687c4a9cf <unknown>\n#15 0x557687c9fb98 <unknown>\n#16 0x557687c9fd68 <unknown>\n#17 0x557687caecb3 <unknown>\n#18 0x7f0c4cda2b43 <unknown>",
    "statusTrace" : "self = <test_forgot_your_password.TestForgotYourPassword object at 0x7fb620dc3ed0>\ndriver = <selenium.webdriver.chrome.webdriver.WebDriver (session=\"15bd634beac0941d437e73575eb325d8\")>\nforgot_psw_page = <pages.forgot_your_password_page.ForgotYourPasswordPage object at 0x7fb620a47e50>\n\n    @allure.title('TC 17.01.14 Verify Reload captcha button is present')\n    def test_17_01_14_reload_captcha_id_displayed(self, driver, forgot_psw_page):\n        \"\"\"Check if the 'Reload captcha' button is present\"\"\"\n>       reload_captcha_button = forgot_psw_page.check_reload_captcha_button_is_visible()\n\ntests/test_forgot_your_password.py:126: \n_ _ _ _ _ _ _ _ _ _ _ _ _ _ _ _ _ _ _ _ _ _ _ _ _ _ _ _ _ _ _ _ _ _ _ _ _ _ _ _ \npages/forgot_your_password_page.py:94: in check_reload_captcha_button_is_visible\n    return self.element_is_visible(self.locators.RELOAD_CAPTCHA_BUTTON)\npages/base_page.py:29: in element_is_visible\n    self.go_to_element(self.element_is_present(locator))\npages/base_page.py:50: in element_is_present\n    return wait(self.driver, timeout).until(EC.presence_of_element_located(locator))\n_ _ _ _ _ _ _ _ _ _ _ _ _ _ _ _ _ _ _ _ _ _ _ _ _ _ _ _ _ _ _ _ _ _ _ _ _ _ _ _ \n\nself = <selenium.webdriver.support.wait.WebDriverWait (session=\"15bd634beac0941d437e73575eb325d8\")>\nmethod = <function presence_of_element_located.<locals>._predicate at 0x7fb6205adda0>\nmessage = ''\n\n    def until(self, method, message: str = \"\"):\n        \"\"\"Calls the method provided with the driver as an argument until the \\\n        return value does not evaluate to ``False``.\n    \n        :param method: callable(WebDriver)\n        :param message: optional message for :exc:`TimeoutException`\n        :returns: the result of the last call to `method`\n        :raises: :exc:`selenium.common.exceptions.TimeoutException` if timeout occurs\n        \"\"\"\n        screen = None\n        stacktrace = None\n    \n        end_time = time.monotonic() + self._timeout\n        while True:\n            try:\n                value = method(self._driver)\n                if value:\n                    return value\n            except self._ignored_exceptions as exc:\n                screen = getattr(exc, \"screen\", None)\n                stacktrace = getattr(exc, \"stacktrace\", None)\n            time.sleep(self._poll)\n            if time.monotonic() > end_time:\n                break\n>       raise TimeoutException(message, screen, stacktrace)\nE       selenium.common.exceptions.TimeoutException: Message: \nE       Stacktrace:\nE       #0 0x557687cb5e23 <unknown>\nE       #1 0x5576879de7a7 <unknown>\nE       #2 0x557687a1d1d3 <unknown>\nE       #3 0x557687a1d2c1 <unknown>\nE       #4 0x557687a58a04 <unknown>\nE       #5 0x557687a3e03d <unknown>\nE       #6 0x557687a56369 <unknown>\nE       #7 0x557687a3dde3 <unknown>\nE       #8 0x557687a11a7b <unknown>\nE       #9 0x557687a1281e <unknown>\nE       #10 0x557687c77638 <unknown>\nE       #11 0x557687c7b507 <unknown>\nE       #12 0x557687c85c4c <unknown>\nE       #13 0x557687c7c136 <unknown>\nE       #14 0x557687c4a9cf <unknown>\nE       #15 0x557687c9fb98 <unknown>\nE       #16 0x557687c9fd68 <unknown>\nE       #17 0x557687caecb3 <unknown>\nE       #18 0x7f0c4cda2b43 <unknown>\n\n/opt/hostedtoolcache/Python/3.11.4/x64/lib/python3.11/site-packages/selenium/webdriver/support/wait.py:95: TimeoutException",
    "steps" : [ {
      "name" : "Check Reload captcha button is visible",
      "time" : {
        "start" : 1693701904820,
        "stop" : 1693701909938,
        "duration" : 5118
      },
      "status" : "broken",
      "statusMessage" : "selenium.common.exceptions.TimeoutException: Message: \nStacktrace:\n#0 0x557687cb5e23 <unknown>\n#1 0x5576879de7a7 <unknown>\n#2 0x557687a1d1d3 <unknown>\n#3 0x557687a1d2c1 <unknown>\n#4 0x557687a58a04 <unknown>\n#5 0x557687a3e03d <unknown>\n#6 0x557687a56369 <unknown>\n#7 0x557687a3dde3 <unknown>\n#8 0x557687a11a7b <unknown>\n#9 0x557687a1281e <unknown>\n#10 0x557687c77638 <unknown>\n#11 0x557687c7b507 <unknown>\n#12 0x557687c85c4c <unknown>\n#13 0x557687c7c136 <unknown>\n#14 0x557687c4a9cf <unknown>\n#15 0x557687c9fb98 <unknown>\n#16 0x557687c9fd68 <unknown>\n#17 0x557687caecb3 <unknown>\n#18 0x7f0c4cda2b43 <unknown>\n\n",
      "statusTrace" : "  File \"/opt/hostedtoolcache/Python/3.11.4/x64/lib/python3.11/site-packages/allure_commons/_allure.py\", line 192, in impl\n    return func(*a, **kw)\n           ^^^^^^^^^^^^^^\n  File \"/home/runner/work/luma_project/luma_project/pages/forgot_your_password_page.py\", line 94, in check_reload_captcha_button_is_visible\n    return self.element_is_visible(self.locators.RELOAD_CAPTCHA_BUTTON)\n           ^^^^^^^^^^^^^^^^^^^^^^^^^^^^^^^^^^^^^^^^^^^^^^^^^^^^^^^^^^^^\n  File \"/opt/hostedtoolcache/Python/3.11.4/x64/lib/python3.11/site-packages/allure_commons/_allure.py\", line 192, in impl\n    return func(*a, **kw)\n           ^^^^^^^^^^^^^^\n  File \"/home/runner/work/luma_project/luma_project/pages/base_page.py\", line 29, in element_is_visible\n    self.go_to_element(self.element_is_present(locator))\n                       ^^^^^^^^^^^^^^^^^^^^^^^^^^^^^^^^\n  File \"/opt/hostedtoolcache/Python/3.11.4/x64/lib/python3.11/site-packages/allure_commons/_allure.py\", line 192, in impl\n    return func(*a, **kw)\n           ^^^^^^^^^^^^^^\n  File \"/home/runner/work/luma_project/luma_project/pages/base_page.py\", line 50, in element_is_present\n    return wait(self.driver, timeout).until(EC.presence_of_element_located(locator))\n           ^^^^^^^^^^^^^^^^^^^^^^^^^^^^^^^^^^^^^^^^^^^^^^^^^^^^^^^^^^^^^^^^^^^^^^^^^\n  File \"/opt/hostedtoolcache/Python/3.11.4/x64/lib/python3.11/site-packages/selenium/webdriver/support/wait.py\", line 95, in until\n    raise TimeoutException(message, screen, stacktrace)\n",
      "steps" : [ {
        "name" : "Find a visible element",
        "time" : {
          "start" : 1693701904821,
          "stop" : 1693701909937,
          "duration" : 5116
        },
        "status" : "broken",
        "statusMessage" : "selenium.common.exceptions.TimeoutException: Message: \nStacktrace:\n#0 0x557687cb5e23 <unknown>\n#1 0x5576879de7a7 <unknown>\n#2 0x557687a1d1d3 <unknown>\n#3 0x557687a1d2c1 <unknown>\n#4 0x557687a58a04 <unknown>\n#5 0x557687a3e03d <unknown>\n#6 0x557687a56369 <unknown>\n#7 0x557687a3dde3 <unknown>\n#8 0x557687a11a7b <unknown>\n#9 0x557687a1281e <unknown>\n#10 0x557687c77638 <unknown>\n#11 0x557687c7b507 <unknown>\n#12 0x557687c85c4c <unknown>\n#13 0x557687c7c136 <unknown>\n#14 0x557687c4a9cf <unknown>\n#15 0x557687c9fb98 <unknown>\n#16 0x557687c9fd68 <unknown>\n#17 0x557687caecb3 <unknown>\n#18 0x7f0c4cda2b43 <unknown>\n\n",
        "statusTrace" : "  File \"/opt/hostedtoolcache/Python/3.11.4/x64/lib/python3.11/site-packages/allure_commons/_allure.py\", line 192, in impl\n    return func(*a, **kw)\n           ^^^^^^^^^^^^^^\n  File \"/home/runner/work/luma_project/luma_project/pages/base_page.py\", line 29, in element_is_visible\n    self.go_to_element(self.element_is_present(locator))\n                       ^^^^^^^^^^^^^^^^^^^^^^^^^^^^^^^^\n  File \"/opt/hostedtoolcache/Python/3.11.4/x64/lib/python3.11/site-packages/allure_commons/_allure.py\", line 192, in impl\n    return func(*a, **kw)\n           ^^^^^^^^^^^^^^\n  File \"/home/runner/work/luma_project/luma_project/pages/base_page.py\", line 50, in element_is_present\n    return wait(self.driver, timeout).until(EC.presence_of_element_located(locator))\n           ^^^^^^^^^^^^^^^^^^^^^^^^^^^^^^^^^^^^^^^^^^^^^^^^^^^^^^^^^^^^^^^^^^^^^^^^^\n  File \"/opt/hostedtoolcache/Python/3.11.4/x64/lib/python3.11/site-packages/selenium/webdriver/support/wait.py\", line 95, in until\n    raise TimeoutException(message, screen, stacktrace)\n",
        "steps" : [ {
          "name" : "Find a present element",
          "time" : {
            "start" : 1693701904821,
            "stop" : 1693701909937,
            "duration" : 5116
          },
          "status" : "broken",
          "statusMessage" : "selenium.common.exceptions.TimeoutException: Message: \nStacktrace:\n#0 0x557687cb5e23 <unknown>\n#1 0x5576879de7a7 <unknown>\n#2 0x557687a1d1d3 <unknown>\n#3 0x557687a1d2c1 <unknown>\n#4 0x557687a58a04 <unknown>\n#5 0x557687a3e03d <unknown>\n#6 0x557687a56369 <unknown>\n#7 0x557687a3dde3 <unknown>\n#8 0x557687a11a7b <unknown>\n#9 0x557687a1281e <unknown>\n#10 0x557687c77638 <unknown>\n#11 0x557687c7b507 <unknown>\n#12 0x557687c85c4c <unknown>\n#13 0x557687c7c136 <unknown>\n#14 0x557687c4a9cf <unknown>\n#15 0x557687c9fb98 <unknown>\n#16 0x557687c9fd68 <unknown>\n#17 0x557687caecb3 <unknown>\n#18 0x7f0c4cda2b43 <unknown>\n\n",
          "statusTrace" : "  File \"/opt/hostedtoolcache/Python/3.11.4/x64/lib/python3.11/site-packages/allure_commons/_allure.py\", line 192, in impl\n    return func(*a, **kw)\n           ^^^^^^^^^^^^^^\n  File \"/home/runner/work/luma_project/luma_project/pages/base_page.py\", line 50, in element_is_present\n    return wait(self.driver, timeout).until(EC.presence_of_element_located(locator))\n           ^^^^^^^^^^^^^^^^^^^^^^^^^^^^^^^^^^^^^^^^^^^^^^^^^^^^^^^^^^^^^^^^^^^^^^^^^\n  File \"/opt/hostedtoolcache/Python/3.11.4/x64/lib/python3.11/site-packages/selenium/webdriver/support/wait.py\", line 95, in until\n    raise TimeoutException(message, screen, stacktrace)\n",
          "steps" : [ ],
          "attachments" : [ ],
          "parameters" : [ {
            "name" : "locator",
            "value" : "('css selector', 'button[title = \"Reload captcha\"]')"
          }, {
            "name" : "timeout",
            "value" : "5"
          } ],
          "stepsCount" : 0,
          "attachmentsCount" : 0,
          "shouldDisplayMessage" : true,
          "hasContent" : true
        } ],
        "attachments" : [ ],
        "parameters" : [ {
          "name" : "locator",
          "value" : "('css selector', 'button[title = \"Reload captcha\"]')"
        }, {
          "name" : "timeout",
          "value" : "10"
        } ],
        "stepsCount" : 1,
        "attachmentsCount" : 0,
        "shouldDisplayMessage" : false,
        "hasContent" : true
      } ],
      "attachments" : [ ],
      "parameters" : [ ],
      "stepsCount" : 2,
      "attachmentsCount" : 0,
      "shouldDisplayMessage" : false,
      "hasContent" : true
    } ],
    "attachments" : [ {
      "uid" : "3bc540cca1d72fcc",
      "name" : "Screenshot",
      "source" : "3bc540cca1d72fcc.png",
      "type" : "image/png",
      "size" : 65941
    }, {
      "uid" : "61cd60982055b64c",
      "name" : "HTML source",
      "source" : "61cd60982055b64c.html",
      "type" : "text/html",
      "size" : 78257
    } ],
    "parameters" : [ ],
    "stepsCount" : 3,
    "attachmentsCount" : 2,
    "shouldDisplayMessage" : true,
    "hasContent" : true
  },
  "afterStages" : [ {
    "name" : "clear_allure_result_folder::0",
    "time" : {
      "start" : 1693703036260,
      "stop" : 1693703036260,
      "duration" : 0
    },
    "status" : "passed",
    "steps" : [ ],
    "attachments" : [ ],
    "parameters" : [ ],
    "stepsCount" : 0,
    "attachmentsCount" : 0,
    "shouldDisplayMessage" : false,
    "hasContent" : false
  }, {
    "name" : "driver::0",
    "time" : {
      "start" : 1693701910109,
      "stop" : 1693701910172,
      "duration" : 63
    },
    "status" : "passed",
    "steps" : [ ],
    "attachments" : [ ],
    "parameters" : [ ],
    "stepsCount" : 0,
    "attachmentsCount" : 0,
    "shouldDisplayMessage" : false,
    "hasContent" : false
  } ],
  "labels" : [ {
    "name" : "epic",
    "value" : "Forgot Your Password Page"
  }, {
    "name" : "parentSuite",
    "value" : "tests"
  }, {
    "name" : "suite",
    "value" : "test_forgot_your_password"
  }, {
    "name" : "subSuite",
    "value" : "TestForgotYourPassword"
  }, {
    "name" : "host",
    "value" : "fv-az448-717"
  }, {
    "name" : "thread",
    "value" : "2920-MainThread"
  }, {
    "name" : "framework",
    "value" : "pytest"
  }, {
    "name" : "language",
    "value" : "cpython3"
  }, {
    "name" : "package",
    "value" : "tests.test_forgot_your_password"
  }, {
    "name" : "resultFormat",
    "value" : "allure2"
  } ],
  "parameters" : [ ],
  "links" : [ ],
  "hidden" : false,
  "retry" : false,
  "extra" : {
    "severity" : "normal",
    "retries" : [ ],
    "categories" : [ {
      "name" : "Test defects",
      "matchedStatuses" : [ ],
      "flaky" : false
    } ],
    "tags" : [ ]
  },
  "source" : "15cd39e4da60e046.json",
  "parameterValues" : [ ]
}