{
  "uid" : "166af77b1668b1d3",
  "name" : "TC 17.01.17 Verify captcha image is present by default",
  "fullName" : "tests.test_forgot_your_password.TestForgotYourPassword#test_17_01_17_captcha_image_is_displayed",
  "historyId" : "20eee1dd441b6fd3a44d298e65fa59d2",
  "time" : {
    "start" : 1692492334098,
    "stop" : 1692492339229,
    "duration" : 5131
  },
  "description" : "Check that the captcha image is present by default",
  "descriptionHtml" : "<p>Check that the captcha image is present by default</p>\n",
  "status" : "broken",
  "statusMessage" : "selenium.common.exceptions.TimeoutException: Message: \nStacktrace:\n#0 0x560dfda8d613 <unknown>\n#1 0x560dfd7b9537 <unknown>\n#2 0x560dfd7f7f53 <unknown>\n#3 0x560dfd7f8041 <unknown>\n#4 0x560dfd8332a4 <unknown>\n#5 0x560dfd818a5d <unknown>\n#6 0x560dfd830d09 <unknown>\n#7 0x560dfd818803 <unknown>\n#8 0x560dfd7ec68b <unknown>\n#9 0x560dfd7ed42e <unknown>\n#10 0x560dfda4ec28 <unknown>\n#11 0x560dfda52af7 <unknown>\n#12 0x560dfda5d01c <unknown>\n#13 0x560dfda53723 <unknown>\n#14 0x560dfda22457 <unknown>\n#15 0x560dfda77628 <unknown>\n#16 0x560dfda777b7 <unknown>\n#17 0x560dfda86483 <unknown>\n#18 0x7fe1dd248b43 <unknown>",
  "statusTrace" : "self = <test_forgot_your_password.TestForgotYourPassword object at 0x7fd3cef29150>\ndriver = <selenium.webdriver.chrome.webdriver.WebDriver (session=\"d48052364ee9ecd1e0aab98a833bfd94\")>\nforgot_psw_page = <pages.forgot_your_password_page.ForgotYourPasswordPage object at 0x7fd3cf7f3790>\n\n    @allure.title('TC 17.01.17 Verify captcha image is present by default')\n    def test_17_01_17_captcha_image_is_displayed(self, driver, forgot_psw_page):\n        \"\"\"Check that the captcha image is present by default\"\"\"\n>       captcha_image = forgot_psw_page.check_captcha_image_is_visible()\n\ntests/test_forgot_your_password.py:153: \n_ _ _ _ _ _ _ _ _ _ _ _ _ _ _ _ _ _ _ _ _ _ _ _ _ _ _ _ _ _ _ _ _ _ _ _ _ _ _ _ \npages/forgot_your_password_page.py:109: in check_captcha_image_is_visible\n    return self.element_is_visible(self.locators.RELOAD_CAPTCHA_IMAGE)\npages/base_page.py:29: in element_is_visible\n    self.go_to_element(self.element_is_present(locator))\npages/base_page.py:50: in element_is_present\n    return wait(self.driver, timeout).until(EC.presence_of_element_located(locator))\n_ _ _ _ _ _ _ _ _ _ _ _ _ _ _ _ _ _ _ _ _ _ _ _ _ _ _ _ _ _ _ _ _ _ _ _ _ _ _ _ \n\nself = <selenium.webdriver.support.wait.WebDriverWait (session=\"d48052364ee9ecd1e0aab98a833bfd94\")>\nmethod = <function presence_of_element_located.<locals>._predicate at 0x7fd3cdb489a0>\nmessage = ''\n\n    def until(self, method, message: str = \"\"):\n        \"\"\"Calls the method provided with the driver as an argument until the \\\n        return value does not evaluate to ``False``.\n    \n        :param method: callable(WebDriver)\n        :param message: optional message for :exc:`TimeoutException`\n        :returns: the result of the last call to `method`\n        :raises: :exc:`selenium.common.exceptions.TimeoutException` if timeout occurs\n        \"\"\"\n        screen = None\n        stacktrace = None\n    \n        end_time = time.monotonic() + self._timeout\n        while True:\n            try:\n                value = method(self._driver)\n                if value:\n                    return value\n            except self._ignored_exceptions as exc:\n                screen = getattr(exc, \"screen\", None)\n                stacktrace = getattr(exc, \"stacktrace\", None)\n            time.sleep(self._poll)\n            if time.monotonic() > end_time:\n                break\n>       raise TimeoutException(message, screen, stacktrace)\nE       selenium.common.exceptions.TimeoutException: Message: \nE       Stacktrace:\nE       #0 0x560dfda8d613 <unknown>\nE       #1 0x560dfd7b9537 <unknown>\nE       #2 0x560dfd7f7f53 <unknown>\nE       #3 0x560dfd7f8041 <unknown>\nE       #4 0x560dfd8332a4 <unknown>\nE       #5 0x560dfd818a5d <unknown>\nE       #6 0x560dfd830d09 <unknown>\nE       #7 0x560dfd818803 <unknown>\nE       #8 0x560dfd7ec68b <unknown>\nE       #9 0x560dfd7ed42e <unknown>\nE       #10 0x560dfda4ec28 <unknown>\nE       #11 0x560dfda52af7 <unknown>\nE       #12 0x560dfda5d01c <unknown>\nE       #13 0x560dfda53723 <unknown>\nE       #14 0x560dfda22457 <unknown>\nE       #15 0x560dfda77628 <unknown>\nE       #16 0x560dfda777b7 <unknown>\nE       #17 0x560dfda86483 <unknown>\nE       #18 0x7fe1dd248b43 <unknown>\n\n/opt/hostedtoolcache/Python/3.11.4/x64/lib/python3.11/site-packages/selenium/webdriver/support/wait.py:95: TimeoutException",
  "flaky" : false,
  "newFailed" : false,
  "beforeStages" : [ {
    "name" : "clear_allure_result_folder",
    "time" : {
      "start" : 1692491878626,
      "stop" : 1692491878626,
      "duration" : 0
    },
    "status" : "passed",
    "steps" : [ ],
    "attachments" : [ ],
    "parameters" : [ ],
    "stepsCount" : 0,
    "attachmentsCount" : 0,
    "shouldDisplayMessage" : false,
    "hasContent" : false
  }, {
    "name" : "driver",
    "time" : {
      "start" : 1692492332029,
      "stop" : 1692492333067,
      "duration" : 1038
    },
    "status" : "passed",
    "steps" : [ ],
    "attachments" : [ ],
    "parameters" : [ ],
    "stepsCount" : 0,
    "attachmentsCount" : 0,
    "shouldDisplayMessage" : false,
    "hasContent" : false
  }, {
    "name" : "_session_faker",
    "time" : {
      "start" : 1692491878520,
      "stop" : 1692491878626,
      "duration" : 106
    },
    "status" : "passed",
    "steps" : [ ],
    "attachments" : [ ],
    "parameters" : [ ],
    "stepsCount" : 0,
    "attachmentsCount" : 0,
    "shouldDisplayMessage" : false,
    "hasContent" : false
  }, {
    "name" : "forgot_psw_page",
    "time" : {
      "start" : 1692492333067,
      "stop" : 1692492334097,
      "duration" : 1030
    },
    "status" : "passed",
    "steps" : [ {
      "name" : "Open a browser",
      "time" : {
        "start" : 1692492333067,
        "stop" : 1692492334097,
        "duration" : 1030
      },
      "status" : "passed",
      "steps" : [ ],
      "attachments" : [ ],
      "parameters" : [ ],
      "stepsCount" : 0,
      "attachmentsCount" : 0,
      "shouldDisplayMessage" : false,
      "hasContent" : false
    } ],
    "attachments" : [ ],
    "parameters" : [ ],
    "stepsCount" : 1,
    "attachmentsCount" : 0,
    "shouldDisplayMessage" : false,
    "hasContent" : true
  } ],
  "testStage" : {
    "description" : "Check that the captcha image is present by default",
    "status" : "broken",
    "statusMessage" : "selenium.common.exceptions.TimeoutException: Message: \nStacktrace:\n#0 0x560dfda8d613 <unknown>\n#1 0x560dfd7b9537 <unknown>\n#2 0x560dfd7f7f53 <unknown>\n#3 0x560dfd7f8041 <unknown>\n#4 0x560dfd8332a4 <unknown>\n#5 0x560dfd818a5d <unknown>\n#6 0x560dfd830d09 <unknown>\n#7 0x560dfd818803 <unknown>\n#8 0x560dfd7ec68b <unknown>\n#9 0x560dfd7ed42e <unknown>\n#10 0x560dfda4ec28 <unknown>\n#11 0x560dfda52af7 <unknown>\n#12 0x560dfda5d01c <unknown>\n#13 0x560dfda53723 <unknown>\n#14 0x560dfda22457 <unknown>\n#15 0x560dfda77628 <unknown>\n#16 0x560dfda777b7 <unknown>\n#17 0x560dfda86483 <unknown>\n#18 0x7fe1dd248b43 <unknown>",
    "statusTrace" : "self = <test_forgot_your_password.TestForgotYourPassword object at 0x7fd3cef29150>\ndriver = <selenium.webdriver.chrome.webdriver.WebDriver (session=\"d48052364ee9ecd1e0aab98a833bfd94\")>\nforgot_psw_page = <pages.forgot_your_password_page.ForgotYourPasswordPage object at 0x7fd3cf7f3790>\n\n    @allure.title('TC 17.01.17 Verify captcha image is present by default')\n    def test_17_01_17_captcha_image_is_displayed(self, driver, forgot_psw_page):\n        \"\"\"Check that the captcha image is present by default\"\"\"\n>       captcha_image = forgot_psw_page.check_captcha_image_is_visible()\n\ntests/test_forgot_your_password.py:153: \n_ _ _ _ _ _ _ _ _ _ _ _ _ _ _ _ _ _ _ _ _ _ _ _ _ _ _ _ _ _ _ _ _ _ _ _ _ _ _ _ \npages/forgot_your_password_page.py:109: in check_captcha_image_is_visible\n    return self.element_is_visible(self.locators.RELOAD_CAPTCHA_IMAGE)\npages/base_page.py:29: in element_is_visible\n    self.go_to_element(self.element_is_present(locator))\npages/base_page.py:50: in element_is_present\n    return wait(self.driver, timeout).until(EC.presence_of_element_located(locator))\n_ _ _ _ _ _ _ _ _ _ _ _ _ _ _ _ _ _ _ _ _ _ _ _ _ _ _ _ _ _ _ _ _ _ _ _ _ _ _ _ \n\nself = <selenium.webdriver.support.wait.WebDriverWait (session=\"d48052364ee9ecd1e0aab98a833bfd94\")>\nmethod = <function presence_of_element_located.<locals>._predicate at 0x7fd3cdb489a0>\nmessage = ''\n\n    def until(self, method, message: str = \"\"):\n        \"\"\"Calls the method provided with the driver as an argument until the \\\n        return value does not evaluate to ``False``.\n    \n        :param method: callable(WebDriver)\n        :param message: optional message for :exc:`TimeoutException`\n        :returns: the result of the last call to `method`\n        :raises: :exc:`selenium.common.exceptions.TimeoutException` if timeout occurs\n        \"\"\"\n        screen = None\n        stacktrace = None\n    \n        end_time = time.monotonic() + self._timeout\n        while True:\n            try:\n                value = method(self._driver)\n                if value:\n                    return value\n            except self._ignored_exceptions as exc:\n                screen = getattr(exc, \"screen\", None)\n                stacktrace = getattr(exc, \"stacktrace\", None)\n            time.sleep(self._poll)\n            if time.monotonic() > end_time:\n                break\n>       raise TimeoutException(message, screen, stacktrace)\nE       selenium.common.exceptions.TimeoutException: Message: \nE       Stacktrace:\nE       #0 0x560dfda8d613 <unknown>\nE       #1 0x560dfd7b9537 <unknown>\nE       #2 0x560dfd7f7f53 <unknown>\nE       #3 0x560dfd7f8041 <unknown>\nE       #4 0x560dfd8332a4 <unknown>\nE       #5 0x560dfd818a5d <unknown>\nE       #6 0x560dfd830d09 <unknown>\nE       #7 0x560dfd818803 <unknown>\nE       #8 0x560dfd7ec68b <unknown>\nE       #9 0x560dfd7ed42e <unknown>\nE       #10 0x560dfda4ec28 <unknown>\nE       #11 0x560dfda52af7 <unknown>\nE       #12 0x560dfda5d01c <unknown>\nE       #13 0x560dfda53723 <unknown>\nE       #14 0x560dfda22457 <unknown>\nE       #15 0x560dfda77628 <unknown>\nE       #16 0x560dfda777b7 <unknown>\nE       #17 0x560dfda86483 <unknown>\nE       #18 0x7fe1dd248b43 <unknown>\n\n/opt/hostedtoolcache/Python/3.11.4/x64/lib/python3.11/site-packages/selenium/webdriver/support/wait.py:95: TimeoutException",
    "steps" : [ {
      "name" : "Check Captcha image is visible",
      "time" : {
        "start" : 1692492334098,
        "stop" : 1692492339228,
        "duration" : 5130
      },
      "status" : "broken",
      "statusMessage" : "selenium.common.exceptions.TimeoutException: Message: \nStacktrace:\n#0 0x560dfda8d613 <unknown>\n#1 0x560dfd7b9537 <unknown>\n#2 0x560dfd7f7f53 <unknown>\n#3 0x560dfd7f8041 <unknown>\n#4 0x560dfd8332a4 <unknown>\n#5 0x560dfd818a5d <unknown>\n#6 0x560dfd830d09 <unknown>\n#7 0x560dfd818803 <unknown>\n#8 0x560dfd7ec68b <unknown>\n#9 0x560dfd7ed42e <unknown>\n#10 0x560dfda4ec28 <unknown>\n#11 0x560dfda52af7 <unknown>\n#12 0x560dfda5d01c <unknown>\n#13 0x560dfda53723 <unknown>\n#14 0x560dfda22457 <unknown>\n#15 0x560dfda77628 <unknown>\n#16 0x560dfda777b7 <unknown>\n#17 0x560dfda86483 <unknown>\n#18 0x7fe1dd248b43 <unknown>\n\n",
      "statusTrace" : "  File \"/opt/hostedtoolcache/Python/3.11.4/x64/lib/python3.11/site-packages/allure_commons/_allure.py\", line 192, in impl\n    return func(*a, **kw)\n           ^^^^^^^^^^^^^^\n  File \"/home/runner/work/luma_project/luma_project/pages/forgot_your_password_page.py\", line 109, in check_captcha_image_is_visible\n    return self.element_is_visible(self.locators.RELOAD_CAPTCHA_IMAGE)\n           ^^^^^^^^^^^^^^^^^^^^^^^^^^^^^^^^^^^^^^^^^^^^^^^^^^^^^^^^^^^\n  File \"/opt/hostedtoolcache/Python/3.11.4/x64/lib/python3.11/site-packages/allure_commons/_allure.py\", line 192, in impl\n    return func(*a, **kw)\n           ^^^^^^^^^^^^^^\n  File \"/home/runner/work/luma_project/luma_project/pages/base_page.py\", line 29, in element_is_visible\n    self.go_to_element(self.element_is_present(locator))\n                       ^^^^^^^^^^^^^^^^^^^^^^^^^^^^^^^^\n  File \"/opt/hostedtoolcache/Python/3.11.4/x64/lib/python3.11/site-packages/allure_commons/_allure.py\", line 192, in impl\n    return func(*a, **kw)\n           ^^^^^^^^^^^^^^\n  File \"/home/runner/work/luma_project/luma_project/pages/base_page.py\", line 50, in element_is_present\n    return wait(self.driver, timeout).until(EC.presence_of_element_located(locator))\n           ^^^^^^^^^^^^^^^^^^^^^^^^^^^^^^^^^^^^^^^^^^^^^^^^^^^^^^^^^^^^^^^^^^^^^^^^^\n  File \"/opt/hostedtoolcache/Python/3.11.4/x64/lib/python3.11/site-packages/selenium/webdriver/support/wait.py\", line 95, in until\n    raise TimeoutException(message, screen, stacktrace)\n",
      "steps" : [ {
        "name" : "Find a visible element",
        "time" : {
          "start" : 1692492334098,
          "stop" : 1692492339228,
          "duration" : 5130
        },
        "status" : "broken",
        "statusMessage" : "selenium.common.exceptions.TimeoutException: Message: \nStacktrace:\n#0 0x560dfda8d613 <unknown>\n#1 0x560dfd7b9537 <unknown>\n#2 0x560dfd7f7f53 <unknown>\n#3 0x560dfd7f8041 <unknown>\n#4 0x560dfd8332a4 <unknown>\n#5 0x560dfd818a5d <unknown>\n#6 0x560dfd830d09 <unknown>\n#7 0x560dfd818803 <unknown>\n#8 0x560dfd7ec68b <unknown>\n#9 0x560dfd7ed42e <unknown>\n#10 0x560dfda4ec28 <unknown>\n#11 0x560dfda52af7 <unknown>\n#12 0x560dfda5d01c <unknown>\n#13 0x560dfda53723 <unknown>\n#14 0x560dfda22457 <unknown>\n#15 0x560dfda77628 <unknown>\n#16 0x560dfda777b7 <unknown>\n#17 0x560dfda86483 <unknown>\n#18 0x7fe1dd248b43 <unknown>\n\n",
        "statusTrace" : "  File \"/opt/hostedtoolcache/Python/3.11.4/x64/lib/python3.11/site-packages/allure_commons/_allure.py\", line 192, in impl\n    return func(*a, **kw)\n           ^^^^^^^^^^^^^^\n  File \"/home/runner/work/luma_project/luma_project/pages/base_page.py\", line 29, in element_is_visible\n    self.go_to_element(self.element_is_present(locator))\n                       ^^^^^^^^^^^^^^^^^^^^^^^^^^^^^^^^\n  File \"/opt/hostedtoolcache/Python/3.11.4/x64/lib/python3.11/site-packages/allure_commons/_allure.py\", line 192, in impl\n    return func(*a, **kw)\n           ^^^^^^^^^^^^^^\n  File \"/home/runner/work/luma_project/luma_project/pages/base_page.py\", line 50, in element_is_present\n    return wait(self.driver, timeout).until(EC.presence_of_element_located(locator))\n           ^^^^^^^^^^^^^^^^^^^^^^^^^^^^^^^^^^^^^^^^^^^^^^^^^^^^^^^^^^^^^^^^^^^^^^^^^\n  File \"/opt/hostedtoolcache/Python/3.11.4/x64/lib/python3.11/site-packages/selenium/webdriver/support/wait.py\", line 95, in until\n    raise TimeoutException(message, screen, stacktrace)\n",
        "steps" : [ {
          "name" : "Find a present element",
          "time" : {
            "start" : 1692492334098,
            "stop" : 1692492339227,
            "duration" : 5129
          },
          "status" : "broken",
          "statusMessage" : "selenium.common.exceptions.TimeoutException: Message: \nStacktrace:\n#0 0x560dfda8d613 <unknown>\n#1 0x560dfd7b9537 <unknown>\n#2 0x560dfd7f7f53 <unknown>\n#3 0x560dfd7f8041 <unknown>\n#4 0x560dfd8332a4 <unknown>\n#5 0x560dfd818a5d <unknown>\n#6 0x560dfd830d09 <unknown>\n#7 0x560dfd818803 <unknown>\n#8 0x560dfd7ec68b <unknown>\n#9 0x560dfd7ed42e <unknown>\n#10 0x560dfda4ec28 <unknown>\n#11 0x560dfda52af7 <unknown>\n#12 0x560dfda5d01c <unknown>\n#13 0x560dfda53723 <unknown>\n#14 0x560dfda22457 <unknown>\n#15 0x560dfda77628 <unknown>\n#16 0x560dfda777b7 <unknown>\n#17 0x560dfda86483 <unknown>\n#18 0x7fe1dd248b43 <unknown>\n\n",
          "statusTrace" : "  File \"/opt/hostedtoolcache/Python/3.11.4/x64/lib/python3.11/site-packages/allure_commons/_allure.py\", line 192, in impl\n    return func(*a, **kw)\n           ^^^^^^^^^^^^^^\n  File \"/home/runner/work/luma_project/luma_project/pages/base_page.py\", line 50, in element_is_present\n    return wait(self.driver, timeout).until(EC.presence_of_element_located(locator))\n           ^^^^^^^^^^^^^^^^^^^^^^^^^^^^^^^^^^^^^^^^^^^^^^^^^^^^^^^^^^^^^^^^^^^^^^^^^\n  File \"/opt/hostedtoolcache/Python/3.11.4/x64/lib/python3.11/site-packages/selenium/webdriver/support/wait.py\", line 95, in until\n    raise TimeoutException(message, screen, stacktrace)\n",
          "steps" : [ ],
          "attachments" : [ ],
          "parameters" : [ {
            "name" : "locator",
            "value" : "('xpath', '//img[@class=\"captcha-img\"]')"
          }, {
            "name" : "timeout",
            "value" : "5"
          } ],
          "stepsCount" : 0,
          "attachmentsCount" : 0,
          "shouldDisplayMessage" : true,
          "hasContent" : true
        } ],
        "attachments" : [ ],
        "parameters" : [ {
          "name" : "locator",
          "value" : "('xpath', '//img[@class=\"captcha-img\"]')"
        }, {
          "name" : "timeout",
          "value" : "10"
        } ],
        "stepsCount" : 1,
        "attachmentsCount" : 0,
        "shouldDisplayMessage" : false,
        "hasContent" : true
      } ],
      "attachments" : [ ],
      "parameters" : [ ],
      "stepsCount" : 2,
      "attachmentsCount" : 0,
      "shouldDisplayMessage" : false,
      "hasContent" : true
    } ],
    "attachments" : [ {
      "uid" : "54c8e4ea21b1625d",
      "name" : "Screenshot",
      "source" : "54c8e4ea21b1625d.png",
      "type" : "image/png",
      "size" : 65941
    }, {
      "uid" : "1ff20c2b965a55ec",
      "name" : "HTML source",
      "source" : "1ff20c2b965a55ec.html",
      "type" : "text/html",
      "size" : 77958
    } ],
    "parameters" : [ ],
    "stepsCount" : 3,
    "attachmentsCount" : 2,
    "shouldDisplayMessage" : true,
    "hasContent" : true
  },
  "afterStages" : [ {
    "name" : "clear_allure_result_folder::0",
    "time" : {
      "start" : 1692493453684,
      "stop" : 1692493453684,
      "duration" : 0
    },
    "status" : "passed",
    "steps" : [ ],
    "attachments" : [ ],
    "parameters" : [ ],
    "stepsCount" : 0,
    "attachmentsCount" : 0,
    "shouldDisplayMessage" : false,
    "hasContent" : false
  }, {
    "name" : "driver::0",
    "time" : {
      "start" : 1692492339405,
      "stop" : 1692492339468,
      "duration" : 63
    },
    "status" : "passed",
    "steps" : [ ],
    "attachments" : [ ],
    "parameters" : [ ],
    "stepsCount" : 0,
    "attachmentsCount" : 0,
    "shouldDisplayMessage" : false,
    "hasContent" : false
  } ],
  "labels" : [ {
    "name" : "epic",
    "value" : "Forgot Your Password Page"
  }, {
    "name" : "parentSuite",
    "value" : "tests"
  }, {
    "name" : "suite",
    "value" : "test_forgot_your_password"
  }, {
    "name" : "subSuite",
    "value" : "TestForgotYourPassword"
  }, {
    "name" : "host",
    "value" : "fv-az626-196"
  }, {
    "name" : "thread",
    "value" : "3314-MainThread"
  }, {
    "name" : "framework",
    "value" : "pytest"
  }, {
    "name" : "language",
    "value" : "cpython3"
  }, {
    "name" : "package",
    "value" : "tests.test_forgot_your_password"
  }, {
    "name" : "resultFormat",
    "value" : "allure2"
  } ],
  "parameters" : [ ],
  "links" : [ ],
  "hidden" : false,
  "retry" : false,
  "extra" : {
    "severity" : "normal",
    "retries" : [ ],
    "categories" : [ {
      "name" : "Test defects",
      "matchedStatuses" : [ ],
      "flaky" : false
    } ],
    "tags" : [ ]
  },
  "source" : "166af77b1668b1d3.json",
  "parameterValues" : [ ]
}