{
  "uid" : "1754d1834a6c3184",
  "name" : "TC 04_01_09 Verify checkbox is present and unchecked",
  "fullName" : "tests.test_create_an_account.TestCreateAnAccount#test_04_01_09_sign_up_for_letters_checkbox",
  "historyId" : "642467d3c5da0c3e31a9a245e10a30c4",
  "time" : {
    "start" : 1693701555766,
    "stop" : 1693701560904,
    "duration" : 5138
  },
  "description" : " Verify that checkbox is present and unchecked",
  "descriptionHtml" : "<p>Verify that checkbox is present and unchecked</p>\n",
  "status" : "broken",
  "statusMessage" : "selenium.common.exceptions.TimeoutException: Message: \nStacktrace:\n#0 0x555764aeae23 <unknown>\n#1 0x5557648137a7 <unknown>\n#2 0x5557648521d3 <unknown>\n#3 0x5557648522c1 <unknown>\n#4 0x55576488da04 <unknown>\n#5 0x55576487303d <unknown>\n#6 0x55576488b369 <unknown>\n#7 0x555764872de3 <unknown>\n#8 0x555764846a7b <unknown>\n#9 0x55576484781e <unknown>\n#10 0x555764aac638 <unknown>\n#11 0x555764ab0507 <unknown>\n#12 0x555764abac4c <unknown>\n#13 0x555764ab1136 <unknown>\n#14 0x555764a7f9cf <unknown>\n#15 0x555764ad4b98 <unknown>\n#16 0x555764ad4d68 <unknown>\n#17 0x555764ae3cb3 <unknown>\n#18 0x7efd1b46eb43 <unknown>",
  "statusTrace" : "self = <test_create_an_account.TestCreateAnAccount object at 0x7fb620da4bd0>\ncreate_account_page = <pages.create_an_account_page.CreateAccountPage object at 0x7fb6205f6710>\n\n    @allure.title('TC 04_01_09 Verify checkbox is present and unchecked')\n    def test_04_01_09_sign_up_for_letters_checkbox(self, create_account_page):\n        \"\"\" Verify that checkbox is present and unchecked\"\"\"\n>       sign_up_checkbox = create_account_page.check_sign_up_checkbox_label()\n\ntests/test_create_an_account.py:79: \n_ _ _ _ _ _ _ _ _ _ _ _ _ _ _ _ _ _ _ _ _ _ _ _ _ _ _ _ _ _ _ _ _ _ _ _ _ _ _ _ \npages/create_an_account_page.py:224: in check_sign_up_checkbox_label\n    return self.element_is_visible(self.locators.SIGN_UP_CHECKBOX_LABEL)\npages/base_page.py:29: in element_is_visible\n    self.go_to_element(self.element_is_present(locator))\npages/base_page.py:50: in element_is_present\n    return wait(self.driver, timeout).until(EC.presence_of_element_located(locator))\n_ _ _ _ _ _ _ _ _ _ _ _ _ _ _ _ _ _ _ _ _ _ _ _ _ _ _ _ _ _ _ _ _ _ _ _ _ _ _ _ \n\nself = <selenium.webdriver.support.wait.WebDriverWait (session=\"9c5b717ea768e4ddae34838cb50dcbfc\")>\nmethod = <function presence_of_element_located.<locals>._predicate at 0x7fb61ee8d620>\nmessage = ''\n\n    def until(self, method, message: str = \"\"):\n        \"\"\"Calls the method provided with the driver as an argument until the \\\n        return value does not evaluate to ``False``.\n    \n        :param method: callable(WebDriver)\n        :param message: optional message for :exc:`TimeoutException`\n        :returns: the result of the last call to `method`\n        :raises: :exc:`selenium.common.exceptions.TimeoutException` if timeout occurs\n        \"\"\"\n        screen = None\n        stacktrace = None\n    \n        end_time = time.monotonic() + self._timeout\n        while True:\n            try:\n                value = method(self._driver)\n                if value:\n                    return value\n            except self._ignored_exceptions as exc:\n                screen = getattr(exc, \"screen\", None)\n                stacktrace = getattr(exc, \"stacktrace\", None)\n            time.sleep(self._poll)\n            if time.monotonic() > end_time:\n                break\n>       raise TimeoutException(message, screen, stacktrace)\nE       selenium.common.exceptions.TimeoutException: Message: \nE       Stacktrace:\nE       #0 0x555764aeae23 <unknown>\nE       #1 0x5557648137a7 <unknown>\nE       #2 0x5557648521d3 <unknown>\nE       #3 0x5557648522c1 <unknown>\nE       #4 0x55576488da04 <unknown>\nE       #5 0x55576487303d <unknown>\nE       #6 0x55576488b369 <unknown>\nE       #7 0x555764872de3 <unknown>\nE       #8 0x555764846a7b <unknown>\nE       #9 0x55576484781e <unknown>\nE       #10 0x555764aac638 <unknown>\nE       #11 0x555764ab0507 <unknown>\nE       #12 0x555764abac4c <unknown>\nE       #13 0x555764ab1136 <unknown>\nE       #14 0x555764a7f9cf <unknown>\nE       #15 0x555764ad4b98 <unknown>\nE       #16 0x555764ad4d68 <unknown>\nE       #17 0x555764ae3cb3 <unknown>\nE       #18 0x7efd1b46eb43 <unknown>\n\n/opt/hostedtoolcache/Python/3.11.4/x64/lib/python3.11/site-packages/selenium/webdriver/support/wait.py:95: TimeoutException",
  "flaky" : false,
  "newFailed" : false,
  "beforeStages" : [ {
    "name" : "_session_faker",
    "time" : {
      "start" : 1693701529698,
      "stop" : 1693701529791,
      "duration" : 93
    },
    "status" : "passed",
    "steps" : [ ],
    "attachments" : [ ],
    "parameters" : [ ],
    "stepsCount" : 0,
    "attachmentsCount" : 0,
    "shouldDisplayMessage" : false,
    "hasContent" : false
  }, {
    "name" : "driver",
    "time" : {
      "start" : 1693701553629,
      "stop" : 1693701554725,
      "duration" : 1096
    },
    "status" : "passed",
    "steps" : [ ],
    "attachments" : [ ],
    "parameters" : [ ],
    "stepsCount" : 0,
    "attachmentsCount" : 0,
    "shouldDisplayMessage" : false,
    "hasContent" : false
  }, {
    "name" : "clear_allure_result_folder",
    "time" : {
      "start" : 1693701529791,
      "stop" : 1693701529792,
      "duration" : 1
    },
    "status" : "passed",
    "steps" : [ ],
    "attachments" : [ ],
    "parameters" : [ ],
    "stepsCount" : 0,
    "attachmentsCount" : 0,
    "shouldDisplayMessage" : false,
    "hasContent" : false
  }, {
    "name" : "create_account_page",
    "time" : {
      "start" : 1693701554725,
      "stop" : 1693701555766,
      "duration" : 1041
    },
    "status" : "passed",
    "steps" : [ {
      "name" : "Open a browser",
      "time" : {
        "start" : 1693701554725,
        "stop" : 1693701555766,
        "duration" : 1041
      },
      "status" : "passed",
      "steps" : [ ],
      "attachments" : [ ],
      "parameters" : [ ],
      "stepsCount" : 0,
      "attachmentsCount" : 0,
      "shouldDisplayMessage" : false,
      "hasContent" : false
    } ],
    "attachments" : [ ],
    "parameters" : [ ],
    "stepsCount" : 1,
    "attachmentsCount" : 0,
    "shouldDisplayMessage" : false,
    "hasContent" : true
  } ],
  "testStage" : {
    "description" : " Verify that checkbox is present and unchecked",
    "status" : "broken",
    "statusMessage" : "selenium.common.exceptions.TimeoutException: Message: \nStacktrace:\n#0 0x555764aeae23 <unknown>\n#1 0x5557648137a7 <unknown>\n#2 0x5557648521d3 <unknown>\n#3 0x5557648522c1 <unknown>\n#4 0x55576488da04 <unknown>\n#5 0x55576487303d <unknown>\n#6 0x55576488b369 <unknown>\n#7 0x555764872de3 <unknown>\n#8 0x555764846a7b <unknown>\n#9 0x55576484781e <unknown>\n#10 0x555764aac638 <unknown>\n#11 0x555764ab0507 <unknown>\n#12 0x555764abac4c <unknown>\n#13 0x555764ab1136 <unknown>\n#14 0x555764a7f9cf <unknown>\n#15 0x555764ad4b98 <unknown>\n#16 0x555764ad4d68 <unknown>\n#17 0x555764ae3cb3 <unknown>\n#18 0x7efd1b46eb43 <unknown>",
    "statusTrace" : "self = <test_create_an_account.TestCreateAnAccount object at 0x7fb620da4bd0>\ncreate_account_page = <pages.create_an_account_page.CreateAccountPage object at 0x7fb6205f6710>\n\n    @allure.title('TC 04_01_09 Verify checkbox is present and unchecked')\n    def test_04_01_09_sign_up_for_letters_checkbox(self, create_account_page):\n        \"\"\" Verify that checkbox is present and unchecked\"\"\"\n>       sign_up_checkbox = create_account_page.check_sign_up_checkbox_label()\n\ntests/test_create_an_account.py:79: \n_ _ _ _ _ _ _ _ _ _ _ _ _ _ _ _ _ _ _ _ _ _ _ _ _ _ _ _ _ _ _ _ _ _ _ _ _ _ _ _ \npages/create_an_account_page.py:224: in check_sign_up_checkbox_label\n    return self.element_is_visible(self.locators.SIGN_UP_CHECKBOX_LABEL)\npages/base_page.py:29: in element_is_visible\n    self.go_to_element(self.element_is_present(locator))\npages/base_page.py:50: in element_is_present\n    return wait(self.driver, timeout).until(EC.presence_of_element_located(locator))\n_ _ _ _ _ _ _ _ _ _ _ _ _ _ _ _ _ _ _ _ _ _ _ _ _ _ _ _ _ _ _ _ _ _ _ _ _ _ _ _ \n\nself = <selenium.webdriver.support.wait.WebDriverWait (session=\"9c5b717ea768e4ddae34838cb50dcbfc\")>\nmethod = <function presence_of_element_located.<locals>._predicate at 0x7fb61ee8d620>\nmessage = ''\n\n    def until(self, method, message: str = \"\"):\n        \"\"\"Calls the method provided with the driver as an argument until the \\\n        return value does not evaluate to ``False``.\n    \n        :param method: callable(WebDriver)\n        :param message: optional message for :exc:`TimeoutException`\n        :returns: the result of the last call to `method`\n        :raises: :exc:`selenium.common.exceptions.TimeoutException` if timeout occurs\n        \"\"\"\n        screen = None\n        stacktrace = None\n    \n        end_time = time.monotonic() + self._timeout\n        while True:\n            try:\n                value = method(self._driver)\n                if value:\n                    return value\n            except self._ignored_exceptions as exc:\n                screen = getattr(exc, \"screen\", None)\n                stacktrace = getattr(exc, \"stacktrace\", None)\n            time.sleep(self._poll)\n            if time.monotonic() > end_time:\n                break\n>       raise TimeoutException(message, screen, stacktrace)\nE       selenium.common.exceptions.TimeoutException: Message: \nE       Stacktrace:\nE       #0 0x555764aeae23 <unknown>\nE       #1 0x5557648137a7 <unknown>\nE       #2 0x5557648521d3 <unknown>\nE       #3 0x5557648522c1 <unknown>\nE       #4 0x55576488da04 <unknown>\nE       #5 0x55576487303d <unknown>\nE       #6 0x55576488b369 <unknown>\nE       #7 0x555764872de3 <unknown>\nE       #8 0x555764846a7b <unknown>\nE       #9 0x55576484781e <unknown>\nE       #10 0x555764aac638 <unknown>\nE       #11 0x555764ab0507 <unknown>\nE       #12 0x555764abac4c <unknown>\nE       #13 0x555764ab1136 <unknown>\nE       #14 0x555764a7f9cf <unknown>\nE       #15 0x555764ad4b98 <unknown>\nE       #16 0x555764ad4d68 <unknown>\nE       #17 0x555764ae3cb3 <unknown>\nE       #18 0x7efd1b46eb43 <unknown>\n\n/opt/hostedtoolcache/Python/3.11.4/x64/lib/python3.11/site-packages/selenium/webdriver/support/wait.py:95: TimeoutException",
    "steps" : [ {
      "name" : "Check Sign Up checkbox label is visible",
      "time" : {
        "start" : 1693701555766,
        "stop" : 1693701560904,
        "duration" : 5138
      },
      "status" : "broken",
      "statusMessage" : "selenium.common.exceptions.TimeoutException: Message: \nStacktrace:\n#0 0x555764aeae23 <unknown>\n#1 0x5557648137a7 <unknown>\n#2 0x5557648521d3 <unknown>\n#3 0x5557648522c1 <unknown>\n#4 0x55576488da04 <unknown>\n#5 0x55576487303d <unknown>\n#6 0x55576488b369 <unknown>\n#7 0x555764872de3 <unknown>\n#8 0x555764846a7b <unknown>\n#9 0x55576484781e <unknown>\n#10 0x555764aac638 <unknown>\n#11 0x555764ab0507 <unknown>\n#12 0x555764abac4c <unknown>\n#13 0x555764ab1136 <unknown>\n#14 0x555764a7f9cf <unknown>\n#15 0x555764ad4b98 <unknown>\n#16 0x555764ad4d68 <unknown>\n#17 0x555764ae3cb3 <unknown>\n#18 0x7efd1b46eb43 <unknown>\n\n",
      "statusTrace" : "  File \"/opt/hostedtoolcache/Python/3.11.4/x64/lib/python3.11/site-packages/allure_commons/_allure.py\", line 192, in impl\n    return func(*a, **kw)\n           ^^^^^^^^^^^^^^\n  File \"/home/runner/work/luma_project/luma_project/pages/create_an_account_page.py\", line 224, in check_sign_up_checkbox_label\n    return self.element_is_visible(self.locators.SIGN_UP_CHECKBOX_LABEL)\n           ^^^^^^^^^^^^^^^^^^^^^^^^^^^^^^^^^^^^^^^^^^^^^^^^^^^^^^^^^^^^^\n  File \"/opt/hostedtoolcache/Python/3.11.4/x64/lib/python3.11/site-packages/allure_commons/_allure.py\", line 192, in impl\n    return func(*a, **kw)\n           ^^^^^^^^^^^^^^\n  File \"/home/runner/work/luma_project/luma_project/pages/base_page.py\", line 29, in element_is_visible\n    self.go_to_element(self.element_is_present(locator))\n                       ^^^^^^^^^^^^^^^^^^^^^^^^^^^^^^^^\n  File \"/opt/hostedtoolcache/Python/3.11.4/x64/lib/python3.11/site-packages/allure_commons/_allure.py\", line 192, in impl\n    return func(*a, **kw)\n           ^^^^^^^^^^^^^^\n  File \"/home/runner/work/luma_project/luma_project/pages/base_page.py\", line 50, in element_is_present\n    return wait(self.driver, timeout).until(EC.presence_of_element_located(locator))\n           ^^^^^^^^^^^^^^^^^^^^^^^^^^^^^^^^^^^^^^^^^^^^^^^^^^^^^^^^^^^^^^^^^^^^^^^^^\n  File \"/opt/hostedtoolcache/Python/3.11.4/x64/lib/python3.11/site-packages/selenium/webdriver/support/wait.py\", line 95, in until\n    raise TimeoutException(message, screen, stacktrace)\n",
      "steps" : [ {
        "name" : "Find a visible element",
        "time" : {
          "start" : 1693701555766,
          "stop" : 1693701560903,
          "duration" : 5137
        },
        "status" : "broken",
        "statusMessage" : "selenium.common.exceptions.TimeoutException: Message: \nStacktrace:\n#0 0x555764aeae23 <unknown>\n#1 0x5557648137a7 <unknown>\n#2 0x5557648521d3 <unknown>\n#3 0x5557648522c1 <unknown>\n#4 0x55576488da04 <unknown>\n#5 0x55576487303d <unknown>\n#6 0x55576488b369 <unknown>\n#7 0x555764872de3 <unknown>\n#8 0x555764846a7b <unknown>\n#9 0x55576484781e <unknown>\n#10 0x555764aac638 <unknown>\n#11 0x555764ab0507 <unknown>\n#12 0x555764abac4c <unknown>\n#13 0x555764ab1136 <unknown>\n#14 0x555764a7f9cf <unknown>\n#15 0x555764ad4b98 <unknown>\n#16 0x555764ad4d68 <unknown>\n#17 0x555764ae3cb3 <unknown>\n#18 0x7efd1b46eb43 <unknown>\n\n",
        "statusTrace" : "  File \"/opt/hostedtoolcache/Python/3.11.4/x64/lib/python3.11/site-packages/allure_commons/_allure.py\", line 192, in impl\n    return func(*a, **kw)\n           ^^^^^^^^^^^^^^\n  File \"/home/runner/work/luma_project/luma_project/pages/base_page.py\", line 29, in element_is_visible\n    self.go_to_element(self.element_is_present(locator))\n                       ^^^^^^^^^^^^^^^^^^^^^^^^^^^^^^^^\n  File \"/opt/hostedtoolcache/Python/3.11.4/x64/lib/python3.11/site-packages/allure_commons/_allure.py\", line 192, in impl\n    return func(*a, **kw)\n           ^^^^^^^^^^^^^^\n  File \"/home/runner/work/luma_project/luma_project/pages/base_page.py\", line 50, in element_is_present\n    return wait(self.driver, timeout).until(EC.presence_of_element_located(locator))\n           ^^^^^^^^^^^^^^^^^^^^^^^^^^^^^^^^^^^^^^^^^^^^^^^^^^^^^^^^^^^^^^^^^^^^^^^^^\n  File \"/opt/hostedtoolcache/Python/3.11.4/x64/lib/python3.11/site-packages/selenium/webdriver/support/wait.py\", line 95, in until\n    raise TimeoutException(message, screen, stacktrace)\n",
        "steps" : [ {
          "name" : "Find a present element",
          "time" : {
            "start" : 1693701555766,
            "stop" : 1693701560902,
            "duration" : 5136
          },
          "status" : "broken",
          "statusMessage" : "selenium.common.exceptions.TimeoutException: Message: \nStacktrace:\n#0 0x555764aeae23 <unknown>\n#1 0x5557648137a7 <unknown>\n#2 0x5557648521d3 <unknown>\n#3 0x5557648522c1 <unknown>\n#4 0x55576488da04 <unknown>\n#5 0x55576487303d <unknown>\n#6 0x55576488b369 <unknown>\n#7 0x555764872de3 <unknown>\n#8 0x555764846a7b <unknown>\n#9 0x55576484781e <unknown>\n#10 0x555764aac638 <unknown>\n#11 0x555764ab0507 <unknown>\n#12 0x555764abac4c <unknown>\n#13 0x555764ab1136 <unknown>\n#14 0x555764a7f9cf <unknown>\n#15 0x555764ad4b98 <unknown>\n#16 0x555764ad4d68 <unknown>\n#17 0x555764ae3cb3 <unknown>\n#18 0x7efd1b46eb43 <unknown>\n\n",
          "statusTrace" : "  File \"/opt/hostedtoolcache/Python/3.11.4/x64/lib/python3.11/site-packages/allure_commons/_allure.py\", line 192, in impl\n    return func(*a, **kw)\n           ^^^^^^^^^^^^^^\n  File \"/home/runner/work/luma_project/luma_project/pages/base_page.py\", line 50, in element_is_present\n    return wait(self.driver, timeout).until(EC.presence_of_element_located(locator))\n           ^^^^^^^^^^^^^^^^^^^^^^^^^^^^^^^^^^^^^^^^^^^^^^^^^^^^^^^^^^^^^^^^^^^^^^^^^\n  File \"/opt/hostedtoolcache/Python/3.11.4/x64/lib/python3.11/site-packages/selenium/webdriver/support/wait.py\", line 95, in until\n    raise TimeoutException(message, screen, stacktrace)\n",
          "steps" : [ ],
          "attachments" : [ ],
          "parameters" : [ {
            "name" : "locator",
            "value" : "('css selector', \"label[for='is_subscribed']\")"
          }, {
            "name" : "timeout",
            "value" : "5"
          } ],
          "stepsCount" : 0,
          "attachmentsCount" : 0,
          "shouldDisplayMessage" : true,
          "hasContent" : true
        } ],
        "attachments" : [ ],
        "parameters" : [ {
          "name" : "locator",
          "value" : "('css selector', \"label[for='is_subscribed']\")"
        }, {
          "name" : "timeout",
          "value" : "10"
        } ],
        "stepsCount" : 1,
        "attachmentsCount" : 0,
        "shouldDisplayMessage" : false,
        "hasContent" : true
      } ],
      "attachments" : [ ],
      "parameters" : [ ],
      "stepsCount" : 2,
      "attachmentsCount" : 0,
      "shouldDisplayMessage" : false,
      "hasContent" : true
    } ],
    "attachments" : [ {
      "uid" : "32226866bdb08558",
      "name" : "Screenshot",
      "source" : "32226866bdb08558.png",
      "type" : "image/png",
      "size" : 61840
    }, {
      "uid" : "a826673a6bb5610b",
      "name" : "HTML source",
      "source" : "a826673a6bb5610b.html",
      "type" : "text/html",
      "size" : 81218
    } ],
    "parameters" : [ ],
    "stepsCount" : 3,
    "attachmentsCount" : 2,
    "shouldDisplayMessage" : true,
    "hasContent" : true
  },
  "afterStages" : [ {
    "name" : "driver::0",
    "time" : {
      "start" : 1693701561113,
      "stop" : 1693701561176,
      "duration" : 63
    },
    "status" : "passed",
    "steps" : [ ],
    "attachments" : [ ],
    "parameters" : [ ],
    "stepsCount" : 0,
    "attachmentsCount" : 0,
    "shouldDisplayMessage" : false,
    "hasContent" : false
  }, {
    "name" : "clear_allure_result_folder::0",
    "time" : {
      "start" : 1693703036260,
      "stop" : 1693703036260,
      "duration" : 0
    },
    "status" : "passed",
    "steps" : [ ],
    "attachments" : [ ],
    "parameters" : [ ],
    "stepsCount" : 0,
    "attachmentsCount" : 0,
    "shouldDisplayMessage" : false,
    "hasContent" : false
  } ],
  "labels" : [ {
    "name" : "epic",
    "value" : "Create An Account"
  }, {
    "name" : "parentSuite",
    "value" : "tests"
  }, {
    "name" : "suite",
    "value" : "test_create_an_account"
  }, {
    "name" : "subSuite",
    "value" : "TestCreateAnAccount"
  }, {
    "name" : "host",
    "value" : "fv-az448-717"
  }, {
    "name" : "thread",
    "value" : "2920-MainThread"
  }, {
    "name" : "framework",
    "value" : "pytest"
  }, {
    "name" : "language",
    "value" : "cpython3"
  }, {
    "name" : "package",
    "value" : "tests.test_create_an_account"
  }, {
    "name" : "resultFormat",
    "value" : "allure2"
  } ],
  "parameters" : [ ],
  "links" : [ ],
  "hidden" : false,
  "retry" : false,
  "extra" : {
    "severity" : "normal",
    "retries" : [ ],
    "categories" : [ {
      "name" : "Test defects",
      "matchedStatuses" : [ ],
      "flaky" : false
    } ],
    "tags" : [ ]
  },
  "source" : "1754d1834a6c3184.json",
  "parameterValues" : [ ]
}