{
  "uid" : "1a05d3f34aad5df1",
  "name" : "TC 17.01.17 Verify captcha image is present by default",
  "fullName" : "tests.test_forgot_your_password.TestForgotYourPassword#test_17_01_17_captcha_image_is_displayed",
  "historyId" : "20eee1dd441b6fd3a44d298e65fa59d2",
  "time" : {
    "start" : 1694911568601,
    "stop" : 1694911573729,
    "duration" : 5128
  },
  "description" : "Check that the captcha image is present by default",
  "descriptionHtml" : "<p>Check that the captcha image is present by default</p>\n",
  "status" : "broken",
  "statusMessage" : "selenium.common.exceptions.TimeoutException: Message: \nStacktrace:\n#0 0x5572aaddce23 <unknown>\n#1 0x5572aab057a7 <unknown>\n#2 0x5572aab441d3 <unknown>\n#3 0x5572aab442c1 <unknown>\n#4 0x5572aab7fa04 <unknown>\n#5 0x5572aab6503d <unknown>\n#6 0x5572aab7d369 <unknown>\n#7 0x5572aab64de3 <unknown>\n#8 0x5572aab38a7b <unknown>\n#9 0x5572aab3981e <unknown>\n#10 0x5572aad9e638 <unknown>\n#11 0x5572aada2507 <unknown>\n#12 0x5572aadacc4c <unknown>\n#13 0x5572aada3136 <unknown>\n#14 0x5572aad719cf <unknown>\n#15 0x5572aadc6b98 <unknown>\n#16 0x5572aadc6d68 <unknown>\n#17 0x5572aadd5cb3 <unknown>\n#18 0x7fe0f9694b43 <unknown>",
  "statusTrace" : "self = <test_forgot_your_password.TestForgotYourPassword object at 0x7feba792ac10>\ndriver = <selenium.webdriver.chrome.webdriver.WebDriver (session=\"97e8a1f9eaf8db5527bedb70002749b4\")>\nforgot_psw_page = <pages.forgot_your_password_page.ForgotYourPasswordPage object at 0x7feba85dadd0>\n\n    @allure.title('TC 17.01.17 Verify captcha image is present by default')\n    def test_17_01_17_captcha_image_is_displayed(self, driver, forgot_psw_page):\n        \"\"\"Check that the captcha image is present by default\"\"\"\n>       captcha_image = forgot_psw_page.check_captcha_image_is_visible()\n\ntests/test_forgot_your_password.py:153: \n_ _ _ _ _ _ _ _ _ _ _ _ _ _ _ _ _ _ _ _ _ _ _ _ _ _ _ _ _ _ _ _ _ _ _ _ _ _ _ _ \npages/forgot_your_password_page.py:109: in check_captcha_image_is_visible\n    return self.element_is_visible(self.locators.RELOAD_CAPTCHA_IMAGE)\npages/base_page.py:29: in element_is_visible\n    self.go_to_element(self.element_is_present(locator))\npages/base_page.py:50: in element_is_present\n    return wait(self.driver, timeout).until(EC.presence_of_element_located(locator))\n_ _ _ _ _ _ _ _ _ _ _ _ _ _ _ _ _ _ _ _ _ _ _ _ _ _ _ _ _ _ _ _ _ _ _ _ _ _ _ _ \n\nself = <selenium.webdriver.support.wait.WebDriverWait (session=\"97e8a1f9eaf8db5527bedb70002749b4\")>\nmethod = <function presence_of_element_located.<locals>._predicate at 0x7feba6981bc0>\nmessage = ''\n\n    def until(self, method, message: str = \"\"):\n        \"\"\"Calls the method provided with the driver as an argument until the \\\n        return value does not evaluate to ``False``.\n    \n        :param method: callable(WebDriver)\n        :param message: optional message for :exc:`TimeoutException`\n        :returns: the result of the last call to `method`\n        :raises: :exc:`selenium.common.exceptions.TimeoutException` if timeout occurs\n        \"\"\"\n        screen = None\n        stacktrace = None\n    \n        end_time = time.monotonic() + self._timeout\n        while True:\n            try:\n                value = method(self._driver)\n                if value:\n                    return value\n            except self._ignored_exceptions as exc:\n                screen = getattr(exc, \"screen\", None)\n                stacktrace = getattr(exc, \"stacktrace\", None)\n            time.sleep(self._poll)\n            if time.monotonic() > end_time:\n                break\n>       raise TimeoutException(message, screen, stacktrace)\nE       selenium.common.exceptions.TimeoutException: Message: \nE       Stacktrace:\nE       #0 0x5572aaddce23 <unknown>\nE       #1 0x5572aab057a7 <unknown>\nE       #2 0x5572aab441d3 <unknown>\nE       #3 0x5572aab442c1 <unknown>\nE       #4 0x5572aab7fa04 <unknown>\nE       #5 0x5572aab6503d <unknown>\nE       #6 0x5572aab7d369 <unknown>\nE       #7 0x5572aab64de3 <unknown>\nE       #8 0x5572aab38a7b <unknown>\nE       #9 0x5572aab3981e <unknown>\nE       #10 0x5572aad9e638 <unknown>\nE       #11 0x5572aada2507 <unknown>\nE       #12 0x5572aadacc4c <unknown>\nE       #13 0x5572aada3136 <unknown>\nE       #14 0x5572aad719cf <unknown>\nE       #15 0x5572aadc6b98 <unknown>\nE       #16 0x5572aadc6d68 <unknown>\nE       #17 0x5572aadd5cb3 <unknown>\nE       #18 0x7fe0f9694b43 <unknown>\n\n/opt/hostedtoolcache/Python/3.11.5/x64/lib/python3.11/site-packages/selenium/webdriver/support/wait.py:95: TimeoutException",
  "flaky" : false,
  "newFailed" : false,
  "beforeStages" : [ {
    "name" : "_session_faker",
    "time" : {
      "start" : 1694911172899,
      "stop" : 1694911172978,
      "duration" : 79
    },
    "status" : "passed",
    "steps" : [ ],
    "attachments" : [ ],
    "parameters" : [ ],
    "stepsCount" : 0,
    "attachmentsCount" : 0,
    "shouldDisplayMessage" : false,
    "hasContent" : false
  }, {
    "name" : "driver",
    "time" : {
      "start" : 1694911566471,
      "stop" : 1694911567553,
      "duration" : 1082
    },
    "status" : "passed",
    "steps" : [ ],
    "attachments" : [ ],
    "parameters" : [ ],
    "stepsCount" : 0,
    "attachmentsCount" : 0,
    "shouldDisplayMessage" : false,
    "hasContent" : false
  }, {
    "name" : "clear_allure_result_folder",
    "time" : {
      "start" : 1694911172978,
      "stop" : 1694911172979,
      "duration" : 1
    },
    "status" : "passed",
    "steps" : [ ],
    "attachments" : [ ],
    "parameters" : [ ],
    "stepsCount" : 0,
    "attachmentsCount" : 0,
    "shouldDisplayMessage" : false,
    "hasContent" : false
  }, {
    "name" : "forgot_psw_page",
    "time" : {
      "start" : 1694911567553,
      "stop" : 1694911568600,
      "duration" : 1047
    },
    "status" : "passed",
    "steps" : [ {
      "name" : "Open a browser",
      "time" : {
        "start" : 1694911567553,
        "stop" : 1694911568600,
        "duration" : 1047
      },
      "status" : "passed",
      "steps" : [ ],
      "attachments" : [ ],
      "parameters" : [ ],
      "stepsCount" : 0,
      "attachmentsCount" : 0,
      "shouldDisplayMessage" : false,
      "hasContent" : false
    } ],
    "attachments" : [ ],
    "parameters" : [ ],
    "stepsCount" : 1,
    "attachmentsCount" : 0,
    "shouldDisplayMessage" : false,
    "hasContent" : true
  } ],
  "testStage" : {
    "description" : "Check that the captcha image is present by default",
    "status" : "broken",
    "statusMessage" : "selenium.common.exceptions.TimeoutException: Message: \nStacktrace:\n#0 0x5572aaddce23 <unknown>\n#1 0x5572aab057a7 <unknown>\n#2 0x5572aab441d3 <unknown>\n#3 0x5572aab442c1 <unknown>\n#4 0x5572aab7fa04 <unknown>\n#5 0x5572aab6503d <unknown>\n#6 0x5572aab7d369 <unknown>\n#7 0x5572aab64de3 <unknown>\n#8 0x5572aab38a7b <unknown>\n#9 0x5572aab3981e <unknown>\n#10 0x5572aad9e638 <unknown>\n#11 0x5572aada2507 <unknown>\n#12 0x5572aadacc4c <unknown>\n#13 0x5572aada3136 <unknown>\n#14 0x5572aad719cf <unknown>\n#15 0x5572aadc6b98 <unknown>\n#16 0x5572aadc6d68 <unknown>\n#17 0x5572aadd5cb3 <unknown>\n#18 0x7fe0f9694b43 <unknown>",
    "statusTrace" : "self = <test_forgot_your_password.TestForgotYourPassword object at 0x7feba792ac10>\ndriver = <selenium.webdriver.chrome.webdriver.WebDriver (session=\"97e8a1f9eaf8db5527bedb70002749b4\")>\nforgot_psw_page = <pages.forgot_your_password_page.ForgotYourPasswordPage object at 0x7feba85dadd0>\n\n    @allure.title('TC 17.01.17 Verify captcha image is present by default')\n    def test_17_01_17_captcha_image_is_displayed(self, driver, forgot_psw_page):\n        \"\"\"Check that the captcha image is present by default\"\"\"\n>       captcha_image = forgot_psw_page.check_captcha_image_is_visible()\n\ntests/test_forgot_your_password.py:153: \n_ _ _ _ _ _ _ _ _ _ _ _ _ _ _ _ _ _ _ _ _ _ _ _ _ _ _ _ _ _ _ _ _ _ _ _ _ _ _ _ \npages/forgot_your_password_page.py:109: in check_captcha_image_is_visible\n    return self.element_is_visible(self.locators.RELOAD_CAPTCHA_IMAGE)\npages/base_page.py:29: in element_is_visible\n    self.go_to_element(self.element_is_present(locator))\npages/base_page.py:50: in element_is_present\n    return wait(self.driver, timeout).until(EC.presence_of_element_located(locator))\n_ _ _ _ _ _ _ _ _ _ _ _ _ _ _ _ _ _ _ _ _ _ _ _ _ _ _ _ _ _ _ _ _ _ _ _ _ _ _ _ \n\nself = <selenium.webdriver.support.wait.WebDriverWait (session=\"97e8a1f9eaf8db5527bedb70002749b4\")>\nmethod = <function presence_of_element_located.<locals>._predicate at 0x7feba6981bc0>\nmessage = ''\n\n    def until(self, method, message: str = \"\"):\n        \"\"\"Calls the method provided with the driver as an argument until the \\\n        return value does not evaluate to ``False``.\n    \n        :param method: callable(WebDriver)\n        :param message: optional message for :exc:`TimeoutException`\n        :returns: the result of the last call to `method`\n        :raises: :exc:`selenium.common.exceptions.TimeoutException` if timeout occurs\n        \"\"\"\n        screen = None\n        stacktrace = None\n    \n        end_time = time.monotonic() + self._timeout\n        while True:\n            try:\n                value = method(self._driver)\n                if value:\n                    return value\n            except self._ignored_exceptions as exc:\n                screen = getattr(exc, \"screen\", None)\n                stacktrace = getattr(exc, \"stacktrace\", None)\n            time.sleep(self._poll)\n            if time.monotonic() > end_time:\n                break\n>       raise TimeoutException(message, screen, stacktrace)\nE       selenium.common.exceptions.TimeoutException: Message: \nE       Stacktrace:\nE       #0 0x5572aaddce23 <unknown>\nE       #1 0x5572aab057a7 <unknown>\nE       #2 0x5572aab441d3 <unknown>\nE       #3 0x5572aab442c1 <unknown>\nE       #4 0x5572aab7fa04 <unknown>\nE       #5 0x5572aab6503d <unknown>\nE       #6 0x5572aab7d369 <unknown>\nE       #7 0x5572aab64de3 <unknown>\nE       #8 0x5572aab38a7b <unknown>\nE       #9 0x5572aab3981e <unknown>\nE       #10 0x5572aad9e638 <unknown>\nE       #11 0x5572aada2507 <unknown>\nE       #12 0x5572aadacc4c <unknown>\nE       #13 0x5572aada3136 <unknown>\nE       #14 0x5572aad719cf <unknown>\nE       #15 0x5572aadc6b98 <unknown>\nE       #16 0x5572aadc6d68 <unknown>\nE       #17 0x5572aadd5cb3 <unknown>\nE       #18 0x7fe0f9694b43 <unknown>\n\n/opt/hostedtoolcache/Python/3.11.5/x64/lib/python3.11/site-packages/selenium/webdriver/support/wait.py:95: TimeoutException",
    "steps" : [ {
      "name" : "Check Captcha image is visible",
      "time" : {
        "start" : 1694911568601,
        "stop" : 1694911573728,
        "duration" : 5127
      },
      "status" : "broken",
      "statusMessage" : "selenium.common.exceptions.TimeoutException: Message: \nStacktrace:\n#0 0x5572aaddce23 <unknown>\n#1 0x5572aab057a7 <unknown>\n#2 0x5572aab441d3 <unknown>\n#3 0x5572aab442c1 <unknown>\n#4 0x5572aab7fa04 <unknown>\n#5 0x5572aab6503d <unknown>\n#6 0x5572aab7d369 <unknown>\n#7 0x5572aab64de3 <unknown>\n#8 0x5572aab38a7b <unknown>\n#9 0x5572aab3981e <unknown>\n#10 0x5572aad9e638 <unknown>\n#11 0x5572aada2507 <unknown>\n#12 0x5572aadacc4c <unknown>\n#13 0x5572aada3136 <unknown>\n#14 0x5572aad719cf <unknown>\n#15 0x5572aadc6b98 <unknown>\n#16 0x5572aadc6d68 <unknown>\n#17 0x5572aadd5cb3 <unknown>\n#18 0x7fe0f9694b43 <unknown>\n\n",
      "statusTrace" : "  File \"/opt/hostedtoolcache/Python/3.11.5/x64/lib/python3.11/site-packages/allure_commons/_allure.py\", line 192, in impl\n    return func(*a, **kw)\n           ^^^^^^^^^^^^^^\n  File \"/home/runner/work/luma_project/luma_project/pages/forgot_your_password_page.py\", line 109, in check_captcha_image_is_visible\n    return self.element_is_visible(self.locators.RELOAD_CAPTCHA_IMAGE)\n           ^^^^^^^^^^^^^^^^^^^^^^^^^^^^^^^^^^^^^^^^^^^^^^^^^^^^^^^^^^^\n  File \"/opt/hostedtoolcache/Python/3.11.5/x64/lib/python3.11/site-packages/allure_commons/_allure.py\", line 192, in impl\n    return func(*a, **kw)\n           ^^^^^^^^^^^^^^\n  File \"/home/runner/work/luma_project/luma_project/pages/base_page.py\", line 29, in element_is_visible\n    self.go_to_element(self.element_is_present(locator))\n                       ^^^^^^^^^^^^^^^^^^^^^^^^^^^^^^^^\n  File \"/opt/hostedtoolcache/Python/3.11.5/x64/lib/python3.11/site-packages/allure_commons/_allure.py\", line 192, in impl\n    return func(*a, **kw)\n           ^^^^^^^^^^^^^^\n  File \"/home/runner/work/luma_project/luma_project/pages/base_page.py\", line 50, in element_is_present\n    return wait(self.driver, timeout).until(EC.presence_of_element_located(locator))\n           ^^^^^^^^^^^^^^^^^^^^^^^^^^^^^^^^^^^^^^^^^^^^^^^^^^^^^^^^^^^^^^^^^^^^^^^^^\n  File \"/opt/hostedtoolcache/Python/3.11.5/x64/lib/python3.11/site-packages/selenium/webdriver/support/wait.py\", line 95, in until\n    raise TimeoutException(message, screen, stacktrace)\n",
      "steps" : [ {
        "name" : "Find a visible element",
        "time" : {
          "start" : 1694911568601,
          "stop" : 1694911573728,
          "duration" : 5127
        },
        "status" : "broken",
        "statusMessage" : "selenium.common.exceptions.TimeoutException: Message: \nStacktrace:\n#0 0x5572aaddce23 <unknown>\n#1 0x5572aab057a7 <unknown>\n#2 0x5572aab441d3 <unknown>\n#3 0x5572aab442c1 <unknown>\n#4 0x5572aab7fa04 <unknown>\n#5 0x5572aab6503d <unknown>\n#6 0x5572aab7d369 <unknown>\n#7 0x5572aab64de3 <unknown>\n#8 0x5572aab38a7b <unknown>\n#9 0x5572aab3981e <unknown>\n#10 0x5572aad9e638 <unknown>\n#11 0x5572aada2507 <unknown>\n#12 0x5572aadacc4c <unknown>\n#13 0x5572aada3136 <unknown>\n#14 0x5572aad719cf <unknown>\n#15 0x5572aadc6b98 <unknown>\n#16 0x5572aadc6d68 <unknown>\n#17 0x5572aadd5cb3 <unknown>\n#18 0x7fe0f9694b43 <unknown>\n\n",
        "statusTrace" : "  File \"/opt/hostedtoolcache/Python/3.11.5/x64/lib/python3.11/site-packages/allure_commons/_allure.py\", line 192, in impl\n    return func(*a, **kw)\n           ^^^^^^^^^^^^^^\n  File \"/home/runner/work/luma_project/luma_project/pages/base_page.py\", line 29, in element_is_visible\n    self.go_to_element(self.element_is_present(locator))\n                       ^^^^^^^^^^^^^^^^^^^^^^^^^^^^^^^^\n  File \"/opt/hostedtoolcache/Python/3.11.5/x64/lib/python3.11/site-packages/allure_commons/_allure.py\", line 192, in impl\n    return func(*a, **kw)\n           ^^^^^^^^^^^^^^\n  File \"/home/runner/work/luma_project/luma_project/pages/base_page.py\", line 50, in element_is_present\n    return wait(self.driver, timeout).until(EC.presence_of_element_located(locator))\n           ^^^^^^^^^^^^^^^^^^^^^^^^^^^^^^^^^^^^^^^^^^^^^^^^^^^^^^^^^^^^^^^^^^^^^^^^^\n  File \"/opt/hostedtoolcache/Python/3.11.5/x64/lib/python3.11/site-packages/selenium/webdriver/support/wait.py\", line 95, in until\n    raise TimeoutException(message, screen, stacktrace)\n",
        "steps" : [ {
          "name" : "Find a present element",
          "time" : {
            "start" : 1694911568601,
            "stop" : 1694911573728,
            "duration" : 5127
          },
          "status" : "broken",
          "statusMessage" : "selenium.common.exceptions.TimeoutException: Message: \nStacktrace:\n#0 0x5572aaddce23 <unknown>\n#1 0x5572aab057a7 <unknown>\n#2 0x5572aab441d3 <unknown>\n#3 0x5572aab442c1 <unknown>\n#4 0x5572aab7fa04 <unknown>\n#5 0x5572aab6503d <unknown>\n#6 0x5572aab7d369 <unknown>\n#7 0x5572aab64de3 <unknown>\n#8 0x5572aab38a7b <unknown>\n#9 0x5572aab3981e <unknown>\n#10 0x5572aad9e638 <unknown>\n#11 0x5572aada2507 <unknown>\n#12 0x5572aadacc4c <unknown>\n#13 0x5572aada3136 <unknown>\n#14 0x5572aad719cf <unknown>\n#15 0x5572aadc6b98 <unknown>\n#16 0x5572aadc6d68 <unknown>\n#17 0x5572aadd5cb3 <unknown>\n#18 0x7fe0f9694b43 <unknown>\n\n",
          "statusTrace" : "  File \"/opt/hostedtoolcache/Python/3.11.5/x64/lib/python3.11/site-packages/allure_commons/_allure.py\", line 192, in impl\n    return func(*a, **kw)\n           ^^^^^^^^^^^^^^\n  File \"/home/runner/work/luma_project/luma_project/pages/base_page.py\", line 50, in element_is_present\n    return wait(self.driver, timeout).until(EC.presence_of_element_located(locator))\n           ^^^^^^^^^^^^^^^^^^^^^^^^^^^^^^^^^^^^^^^^^^^^^^^^^^^^^^^^^^^^^^^^^^^^^^^^^\n  File \"/opt/hostedtoolcache/Python/3.11.5/x64/lib/python3.11/site-packages/selenium/webdriver/support/wait.py\", line 95, in until\n    raise TimeoutException(message, screen, stacktrace)\n",
          "steps" : [ ],
          "attachments" : [ ],
          "parameters" : [ {
            "name" : "locator",
            "value" : "('xpath', '//img[@class=\"captcha-img\"]')"
          }, {
            "name" : "timeout",
            "value" : "5"
          } ],
          "stepsCount" : 0,
          "attachmentsCount" : 0,
          "shouldDisplayMessage" : true,
          "hasContent" : true
        } ],
        "attachments" : [ ],
        "parameters" : [ {
          "name" : "locator",
          "value" : "('xpath', '//img[@class=\"captcha-img\"]')"
        }, {
          "name" : "timeout",
          "value" : "10"
        } ],
        "stepsCount" : 1,
        "attachmentsCount" : 0,
        "shouldDisplayMessage" : false,
        "hasContent" : true
      } ],
      "attachments" : [ ],
      "parameters" : [ ],
      "stepsCount" : 2,
      "attachmentsCount" : 0,
      "shouldDisplayMessage" : false,
      "hasContent" : true
    } ],
    "attachments" : [ {
      "uid" : "273dcb2d10f37d63",
      "name" : "Screenshot",
      "source" : "273dcb2d10f37d63.png",
      "type" : "image/png",
      "size" : 70029
    }, {
      "uid" : "b855ce54c4de6d12",
      "name" : "HTML source",
      "source" : "b855ce54c4de6d12.html",
      "type" : "text/html",
      "size" : 78068
    } ],
    "parameters" : [ ],
    "stepsCount" : 3,
    "attachmentsCount" : 2,
    "shouldDisplayMessage" : true,
    "hasContent" : true
  },
  "afterStages" : [ {
    "name" : "driver::0",
    "time" : {
      "start" : 1694911573892,
      "stop" : 1694911573954,
      "duration" : 62
    },
    "status" : "passed",
    "steps" : [ ],
    "attachments" : [ ],
    "parameters" : [ ],
    "stepsCount" : 0,
    "attachmentsCount" : 0,
    "shouldDisplayMessage" : false,
    "hasContent" : false
  }, {
    "name" : "clear_allure_result_folder::0",
    "time" : {
      "start" : 1694912643690,
      "stop" : 1694912643690,
      "duration" : 0
    },
    "status" : "passed",
    "steps" : [ ],
    "attachments" : [ ],
    "parameters" : [ ],
    "stepsCount" : 0,
    "attachmentsCount" : 0,
    "shouldDisplayMessage" : false,
    "hasContent" : false
  } ],
  "labels" : [ {
    "name" : "epic",
    "value" : "Forgot Your Password Page"
  }, {
    "name" : "parentSuite",
    "value" : "tests"
  }, {
    "name" : "suite",
    "value" : "test_forgot_your_password"
  }, {
    "name" : "subSuite",
    "value" : "TestForgotYourPassword"
  }, {
    "name" : "host",
    "value" : "fv-az436-812"
  }, {
    "name" : "thread",
    "value" : "3004-MainThread"
  }, {
    "name" : "framework",
    "value" : "pytest"
  }, {
    "name" : "language",
    "value" : "cpython3"
  }, {
    "name" : "package",
    "value" : "tests.test_forgot_your_password"
  }, {
    "name" : "resultFormat",
    "value" : "allure2"
  } ],
  "parameters" : [ ],
  "links" : [ ],
  "hidden" : false,
  "retry" : false,
  "extra" : {
    "severity" : "normal",
    "retries" : [ ],
    "categories" : [ {
      "name" : "Test defects",
      "matchedStatuses" : [ ],
      "flaky" : false
    } ],
    "tags" : [ ]
  },
  "source" : "1a05d3f34aad5df1.json",
  "parameterValues" : [ ]
}