{
  "uid" : "1a13b3c7d307817a",
  "name" : "TC 17.01.26 Verify error on resetting My Password with empty captcha",
  "fullName" : "tests.test_forgot_your_password.TestForgotYourPasswordFunctionality#test_17_01_26_error_if_reset_my_password_with_empty_captcha",
  "historyId" : "1b9cc1c64f82295a20a1552cb7df67c5",
  "time" : {
    "start" : 1694911603404,
    "stop" : 1694911611212,
    "duration" : 7808
  },
  "description" : "Check error message on attempt to reset password with empty captcha input field",
  "descriptionHtml" : "<p>Check error message on attempt to reset password with empty captcha input field</p>\n",
  "status" : "broken",
  "statusMessage" : "selenium.common.exceptions.TimeoutException: Message: \nStacktrace:\n#0 0x55ff001cde23 <unknown>\n#1 0x55feffef67a7 <unknown>\n#2 0x55fefff351d3 <unknown>\n#3 0x55fefff352c1 <unknown>\n#4 0x55fefff70a04 <unknown>\n#5 0x55fefff5603d <unknown>\n#6 0x55fefff6e369 <unknown>\n#7 0x55fefff55de3 <unknown>\n#8 0x55fefff29a7b <unknown>\n#9 0x55fefff2a81e <unknown>\n#10 0x55ff0018f638 <unknown>\n#11 0x55ff00193507 <unknown>\n#12 0x55ff0019dc4c <unknown>\n#13 0x55ff00194136 <unknown>\n#14 0x55ff001629cf <unknown>\n#15 0x55ff001b7b98 <unknown>\n#16 0x55ff001b7d68 <unknown>\n#17 0x55ff001c6cb3 <unknown>\n#18 0x7fbb2ea94b43 <unknown>",
  "statusTrace" : "self = <test_forgot_your_password.TestForgotYourPasswordFunctionality object at 0x7feba7928210>\ndriver = <selenium.webdriver.chrome.webdriver.WebDriver (session=\"a1c0afd19b5e890784d0b6020dcbf34a\")>\nforgot_psw_page = <pages.forgot_your_password_page.ForgotYourPasswordPage object at 0x7feba86d75d0>\n\n    @allure.title('TC 17.01.26 Verify error on resetting My Password with empty captcha')\n    def test_17_01_26_error_if_reset_my_password_with_empty_captcha(self, driver, forgot_psw_page):\n        \"\"\"Check error message on attempt to reset password with empty captcha input field\"\"\"\n        forgot_psw_page.fill_in_email_field(credentials['valid_email'])\n        forgot_psw_page.click_reset_my_password_button()\n>       error_message = forgot_psw_page.get_error_captcha_input_is_required()\n\ntests/test_forgot_your_password.py:207: \n_ _ _ _ _ _ _ _ _ _ _ _ _ _ _ _ _ _ _ _ _ _ _ _ _ _ _ _ _ _ _ _ _ _ _ _ _ _ _ _ \npages/forgot_your_password_page.py:149: in get_error_captcha_input_is_required\n    return self.get_error_message(self.locators.RESET_MY_PASSWORD_CAPTCHA_ERROR)\npages/base_page.py:337: in get_error_message\n    error = self.element_is_visible(locator)\npages/base_page.py:29: in element_is_visible\n    self.go_to_element(self.element_is_present(locator))\npages/base_page.py:50: in element_is_present\n    return wait(self.driver, timeout).until(EC.presence_of_element_located(locator))\n_ _ _ _ _ _ _ _ _ _ _ _ _ _ _ _ _ _ _ _ _ _ _ _ _ _ _ _ _ _ _ _ _ _ _ _ _ _ _ _ \n\nself = <selenium.webdriver.support.wait.WebDriverWait (session=\"a1c0afd19b5e890784d0b6020dcbf34a\")>\nmethod = <function presence_of_element_located.<locals>._predicate at 0x7feba6983060>\nmessage = ''\n\n    def until(self, method, message: str = \"\"):\n        \"\"\"Calls the method provided with the driver as an argument until the \\\n        return value does not evaluate to ``False``.\n    \n        :param method: callable(WebDriver)\n        :param message: optional message for :exc:`TimeoutException`\n        :returns: the result of the last call to `method`\n        :raises: :exc:`selenium.common.exceptions.TimeoutException` if timeout occurs\n        \"\"\"\n        screen = None\n        stacktrace = None\n    \n        end_time = time.monotonic() + self._timeout\n        while True:\n            try:\n                value = method(self._driver)\n                if value:\n                    return value\n            except self._ignored_exceptions as exc:\n                screen = getattr(exc, \"screen\", None)\n                stacktrace = getattr(exc, \"stacktrace\", None)\n            time.sleep(self._poll)\n            if time.monotonic() > end_time:\n                break\n>       raise TimeoutException(message, screen, stacktrace)\nE       selenium.common.exceptions.TimeoutException: Message: \nE       Stacktrace:\nE       #0 0x55ff001cde23 <unknown>\nE       #1 0x55feffef67a7 <unknown>\nE       #2 0x55fefff351d3 <unknown>\nE       #3 0x55fefff352c1 <unknown>\nE       #4 0x55fefff70a04 <unknown>\nE       #5 0x55fefff5603d <unknown>\nE       #6 0x55fefff6e369 <unknown>\nE       #7 0x55fefff55de3 <unknown>\nE       #8 0x55fefff29a7b <unknown>\nE       #9 0x55fefff2a81e <unknown>\nE       #10 0x55ff0018f638 <unknown>\nE       #11 0x55ff00193507 <unknown>\nE       #12 0x55ff0019dc4c <unknown>\nE       #13 0x55ff00194136 <unknown>\nE       #14 0x55ff001629cf <unknown>\nE       #15 0x55ff001b7b98 <unknown>\nE       #16 0x55ff001b7d68 <unknown>\nE       #17 0x55ff001c6cb3 <unknown>\nE       #18 0x7fbb2ea94b43 <unknown>\n\n/opt/hostedtoolcache/Python/3.11.5/x64/lib/python3.11/site-packages/selenium/webdriver/support/wait.py:95: TimeoutException",
  "flaky" : false,
  "newFailed" : false,
  "beforeStages" : [ {
    "name" : "_session_faker",
    "time" : {
      "start" : 1694911172899,
      "stop" : 1694911172978,
      "duration" : 79
    },
    "status" : "passed",
    "steps" : [ ],
    "attachments" : [ ],
    "parameters" : [ ],
    "stepsCount" : 0,
    "attachmentsCount" : 0,
    "shouldDisplayMessage" : false,
    "hasContent" : false
  }, {
    "name" : "forgot_psw_page",
    "time" : {
      "start" : 1694911602359,
      "stop" : 1694911603404,
      "duration" : 1045
    },
    "status" : "passed",
    "steps" : [ {
      "name" : "Open a browser",
      "time" : {
        "start" : 1694911602359,
        "stop" : 1694911603404,
        "duration" : 1045
      },
      "status" : "passed",
      "steps" : [ ],
      "attachments" : [ ],
      "parameters" : [ ],
      "stepsCount" : 0,
      "attachmentsCount" : 0,
      "shouldDisplayMessage" : false,
      "hasContent" : false
    } ],
    "attachments" : [ ],
    "parameters" : [ ],
    "stepsCount" : 1,
    "attachmentsCount" : 0,
    "shouldDisplayMessage" : false,
    "hasContent" : true
  }, {
    "name" : "clear_allure_result_folder",
    "time" : {
      "start" : 1694911172978,
      "stop" : 1694911172979,
      "duration" : 1
    },
    "status" : "passed",
    "steps" : [ ],
    "attachments" : [ ],
    "parameters" : [ ],
    "stepsCount" : 0,
    "attachmentsCount" : 0,
    "shouldDisplayMessage" : false,
    "hasContent" : false
  }, {
    "name" : "driver",
    "time" : {
      "start" : 1694911601287,
      "stop" : 1694911602359,
      "duration" : 1072
    },
    "status" : "passed",
    "steps" : [ ],
    "attachments" : [ ],
    "parameters" : [ ],
    "stepsCount" : 0,
    "attachmentsCount" : 0,
    "shouldDisplayMessage" : false,
    "hasContent" : false
  } ],
  "testStage" : {
    "description" : "Check error message on attempt to reset password with empty captcha input field",
    "status" : "broken",
    "statusMessage" : "selenium.common.exceptions.TimeoutException: Message: \nStacktrace:\n#0 0x55ff001cde23 <unknown>\n#1 0x55feffef67a7 <unknown>\n#2 0x55fefff351d3 <unknown>\n#3 0x55fefff352c1 <unknown>\n#4 0x55fefff70a04 <unknown>\n#5 0x55fefff5603d <unknown>\n#6 0x55fefff6e369 <unknown>\n#7 0x55fefff55de3 <unknown>\n#8 0x55fefff29a7b <unknown>\n#9 0x55fefff2a81e <unknown>\n#10 0x55ff0018f638 <unknown>\n#11 0x55ff00193507 <unknown>\n#12 0x55ff0019dc4c <unknown>\n#13 0x55ff00194136 <unknown>\n#14 0x55ff001629cf <unknown>\n#15 0x55ff001b7b98 <unknown>\n#16 0x55ff001b7d68 <unknown>\n#17 0x55ff001c6cb3 <unknown>\n#18 0x7fbb2ea94b43 <unknown>",
    "statusTrace" : "self = <test_forgot_your_password.TestForgotYourPasswordFunctionality object at 0x7feba7928210>\ndriver = <selenium.webdriver.chrome.webdriver.WebDriver (session=\"a1c0afd19b5e890784d0b6020dcbf34a\")>\nforgot_psw_page = <pages.forgot_your_password_page.ForgotYourPasswordPage object at 0x7feba86d75d0>\n\n    @allure.title('TC 17.01.26 Verify error on resetting My Password with empty captcha')\n    def test_17_01_26_error_if_reset_my_password_with_empty_captcha(self, driver, forgot_psw_page):\n        \"\"\"Check error message on attempt to reset password with empty captcha input field\"\"\"\n        forgot_psw_page.fill_in_email_field(credentials['valid_email'])\n        forgot_psw_page.click_reset_my_password_button()\n>       error_message = forgot_psw_page.get_error_captcha_input_is_required()\n\ntests/test_forgot_your_password.py:207: \n_ _ _ _ _ _ _ _ _ _ _ _ _ _ _ _ _ _ _ _ _ _ _ _ _ _ _ _ _ _ _ _ _ _ _ _ _ _ _ _ \npages/forgot_your_password_page.py:149: in get_error_captcha_input_is_required\n    return self.get_error_message(self.locators.RESET_MY_PASSWORD_CAPTCHA_ERROR)\npages/base_page.py:337: in get_error_message\n    error = self.element_is_visible(locator)\npages/base_page.py:29: in element_is_visible\n    self.go_to_element(self.element_is_present(locator))\npages/base_page.py:50: in element_is_present\n    return wait(self.driver, timeout).until(EC.presence_of_element_located(locator))\n_ _ _ _ _ _ _ _ _ _ _ _ _ _ _ _ _ _ _ _ _ _ _ _ _ _ _ _ _ _ _ _ _ _ _ _ _ _ _ _ \n\nself = <selenium.webdriver.support.wait.WebDriverWait (session=\"a1c0afd19b5e890784d0b6020dcbf34a\")>\nmethod = <function presence_of_element_located.<locals>._predicate at 0x7feba6983060>\nmessage = ''\n\n    def until(self, method, message: str = \"\"):\n        \"\"\"Calls the method provided with the driver as an argument until the \\\n        return value does not evaluate to ``False``.\n    \n        :param method: callable(WebDriver)\n        :param message: optional message for :exc:`TimeoutException`\n        :returns: the result of the last call to `method`\n        :raises: :exc:`selenium.common.exceptions.TimeoutException` if timeout occurs\n        \"\"\"\n        screen = None\n        stacktrace = None\n    \n        end_time = time.monotonic() + self._timeout\n        while True:\n            try:\n                value = method(self._driver)\n                if value:\n                    return value\n            except self._ignored_exceptions as exc:\n                screen = getattr(exc, \"screen\", None)\n                stacktrace = getattr(exc, \"stacktrace\", None)\n            time.sleep(self._poll)\n            if time.monotonic() > end_time:\n                break\n>       raise TimeoutException(message, screen, stacktrace)\nE       selenium.common.exceptions.TimeoutException: Message: \nE       Stacktrace:\nE       #0 0x55ff001cde23 <unknown>\nE       #1 0x55feffef67a7 <unknown>\nE       #2 0x55fefff351d3 <unknown>\nE       #3 0x55fefff352c1 <unknown>\nE       #4 0x55fefff70a04 <unknown>\nE       #5 0x55fefff5603d <unknown>\nE       #6 0x55fefff6e369 <unknown>\nE       #7 0x55fefff55de3 <unknown>\nE       #8 0x55fefff29a7b <unknown>\nE       #9 0x55fefff2a81e <unknown>\nE       #10 0x55ff0018f638 <unknown>\nE       #11 0x55ff00193507 <unknown>\nE       #12 0x55ff0019dc4c <unknown>\nE       #13 0x55ff00194136 <unknown>\nE       #14 0x55ff001629cf <unknown>\nE       #15 0x55ff001b7b98 <unknown>\nE       #16 0x55ff001b7d68 <unknown>\nE       #17 0x55ff001c6cb3 <unknown>\nE       #18 0x7fbb2ea94b43 <unknown>\n\n/opt/hostedtoolcache/Python/3.11.5/x64/lib/python3.11/site-packages/selenium/webdriver/support/wait.py:95: TimeoutException",
    "steps" : [ {
      "name" : "Fill in Email field",
      "time" : {
        "start" : 1694911603405,
        "stop" : 1694911603765,
        "duration" : 360
      },
      "status" : "passed",
      "steps" : [ {
        "name" : "Check FYP Email field is clickable",
        "time" : {
          "start" : 1694911603405,
          "stop" : 1694911603438,
          "duration" : 33
        },
        "status" : "passed",
        "steps" : [ {
          "name" : "Find clickable elements",
          "time" : {
            "start" : 1694911603405,
            "stop" : 1694911603438,
            "duration" : 33
          },
          "status" : "passed",
          "steps" : [ ],
          "attachments" : [ ],
          "parameters" : [ {
            "name" : "locator",
            "value" : "('css selector', '#email_address')"
          }, {
            "name" : "timeout",
            "value" : "5"
          } ],
          "stepsCount" : 0,
          "attachmentsCount" : 0,
          "shouldDisplayMessage" : false,
          "hasContent" : true
        } ],
        "attachments" : [ ],
        "parameters" : [ ],
        "stepsCount" : 1,
        "attachmentsCount" : 0,
        "shouldDisplayMessage" : false,
        "hasContent" : true
      }, {
        "name" : "Fill in a field",
        "time" : {
          "start" : 1694911603438,
          "stop" : 1694911603765,
          "duration" : 327
        },
        "status" : "passed",
        "steps" : [ {
          "name" : "Find clickable elements",
          "time" : {
            "start" : 1694911603438,
            "stop" : 1694911603455,
            "duration" : 17
          },
          "status" : "passed",
          "steps" : [ ],
          "attachments" : [ ],
          "parameters" : [ {
            "name" : "locator",
            "value" : "<selenium.webdriver.remote.webelement.WebElement (session=\"a1c0afd19b5e890784d0b6020dcbf34a\", element=\"076C708AA7BF755CC332BFF14E04E4BC_element_4\")>"
          }, {
            "name" : "timeout",
            "value" : "5"
          } ],
          "stepsCount" : 0,
          "attachmentsCount" : 0,
          "shouldDisplayMessage" : false,
          "hasContent" : true
        } ],
        "attachments" : [ ],
        "parameters" : [ {
          "name" : "locator",
          "value" : "<selenium.webdriver.remote.webelement.WebElement (session=\"a1c0afd19b5e890784d0b6020dcbf34a\", element=\"076C708AA7BF755CC332BFF14E04E4BC_element_4\")>"
        }, {
          "name" : "value",
          "value" : "'test130@mailinator.com'"
        } ],
        "stepsCount" : 1,
        "attachmentsCount" : 0,
        "shouldDisplayMessage" : false,
        "hasContent" : true
      } ],
      "attachments" : [ ],
      "parameters" : [ {
        "name" : "email",
        "value" : "'test130@mailinator.com'"
      } ],
      "stepsCount" : 4,
      "attachmentsCount" : 0,
      "shouldDisplayMessage" : false,
      "hasContent" : true
    }, {
      "name" : "Click on Reset My Password button button",
      "time" : {
        "start" : 1694911603766,
        "stop" : 1694911606038,
        "duration" : 2272
      },
      "status" : "passed",
      "steps" : [ {
        "name" : "Check Reset My Password button is clickable",
        "time" : {
          "start" : 1694911603766,
          "stop" : 1694911603885,
          "duration" : 119
        },
        "status" : "passed",
        "steps" : [ {
          "name" : "Find clickable elements",
          "time" : {
            "start" : 1694911603766,
            "stop" : 1694911603885,
            "duration" : 119
          },
          "status" : "passed",
          "steps" : [ ],
          "attachments" : [ ],
          "parameters" : [ {
            "name" : "locator",
            "value" : "('css selector', 'button[class=\"action submit primary\"]')"
          }, {
            "name" : "timeout",
            "value" : "5"
          } ],
          "stepsCount" : 0,
          "attachmentsCount" : 0,
          "shouldDisplayMessage" : false,
          "hasContent" : true
        } ],
        "attachments" : [ ],
        "parameters" : [ ],
        "stepsCount" : 1,
        "attachmentsCount" : 0,
        "shouldDisplayMessage" : false,
        "hasContent" : true
      } ],
      "attachments" : [ ],
      "parameters" : [ ],
      "stepsCount" : 2,
      "attachmentsCount" : 0,
      "shouldDisplayMessage" : false,
      "hasContent" : true
    }, {
      "name" : "Get error captcha input field required ",
      "time" : {
        "start" : 1694911606039,
        "stop" : 1694911611212,
        "duration" : 5173
      },
      "status" : "broken",
      "statusMessage" : "selenium.common.exceptions.TimeoutException: Message: \nStacktrace:\n#0 0x55ff001cde23 <unknown>\n#1 0x55feffef67a7 <unknown>\n#2 0x55fefff351d3 <unknown>\n#3 0x55fefff352c1 <unknown>\n#4 0x55fefff70a04 <unknown>\n#5 0x55fefff5603d <unknown>\n#6 0x55fefff6e369 <unknown>\n#7 0x55fefff55de3 <unknown>\n#8 0x55fefff29a7b <unknown>\n#9 0x55fefff2a81e <unknown>\n#10 0x55ff0018f638 <unknown>\n#11 0x55ff00193507 <unknown>\n#12 0x55ff0019dc4c <unknown>\n#13 0x55ff00194136 <unknown>\n#14 0x55ff001629cf <unknown>\n#15 0x55ff001b7b98 <unknown>\n#16 0x55ff001b7d68 <unknown>\n#17 0x55ff001c6cb3 <unknown>\n#18 0x7fbb2ea94b43 <unknown>\n\n",
      "statusTrace" : "  File \"/opt/hostedtoolcache/Python/3.11.5/x64/lib/python3.11/site-packages/allure_commons/_allure.py\", line 192, in impl\n    return func(*a, **kw)\n           ^^^^^^^^^^^^^^\n  File \"/home/runner/work/luma_project/luma_project/pages/forgot_your_password_page.py\", line 149, in get_error_captcha_input_is_required\n    return self.get_error_message(self.locators.RESET_MY_PASSWORD_CAPTCHA_ERROR)\n           ^^^^^^^^^^^^^^^^^^^^^^^^^^^^^^^^^^^^^^^^^^^^^^^^^^^^^^^^^^^^^^^^^^^^^\n  File \"/opt/hostedtoolcache/Python/3.11.5/x64/lib/python3.11/site-packages/allure_commons/_allure.py\", line 192, in impl\n    return func(*a, **kw)\n           ^^^^^^^^^^^^^^\n  File \"/home/runner/work/luma_project/luma_project/pages/base_page.py\", line 337, in get_error_message\n    error = self.element_is_visible(locator)\n            ^^^^^^^^^^^^^^^^^^^^^^^^^^^^^^^^\n  File \"/opt/hostedtoolcache/Python/3.11.5/x64/lib/python3.11/site-packages/allure_commons/_allure.py\", line 192, in impl\n    return func(*a, **kw)\n           ^^^^^^^^^^^^^^\n  File \"/home/runner/work/luma_project/luma_project/pages/base_page.py\", line 29, in element_is_visible\n    self.go_to_element(self.element_is_present(locator))\n                       ^^^^^^^^^^^^^^^^^^^^^^^^^^^^^^^^\n  File \"/opt/hostedtoolcache/Python/3.11.5/x64/lib/python3.11/site-packages/allure_commons/_allure.py\", line 192, in impl\n    return func(*a, **kw)\n           ^^^^^^^^^^^^^^\n  File \"/home/runner/work/luma_project/luma_project/pages/base_page.py\", line 50, in element_is_present\n    return wait(self.driver, timeout).until(EC.presence_of_element_located(locator))\n           ^^^^^^^^^^^^^^^^^^^^^^^^^^^^^^^^^^^^^^^^^^^^^^^^^^^^^^^^^^^^^^^^^^^^^^^^^\n  File \"/opt/hostedtoolcache/Python/3.11.5/x64/lib/python3.11/site-packages/selenium/webdriver/support/wait.py\", line 95, in until\n    raise TimeoutException(message, screen, stacktrace)\n",
      "steps" : [ {
        "name" : "Get error message",
        "time" : {
          "start" : 1694911606039,
          "stop" : 1694911611211,
          "duration" : 5172
        },
        "status" : "broken",
        "statusMessage" : "selenium.common.exceptions.TimeoutException: Message: \nStacktrace:\n#0 0x55ff001cde23 <unknown>\n#1 0x55feffef67a7 <unknown>\n#2 0x55fefff351d3 <unknown>\n#3 0x55fefff352c1 <unknown>\n#4 0x55fefff70a04 <unknown>\n#5 0x55fefff5603d <unknown>\n#6 0x55fefff6e369 <unknown>\n#7 0x55fefff55de3 <unknown>\n#8 0x55fefff29a7b <unknown>\n#9 0x55fefff2a81e <unknown>\n#10 0x55ff0018f638 <unknown>\n#11 0x55ff00193507 <unknown>\n#12 0x55ff0019dc4c <unknown>\n#13 0x55ff00194136 <unknown>\n#14 0x55ff001629cf <unknown>\n#15 0x55ff001b7b98 <unknown>\n#16 0x55ff001b7d68 <unknown>\n#17 0x55ff001c6cb3 <unknown>\n#18 0x7fbb2ea94b43 <unknown>\n\n",
        "statusTrace" : "  File \"/opt/hostedtoolcache/Python/3.11.5/x64/lib/python3.11/site-packages/allure_commons/_allure.py\", line 192, in impl\n    return func(*a, **kw)\n           ^^^^^^^^^^^^^^\n  File \"/home/runner/work/luma_project/luma_project/pages/base_page.py\", line 337, in get_error_message\n    error = self.element_is_visible(locator)\n            ^^^^^^^^^^^^^^^^^^^^^^^^^^^^^^^^\n  File \"/opt/hostedtoolcache/Python/3.11.5/x64/lib/python3.11/site-packages/allure_commons/_allure.py\", line 192, in impl\n    return func(*a, **kw)\n           ^^^^^^^^^^^^^^\n  File \"/home/runner/work/luma_project/luma_project/pages/base_page.py\", line 29, in element_is_visible\n    self.go_to_element(self.element_is_present(locator))\n                       ^^^^^^^^^^^^^^^^^^^^^^^^^^^^^^^^\n  File \"/opt/hostedtoolcache/Python/3.11.5/x64/lib/python3.11/site-packages/allure_commons/_allure.py\", line 192, in impl\n    return func(*a, **kw)\n           ^^^^^^^^^^^^^^\n  File \"/home/runner/work/luma_project/luma_project/pages/base_page.py\", line 50, in element_is_present\n    return wait(self.driver, timeout).until(EC.presence_of_element_located(locator))\n           ^^^^^^^^^^^^^^^^^^^^^^^^^^^^^^^^^^^^^^^^^^^^^^^^^^^^^^^^^^^^^^^^^^^^^^^^^\n  File \"/opt/hostedtoolcache/Python/3.11.5/x64/lib/python3.11/site-packages/selenium/webdriver/support/wait.py\", line 95, in until\n    raise TimeoutException(message, screen, stacktrace)\n",
        "steps" : [ {
          "name" : "Find a visible element",
          "time" : {
            "start" : 1694911606039,
            "stop" : 1694911611211,
            "duration" : 5172
          },
          "status" : "broken",
          "statusMessage" : "selenium.common.exceptions.TimeoutException: Message: \nStacktrace:\n#0 0x55ff001cde23 <unknown>\n#1 0x55feffef67a7 <unknown>\n#2 0x55fefff351d3 <unknown>\n#3 0x55fefff352c1 <unknown>\n#4 0x55fefff70a04 <unknown>\n#5 0x55fefff5603d <unknown>\n#6 0x55fefff6e369 <unknown>\n#7 0x55fefff55de3 <unknown>\n#8 0x55fefff29a7b <unknown>\n#9 0x55fefff2a81e <unknown>\n#10 0x55ff0018f638 <unknown>\n#11 0x55ff00193507 <unknown>\n#12 0x55ff0019dc4c <unknown>\n#13 0x55ff00194136 <unknown>\n#14 0x55ff001629cf <unknown>\n#15 0x55ff001b7b98 <unknown>\n#16 0x55ff001b7d68 <unknown>\n#17 0x55ff001c6cb3 <unknown>\n#18 0x7fbb2ea94b43 <unknown>\n\n",
          "statusTrace" : "  File \"/opt/hostedtoolcache/Python/3.11.5/x64/lib/python3.11/site-packages/allure_commons/_allure.py\", line 192, in impl\n    return func(*a, **kw)\n           ^^^^^^^^^^^^^^\n  File \"/home/runner/work/luma_project/luma_project/pages/base_page.py\", line 29, in element_is_visible\n    self.go_to_element(self.element_is_present(locator))\n                       ^^^^^^^^^^^^^^^^^^^^^^^^^^^^^^^^\n  File \"/opt/hostedtoolcache/Python/3.11.5/x64/lib/python3.11/site-packages/allure_commons/_allure.py\", line 192, in impl\n    return func(*a, **kw)\n           ^^^^^^^^^^^^^^\n  File \"/home/runner/work/luma_project/luma_project/pages/base_page.py\", line 50, in element_is_present\n    return wait(self.driver, timeout).until(EC.presence_of_element_located(locator))\n           ^^^^^^^^^^^^^^^^^^^^^^^^^^^^^^^^^^^^^^^^^^^^^^^^^^^^^^^^^^^^^^^^^^^^^^^^^\n  File \"/opt/hostedtoolcache/Python/3.11.5/x64/lib/python3.11/site-packages/selenium/webdriver/support/wait.py\", line 95, in until\n    raise TimeoutException(message, screen, stacktrace)\n",
          "steps" : [ {
            "name" : "Find a present element",
            "time" : {
              "start" : 1694911606039,
              "stop" : 1694911611211,
              "duration" : 5172
            },
            "status" : "broken",
            "statusMessage" : "selenium.common.exceptions.TimeoutException: Message: \nStacktrace:\n#0 0x55ff001cde23 <unknown>\n#1 0x55feffef67a7 <unknown>\n#2 0x55fefff351d3 <unknown>\n#3 0x55fefff352c1 <unknown>\n#4 0x55fefff70a04 <unknown>\n#5 0x55fefff5603d <unknown>\n#6 0x55fefff6e369 <unknown>\n#7 0x55fefff55de3 <unknown>\n#8 0x55fefff29a7b <unknown>\n#9 0x55fefff2a81e <unknown>\n#10 0x55ff0018f638 <unknown>\n#11 0x55ff00193507 <unknown>\n#12 0x55ff0019dc4c <unknown>\n#13 0x55ff00194136 <unknown>\n#14 0x55ff001629cf <unknown>\n#15 0x55ff001b7b98 <unknown>\n#16 0x55ff001b7d68 <unknown>\n#17 0x55ff001c6cb3 <unknown>\n#18 0x7fbb2ea94b43 <unknown>\n\n",
            "statusTrace" : "  File \"/opt/hostedtoolcache/Python/3.11.5/x64/lib/python3.11/site-packages/allure_commons/_allure.py\", line 192, in impl\n    return func(*a, **kw)\n           ^^^^^^^^^^^^^^\n  File \"/home/runner/work/luma_project/luma_project/pages/base_page.py\", line 50, in element_is_present\n    return wait(self.driver, timeout).until(EC.presence_of_element_located(locator))\n           ^^^^^^^^^^^^^^^^^^^^^^^^^^^^^^^^^^^^^^^^^^^^^^^^^^^^^^^^^^^^^^^^^^^^^^^^^\n  File \"/opt/hostedtoolcache/Python/3.11.5/x64/lib/python3.11/site-packages/selenium/webdriver/support/wait.py\", line 95, in until\n    raise TimeoutException(message, screen, stacktrace)\n",
            "steps" : [ ],
            "attachments" : [ ],
            "parameters" : [ {
              "name" : "locator",
              "value" : "('css selector', '#captcha_user_forgotpassword-error')"
            }, {
              "name" : "timeout",
              "value" : "5"
            } ],
            "stepsCount" : 0,
            "attachmentsCount" : 0,
            "shouldDisplayMessage" : true,
            "hasContent" : true
          } ],
          "attachments" : [ ],
          "parameters" : [ {
            "name" : "locator",
            "value" : "('css selector', '#captcha_user_forgotpassword-error')"
          }, {
            "name" : "timeout",
            "value" : "10"
          } ],
          "stepsCount" : 1,
          "attachmentsCount" : 0,
          "shouldDisplayMessage" : false,
          "hasContent" : true
        } ],
        "attachments" : [ ],
        "parameters" : [ {
          "name" : "locator",
          "value" : "('css selector', '#captcha_user_forgotpassword-error')"
        } ],
        "stepsCount" : 2,
        "attachmentsCount" : 0,
        "shouldDisplayMessage" : false,
        "hasContent" : true
      } ],
      "attachments" : [ ],
      "parameters" : [ ],
      "stepsCount" : 3,
      "attachmentsCount" : 0,
      "shouldDisplayMessage" : false,
      "hasContent" : true
    } ],
    "attachments" : [ {
      "uid" : "a9ee0db57c5c5a09",
      "name" : "Screenshot",
      "source" : "a9ee0db57c5c5a09.png",
      "type" : "image/png",
      "size" : 80820
    }, {
      "uid" : "bb7fcde6833cadf6",
      "name" : "HTML source",
      "source" : "bb7fcde6833cadf6.html",
      "type" : "text/html",
      "size" : 80098
    } ],
    "parameters" : [ ],
    "stepsCount" : 12,
    "attachmentsCount" : 2,
    "shouldDisplayMessage" : true,
    "hasContent" : true
  },
  "afterStages" : [ {
    "name" : "clear_allure_result_folder::0",
    "time" : {
      "start" : 1694912643690,
      "stop" : 1694912643690,
      "duration" : 0
    },
    "status" : "passed",
    "steps" : [ ],
    "attachments" : [ ],
    "parameters" : [ ],
    "stepsCount" : 0,
    "attachmentsCount" : 0,
    "shouldDisplayMessage" : false,
    "hasContent" : false
  }, {
    "name" : "driver::0",
    "time" : {
      "start" : 1694911611374,
      "stop" : 1694911611438,
      "duration" : 64
    },
    "status" : "passed",
    "steps" : [ ],
    "attachments" : [ ],
    "parameters" : [ ],
    "stepsCount" : 0,
    "attachmentsCount" : 0,
    "shouldDisplayMessage" : false,
    "hasContent" : false
  } ],
  "labels" : [ {
    "name" : "epic",
    "value" : "Forgot Your Password Functionality"
  }, {
    "name" : "parentSuite",
    "value" : "tests"
  }, {
    "name" : "suite",
    "value" : "test_forgot_your_password"
  }, {
    "name" : "subSuite",
    "value" : "TestForgotYourPasswordFunctionality"
  }, {
    "name" : "host",
    "value" : "fv-az436-812"
  }, {
    "name" : "thread",
    "value" : "3004-MainThread"
  }, {
    "name" : "framework",
    "value" : "pytest"
  }, {
    "name" : "language",
    "value" : "cpython3"
  }, {
    "name" : "package",
    "value" : "tests.test_forgot_your_password"
  }, {
    "name" : "resultFormat",
    "value" : "allure2"
  } ],
  "parameters" : [ ],
  "links" : [ ],
  "hidden" : false,
  "retry" : false,
  "extra" : {
    "severity" : "normal",
    "retries" : [ ],
    "categories" : [ {
      "name" : "Test defects",
      "matchedStatuses" : [ ],
      "flaky" : false
    } ],
    "tags" : [ ]
  },
  "source" : "1a13b3c7d307817a.json",
  "parameterValues" : [ ]
}