{
  "uid" : "2735f9829af2c02f",
  "name" : "TC 17.01.26 Verify error on resetting My Password with empty captcha",
  "fullName" : "tests.test_forgot_your_password.TestForgotYourPasswordFunctionality#test_17_01_26_error_if_reset_my_password_with_empty_captcha",
  "historyId" : "1b9cc1c64f82295a20a1552cb7df67c5",
  "time" : {
    "start" : 1692492370584,
    "stop" : 1692492378874,
    "duration" : 8290
  },
  "description" : "Check error message on attempt to reset password with empty captcha input field",
  "descriptionHtml" : "<p>Check error message on attempt to reset password with empty captcha input field</p>\n",
  "status" : "broken",
  "statusMessage" : "selenium.common.exceptions.TimeoutException: Message: \nStacktrace:\n#0 0x55fd224c9613 <unknown>\n#1 0x55fd221f5537 <unknown>\n#2 0x55fd22233f53 <unknown>\n#3 0x55fd22234041 <unknown>\n#4 0x55fd2226f2a4 <unknown>\n#5 0x55fd22254a5d <unknown>\n#6 0x55fd2226cd09 <unknown>\n#7 0x55fd22254803 <unknown>\n#8 0x55fd2222868b <unknown>\n#9 0x55fd2222942e <unknown>\n#10 0x55fd2248ac28 <unknown>\n#11 0x55fd2248eaf7 <unknown>\n#12 0x55fd2249901c <unknown>\n#13 0x55fd2248f723 <unknown>\n#14 0x55fd2245e457 <unknown>\n#15 0x55fd224b3628 <unknown>\n#16 0x55fd224b37b7 <unknown>\n#17 0x55fd224c2483 <unknown>\n#18 0x7f5aa6b55b43 <unknown>",
  "statusTrace" : "self = <test_forgot_your_password.TestForgotYourPasswordFunctionality object at 0x7fd3cef332d0>\ndriver = <selenium.webdriver.chrome.webdriver.WebDriver (session=\"65fd67dbf4d065e281000f6ea207f474\")>\nforgot_psw_page = <pages.forgot_your_password_page.ForgotYourPasswordPage object at 0x7fd3cf80f250>\n\n    @allure.title('TC 17.01.26 Verify error on resetting My Password with empty captcha')\n    def test_17_01_26_error_if_reset_my_password_with_empty_captcha(self, driver, forgot_psw_page):\n        \"\"\"Check error message on attempt to reset password with empty captcha input field\"\"\"\n        forgot_psw_page.fill_in_email_field(credentials['valid_email'])\n        forgot_psw_page.click_reset_my_password_button()\n>       error_message = forgot_psw_page.get_error_captcha_input_is_required()\n\ntests/test_forgot_your_password.py:207: \n_ _ _ _ _ _ _ _ _ _ _ _ _ _ _ _ _ _ _ _ _ _ _ _ _ _ _ _ _ _ _ _ _ _ _ _ _ _ _ _ \npages/forgot_your_password_page.py:149: in get_error_captcha_input_is_required\n    return self.get_error_message(self.locators.RESET_MY_PASSWORD_CAPTCHA_ERROR)\npages/base_page.py:337: in get_error_message\n    error = self.element_is_visible(locator)\npages/base_page.py:29: in element_is_visible\n    self.go_to_element(self.element_is_present(locator))\npages/base_page.py:50: in element_is_present\n    return wait(self.driver, timeout).until(EC.presence_of_element_located(locator))\n_ _ _ _ _ _ _ _ _ _ _ _ _ _ _ _ _ _ _ _ _ _ _ _ _ _ _ _ _ _ _ _ _ _ _ _ _ _ _ _ \n\nself = <selenium.webdriver.support.wait.WebDriverWait (session=\"65fd67dbf4d065e281000f6ea207f474\")>\nmethod = <function presence_of_element_located.<locals>._predicate at 0x7fd3cdb4b4c0>\nmessage = ''\n\n    def until(self, method, message: str = \"\"):\n        \"\"\"Calls the method provided with the driver as an argument until the \\\n        return value does not evaluate to ``False``.\n    \n        :param method: callable(WebDriver)\n        :param message: optional message for :exc:`TimeoutException`\n        :returns: the result of the last call to `method`\n        :raises: :exc:`selenium.common.exceptions.TimeoutException` if timeout occurs\n        \"\"\"\n        screen = None\n        stacktrace = None\n    \n        end_time = time.monotonic() + self._timeout\n        while True:\n            try:\n                value = method(self._driver)\n                if value:\n                    return value\n            except self._ignored_exceptions as exc:\n                screen = getattr(exc, \"screen\", None)\n                stacktrace = getattr(exc, \"stacktrace\", None)\n            time.sleep(self._poll)\n            if time.monotonic() > end_time:\n                break\n>       raise TimeoutException(message, screen, stacktrace)\nE       selenium.common.exceptions.TimeoutException: Message: \nE       Stacktrace:\nE       #0 0x55fd224c9613 <unknown>\nE       #1 0x55fd221f5537 <unknown>\nE       #2 0x55fd22233f53 <unknown>\nE       #3 0x55fd22234041 <unknown>\nE       #4 0x55fd2226f2a4 <unknown>\nE       #5 0x55fd22254a5d <unknown>\nE       #6 0x55fd2226cd09 <unknown>\nE       #7 0x55fd22254803 <unknown>\nE       #8 0x55fd2222868b <unknown>\nE       #9 0x55fd2222942e <unknown>\nE       #10 0x55fd2248ac28 <unknown>\nE       #11 0x55fd2248eaf7 <unknown>\nE       #12 0x55fd2249901c <unknown>\nE       #13 0x55fd2248f723 <unknown>\nE       #14 0x55fd2245e457 <unknown>\nE       #15 0x55fd224b3628 <unknown>\nE       #16 0x55fd224b37b7 <unknown>\nE       #17 0x55fd224c2483 <unknown>\nE       #18 0x7f5aa6b55b43 <unknown>\n\n/opt/hostedtoolcache/Python/3.11.4/x64/lib/python3.11/site-packages/selenium/webdriver/support/wait.py:95: TimeoutException",
  "flaky" : false,
  "newFailed" : false,
  "beforeStages" : [ {
    "name" : "clear_allure_result_folder",
    "time" : {
      "start" : 1692491878626,
      "stop" : 1692491878626,
      "duration" : 0
    },
    "status" : "passed",
    "steps" : [ ],
    "attachments" : [ ],
    "parameters" : [ ],
    "stepsCount" : 0,
    "attachmentsCount" : 0,
    "shouldDisplayMessage" : false,
    "hasContent" : false
  }, {
    "name" : "_session_faker",
    "time" : {
      "start" : 1692491878520,
      "stop" : 1692491878626,
      "duration" : 106
    },
    "status" : "passed",
    "steps" : [ ],
    "attachments" : [ ],
    "parameters" : [ ],
    "stepsCount" : 0,
    "attachmentsCount" : 0,
    "shouldDisplayMessage" : false,
    "hasContent" : false
  }, {
    "name" : "driver",
    "time" : {
      "start" : 1692492367999,
      "stop" : 1692492369113,
      "duration" : 1114
    },
    "status" : "passed",
    "steps" : [ ],
    "attachments" : [ ],
    "parameters" : [ ],
    "stepsCount" : 0,
    "attachmentsCount" : 0,
    "shouldDisplayMessage" : false,
    "hasContent" : false
  }, {
    "name" : "forgot_psw_page",
    "time" : {
      "start" : 1692492369113,
      "stop" : 1692492370583,
      "duration" : 1470
    },
    "status" : "passed",
    "steps" : [ {
      "name" : "Open a browser",
      "time" : {
        "start" : 1692492369114,
        "stop" : 1692492370583,
        "duration" : 1469
      },
      "status" : "passed",
      "steps" : [ ],
      "attachments" : [ ],
      "parameters" : [ ],
      "stepsCount" : 0,
      "attachmentsCount" : 0,
      "shouldDisplayMessage" : false,
      "hasContent" : false
    } ],
    "attachments" : [ ],
    "parameters" : [ ],
    "stepsCount" : 1,
    "attachmentsCount" : 0,
    "shouldDisplayMessage" : false,
    "hasContent" : true
  } ],
  "testStage" : {
    "description" : "Check error message on attempt to reset password with empty captcha input field",
    "status" : "broken",
    "statusMessage" : "selenium.common.exceptions.TimeoutException: Message: \nStacktrace:\n#0 0x55fd224c9613 <unknown>\n#1 0x55fd221f5537 <unknown>\n#2 0x55fd22233f53 <unknown>\n#3 0x55fd22234041 <unknown>\n#4 0x55fd2226f2a4 <unknown>\n#5 0x55fd22254a5d <unknown>\n#6 0x55fd2226cd09 <unknown>\n#7 0x55fd22254803 <unknown>\n#8 0x55fd2222868b <unknown>\n#9 0x55fd2222942e <unknown>\n#10 0x55fd2248ac28 <unknown>\n#11 0x55fd2248eaf7 <unknown>\n#12 0x55fd2249901c <unknown>\n#13 0x55fd2248f723 <unknown>\n#14 0x55fd2245e457 <unknown>\n#15 0x55fd224b3628 <unknown>\n#16 0x55fd224b37b7 <unknown>\n#17 0x55fd224c2483 <unknown>\n#18 0x7f5aa6b55b43 <unknown>",
    "statusTrace" : "self = <test_forgot_your_password.TestForgotYourPasswordFunctionality object at 0x7fd3cef332d0>\ndriver = <selenium.webdriver.chrome.webdriver.WebDriver (session=\"65fd67dbf4d065e281000f6ea207f474\")>\nforgot_psw_page = <pages.forgot_your_password_page.ForgotYourPasswordPage object at 0x7fd3cf80f250>\n\n    @allure.title('TC 17.01.26 Verify error on resetting My Password with empty captcha')\n    def test_17_01_26_error_if_reset_my_password_with_empty_captcha(self, driver, forgot_psw_page):\n        \"\"\"Check error message on attempt to reset password with empty captcha input field\"\"\"\n        forgot_psw_page.fill_in_email_field(credentials['valid_email'])\n        forgot_psw_page.click_reset_my_password_button()\n>       error_message = forgot_psw_page.get_error_captcha_input_is_required()\n\ntests/test_forgot_your_password.py:207: \n_ _ _ _ _ _ _ _ _ _ _ _ _ _ _ _ _ _ _ _ _ _ _ _ _ _ _ _ _ _ _ _ _ _ _ _ _ _ _ _ \npages/forgot_your_password_page.py:149: in get_error_captcha_input_is_required\n    return self.get_error_message(self.locators.RESET_MY_PASSWORD_CAPTCHA_ERROR)\npages/base_page.py:337: in get_error_message\n    error = self.element_is_visible(locator)\npages/base_page.py:29: in element_is_visible\n    self.go_to_element(self.element_is_present(locator))\npages/base_page.py:50: in element_is_present\n    return wait(self.driver, timeout).until(EC.presence_of_element_located(locator))\n_ _ _ _ _ _ _ _ _ _ _ _ _ _ _ _ _ _ _ _ _ _ _ _ _ _ _ _ _ _ _ _ _ _ _ _ _ _ _ _ \n\nself = <selenium.webdriver.support.wait.WebDriverWait (session=\"65fd67dbf4d065e281000f6ea207f474\")>\nmethod = <function presence_of_element_located.<locals>._predicate at 0x7fd3cdb4b4c0>\nmessage = ''\n\n    def until(self, method, message: str = \"\"):\n        \"\"\"Calls the method provided with the driver as an argument until the \\\n        return value does not evaluate to ``False``.\n    \n        :param method: callable(WebDriver)\n        :param message: optional message for :exc:`TimeoutException`\n        :returns: the result of the last call to `method`\n        :raises: :exc:`selenium.common.exceptions.TimeoutException` if timeout occurs\n        \"\"\"\n        screen = None\n        stacktrace = None\n    \n        end_time = time.monotonic() + self._timeout\n        while True:\n            try:\n                value = method(self._driver)\n                if value:\n                    return value\n            except self._ignored_exceptions as exc:\n                screen = getattr(exc, \"screen\", None)\n                stacktrace = getattr(exc, \"stacktrace\", None)\n            time.sleep(self._poll)\n            if time.monotonic() > end_time:\n                break\n>       raise TimeoutException(message, screen, stacktrace)\nE       selenium.common.exceptions.TimeoutException: Message: \nE       Stacktrace:\nE       #0 0x55fd224c9613 <unknown>\nE       #1 0x55fd221f5537 <unknown>\nE       #2 0x55fd22233f53 <unknown>\nE       #3 0x55fd22234041 <unknown>\nE       #4 0x55fd2226f2a4 <unknown>\nE       #5 0x55fd22254a5d <unknown>\nE       #6 0x55fd2226cd09 <unknown>\nE       #7 0x55fd22254803 <unknown>\nE       #8 0x55fd2222868b <unknown>\nE       #9 0x55fd2222942e <unknown>\nE       #10 0x55fd2248ac28 <unknown>\nE       #11 0x55fd2248eaf7 <unknown>\nE       #12 0x55fd2249901c <unknown>\nE       #13 0x55fd2248f723 <unknown>\nE       #14 0x55fd2245e457 <unknown>\nE       #15 0x55fd224b3628 <unknown>\nE       #16 0x55fd224b37b7 <unknown>\nE       #17 0x55fd224c2483 <unknown>\nE       #18 0x7f5aa6b55b43 <unknown>\n\n/opt/hostedtoolcache/Python/3.11.4/x64/lib/python3.11/site-packages/selenium/webdriver/support/wait.py:95: TimeoutException",
    "steps" : [ {
      "name" : "Fill in Email field",
      "time" : {
        "start" : 1692492370584,
        "stop" : 1692492370871,
        "duration" : 287
      },
      "status" : "passed",
      "steps" : [ {
        "name" : "Check FYP Email field is clickable",
        "time" : {
          "start" : 1692492370584,
          "stop" : 1692492370629,
          "duration" : 45
        },
        "status" : "passed",
        "steps" : [ {
          "name" : "Find clickable elements",
          "time" : {
            "start" : 1692492370584,
            "stop" : 1692492370629,
            "duration" : 45
          },
          "status" : "passed",
          "steps" : [ ],
          "attachments" : [ ],
          "parameters" : [ {
            "name" : "locator",
            "value" : "('css selector', '#email_address')"
          }, {
            "name" : "timeout",
            "value" : "5"
          } ],
          "stepsCount" : 0,
          "attachmentsCount" : 0,
          "shouldDisplayMessage" : false,
          "hasContent" : true
        } ],
        "attachments" : [ ],
        "parameters" : [ ],
        "stepsCount" : 1,
        "attachmentsCount" : 0,
        "shouldDisplayMessage" : false,
        "hasContent" : true
      }, {
        "name" : "Fill in a field",
        "time" : {
          "start" : 1692492370630,
          "stop" : 1692492370871,
          "duration" : 241
        },
        "status" : "passed",
        "steps" : [ {
          "name" : "Find clickable elements",
          "time" : {
            "start" : 1692492370630,
            "stop" : 1692492370649,
            "duration" : 19
          },
          "status" : "passed",
          "steps" : [ ],
          "attachments" : [ ],
          "parameters" : [ {
            "name" : "locator",
            "value" : "<selenium.webdriver.remote.webelement.WebElement (session=\"65fd67dbf4d065e281000f6ea207f474\", element=\"69BCA0925348809F9AE50F42077FE6C2_element_8\")>"
          }, {
            "name" : "timeout",
            "value" : "5"
          } ],
          "stepsCount" : 0,
          "attachmentsCount" : 0,
          "shouldDisplayMessage" : false,
          "hasContent" : true
        } ],
        "attachments" : [ ],
        "parameters" : [ {
          "name" : "locator",
          "value" : "<selenium.webdriver.remote.webelement.WebElement (session=\"65fd67dbf4d065e281000f6ea207f474\", element=\"69BCA0925348809F9AE50F42077FE6C2_element_8\")>"
        }, {
          "name" : "value",
          "value" : "'test130@mailinator.com'"
        } ],
        "stepsCount" : 1,
        "attachmentsCount" : 0,
        "shouldDisplayMessage" : false,
        "hasContent" : true
      } ],
      "attachments" : [ ],
      "parameters" : [ {
        "name" : "email",
        "value" : "'test130@mailinator.com'"
      } ],
      "stepsCount" : 4,
      "attachmentsCount" : 0,
      "shouldDisplayMessage" : false,
      "hasContent" : true
    }, {
      "name" : "Click on Reset My Password button button",
      "time" : {
        "start" : 1692492370871,
        "stop" : 1692492373705,
        "duration" : 2834
      },
      "status" : "passed",
      "steps" : [ {
        "name" : "Check Reset My Password button is clickable",
        "time" : {
          "start" : 1692492370872,
          "stop" : 1692492370897,
          "duration" : 25
        },
        "status" : "passed",
        "steps" : [ {
          "name" : "Find clickable elements",
          "time" : {
            "start" : 1692492370872,
            "stop" : 1692492370897,
            "duration" : 25
          },
          "status" : "passed",
          "steps" : [ ],
          "attachments" : [ ],
          "parameters" : [ {
            "name" : "locator",
            "value" : "('css selector', 'button[class=\"action submit primary\"]')"
          }, {
            "name" : "timeout",
            "value" : "5"
          } ],
          "stepsCount" : 0,
          "attachmentsCount" : 0,
          "shouldDisplayMessage" : false,
          "hasContent" : true
        } ],
        "attachments" : [ ],
        "parameters" : [ ],
        "stepsCount" : 1,
        "attachmentsCount" : 0,
        "shouldDisplayMessage" : false,
        "hasContent" : true
      } ],
      "attachments" : [ ],
      "parameters" : [ ],
      "stepsCount" : 2,
      "attachmentsCount" : 0,
      "shouldDisplayMessage" : false,
      "hasContent" : true
    }, {
      "name" : "Get error captcha input field required ",
      "time" : {
        "start" : 1692492373705,
        "stop" : 1692492378873,
        "duration" : 5168
      },
      "status" : "broken",
      "statusMessage" : "selenium.common.exceptions.TimeoutException: Message: \nStacktrace:\n#0 0x55fd224c9613 <unknown>\n#1 0x55fd221f5537 <unknown>\n#2 0x55fd22233f53 <unknown>\n#3 0x55fd22234041 <unknown>\n#4 0x55fd2226f2a4 <unknown>\n#5 0x55fd22254a5d <unknown>\n#6 0x55fd2226cd09 <unknown>\n#7 0x55fd22254803 <unknown>\n#8 0x55fd2222868b <unknown>\n#9 0x55fd2222942e <unknown>\n#10 0x55fd2248ac28 <unknown>\n#11 0x55fd2248eaf7 <unknown>\n#12 0x55fd2249901c <unknown>\n#13 0x55fd2248f723 <unknown>\n#14 0x55fd2245e457 <unknown>\n#15 0x55fd224b3628 <unknown>\n#16 0x55fd224b37b7 <unknown>\n#17 0x55fd224c2483 <unknown>\n#18 0x7f5aa6b55b43 <unknown>\n\n",
      "statusTrace" : "  File \"/opt/hostedtoolcache/Python/3.11.4/x64/lib/python3.11/site-packages/allure_commons/_allure.py\", line 192, in impl\n    return func(*a, **kw)\n           ^^^^^^^^^^^^^^\n  File \"/home/runner/work/luma_project/luma_project/pages/forgot_your_password_page.py\", line 149, in get_error_captcha_input_is_required\n    return self.get_error_message(self.locators.RESET_MY_PASSWORD_CAPTCHA_ERROR)\n           ^^^^^^^^^^^^^^^^^^^^^^^^^^^^^^^^^^^^^^^^^^^^^^^^^^^^^^^^^^^^^^^^^^^^^\n  File \"/opt/hostedtoolcache/Python/3.11.4/x64/lib/python3.11/site-packages/allure_commons/_allure.py\", line 192, in impl\n    return func(*a, **kw)\n           ^^^^^^^^^^^^^^\n  File \"/home/runner/work/luma_project/luma_project/pages/base_page.py\", line 337, in get_error_message\n    error = self.element_is_visible(locator)\n            ^^^^^^^^^^^^^^^^^^^^^^^^^^^^^^^^\n  File \"/opt/hostedtoolcache/Python/3.11.4/x64/lib/python3.11/site-packages/allure_commons/_allure.py\", line 192, in impl\n    return func(*a, **kw)\n           ^^^^^^^^^^^^^^\n  File \"/home/runner/work/luma_project/luma_project/pages/base_page.py\", line 29, in element_is_visible\n    self.go_to_element(self.element_is_present(locator))\n                       ^^^^^^^^^^^^^^^^^^^^^^^^^^^^^^^^\n  File \"/opt/hostedtoolcache/Python/3.11.4/x64/lib/python3.11/site-packages/allure_commons/_allure.py\", line 192, in impl\n    return func(*a, **kw)\n           ^^^^^^^^^^^^^^\n  File \"/home/runner/work/luma_project/luma_project/pages/base_page.py\", line 50, in element_is_present\n    return wait(self.driver, timeout).until(EC.presence_of_element_located(locator))\n           ^^^^^^^^^^^^^^^^^^^^^^^^^^^^^^^^^^^^^^^^^^^^^^^^^^^^^^^^^^^^^^^^^^^^^^^^^\n  File \"/opt/hostedtoolcache/Python/3.11.4/x64/lib/python3.11/site-packages/selenium/webdriver/support/wait.py\", line 95, in until\n    raise TimeoutException(message, screen, stacktrace)\n",
      "steps" : [ {
        "name" : "Get error message",
        "time" : {
          "start" : 1692492373705,
          "stop" : 1692492378873,
          "duration" : 5168
        },
        "status" : "broken",
        "statusMessage" : "selenium.common.exceptions.TimeoutException: Message: \nStacktrace:\n#0 0x55fd224c9613 <unknown>\n#1 0x55fd221f5537 <unknown>\n#2 0x55fd22233f53 <unknown>\n#3 0x55fd22234041 <unknown>\n#4 0x55fd2226f2a4 <unknown>\n#5 0x55fd22254a5d <unknown>\n#6 0x55fd2226cd09 <unknown>\n#7 0x55fd22254803 <unknown>\n#8 0x55fd2222868b <unknown>\n#9 0x55fd2222942e <unknown>\n#10 0x55fd2248ac28 <unknown>\n#11 0x55fd2248eaf7 <unknown>\n#12 0x55fd2249901c <unknown>\n#13 0x55fd2248f723 <unknown>\n#14 0x55fd2245e457 <unknown>\n#15 0x55fd224b3628 <unknown>\n#16 0x55fd224b37b7 <unknown>\n#17 0x55fd224c2483 <unknown>\n#18 0x7f5aa6b55b43 <unknown>\n\n",
        "statusTrace" : "  File \"/opt/hostedtoolcache/Python/3.11.4/x64/lib/python3.11/site-packages/allure_commons/_allure.py\", line 192, in impl\n    return func(*a, **kw)\n           ^^^^^^^^^^^^^^\n  File \"/home/runner/work/luma_project/luma_project/pages/base_page.py\", line 337, in get_error_message\n    error = self.element_is_visible(locator)\n            ^^^^^^^^^^^^^^^^^^^^^^^^^^^^^^^^\n  File \"/opt/hostedtoolcache/Python/3.11.4/x64/lib/python3.11/site-packages/allure_commons/_allure.py\", line 192, in impl\n    return func(*a, **kw)\n           ^^^^^^^^^^^^^^\n  File \"/home/runner/work/luma_project/luma_project/pages/base_page.py\", line 29, in element_is_visible\n    self.go_to_element(self.element_is_present(locator))\n                       ^^^^^^^^^^^^^^^^^^^^^^^^^^^^^^^^\n  File \"/opt/hostedtoolcache/Python/3.11.4/x64/lib/python3.11/site-packages/allure_commons/_allure.py\", line 192, in impl\n    return func(*a, **kw)\n           ^^^^^^^^^^^^^^\n  File \"/home/runner/work/luma_project/luma_project/pages/base_page.py\", line 50, in element_is_present\n    return wait(self.driver, timeout).until(EC.presence_of_element_located(locator))\n           ^^^^^^^^^^^^^^^^^^^^^^^^^^^^^^^^^^^^^^^^^^^^^^^^^^^^^^^^^^^^^^^^^^^^^^^^^\n  File \"/opt/hostedtoolcache/Python/3.11.4/x64/lib/python3.11/site-packages/selenium/webdriver/support/wait.py\", line 95, in until\n    raise TimeoutException(message, screen, stacktrace)\n",
        "steps" : [ {
          "name" : "Find a visible element",
          "time" : {
            "start" : 1692492373705,
            "stop" : 1692492378873,
            "duration" : 5168
          },
          "status" : "broken",
          "statusMessage" : "selenium.common.exceptions.TimeoutException: Message: \nStacktrace:\n#0 0x55fd224c9613 <unknown>\n#1 0x55fd221f5537 <unknown>\n#2 0x55fd22233f53 <unknown>\n#3 0x55fd22234041 <unknown>\n#4 0x55fd2226f2a4 <unknown>\n#5 0x55fd22254a5d <unknown>\n#6 0x55fd2226cd09 <unknown>\n#7 0x55fd22254803 <unknown>\n#8 0x55fd2222868b <unknown>\n#9 0x55fd2222942e <unknown>\n#10 0x55fd2248ac28 <unknown>\n#11 0x55fd2248eaf7 <unknown>\n#12 0x55fd2249901c <unknown>\n#13 0x55fd2248f723 <unknown>\n#14 0x55fd2245e457 <unknown>\n#15 0x55fd224b3628 <unknown>\n#16 0x55fd224b37b7 <unknown>\n#17 0x55fd224c2483 <unknown>\n#18 0x7f5aa6b55b43 <unknown>\n\n",
          "statusTrace" : "  File \"/opt/hostedtoolcache/Python/3.11.4/x64/lib/python3.11/site-packages/allure_commons/_allure.py\", line 192, in impl\n    return func(*a, **kw)\n           ^^^^^^^^^^^^^^\n  File \"/home/runner/work/luma_project/luma_project/pages/base_page.py\", line 29, in element_is_visible\n    self.go_to_element(self.element_is_present(locator))\n                       ^^^^^^^^^^^^^^^^^^^^^^^^^^^^^^^^\n  File \"/opt/hostedtoolcache/Python/3.11.4/x64/lib/python3.11/site-packages/allure_commons/_allure.py\", line 192, in impl\n    return func(*a, **kw)\n           ^^^^^^^^^^^^^^\n  File \"/home/runner/work/luma_project/luma_project/pages/base_page.py\", line 50, in element_is_present\n    return wait(self.driver, timeout).until(EC.presence_of_element_located(locator))\n           ^^^^^^^^^^^^^^^^^^^^^^^^^^^^^^^^^^^^^^^^^^^^^^^^^^^^^^^^^^^^^^^^^^^^^^^^^\n  File \"/opt/hostedtoolcache/Python/3.11.4/x64/lib/python3.11/site-packages/selenium/webdriver/support/wait.py\", line 95, in until\n    raise TimeoutException(message, screen, stacktrace)\n",
          "steps" : [ {
            "name" : "Find a present element",
            "time" : {
              "start" : 1692492373705,
              "stop" : 1692492378872,
              "duration" : 5167
            },
            "status" : "broken",
            "statusMessage" : "selenium.common.exceptions.TimeoutException: Message: \nStacktrace:\n#0 0x55fd224c9613 <unknown>\n#1 0x55fd221f5537 <unknown>\n#2 0x55fd22233f53 <unknown>\n#3 0x55fd22234041 <unknown>\n#4 0x55fd2226f2a4 <unknown>\n#5 0x55fd22254a5d <unknown>\n#6 0x55fd2226cd09 <unknown>\n#7 0x55fd22254803 <unknown>\n#8 0x55fd2222868b <unknown>\n#9 0x55fd2222942e <unknown>\n#10 0x55fd2248ac28 <unknown>\n#11 0x55fd2248eaf7 <unknown>\n#12 0x55fd2249901c <unknown>\n#13 0x55fd2248f723 <unknown>\n#14 0x55fd2245e457 <unknown>\n#15 0x55fd224b3628 <unknown>\n#16 0x55fd224b37b7 <unknown>\n#17 0x55fd224c2483 <unknown>\n#18 0x7f5aa6b55b43 <unknown>\n\n",
            "statusTrace" : "  File \"/opt/hostedtoolcache/Python/3.11.4/x64/lib/python3.11/site-packages/allure_commons/_allure.py\", line 192, in impl\n    return func(*a, **kw)\n           ^^^^^^^^^^^^^^\n  File \"/home/runner/work/luma_project/luma_project/pages/base_page.py\", line 50, in element_is_present\n    return wait(self.driver, timeout).until(EC.presence_of_element_located(locator))\n           ^^^^^^^^^^^^^^^^^^^^^^^^^^^^^^^^^^^^^^^^^^^^^^^^^^^^^^^^^^^^^^^^^^^^^^^^^\n  File \"/opt/hostedtoolcache/Python/3.11.4/x64/lib/python3.11/site-packages/selenium/webdriver/support/wait.py\", line 95, in until\n    raise TimeoutException(message, screen, stacktrace)\n",
            "steps" : [ ],
            "attachments" : [ ],
            "parameters" : [ {
              "name" : "locator",
              "value" : "('css selector', '#captcha_user_forgotpassword-error')"
            }, {
              "name" : "timeout",
              "value" : "5"
            } ],
            "stepsCount" : 0,
            "attachmentsCount" : 0,
            "shouldDisplayMessage" : true,
            "hasContent" : true
          } ],
          "attachments" : [ ],
          "parameters" : [ {
            "name" : "locator",
            "value" : "('css selector', '#captcha_user_forgotpassword-error')"
          }, {
            "name" : "timeout",
            "value" : "10"
          } ],
          "stepsCount" : 1,
          "attachmentsCount" : 0,
          "shouldDisplayMessage" : false,
          "hasContent" : true
        } ],
        "attachments" : [ ],
        "parameters" : [ {
          "name" : "locator",
          "value" : "('css selector', '#captcha_user_forgotpassword-error')"
        } ],
        "stepsCount" : 2,
        "attachmentsCount" : 0,
        "shouldDisplayMessage" : false,
        "hasContent" : true
      } ],
      "attachments" : [ ],
      "parameters" : [ ],
      "stepsCount" : 3,
      "attachmentsCount" : 0,
      "shouldDisplayMessage" : false,
      "hasContent" : true
    } ],
    "attachments" : [ {
      "uid" : "9812282547f7856b",
      "name" : "Screenshot",
      "source" : "9812282547f7856b.png",
      "type" : "image/png",
      "size" : 76489
    }, {
      "uid" : "4faf620a8f3d75cd",
      "name" : "HTML source",
      "source" : "4faf620a8f3d75cd.html",
      "type" : "text/html",
      "size" : 79988
    } ],
    "parameters" : [ ],
    "stepsCount" : 12,
    "attachmentsCount" : 2,
    "shouldDisplayMessage" : true,
    "hasContent" : true
  },
  "afterStages" : [ {
    "name" : "clear_allure_result_folder::0",
    "time" : {
      "start" : 1692493453684,
      "stop" : 1692493453684,
      "duration" : 0
    },
    "status" : "passed",
    "steps" : [ ],
    "attachments" : [ ],
    "parameters" : [ ],
    "stepsCount" : 0,
    "attachmentsCount" : 0,
    "shouldDisplayMessage" : false,
    "hasContent" : false
  }, {
    "name" : "driver::0",
    "time" : {
      "start" : 1692492379078,
      "stop" : 1692492379143,
      "duration" : 65
    },
    "status" : "passed",
    "steps" : [ ],
    "attachments" : [ ],
    "parameters" : [ ],
    "stepsCount" : 0,
    "attachmentsCount" : 0,
    "shouldDisplayMessage" : false,
    "hasContent" : false
  } ],
  "labels" : [ {
    "name" : "epic",
    "value" : "Forgot Your Password Functionality"
  }, {
    "name" : "parentSuite",
    "value" : "tests"
  }, {
    "name" : "suite",
    "value" : "test_forgot_your_password"
  }, {
    "name" : "subSuite",
    "value" : "TestForgotYourPasswordFunctionality"
  }, {
    "name" : "host",
    "value" : "fv-az626-196"
  }, {
    "name" : "thread",
    "value" : "3314-MainThread"
  }, {
    "name" : "framework",
    "value" : "pytest"
  }, {
    "name" : "language",
    "value" : "cpython3"
  }, {
    "name" : "package",
    "value" : "tests.test_forgot_your_password"
  }, {
    "name" : "resultFormat",
    "value" : "allure2"
  } ],
  "parameters" : [ ],
  "links" : [ ],
  "hidden" : false,
  "retry" : false,
  "extra" : {
    "severity" : "normal",
    "retries" : [ ],
    "categories" : [ {
      "name" : "Test defects",
      "matchedStatuses" : [ ],
      "flaky" : false
    } ],
    "tags" : [ ]
  },
  "source" : "2735f9829af2c02f.json",
  "parameterValues" : [ ]
}