{
  "uid" : "278243ef2c3d3fe2",
  "name" : "TC 17.01.24 Verify Error on resetting My Password with invalid captcha",
  "fullName" : "tests.test_forgot_your_password.TestForgotYourPasswordFunctionality#test_17_01_24_error_if_reset_my_password_with_invalid_captcha",
  "historyId" : "05aeb6a6852588ab78868f39355c5ff9",
  "time" : {
    "start" : 1695516411113,
    "stop" : 1695516416688,
    "duration" : 5575
  },
  "description" : "Check error message on attempt to reset password with invalid captcha",
  "descriptionHtml" : "<p>Check error message on attempt to reset password with invalid captcha</p>\n",
  "status" : "broken",
  "statusMessage" : "selenium.common.exceptions.TimeoutException: Message: \nStacktrace:\n#0 0x55fba66516c3 <unknown>\n#1 0x55fba63271e7 <unknown>\n#2 0x55fba636e566 <unknown>\n#3 0x55fba636e651 <unknown>\n#4 0x55fba63aba74 <unknown>\n#5 0x55fba63900ed <unknown>\n#6 0x55fba63a9322 <unknown>\n#7 0x55fba638fe93 <unknown>\n#8 0x55fba6362934 <unknown>\n#9 0x55fba636371e <unknown>\n#10 0x55fba6616cc8 <unknown>\n#11 0x55fba661ac00 <unknown>\n#12 0x55fba66251ac <unknown>\n#13 0x55fba661b818 <unknown>\n#14 0x55fba65e828f <unknown>\n#15 0x55fba663fe98 <unknown>\n#16 0x55fba6640069 <unknown>\n#17 0x55fba6650853 <unknown>\n#18 0x7f6ae5c94b43 <unknown>",
  "statusTrace" : "self = <test_forgot_your_password.TestForgotYourPasswordFunctionality object at 0x7f9a4ed74850>\ndriver = <selenium.webdriver.chrome.webdriver.WebDriver (session=\"5af99cb3fa1755d81b6a4be349b8a29e\")>\nforgot_psw_page = <pages.forgot_your_password_page.ForgotYourPasswordPage object at 0x7f9a4f40ecd0>\n\n    @allure.title('TC 17.01.24 Verify Error on resetting My Password with invalid captcha')\n    def test_17_01_24_error_if_reset_my_password_with_invalid_captcha(self, driver, forgot_psw_page):\n        \"\"\"Check error message on attempt to reset password with invalid captcha\"\"\"\n        forgot_psw_page.fill_in_email_field(credentials['valid_email'])\n>       forgot_psw_page.fill_in_forgot_psw_captcha_field(captcha)\n\ntests/test_forgot_your_password.py:187: \n_ _ _ _ _ _ _ _ _ _ _ _ _ _ _ _ _ _ _ _ _ _ _ _ _ _ _ _ _ _ _ _ _ _ _ _ _ _ _ _ \npages/forgot_your_password_page.py:84: in fill_in_forgot_psw_captcha_field\n    return self.fill_in_field(self.check_forgot_psw_captcha_field_is_clickable(), text)\npages/forgot_your_password_page.py:59: in check_forgot_psw_captcha_field_is_clickable\n    return self.element_is_clickable(self.locators.FORGOT_YOUR_PASSWORD_CAPTCHA)\npages/base_page.py:80: in element_is_clickable\n    return wait(self.driver, timeout).until(EC.element_to_be_clickable(locator))\n_ _ _ _ _ _ _ _ _ _ _ _ _ _ _ _ _ _ _ _ _ _ _ _ _ _ _ _ _ _ _ _ _ _ _ _ _ _ _ _ \n\nself = <selenium.webdriver.support.wait.WebDriverWait (session=\"5af99cb3fa1755d81b6a4be349b8a29e\")>\nmethod = <function element_to_be_clickable.<locals>._predicate at 0x7f9a4f3794e0>\nmessage = ''\n\n    def until(self, method, message: str = \"\"):\n        \"\"\"Calls the method provided with the driver as an argument until the \\\n        return value does not evaluate to ``False``.\n    \n        :param method: callable(WebDriver)\n        :param message: optional message for :exc:`TimeoutException`\n        :returns: the result of the last call to `method`\n        :raises: :exc:`selenium.common.exceptions.TimeoutException` if timeout occurs\n        \"\"\"\n        screen = None\n        stacktrace = None\n    \n        end_time = time.monotonic() + self._timeout\n        while True:\n            try:\n                value = method(self._driver)\n                if value:\n                    return value\n            except self._ignored_exceptions as exc:\n                screen = getattr(exc, \"screen\", None)\n                stacktrace = getattr(exc, \"stacktrace\", None)\n            time.sleep(self._poll)\n            if time.monotonic() > end_time:\n                break\n>       raise TimeoutException(message, screen, stacktrace)\nE       selenium.common.exceptions.TimeoutException: Message: \nE       Stacktrace:\nE       #0 0x55fba66516c3 <unknown>\nE       #1 0x55fba63271e7 <unknown>\nE       #2 0x55fba636e566 <unknown>\nE       #3 0x55fba636e651 <unknown>\nE       #4 0x55fba63aba74 <unknown>\nE       #5 0x55fba63900ed <unknown>\nE       #6 0x55fba63a9322 <unknown>\nE       #7 0x55fba638fe93 <unknown>\nE       #8 0x55fba6362934 <unknown>\nE       #9 0x55fba636371e <unknown>\nE       #10 0x55fba6616cc8 <unknown>\nE       #11 0x55fba661ac00 <unknown>\nE       #12 0x55fba66251ac <unknown>\nE       #13 0x55fba661b818 <unknown>\nE       #14 0x55fba65e828f <unknown>\nE       #15 0x55fba663fe98 <unknown>\nE       #16 0x55fba6640069 <unknown>\nE       #17 0x55fba6650853 <unknown>\nE       #18 0x7f6ae5c94b43 <unknown>\n\n/opt/hostedtoolcache/Python/3.11.5/x64/lib/python3.11/site-packages/selenium/webdriver/support/wait.py:95: TimeoutException",
  "flaky" : false,
  "newFailed" : false,
  "beforeStages" : [ {
    "name" : "_session_faker",
    "time" : {
      "start" : 1695515982889,
      "stop" : 1695515982964,
      "duration" : 75
    },
    "status" : "passed",
    "steps" : [ ],
    "attachments" : [ ],
    "parameters" : [ ],
    "stepsCount" : 0,
    "attachmentsCount" : 0,
    "shouldDisplayMessage" : false,
    "hasContent" : false
  }, {
    "name" : "driver",
    "time" : {
      "start" : 1695516408933,
      "stop" : 1695516410028,
      "duration" : 1095
    },
    "status" : "passed",
    "steps" : [ ],
    "attachments" : [ ],
    "parameters" : [ ],
    "stepsCount" : 0,
    "attachmentsCount" : 0,
    "shouldDisplayMessage" : false,
    "hasContent" : false
  }, {
    "name" : "clear_allure_result_folder",
    "time" : {
      "start" : 1695515982964,
      "stop" : 1695515982965,
      "duration" : 1
    },
    "status" : "passed",
    "steps" : [ ],
    "attachments" : [ ],
    "parameters" : [ ],
    "stepsCount" : 0,
    "attachmentsCount" : 0,
    "shouldDisplayMessage" : false,
    "hasContent" : false
  }, {
    "name" : "forgot_psw_page",
    "time" : {
      "start" : 1695516410028,
      "stop" : 1695516411113,
      "duration" : 1085
    },
    "status" : "passed",
    "steps" : [ {
      "name" : "Open a browser",
      "time" : {
        "start" : 1695516410028,
        "stop" : 1695516411113,
        "duration" : 1085
      },
      "status" : "passed",
      "steps" : [ ],
      "attachments" : [ ],
      "parameters" : [ ],
      "stepsCount" : 0,
      "attachmentsCount" : 0,
      "shouldDisplayMessage" : false,
      "hasContent" : false
    } ],
    "attachments" : [ ],
    "parameters" : [ ],
    "stepsCount" : 1,
    "attachmentsCount" : 0,
    "shouldDisplayMessage" : false,
    "hasContent" : true
  } ],
  "testStage" : {
    "description" : "Check error message on attempt to reset password with invalid captcha",
    "status" : "broken",
    "statusMessage" : "selenium.common.exceptions.TimeoutException: Message: \nStacktrace:\n#0 0x55fba66516c3 <unknown>\n#1 0x55fba63271e7 <unknown>\n#2 0x55fba636e566 <unknown>\n#3 0x55fba636e651 <unknown>\n#4 0x55fba63aba74 <unknown>\n#5 0x55fba63900ed <unknown>\n#6 0x55fba63a9322 <unknown>\n#7 0x55fba638fe93 <unknown>\n#8 0x55fba6362934 <unknown>\n#9 0x55fba636371e <unknown>\n#10 0x55fba6616cc8 <unknown>\n#11 0x55fba661ac00 <unknown>\n#12 0x55fba66251ac <unknown>\n#13 0x55fba661b818 <unknown>\n#14 0x55fba65e828f <unknown>\n#15 0x55fba663fe98 <unknown>\n#16 0x55fba6640069 <unknown>\n#17 0x55fba6650853 <unknown>\n#18 0x7f6ae5c94b43 <unknown>",
    "statusTrace" : "self = <test_forgot_your_password.TestForgotYourPasswordFunctionality object at 0x7f9a4ed74850>\ndriver = <selenium.webdriver.chrome.webdriver.WebDriver (session=\"5af99cb3fa1755d81b6a4be349b8a29e\")>\nforgot_psw_page = <pages.forgot_your_password_page.ForgotYourPasswordPage object at 0x7f9a4f40ecd0>\n\n    @allure.title('TC 17.01.24 Verify Error on resetting My Password with invalid captcha')\n    def test_17_01_24_error_if_reset_my_password_with_invalid_captcha(self, driver, forgot_psw_page):\n        \"\"\"Check error message on attempt to reset password with invalid captcha\"\"\"\n        forgot_psw_page.fill_in_email_field(credentials['valid_email'])\n>       forgot_psw_page.fill_in_forgot_psw_captcha_field(captcha)\n\ntests/test_forgot_your_password.py:187: \n_ _ _ _ _ _ _ _ _ _ _ _ _ _ _ _ _ _ _ _ _ _ _ _ _ _ _ _ _ _ _ _ _ _ _ _ _ _ _ _ \npages/forgot_your_password_page.py:84: in fill_in_forgot_psw_captcha_field\n    return self.fill_in_field(self.check_forgot_psw_captcha_field_is_clickable(), text)\npages/forgot_your_password_page.py:59: in check_forgot_psw_captcha_field_is_clickable\n    return self.element_is_clickable(self.locators.FORGOT_YOUR_PASSWORD_CAPTCHA)\npages/base_page.py:80: in element_is_clickable\n    return wait(self.driver, timeout).until(EC.element_to_be_clickable(locator))\n_ _ _ _ _ _ _ _ _ _ _ _ _ _ _ _ _ _ _ _ _ _ _ _ _ _ _ _ _ _ _ _ _ _ _ _ _ _ _ _ \n\nself = <selenium.webdriver.support.wait.WebDriverWait (session=\"5af99cb3fa1755d81b6a4be349b8a29e\")>\nmethod = <function element_to_be_clickable.<locals>._predicate at 0x7f9a4f3794e0>\nmessage = ''\n\n    def until(self, method, message: str = \"\"):\n        \"\"\"Calls the method provided with the driver as an argument until the \\\n        return value does not evaluate to ``False``.\n    \n        :param method: callable(WebDriver)\n        :param message: optional message for :exc:`TimeoutException`\n        :returns: the result of the last call to `method`\n        :raises: :exc:`selenium.common.exceptions.TimeoutException` if timeout occurs\n        \"\"\"\n        screen = None\n        stacktrace = None\n    \n        end_time = time.monotonic() + self._timeout\n        while True:\n            try:\n                value = method(self._driver)\n                if value:\n                    return value\n            except self._ignored_exceptions as exc:\n                screen = getattr(exc, \"screen\", None)\n                stacktrace = getattr(exc, \"stacktrace\", None)\n            time.sleep(self._poll)\n            if time.monotonic() > end_time:\n                break\n>       raise TimeoutException(message, screen, stacktrace)\nE       selenium.common.exceptions.TimeoutException: Message: \nE       Stacktrace:\nE       #0 0x55fba66516c3 <unknown>\nE       #1 0x55fba63271e7 <unknown>\nE       #2 0x55fba636e566 <unknown>\nE       #3 0x55fba636e651 <unknown>\nE       #4 0x55fba63aba74 <unknown>\nE       #5 0x55fba63900ed <unknown>\nE       #6 0x55fba63a9322 <unknown>\nE       #7 0x55fba638fe93 <unknown>\nE       #8 0x55fba6362934 <unknown>\nE       #9 0x55fba636371e <unknown>\nE       #10 0x55fba6616cc8 <unknown>\nE       #11 0x55fba661ac00 <unknown>\nE       #12 0x55fba66251ac <unknown>\nE       #13 0x55fba661b818 <unknown>\nE       #14 0x55fba65e828f <unknown>\nE       #15 0x55fba663fe98 <unknown>\nE       #16 0x55fba6640069 <unknown>\nE       #17 0x55fba6650853 <unknown>\nE       #18 0x7f6ae5c94b43 <unknown>\n\n/opt/hostedtoolcache/Python/3.11.5/x64/lib/python3.11/site-packages/selenium/webdriver/support/wait.py:95: TimeoutException",
    "steps" : [ {
      "name" : "Fill in Email field",
      "time" : {
        "start" : 1695516411113,
        "stop" : 1695516411501,
        "duration" : 388
      },
      "status" : "passed",
      "steps" : [ {
        "name" : "Check FYP Email field is clickable",
        "time" : {
          "start" : 1695516411113,
          "stop" : 1695516411150,
          "duration" : 37
        },
        "status" : "passed",
        "steps" : [ {
          "name" : "Find clickable elements",
          "time" : {
            "start" : 1695516411113,
            "stop" : 1695516411150,
            "duration" : 37
          },
          "status" : "passed",
          "steps" : [ ],
          "attachments" : [ ],
          "parameters" : [ {
            "name" : "locator",
            "value" : "('css selector', '#email_address')"
          }, {
            "name" : "timeout",
            "value" : "5"
          } ],
          "stepsCount" : 0,
          "attachmentsCount" : 0,
          "shouldDisplayMessage" : false,
          "hasContent" : true
        } ],
        "attachments" : [ ],
        "parameters" : [ ],
        "stepsCount" : 1,
        "attachmentsCount" : 0,
        "shouldDisplayMessage" : false,
        "hasContent" : true
      }, {
        "name" : "Fill in a field",
        "time" : {
          "start" : 1695516411150,
          "stop" : 1695516411501,
          "duration" : 351
        },
        "status" : "passed",
        "steps" : [ {
          "name" : "Find clickable elements",
          "time" : {
            "start" : 1695516411151,
            "stop" : 1695516411168,
            "duration" : 17
          },
          "status" : "passed",
          "steps" : [ ],
          "attachments" : [ ],
          "parameters" : [ {
            "name" : "locator",
            "value" : "<selenium.webdriver.remote.webelement.WebElement (session=\"5af99cb3fa1755d81b6a4be349b8a29e\", element=\"BA114AB96CD488EA5024AD3E2B61B482_element_4\")>"
          }, {
            "name" : "timeout",
            "value" : "5"
          } ],
          "stepsCount" : 0,
          "attachmentsCount" : 0,
          "shouldDisplayMessage" : false,
          "hasContent" : true
        } ],
        "attachments" : [ ],
        "parameters" : [ {
          "name" : "locator",
          "value" : "<selenium.webdriver.remote.webelement.WebElement (session=\"5af99cb3fa1755d81b6a4be349b8a29e\", element=\"BA114AB96CD488EA5024AD3E2B61B482_element_4\")>"
        }, {
          "name" : "value",
          "value" : "'test130@mailinator.com'"
        } ],
        "stepsCount" : 1,
        "attachmentsCount" : 0,
        "shouldDisplayMessage" : false,
        "hasContent" : true
      } ],
      "attachments" : [ ],
      "parameters" : [ {
        "name" : "email",
        "value" : "'test130@mailinator.com'"
      } ],
      "stepsCount" : 4,
      "attachmentsCount" : 0,
      "shouldDisplayMessage" : false,
      "hasContent" : true
    }, {
      "name" : "Fill in FYP Email field",
      "time" : {
        "start" : 1695516411501,
        "stop" : 1695516416688,
        "duration" : 5187
      },
      "status" : "broken",
      "statusMessage" : "selenium.common.exceptions.TimeoutException: Message: \nStacktrace:\n#0 0x55fba66516c3 <unknown>\n#1 0x55fba63271e7 <unknown>\n#2 0x55fba636e566 <unknown>\n#3 0x55fba636e651 <unknown>\n#4 0x55fba63aba74 <unknown>\n#5 0x55fba63900ed <unknown>\n#6 0x55fba63a9322 <unknown>\n#7 0x55fba638fe93 <unknown>\n#8 0x55fba6362934 <unknown>\n#9 0x55fba636371e <unknown>\n#10 0x55fba6616cc8 <unknown>\n#11 0x55fba661ac00 <unknown>\n#12 0x55fba66251ac <unknown>\n#13 0x55fba661b818 <unknown>\n#14 0x55fba65e828f <unknown>\n#15 0x55fba663fe98 <unknown>\n#16 0x55fba6640069 <unknown>\n#17 0x55fba6650853 <unknown>\n#18 0x7f6ae5c94b43 <unknown>\n\n",
      "statusTrace" : "  File \"/opt/hostedtoolcache/Python/3.11.5/x64/lib/python3.11/site-packages/allure_commons/_allure.py\", line 192, in impl\n    return func(*a, **kw)\n           ^^^^^^^^^^^^^^\n  File \"/home/runner/work/luma_project/luma_project/pages/forgot_your_password_page.py\", line 84, in fill_in_forgot_psw_captcha_field\n    return self.fill_in_field(self.check_forgot_psw_captcha_field_is_clickable(), text)\n                              ^^^^^^^^^^^^^^^^^^^^^^^^^^^^^^^^^^^^^^^^^^^^^^^^^^\n  File \"/opt/hostedtoolcache/Python/3.11.5/x64/lib/python3.11/site-packages/allure_commons/_allure.py\", line 192, in impl\n    return func(*a, **kw)\n           ^^^^^^^^^^^^^^\n  File \"/home/runner/work/luma_project/luma_project/pages/forgot_your_password_page.py\", line 59, in check_forgot_psw_captcha_field_is_clickable\n    return self.element_is_clickable(self.locators.FORGOT_YOUR_PASSWORD_CAPTCHA)\n           ^^^^^^^^^^^^^^^^^^^^^^^^^^^^^^^^^^^^^^^^^^^^^^^^^^^^^^^^^^^^^^^^^^^^^\n  File \"/opt/hostedtoolcache/Python/3.11.5/x64/lib/python3.11/site-packages/allure_commons/_allure.py\", line 192, in impl\n    return func(*a, **kw)\n           ^^^^^^^^^^^^^^\n  File \"/home/runner/work/luma_project/luma_project/pages/base_page.py\", line 80, in element_is_clickable\n    return wait(self.driver, timeout).until(EC.element_to_be_clickable(locator))\n           ^^^^^^^^^^^^^^^^^^^^^^^^^^^^^^^^^^^^^^^^^^^^^^^^^^^^^^^^^^^^^^^^^^^^^\n  File \"/opt/hostedtoolcache/Python/3.11.5/x64/lib/python3.11/site-packages/selenium/webdriver/support/wait.py\", line 95, in until\n    raise TimeoutException(message, screen, stacktrace)\n",
      "steps" : [ {
        "name" : "Check FYP captcha input field is clickable",
        "time" : {
          "start" : 1695516411501,
          "stop" : 1695516416688,
          "duration" : 5187
        },
        "status" : "broken",
        "statusMessage" : "selenium.common.exceptions.TimeoutException: Message: \nStacktrace:\n#0 0x55fba66516c3 <unknown>\n#1 0x55fba63271e7 <unknown>\n#2 0x55fba636e566 <unknown>\n#3 0x55fba636e651 <unknown>\n#4 0x55fba63aba74 <unknown>\n#5 0x55fba63900ed <unknown>\n#6 0x55fba63a9322 <unknown>\n#7 0x55fba638fe93 <unknown>\n#8 0x55fba6362934 <unknown>\n#9 0x55fba636371e <unknown>\n#10 0x55fba6616cc8 <unknown>\n#11 0x55fba661ac00 <unknown>\n#12 0x55fba66251ac <unknown>\n#13 0x55fba661b818 <unknown>\n#14 0x55fba65e828f <unknown>\n#15 0x55fba663fe98 <unknown>\n#16 0x55fba6640069 <unknown>\n#17 0x55fba6650853 <unknown>\n#18 0x7f6ae5c94b43 <unknown>\n\n",
        "statusTrace" : "  File \"/opt/hostedtoolcache/Python/3.11.5/x64/lib/python3.11/site-packages/allure_commons/_allure.py\", line 192, in impl\n    return func(*a, **kw)\n           ^^^^^^^^^^^^^^\n  File \"/home/runner/work/luma_project/luma_project/pages/forgot_your_password_page.py\", line 59, in check_forgot_psw_captcha_field_is_clickable\n    return self.element_is_clickable(self.locators.FORGOT_YOUR_PASSWORD_CAPTCHA)\n           ^^^^^^^^^^^^^^^^^^^^^^^^^^^^^^^^^^^^^^^^^^^^^^^^^^^^^^^^^^^^^^^^^^^^^\n  File \"/opt/hostedtoolcache/Python/3.11.5/x64/lib/python3.11/site-packages/allure_commons/_allure.py\", line 192, in impl\n    return func(*a, **kw)\n           ^^^^^^^^^^^^^^\n  File \"/home/runner/work/luma_project/luma_project/pages/base_page.py\", line 80, in element_is_clickable\n    return wait(self.driver, timeout).until(EC.element_to_be_clickable(locator))\n           ^^^^^^^^^^^^^^^^^^^^^^^^^^^^^^^^^^^^^^^^^^^^^^^^^^^^^^^^^^^^^^^^^^^^^\n  File \"/opt/hostedtoolcache/Python/3.11.5/x64/lib/python3.11/site-packages/selenium/webdriver/support/wait.py\", line 95, in until\n    raise TimeoutException(message, screen, stacktrace)\n",
        "steps" : [ {
          "name" : "Find clickable elements",
          "time" : {
            "start" : 1695516411501,
            "stop" : 1695516416687,
            "duration" : 5186
          },
          "status" : "broken",
          "statusMessage" : "selenium.common.exceptions.TimeoutException: Message: \nStacktrace:\n#0 0x55fba66516c3 <unknown>\n#1 0x55fba63271e7 <unknown>\n#2 0x55fba636e566 <unknown>\n#3 0x55fba636e651 <unknown>\n#4 0x55fba63aba74 <unknown>\n#5 0x55fba63900ed <unknown>\n#6 0x55fba63a9322 <unknown>\n#7 0x55fba638fe93 <unknown>\n#8 0x55fba6362934 <unknown>\n#9 0x55fba636371e <unknown>\n#10 0x55fba6616cc8 <unknown>\n#11 0x55fba661ac00 <unknown>\n#12 0x55fba66251ac <unknown>\n#13 0x55fba661b818 <unknown>\n#14 0x55fba65e828f <unknown>\n#15 0x55fba663fe98 <unknown>\n#16 0x55fba6640069 <unknown>\n#17 0x55fba6650853 <unknown>\n#18 0x7f6ae5c94b43 <unknown>\n\n",
          "statusTrace" : "  File \"/opt/hostedtoolcache/Python/3.11.5/x64/lib/python3.11/site-packages/allure_commons/_allure.py\", line 192, in impl\n    return func(*a, **kw)\n           ^^^^^^^^^^^^^^\n  File \"/home/runner/work/luma_project/luma_project/pages/base_page.py\", line 80, in element_is_clickable\n    return wait(self.driver, timeout).until(EC.element_to_be_clickable(locator))\n           ^^^^^^^^^^^^^^^^^^^^^^^^^^^^^^^^^^^^^^^^^^^^^^^^^^^^^^^^^^^^^^^^^^^^^\n  File \"/opt/hostedtoolcache/Python/3.11.5/x64/lib/python3.11/site-packages/selenium/webdriver/support/wait.py\", line 95, in until\n    raise TimeoutException(message, screen, stacktrace)\n",
          "steps" : [ ],
          "attachments" : [ ],
          "parameters" : [ {
            "name" : "locator",
            "value" : "('css selector', '#captcha_user_forgotpassword')"
          }, {
            "name" : "timeout",
            "value" : "5"
          } ],
          "stepsCount" : 0,
          "attachmentsCount" : 0,
          "shouldDisplayMessage" : true,
          "hasContent" : true
        } ],
        "attachments" : [ ],
        "parameters" : [ ],
        "stepsCount" : 1,
        "attachmentsCount" : 0,
        "shouldDisplayMessage" : false,
        "hasContent" : true
      } ],
      "attachments" : [ ],
      "parameters" : [ {
        "name" : "text",
        "value" : "'xzbj1J'"
      } ],
      "stepsCount" : 2,
      "attachmentsCount" : 0,
      "shouldDisplayMessage" : false,
      "hasContent" : true
    } ],
    "attachments" : [ {
      "uid" : "6fb7f610487fe74a",
      "name" : "Screenshot",
      "source" : "6fb7f610487fe74a.png",
      "type" : "image/png",
      "size" : 73272
    }, {
      "uid" : "f57bf0112e30f412",
      "name" : "HTML source",
      "source" : "f57bf0112e30f412.html",
      "type" : "text/html",
      "size" : 78367
    } ],
    "parameters" : [ ],
    "stepsCount" : 8,
    "attachmentsCount" : 2,
    "shouldDisplayMessage" : true,
    "hasContent" : true
  },
  "afterStages" : [ {
    "name" : "driver::0",
    "time" : {
      "start" : 1695516416852,
      "stop" : 1695516416917,
      "duration" : 65
    },
    "status" : "passed",
    "steps" : [ ],
    "attachments" : [ ],
    "parameters" : [ ],
    "stepsCount" : 0,
    "attachmentsCount" : 0,
    "shouldDisplayMessage" : false,
    "hasContent" : false
  }, {
    "name" : "clear_allure_result_folder::0",
    "time" : {
      "start" : 1695517631857,
      "stop" : 1695517631857,
      "duration" : 0
    },
    "status" : "passed",
    "steps" : [ ],
    "attachments" : [ ],
    "parameters" : [ ],
    "stepsCount" : 0,
    "attachmentsCount" : 0,
    "shouldDisplayMessage" : false,
    "hasContent" : false
  } ],
  "labels" : [ {
    "name" : "epic",
    "value" : "Forgot Your Password Functionality"
  }, {
    "name" : "parentSuite",
    "value" : "tests"
  }, {
    "name" : "suite",
    "value" : "test_forgot_your_password"
  }, {
    "name" : "subSuite",
    "value" : "TestForgotYourPasswordFunctionality"
  }, {
    "name" : "host",
    "value" : "fv-az812-630"
  }, {
    "name" : "thread",
    "value" : "2998-MainThread"
  }, {
    "name" : "framework",
    "value" : "pytest"
  }, {
    "name" : "language",
    "value" : "cpython3"
  }, {
    "name" : "package",
    "value" : "tests.test_forgot_your_password"
  }, {
    "name" : "resultFormat",
    "value" : "allure2"
  } ],
  "parameters" : [ ],
  "links" : [ ],
  "hidden" : false,
  "retry" : false,
  "extra" : {
    "severity" : "normal",
    "retries" : [ ],
    "categories" : [ {
      "name" : "Test defects",
      "matchedStatuses" : [ ],
      "flaky" : false
    } ],
    "tags" : [ ]
  },
  "source" : "278243ef2c3d3fe2.json",
  "parameterValues" : [ ]
}