{
  "uid" : "2bada8ecb4ece538",
  "name" : "TC 17.01.25 Verify error on resetting My Password with empty email",
  "fullName" : "tests.test_forgot_your_password.TestForgotYourPasswordFunctionality#test_17_01_25_error_if_reset_my_password_with_empty_email",
  "historyId" : "3fc451d87c8653c0431c5bf955165f1b",
  "time" : {
    "start" : 1692492362631,
    "stop" : 1692492367756,
    "duration" : 5125
  },
  "description" : "Check error message on attempt to reset password with empty email field",
  "descriptionHtml" : "<p>Check error message on attempt to reset password with empty email field</p>\n",
  "status" : "broken",
  "statusMessage" : "selenium.common.exceptions.TimeoutException: Message: \nStacktrace:\n#0 0x55802f39d613 <unknown>\n#1 0x55802f0c9537 <unknown>\n#2 0x55802f107f53 <unknown>\n#3 0x55802f108041 <unknown>\n#4 0x55802f1432a4 <unknown>\n#5 0x55802f128a5d <unknown>\n#6 0x55802f140d09 <unknown>\n#7 0x55802f128803 <unknown>\n#8 0x55802f0fc68b <unknown>\n#9 0x55802f0fd42e <unknown>\n#10 0x55802f35ec28 <unknown>\n#11 0x55802f362af7 <unknown>\n#12 0x55802f36d01c <unknown>\n#13 0x55802f363723 <unknown>\n#14 0x55802f332457 <unknown>\n#15 0x55802f387628 <unknown>\n#16 0x55802f3877b7 <unknown>\n#17 0x55802f396483 <unknown>\n#18 0x7f81f0858b43 <unknown>",
  "statusTrace" : "self = <test_forgot_your_password.TestForgotYourPasswordFunctionality object at 0x7fd3cef33310>\ndriver = <selenium.webdriver.chrome.webdriver.WebDriver (session=\"a42bf051e4c2d1a2d3a30ad9f46bfa42\")>\nforgot_psw_page = <pages.forgot_your_password_page.ForgotYourPasswordPage object at 0x7fd3cf760790>\n\n    @allure.title('TC 17.01.25 Verify error on resetting My Password with empty email')\n    def test_17_01_25_error_if_reset_my_password_with_empty_email(self, driver, forgot_psw_page):\n        \"\"\"Check error message on attempt to reset password with empty email field\"\"\"\n>       forgot_psw_page.fill_in_forgot_psw_captcha_field(captcha)\n\ntests/test_forgot_your_password.py:196: \n_ _ _ _ _ _ _ _ _ _ _ _ _ _ _ _ _ _ _ _ _ _ _ _ _ _ _ _ _ _ _ _ _ _ _ _ _ _ _ _ \npages/forgot_your_password_page.py:84: in fill_in_forgot_psw_captcha_field\n    return self.fill_in_field(self.check_forgot_psw_captcha_field_is_clickable(), text)\npages/forgot_your_password_page.py:59: in check_forgot_psw_captcha_field_is_clickable\n    return self.element_is_clickable(self.locators.FORGOT_YOUR_PASSWORD_CAPTCHA)\npages/base_page.py:80: in element_is_clickable\n    return wait(self.driver, timeout).until(EC.element_to_be_clickable(locator))\n_ _ _ _ _ _ _ _ _ _ _ _ _ _ _ _ _ _ _ _ _ _ _ _ _ _ _ _ _ _ _ _ _ _ _ _ _ _ _ _ \n\nself = <selenium.webdriver.support.wait.WebDriverWait (session=\"a42bf051e4c2d1a2d3a30ad9f46bfa42\")>\nmethod = <function element_to_be_clickable.<locals>._predicate at 0x7fd3cdb4b740>\nmessage = ''\n\n    def until(self, method, message: str = \"\"):\n        \"\"\"Calls the method provided with the driver as an argument until the \\\n        return value does not evaluate to ``False``.\n    \n        :param method: callable(WebDriver)\n        :param message: optional message for :exc:`TimeoutException`\n        :returns: the result of the last call to `method`\n        :raises: :exc:`selenium.common.exceptions.TimeoutException` if timeout occurs\n        \"\"\"\n        screen = None\n        stacktrace = None\n    \n        end_time = time.monotonic() + self._timeout\n        while True:\n            try:\n                value = method(self._driver)\n                if value:\n                    return value\n            except self._ignored_exceptions as exc:\n                screen = getattr(exc, \"screen\", None)\n                stacktrace = getattr(exc, \"stacktrace\", None)\n            time.sleep(self._poll)\n            if time.monotonic() > end_time:\n                break\n>       raise TimeoutException(message, screen, stacktrace)\nE       selenium.common.exceptions.TimeoutException: Message: \nE       Stacktrace:\nE       #0 0x55802f39d613 <unknown>\nE       #1 0x55802f0c9537 <unknown>\nE       #2 0x55802f107f53 <unknown>\nE       #3 0x55802f108041 <unknown>\nE       #4 0x55802f1432a4 <unknown>\nE       #5 0x55802f128a5d <unknown>\nE       #6 0x55802f140d09 <unknown>\nE       #7 0x55802f128803 <unknown>\nE       #8 0x55802f0fc68b <unknown>\nE       #9 0x55802f0fd42e <unknown>\nE       #10 0x55802f35ec28 <unknown>\nE       #11 0x55802f362af7 <unknown>\nE       #12 0x55802f36d01c <unknown>\nE       #13 0x55802f363723 <unknown>\nE       #14 0x55802f332457 <unknown>\nE       #15 0x55802f387628 <unknown>\nE       #16 0x55802f3877b7 <unknown>\nE       #17 0x55802f396483 <unknown>\nE       #18 0x7f81f0858b43 <unknown>\n\n/opt/hostedtoolcache/Python/3.11.4/x64/lib/python3.11/site-packages/selenium/webdriver/support/wait.py:95: TimeoutException",
  "flaky" : false,
  "newFailed" : false,
  "beforeStages" : [ {
    "name" : "clear_allure_result_folder",
    "time" : {
      "start" : 1692491878626,
      "stop" : 1692491878626,
      "duration" : 0
    },
    "status" : "passed",
    "steps" : [ ],
    "attachments" : [ ],
    "parameters" : [ ],
    "stepsCount" : 0,
    "attachmentsCount" : 0,
    "shouldDisplayMessage" : false,
    "hasContent" : false
  }, {
    "name" : "_session_faker",
    "time" : {
      "start" : 1692491878520,
      "stop" : 1692491878626,
      "duration" : 106
    },
    "status" : "passed",
    "steps" : [ ],
    "attachments" : [ ],
    "parameters" : [ ],
    "stepsCount" : 0,
    "attachmentsCount" : 0,
    "shouldDisplayMessage" : false,
    "hasContent" : false
  }, {
    "name" : "forgot_psw_page",
    "time" : {
      "start" : 1692492361516,
      "stop" : 1692492362631,
      "duration" : 1115
    },
    "status" : "passed",
    "steps" : [ {
      "name" : "Open a browser",
      "time" : {
        "start" : 1692492361517,
        "stop" : 1692492362631,
        "duration" : 1114
      },
      "status" : "passed",
      "steps" : [ ],
      "attachments" : [ ],
      "parameters" : [ ],
      "stepsCount" : 0,
      "attachmentsCount" : 0,
      "shouldDisplayMessage" : false,
      "hasContent" : false
    } ],
    "attachments" : [ ],
    "parameters" : [ ],
    "stepsCount" : 1,
    "attachmentsCount" : 0,
    "shouldDisplayMessage" : false,
    "hasContent" : true
  }, {
    "name" : "driver",
    "time" : {
      "start" : 1692492360390,
      "stop" : 1692492361516,
      "duration" : 1126
    },
    "status" : "passed",
    "steps" : [ ],
    "attachments" : [ ],
    "parameters" : [ ],
    "stepsCount" : 0,
    "attachmentsCount" : 0,
    "shouldDisplayMessage" : false,
    "hasContent" : false
  } ],
  "testStage" : {
    "description" : "Check error message on attempt to reset password with empty email field",
    "status" : "broken",
    "statusMessage" : "selenium.common.exceptions.TimeoutException: Message: \nStacktrace:\n#0 0x55802f39d613 <unknown>\n#1 0x55802f0c9537 <unknown>\n#2 0x55802f107f53 <unknown>\n#3 0x55802f108041 <unknown>\n#4 0x55802f1432a4 <unknown>\n#5 0x55802f128a5d <unknown>\n#6 0x55802f140d09 <unknown>\n#7 0x55802f128803 <unknown>\n#8 0x55802f0fc68b <unknown>\n#9 0x55802f0fd42e <unknown>\n#10 0x55802f35ec28 <unknown>\n#11 0x55802f362af7 <unknown>\n#12 0x55802f36d01c <unknown>\n#13 0x55802f363723 <unknown>\n#14 0x55802f332457 <unknown>\n#15 0x55802f387628 <unknown>\n#16 0x55802f3877b7 <unknown>\n#17 0x55802f396483 <unknown>\n#18 0x7f81f0858b43 <unknown>",
    "statusTrace" : "self = <test_forgot_your_password.TestForgotYourPasswordFunctionality object at 0x7fd3cef33310>\ndriver = <selenium.webdriver.chrome.webdriver.WebDriver (session=\"a42bf051e4c2d1a2d3a30ad9f46bfa42\")>\nforgot_psw_page = <pages.forgot_your_password_page.ForgotYourPasswordPage object at 0x7fd3cf760790>\n\n    @allure.title('TC 17.01.25 Verify error on resetting My Password with empty email')\n    def test_17_01_25_error_if_reset_my_password_with_empty_email(self, driver, forgot_psw_page):\n        \"\"\"Check error message on attempt to reset password with empty email field\"\"\"\n>       forgot_psw_page.fill_in_forgot_psw_captcha_field(captcha)\n\ntests/test_forgot_your_password.py:196: \n_ _ _ _ _ _ _ _ _ _ _ _ _ _ _ _ _ _ _ _ _ _ _ _ _ _ _ _ _ _ _ _ _ _ _ _ _ _ _ _ \npages/forgot_your_password_page.py:84: in fill_in_forgot_psw_captcha_field\n    return self.fill_in_field(self.check_forgot_psw_captcha_field_is_clickable(), text)\npages/forgot_your_password_page.py:59: in check_forgot_psw_captcha_field_is_clickable\n    return self.element_is_clickable(self.locators.FORGOT_YOUR_PASSWORD_CAPTCHA)\npages/base_page.py:80: in element_is_clickable\n    return wait(self.driver, timeout).until(EC.element_to_be_clickable(locator))\n_ _ _ _ _ _ _ _ _ _ _ _ _ _ _ _ _ _ _ _ _ _ _ _ _ _ _ _ _ _ _ _ _ _ _ _ _ _ _ _ \n\nself = <selenium.webdriver.support.wait.WebDriverWait (session=\"a42bf051e4c2d1a2d3a30ad9f46bfa42\")>\nmethod = <function element_to_be_clickable.<locals>._predicate at 0x7fd3cdb4b740>\nmessage = ''\n\n    def until(self, method, message: str = \"\"):\n        \"\"\"Calls the method provided with the driver as an argument until the \\\n        return value does not evaluate to ``False``.\n    \n        :param method: callable(WebDriver)\n        :param message: optional message for :exc:`TimeoutException`\n        :returns: the result of the last call to `method`\n        :raises: :exc:`selenium.common.exceptions.TimeoutException` if timeout occurs\n        \"\"\"\n        screen = None\n        stacktrace = None\n    \n        end_time = time.monotonic() + self._timeout\n        while True:\n            try:\n                value = method(self._driver)\n                if value:\n                    return value\n            except self._ignored_exceptions as exc:\n                screen = getattr(exc, \"screen\", None)\n                stacktrace = getattr(exc, \"stacktrace\", None)\n            time.sleep(self._poll)\n            if time.monotonic() > end_time:\n                break\n>       raise TimeoutException(message, screen, stacktrace)\nE       selenium.common.exceptions.TimeoutException: Message: \nE       Stacktrace:\nE       #0 0x55802f39d613 <unknown>\nE       #1 0x55802f0c9537 <unknown>\nE       #2 0x55802f107f53 <unknown>\nE       #3 0x55802f108041 <unknown>\nE       #4 0x55802f1432a4 <unknown>\nE       #5 0x55802f128a5d <unknown>\nE       #6 0x55802f140d09 <unknown>\nE       #7 0x55802f128803 <unknown>\nE       #8 0x55802f0fc68b <unknown>\nE       #9 0x55802f0fd42e <unknown>\nE       #10 0x55802f35ec28 <unknown>\nE       #11 0x55802f362af7 <unknown>\nE       #12 0x55802f36d01c <unknown>\nE       #13 0x55802f363723 <unknown>\nE       #14 0x55802f332457 <unknown>\nE       #15 0x55802f387628 <unknown>\nE       #16 0x55802f3877b7 <unknown>\nE       #17 0x55802f396483 <unknown>\nE       #18 0x7f81f0858b43 <unknown>\n\n/opt/hostedtoolcache/Python/3.11.4/x64/lib/python3.11/site-packages/selenium/webdriver/support/wait.py:95: TimeoutException",
    "steps" : [ {
      "name" : "Fill in FYP Email field",
      "time" : {
        "start" : 1692492362632,
        "stop" : 1692492367755,
        "duration" : 5123
      },
      "status" : "broken",
      "statusMessage" : "selenium.common.exceptions.TimeoutException: Message: \nStacktrace:\n#0 0x55802f39d613 <unknown>\n#1 0x55802f0c9537 <unknown>\n#2 0x55802f107f53 <unknown>\n#3 0x55802f108041 <unknown>\n#4 0x55802f1432a4 <unknown>\n#5 0x55802f128a5d <unknown>\n#6 0x55802f140d09 <unknown>\n#7 0x55802f128803 <unknown>\n#8 0x55802f0fc68b <unknown>\n#9 0x55802f0fd42e <unknown>\n#10 0x55802f35ec28 <unknown>\n#11 0x55802f362af7 <unknown>\n#12 0x55802f36d01c <unknown>\n#13 0x55802f363723 <unknown>\n#14 0x55802f332457 <unknown>\n#15 0x55802f387628 <unknown>\n#16 0x55802f3877b7 <unknown>\n#17 0x55802f396483 <unknown>\n#18 0x7f81f0858b43 <unknown>\n\n",
      "statusTrace" : "  File \"/opt/hostedtoolcache/Python/3.11.4/x64/lib/python3.11/site-packages/allure_commons/_allure.py\", line 192, in impl\n    return func(*a, **kw)\n           ^^^^^^^^^^^^^^\n  File \"/home/runner/work/luma_project/luma_project/pages/forgot_your_password_page.py\", line 84, in fill_in_forgot_psw_captcha_field\n    return self.fill_in_field(self.check_forgot_psw_captcha_field_is_clickable(), text)\n                              ^^^^^^^^^^^^^^^^^^^^^^^^^^^^^^^^^^^^^^^^^^^^^^^^^^\n  File \"/opt/hostedtoolcache/Python/3.11.4/x64/lib/python3.11/site-packages/allure_commons/_allure.py\", line 192, in impl\n    return func(*a, **kw)\n           ^^^^^^^^^^^^^^\n  File \"/home/runner/work/luma_project/luma_project/pages/forgot_your_password_page.py\", line 59, in check_forgot_psw_captcha_field_is_clickable\n    return self.element_is_clickable(self.locators.FORGOT_YOUR_PASSWORD_CAPTCHA)\n           ^^^^^^^^^^^^^^^^^^^^^^^^^^^^^^^^^^^^^^^^^^^^^^^^^^^^^^^^^^^^^^^^^^^^^\n  File \"/opt/hostedtoolcache/Python/3.11.4/x64/lib/python3.11/site-packages/allure_commons/_allure.py\", line 192, in impl\n    return func(*a, **kw)\n           ^^^^^^^^^^^^^^\n  File \"/home/runner/work/luma_project/luma_project/pages/base_page.py\", line 80, in element_is_clickable\n    return wait(self.driver, timeout).until(EC.element_to_be_clickable(locator))\n           ^^^^^^^^^^^^^^^^^^^^^^^^^^^^^^^^^^^^^^^^^^^^^^^^^^^^^^^^^^^^^^^^^^^^^\n  File \"/opt/hostedtoolcache/Python/3.11.4/x64/lib/python3.11/site-packages/selenium/webdriver/support/wait.py\", line 95, in until\n    raise TimeoutException(message, screen, stacktrace)\n",
      "steps" : [ {
        "name" : "Check FYP captcha input field is clickable",
        "time" : {
          "start" : 1692492362632,
          "stop" : 1692492367755,
          "duration" : 5123
        },
        "status" : "broken",
        "statusMessage" : "selenium.common.exceptions.TimeoutException: Message: \nStacktrace:\n#0 0x55802f39d613 <unknown>\n#1 0x55802f0c9537 <unknown>\n#2 0x55802f107f53 <unknown>\n#3 0x55802f108041 <unknown>\n#4 0x55802f1432a4 <unknown>\n#5 0x55802f128a5d <unknown>\n#6 0x55802f140d09 <unknown>\n#7 0x55802f128803 <unknown>\n#8 0x55802f0fc68b <unknown>\n#9 0x55802f0fd42e <unknown>\n#10 0x55802f35ec28 <unknown>\n#11 0x55802f362af7 <unknown>\n#12 0x55802f36d01c <unknown>\n#13 0x55802f363723 <unknown>\n#14 0x55802f332457 <unknown>\n#15 0x55802f387628 <unknown>\n#16 0x55802f3877b7 <unknown>\n#17 0x55802f396483 <unknown>\n#18 0x7f81f0858b43 <unknown>\n\n",
        "statusTrace" : "  File \"/opt/hostedtoolcache/Python/3.11.4/x64/lib/python3.11/site-packages/allure_commons/_allure.py\", line 192, in impl\n    return func(*a, **kw)\n           ^^^^^^^^^^^^^^\n  File \"/home/runner/work/luma_project/luma_project/pages/forgot_your_password_page.py\", line 59, in check_forgot_psw_captcha_field_is_clickable\n    return self.element_is_clickable(self.locators.FORGOT_YOUR_PASSWORD_CAPTCHA)\n           ^^^^^^^^^^^^^^^^^^^^^^^^^^^^^^^^^^^^^^^^^^^^^^^^^^^^^^^^^^^^^^^^^^^^^\n  File \"/opt/hostedtoolcache/Python/3.11.4/x64/lib/python3.11/site-packages/allure_commons/_allure.py\", line 192, in impl\n    return func(*a, **kw)\n           ^^^^^^^^^^^^^^\n  File \"/home/runner/work/luma_project/luma_project/pages/base_page.py\", line 80, in element_is_clickable\n    return wait(self.driver, timeout).until(EC.element_to_be_clickable(locator))\n           ^^^^^^^^^^^^^^^^^^^^^^^^^^^^^^^^^^^^^^^^^^^^^^^^^^^^^^^^^^^^^^^^^^^^^\n  File \"/opt/hostedtoolcache/Python/3.11.4/x64/lib/python3.11/site-packages/selenium/webdriver/support/wait.py\", line 95, in until\n    raise TimeoutException(message, screen, stacktrace)\n",
        "steps" : [ {
          "name" : "Find clickable elements",
          "time" : {
            "start" : 1692492362632,
            "stop" : 1692492367755,
            "duration" : 5123
          },
          "status" : "broken",
          "statusMessage" : "selenium.common.exceptions.TimeoutException: Message: \nStacktrace:\n#0 0x55802f39d613 <unknown>\n#1 0x55802f0c9537 <unknown>\n#2 0x55802f107f53 <unknown>\n#3 0x55802f108041 <unknown>\n#4 0x55802f1432a4 <unknown>\n#5 0x55802f128a5d <unknown>\n#6 0x55802f140d09 <unknown>\n#7 0x55802f128803 <unknown>\n#8 0x55802f0fc68b <unknown>\n#9 0x55802f0fd42e <unknown>\n#10 0x55802f35ec28 <unknown>\n#11 0x55802f362af7 <unknown>\n#12 0x55802f36d01c <unknown>\n#13 0x55802f363723 <unknown>\n#14 0x55802f332457 <unknown>\n#15 0x55802f387628 <unknown>\n#16 0x55802f3877b7 <unknown>\n#17 0x55802f396483 <unknown>\n#18 0x7f81f0858b43 <unknown>\n\n",
          "statusTrace" : "  File \"/opt/hostedtoolcache/Python/3.11.4/x64/lib/python3.11/site-packages/allure_commons/_allure.py\", line 192, in impl\n    return func(*a, **kw)\n           ^^^^^^^^^^^^^^\n  File \"/home/runner/work/luma_project/luma_project/pages/base_page.py\", line 80, in element_is_clickable\n    return wait(self.driver, timeout).until(EC.element_to_be_clickable(locator))\n           ^^^^^^^^^^^^^^^^^^^^^^^^^^^^^^^^^^^^^^^^^^^^^^^^^^^^^^^^^^^^^^^^^^^^^\n  File \"/opt/hostedtoolcache/Python/3.11.4/x64/lib/python3.11/site-packages/selenium/webdriver/support/wait.py\", line 95, in until\n    raise TimeoutException(message, screen, stacktrace)\n",
          "steps" : [ ],
          "attachments" : [ ],
          "parameters" : [ {
            "name" : "locator",
            "value" : "('css selector', '#captcha_user_forgotpassword')"
          }, {
            "name" : "timeout",
            "value" : "5"
          } ],
          "stepsCount" : 0,
          "attachmentsCount" : 0,
          "shouldDisplayMessage" : true,
          "hasContent" : true
        } ],
        "attachments" : [ ],
        "parameters" : [ ],
        "stepsCount" : 1,
        "attachmentsCount" : 0,
        "shouldDisplayMessage" : false,
        "hasContent" : true
      } ],
      "attachments" : [ ],
      "parameters" : [ {
        "name" : "text",
        "value" : "'rdoMX4'"
      } ],
      "stepsCount" : 2,
      "attachmentsCount" : 0,
      "shouldDisplayMessage" : false,
      "hasContent" : true
    } ],
    "attachments" : [ {
      "uid" : "305412b82f340153",
      "name" : "Screenshot",
      "source" : "305412b82f340153.png",
      "type" : "image/png",
      "size" : 65941
    }, {
      "uid" : "7f44b4aaca575e57",
      "name" : "HTML source",
      "source" : "7f44b4aaca575e57.html",
      "type" : "text/html",
      "size" : 77958
    } ],
    "parameters" : [ ],
    "stepsCount" : 3,
    "attachmentsCount" : 2,
    "shouldDisplayMessage" : true,
    "hasContent" : true
  },
  "afterStages" : [ {
    "name" : "clear_allure_result_folder::0",
    "time" : {
      "start" : 1692493453684,
      "stop" : 1692493453684,
      "duration" : 0
    },
    "status" : "passed",
    "steps" : [ ],
    "attachments" : [ ],
    "parameters" : [ ],
    "stepsCount" : 0,
    "attachmentsCount" : 0,
    "shouldDisplayMessage" : false,
    "hasContent" : false
  }, {
    "name" : "driver::0",
    "time" : {
      "start" : 1692492367935,
      "stop" : 1692492367998,
      "duration" : 63
    },
    "status" : "passed",
    "steps" : [ ],
    "attachments" : [ ],
    "parameters" : [ ],
    "stepsCount" : 0,
    "attachmentsCount" : 0,
    "shouldDisplayMessage" : false,
    "hasContent" : false
  } ],
  "labels" : [ {
    "name" : "epic",
    "value" : "Forgot Your Password Functionality"
  }, {
    "name" : "parentSuite",
    "value" : "tests"
  }, {
    "name" : "suite",
    "value" : "test_forgot_your_password"
  }, {
    "name" : "subSuite",
    "value" : "TestForgotYourPasswordFunctionality"
  }, {
    "name" : "host",
    "value" : "fv-az626-196"
  }, {
    "name" : "thread",
    "value" : "3314-MainThread"
  }, {
    "name" : "framework",
    "value" : "pytest"
  }, {
    "name" : "language",
    "value" : "cpython3"
  }, {
    "name" : "package",
    "value" : "tests.test_forgot_your_password"
  }, {
    "name" : "resultFormat",
    "value" : "allure2"
  } ],
  "parameters" : [ ],
  "links" : [ ],
  "hidden" : false,
  "retry" : false,
  "extra" : {
    "severity" : "normal",
    "retries" : [ ],
    "categories" : [ {
      "name" : "Test defects",
      "matchedStatuses" : [ ],
      "flaky" : false
    } ],
    "tags" : [ ]
  },
  "source" : "2bada8ecb4ece538.json",
  "parameterValues" : [ ]
}