{
  "uid" : "2c7d289255c879dc",
  "name" : "TC 17.01.27 Verify all fields got cleared after the failed attempt to reset password",
  "fullName" : "tests.test_forgot_your_password.TestForgotYourPasswordFunctionality#test_17_01_27_fields_are_cleared_after_failed_attempt_to_reset_password",
  "historyId" : "329c5479a6abab9e833ef4806ddb95bd",
  "time" : {
    "start" : 1691887513039,
    "stop" : 1691887518419,
    "duration" : 5380
  },
  "description" : "Check if all the fields are getting cleared after failed attempt to reset password with invalid captcha",
  "descriptionHtml" : "<p>Check if all the fields are getting cleared after failed attempt to reset password with invalid captcha</p>\n",
  "status" : "broken",
  "statusMessage" : "selenium.common.exceptions.TimeoutException: Message: \nStacktrace:\n#0 0x5630e8b02613 <unknown>\n#1 0x5630e882e537 <unknown>\n#2 0x5630e886cf53 <unknown>\n#3 0x5630e886d041 <unknown>\n#4 0x5630e88a82a4 <unknown>\n#5 0x5630e888da5d <unknown>\n#6 0x5630e88a5d09 <unknown>\n#7 0x5630e888d803 <unknown>\n#8 0x5630e886168b <unknown>\n#9 0x5630e886242e <unknown>\n#10 0x5630e8ac3c28 <unknown>\n#11 0x5630e8ac7af7 <unknown>\n#12 0x5630e8ad201c <unknown>\n#13 0x5630e8ac8723 <unknown>\n#14 0x5630e8a97457 <unknown>\n#15 0x5630e8aec628 <unknown>\n#16 0x5630e8aec7b7 <unknown>\n#17 0x5630e8afb483 <unknown>\n#18 0x7f12f9b33b43 <unknown>",
  "statusTrace" : "self = <test_forgot_your_password.TestForgotYourPasswordFunctionality object at 0x7efd61cc6850>\ndriver = <selenium.webdriver.chrome.webdriver.WebDriver (session=\"46ee645304a6a8af4acb87ffad55bf2c\")>\nforgot_psw_page = <pages.forgot_your_password_page.ForgotYourPasswordPage object at 0x7efd626aaf90>\n\n    @allure.title('TC 17.01.27 Verify all fields got cleared after the failed attempt to reset password')\n    def test_17_01_27_fields_are_cleared_after_failed_attempt_to_reset_password(self, driver, forgot_psw_page):\n        \"\"\"Check if all the fields are getting cleared after failed attempt to reset password with invalid captcha\"\"\"\n        forgot_psw_page.fill_in_email_field(credentials['valid_email'])\n>       forgot_psw_page.fill_in_forgot_psw_captcha_field(captcha)\n\ntests/test_forgot_your_password.py:215: \n_ _ _ _ _ _ _ _ _ _ _ _ _ _ _ _ _ _ _ _ _ _ _ _ _ _ _ _ _ _ _ _ _ _ _ _ _ _ _ _ \npages/forgot_your_password_page.py:84: in fill_in_forgot_psw_captcha_field\n    return self.fill_in_field(self.check_forgot_psw_captcha_field_is_clickable(), text)\npages/forgot_your_password_page.py:59: in check_forgot_psw_captcha_field_is_clickable\n    return self.element_is_clickable(self.locators.FORGOT_YOUR_PASSWORD_CAPTCHA)\npages/base_page.py:80: in element_is_clickable\n    return wait(self.driver, timeout).until(EC.element_to_be_clickable(locator))\n_ _ _ _ _ _ _ _ _ _ _ _ _ _ _ _ _ _ _ _ _ _ _ _ _ _ _ _ _ _ _ _ _ _ _ _ _ _ _ _ \n\nself = <selenium.webdriver.support.wait.WebDriverWait (session=\"46ee645304a6a8af4acb87ffad55bf2c\")>\nmethod = <function element_to_be_clickable.<locals>._predicate at 0x7efd606aa480>\nmessage = ''\n\n    def until(self, method, message: str = \"\"):\n        \"\"\"Calls the method provided with the driver as an argument until the \\\n        return value does not evaluate to ``False``.\n    \n        :param method: callable(WebDriver)\n        :param message: optional message for :exc:`TimeoutException`\n        :returns: the result of the last call to `method`\n        :raises: :exc:`selenium.common.exceptions.TimeoutException` if timeout occurs\n        \"\"\"\n        screen = None\n        stacktrace = None\n    \n        end_time = time.monotonic() + self._timeout\n        while True:\n            try:\n                value = method(self._driver)\n                if value:\n                    return value\n            except self._ignored_exceptions as exc:\n                screen = getattr(exc, \"screen\", None)\n                stacktrace = getattr(exc, \"stacktrace\", None)\n            time.sleep(self._poll)\n            if time.monotonic() > end_time:\n                break\n>       raise TimeoutException(message, screen, stacktrace)\nE       selenium.common.exceptions.TimeoutException: Message: \nE       Stacktrace:\nE       #0 0x5630e8b02613 <unknown>\nE       #1 0x5630e882e537 <unknown>\nE       #2 0x5630e886cf53 <unknown>\nE       #3 0x5630e886d041 <unknown>\nE       #4 0x5630e88a82a4 <unknown>\nE       #5 0x5630e888da5d <unknown>\nE       #6 0x5630e88a5d09 <unknown>\nE       #7 0x5630e888d803 <unknown>\nE       #8 0x5630e886168b <unknown>\nE       #9 0x5630e886242e <unknown>\nE       #10 0x5630e8ac3c28 <unknown>\nE       #11 0x5630e8ac7af7 <unknown>\nE       #12 0x5630e8ad201c <unknown>\nE       #13 0x5630e8ac8723 <unknown>\nE       #14 0x5630e8a97457 <unknown>\nE       #15 0x5630e8aec628 <unknown>\nE       #16 0x5630e8aec7b7 <unknown>\nE       #17 0x5630e8afb483 <unknown>\nE       #18 0x7f12f9b33b43 <unknown>\n\n/opt/hostedtoolcache/Python/3.11.4/x64/lib/python3.11/site-packages/selenium/webdriver/support/wait.py:95: TimeoutException",
  "flaky" : false,
  "newFailed" : false,
  "beforeStages" : [ {
    "name" : "_session_faker",
    "time" : {
      "start" : 1691887066183,
      "stop" : 1691887066268,
      "duration" : 85
    },
    "status" : "passed",
    "steps" : [ ],
    "attachments" : [ ],
    "parameters" : [ ],
    "stepsCount" : 0,
    "attachmentsCount" : 0,
    "shouldDisplayMessage" : false,
    "hasContent" : false
  }, {
    "name" : "forgot_psw_page",
    "time" : {
      "start" : 1691887511938,
      "stop" : 1691887513039,
      "duration" : 1101
    },
    "status" : "passed",
    "steps" : [ {
      "name" : "Open a browser",
      "time" : {
        "start" : 1691887511938,
        "stop" : 1691887513039,
        "duration" : 1101
      },
      "status" : "passed",
      "steps" : [ ],
      "attachments" : [ ],
      "parameters" : [ ],
      "stepsCount" : 0,
      "attachmentsCount" : 0,
      "shouldDisplayMessage" : false,
      "hasContent" : false
    } ],
    "attachments" : [ ],
    "parameters" : [ ],
    "stepsCount" : 1,
    "attachmentsCount" : 0,
    "shouldDisplayMessage" : false,
    "hasContent" : true
  }, {
    "name" : "clear_allure_result_folder",
    "time" : {
      "start" : 1691887066268,
      "stop" : 1691887066268,
      "duration" : 0
    },
    "status" : "passed",
    "steps" : [ ],
    "attachments" : [ ],
    "parameters" : [ ],
    "stepsCount" : 0,
    "attachmentsCount" : 0,
    "shouldDisplayMessage" : false,
    "hasContent" : false
  }, {
    "name" : "driver",
    "time" : {
      "start" : 1691887510866,
      "stop" : 1691887511938,
      "duration" : 1072
    },
    "status" : "passed",
    "steps" : [ ],
    "attachments" : [ ],
    "parameters" : [ ],
    "stepsCount" : 0,
    "attachmentsCount" : 0,
    "shouldDisplayMessage" : false,
    "hasContent" : false
  } ],
  "testStage" : {
    "description" : "Check if all the fields are getting cleared after failed attempt to reset password with invalid captcha",
    "status" : "broken",
    "statusMessage" : "selenium.common.exceptions.TimeoutException: Message: \nStacktrace:\n#0 0x5630e8b02613 <unknown>\n#1 0x5630e882e537 <unknown>\n#2 0x5630e886cf53 <unknown>\n#3 0x5630e886d041 <unknown>\n#4 0x5630e88a82a4 <unknown>\n#5 0x5630e888da5d <unknown>\n#6 0x5630e88a5d09 <unknown>\n#7 0x5630e888d803 <unknown>\n#8 0x5630e886168b <unknown>\n#9 0x5630e886242e <unknown>\n#10 0x5630e8ac3c28 <unknown>\n#11 0x5630e8ac7af7 <unknown>\n#12 0x5630e8ad201c <unknown>\n#13 0x5630e8ac8723 <unknown>\n#14 0x5630e8a97457 <unknown>\n#15 0x5630e8aec628 <unknown>\n#16 0x5630e8aec7b7 <unknown>\n#17 0x5630e8afb483 <unknown>\n#18 0x7f12f9b33b43 <unknown>",
    "statusTrace" : "self = <test_forgot_your_password.TestForgotYourPasswordFunctionality object at 0x7efd61cc6850>\ndriver = <selenium.webdriver.chrome.webdriver.WebDriver (session=\"46ee645304a6a8af4acb87ffad55bf2c\")>\nforgot_psw_page = <pages.forgot_your_password_page.ForgotYourPasswordPage object at 0x7efd626aaf90>\n\n    @allure.title('TC 17.01.27 Verify all fields got cleared after the failed attempt to reset password')\n    def test_17_01_27_fields_are_cleared_after_failed_attempt_to_reset_password(self, driver, forgot_psw_page):\n        \"\"\"Check if all the fields are getting cleared after failed attempt to reset password with invalid captcha\"\"\"\n        forgot_psw_page.fill_in_email_field(credentials['valid_email'])\n>       forgot_psw_page.fill_in_forgot_psw_captcha_field(captcha)\n\ntests/test_forgot_your_password.py:215: \n_ _ _ _ _ _ _ _ _ _ _ _ _ _ _ _ _ _ _ _ _ _ _ _ _ _ _ _ _ _ _ _ _ _ _ _ _ _ _ _ \npages/forgot_your_password_page.py:84: in fill_in_forgot_psw_captcha_field\n    return self.fill_in_field(self.check_forgot_psw_captcha_field_is_clickable(), text)\npages/forgot_your_password_page.py:59: in check_forgot_psw_captcha_field_is_clickable\n    return self.element_is_clickable(self.locators.FORGOT_YOUR_PASSWORD_CAPTCHA)\npages/base_page.py:80: in element_is_clickable\n    return wait(self.driver, timeout).until(EC.element_to_be_clickable(locator))\n_ _ _ _ _ _ _ _ _ _ _ _ _ _ _ _ _ _ _ _ _ _ _ _ _ _ _ _ _ _ _ _ _ _ _ _ _ _ _ _ \n\nself = <selenium.webdriver.support.wait.WebDriverWait (session=\"46ee645304a6a8af4acb87ffad55bf2c\")>\nmethod = <function element_to_be_clickable.<locals>._predicate at 0x7efd606aa480>\nmessage = ''\n\n    def until(self, method, message: str = \"\"):\n        \"\"\"Calls the method provided with the driver as an argument until the \\\n        return value does not evaluate to ``False``.\n    \n        :param method: callable(WebDriver)\n        :param message: optional message for :exc:`TimeoutException`\n        :returns: the result of the last call to `method`\n        :raises: :exc:`selenium.common.exceptions.TimeoutException` if timeout occurs\n        \"\"\"\n        screen = None\n        stacktrace = None\n    \n        end_time = time.monotonic() + self._timeout\n        while True:\n            try:\n                value = method(self._driver)\n                if value:\n                    return value\n            except self._ignored_exceptions as exc:\n                screen = getattr(exc, \"screen\", None)\n                stacktrace = getattr(exc, \"stacktrace\", None)\n            time.sleep(self._poll)\n            if time.monotonic() > end_time:\n                break\n>       raise TimeoutException(message, screen, stacktrace)\nE       selenium.common.exceptions.TimeoutException: Message: \nE       Stacktrace:\nE       #0 0x5630e8b02613 <unknown>\nE       #1 0x5630e882e537 <unknown>\nE       #2 0x5630e886cf53 <unknown>\nE       #3 0x5630e886d041 <unknown>\nE       #4 0x5630e88a82a4 <unknown>\nE       #5 0x5630e888da5d <unknown>\nE       #6 0x5630e88a5d09 <unknown>\nE       #7 0x5630e888d803 <unknown>\nE       #8 0x5630e886168b <unknown>\nE       #9 0x5630e886242e <unknown>\nE       #10 0x5630e8ac3c28 <unknown>\nE       #11 0x5630e8ac7af7 <unknown>\nE       #12 0x5630e8ad201c <unknown>\nE       #13 0x5630e8ac8723 <unknown>\nE       #14 0x5630e8a97457 <unknown>\nE       #15 0x5630e8aec628 <unknown>\nE       #16 0x5630e8aec7b7 <unknown>\nE       #17 0x5630e8afb483 <unknown>\nE       #18 0x7f12f9b33b43 <unknown>\n\n/opt/hostedtoolcache/Python/3.11.4/x64/lib/python3.11/site-packages/selenium/webdriver/support/wait.py:95: TimeoutException",
    "steps" : [ {
      "name" : "Fill in Email field",
      "time" : {
        "start" : 1691887513039,
        "stop" : 1691887513277,
        "duration" : 238
      },
      "status" : "passed",
      "steps" : [ {
        "name" : "Check FYP Email field is clickable",
        "time" : {
          "start" : 1691887513039,
          "stop" : 1691887513074,
          "duration" : 35
        },
        "status" : "passed",
        "steps" : [ {
          "name" : "Find clickable elements",
          "time" : {
            "start" : 1691887513039,
            "stop" : 1691887513074,
            "duration" : 35
          },
          "status" : "passed",
          "steps" : [ ],
          "attachments" : [ ],
          "parameters" : [ {
            "name" : "locator",
            "value" : "('css selector', '#email_address')"
          }, {
            "name" : "timeout",
            "value" : "5"
          } ],
          "stepsCount" : 0,
          "attachmentsCount" : 0,
          "shouldDisplayMessage" : false,
          "hasContent" : true
        } ],
        "attachments" : [ ],
        "parameters" : [ ],
        "stepsCount" : 1,
        "attachmentsCount" : 0,
        "shouldDisplayMessage" : false,
        "hasContent" : true
      }, {
        "name" : "Fill in a field",
        "time" : {
          "start" : 1691887513074,
          "stop" : 1691887513277,
          "duration" : 203
        },
        "status" : "passed",
        "steps" : [ {
          "name" : "Find clickable elements",
          "time" : {
            "start" : 1691887513074,
            "stop" : 1691887513093,
            "duration" : 19
          },
          "status" : "passed",
          "steps" : [ ],
          "attachments" : [ ],
          "parameters" : [ {
            "name" : "locator",
            "value" : "<selenium.webdriver.remote.webelement.WebElement (session=\"46ee645304a6a8af4acb87ffad55bf2c\", element=\"150BF221CD8E1D8D821FA65846D23F7B_element_28\")>"
          }, {
            "name" : "timeout",
            "value" : "5"
          } ],
          "stepsCount" : 0,
          "attachmentsCount" : 0,
          "shouldDisplayMessage" : false,
          "hasContent" : true
        } ],
        "attachments" : [ ],
        "parameters" : [ {
          "name" : "locator",
          "value" : "<selenium.webdriver.remote.webelement.WebElement (session=\"46ee645304a6a8af4acb87ffad55bf2c\", element=\"150BF221CD8E1D8D821FA65846D23F7B_element_28\")>"
        }, {
          "name" : "value",
          "value" : "'test130@mailinator.com'"
        } ],
        "stepsCount" : 1,
        "attachmentsCount" : 0,
        "shouldDisplayMessage" : false,
        "hasContent" : true
      } ],
      "attachments" : [ ],
      "parameters" : [ {
        "name" : "email",
        "value" : "'test130@mailinator.com'"
      } ],
      "stepsCount" : 4,
      "attachmentsCount" : 0,
      "shouldDisplayMessage" : false,
      "hasContent" : true
    }, {
      "name" : "Fill in FYP Email field",
      "time" : {
        "start" : 1691887513277,
        "stop" : 1691887518419,
        "duration" : 5142
      },
      "status" : "broken",
      "statusMessage" : "selenium.common.exceptions.TimeoutException: Message: \nStacktrace:\n#0 0x5630e8b02613 <unknown>\n#1 0x5630e882e537 <unknown>\n#2 0x5630e886cf53 <unknown>\n#3 0x5630e886d041 <unknown>\n#4 0x5630e88a82a4 <unknown>\n#5 0x5630e888da5d <unknown>\n#6 0x5630e88a5d09 <unknown>\n#7 0x5630e888d803 <unknown>\n#8 0x5630e886168b <unknown>\n#9 0x5630e886242e <unknown>\n#10 0x5630e8ac3c28 <unknown>\n#11 0x5630e8ac7af7 <unknown>\n#12 0x5630e8ad201c <unknown>\n#13 0x5630e8ac8723 <unknown>\n#14 0x5630e8a97457 <unknown>\n#15 0x5630e8aec628 <unknown>\n#16 0x5630e8aec7b7 <unknown>\n#17 0x5630e8afb483 <unknown>\n#18 0x7f12f9b33b43 <unknown>\n\n",
      "statusTrace" : "  File \"/opt/hostedtoolcache/Python/3.11.4/x64/lib/python3.11/site-packages/allure_commons/_allure.py\", line 192, in impl\n    return func(*a, **kw)\n           ^^^^^^^^^^^^^^\n  File \"/home/runner/work/luma_project/luma_project/pages/forgot_your_password_page.py\", line 84, in fill_in_forgot_psw_captcha_field\n    return self.fill_in_field(self.check_forgot_psw_captcha_field_is_clickable(), text)\n                              ^^^^^^^^^^^^^^^^^^^^^^^^^^^^^^^^^^^^^^^^^^^^^^^^^^\n  File \"/opt/hostedtoolcache/Python/3.11.4/x64/lib/python3.11/site-packages/allure_commons/_allure.py\", line 192, in impl\n    return func(*a, **kw)\n           ^^^^^^^^^^^^^^\n  File \"/home/runner/work/luma_project/luma_project/pages/forgot_your_password_page.py\", line 59, in check_forgot_psw_captcha_field_is_clickable\n    return self.element_is_clickable(self.locators.FORGOT_YOUR_PASSWORD_CAPTCHA)\n           ^^^^^^^^^^^^^^^^^^^^^^^^^^^^^^^^^^^^^^^^^^^^^^^^^^^^^^^^^^^^^^^^^^^^^\n  File \"/opt/hostedtoolcache/Python/3.11.4/x64/lib/python3.11/site-packages/allure_commons/_allure.py\", line 192, in impl\n    return func(*a, **kw)\n           ^^^^^^^^^^^^^^\n  File \"/home/runner/work/luma_project/luma_project/pages/base_page.py\", line 80, in element_is_clickable\n    return wait(self.driver, timeout).until(EC.element_to_be_clickable(locator))\n           ^^^^^^^^^^^^^^^^^^^^^^^^^^^^^^^^^^^^^^^^^^^^^^^^^^^^^^^^^^^^^^^^^^^^^\n  File \"/opt/hostedtoolcache/Python/3.11.4/x64/lib/python3.11/site-packages/selenium/webdriver/support/wait.py\", line 95, in until\n    raise TimeoutException(message, screen, stacktrace)\n",
      "steps" : [ {
        "name" : "Check FYP captcha input field is clickable",
        "time" : {
          "start" : 1691887513277,
          "stop" : 1691887518418,
          "duration" : 5141
        },
        "status" : "broken",
        "statusMessage" : "selenium.common.exceptions.TimeoutException: Message: \nStacktrace:\n#0 0x5630e8b02613 <unknown>\n#1 0x5630e882e537 <unknown>\n#2 0x5630e886cf53 <unknown>\n#3 0x5630e886d041 <unknown>\n#4 0x5630e88a82a4 <unknown>\n#5 0x5630e888da5d <unknown>\n#6 0x5630e88a5d09 <unknown>\n#7 0x5630e888d803 <unknown>\n#8 0x5630e886168b <unknown>\n#9 0x5630e886242e <unknown>\n#10 0x5630e8ac3c28 <unknown>\n#11 0x5630e8ac7af7 <unknown>\n#12 0x5630e8ad201c <unknown>\n#13 0x5630e8ac8723 <unknown>\n#14 0x5630e8a97457 <unknown>\n#15 0x5630e8aec628 <unknown>\n#16 0x5630e8aec7b7 <unknown>\n#17 0x5630e8afb483 <unknown>\n#18 0x7f12f9b33b43 <unknown>\n\n",
        "statusTrace" : "  File \"/opt/hostedtoolcache/Python/3.11.4/x64/lib/python3.11/site-packages/allure_commons/_allure.py\", line 192, in impl\n    return func(*a, **kw)\n           ^^^^^^^^^^^^^^\n  File \"/home/runner/work/luma_project/luma_project/pages/forgot_your_password_page.py\", line 59, in check_forgot_psw_captcha_field_is_clickable\n    return self.element_is_clickable(self.locators.FORGOT_YOUR_PASSWORD_CAPTCHA)\n           ^^^^^^^^^^^^^^^^^^^^^^^^^^^^^^^^^^^^^^^^^^^^^^^^^^^^^^^^^^^^^^^^^^^^^\n  File \"/opt/hostedtoolcache/Python/3.11.4/x64/lib/python3.11/site-packages/allure_commons/_allure.py\", line 192, in impl\n    return func(*a, **kw)\n           ^^^^^^^^^^^^^^\n  File \"/home/runner/work/luma_project/luma_project/pages/base_page.py\", line 80, in element_is_clickable\n    return wait(self.driver, timeout).until(EC.element_to_be_clickable(locator))\n           ^^^^^^^^^^^^^^^^^^^^^^^^^^^^^^^^^^^^^^^^^^^^^^^^^^^^^^^^^^^^^^^^^^^^^\n  File \"/opt/hostedtoolcache/Python/3.11.4/x64/lib/python3.11/site-packages/selenium/webdriver/support/wait.py\", line 95, in until\n    raise TimeoutException(message, screen, stacktrace)\n",
        "steps" : [ {
          "name" : "Find clickable elements",
          "time" : {
            "start" : 1691887513277,
            "stop" : 1691887518418,
            "duration" : 5141
          },
          "status" : "broken",
          "statusMessage" : "selenium.common.exceptions.TimeoutException: Message: \nStacktrace:\n#0 0x5630e8b02613 <unknown>\n#1 0x5630e882e537 <unknown>\n#2 0x5630e886cf53 <unknown>\n#3 0x5630e886d041 <unknown>\n#4 0x5630e88a82a4 <unknown>\n#5 0x5630e888da5d <unknown>\n#6 0x5630e88a5d09 <unknown>\n#7 0x5630e888d803 <unknown>\n#8 0x5630e886168b <unknown>\n#9 0x5630e886242e <unknown>\n#10 0x5630e8ac3c28 <unknown>\n#11 0x5630e8ac7af7 <unknown>\n#12 0x5630e8ad201c <unknown>\n#13 0x5630e8ac8723 <unknown>\n#14 0x5630e8a97457 <unknown>\n#15 0x5630e8aec628 <unknown>\n#16 0x5630e8aec7b7 <unknown>\n#17 0x5630e8afb483 <unknown>\n#18 0x7f12f9b33b43 <unknown>\n\n",
          "statusTrace" : "  File \"/opt/hostedtoolcache/Python/3.11.4/x64/lib/python3.11/site-packages/allure_commons/_allure.py\", line 192, in impl\n    return func(*a, **kw)\n           ^^^^^^^^^^^^^^\n  File \"/home/runner/work/luma_project/luma_project/pages/base_page.py\", line 80, in element_is_clickable\n    return wait(self.driver, timeout).until(EC.element_to_be_clickable(locator))\n           ^^^^^^^^^^^^^^^^^^^^^^^^^^^^^^^^^^^^^^^^^^^^^^^^^^^^^^^^^^^^^^^^^^^^^\n  File \"/opt/hostedtoolcache/Python/3.11.4/x64/lib/python3.11/site-packages/selenium/webdriver/support/wait.py\", line 95, in until\n    raise TimeoutException(message, screen, stacktrace)\n",
          "steps" : [ ],
          "attachments" : [ ],
          "parameters" : [ {
            "name" : "locator",
            "value" : "('css selector', '#captcha_user_forgotpassword')"
          }, {
            "name" : "timeout",
            "value" : "5"
          } ],
          "stepsCount" : 0,
          "attachmentsCount" : 0,
          "shouldDisplayMessage" : true,
          "hasContent" : true
        } ],
        "attachments" : [ ],
        "parameters" : [ ],
        "stepsCount" : 1,
        "attachmentsCount" : 0,
        "shouldDisplayMessage" : false,
        "hasContent" : true
      } ],
      "attachments" : [ ],
      "parameters" : [ {
        "name" : "text",
        "value" : "'HDXBe6'"
      } ],
      "stepsCount" : 2,
      "attachmentsCount" : 0,
      "shouldDisplayMessage" : false,
      "hasContent" : true
    } ],
    "attachments" : [ {
      "uid" : "5e8a6eed6b4a8b39",
      "name" : "Screenshot",
      "source" : "5e8a6eed6b4a8b39.png",
      "type" : "image/png",
      "size" : 69173
    }, {
      "uid" : "76e80ba8a416693c",
      "name" : "HTML source",
      "source" : "76e80ba8a416693c.html",
      "type" : "text/html",
      "size" : 77914
    } ],
    "parameters" : [ ],
    "stepsCount" : 8,
    "attachmentsCount" : 2,
    "shouldDisplayMessage" : true,
    "hasContent" : true
  },
  "afterStages" : [ {
    "name" : "clear_allure_result_folder::0",
    "time" : {
      "start" : 1691888523929,
      "stop" : 1691888523929,
      "duration" : 0
    },
    "status" : "passed",
    "steps" : [ ],
    "attachments" : [ ],
    "parameters" : [ ],
    "stepsCount" : 0,
    "attachmentsCount" : 0,
    "shouldDisplayMessage" : false,
    "hasContent" : false
  }, {
    "name" : "driver::0",
    "time" : {
      "start" : 1691887518562,
      "stop" : 1691887518625,
      "duration" : 63
    },
    "status" : "passed",
    "steps" : [ ],
    "attachments" : [ ],
    "parameters" : [ ],
    "stepsCount" : 0,
    "attachmentsCount" : 0,
    "shouldDisplayMessage" : false,
    "hasContent" : false
  } ],
  "labels" : [ {
    "name" : "epic",
    "value" : "Forgot Your Password Functionality"
  }, {
    "name" : "parentSuite",
    "value" : "tests"
  }, {
    "name" : "suite",
    "value" : "test_forgot_your_password"
  }, {
    "name" : "subSuite",
    "value" : "TestForgotYourPasswordFunctionality"
  }, {
    "name" : "host",
    "value" : "fv-az1025-129"
  }, {
    "name" : "thread",
    "value" : "3178-MainThread"
  }, {
    "name" : "framework",
    "value" : "pytest"
  }, {
    "name" : "language",
    "value" : "cpython3"
  }, {
    "name" : "package",
    "value" : "tests.test_forgot_your_password"
  }, {
    "name" : "resultFormat",
    "value" : "allure2"
  } ],
  "parameters" : [ ],
  "links" : [ ],
  "hidden" : false,
  "retry" : false,
  "extra" : {
    "severity" : "normal",
    "retries" : [ ],
    "categories" : [ {
      "name" : "Test defects",
      "matchedStatuses" : [ ],
      "flaky" : false
    } ],
    "tags" : [ ]
  },
  "source" : "2c7d289255c879dc.json",
  "parameterValues" : [ ]
}