{
  "uid" : "2fd797225c292291",
  "name" : "TC 17.01.11 Verify FYP captcha input field is appropriately labeled",
  "fullName" : "tests.test_forgot_your_password.TestForgotYourPassword#test_17_01_11_captcha_field_is_appropriately_labeled",
  "historyId" : "20ad4d11e31cfb1a68706313a9c412ad",
  "time" : {
    "start" : 1691282828312,
    "stop" : 1691282833460,
    "duration" : 5148
  },
  "description" : "Check if Email field is appropriately labeled ",
  "descriptionHtml" : "<p>Check if Email field is appropriately labeled</p>\n",
  "status" : "broken",
  "statusMessage" : "selenium.common.exceptions.TimeoutException: Message: \nStacktrace:\n#0 0x5654e8b25783 <unknown>\n#1 0x5654e8851917 <unknown>\n#2 0x5654e889031b <unknown>\n#3 0x5654e8890411 <unknown>\n#4 0x5654e88cb674 <unknown>\n#5 0x5654e88b0e2d <unknown>\n#6 0x5654e88c90d9 <unknown>\n#7 0x5654e88b0bd3 <unknown>\n#8 0x5654e8884a7b <unknown>\n#9 0x5654e888581e <unknown>\n#10 0x5654e8ae6e98 <unknown>\n#11 0x5654e8aead67 <unknown>\n#12 0x5654e8af532c <unknown>\n#13 0x5654e8aeb993 <unknown>\n#14 0x5654e8aba827 <unknown>\n#15 0x5654e8b0f8a8 <unknown>\n#16 0x5654e8b0fa36 <unknown>\n#17 0x5654e8b1e5f3 <unknown>\n#18 0x7fda1c8d7b43 <unknown>",
  "statusTrace" : "self = <test_forgot_your_password.TestForgotYourPassword object at 0x7f08b85e8b50>\ndriver = <selenium.webdriver.chrome.webdriver.WebDriver (session=\"6cf7d0707bf22206f41190d9d923237d\")>\nforgot_psw_page = <pages.forgot_your_password_page.ForgotYourPasswordPage object at 0x7f08b9152a90>\n\n    @allure.title('TC 17.01.11 Verify FYP captcha input field is appropriately labeled')\n    def test_17_01_11_captcha_field_is_appropriately_labeled(self, driver, forgot_psw_page):\n        \"\"\"Check if Email field is appropriately labeled \"\"\"\n>       captcha_label = forgot_psw_page.check_forgot_psw_captcha_label()\n\ntests/test_forgot_your_password.py:101: \n_ _ _ _ _ _ _ _ _ _ _ _ _ _ _ _ _ _ _ _ _ _ _ _ _ _ _ _ _ _ _ _ _ _ _ _ _ _ _ _ \npages/forgot_your_password_page.py:64: in check_forgot_psw_captcha_label\n    return self.element_is_visible(self.locators.FORGOT_YOUR_PASSWORD_CAPTCHA_LABEL)\npages/base_page.py:29: in element_is_visible\n    self.go_to_element(self.element_is_present(locator))\npages/base_page.py:50: in element_is_present\n    return wait(self.driver, timeout).until(EC.presence_of_element_located(locator))\n_ _ _ _ _ _ _ _ _ _ _ _ _ _ _ _ _ _ _ _ _ _ _ _ _ _ _ _ _ _ _ _ _ _ _ _ _ _ _ _ \n\nself = <selenium.webdriver.support.wait.WebDriverWait (session=\"6cf7d0707bf22206f41190d9d923237d\")>\nmethod = <function presence_of_element_located.<locals>._predicate at 0x7f08b726e660>\nmessage = ''\n\n    def until(self, method, message: str = \"\"):\n        \"\"\"Calls the method provided with the driver as an argument until the \\\n        return value does not evaluate to ``False``.\n    \n        :param method: callable(WebDriver)\n        :param message: optional message for :exc:`TimeoutException`\n        :returns: the result of the last call to `method`\n        :raises: :exc:`selenium.common.exceptions.TimeoutException` if timeout occurs\n        \"\"\"\n        screen = None\n        stacktrace = None\n    \n        end_time = time.monotonic() + self._timeout\n        while True:\n            try:\n                value = method(self._driver)\n                if value:\n                    return value\n            except self._ignored_exceptions as exc:\n                screen = getattr(exc, \"screen\", None)\n                stacktrace = getattr(exc, \"stacktrace\", None)\n            time.sleep(self._poll)\n            if time.monotonic() > end_time:\n                break\n>       raise TimeoutException(message, screen, stacktrace)\nE       selenium.common.exceptions.TimeoutException: Message: \nE       Stacktrace:\nE       #0 0x5654e8b25783 <unknown>\nE       #1 0x5654e8851917 <unknown>\nE       #2 0x5654e889031b <unknown>\nE       #3 0x5654e8890411 <unknown>\nE       #4 0x5654e88cb674 <unknown>\nE       #5 0x5654e88b0e2d <unknown>\nE       #6 0x5654e88c90d9 <unknown>\nE       #7 0x5654e88b0bd3 <unknown>\nE       #8 0x5654e8884a7b <unknown>\nE       #9 0x5654e888581e <unknown>\nE       #10 0x5654e8ae6e98 <unknown>\nE       #11 0x5654e8aead67 <unknown>\nE       #12 0x5654e8af532c <unknown>\nE       #13 0x5654e8aeb993 <unknown>\nE       #14 0x5654e8aba827 <unknown>\nE       #15 0x5654e8b0f8a8 <unknown>\nE       #16 0x5654e8b0fa36 <unknown>\nE       #17 0x5654e8b1e5f3 <unknown>\nE       #18 0x7fda1c8d7b43 <unknown>\n\n/opt/hostedtoolcache/Python/3.11.4/x64/lib/python3.11/site-packages/selenium/webdriver/support/wait.py:95: TimeoutException",
  "flaky" : false,
  "newFailed" : false,
  "beforeStages" : [ {
    "name" : "clear_allure_result_folder",
    "time" : {
      "start" : 1691282438568,
      "stop" : 1691282438568,
      "duration" : 0
    },
    "status" : "passed",
    "steps" : [ ],
    "attachments" : [ ],
    "parameters" : [ ],
    "stepsCount" : 0,
    "attachmentsCount" : 0,
    "shouldDisplayMessage" : false,
    "hasContent" : false
  }, {
    "name" : "_session_faker",
    "time" : {
      "start" : 1691282438456,
      "stop" : 1691282438568,
      "duration" : 112
    },
    "status" : "passed",
    "steps" : [ ],
    "attachments" : [ ],
    "parameters" : [ ],
    "stepsCount" : 0,
    "attachmentsCount" : 0,
    "shouldDisplayMessage" : false,
    "hasContent" : false
  }, {
    "name" : "driver",
    "time" : {
      "start" : 1691282825928,
      "stop" : 1691282827014,
      "duration" : 1086
    },
    "status" : "passed",
    "steps" : [ ],
    "attachments" : [ ],
    "parameters" : [ ],
    "stepsCount" : 0,
    "attachmentsCount" : 0,
    "shouldDisplayMessage" : false,
    "hasContent" : false
  }, {
    "name" : "forgot_psw_page",
    "time" : {
      "start" : 1691282827015,
      "stop" : 1691282828312,
      "duration" : 1297
    },
    "status" : "passed",
    "steps" : [ {
      "name" : "Open a browser",
      "time" : {
        "start" : 1691282827015,
        "stop" : 1691282828312,
        "duration" : 1297
      },
      "status" : "passed",
      "steps" : [ ],
      "attachments" : [ ],
      "parameters" : [ ],
      "stepsCount" : 0,
      "attachmentsCount" : 0,
      "shouldDisplayMessage" : false,
      "hasContent" : false
    } ],
    "attachments" : [ ],
    "parameters" : [ ],
    "stepsCount" : 1,
    "attachmentsCount" : 0,
    "shouldDisplayMessage" : false,
    "hasContent" : true
  } ],
  "testStage" : {
    "description" : "Check if Email field is appropriately labeled ",
    "status" : "broken",
    "statusMessage" : "selenium.common.exceptions.TimeoutException: Message: \nStacktrace:\n#0 0x5654e8b25783 <unknown>\n#1 0x5654e8851917 <unknown>\n#2 0x5654e889031b <unknown>\n#3 0x5654e8890411 <unknown>\n#4 0x5654e88cb674 <unknown>\n#5 0x5654e88b0e2d <unknown>\n#6 0x5654e88c90d9 <unknown>\n#7 0x5654e88b0bd3 <unknown>\n#8 0x5654e8884a7b <unknown>\n#9 0x5654e888581e <unknown>\n#10 0x5654e8ae6e98 <unknown>\n#11 0x5654e8aead67 <unknown>\n#12 0x5654e8af532c <unknown>\n#13 0x5654e8aeb993 <unknown>\n#14 0x5654e8aba827 <unknown>\n#15 0x5654e8b0f8a8 <unknown>\n#16 0x5654e8b0fa36 <unknown>\n#17 0x5654e8b1e5f3 <unknown>\n#18 0x7fda1c8d7b43 <unknown>",
    "statusTrace" : "self = <test_forgot_your_password.TestForgotYourPassword object at 0x7f08b85e8b50>\ndriver = <selenium.webdriver.chrome.webdriver.WebDriver (session=\"6cf7d0707bf22206f41190d9d923237d\")>\nforgot_psw_page = <pages.forgot_your_password_page.ForgotYourPasswordPage object at 0x7f08b9152a90>\n\n    @allure.title('TC 17.01.11 Verify FYP captcha input field is appropriately labeled')\n    def test_17_01_11_captcha_field_is_appropriately_labeled(self, driver, forgot_psw_page):\n        \"\"\"Check if Email field is appropriately labeled \"\"\"\n>       captcha_label = forgot_psw_page.check_forgot_psw_captcha_label()\n\ntests/test_forgot_your_password.py:101: \n_ _ _ _ _ _ _ _ _ _ _ _ _ _ _ _ _ _ _ _ _ _ _ _ _ _ _ _ _ _ _ _ _ _ _ _ _ _ _ _ \npages/forgot_your_password_page.py:64: in check_forgot_psw_captcha_label\n    return self.element_is_visible(self.locators.FORGOT_YOUR_PASSWORD_CAPTCHA_LABEL)\npages/base_page.py:29: in element_is_visible\n    self.go_to_element(self.element_is_present(locator))\npages/base_page.py:50: in element_is_present\n    return wait(self.driver, timeout).until(EC.presence_of_element_located(locator))\n_ _ _ _ _ _ _ _ _ _ _ _ _ _ _ _ _ _ _ _ _ _ _ _ _ _ _ _ _ _ _ _ _ _ _ _ _ _ _ _ \n\nself = <selenium.webdriver.support.wait.WebDriverWait (session=\"6cf7d0707bf22206f41190d9d923237d\")>\nmethod = <function presence_of_element_located.<locals>._predicate at 0x7f08b726e660>\nmessage = ''\n\n    def until(self, method, message: str = \"\"):\n        \"\"\"Calls the method provided with the driver as an argument until the \\\n        return value does not evaluate to ``False``.\n    \n        :param method: callable(WebDriver)\n        :param message: optional message for :exc:`TimeoutException`\n        :returns: the result of the last call to `method`\n        :raises: :exc:`selenium.common.exceptions.TimeoutException` if timeout occurs\n        \"\"\"\n        screen = None\n        stacktrace = None\n    \n        end_time = time.monotonic() + self._timeout\n        while True:\n            try:\n                value = method(self._driver)\n                if value:\n                    return value\n            except self._ignored_exceptions as exc:\n                screen = getattr(exc, \"screen\", None)\n                stacktrace = getattr(exc, \"stacktrace\", None)\n            time.sleep(self._poll)\n            if time.monotonic() > end_time:\n                break\n>       raise TimeoutException(message, screen, stacktrace)\nE       selenium.common.exceptions.TimeoutException: Message: \nE       Stacktrace:\nE       #0 0x5654e8b25783 <unknown>\nE       #1 0x5654e8851917 <unknown>\nE       #2 0x5654e889031b <unknown>\nE       #3 0x5654e8890411 <unknown>\nE       #4 0x5654e88cb674 <unknown>\nE       #5 0x5654e88b0e2d <unknown>\nE       #6 0x5654e88c90d9 <unknown>\nE       #7 0x5654e88b0bd3 <unknown>\nE       #8 0x5654e8884a7b <unknown>\nE       #9 0x5654e888581e <unknown>\nE       #10 0x5654e8ae6e98 <unknown>\nE       #11 0x5654e8aead67 <unknown>\nE       #12 0x5654e8af532c <unknown>\nE       #13 0x5654e8aeb993 <unknown>\nE       #14 0x5654e8aba827 <unknown>\nE       #15 0x5654e8b0f8a8 <unknown>\nE       #16 0x5654e8b0fa36 <unknown>\nE       #17 0x5654e8b1e5f3 <unknown>\nE       #18 0x7fda1c8d7b43 <unknown>\n\n/opt/hostedtoolcache/Python/3.11.4/x64/lib/python3.11/site-packages/selenium/webdriver/support/wait.py:95: TimeoutException",
    "steps" : [ {
      "name" : "Check the label for FYP captcha input field is visible",
      "time" : {
        "start" : 1691282828313,
        "stop" : 1691282833460,
        "duration" : 5147
      },
      "status" : "broken",
      "statusMessage" : "selenium.common.exceptions.TimeoutException: Message: \nStacktrace:\n#0 0x5654e8b25783 <unknown>\n#1 0x5654e8851917 <unknown>\n#2 0x5654e889031b <unknown>\n#3 0x5654e8890411 <unknown>\n#4 0x5654e88cb674 <unknown>\n#5 0x5654e88b0e2d <unknown>\n#6 0x5654e88c90d9 <unknown>\n#7 0x5654e88b0bd3 <unknown>\n#8 0x5654e8884a7b <unknown>\n#9 0x5654e888581e <unknown>\n#10 0x5654e8ae6e98 <unknown>\n#11 0x5654e8aead67 <unknown>\n#12 0x5654e8af532c <unknown>\n#13 0x5654e8aeb993 <unknown>\n#14 0x5654e8aba827 <unknown>\n#15 0x5654e8b0f8a8 <unknown>\n#16 0x5654e8b0fa36 <unknown>\n#17 0x5654e8b1e5f3 <unknown>\n#18 0x7fda1c8d7b43 <unknown>\n\n",
      "statusTrace" : "  File \"/opt/hostedtoolcache/Python/3.11.4/x64/lib/python3.11/site-packages/allure_commons/_allure.py\", line 192, in impl\n    return func(*a, **kw)\n           ^^^^^^^^^^^^^^\n  File \"/home/runner/work/luma_project/luma_project/pages/forgot_your_password_page.py\", line 64, in check_forgot_psw_captcha_label\n    return self.element_is_visible(self.locators.FORGOT_YOUR_PASSWORD_CAPTCHA_LABEL)\n           ^^^^^^^^^^^^^^^^^^^^^^^^^^^^^^^^^^^^^^^^^^^^^^^^^^^^^^^^^^^^^^^^^^^^^^^^^\n  File \"/opt/hostedtoolcache/Python/3.11.4/x64/lib/python3.11/site-packages/allure_commons/_allure.py\", line 192, in impl\n    return func(*a, **kw)\n           ^^^^^^^^^^^^^^\n  File \"/home/runner/work/luma_project/luma_project/pages/base_page.py\", line 29, in element_is_visible\n    self.go_to_element(self.element_is_present(locator))\n                       ^^^^^^^^^^^^^^^^^^^^^^^^^^^^^^^^\n  File \"/opt/hostedtoolcache/Python/3.11.4/x64/lib/python3.11/site-packages/allure_commons/_allure.py\", line 192, in impl\n    return func(*a, **kw)\n           ^^^^^^^^^^^^^^\n  File \"/home/runner/work/luma_project/luma_project/pages/base_page.py\", line 50, in element_is_present\n    return wait(self.driver, timeout).until(EC.presence_of_element_located(locator))\n           ^^^^^^^^^^^^^^^^^^^^^^^^^^^^^^^^^^^^^^^^^^^^^^^^^^^^^^^^^^^^^^^^^^^^^^^^^\n  File \"/opt/hostedtoolcache/Python/3.11.4/x64/lib/python3.11/site-packages/selenium/webdriver/support/wait.py\", line 95, in until\n    raise TimeoutException(message, screen, stacktrace)\n",
      "steps" : [ {
        "name" : "Find a visible element",
        "time" : {
          "start" : 1691282828313,
          "stop" : 1691282833459,
          "duration" : 5146
        },
        "status" : "broken",
        "statusMessage" : "selenium.common.exceptions.TimeoutException: Message: \nStacktrace:\n#0 0x5654e8b25783 <unknown>\n#1 0x5654e8851917 <unknown>\n#2 0x5654e889031b <unknown>\n#3 0x5654e8890411 <unknown>\n#4 0x5654e88cb674 <unknown>\n#5 0x5654e88b0e2d <unknown>\n#6 0x5654e88c90d9 <unknown>\n#7 0x5654e88b0bd3 <unknown>\n#8 0x5654e8884a7b <unknown>\n#9 0x5654e888581e <unknown>\n#10 0x5654e8ae6e98 <unknown>\n#11 0x5654e8aead67 <unknown>\n#12 0x5654e8af532c <unknown>\n#13 0x5654e8aeb993 <unknown>\n#14 0x5654e8aba827 <unknown>\n#15 0x5654e8b0f8a8 <unknown>\n#16 0x5654e8b0fa36 <unknown>\n#17 0x5654e8b1e5f3 <unknown>\n#18 0x7fda1c8d7b43 <unknown>\n\n",
        "statusTrace" : "  File \"/opt/hostedtoolcache/Python/3.11.4/x64/lib/python3.11/site-packages/allure_commons/_allure.py\", line 192, in impl\n    return func(*a, **kw)\n           ^^^^^^^^^^^^^^\n  File \"/home/runner/work/luma_project/luma_project/pages/base_page.py\", line 29, in element_is_visible\n    self.go_to_element(self.element_is_present(locator))\n                       ^^^^^^^^^^^^^^^^^^^^^^^^^^^^^^^^\n  File \"/opt/hostedtoolcache/Python/3.11.4/x64/lib/python3.11/site-packages/allure_commons/_allure.py\", line 192, in impl\n    return func(*a, **kw)\n           ^^^^^^^^^^^^^^\n  File \"/home/runner/work/luma_project/luma_project/pages/base_page.py\", line 50, in element_is_present\n    return wait(self.driver, timeout).until(EC.presence_of_element_located(locator))\n           ^^^^^^^^^^^^^^^^^^^^^^^^^^^^^^^^^^^^^^^^^^^^^^^^^^^^^^^^^^^^^^^^^^^^^^^^^\n  File \"/opt/hostedtoolcache/Python/3.11.4/x64/lib/python3.11/site-packages/selenium/webdriver/support/wait.py\", line 95, in until\n    raise TimeoutException(message, screen, stacktrace)\n",
        "steps" : [ {
          "name" : "Find a present element",
          "time" : {
            "start" : 1691282828313,
            "stop" : 1691282833459,
            "duration" : 5146
          },
          "status" : "broken",
          "statusMessage" : "selenium.common.exceptions.TimeoutException: Message: \nStacktrace:\n#0 0x5654e8b25783 <unknown>\n#1 0x5654e8851917 <unknown>\n#2 0x5654e889031b <unknown>\n#3 0x5654e8890411 <unknown>\n#4 0x5654e88cb674 <unknown>\n#5 0x5654e88b0e2d <unknown>\n#6 0x5654e88c90d9 <unknown>\n#7 0x5654e88b0bd3 <unknown>\n#8 0x5654e8884a7b <unknown>\n#9 0x5654e888581e <unknown>\n#10 0x5654e8ae6e98 <unknown>\n#11 0x5654e8aead67 <unknown>\n#12 0x5654e8af532c <unknown>\n#13 0x5654e8aeb993 <unknown>\n#14 0x5654e8aba827 <unknown>\n#15 0x5654e8b0f8a8 <unknown>\n#16 0x5654e8b0fa36 <unknown>\n#17 0x5654e8b1e5f3 <unknown>\n#18 0x7fda1c8d7b43 <unknown>\n\n",
          "statusTrace" : "  File \"/opt/hostedtoolcache/Python/3.11.4/x64/lib/python3.11/site-packages/allure_commons/_allure.py\", line 192, in impl\n    return func(*a, **kw)\n           ^^^^^^^^^^^^^^\n  File \"/home/runner/work/luma_project/luma_project/pages/base_page.py\", line 50, in element_is_present\n    return wait(self.driver, timeout).until(EC.presence_of_element_located(locator))\n           ^^^^^^^^^^^^^^^^^^^^^^^^^^^^^^^^^^^^^^^^^^^^^^^^^^^^^^^^^^^^^^^^^^^^^^^^^\n  File \"/opt/hostedtoolcache/Python/3.11.4/x64/lib/python3.11/site-packages/selenium/webdriver/support/wait.py\", line 95, in until\n    raise TimeoutException(message, screen, stacktrace)\n",
          "steps" : [ ],
          "attachments" : [ ],
          "parameters" : [ {
            "name" : "locator",
            "value" : "('css selector', '.captcha.required > label > span')"
          }, {
            "name" : "timeout",
            "value" : "5"
          } ],
          "stepsCount" : 0,
          "attachmentsCount" : 0,
          "shouldDisplayMessage" : true,
          "hasContent" : true
        } ],
        "attachments" : [ ],
        "parameters" : [ {
          "name" : "locator",
          "value" : "('css selector', '.captcha.required > label > span')"
        }, {
          "name" : "timeout",
          "value" : "10"
        } ],
        "stepsCount" : 1,
        "attachmentsCount" : 0,
        "shouldDisplayMessage" : false,
        "hasContent" : true
      } ],
      "attachments" : [ ],
      "parameters" : [ ],
      "stepsCount" : 2,
      "attachmentsCount" : 0,
      "shouldDisplayMessage" : false,
      "hasContent" : true
    } ],
    "attachments" : [ {
      "uid" : "ec224f5546264846",
      "name" : "Screenshot",
      "source" : "ec224f5546264846.png",
      "type" : "image/png",
      "size" : 68490
    }, {
      "uid" : "f1952af09c0ccbb5",
      "name" : "HTML source",
      "source" : "f1952af09c0ccbb5.html",
      "type" : "text/html",
      "size" : 77786
    } ],
    "parameters" : [ ],
    "stepsCount" : 3,
    "attachmentsCount" : 2,
    "shouldDisplayMessage" : true,
    "hasContent" : true
  },
  "afterStages" : [ {
    "name" : "clear_allure_result_folder::0",
    "time" : {
      "start" : 1691284012998,
      "stop" : 1691284012998,
      "duration" : 0
    },
    "status" : "passed",
    "steps" : [ ],
    "attachments" : [ ],
    "parameters" : [ ],
    "stepsCount" : 0,
    "attachmentsCount" : 0,
    "shouldDisplayMessage" : false,
    "hasContent" : false
  }, {
    "name" : "driver::0",
    "time" : {
      "start" : 1691282833672,
      "stop" : 1691282833739,
      "duration" : 67
    },
    "status" : "passed",
    "steps" : [ ],
    "attachments" : [ ],
    "parameters" : [ ],
    "stepsCount" : 0,
    "attachmentsCount" : 0,
    "shouldDisplayMessage" : false,
    "hasContent" : false
  } ],
  "labels" : [ {
    "name" : "epic",
    "value" : "Forgot Your Password Page"
  }, {
    "name" : "parentSuite",
    "value" : "tests"
  }, {
    "name" : "suite",
    "value" : "test_forgot_your_password"
  }, {
    "name" : "subSuite",
    "value" : "TestForgotYourPassword"
  }, {
    "name" : "host",
    "value" : "fv-az883-512"
  }, {
    "name" : "thread",
    "value" : "3280-MainThread"
  }, {
    "name" : "framework",
    "value" : "pytest"
  }, {
    "name" : "language",
    "value" : "cpython3"
  }, {
    "name" : "package",
    "value" : "tests.test_forgot_your_password"
  }, {
    "name" : "resultFormat",
    "value" : "allure2"
  } ],
  "parameters" : [ ],
  "links" : [ ],
  "hidden" : false,
  "retry" : false,
  "extra" : {
    "severity" : "normal",
    "retries" : [ ],
    "categories" : [ {
      "name" : "Test defects",
      "matchedStatuses" : [ ],
      "flaky" : false
    } ],
    "tags" : [ ]
  },
  "source" : "2fd797225c292291.json",
  "parameterValues" : [ ]
}