{
  "uid" : "37064433060a6bae",
  "name" : "TC 17.01.24 Verify Error on resetting My Password with invalid captcha",
  "fullName" : "tests.test_forgot_your_password.TestForgotYourPasswordFunctionality#test_17_01_24_error_if_reset_my_password_with_invalid_captcha",
  "historyId" : "05aeb6a6852588ab78868f39355c5ff9",
  "time" : {
    "start" : 1691887487369,
    "stop" : 1691887492839,
    "duration" : 5470
  },
  "description" : "Check error message on attempt to reset password with invalid captcha",
  "descriptionHtml" : "<p>Check error message on attempt to reset password with invalid captcha</p>\n",
  "status" : "broken",
  "statusMessage" : "selenium.common.exceptions.TimeoutException: Message: \nStacktrace:\n#0 0x55a782699613 <unknown>\n#1 0x55a7823c5537 <unknown>\n#2 0x55a782403f53 <unknown>\n#3 0x55a782404041 <unknown>\n#4 0x55a78243f2a4 <unknown>\n#5 0x55a782424a5d <unknown>\n#6 0x55a78243cd09 <unknown>\n#7 0x55a782424803 <unknown>\n#8 0x55a7823f868b <unknown>\n#9 0x55a7823f942e <unknown>\n#10 0x55a78265ac28 <unknown>\n#11 0x55a78265eaf7 <unknown>\n#12 0x55a78266901c <unknown>\n#13 0x55a78265f723 <unknown>\n#14 0x55a78262e457 <unknown>\n#15 0x55a782683628 <unknown>\n#16 0x55a7826837b7 <unknown>\n#17 0x55a782692483 <unknown>\n#18 0x7fc1c4510b43 <unknown>",
  "statusTrace" : "self = <test_forgot_your_password.TestForgotYourPasswordFunctionality object at 0x7efd61cc4410>\ndriver = <selenium.webdriver.chrome.webdriver.WebDriver (session=\"988afaa7afedd48825754ad3d92b83c3\")>\nforgot_psw_page = <pages.forgot_your_password_page.ForgotYourPasswordPage object at 0x7efd6267a450>\n\n    @allure.title('TC 17.01.24 Verify Error on resetting My Password with invalid captcha')\n    def test_17_01_24_error_if_reset_my_password_with_invalid_captcha(self, driver, forgot_psw_page):\n        \"\"\"Check error message on attempt to reset password with invalid captcha\"\"\"\n        forgot_psw_page.fill_in_email_field(credentials['valid_email'])\n>       forgot_psw_page.fill_in_forgot_psw_captcha_field(captcha)\n\ntests/test_forgot_your_password.py:187: \n_ _ _ _ _ _ _ _ _ _ _ _ _ _ _ _ _ _ _ _ _ _ _ _ _ _ _ _ _ _ _ _ _ _ _ _ _ _ _ _ \npages/forgot_your_password_page.py:84: in fill_in_forgot_psw_captcha_field\n    return self.fill_in_field(self.check_forgot_psw_captcha_field_is_clickable(), text)\npages/forgot_your_password_page.py:59: in check_forgot_psw_captcha_field_is_clickable\n    return self.element_is_clickable(self.locators.FORGOT_YOUR_PASSWORD_CAPTCHA)\npages/base_page.py:80: in element_is_clickable\n    return wait(self.driver, timeout).until(EC.element_to_be_clickable(locator))\n_ _ _ _ _ _ _ _ _ _ _ _ _ _ _ _ _ _ _ _ _ _ _ _ _ _ _ _ _ _ _ _ _ _ _ _ _ _ _ _ \n\nself = <selenium.webdriver.support.wait.WebDriverWait (session=\"988afaa7afedd48825754ad3d92b83c3\")>\nmethod = <function element_to_be_clickable.<locals>._predicate at 0x7efd606a1260>\nmessage = ''\n\n    def until(self, method, message: str = \"\"):\n        \"\"\"Calls the method provided with the driver as an argument until the \\\n        return value does not evaluate to ``False``.\n    \n        :param method: callable(WebDriver)\n        :param message: optional message for :exc:`TimeoutException`\n        :returns: the result of the last call to `method`\n        :raises: :exc:`selenium.common.exceptions.TimeoutException` if timeout occurs\n        \"\"\"\n        screen = None\n        stacktrace = None\n    \n        end_time = time.monotonic() + self._timeout\n        while True:\n            try:\n                value = method(self._driver)\n                if value:\n                    return value\n            except self._ignored_exceptions as exc:\n                screen = getattr(exc, \"screen\", None)\n                stacktrace = getattr(exc, \"stacktrace\", None)\n            time.sleep(self._poll)\n            if time.monotonic() > end_time:\n                break\n>       raise TimeoutException(message, screen, stacktrace)\nE       selenium.common.exceptions.TimeoutException: Message: \nE       Stacktrace:\nE       #0 0x55a782699613 <unknown>\nE       #1 0x55a7823c5537 <unknown>\nE       #2 0x55a782403f53 <unknown>\nE       #3 0x55a782404041 <unknown>\nE       #4 0x55a78243f2a4 <unknown>\nE       #5 0x55a782424a5d <unknown>\nE       #6 0x55a78243cd09 <unknown>\nE       #7 0x55a782424803 <unknown>\nE       #8 0x55a7823f868b <unknown>\nE       #9 0x55a7823f942e <unknown>\nE       #10 0x55a78265ac28 <unknown>\nE       #11 0x55a78265eaf7 <unknown>\nE       #12 0x55a78266901c <unknown>\nE       #13 0x55a78265f723 <unknown>\nE       #14 0x55a78262e457 <unknown>\nE       #15 0x55a782683628 <unknown>\nE       #16 0x55a7826837b7 <unknown>\nE       #17 0x55a782692483 <unknown>\nE       #18 0x7fc1c4510b43 <unknown>\n\n/opt/hostedtoolcache/Python/3.11.4/x64/lib/python3.11/site-packages/selenium/webdriver/support/wait.py:95: TimeoutException",
  "flaky" : false,
  "newFailed" : false,
  "beforeStages" : [ {
    "name" : "_session_faker",
    "time" : {
      "start" : 1691887066183,
      "stop" : 1691887066268,
      "duration" : 85
    },
    "status" : "passed",
    "steps" : [ ],
    "attachments" : [ ],
    "parameters" : [ ],
    "stepsCount" : 0,
    "attachmentsCount" : 0,
    "shouldDisplayMessage" : false,
    "hasContent" : false
  }, {
    "name" : "forgot_psw_page",
    "time" : {
      "start" : 1691887486353,
      "stop" : 1691887487368,
      "duration" : 1015
    },
    "status" : "passed",
    "steps" : [ {
      "name" : "Open a browser",
      "time" : {
        "start" : 1691887486353,
        "stop" : 1691887487368,
        "duration" : 1015
      },
      "status" : "passed",
      "steps" : [ ],
      "attachments" : [ ],
      "parameters" : [ ],
      "stepsCount" : 0,
      "attachmentsCount" : 0,
      "shouldDisplayMessage" : false,
      "hasContent" : false
    } ],
    "attachments" : [ ],
    "parameters" : [ ],
    "stepsCount" : 1,
    "attachmentsCount" : 0,
    "shouldDisplayMessage" : false,
    "hasContent" : true
  }, {
    "name" : "clear_allure_result_folder",
    "time" : {
      "start" : 1691887066268,
      "stop" : 1691887066268,
      "duration" : 0
    },
    "status" : "passed",
    "steps" : [ ],
    "attachments" : [ ],
    "parameters" : [ ],
    "stepsCount" : 0,
    "attachmentsCount" : 0,
    "shouldDisplayMessage" : false,
    "hasContent" : false
  }, {
    "name" : "driver",
    "time" : {
      "start" : 1691887485298,
      "stop" : 1691887486353,
      "duration" : 1055
    },
    "status" : "passed",
    "steps" : [ ],
    "attachments" : [ ],
    "parameters" : [ ],
    "stepsCount" : 0,
    "attachmentsCount" : 0,
    "shouldDisplayMessage" : false,
    "hasContent" : false
  } ],
  "testStage" : {
    "description" : "Check error message on attempt to reset password with invalid captcha",
    "status" : "broken",
    "statusMessage" : "selenium.common.exceptions.TimeoutException: Message: \nStacktrace:\n#0 0x55a782699613 <unknown>\n#1 0x55a7823c5537 <unknown>\n#2 0x55a782403f53 <unknown>\n#3 0x55a782404041 <unknown>\n#4 0x55a78243f2a4 <unknown>\n#5 0x55a782424a5d <unknown>\n#6 0x55a78243cd09 <unknown>\n#7 0x55a782424803 <unknown>\n#8 0x55a7823f868b <unknown>\n#9 0x55a7823f942e <unknown>\n#10 0x55a78265ac28 <unknown>\n#11 0x55a78265eaf7 <unknown>\n#12 0x55a78266901c <unknown>\n#13 0x55a78265f723 <unknown>\n#14 0x55a78262e457 <unknown>\n#15 0x55a782683628 <unknown>\n#16 0x55a7826837b7 <unknown>\n#17 0x55a782692483 <unknown>\n#18 0x7fc1c4510b43 <unknown>",
    "statusTrace" : "self = <test_forgot_your_password.TestForgotYourPasswordFunctionality object at 0x7efd61cc4410>\ndriver = <selenium.webdriver.chrome.webdriver.WebDriver (session=\"988afaa7afedd48825754ad3d92b83c3\")>\nforgot_psw_page = <pages.forgot_your_password_page.ForgotYourPasswordPage object at 0x7efd6267a450>\n\n    @allure.title('TC 17.01.24 Verify Error on resetting My Password with invalid captcha')\n    def test_17_01_24_error_if_reset_my_password_with_invalid_captcha(self, driver, forgot_psw_page):\n        \"\"\"Check error message on attempt to reset password with invalid captcha\"\"\"\n        forgot_psw_page.fill_in_email_field(credentials['valid_email'])\n>       forgot_psw_page.fill_in_forgot_psw_captcha_field(captcha)\n\ntests/test_forgot_your_password.py:187: \n_ _ _ _ _ _ _ _ _ _ _ _ _ _ _ _ _ _ _ _ _ _ _ _ _ _ _ _ _ _ _ _ _ _ _ _ _ _ _ _ \npages/forgot_your_password_page.py:84: in fill_in_forgot_psw_captcha_field\n    return self.fill_in_field(self.check_forgot_psw_captcha_field_is_clickable(), text)\npages/forgot_your_password_page.py:59: in check_forgot_psw_captcha_field_is_clickable\n    return self.element_is_clickable(self.locators.FORGOT_YOUR_PASSWORD_CAPTCHA)\npages/base_page.py:80: in element_is_clickable\n    return wait(self.driver, timeout).until(EC.element_to_be_clickable(locator))\n_ _ _ _ _ _ _ _ _ _ _ _ _ _ _ _ _ _ _ _ _ _ _ _ _ _ _ _ _ _ _ _ _ _ _ _ _ _ _ _ \n\nself = <selenium.webdriver.support.wait.WebDriverWait (session=\"988afaa7afedd48825754ad3d92b83c3\")>\nmethod = <function element_to_be_clickable.<locals>._predicate at 0x7efd606a1260>\nmessage = ''\n\n    def until(self, method, message: str = \"\"):\n        \"\"\"Calls the method provided with the driver as an argument until the \\\n        return value does not evaluate to ``False``.\n    \n        :param method: callable(WebDriver)\n        :param message: optional message for :exc:`TimeoutException`\n        :returns: the result of the last call to `method`\n        :raises: :exc:`selenium.common.exceptions.TimeoutException` if timeout occurs\n        \"\"\"\n        screen = None\n        stacktrace = None\n    \n        end_time = time.monotonic() + self._timeout\n        while True:\n            try:\n                value = method(self._driver)\n                if value:\n                    return value\n            except self._ignored_exceptions as exc:\n                screen = getattr(exc, \"screen\", None)\n                stacktrace = getattr(exc, \"stacktrace\", None)\n            time.sleep(self._poll)\n            if time.monotonic() > end_time:\n                break\n>       raise TimeoutException(message, screen, stacktrace)\nE       selenium.common.exceptions.TimeoutException: Message: \nE       Stacktrace:\nE       #0 0x55a782699613 <unknown>\nE       #1 0x55a7823c5537 <unknown>\nE       #2 0x55a782403f53 <unknown>\nE       #3 0x55a782404041 <unknown>\nE       #4 0x55a78243f2a4 <unknown>\nE       #5 0x55a782424a5d <unknown>\nE       #6 0x55a78243cd09 <unknown>\nE       #7 0x55a782424803 <unknown>\nE       #8 0x55a7823f868b <unknown>\nE       #9 0x55a7823f942e <unknown>\nE       #10 0x55a78265ac28 <unknown>\nE       #11 0x55a78265eaf7 <unknown>\nE       #12 0x55a78266901c <unknown>\nE       #13 0x55a78265f723 <unknown>\nE       #14 0x55a78262e457 <unknown>\nE       #15 0x55a782683628 <unknown>\nE       #16 0x55a7826837b7 <unknown>\nE       #17 0x55a782692483 <unknown>\nE       #18 0x7fc1c4510b43 <unknown>\n\n/opt/hostedtoolcache/Python/3.11.4/x64/lib/python3.11/site-packages/selenium/webdriver/support/wait.py:95: TimeoutException",
    "steps" : [ {
      "name" : "Fill in Email field",
      "time" : {
        "start" : 1691887487369,
        "stop" : 1691887487605,
        "duration" : 236
      },
      "status" : "passed",
      "steps" : [ {
        "name" : "Check FYP Email field is clickable",
        "time" : {
          "start" : 1691887487369,
          "stop" : 1691887487401,
          "duration" : 32
        },
        "status" : "passed",
        "steps" : [ {
          "name" : "Find clickable elements",
          "time" : {
            "start" : 1691887487369,
            "stop" : 1691887487401,
            "duration" : 32
          },
          "status" : "passed",
          "steps" : [ ],
          "attachments" : [ ],
          "parameters" : [ {
            "name" : "locator",
            "value" : "('css selector', '#email_address')"
          }, {
            "name" : "timeout",
            "value" : "5"
          } ],
          "stepsCount" : 0,
          "attachmentsCount" : 0,
          "shouldDisplayMessage" : false,
          "hasContent" : true
        } ],
        "attachments" : [ ],
        "parameters" : [ ],
        "stepsCount" : 1,
        "attachmentsCount" : 0,
        "shouldDisplayMessage" : false,
        "hasContent" : true
      }, {
        "name" : "Fill in a field",
        "time" : {
          "start" : 1691887487401,
          "stop" : 1691887487605,
          "duration" : 204
        },
        "status" : "passed",
        "steps" : [ {
          "name" : "Find clickable elements",
          "time" : {
            "start" : 1691887487401,
            "stop" : 1691887487417,
            "duration" : 16
          },
          "status" : "passed",
          "steps" : [ ],
          "attachments" : [ ],
          "parameters" : [ {
            "name" : "locator",
            "value" : "<selenium.webdriver.remote.webelement.WebElement (session=\"988afaa7afedd48825754ad3d92b83c3\", element=\"631BE9BCC6F157AC44890FF3C2E357A2_element_28\")>"
          }, {
            "name" : "timeout",
            "value" : "5"
          } ],
          "stepsCount" : 0,
          "attachmentsCount" : 0,
          "shouldDisplayMessage" : false,
          "hasContent" : true
        } ],
        "attachments" : [ ],
        "parameters" : [ {
          "name" : "locator",
          "value" : "<selenium.webdriver.remote.webelement.WebElement (session=\"988afaa7afedd48825754ad3d92b83c3\", element=\"631BE9BCC6F157AC44890FF3C2E357A2_element_28\")>"
        }, {
          "name" : "value",
          "value" : "'test130@mailinator.com'"
        } ],
        "stepsCount" : 1,
        "attachmentsCount" : 0,
        "shouldDisplayMessage" : false,
        "hasContent" : true
      } ],
      "attachments" : [ ],
      "parameters" : [ {
        "name" : "email",
        "value" : "'test130@mailinator.com'"
      } ],
      "stepsCount" : 4,
      "attachmentsCount" : 0,
      "shouldDisplayMessage" : false,
      "hasContent" : true
    }, {
      "name" : "Fill in FYP Email field",
      "time" : {
        "start" : 1691887487605,
        "stop" : 1691887492839,
        "duration" : 5234
      },
      "status" : "broken",
      "statusMessage" : "selenium.common.exceptions.TimeoutException: Message: \nStacktrace:\n#0 0x55a782699613 <unknown>\n#1 0x55a7823c5537 <unknown>\n#2 0x55a782403f53 <unknown>\n#3 0x55a782404041 <unknown>\n#4 0x55a78243f2a4 <unknown>\n#5 0x55a782424a5d <unknown>\n#6 0x55a78243cd09 <unknown>\n#7 0x55a782424803 <unknown>\n#8 0x55a7823f868b <unknown>\n#9 0x55a7823f942e <unknown>\n#10 0x55a78265ac28 <unknown>\n#11 0x55a78265eaf7 <unknown>\n#12 0x55a78266901c <unknown>\n#13 0x55a78265f723 <unknown>\n#14 0x55a78262e457 <unknown>\n#15 0x55a782683628 <unknown>\n#16 0x55a7826837b7 <unknown>\n#17 0x55a782692483 <unknown>\n#18 0x7fc1c4510b43 <unknown>\n\n",
      "statusTrace" : "  File \"/opt/hostedtoolcache/Python/3.11.4/x64/lib/python3.11/site-packages/allure_commons/_allure.py\", line 192, in impl\n    return func(*a, **kw)\n           ^^^^^^^^^^^^^^\n  File \"/home/runner/work/luma_project/luma_project/pages/forgot_your_password_page.py\", line 84, in fill_in_forgot_psw_captcha_field\n    return self.fill_in_field(self.check_forgot_psw_captcha_field_is_clickable(), text)\n                              ^^^^^^^^^^^^^^^^^^^^^^^^^^^^^^^^^^^^^^^^^^^^^^^^^^\n  File \"/opt/hostedtoolcache/Python/3.11.4/x64/lib/python3.11/site-packages/allure_commons/_allure.py\", line 192, in impl\n    return func(*a, **kw)\n           ^^^^^^^^^^^^^^\n  File \"/home/runner/work/luma_project/luma_project/pages/forgot_your_password_page.py\", line 59, in check_forgot_psw_captcha_field_is_clickable\n    return self.element_is_clickable(self.locators.FORGOT_YOUR_PASSWORD_CAPTCHA)\n           ^^^^^^^^^^^^^^^^^^^^^^^^^^^^^^^^^^^^^^^^^^^^^^^^^^^^^^^^^^^^^^^^^^^^^\n  File \"/opt/hostedtoolcache/Python/3.11.4/x64/lib/python3.11/site-packages/allure_commons/_allure.py\", line 192, in impl\n    return func(*a, **kw)\n           ^^^^^^^^^^^^^^\n  File \"/home/runner/work/luma_project/luma_project/pages/base_page.py\", line 80, in element_is_clickable\n    return wait(self.driver, timeout).until(EC.element_to_be_clickable(locator))\n           ^^^^^^^^^^^^^^^^^^^^^^^^^^^^^^^^^^^^^^^^^^^^^^^^^^^^^^^^^^^^^^^^^^^^^\n  File \"/opt/hostedtoolcache/Python/3.11.4/x64/lib/python3.11/site-packages/selenium/webdriver/support/wait.py\", line 95, in until\n    raise TimeoutException(message, screen, stacktrace)\n",
      "steps" : [ {
        "name" : "Check FYP captcha input field is clickable",
        "time" : {
          "start" : 1691887487605,
          "stop" : 1691887492838,
          "duration" : 5233
        },
        "status" : "broken",
        "statusMessage" : "selenium.common.exceptions.TimeoutException: Message: \nStacktrace:\n#0 0x55a782699613 <unknown>\n#1 0x55a7823c5537 <unknown>\n#2 0x55a782403f53 <unknown>\n#3 0x55a782404041 <unknown>\n#4 0x55a78243f2a4 <unknown>\n#5 0x55a782424a5d <unknown>\n#6 0x55a78243cd09 <unknown>\n#7 0x55a782424803 <unknown>\n#8 0x55a7823f868b <unknown>\n#9 0x55a7823f942e <unknown>\n#10 0x55a78265ac28 <unknown>\n#11 0x55a78265eaf7 <unknown>\n#12 0x55a78266901c <unknown>\n#13 0x55a78265f723 <unknown>\n#14 0x55a78262e457 <unknown>\n#15 0x55a782683628 <unknown>\n#16 0x55a7826837b7 <unknown>\n#17 0x55a782692483 <unknown>\n#18 0x7fc1c4510b43 <unknown>\n\n",
        "statusTrace" : "  File \"/opt/hostedtoolcache/Python/3.11.4/x64/lib/python3.11/site-packages/allure_commons/_allure.py\", line 192, in impl\n    return func(*a, **kw)\n           ^^^^^^^^^^^^^^\n  File \"/home/runner/work/luma_project/luma_project/pages/forgot_your_password_page.py\", line 59, in check_forgot_psw_captcha_field_is_clickable\n    return self.element_is_clickable(self.locators.FORGOT_YOUR_PASSWORD_CAPTCHA)\n           ^^^^^^^^^^^^^^^^^^^^^^^^^^^^^^^^^^^^^^^^^^^^^^^^^^^^^^^^^^^^^^^^^^^^^\n  File \"/opt/hostedtoolcache/Python/3.11.4/x64/lib/python3.11/site-packages/allure_commons/_allure.py\", line 192, in impl\n    return func(*a, **kw)\n           ^^^^^^^^^^^^^^\n  File \"/home/runner/work/luma_project/luma_project/pages/base_page.py\", line 80, in element_is_clickable\n    return wait(self.driver, timeout).until(EC.element_to_be_clickable(locator))\n           ^^^^^^^^^^^^^^^^^^^^^^^^^^^^^^^^^^^^^^^^^^^^^^^^^^^^^^^^^^^^^^^^^^^^^\n  File \"/opt/hostedtoolcache/Python/3.11.4/x64/lib/python3.11/site-packages/selenium/webdriver/support/wait.py\", line 95, in until\n    raise TimeoutException(message, screen, stacktrace)\n",
        "steps" : [ {
          "name" : "Find clickable elements",
          "time" : {
            "start" : 1691887487605,
            "stop" : 1691887492838,
            "duration" : 5233
          },
          "status" : "broken",
          "statusMessage" : "selenium.common.exceptions.TimeoutException: Message: \nStacktrace:\n#0 0x55a782699613 <unknown>\n#1 0x55a7823c5537 <unknown>\n#2 0x55a782403f53 <unknown>\n#3 0x55a782404041 <unknown>\n#4 0x55a78243f2a4 <unknown>\n#5 0x55a782424a5d <unknown>\n#6 0x55a78243cd09 <unknown>\n#7 0x55a782424803 <unknown>\n#8 0x55a7823f868b <unknown>\n#9 0x55a7823f942e <unknown>\n#10 0x55a78265ac28 <unknown>\n#11 0x55a78265eaf7 <unknown>\n#12 0x55a78266901c <unknown>\n#13 0x55a78265f723 <unknown>\n#14 0x55a78262e457 <unknown>\n#15 0x55a782683628 <unknown>\n#16 0x55a7826837b7 <unknown>\n#17 0x55a782692483 <unknown>\n#18 0x7fc1c4510b43 <unknown>\n\n",
          "statusTrace" : "  File \"/opt/hostedtoolcache/Python/3.11.4/x64/lib/python3.11/site-packages/allure_commons/_allure.py\", line 192, in impl\n    return func(*a, **kw)\n           ^^^^^^^^^^^^^^\n  File \"/home/runner/work/luma_project/luma_project/pages/base_page.py\", line 80, in element_is_clickable\n    return wait(self.driver, timeout).until(EC.element_to_be_clickable(locator))\n           ^^^^^^^^^^^^^^^^^^^^^^^^^^^^^^^^^^^^^^^^^^^^^^^^^^^^^^^^^^^^^^^^^^^^^\n  File \"/opt/hostedtoolcache/Python/3.11.4/x64/lib/python3.11/site-packages/selenium/webdriver/support/wait.py\", line 95, in until\n    raise TimeoutException(message, screen, stacktrace)\n",
          "steps" : [ ],
          "attachments" : [ ],
          "parameters" : [ {
            "name" : "locator",
            "value" : "('css selector', '#captcha_user_forgotpassword')"
          }, {
            "name" : "timeout",
            "value" : "5"
          } ],
          "stepsCount" : 0,
          "attachmentsCount" : 0,
          "shouldDisplayMessage" : true,
          "hasContent" : true
        } ],
        "attachments" : [ ],
        "parameters" : [ ],
        "stepsCount" : 1,
        "attachmentsCount" : 0,
        "shouldDisplayMessage" : false,
        "hasContent" : true
      } ],
      "attachments" : [ ],
      "parameters" : [ {
        "name" : "text",
        "value" : "'HDXBe6'"
      } ],
      "stepsCount" : 2,
      "attachmentsCount" : 0,
      "shouldDisplayMessage" : false,
      "hasContent" : true
    } ],
    "attachments" : [ {
      "uid" : "1e2305d3a3855d87",
      "name" : "Screenshot",
      "source" : "1e2305d3a3855d87.png",
      "type" : "image/png",
      "size" : 69173
    }, {
      "uid" : "cafa88c8f0b28900",
      "name" : "HTML source",
      "source" : "cafa88c8f0b28900.html",
      "type" : "text/html",
      "size" : 77914
    } ],
    "parameters" : [ ],
    "stepsCount" : 8,
    "attachmentsCount" : 2,
    "shouldDisplayMessage" : true,
    "hasContent" : true
  },
  "afterStages" : [ {
    "name" : "clear_allure_result_folder::0",
    "time" : {
      "start" : 1691888523929,
      "stop" : 1691888523929,
      "duration" : 0
    },
    "status" : "passed",
    "steps" : [ ],
    "attachments" : [ ],
    "parameters" : [ ],
    "stepsCount" : 0,
    "attachmentsCount" : 0,
    "shouldDisplayMessage" : false,
    "hasContent" : false
  }, {
    "name" : "driver::0",
    "time" : {
      "start" : 1691887492981,
      "stop" : 1691887493043,
      "duration" : 62
    },
    "status" : "passed",
    "steps" : [ ],
    "attachments" : [ ],
    "parameters" : [ ],
    "stepsCount" : 0,
    "attachmentsCount" : 0,
    "shouldDisplayMessage" : false,
    "hasContent" : false
  } ],
  "labels" : [ {
    "name" : "epic",
    "value" : "Forgot Your Password Functionality"
  }, {
    "name" : "parentSuite",
    "value" : "tests"
  }, {
    "name" : "suite",
    "value" : "test_forgot_your_password"
  }, {
    "name" : "subSuite",
    "value" : "TestForgotYourPasswordFunctionality"
  }, {
    "name" : "host",
    "value" : "fv-az1025-129"
  }, {
    "name" : "thread",
    "value" : "3178-MainThread"
  }, {
    "name" : "framework",
    "value" : "pytest"
  }, {
    "name" : "language",
    "value" : "cpython3"
  }, {
    "name" : "package",
    "value" : "tests.test_forgot_your_password"
  }, {
    "name" : "resultFormat",
    "value" : "allure2"
  } ],
  "parameters" : [ ],
  "links" : [ ],
  "hidden" : false,
  "retry" : false,
  "extra" : {
    "severity" : "normal",
    "retries" : [ ],
    "categories" : [ {
      "name" : "Test defects",
      "matchedStatuses" : [ ],
      "flaky" : false
    } ],
    "tags" : [ ]
  },
  "source" : "37064433060a6bae.json",
  "parameterValues" : [ ]
}