{
  "uid" : "3894316dc74c312d",
  "name" : "TC 04_01_15_1 Verify presence of weak password strength hint when password is less than 8 symbols",
  "fullName" : "tests.test_create_an_account.TestCreateAnAccount#test_04_01_15_2_weak_password_strength_hint",
  "historyId" : "8527d7cd06a57197cb8d22afbd3ae561",
  "time" : {
    "start" : 1688398613005,
    "stop" : 1688398618214,
    "duration" : 5209
  },
  "description" : " Verify presence of Password Strength hint and warning color of weak password ",
  "descriptionHtml" : "<p>Verify presence of Password Strength hint and warning color of weak password</p>\n",
  "status" : "broken",
  "statusMessage" : "selenium.common.exceptions.TimeoutException: Message: \nStacktrace:\n#0 0x5586814344e3 <unknown>\n#1 0x558681163c76 <unknown>\n#2 0x55868119fc96 <unknown>\n#3 0x55868119fdc1 <unknown>\n#4 0x5586811d97f4 <unknown>\n#5 0x5586811bf03d <unknown>\n#6 0x5586811d730e <unknown>\n#7 0x5586811bede3 <unknown>\n#8 0x5586811942dd <unknown>\n#9 0x55868119534e <unknown>\n#10 0x5586813f43e4 <unknown>\n#11 0x5586813f83d7 <unknown>\n#12 0x558681402b20 <unknown>\n#13 0x5586813f9023 <unknown>\n#14 0x5586813c71aa <unknown>\n#15 0x55868141d6b8 <unknown>\n#16 0x55868141d847 <unknown>\n#17 0x55868142d243 <unknown>\n#18 0x7f42a9d6cb43 <unknown>",
  "statusTrace" : "self = <test_create_an_account.TestCreateAnAccount object at 0x7f9cdb295ad0>\ncreate_account_page = <pages.create_an_account_page.CreateAccountPage object at 0x7f9cdba4dad0>\nwait = <selenium.webdriver.support.wait.WebDriverWait (session=\"458cb183f6e92ce0ff56b75516513f9f\")>\n\n    @allure.title('TC 04_01_15_1 Verify presence of weak password strength hint when password is less than 8 symbols')\n    def test_04_01_15_2_weak_password_strength_hint(self, create_account_page, wait):\n        \"\"\" Verify presence of Password Strength hint and warning color of weak password \"\"\"\n        password_strength_hint_message, message_error, hex_color = \\\n>           create_account_page.check_password_strength_hint_with_weak_password()\n\ntests/test_create_an_account.py:164: \n_ _ _ _ _ _ _ _ _ _ _ _ _ _ _ _ _ _ _ _ _ _ _ _ _ _ _ _ _ _ _ _ _ _ _ _ _ _ _ _ \npages/create_an_account_page.py:263: in check_password_strength_hint_with_weak_password\n    message_error_text = self.check_message_password_error_hint().text\npages/create_an_account_page.py:74: in check_message_password_error_hint\n    return self.element_is_visible(self.locators.MESSAGE_PASSWORD_ERROR)\npages/base_page.py:29: in element_is_visible\n    self.go_to_element(self.element_is_present(locator))\npages/base_page.py:50: in element_is_present\n    return wait(self.driver, timeout).until(EC.presence_of_element_located(locator))\n_ _ _ _ _ _ _ _ _ _ _ _ _ _ _ _ _ _ _ _ _ _ _ _ _ _ _ _ _ _ _ _ _ _ _ _ _ _ _ _ \n\nself = <selenium.webdriver.support.wait.WebDriverWait (session=\"458cb183f6e92ce0ff56b75516513f9f\")>\nmethod = <function presence_of_element_located.<locals>._predicate at 0x7f9cdb9fd800>\nmessage = ''\n\n    def until(self, method, message: str = \"\"):\n        \"\"\"Calls the method provided with the driver as an argument until the \\\n        return value does not evaluate to ``False``.\n    \n        :param method: callable(WebDriver)\n        :param message: optional message for :exc:`TimeoutException`\n        :returns: the result of the last call to `method`\n        :raises: :exc:`selenium.common.exceptions.TimeoutException` if timeout occurs\n        \"\"\"\n        screen = None\n        stacktrace = None\n    \n        end_time = time.monotonic() + self._timeout\n        while True:\n            try:\n                value = method(self._driver)\n                if value:\n                    return value\n            except self._ignored_exceptions as exc:\n                screen = getattr(exc, \"screen\", None)\n                stacktrace = getattr(exc, \"stacktrace\", None)\n            time.sleep(self._poll)\n            if time.monotonic() > end_time:\n                break\n>       raise TimeoutException(message, screen, stacktrace)\nE       selenium.common.exceptions.TimeoutException: Message: \nE       Stacktrace:\nE       #0 0x5586814344e3 <unknown>\nE       #1 0x558681163c76 <unknown>\nE       #2 0x55868119fc96 <unknown>\nE       #3 0x55868119fdc1 <unknown>\nE       #4 0x5586811d97f4 <unknown>\nE       #5 0x5586811bf03d <unknown>\nE       #6 0x5586811d730e <unknown>\nE       #7 0x5586811bede3 <unknown>\nE       #8 0x5586811942dd <unknown>\nE       #9 0x55868119534e <unknown>\nE       #10 0x5586813f43e4 <unknown>\nE       #11 0x5586813f83d7 <unknown>\nE       #12 0x558681402b20 <unknown>\nE       #13 0x5586813f9023 <unknown>\nE       #14 0x5586813c71aa <unknown>\nE       #15 0x55868141d6b8 <unknown>\nE       #16 0x55868141d847 <unknown>\nE       #17 0x55868142d243 <unknown>\nE       #18 0x7f42a9d6cb43 <unknown>\n\n/opt/hostedtoolcache/Python/3.11.4/x64/lib/python3.11/site-packages/selenium/webdriver/support/wait.py:95: TimeoutException",
  "flaky" : false,
  "newFailed" : false,
  "beforeStages" : [ {
    "name" : "wait",
    "time" : {
      "start" : 1688398613005,
      "stop" : 1688398613005,
      "duration" : 0
    },
    "status" : "passed",
    "steps" : [ ],
    "attachments" : [ ],
    "parameters" : [ ],
    "stepsCount" : 0,
    "attachmentsCount" : 0,
    "shouldDisplayMessage" : false,
    "hasContent" : false
  }, {
    "name" : "driver",
    "time" : {
      "start" : 1688398610593,
      "stop" : 1688398611608,
      "duration" : 1015
    },
    "status" : "passed",
    "steps" : [ ],
    "attachments" : [ ],
    "parameters" : [ ],
    "stepsCount" : 0,
    "attachmentsCount" : 0,
    "shouldDisplayMessage" : false,
    "hasContent" : false
  }, {
    "name" : "_session_faker",
    "time" : {
      "start" : 1688398561948,
      "stop" : 1688398562031,
      "duration" : 83
    },
    "status" : "passed",
    "steps" : [ ],
    "attachments" : [ ],
    "parameters" : [ ],
    "stepsCount" : 0,
    "attachmentsCount" : 0,
    "shouldDisplayMessage" : false,
    "hasContent" : false
  }, {
    "name" : "create_account_page",
    "time" : {
      "start" : 1688398611608,
      "stop" : 1688398613005,
      "duration" : 1397
    },
    "status" : "passed",
    "steps" : [ {
      "name" : "Open a browser",
      "time" : {
        "start" : 1688398611608,
        "stop" : 1688398613005,
        "duration" : 1397
      },
      "status" : "passed",
      "steps" : [ ],
      "attachments" : [ ],
      "parameters" : [ ],
      "stepsCount" : 0,
      "attachmentsCount" : 0,
      "shouldDisplayMessage" : false,
      "hasContent" : false
    } ],
    "attachments" : [ ],
    "parameters" : [ ],
    "stepsCount" : 1,
    "attachmentsCount" : 0,
    "shouldDisplayMessage" : false,
    "hasContent" : true
  }, {
    "name" : "clear_allure_result_folder",
    "time" : {
      "start" : 1688398562031,
      "stop" : 1688398562031,
      "duration" : 0
    },
    "status" : "passed",
    "steps" : [ ],
    "attachments" : [ ],
    "parameters" : [ ],
    "stepsCount" : 0,
    "attachmentsCount" : 0,
    "shouldDisplayMessage" : false,
    "hasContent" : false
  } ],
  "testStage" : {
    "description" : " Verify presence of Password Strength hint and warning color of weak password ",
    "status" : "broken",
    "statusMessage" : "selenium.common.exceptions.TimeoutException: Message: \nStacktrace:\n#0 0x5586814344e3 <unknown>\n#1 0x558681163c76 <unknown>\n#2 0x55868119fc96 <unknown>\n#3 0x55868119fdc1 <unknown>\n#4 0x5586811d97f4 <unknown>\n#5 0x5586811bf03d <unknown>\n#6 0x5586811d730e <unknown>\n#7 0x5586811bede3 <unknown>\n#8 0x5586811942dd <unknown>\n#9 0x55868119534e <unknown>\n#10 0x5586813f43e4 <unknown>\n#11 0x5586813f83d7 <unknown>\n#12 0x558681402b20 <unknown>\n#13 0x5586813f9023 <unknown>\n#14 0x5586813c71aa <unknown>\n#15 0x55868141d6b8 <unknown>\n#16 0x55868141d847 <unknown>\n#17 0x55868142d243 <unknown>\n#18 0x7f42a9d6cb43 <unknown>",
    "statusTrace" : "self = <test_create_an_account.TestCreateAnAccount object at 0x7f9cdb295ad0>\ncreate_account_page = <pages.create_an_account_page.CreateAccountPage object at 0x7f9cdba4dad0>\nwait = <selenium.webdriver.support.wait.WebDriverWait (session=\"458cb183f6e92ce0ff56b75516513f9f\")>\n\n    @allure.title('TC 04_01_15_1 Verify presence of weak password strength hint when password is less than 8 symbols')\n    def test_04_01_15_2_weak_password_strength_hint(self, create_account_page, wait):\n        \"\"\" Verify presence of Password Strength hint and warning color of weak password \"\"\"\n        password_strength_hint_message, message_error, hex_color = \\\n>           create_account_page.check_password_strength_hint_with_weak_password()\n\ntests/test_create_an_account.py:164: \n_ _ _ _ _ _ _ _ _ _ _ _ _ _ _ _ _ _ _ _ _ _ _ _ _ _ _ _ _ _ _ _ _ _ _ _ _ _ _ _ \npages/create_an_account_page.py:263: in check_password_strength_hint_with_weak_password\n    message_error_text = self.check_message_password_error_hint().text\npages/create_an_account_page.py:74: in check_message_password_error_hint\n    return self.element_is_visible(self.locators.MESSAGE_PASSWORD_ERROR)\npages/base_page.py:29: in element_is_visible\n    self.go_to_element(self.element_is_present(locator))\npages/base_page.py:50: in element_is_present\n    return wait(self.driver, timeout).until(EC.presence_of_element_located(locator))\n_ _ _ _ _ _ _ _ _ _ _ _ _ _ _ _ _ _ _ _ _ _ _ _ _ _ _ _ _ _ _ _ _ _ _ _ _ _ _ _ \n\nself = <selenium.webdriver.support.wait.WebDriverWait (session=\"458cb183f6e92ce0ff56b75516513f9f\")>\nmethod = <function presence_of_element_located.<locals>._predicate at 0x7f9cdb9fd800>\nmessage = ''\n\n    def until(self, method, message: str = \"\"):\n        \"\"\"Calls the method provided with the driver as an argument until the \\\n        return value does not evaluate to ``False``.\n    \n        :param method: callable(WebDriver)\n        :param message: optional message for :exc:`TimeoutException`\n        :returns: the result of the last call to `method`\n        :raises: :exc:`selenium.common.exceptions.TimeoutException` if timeout occurs\n        \"\"\"\n        screen = None\n        stacktrace = None\n    \n        end_time = time.monotonic() + self._timeout\n        while True:\n            try:\n                value = method(self._driver)\n                if value:\n                    return value\n            except self._ignored_exceptions as exc:\n                screen = getattr(exc, \"screen\", None)\n                stacktrace = getattr(exc, \"stacktrace\", None)\n            time.sleep(self._poll)\n            if time.monotonic() > end_time:\n                break\n>       raise TimeoutException(message, screen, stacktrace)\nE       selenium.common.exceptions.TimeoutException: Message: \nE       Stacktrace:\nE       #0 0x5586814344e3 <unknown>\nE       #1 0x558681163c76 <unknown>\nE       #2 0x55868119fc96 <unknown>\nE       #3 0x55868119fdc1 <unknown>\nE       #4 0x5586811d97f4 <unknown>\nE       #5 0x5586811bf03d <unknown>\nE       #6 0x5586811d730e <unknown>\nE       #7 0x5586811bede3 <unknown>\nE       #8 0x5586811942dd <unknown>\nE       #9 0x55868119534e <unknown>\nE       #10 0x5586813f43e4 <unknown>\nE       #11 0x5586813f83d7 <unknown>\nE       #12 0x558681402b20 <unknown>\nE       #13 0x5586813f9023 <unknown>\nE       #14 0x5586813c71aa <unknown>\nE       #15 0x55868141d6b8 <unknown>\nE       #16 0x55868141d847 <unknown>\nE       #17 0x55868142d243 <unknown>\nE       #18 0x7f42a9d6cb43 <unknown>\n\n/opt/hostedtoolcache/Python/3.11.4/x64/lib/python3.11/site-packages/selenium/webdriver/support/wait.py:95: TimeoutException",
    "steps" : [ {
      "name" : "Check password strength hint and color",
      "time" : {
        "start" : 1688398613006,
        "stop" : 1688398618214,
        "duration" : 5208
      },
      "status" : "broken",
      "statusMessage" : "selenium.common.exceptions.TimeoutException: Message: \nStacktrace:\n#0 0x5586814344e3 <unknown>\n#1 0x558681163c76 <unknown>\n#2 0x55868119fc96 <unknown>\n#3 0x55868119fdc1 <unknown>\n#4 0x5586811d97f4 <unknown>\n#5 0x5586811bf03d <unknown>\n#6 0x5586811d730e <unknown>\n#7 0x5586811bede3 <unknown>\n#8 0x5586811942dd <unknown>\n#9 0x55868119534e <unknown>\n#10 0x5586813f43e4 <unknown>\n#11 0x5586813f83d7 <unknown>\n#12 0x558681402b20 <unknown>\n#13 0x5586813f9023 <unknown>\n#14 0x5586813c71aa <unknown>\n#15 0x55868141d6b8 <unknown>\n#16 0x55868141d847 <unknown>\n#17 0x55868142d243 <unknown>\n#18 0x7f42a9d6cb43 <unknown>\n\n",
      "statusTrace" : "  File \"/opt/hostedtoolcache/Python/3.11.4/x64/lib/python3.11/site-packages/allure_commons/_allure.py\", line 192, in impl\n    return func(*a, **kw)\n           ^^^^^^^^^^^^^^\n  File \"/home/runner/work/luma_project/luma_project/pages/create_an_account_page.py\", line 263, in check_password_strength_hint_with_weak_password\n    message_error_text = self.check_message_password_error_hint().text\n                         ^^^^^^^^^^^^^^^^^^^^^^^^^^^^^^^^^^^^^^^^\n  File \"/opt/hostedtoolcache/Python/3.11.4/x64/lib/python3.11/site-packages/allure_commons/_allure.py\", line 192, in impl\n    return func(*a, **kw)\n           ^^^^^^^^^^^^^^\n  File \"/home/runner/work/luma_project/luma_project/pages/create_an_account_page.py\", line 74, in check_message_password_error_hint\n    return self.element_is_visible(self.locators.MESSAGE_PASSWORD_ERROR)\n           ^^^^^^^^^^^^^^^^^^^^^^^^^^^^^^^^^^^^^^^^^^^^^^^^^^^^^^^^^^^^^\n  File \"/opt/hostedtoolcache/Python/3.11.4/x64/lib/python3.11/site-packages/allure_commons/_allure.py\", line 192, in impl\n    return func(*a, **kw)\n           ^^^^^^^^^^^^^^\n  File \"/home/runner/work/luma_project/luma_project/pages/base_page.py\", line 29, in element_is_visible\n    self.go_to_element(self.element_is_present(locator))\n                       ^^^^^^^^^^^^^^^^^^^^^^^^^^^^^^^^\n  File \"/opt/hostedtoolcache/Python/3.11.4/x64/lib/python3.11/site-packages/allure_commons/_allure.py\", line 192, in impl\n    return func(*a, **kw)\n           ^^^^^^^^^^^^^^\n  File \"/home/runner/work/luma_project/luma_project/pages/base_page.py\", line 50, in element_is_present\n    return wait(self.driver, timeout).until(EC.presence_of_element_located(locator))\n           ^^^^^^^^^^^^^^^^^^^^^^^^^^^^^^^^^^^^^^^^^^^^^^^^^^^^^^^^^^^^^^^^^^^^^^^^^\n  File \"/opt/hostedtoolcache/Python/3.11.4/x64/lib/python3.11/site-packages/selenium/webdriver/support/wait.py\", line 95, in until\n    raise TimeoutException(message, screen, stacktrace)\n",
      "steps" : [ {
        "name" : "Check Password input field is visible",
        "time" : {
          "start" : 1688398613006,
          "stop" : 1688398613054,
          "duration" : 48
        },
        "status" : "passed",
        "steps" : [ {
          "name" : "Find a visible element",
          "time" : {
            "start" : 1688398613006,
            "stop" : 1688398613054,
            "duration" : 48
          },
          "status" : "passed",
          "steps" : [ {
            "name" : "Find a present element",
            "time" : {
              "start" : 1688398613006,
              "stop" : 1688398613024,
              "duration" : 18
            },
            "status" : "passed",
            "steps" : [ ],
            "attachments" : [ ],
            "parameters" : [ {
              "name" : "locator",
              "value" : "('css selector', '[id=\"password\"]')"
            }, {
              "name" : "timeout",
              "value" : "5"
            } ],
            "stepsCount" : 0,
            "attachmentsCount" : 0,
            "shouldDisplayMessage" : false,
            "hasContent" : true
          }, {
            "name" : "Go to specified element",
            "time" : {
              "start" : 1688398613024,
              "stop" : 1688398613034,
              "duration" : 10
            },
            "status" : "passed",
            "steps" : [ ],
            "attachments" : [ ],
            "parameters" : [ {
              "name" : "element",
              "value" : "<selenium.webdriver.remote.webelement.WebElement (session=\"458cb183f6e92ce0ff56b75516513f9f\", element=\"A4D683C11811022AFAB37B63EEC8C914_element_31\")>"
            } ],
            "stepsCount" : 0,
            "attachmentsCount" : 0,
            "shouldDisplayMessage" : false,
            "hasContent" : true
          } ],
          "attachments" : [ ],
          "parameters" : [ {
            "name" : "locator",
            "value" : "('css selector', '[id=\"password\"]')"
          }, {
            "name" : "timeout",
            "value" : "10"
          } ],
          "stepsCount" : 2,
          "attachmentsCount" : 0,
          "shouldDisplayMessage" : false,
          "hasContent" : true
        } ],
        "attachments" : [ ],
        "parameters" : [ ],
        "stepsCount" : 3,
        "attachmentsCount" : 0,
        "shouldDisplayMessage" : false,
        "hasContent" : true
      }, {
        "name" : "Check Message Password Error hint is visible",
        "time" : {
          "start" : 1688398613104,
          "stop" : 1688398618213,
          "duration" : 5109
        },
        "status" : "broken",
        "statusMessage" : "selenium.common.exceptions.TimeoutException: Message: \nStacktrace:\n#0 0x5586814344e3 <unknown>\n#1 0x558681163c76 <unknown>\n#2 0x55868119fc96 <unknown>\n#3 0x55868119fdc1 <unknown>\n#4 0x5586811d97f4 <unknown>\n#5 0x5586811bf03d <unknown>\n#6 0x5586811d730e <unknown>\n#7 0x5586811bede3 <unknown>\n#8 0x5586811942dd <unknown>\n#9 0x55868119534e <unknown>\n#10 0x5586813f43e4 <unknown>\n#11 0x5586813f83d7 <unknown>\n#12 0x558681402b20 <unknown>\n#13 0x5586813f9023 <unknown>\n#14 0x5586813c71aa <unknown>\n#15 0x55868141d6b8 <unknown>\n#16 0x55868141d847 <unknown>\n#17 0x55868142d243 <unknown>\n#18 0x7f42a9d6cb43 <unknown>\n\n",
        "statusTrace" : "  File \"/opt/hostedtoolcache/Python/3.11.4/x64/lib/python3.11/site-packages/allure_commons/_allure.py\", line 192, in impl\n    return func(*a, **kw)\n           ^^^^^^^^^^^^^^\n  File \"/home/runner/work/luma_project/luma_project/pages/create_an_account_page.py\", line 74, in check_message_password_error_hint\n    return self.element_is_visible(self.locators.MESSAGE_PASSWORD_ERROR)\n           ^^^^^^^^^^^^^^^^^^^^^^^^^^^^^^^^^^^^^^^^^^^^^^^^^^^^^^^^^^^^^\n  File \"/opt/hostedtoolcache/Python/3.11.4/x64/lib/python3.11/site-packages/allure_commons/_allure.py\", line 192, in impl\n    return func(*a, **kw)\n           ^^^^^^^^^^^^^^\n  File \"/home/runner/work/luma_project/luma_project/pages/base_page.py\", line 29, in element_is_visible\n    self.go_to_element(self.element_is_present(locator))\n                       ^^^^^^^^^^^^^^^^^^^^^^^^^^^^^^^^\n  File \"/opt/hostedtoolcache/Python/3.11.4/x64/lib/python3.11/site-packages/allure_commons/_allure.py\", line 192, in impl\n    return func(*a, **kw)\n           ^^^^^^^^^^^^^^\n  File \"/home/runner/work/luma_project/luma_project/pages/base_page.py\", line 50, in element_is_present\n    return wait(self.driver, timeout).until(EC.presence_of_element_located(locator))\n           ^^^^^^^^^^^^^^^^^^^^^^^^^^^^^^^^^^^^^^^^^^^^^^^^^^^^^^^^^^^^^^^^^^^^^^^^^\n  File \"/opt/hostedtoolcache/Python/3.11.4/x64/lib/python3.11/site-packages/selenium/webdriver/support/wait.py\", line 95, in until\n    raise TimeoutException(message, screen, stacktrace)\n",
        "steps" : [ {
          "name" : "Find a visible element",
          "time" : {
            "start" : 1688398613104,
            "stop" : 1688398618213,
            "duration" : 5109
          },
          "status" : "broken",
          "statusMessage" : "selenium.common.exceptions.TimeoutException: Message: \nStacktrace:\n#0 0x5586814344e3 <unknown>\n#1 0x558681163c76 <unknown>\n#2 0x55868119fc96 <unknown>\n#3 0x55868119fdc1 <unknown>\n#4 0x5586811d97f4 <unknown>\n#5 0x5586811bf03d <unknown>\n#6 0x5586811d730e <unknown>\n#7 0x5586811bede3 <unknown>\n#8 0x5586811942dd <unknown>\n#9 0x55868119534e <unknown>\n#10 0x5586813f43e4 <unknown>\n#11 0x5586813f83d7 <unknown>\n#12 0x558681402b20 <unknown>\n#13 0x5586813f9023 <unknown>\n#14 0x5586813c71aa <unknown>\n#15 0x55868141d6b8 <unknown>\n#16 0x55868141d847 <unknown>\n#17 0x55868142d243 <unknown>\n#18 0x7f42a9d6cb43 <unknown>\n\n",
          "statusTrace" : "  File \"/opt/hostedtoolcache/Python/3.11.4/x64/lib/python3.11/site-packages/allure_commons/_allure.py\", line 192, in impl\n    return func(*a, **kw)\n           ^^^^^^^^^^^^^^\n  File \"/home/runner/work/luma_project/luma_project/pages/base_page.py\", line 29, in element_is_visible\n    self.go_to_element(self.element_is_present(locator))\n                       ^^^^^^^^^^^^^^^^^^^^^^^^^^^^^^^^\n  File \"/opt/hostedtoolcache/Python/3.11.4/x64/lib/python3.11/site-packages/allure_commons/_allure.py\", line 192, in impl\n    return func(*a, **kw)\n           ^^^^^^^^^^^^^^\n  File \"/home/runner/work/luma_project/luma_project/pages/base_page.py\", line 50, in element_is_present\n    return wait(self.driver, timeout).until(EC.presence_of_element_located(locator))\n           ^^^^^^^^^^^^^^^^^^^^^^^^^^^^^^^^^^^^^^^^^^^^^^^^^^^^^^^^^^^^^^^^^^^^^^^^^\n  File \"/opt/hostedtoolcache/Python/3.11.4/x64/lib/python3.11/site-packages/selenium/webdriver/support/wait.py\", line 95, in until\n    raise TimeoutException(message, screen, stacktrace)\n",
          "steps" : [ {
            "name" : "Find a present element",
            "time" : {
              "start" : 1688398613104,
              "stop" : 1688398618212,
              "duration" : 5108
            },
            "status" : "broken",
            "statusMessage" : "selenium.common.exceptions.TimeoutException: Message: \nStacktrace:\n#0 0x5586814344e3 <unknown>\n#1 0x558681163c76 <unknown>\n#2 0x55868119fc96 <unknown>\n#3 0x55868119fdc1 <unknown>\n#4 0x5586811d97f4 <unknown>\n#5 0x5586811bf03d <unknown>\n#6 0x5586811d730e <unknown>\n#7 0x5586811bede3 <unknown>\n#8 0x5586811942dd <unknown>\n#9 0x55868119534e <unknown>\n#10 0x5586813f43e4 <unknown>\n#11 0x5586813f83d7 <unknown>\n#12 0x558681402b20 <unknown>\n#13 0x5586813f9023 <unknown>\n#14 0x5586813c71aa <unknown>\n#15 0x55868141d6b8 <unknown>\n#16 0x55868141d847 <unknown>\n#17 0x55868142d243 <unknown>\n#18 0x7f42a9d6cb43 <unknown>\n\n",
            "statusTrace" : "  File \"/opt/hostedtoolcache/Python/3.11.4/x64/lib/python3.11/site-packages/allure_commons/_allure.py\", line 192, in impl\n    return func(*a, **kw)\n           ^^^^^^^^^^^^^^\n  File \"/home/runner/work/luma_project/luma_project/pages/base_page.py\", line 50, in element_is_present\n    return wait(self.driver, timeout).until(EC.presence_of_element_located(locator))\n           ^^^^^^^^^^^^^^^^^^^^^^^^^^^^^^^^^^^^^^^^^^^^^^^^^^^^^^^^^^^^^^^^^^^^^^^^^\n  File \"/opt/hostedtoolcache/Python/3.11.4/x64/lib/python3.11/site-packages/selenium/webdriver/support/wait.py\", line 95, in until\n    raise TimeoutException(message, screen, stacktrace)\n",
            "steps" : [ ],
            "attachments" : [ ],
            "parameters" : [ {
              "name" : "locator",
              "value" : "('id', 'password-error')"
            }, {
              "name" : "timeout",
              "value" : "5"
            } ],
            "stepsCount" : 0,
            "attachmentsCount" : 0,
            "shouldDisplayMessage" : true,
            "hasContent" : true
          } ],
          "attachments" : [ ],
          "parameters" : [ {
            "name" : "locator",
            "value" : "('id', 'password-error')"
          }, {
            "name" : "timeout",
            "value" : "10"
          } ],
          "stepsCount" : 1,
          "attachmentsCount" : 0,
          "shouldDisplayMessage" : false,
          "hasContent" : true
        } ],
        "attachments" : [ ],
        "parameters" : [ ],
        "stepsCount" : 2,
        "attachmentsCount" : 0,
        "shouldDisplayMessage" : false,
        "hasContent" : true
      } ],
      "attachments" : [ ],
      "parameters" : [ ],
      "stepsCount" : 7,
      "attachmentsCount" : 0,
      "shouldDisplayMessage" : false,
      "hasContent" : true
    } ],
    "attachments" : [ ],
    "parameters" : [ ],
    "stepsCount" : 8,
    "attachmentsCount" : 0,
    "shouldDisplayMessage" : true,
    "hasContent" : true
  },
  "afterStages" : [ {
    "name" : "wait::0",
    "time" : {
      "start" : 1688398618269,
      "stop" : 1688398618269,
      "duration" : 0
    },
    "status" : "passed",
    "steps" : [ ],
    "attachments" : [ ],
    "parameters" : [ ],
    "stepsCount" : 0,
    "attachmentsCount" : 0,
    "shouldDisplayMessage" : false,
    "hasContent" : false
  }, {
    "name" : "driver::0",
    "time" : {
      "start" : 1688398618270,
      "stop" : 1688398618333,
      "duration" : 63
    },
    "status" : "passed",
    "steps" : [ ],
    "attachments" : [ ],
    "parameters" : [ ],
    "stepsCount" : 0,
    "attachmentsCount" : 0,
    "shouldDisplayMessage" : false,
    "hasContent" : false
  }, {
    "name" : "clear_allure_result_folder::0",
    "time" : {
      "start" : 1688399789441,
      "stop" : 1688399789441,
      "duration" : 0
    },
    "status" : "passed",
    "steps" : [ ],
    "attachments" : [ ],
    "parameters" : [ ],
    "stepsCount" : 0,
    "attachmentsCount" : 0,
    "shouldDisplayMessage" : false,
    "hasContent" : false
  } ],
  "labels" : [ {
    "name" : "epic",
    "value" : "Create An Account"
  }, {
    "name" : "parentSuite",
    "value" : "tests"
  }, {
    "name" : "suite",
    "value" : "test_create_an_account"
  }, {
    "name" : "subSuite",
    "value" : "TestCreateAnAccount"
  }, {
    "name" : "host",
    "value" : "fv-az627-719"
  }, {
    "name" : "thread",
    "value" : "3422-MainThread"
  }, {
    "name" : "framework",
    "value" : "pytest"
  }, {
    "name" : "language",
    "value" : "cpython3"
  }, {
    "name" : "package",
    "value" : "tests.test_create_an_account"
  }, {
    "name" : "resultFormat",
    "value" : "allure2"
  } ],
  "parameters" : [ ],
  "links" : [ ],
  "hidden" : false,
  "retry" : false,
  "extra" : {
    "severity" : "normal",
    "retries" : [ ],
    "categories" : [ {
      "name" : "Test defects",
      "matchedStatuses" : [ ],
      "flaky" : false
    } ],
    "tags" : [ ]
  },
  "source" : "3894316dc74c312d.json",
  "parameterValues" : [ ]
}