{
  "uid" : "3980aeb57b320911",
  "name" : "TC 17.01.24 Verify Error on resetting My Password with invalid captcha",
  "fullName" : "tests.test_forgot_your_password.TestForgotYourPasswordFunctionality#test_17_01_24_error_if_reset_my_password_with_invalid_captcha",
  "historyId" : "05aeb6a6852588ab78868f39355c5ff9",
  "time" : {
    "start" : 1694911588012,
    "stop" : 1694911593593,
    "duration" : 5581
  },
  "description" : "Check error message on attempt to reset password with invalid captcha",
  "descriptionHtml" : "<p>Check error message on attempt to reset password with invalid captcha</p>\n",
  "status" : "broken",
  "statusMessage" : "selenium.common.exceptions.TimeoutException: Message: \nStacktrace:\n#0 0x558e07b90e23 <unknown>\n#1 0x558e078b97a7 <unknown>\n#2 0x558e078f81d3 <unknown>\n#3 0x558e078f82c1 <unknown>\n#4 0x558e07933a04 <unknown>\n#5 0x558e0791903d <unknown>\n#6 0x558e07931369 <unknown>\n#7 0x558e07918de3 <unknown>\n#8 0x558e078eca7b <unknown>\n#9 0x558e078ed81e <unknown>\n#10 0x558e07b52638 <unknown>\n#11 0x558e07b56507 <unknown>\n#12 0x558e07b60c4c <unknown>\n#13 0x558e07b57136 <unknown>\n#14 0x558e07b259cf <unknown>\n#15 0x558e07b7ab98 <unknown>\n#16 0x558e07b7ad68 <unknown>\n#17 0x558e07b89cb3 <unknown>\n#18 0x7ff35e094b43 <unknown>",
  "statusTrace" : "self = <test_forgot_your_password.TestForgotYourPasswordFunctionality object at 0x7feba7928110>\ndriver = <selenium.webdriver.chrome.webdriver.WebDriver (session=\"2acf7e4e5f8ad8e98bf4ada6a057688e\")>\nforgot_psw_page = <pages.forgot_your_password_page.ForgotYourPasswordPage object at 0x7feba696bd90>\n\n    @allure.title('TC 17.01.24 Verify Error on resetting My Password with invalid captcha')\n    def test_17_01_24_error_if_reset_my_password_with_invalid_captcha(self, driver, forgot_psw_page):\n        \"\"\"Check error message on attempt to reset password with invalid captcha\"\"\"\n        forgot_psw_page.fill_in_email_field(credentials['valid_email'])\n>       forgot_psw_page.fill_in_forgot_psw_captcha_field(captcha)\n\ntests/test_forgot_your_password.py:187: \n_ _ _ _ _ _ _ _ _ _ _ _ _ _ _ _ _ _ _ _ _ _ _ _ _ _ _ _ _ _ _ _ _ _ _ _ _ _ _ _ \npages/forgot_your_password_page.py:84: in fill_in_forgot_psw_captcha_field\n    return self.fill_in_field(self.check_forgot_psw_captcha_field_is_clickable(), text)\npages/forgot_your_password_page.py:59: in check_forgot_psw_captcha_field_is_clickable\n    return self.element_is_clickable(self.locators.FORGOT_YOUR_PASSWORD_CAPTCHA)\npages/base_page.py:80: in element_is_clickable\n    return wait(self.driver, timeout).until(EC.element_to_be_clickable(locator))\n_ _ _ _ _ _ _ _ _ _ _ _ _ _ _ _ _ _ _ _ _ _ _ _ _ _ _ _ _ _ _ _ _ _ _ _ _ _ _ _ \n\nself = <selenium.webdriver.support.wait.WebDriverWait (session=\"2acf7e4e5f8ad8e98bf4ada6a057688e\")>\nmethod = <function element_to_be_clickable.<locals>._predicate at 0x7feba6980e00>\nmessage = ''\n\n    def until(self, method, message: str = \"\"):\n        \"\"\"Calls the method provided with the driver as an argument until the \\\n        return value does not evaluate to ``False``.\n    \n        :param method: callable(WebDriver)\n        :param message: optional message for :exc:`TimeoutException`\n        :returns: the result of the last call to `method`\n        :raises: :exc:`selenium.common.exceptions.TimeoutException` if timeout occurs\n        \"\"\"\n        screen = None\n        stacktrace = None\n    \n        end_time = time.monotonic() + self._timeout\n        while True:\n            try:\n                value = method(self._driver)\n                if value:\n                    return value\n            except self._ignored_exceptions as exc:\n                screen = getattr(exc, \"screen\", None)\n                stacktrace = getattr(exc, \"stacktrace\", None)\n            time.sleep(self._poll)\n            if time.monotonic() > end_time:\n                break\n>       raise TimeoutException(message, screen, stacktrace)\nE       selenium.common.exceptions.TimeoutException: Message: \nE       Stacktrace:\nE       #0 0x558e07b90e23 <unknown>\nE       #1 0x558e078b97a7 <unknown>\nE       #2 0x558e078f81d3 <unknown>\nE       #3 0x558e078f82c1 <unknown>\nE       #4 0x558e07933a04 <unknown>\nE       #5 0x558e0791903d <unknown>\nE       #6 0x558e07931369 <unknown>\nE       #7 0x558e07918de3 <unknown>\nE       #8 0x558e078eca7b <unknown>\nE       #9 0x558e078ed81e <unknown>\nE       #10 0x558e07b52638 <unknown>\nE       #11 0x558e07b56507 <unknown>\nE       #12 0x558e07b60c4c <unknown>\nE       #13 0x558e07b57136 <unknown>\nE       #14 0x558e07b259cf <unknown>\nE       #15 0x558e07b7ab98 <unknown>\nE       #16 0x558e07b7ad68 <unknown>\nE       #17 0x558e07b89cb3 <unknown>\nE       #18 0x7ff35e094b43 <unknown>\n\n/opt/hostedtoolcache/Python/3.11.5/x64/lib/python3.11/site-packages/selenium/webdriver/support/wait.py:95: TimeoutException",
  "flaky" : false,
  "newFailed" : false,
  "beforeStages" : [ {
    "name" : "_session_faker",
    "time" : {
      "start" : 1694911172899,
      "stop" : 1694911172978,
      "duration" : 79
    },
    "status" : "passed",
    "steps" : [ ],
    "attachments" : [ ],
    "parameters" : [ ],
    "stepsCount" : 0,
    "attachmentsCount" : 0,
    "shouldDisplayMessage" : false,
    "hasContent" : false
  }, {
    "name" : "forgot_psw_page",
    "time" : {
      "start" : 1694911587013,
      "stop" : 1694911588012,
      "duration" : 999
    },
    "status" : "passed",
    "steps" : [ {
      "name" : "Open a browser",
      "time" : {
        "start" : 1694911587014,
        "stop" : 1694911588012,
        "duration" : 998
      },
      "status" : "passed",
      "steps" : [ ],
      "attachments" : [ ],
      "parameters" : [ ],
      "stepsCount" : 0,
      "attachmentsCount" : 0,
      "shouldDisplayMessage" : false,
      "hasContent" : false
    } ],
    "attachments" : [ ],
    "parameters" : [ ],
    "stepsCount" : 1,
    "attachmentsCount" : 0,
    "shouldDisplayMessage" : false,
    "hasContent" : true
  }, {
    "name" : "driver",
    "time" : {
      "start" : 1694911585933,
      "stop" : 1694911587013,
      "duration" : 1080
    },
    "status" : "passed",
    "steps" : [ ],
    "attachments" : [ ],
    "parameters" : [ ],
    "stepsCount" : 0,
    "attachmentsCount" : 0,
    "shouldDisplayMessage" : false,
    "hasContent" : false
  }, {
    "name" : "clear_allure_result_folder",
    "time" : {
      "start" : 1694911172978,
      "stop" : 1694911172979,
      "duration" : 1
    },
    "status" : "passed",
    "steps" : [ ],
    "attachments" : [ ],
    "parameters" : [ ],
    "stepsCount" : 0,
    "attachmentsCount" : 0,
    "shouldDisplayMessage" : false,
    "hasContent" : false
  } ],
  "testStage" : {
    "description" : "Check error message on attempt to reset password with invalid captcha",
    "status" : "broken",
    "statusMessage" : "selenium.common.exceptions.TimeoutException: Message: \nStacktrace:\n#0 0x558e07b90e23 <unknown>\n#1 0x558e078b97a7 <unknown>\n#2 0x558e078f81d3 <unknown>\n#3 0x558e078f82c1 <unknown>\n#4 0x558e07933a04 <unknown>\n#5 0x558e0791903d <unknown>\n#6 0x558e07931369 <unknown>\n#7 0x558e07918de3 <unknown>\n#8 0x558e078eca7b <unknown>\n#9 0x558e078ed81e <unknown>\n#10 0x558e07b52638 <unknown>\n#11 0x558e07b56507 <unknown>\n#12 0x558e07b60c4c <unknown>\n#13 0x558e07b57136 <unknown>\n#14 0x558e07b259cf <unknown>\n#15 0x558e07b7ab98 <unknown>\n#16 0x558e07b7ad68 <unknown>\n#17 0x558e07b89cb3 <unknown>\n#18 0x7ff35e094b43 <unknown>",
    "statusTrace" : "self = <test_forgot_your_password.TestForgotYourPasswordFunctionality object at 0x7feba7928110>\ndriver = <selenium.webdriver.chrome.webdriver.WebDriver (session=\"2acf7e4e5f8ad8e98bf4ada6a057688e\")>\nforgot_psw_page = <pages.forgot_your_password_page.ForgotYourPasswordPage object at 0x7feba696bd90>\n\n    @allure.title('TC 17.01.24 Verify Error on resetting My Password with invalid captcha')\n    def test_17_01_24_error_if_reset_my_password_with_invalid_captcha(self, driver, forgot_psw_page):\n        \"\"\"Check error message on attempt to reset password with invalid captcha\"\"\"\n        forgot_psw_page.fill_in_email_field(credentials['valid_email'])\n>       forgot_psw_page.fill_in_forgot_psw_captcha_field(captcha)\n\ntests/test_forgot_your_password.py:187: \n_ _ _ _ _ _ _ _ _ _ _ _ _ _ _ _ _ _ _ _ _ _ _ _ _ _ _ _ _ _ _ _ _ _ _ _ _ _ _ _ \npages/forgot_your_password_page.py:84: in fill_in_forgot_psw_captcha_field\n    return self.fill_in_field(self.check_forgot_psw_captcha_field_is_clickable(), text)\npages/forgot_your_password_page.py:59: in check_forgot_psw_captcha_field_is_clickable\n    return self.element_is_clickable(self.locators.FORGOT_YOUR_PASSWORD_CAPTCHA)\npages/base_page.py:80: in element_is_clickable\n    return wait(self.driver, timeout).until(EC.element_to_be_clickable(locator))\n_ _ _ _ _ _ _ _ _ _ _ _ _ _ _ _ _ _ _ _ _ _ _ _ _ _ _ _ _ _ _ _ _ _ _ _ _ _ _ _ \n\nself = <selenium.webdriver.support.wait.WebDriverWait (session=\"2acf7e4e5f8ad8e98bf4ada6a057688e\")>\nmethod = <function element_to_be_clickable.<locals>._predicate at 0x7feba6980e00>\nmessage = ''\n\n    def until(self, method, message: str = \"\"):\n        \"\"\"Calls the method provided with the driver as an argument until the \\\n        return value does not evaluate to ``False``.\n    \n        :param method: callable(WebDriver)\n        :param message: optional message for :exc:`TimeoutException`\n        :returns: the result of the last call to `method`\n        :raises: :exc:`selenium.common.exceptions.TimeoutException` if timeout occurs\n        \"\"\"\n        screen = None\n        stacktrace = None\n    \n        end_time = time.monotonic() + self._timeout\n        while True:\n            try:\n                value = method(self._driver)\n                if value:\n                    return value\n            except self._ignored_exceptions as exc:\n                screen = getattr(exc, \"screen\", None)\n                stacktrace = getattr(exc, \"stacktrace\", None)\n            time.sleep(self._poll)\n            if time.monotonic() > end_time:\n                break\n>       raise TimeoutException(message, screen, stacktrace)\nE       selenium.common.exceptions.TimeoutException: Message: \nE       Stacktrace:\nE       #0 0x558e07b90e23 <unknown>\nE       #1 0x558e078b97a7 <unknown>\nE       #2 0x558e078f81d3 <unknown>\nE       #3 0x558e078f82c1 <unknown>\nE       #4 0x558e07933a04 <unknown>\nE       #5 0x558e0791903d <unknown>\nE       #6 0x558e07931369 <unknown>\nE       #7 0x558e07918de3 <unknown>\nE       #8 0x558e078eca7b <unknown>\nE       #9 0x558e078ed81e <unknown>\nE       #10 0x558e07b52638 <unknown>\nE       #11 0x558e07b56507 <unknown>\nE       #12 0x558e07b60c4c <unknown>\nE       #13 0x558e07b57136 <unknown>\nE       #14 0x558e07b259cf <unknown>\nE       #15 0x558e07b7ab98 <unknown>\nE       #16 0x558e07b7ad68 <unknown>\nE       #17 0x558e07b89cb3 <unknown>\nE       #18 0x7ff35e094b43 <unknown>\n\n/opt/hostedtoolcache/Python/3.11.5/x64/lib/python3.11/site-packages/selenium/webdriver/support/wait.py:95: TimeoutException",
    "steps" : [ {
      "name" : "Fill in Email field",
      "time" : {
        "start" : 1694911588012,
        "stop" : 1694911588469,
        "duration" : 457
      },
      "status" : "passed",
      "steps" : [ {
        "name" : "Check FYP Email field is clickable",
        "time" : {
          "start" : 1694911588012,
          "stop" : 1694911588048,
          "duration" : 36
        },
        "status" : "passed",
        "steps" : [ {
          "name" : "Find clickable elements",
          "time" : {
            "start" : 1694911588012,
            "stop" : 1694911588048,
            "duration" : 36
          },
          "status" : "passed",
          "steps" : [ ],
          "attachments" : [ ],
          "parameters" : [ {
            "name" : "locator",
            "value" : "('css selector', '#email_address')"
          }, {
            "name" : "timeout",
            "value" : "5"
          } ],
          "stepsCount" : 0,
          "attachmentsCount" : 0,
          "shouldDisplayMessage" : false,
          "hasContent" : true
        } ],
        "attachments" : [ ],
        "parameters" : [ ],
        "stepsCount" : 1,
        "attachmentsCount" : 0,
        "shouldDisplayMessage" : false,
        "hasContent" : true
      }, {
        "name" : "Fill in a field",
        "time" : {
          "start" : 1694911588048,
          "stop" : 1694911588469,
          "duration" : 421
        },
        "status" : "passed",
        "steps" : [ {
          "name" : "Find clickable elements",
          "time" : {
            "start" : 1694911588048,
            "stop" : 1694911588067,
            "duration" : 19
          },
          "status" : "passed",
          "steps" : [ ],
          "attachments" : [ ],
          "parameters" : [ {
            "name" : "locator",
            "value" : "<selenium.webdriver.remote.webelement.WebElement (session=\"2acf7e4e5f8ad8e98bf4ada6a057688e\", element=\"4510380211B373F9EBDAEA963B8701D2_element_1\")>"
          }, {
            "name" : "timeout",
            "value" : "5"
          } ],
          "stepsCount" : 0,
          "attachmentsCount" : 0,
          "shouldDisplayMessage" : false,
          "hasContent" : true
        } ],
        "attachments" : [ ],
        "parameters" : [ {
          "name" : "locator",
          "value" : "<selenium.webdriver.remote.webelement.WebElement (session=\"2acf7e4e5f8ad8e98bf4ada6a057688e\", element=\"4510380211B373F9EBDAEA963B8701D2_element_1\")>"
        }, {
          "name" : "value",
          "value" : "'test130@mailinator.com'"
        } ],
        "stepsCount" : 1,
        "attachmentsCount" : 0,
        "shouldDisplayMessage" : false,
        "hasContent" : true
      } ],
      "attachments" : [ ],
      "parameters" : [ {
        "name" : "email",
        "value" : "'test130@mailinator.com'"
      } ],
      "stepsCount" : 4,
      "attachmentsCount" : 0,
      "shouldDisplayMessage" : false,
      "hasContent" : true
    }, {
      "name" : "Fill in FYP Email field",
      "time" : {
        "start" : 1694911588469,
        "stop" : 1694911593593,
        "duration" : 5124
      },
      "status" : "broken",
      "statusMessage" : "selenium.common.exceptions.TimeoutException: Message: \nStacktrace:\n#0 0x558e07b90e23 <unknown>\n#1 0x558e078b97a7 <unknown>\n#2 0x558e078f81d3 <unknown>\n#3 0x558e078f82c1 <unknown>\n#4 0x558e07933a04 <unknown>\n#5 0x558e0791903d <unknown>\n#6 0x558e07931369 <unknown>\n#7 0x558e07918de3 <unknown>\n#8 0x558e078eca7b <unknown>\n#9 0x558e078ed81e <unknown>\n#10 0x558e07b52638 <unknown>\n#11 0x558e07b56507 <unknown>\n#12 0x558e07b60c4c <unknown>\n#13 0x558e07b57136 <unknown>\n#14 0x558e07b259cf <unknown>\n#15 0x558e07b7ab98 <unknown>\n#16 0x558e07b7ad68 <unknown>\n#17 0x558e07b89cb3 <unknown>\n#18 0x7ff35e094b43 <unknown>\n\n",
      "statusTrace" : "  File \"/opt/hostedtoolcache/Python/3.11.5/x64/lib/python3.11/site-packages/allure_commons/_allure.py\", line 192, in impl\n    return func(*a, **kw)\n           ^^^^^^^^^^^^^^\n  File \"/home/runner/work/luma_project/luma_project/pages/forgot_your_password_page.py\", line 84, in fill_in_forgot_psw_captcha_field\n    return self.fill_in_field(self.check_forgot_psw_captcha_field_is_clickable(), text)\n                              ^^^^^^^^^^^^^^^^^^^^^^^^^^^^^^^^^^^^^^^^^^^^^^^^^^\n  File \"/opt/hostedtoolcache/Python/3.11.5/x64/lib/python3.11/site-packages/allure_commons/_allure.py\", line 192, in impl\n    return func(*a, **kw)\n           ^^^^^^^^^^^^^^\n  File \"/home/runner/work/luma_project/luma_project/pages/forgot_your_password_page.py\", line 59, in check_forgot_psw_captcha_field_is_clickable\n    return self.element_is_clickable(self.locators.FORGOT_YOUR_PASSWORD_CAPTCHA)\n           ^^^^^^^^^^^^^^^^^^^^^^^^^^^^^^^^^^^^^^^^^^^^^^^^^^^^^^^^^^^^^^^^^^^^^\n  File \"/opt/hostedtoolcache/Python/3.11.5/x64/lib/python3.11/site-packages/allure_commons/_allure.py\", line 192, in impl\n    return func(*a, **kw)\n           ^^^^^^^^^^^^^^\n  File \"/home/runner/work/luma_project/luma_project/pages/base_page.py\", line 80, in element_is_clickable\n    return wait(self.driver, timeout).until(EC.element_to_be_clickable(locator))\n           ^^^^^^^^^^^^^^^^^^^^^^^^^^^^^^^^^^^^^^^^^^^^^^^^^^^^^^^^^^^^^^^^^^^^^\n  File \"/opt/hostedtoolcache/Python/3.11.5/x64/lib/python3.11/site-packages/selenium/webdriver/support/wait.py\", line 95, in until\n    raise TimeoutException(message, screen, stacktrace)\n",
      "steps" : [ {
        "name" : "Check FYP captcha input field is clickable",
        "time" : {
          "start" : 1694911588469,
          "stop" : 1694911593592,
          "duration" : 5123
        },
        "status" : "broken",
        "statusMessage" : "selenium.common.exceptions.TimeoutException: Message: \nStacktrace:\n#0 0x558e07b90e23 <unknown>\n#1 0x558e078b97a7 <unknown>\n#2 0x558e078f81d3 <unknown>\n#3 0x558e078f82c1 <unknown>\n#4 0x558e07933a04 <unknown>\n#5 0x558e0791903d <unknown>\n#6 0x558e07931369 <unknown>\n#7 0x558e07918de3 <unknown>\n#8 0x558e078eca7b <unknown>\n#9 0x558e078ed81e <unknown>\n#10 0x558e07b52638 <unknown>\n#11 0x558e07b56507 <unknown>\n#12 0x558e07b60c4c <unknown>\n#13 0x558e07b57136 <unknown>\n#14 0x558e07b259cf <unknown>\n#15 0x558e07b7ab98 <unknown>\n#16 0x558e07b7ad68 <unknown>\n#17 0x558e07b89cb3 <unknown>\n#18 0x7ff35e094b43 <unknown>\n\n",
        "statusTrace" : "  File \"/opt/hostedtoolcache/Python/3.11.5/x64/lib/python3.11/site-packages/allure_commons/_allure.py\", line 192, in impl\n    return func(*a, **kw)\n           ^^^^^^^^^^^^^^\n  File \"/home/runner/work/luma_project/luma_project/pages/forgot_your_password_page.py\", line 59, in check_forgot_psw_captcha_field_is_clickable\n    return self.element_is_clickable(self.locators.FORGOT_YOUR_PASSWORD_CAPTCHA)\n           ^^^^^^^^^^^^^^^^^^^^^^^^^^^^^^^^^^^^^^^^^^^^^^^^^^^^^^^^^^^^^^^^^^^^^\n  File \"/opt/hostedtoolcache/Python/3.11.5/x64/lib/python3.11/site-packages/allure_commons/_allure.py\", line 192, in impl\n    return func(*a, **kw)\n           ^^^^^^^^^^^^^^\n  File \"/home/runner/work/luma_project/luma_project/pages/base_page.py\", line 80, in element_is_clickable\n    return wait(self.driver, timeout).until(EC.element_to_be_clickable(locator))\n           ^^^^^^^^^^^^^^^^^^^^^^^^^^^^^^^^^^^^^^^^^^^^^^^^^^^^^^^^^^^^^^^^^^^^^\n  File \"/opt/hostedtoolcache/Python/3.11.5/x64/lib/python3.11/site-packages/selenium/webdriver/support/wait.py\", line 95, in until\n    raise TimeoutException(message, screen, stacktrace)\n",
        "steps" : [ {
          "name" : "Find clickable elements",
          "time" : {
            "start" : 1694911588469,
            "stop" : 1694911593592,
            "duration" : 5123
          },
          "status" : "broken",
          "statusMessage" : "selenium.common.exceptions.TimeoutException: Message: \nStacktrace:\n#0 0x558e07b90e23 <unknown>\n#1 0x558e078b97a7 <unknown>\n#2 0x558e078f81d3 <unknown>\n#3 0x558e078f82c1 <unknown>\n#4 0x558e07933a04 <unknown>\n#5 0x558e0791903d <unknown>\n#6 0x558e07931369 <unknown>\n#7 0x558e07918de3 <unknown>\n#8 0x558e078eca7b <unknown>\n#9 0x558e078ed81e <unknown>\n#10 0x558e07b52638 <unknown>\n#11 0x558e07b56507 <unknown>\n#12 0x558e07b60c4c <unknown>\n#13 0x558e07b57136 <unknown>\n#14 0x558e07b259cf <unknown>\n#15 0x558e07b7ab98 <unknown>\n#16 0x558e07b7ad68 <unknown>\n#17 0x558e07b89cb3 <unknown>\n#18 0x7ff35e094b43 <unknown>\n\n",
          "statusTrace" : "  File \"/opt/hostedtoolcache/Python/3.11.5/x64/lib/python3.11/site-packages/allure_commons/_allure.py\", line 192, in impl\n    return func(*a, **kw)\n           ^^^^^^^^^^^^^^\n  File \"/home/runner/work/luma_project/luma_project/pages/base_page.py\", line 80, in element_is_clickable\n    return wait(self.driver, timeout).until(EC.element_to_be_clickable(locator))\n           ^^^^^^^^^^^^^^^^^^^^^^^^^^^^^^^^^^^^^^^^^^^^^^^^^^^^^^^^^^^^^^^^^^^^^\n  File \"/opt/hostedtoolcache/Python/3.11.5/x64/lib/python3.11/site-packages/selenium/webdriver/support/wait.py\", line 95, in until\n    raise TimeoutException(message, screen, stacktrace)\n",
          "steps" : [ ],
          "attachments" : [ ],
          "parameters" : [ {
            "name" : "locator",
            "value" : "('css selector', '#captcha_user_forgotpassword')"
          }, {
            "name" : "timeout",
            "value" : "5"
          } ],
          "stepsCount" : 0,
          "attachmentsCount" : 0,
          "shouldDisplayMessage" : true,
          "hasContent" : true
        } ],
        "attachments" : [ ],
        "parameters" : [ ],
        "stepsCount" : 1,
        "attachmentsCount" : 0,
        "shouldDisplayMessage" : false,
        "hasContent" : true
      } ],
      "attachments" : [ ],
      "parameters" : [ {
        "name" : "text",
        "value" : "'ZzwwAm'"
      } ],
      "stepsCount" : 2,
      "attachmentsCount" : 0,
      "shouldDisplayMessage" : false,
      "hasContent" : true
    } ],
    "attachments" : [ {
      "uid" : "fd4863989f9d381f",
      "name" : "Screenshot",
      "source" : "fd4863989f9d381f.png",
      "type" : "image/png",
      "size" : 73272
    }, {
      "uid" : "2c89d61d74d88045",
      "name" : "HTML source",
      "source" : "2c89d61d74d88045.html",
      "type" : "text/html",
      "size" : 78367
    } ],
    "parameters" : [ ],
    "stepsCount" : 8,
    "attachmentsCount" : 2,
    "shouldDisplayMessage" : true,
    "hasContent" : true
  },
  "afterStages" : [ {
    "name" : "driver::0",
    "time" : {
      "start" : 1694911593754,
      "stop" : 1694911593818,
      "duration" : 64
    },
    "status" : "passed",
    "steps" : [ ],
    "attachments" : [ ],
    "parameters" : [ ],
    "stepsCount" : 0,
    "attachmentsCount" : 0,
    "shouldDisplayMessage" : false,
    "hasContent" : false
  }, {
    "name" : "clear_allure_result_folder::0",
    "time" : {
      "start" : 1694912643690,
      "stop" : 1694912643690,
      "duration" : 0
    },
    "status" : "passed",
    "steps" : [ ],
    "attachments" : [ ],
    "parameters" : [ ],
    "stepsCount" : 0,
    "attachmentsCount" : 0,
    "shouldDisplayMessage" : false,
    "hasContent" : false
  } ],
  "labels" : [ {
    "name" : "epic",
    "value" : "Forgot Your Password Functionality"
  }, {
    "name" : "parentSuite",
    "value" : "tests"
  }, {
    "name" : "suite",
    "value" : "test_forgot_your_password"
  }, {
    "name" : "subSuite",
    "value" : "TestForgotYourPasswordFunctionality"
  }, {
    "name" : "host",
    "value" : "fv-az436-812"
  }, {
    "name" : "thread",
    "value" : "3004-MainThread"
  }, {
    "name" : "framework",
    "value" : "pytest"
  }, {
    "name" : "language",
    "value" : "cpython3"
  }, {
    "name" : "package",
    "value" : "tests.test_forgot_your_password"
  }, {
    "name" : "resultFormat",
    "value" : "allure2"
  } ],
  "parameters" : [ ],
  "links" : [ ],
  "hidden" : false,
  "retry" : false,
  "extra" : {
    "severity" : "normal",
    "retries" : [ ],
    "categories" : [ {
      "name" : "Test defects",
      "matchedStatuses" : [ ],
      "flaky" : false
    } ],
    "tags" : [ ]
  },
  "source" : "3980aeb57b320911.json",
  "parameterValues" : [ ]
}