{
  "uid" : "39b6ec7ee9da7ca9",
  "name" : "TC 10.02.01 - Verify 'MEN'S DEALS' title is correct",
  "fullName" : "tests.test_sale.TestSideMenuBarMen#test_tc_10_02_01",
  "historyId" : "7d9cc06b830a248f9ded0f57b7152948",
  "time" : {
    "start" : 1695517240364,
    "stop" : 1695517240421,
    "duration" : 57
  },
  "description" : "Check title of Men's Deals section",
  "descriptionHtml" : "<p>Check title of Men's Deals section</p>\n",
  "status" : "skipped",
  "statusMessage" : "XFAIL This test is expecting failure == Assertion Error because of error in spelling Men's\n\nAssertionError: Expected title: 'MEN'S DEALS', Actual title: MENS'S DEALS\nassert \"MENS'S DEALS\" == \"MEN'S DEALS\"\n  - MEN'S DEALS\n  + MENS'S DEALS\n  ?    +",
  "statusTrace" : "self = <test_sale.TestSalePage.TestSideMenuBarMen object at 0x7f9a4fbd7210>\nsale_page = <pages.sale_page.SalePage object at 0x7f9a4fb2d710>\n\n    @allure.title(\"TC 10.02.01 - Verify 'MEN'S DEALS' title is correct\")\n    @pytest.mark.xfail(reason=\"This test is expecting failure == Assertion Error \"\n                              \"because of error in spelling Men's\")\n    def test_tc_10_02_01(self, sale_page):\n        \"\"\"Check title of Men's Deals section\"\"\"\n        title = sale_page.check_text_in_men_deals_title()\n>       assert title == \"MEN'S DEALS\", f\"Expected title: 'MEN'S DEALS', Actual title: {title}\"\nE       AssertionError: Expected title: 'MEN'S DEALS', Actual title: MENS'S DEALS\nE       assert \"MENS'S DEALS\" == \"MEN'S DEALS\"\nE         - MEN'S DEALS\nE         + MENS'S DEALS\nE         ?    +\n\ntests/test_sale.py:66: AssertionError",
  "flaky" : false,
  "newFailed" : false,
  "beforeStages" : [ {
    "name" : "_session_faker",
    "time" : {
      "start" : 1695515982889,
      "stop" : 1695515982964,
      "duration" : 75
    },
    "status" : "passed",
    "steps" : [ ],
    "attachments" : [ ],
    "parameters" : [ ],
    "stepsCount" : 0,
    "attachmentsCount" : 0,
    "shouldDisplayMessage" : false,
    "hasContent" : false
  }, {
    "name" : "sale_page",
    "time" : {
      "start" : 1695517239334,
      "stop" : 1695517240363,
      "duration" : 1029
    },
    "status" : "passed",
    "steps" : [ {
      "name" : "Open a browser",
      "time" : {
        "start" : 1695517239334,
        "stop" : 1695517240363,
        "duration" : 1029
      },
      "status" : "passed",
      "steps" : [ ],
      "attachments" : [ ],
      "parameters" : [ ],
      "stepsCount" : 0,
      "attachmentsCount" : 0,
      "shouldDisplayMessage" : false,
      "hasContent" : false
    } ],
    "attachments" : [ ],
    "parameters" : [ ],
    "stepsCount" : 1,
    "attachmentsCount" : 0,
    "shouldDisplayMessage" : false,
    "hasContent" : true
  }, {
    "name" : "driver",
    "time" : {
      "start" : 1695517238244,
      "stop" : 1695517239333,
      "duration" : 1089
    },
    "status" : "passed",
    "steps" : [ ],
    "attachments" : [ ],
    "parameters" : [ ],
    "stepsCount" : 0,
    "attachmentsCount" : 0,
    "shouldDisplayMessage" : false,
    "hasContent" : false
  }, {
    "name" : "clear_allure_result_folder",
    "time" : {
      "start" : 1695515982964,
      "stop" : 1695515982965,
      "duration" : 1
    },
    "status" : "passed",
    "steps" : [ ],
    "attachments" : [ ],
    "parameters" : [ ],
    "stepsCount" : 0,
    "attachmentsCount" : 0,
    "shouldDisplayMessage" : false,
    "hasContent" : false
  } ],
  "testStage" : {
    "description" : "Check title of Men's Deals section",
    "status" : "skipped",
    "statusMessage" : "XFAIL This test is expecting failure == Assertion Error because of error in spelling Men's\n\nAssertionError: Expected title: 'MEN'S DEALS', Actual title: MENS'S DEALS\nassert \"MENS'S DEALS\" == \"MEN'S DEALS\"\n  - MEN'S DEALS\n  + MENS'S DEALS\n  ?    +",
    "statusTrace" : "self = <test_sale.TestSalePage.TestSideMenuBarMen object at 0x7f9a4fbd7210>\nsale_page = <pages.sale_page.SalePage object at 0x7f9a4fb2d710>\n\n    @allure.title(\"TC 10.02.01 - Verify 'MEN'S DEALS' title is correct\")\n    @pytest.mark.xfail(reason=\"This test is expecting failure == Assertion Error \"\n                              \"because of error in spelling Men's\")\n    def test_tc_10_02_01(self, sale_page):\n        \"\"\"Check title of Men's Deals section\"\"\"\n        title = sale_page.check_text_in_men_deals_title()\n>       assert title == \"MEN'S DEALS\", f\"Expected title: 'MEN'S DEALS', Actual title: {title}\"\nE       AssertionError: Expected title: 'MEN'S DEALS', Actual title: MENS'S DEALS\nE       assert \"MENS'S DEALS\" == \"MEN'S DEALS\"\nE         - MEN'S DEALS\nE         + MENS'S DEALS\nE         ?    +\n\ntests/test_sale.py:66: AssertionError",
    "steps" : [ {
      "name" : "Check text in Men's deals title",
      "time" : {
        "start" : 1695517240364,
        "stop" : 1695517240421,
        "duration" : 57
      },
      "status" : "passed",
      "steps" : [ {
        "name" : "Find a visible element",
        "time" : {
          "start" : 1695517240364,
          "stop" : 1695517240408,
          "duration" : 44
        },
        "status" : "passed",
        "steps" : [ {
          "name" : "Find a present element",
          "time" : {
            "start" : 1695517240364,
            "stop" : 1695517240377,
            "duration" : 13
          },
          "status" : "passed",
          "steps" : [ ],
          "attachments" : [ ],
          "parameters" : [ {
            "name" : "locator",
            "value" : "('css selector', '.categories-menu > strong:nth-child(3) > span')"
          }, {
            "name" : "timeout",
            "value" : "5"
          } ],
          "stepsCount" : 0,
          "attachmentsCount" : 0,
          "shouldDisplayMessage" : false,
          "hasContent" : true
        }, {
          "name" : "Go to specified element",
          "time" : {
            "start" : 1695517240377,
            "stop" : 1695517240385,
            "duration" : 8
          },
          "status" : "passed",
          "steps" : [ ],
          "attachments" : [ ],
          "parameters" : [ {
            "name" : "element",
            "value" : "<selenium.webdriver.remote.webelement.WebElement (session=\"7da152506831aef75f6bfc7f41e10b34\", element=\"15EC10AA29CC7FF860929DA61B3C5E48_element_30\")>"
          } ],
          "stepsCount" : 0,
          "attachmentsCount" : 0,
          "shouldDisplayMessage" : false,
          "hasContent" : true
        } ],
        "attachments" : [ ],
        "parameters" : [ {
          "name" : "locator",
          "value" : "('css selector', '.categories-menu > strong:nth-child(3) > span')"
        }, {
          "name" : "timeout",
          "value" : "10"
        } ],
        "stepsCount" : 2,
        "attachmentsCount" : 0,
        "shouldDisplayMessage" : false,
        "hasContent" : true
      } ],
      "attachments" : [ ],
      "parameters" : [ ],
      "stepsCount" : 3,
      "attachmentsCount" : 0,
      "shouldDisplayMessage" : false,
      "hasContent" : true
    } ],
    "attachments" : [ {
      "uid" : "fd40f4504384ada",
      "name" : "Screenshot",
      "source" : "fd40f4504384ada.png",
      "type" : "image/png",
      "size" : 682902
    }, {
      "uid" : "7118342ddd92c811",
      "name" : "HTML source",
      "source" : "7118342ddd92c811.html",
      "type" : "text/html",
      "size" : 78083
    } ],
    "parameters" : [ ],
    "stepsCount" : 4,
    "attachmentsCount" : 2,
    "shouldDisplayMessage" : true,
    "hasContent" : true
  },
  "afterStages" : [ {
    "name" : "driver::0",
    "time" : {
      "start" : 1695517240836,
      "stop" : 1695517240901,
      "duration" : 65
    },
    "status" : "passed",
    "steps" : [ ],
    "attachments" : [ ],
    "parameters" : [ ],
    "stepsCount" : 0,
    "attachmentsCount" : 0,
    "shouldDisplayMessage" : false,
    "hasContent" : false
  }, {
    "name" : "clear_allure_result_folder::0",
    "time" : {
      "start" : 1695517631857,
      "stop" : 1695517631857,
      "duration" : 0
    },
    "status" : "passed",
    "steps" : [ ],
    "attachments" : [ ],
    "parameters" : [ ],
    "stepsCount" : 0,
    "attachmentsCount" : 0,
    "shouldDisplayMessage" : false,
    "hasContent" : false
  } ],
  "labels" : [ {
    "name" : "epic",
    "value" : "Sale Page"
  }, {
    "name" : "feature",
    "value" : "Testing Side Menu Bar - Men's Deals Section"
  }, {
    "name" : "tag",
    "value" : "@pytest.mark.xfail(reason='This test is expecting failure == Assertion Error because of error in spelling Men's')"
  }, {
    "name" : "parentSuite",
    "value" : "tests"
  }, {
    "name" : "suite",
    "value" : "test_sale"
  }, {
    "name" : "subSuite",
    "value" : "TestSalePage"
  }, {
    "name" : "host",
    "value" : "fv-az812-630"
  }, {
    "name" : "thread",
    "value" : "2998-MainThread"
  }, {
    "name" : "framework",
    "value" : "pytest"
  }, {
    "name" : "language",
    "value" : "cpython3"
  }, {
    "name" : "package",
    "value" : "tests.test_sale"
  }, {
    "name" : "resultFormat",
    "value" : "allure2"
  } ],
  "parameters" : [ ],
  "links" : [ ],
  "hidden" : false,
  "retry" : false,
  "extra" : {
    "severity" : "normal",
    "retries" : [ ],
    "categories" : [ ],
    "tags" : [ "@pytest.mark.xfail(reason='This test is expecting failure == Assertion Error because of error in spelling Men's')" ]
  },
  "source" : "39b6ec7ee9da7ca9.json",
  "parameterValues" : [ ]
}