{
  "uid" : "3f627a2deb2adb02",
  "name" : "TC 17.01.27 Verify all fields got cleared after the failed attempt to reset password",
  "fullName" : "tests.test_forgot_your_password.TestForgotYourPasswordFunctionality#test_17_01_27_fields_are_cleared_after_failed_attempt_to_reset_password",
  "historyId" : "329c5479a6abab9e833ef4806ddb95bd",
  "time" : {
    "start" : 1693097162785,
    "stop" : 1693097168310,
    "duration" : 5525
  },
  "description" : "Check if all the fields are getting cleared after failed attempt to reset password with invalid captcha",
  "descriptionHtml" : "<p>Check if all the fields are getting cleared after failed attempt to reset password with invalid captcha</p>\n",
  "status" : "broken",
  "statusMessage" : "selenium.common.exceptions.TimeoutException: Message: \nStacktrace:\n#0 0x55d7aefcce23 <unknown>\n#1 0x55d7aecf57a7 <unknown>\n#2 0x55d7aed341d3 <unknown>\n#3 0x55d7aed342c1 <unknown>\n#4 0x55d7aed6fa04 <unknown>\n#5 0x55d7aed5503d <unknown>\n#6 0x55d7aed6d369 <unknown>\n#7 0x55d7aed54de3 <unknown>\n#8 0x55d7aed28a7b <unknown>\n#9 0x55d7aed2981e <unknown>\n#10 0x55d7aef8e638 <unknown>\n#11 0x55d7aef92507 <unknown>\n#12 0x55d7aef9cc4c <unknown>\n#13 0x55d7aef93136 <unknown>\n#14 0x55d7aef619cf <unknown>\n#15 0x55d7aefb6b98 <unknown>\n#16 0x55d7aefb6d68 <unknown>\n#17 0x55d7aefc5cb3 <unknown>\n#18 0x7fd05fafbb43 <unknown>",
  "statusTrace" : "self = <test_forgot_your_password.TestForgotYourPasswordFunctionality object at 0x7f7f88b5b6d0>\ndriver = <selenium.webdriver.chrome.webdriver.WebDriver (session=\"95ee4737e7fcccbe92c9d93e51514e59\")>\nforgot_psw_page = <pages.forgot_your_password_page.ForgotYourPasswordPage object at 0x7f7f8985d450>\n\n    @allure.title('TC 17.01.27 Verify all fields got cleared after the failed attempt to reset password')\n    def test_17_01_27_fields_are_cleared_after_failed_attempt_to_reset_password(self, driver, forgot_psw_page):\n        \"\"\"Check if all the fields are getting cleared after failed attempt to reset password with invalid captcha\"\"\"\n        forgot_psw_page.fill_in_email_field(credentials['valid_email'])\n>       forgot_psw_page.fill_in_forgot_psw_captcha_field(captcha)\n\ntests/test_forgot_your_password.py:215: \n_ _ _ _ _ _ _ _ _ _ _ _ _ _ _ _ _ _ _ _ _ _ _ _ _ _ _ _ _ _ _ _ _ _ _ _ _ _ _ _ \npages/forgot_your_password_page.py:84: in fill_in_forgot_psw_captcha_field\n    return self.fill_in_field(self.check_forgot_psw_captcha_field_is_clickable(), text)\npages/forgot_your_password_page.py:59: in check_forgot_psw_captcha_field_is_clickable\n    return self.element_is_clickable(self.locators.FORGOT_YOUR_PASSWORD_CAPTCHA)\npages/base_page.py:80: in element_is_clickable\n    return wait(self.driver, timeout).until(EC.element_to_be_clickable(locator))\n_ _ _ _ _ _ _ _ _ _ _ _ _ _ _ _ _ _ _ _ _ _ _ _ _ _ _ _ _ _ _ _ _ _ _ _ _ _ _ _ \n\nself = <selenium.webdriver.support.wait.WebDriverWait (session=\"95ee4737e7fcccbe92c9d93e51514e59\")>\nmethod = <function element_to_be_clickable.<locals>._predicate at 0x7f7f87c71260>\nmessage = ''\n\n    def until(self, method, message: str = \"\"):\n        \"\"\"Calls the method provided with the driver as an argument until the \\\n        return value does not evaluate to ``False``.\n    \n        :param method: callable(WebDriver)\n        :param message: optional message for :exc:`TimeoutException`\n        :returns: the result of the last call to `method`\n        :raises: :exc:`selenium.common.exceptions.TimeoutException` if timeout occurs\n        \"\"\"\n        screen = None\n        stacktrace = None\n    \n        end_time = time.monotonic() + self._timeout\n        while True:\n            try:\n                value = method(self._driver)\n                if value:\n                    return value\n            except self._ignored_exceptions as exc:\n                screen = getattr(exc, \"screen\", None)\n                stacktrace = getattr(exc, \"stacktrace\", None)\n            time.sleep(self._poll)\n            if time.monotonic() > end_time:\n                break\n>       raise TimeoutException(message, screen, stacktrace)\nE       selenium.common.exceptions.TimeoutException: Message: \nE       Stacktrace:\nE       #0 0x55d7aefcce23 <unknown>\nE       #1 0x55d7aecf57a7 <unknown>\nE       #2 0x55d7aed341d3 <unknown>\nE       #3 0x55d7aed342c1 <unknown>\nE       #4 0x55d7aed6fa04 <unknown>\nE       #5 0x55d7aed5503d <unknown>\nE       #6 0x55d7aed6d369 <unknown>\nE       #7 0x55d7aed54de3 <unknown>\nE       #8 0x55d7aed28a7b <unknown>\nE       #9 0x55d7aed2981e <unknown>\nE       #10 0x55d7aef8e638 <unknown>\nE       #11 0x55d7aef92507 <unknown>\nE       #12 0x55d7aef9cc4c <unknown>\nE       #13 0x55d7aef93136 <unknown>\nE       #14 0x55d7aef619cf <unknown>\nE       #15 0x55d7aefb6b98 <unknown>\nE       #16 0x55d7aefb6d68 <unknown>\nE       #17 0x55d7aefc5cb3 <unknown>\nE       #18 0x7fd05fafbb43 <unknown>\n\n/opt/hostedtoolcache/Python/3.11.4/x64/lib/python3.11/site-packages/selenium/webdriver/support/wait.py:95: TimeoutException",
  "flaky" : false,
  "newFailed" : false,
  "beforeStages" : [ {
    "name" : "_session_faker",
    "time" : {
      "start" : 1693096725216,
      "stop" : 1693096725308,
      "duration" : 92
    },
    "status" : "passed",
    "steps" : [ ],
    "attachments" : [ ],
    "parameters" : [ ],
    "stepsCount" : 0,
    "attachmentsCount" : 0,
    "shouldDisplayMessage" : false,
    "hasContent" : false
  }, {
    "name" : "driver",
    "time" : {
      "start" : 1693097160723,
      "stop" : 1693097161740,
      "duration" : 1017
    },
    "status" : "passed",
    "steps" : [ ],
    "attachments" : [ ],
    "parameters" : [ ],
    "stepsCount" : 0,
    "attachmentsCount" : 0,
    "shouldDisplayMessage" : false,
    "hasContent" : false
  }, {
    "name" : "forgot_psw_page",
    "time" : {
      "start" : 1693097161740,
      "stop" : 1693097162785,
      "duration" : 1045
    },
    "status" : "passed",
    "steps" : [ {
      "name" : "Open a browser",
      "time" : {
        "start" : 1693097161740,
        "stop" : 1693097162785,
        "duration" : 1045
      },
      "status" : "passed",
      "steps" : [ ],
      "attachments" : [ ],
      "parameters" : [ ],
      "stepsCount" : 0,
      "attachmentsCount" : 0,
      "shouldDisplayMessage" : false,
      "hasContent" : false
    } ],
    "attachments" : [ ],
    "parameters" : [ ],
    "stepsCount" : 1,
    "attachmentsCount" : 0,
    "shouldDisplayMessage" : false,
    "hasContent" : true
  }, {
    "name" : "clear_allure_result_folder",
    "time" : {
      "start" : 1693096725308,
      "stop" : 1693096725308,
      "duration" : 0
    },
    "status" : "passed",
    "steps" : [ ],
    "attachments" : [ ],
    "parameters" : [ ],
    "stepsCount" : 0,
    "attachmentsCount" : 0,
    "shouldDisplayMessage" : false,
    "hasContent" : false
  } ],
  "testStage" : {
    "description" : "Check if all the fields are getting cleared after failed attempt to reset password with invalid captcha",
    "status" : "broken",
    "statusMessage" : "selenium.common.exceptions.TimeoutException: Message: \nStacktrace:\n#0 0x55d7aefcce23 <unknown>\n#1 0x55d7aecf57a7 <unknown>\n#2 0x55d7aed341d3 <unknown>\n#3 0x55d7aed342c1 <unknown>\n#4 0x55d7aed6fa04 <unknown>\n#5 0x55d7aed5503d <unknown>\n#6 0x55d7aed6d369 <unknown>\n#7 0x55d7aed54de3 <unknown>\n#8 0x55d7aed28a7b <unknown>\n#9 0x55d7aed2981e <unknown>\n#10 0x55d7aef8e638 <unknown>\n#11 0x55d7aef92507 <unknown>\n#12 0x55d7aef9cc4c <unknown>\n#13 0x55d7aef93136 <unknown>\n#14 0x55d7aef619cf <unknown>\n#15 0x55d7aefb6b98 <unknown>\n#16 0x55d7aefb6d68 <unknown>\n#17 0x55d7aefc5cb3 <unknown>\n#18 0x7fd05fafbb43 <unknown>",
    "statusTrace" : "self = <test_forgot_your_password.TestForgotYourPasswordFunctionality object at 0x7f7f88b5b6d0>\ndriver = <selenium.webdriver.chrome.webdriver.WebDriver (session=\"95ee4737e7fcccbe92c9d93e51514e59\")>\nforgot_psw_page = <pages.forgot_your_password_page.ForgotYourPasswordPage object at 0x7f7f8985d450>\n\n    @allure.title('TC 17.01.27 Verify all fields got cleared after the failed attempt to reset password')\n    def test_17_01_27_fields_are_cleared_after_failed_attempt_to_reset_password(self, driver, forgot_psw_page):\n        \"\"\"Check if all the fields are getting cleared after failed attempt to reset password with invalid captcha\"\"\"\n        forgot_psw_page.fill_in_email_field(credentials['valid_email'])\n>       forgot_psw_page.fill_in_forgot_psw_captcha_field(captcha)\n\ntests/test_forgot_your_password.py:215: \n_ _ _ _ _ _ _ _ _ _ _ _ _ _ _ _ _ _ _ _ _ _ _ _ _ _ _ _ _ _ _ _ _ _ _ _ _ _ _ _ \npages/forgot_your_password_page.py:84: in fill_in_forgot_psw_captcha_field\n    return self.fill_in_field(self.check_forgot_psw_captcha_field_is_clickable(), text)\npages/forgot_your_password_page.py:59: in check_forgot_psw_captcha_field_is_clickable\n    return self.element_is_clickable(self.locators.FORGOT_YOUR_PASSWORD_CAPTCHA)\npages/base_page.py:80: in element_is_clickable\n    return wait(self.driver, timeout).until(EC.element_to_be_clickable(locator))\n_ _ _ _ _ _ _ _ _ _ _ _ _ _ _ _ _ _ _ _ _ _ _ _ _ _ _ _ _ _ _ _ _ _ _ _ _ _ _ _ \n\nself = <selenium.webdriver.support.wait.WebDriverWait (session=\"95ee4737e7fcccbe92c9d93e51514e59\")>\nmethod = <function element_to_be_clickable.<locals>._predicate at 0x7f7f87c71260>\nmessage = ''\n\n    def until(self, method, message: str = \"\"):\n        \"\"\"Calls the method provided with the driver as an argument until the \\\n        return value does not evaluate to ``False``.\n    \n        :param method: callable(WebDriver)\n        :param message: optional message for :exc:`TimeoutException`\n        :returns: the result of the last call to `method`\n        :raises: :exc:`selenium.common.exceptions.TimeoutException` if timeout occurs\n        \"\"\"\n        screen = None\n        stacktrace = None\n    \n        end_time = time.monotonic() + self._timeout\n        while True:\n            try:\n                value = method(self._driver)\n                if value:\n                    return value\n            except self._ignored_exceptions as exc:\n                screen = getattr(exc, \"screen\", None)\n                stacktrace = getattr(exc, \"stacktrace\", None)\n            time.sleep(self._poll)\n            if time.monotonic() > end_time:\n                break\n>       raise TimeoutException(message, screen, stacktrace)\nE       selenium.common.exceptions.TimeoutException: Message: \nE       Stacktrace:\nE       #0 0x55d7aefcce23 <unknown>\nE       #1 0x55d7aecf57a7 <unknown>\nE       #2 0x55d7aed341d3 <unknown>\nE       #3 0x55d7aed342c1 <unknown>\nE       #4 0x55d7aed6fa04 <unknown>\nE       #5 0x55d7aed5503d <unknown>\nE       #6 0x55d7aed6d369 <unknown>\nE       #7 0x55d7aed54de3 <unknown>\nE       #8 0x55d7aed28a7b <unknown>\nE       #9 0x55d7aed2981e <unknown>\nE       #10 0x55d7aef8e638 <unknown>\nE       #11 0x55d7aef92507 <unknown>\nE       #12 0x55d7aef9cc4c <unknown>\nE       #13 0x55d7aef93136 <unknown>\nE       #14 0x55d7aef619cf <unknown>\nE       #15 0x55d7aefb6b98 <unknown>\nE       #16 0x55d7aefb6d68 <unknown>\nE       #17 0x55d7aefc5cb3 <unknown>\nE       #18 0x7fd05fafbb43 <unknown>\n\n/opt/hostedtoolcache/Python/3.11.4/x64/lib/python3.11/site-packages/selenium/webdriver/support/wait.py:95: TimeoutException",
    "steps" : [ {
      "name" : "Fill in Email field",
      "time" : {
        "start" : 1693097162785,
        "stop" : 1693097163148,
        "duration" : 363
      },
      "status" : "passed",
      "steps" : [ {
        "name" : "Check FYP Email field is clickable",
        "time" : {
          "start" : 1693097162785,
          "stop" : 1693097162822,
          "duration" : 37
        },
        "status" : "passed",
        "steps" : [ {
          "name" : "Find clickable elements",
          "time" : {
            "start" : 1693097162785,
            "stop" : 1693097162822,
            "duration" : 37
          },
          "status" : "passed",
          "steps" : [ ],
          "attachments" : [ ],
          "parameters" : [ {
            "name" : "locator",
            "value" : "('css selector', '#email_address')"
          }, {
            "name" : "timeout",
            "value" : "5"
          } ],
          "stepsCount" : 0,
          "attachmentsCount" : 0,
          "shouldDisplayMessage" : false,
          "hasContent" : true
        } ],
        "attachments" : [ ],
        "parameters" : [ ],
        "stepsCount" : 1,
        "attachmentsCount" : 0,
        "shouldDisplayMessage" : false,
        "hasContent" : true
      }, {
        "name" : "Fill in a field",
        "time" : {
          "start" : 1693097162823,
          "stop" : 1693097163148,
          "duration" : 325
        },
        "status" : "passed",
        "steps" : [ {
          "name" : "Find clickable elements",
          "time" : {
            "start" : 1693097162823,
            "stop" : 1693097162841,
            "duration" : 18
          },
          "status" : "passed",
          "steps" : [ ],
          "attachments" : [ ],
          "parameters" : [ {
            "name" : "locator",
            "value" : "<selenium.webdriver.remote.webelement.WebElement (session=\"95ee4737e7fcccbe92c9d93e51514e59\", element=\"5EDDD45D153589DB617151BDBA0186C7_element_1\")>"
          }, {
            "name" : "timeout",
            "value" : "5"
          } ],
          "stepsCount" : 0,
          "attachmentsCount" : 0,
          "shouldDisplayMessage" : false,
          "hasContent" : true
        } ],
        "attachments" : [ ],
        "parameters" : [ {
          "name" : "locator",
          "value" : "<selenium.webdriver.remote.webelement.WebElement (session=\"95ee4737e7fcccbe92c9d93e51514e59\", element=\"5EDDD45D153589DB617151BDBA0186C7_element_1\")>"
        }, {
          "name" : "value",
          "value" : "'test130@mailinator.com'"
        } ],
        "stepsCount" : 1,
        "attachmentsCount" : 0,
        "shouldDisplayMessage" : false,
        "hasContent" : true
      } ],
      "attachments" : [ ],
      "parameters" : [ {
        "name" : "email",
        "value" : "'test130@mailinator.com'"
      } ],
      "stepsCount" : 4,
      "attachmentsCount" : 0,
      "shouldDisplayMessage" : false,
      "hasContent" : true
    }, {
      "name" : "Fill in FYP Email field",
      "time" : {
        "start" : 1693097163148,
        "stop" : 1693097168310,
        "duration" : 5162
      },
      "status" : "broken",
      "statusMessage" : "selenium.common.exceptions.TimeoutException: Message: \nStacktrace:\n#0 0x55d7aefcce23 <unknown>\n#1 0x55d7aecf57a7 <unknown>\n#2 0x55d7aed341d3 <unknown>\n#3 0x55d7aed342c1 <unknown>\n#4 0x55d7aed6fa04 <unknown>\n#5 0x55d7aed5503d <unknown>\n#6 0x55d7aed6d369 <unknown>\n#7 0x55d7aed54de3 <unknown>\n#8 0x55d7aed28a7b <unknown>\n#9 0x55d7aed2981e <unknown>\n#10 0x55d7aef8e638 <unknown>\n#11 0x55d7aef92507 <unknown>\n#12 0x55d7aef9cc4c <unknown>\n#13 0x55d7aef93136 <unknown>\n#14 0x55d7aef619cf <unknown>\n#15 0x55d7aefb6b98 <unknown>\n#16 0x55d7aefb6d68 <unknown>\n#17 0x55d7aefc5cb3 <unknown>\n#18 0x7fd05fafbb43 <unknown>\n\n",
      "statusTrace" : "  File \"/opt/hostedtoolcache/Python/3.11.4/x64/lib/python3.11/site-packages/allure_commons/_allure.py\", line 192, in impl\n    return func(*a, **kw)\n           ^^^^^^^^^^^^^^\n  File \"/home/runner/work/luma_project/luma_project/pages/forgot_your_password_page.py\", line 84, in fill_in_forgot_psw_captcha_field\n    return self.fill_in_field(self.check_forgot_psw_captcha_field_is_clickable(), text)\n                              ^^^^^^^^^^^^^^^^^^^^^^^^^^^^^^^^^^^^^^^^^^^^^^^^^^\n  File \"/opt/hostedtoolcache/Python/3.11.4/x64/lib/python3.11/site-packages/allure_commons/_allure.py\", line 192, in impl\n    return func(*a, **kw)\n           ^^^^^^^^^^^^^^\n  File \"/home/runner/work/luma_project/luma_project/pages/forgot_your_password_page.py\", line 59, in check_forgot_psw_captcha_field_is_clickable\n    return self.element_is_clickable(self.locators.FORGOT_YOUR_PASSWORD_CAPTCHA)\n           ^^^^^^^^^^^^^^^^^^^^^^^^^^^^^^^^^^^^^^^^^^^^^^^^^^^^^^^^^^^^^^^^^^^^^\n  File \"/opt/hostedtoolcache/Python/3.11.4/x64/lib/python3.11/site-packages/allure_commons/_allure.py\", line 192, in impl\n    return func(*a, **kw)\n           ^^^^^^^^^^^^^^\n  File \"/home/runner/work/luma_project/luma_project/pages/base_page.py\", line 80, in element_is_clickable\n    return wait(self.driver, timeout).until(EC.element_to_be_clickable(locator))\n           ^^^^^^^^^^^^^^^^^^^^^^^^^^^^^^^^^^^^^^^^^^^^^^^^^^^^^^^^^^^^^^^^^^^^^\n  File \"/opt/hostedtoolcache/Python/3.11.4/x64/lib/python3.11/site-packages/selenium/webdriver/support/wait.py\", line 95, in until\n    raise TimeoutException(message, screen, stacktrace)\n",
      "steps" : [ {
        "name" : "Check FYP captcha input field is clickable",
        "time" : {
          "start" : 1693097163148,
          "stop" : 1693097168309,
          "duration" : 5161
        },
        "status" : "broken",
        "statusMessage" : "selenium.common.exceptions.TimeoutException: Message: \nStacktrace:\n#0 0x55d7aefcce23 <unknown>\n#1 0x55d7aecf57a7 <unknown>\n#2 0x55d7aed341d3 <unknown>\n#3 0x55d7aed342c1 <unknown>\n#4 0x55d7aed6fa04 <unknown>\n#5 0x55d7aed5503d <unknown>\n#6 0x55d7aed6d369 <unknown>\n#7 0x55d7aed54de3 <unknown>\n#8 0x55d7aed28a7b <unknown>\n#9 0x55d7aed2981e <unknown>\n#10 0x55d7aef8e638 <unknown>\n#11 0x55d7aef92507 <unknown>\n#12 0x55d7aef9cc4c <unknown>\n#13 0x55d7aef93136 <unknown>\n#14 0x55d7aef619cf <unknown>\n#15 0x55d7aefb6b98 <unknown>\n#16 0x55d7aefb6d68 <unknown>\n#17 0x55d7aefc5cb3 <unknown>\n#18 0x7fd05fafbb43 <unknown>\n\n",
        "statusTrace" : "  File \"/opt/hostedtoolcache/Python/3.11.4/x64/lib/python3.11/site-packages/allure_commons/_allure.py\", line 192, in impl\n    return func(*a, **kw)\n           ^^^^^^^^^^^^^^\n  File \"/home/runner/work/luma_project/luma_project/pages/forgot_your_password_page.py\", line 59, in check_forgot_psw_captcha_field_is_clickable\n    return self.element_is_clickable(self.locators.FORGOT_YOUR_PASSWORD_CAPTCHA)\n           ^^^^^^^^^^^^^^^^^^^^^^^^^^^^^^^^^^^^^^^^^^^^^^^^^^^^^^^^^^^^^^^^^^^^^\n  File \"/opt/hostedtoolcache/Python/3.11.4/x64/lib/python3.11/site-packages/allure_commons/_allure.py\", line 192, in impl\n    return func(*a, **kw)\n           ^^^^^^^^^^^^^^\n  File \"/home/runner/work/luma_project/luma_project/pages/base_page.py\", line 80, in element_is_clickable\n    return wait(self.driver, timeout).until(EC.element_to_be_clickable(locator))\n           ^^^^^^^^^^^^^^^^^^^^^^^^^^^^^^^^^^^^^^^^^^^^^^^^^^^^^^^^^^^^^^^^^^^^^\n  File \"/opt/hostedtoolcache/Python/3.11.4/x64/lib/python3.11/site-packages/selenium/webdriver/support/wait.py\", line 95, in until\n    raise TimeoutException(message, screen, stacktrace)\n",
        "steps" : [ {
          "name" : "Find clickable elements",
          "time" : {
            "start" : 1693097163148,
            "stop" : 1693097168309,
            "duration" : 5161
          },
          "status" : "broken",
          "statusMessage" : "selenium.common.exceptions.TimeoutException: Message: \nStacktrace:\n#0 0x55d7aefcce23 <unknown>\n#1 0x55d7aecf57a7 <unknown>\n#2 0x55d7aed341d3 <unknown>\n#3 0x55d7aed342c1 <unknown>\n#4 0x55d7aed6fa04 <unknown>\n#5 0x55d7aed5503d <unknown>\n#6 0x55d7aed6d369 <unknown>\n#7 0x55d7aed54de3 <unknown>\n#8 0x55d7aed28a7b <unknown>\n#9 0x55d7aed2981e <unknown>\n#10 0x55d7aef8e638 <unknown>\n#11 0x55d7aef92507 <unknown>\n#12 0x55d7aef9cc4c <unknown>\n#13 0x55d7aef93136 <unknown>\n#14 0x55d7aef619cf <unknown>\n#15 0x55d7aefb6b98 <unknown>\n#16 0x55d7aefb6d68 <unknown>\n#17 0x55d7aefc5cb3 <unknown>\n#18 0x7fd05fafbb43 <unknown>\n\n",
          "statusTrace" : "  File \"/opt/hostedtoolcache/Python/3.11.4/x64/lib/python3.11/site-packages/allure_commons/_allure.py\", line 192, in impl\n    return func(*a, **kw)\n           ^^^^^^^^^^^^^^\n  File \"/home/runner/work/luma_project/luma_project/pages/base_page.py\", line 80, in element_is_clickable\n    return wait(self.driver, timeout).until(EC.element_to_be_clickable(locator))\n           ^^^^^^^^^^^^^^^^^^^^^^^^^^^^^^^^^^^^^^^^^^^^^^^^^^^^^^^^^^^^^^^^^^^^^\n  File \"/opt/hostedtoolcache/Python/3.11.4/x64/lib/python3.11/site-packages/selenium/webdriver/support/wait.py\", line 95, in until\n    raise TimeoutException(message, screen, stacktrace)\n",
          "steps" : [ ],
          "attachments" : [ ],
          "parameters" : [ {
            "name" : "locator",
            "value" : "('css selector', '#captcha_user_forgotpassword')"
          }, {
            "name" : "timeout",
            "value" : "5"
          } ],
          "stepsCount" : 0,
          "attachmentsCount" : 0,
          "shouldDisplayMessage" : true,
          "hasContent" : true
        } ],
        "attachments" : [ ],
        "parameters" : [ ],
        "stepsCount" : 1,
        "attachmentsCount" : 0,
        "shouldDisplayMessage" : false,
        "hasContent" : true
      } ],
      "attachments" : [ ],
      "parameters" : [ {
        "name" : "text",
        "value" : "'4eX4p1'"
      } ],
      "stepsCount" : 2,
      "attachmentsCount" : 0,
      "shouldDisplayMessage" : false,
      "hasContent" : true
    } ],
    "attachments" : [ {
      "uid" : "73ce588dff784d43",
      "name" : "Screenshot",
      "source" : "73ce588dff784d43.png",
      "type" : "image/png",
      "size" : 69173
    }, {
      "uid" : "38e84fa890fed878",
      "name" : "HTML source",
      "source" : "38e84fa890fed878.html",
      "type" : "text/html",
      "size" : 77958
    } ],
    "parameters" : [ ],
    "stepsCount" : 8,
    "attachmentsCount" : 2,
    "shouldDisplayMessage" : true,
    "hasContent" : true
  },
  "afterStages" : [ {
    "name" : "driver::0",
    "time" : {
      "start" : 1693097168484,
      "stop" : 1693097168547,
      "duration" : 63
    },
    "status" : "passed",
    "steps" : [ ],
    "attachments" : [ ],
    "parameters" : [ ],
    "stepsCount" : 0,
    "attachmentsCount" : 0,
    "shouldDisplayMessage" : false,
    "hasContent" : false
  }, {
    "name" : "clear_allure_result_folder::0",
    "time" : {
      "start" : 1693098186640,
      "stop" : 1693098186640,
      "duration" : 0
    },
    "status" : "passed",
    "steps" : [ ],
    "attachments" : [ ],
    "parameters" : [ ],
    "stepsCount" : 0,
    "attachmentsCount" : 0,
    "shouldDisplayMessage" : false,
    "hasContent" : false
  } ],
  "labels" : [ {
    "name" : "epic",
    "value" : "Forgot Your Password Functionality"
  }, {
    "name" : "parentSuite",
    "value" : "tests"
  }, {
    "name" : "suite",
    "value" : "test_forgot_your_password"
  }, {
    "name" : "subSuite",
    "value" : "TestForgotYourPasswordFunctionality"
  }, {
    "name" : "host",
    "value" : "fv-az1032-305"
  }, {
    "name" : "thread",
    "value" : "2867-MainThread"
  }, {
    "name" : "framework",
    "value" : "pytest"
  }, {
    "name" : "language",
    "value" : "cpython3"
  }, {
    "name" : "package",
    "value" : "tests.test_forgot_your_password"
  }, {
    "name" : "resultFormat",
    "value" : "allure2"
  } ],
  "parameters" : [ ],
  "links" : [ ],
  "hidden" : false,
  "retry" : false,
  "extra" : {
    "severity" : "normal",
    "retries" : [ ],
    "categories" : [ {
      "name" : "Test defects",
      "matchedStatuses" : [ ],
      "flaky" : false
    } ],
    "tags" : [ ]
  },
  "source" : "3f627a2deb2adb02.json",
  "parameterValues" : [ ]
}