{
  "uid" : "458e6f7c93352f18",
  "name" : "TC 17.01.24 Verify Error on resetting My Password with invalid captcha",
  "fullName" : "tests.test_forgot_your_password.TestForgotYourPasswordFunctionality#test_17_01_24_error_if_reset_my_password_with_invalid_captcha",
  "historyId" : "05aeb6a6852588ab78868f39355c5ff9",
  "time" : {
    "start" : 1691282895312,
    "stop" : 1691282900756,
    "duration" : 5444
  },
  "description" : "Check error message on attempt to reset password with invalid captcha",
  "descriptionHtml" : "<p>Check error message on attempt to reset password with invalid captcha</p>\n",
  "status" : "broken",
  "statusMessage" : "selenium.common.exceptions.TimeoutException: Message: \nStacktrace:\n#0 0x55db15a56783 <unknown>\n#1 0x55db15782917 <unknown>\n#2 0x55db157c131b <unknown>\n#3 0x55db157c1411 <unknown>\n#4 0x55db157fc674 <unknown>\n#5 0x55db157e1e2d <unknown>\n#6 0x55db157fa0d9 <unknown>\n#7 0x55db157e1bd3 <unknown>\n#8 0x55db157b5a7b <unknown>\n#9 0x55db157b681e <unknown>\n#10 0x55db15a17e98 <unknown>\n#11 0x55db15a1bd67 <unknown>\n#12 0x55db15a2632c <unknown>\n#13 0x55db15a1c993 <unknown>\n#14 0x55db159eb827 <unknown>\n#15 0x55db15a408a8 <unknown>\n#16 0x55db15a40a36 <unknown>\n#17 0x55db15a4f5f3 <unknown>\n#18 0x7f2720a2fb43 <unknown>",
  "statusTrace" : "self = <test_forgot_your_password.TestForgotYourPasswordFunctionality object at 0x7f08b8592d90>\ndriver = <selenium.webdriver.chrome.webdriver.WebDriver (session=\"41aee76d82dd9ad7c2653bf1551f2728\")>\nforgot_psw_page = <pages.forgot_your_password_page.ForgotYourPasswordPage object at 0x7f08b9150cd0>\n\n    @allure.title('TC 17.01.24 Verify Error on resetting My Password with invalid captcha')\n    def test_17_01_24_error_if_reset_my_password_with_invalid_captcha(self, driver, forgot_psw_page):\n        \"\"\"Check error message on attempt to reset password with invalid captcha\"\"\"\n        forgot_psw_page.fill_in_email_field(credentials['valid_email'])\n>       forgot_psw_page.fill_in_forgot_psw_captcha_field(captcha)\n\ntests/test_forgot_your_password.py:187: \n_ _ _ _ _ _ _ _ _ _ _ _ _ _ _ _ _ _ _ _ _ _ _ _ _ _ _ _ _ _ _ _ _ _ _ _ _ _ _ _ \npages/forgot_your_password_page.py:84: in fill_in_forgot_psw_captcha_field\n    return self.fill_in_field(self.check_forgot_psw_captcha_field_is_clickable(), text)\npages/forgot_your_password_page.py:59: in check_forgot_psw_captcha_field_is_clickable\n    return self.element_is_clickable(self.locators.FORGOT_YOUR_PASSWORD_CAPTCHA)\npages/base_page.py:80: in element_is_clickable\n    return wait(self.driver, timeout).until(EC.element_to_be_clickable(locator))\n_ _ _ _ _ _ _ _ _ _ _ _ _ _ _ _ _ _ _ _ _ _ _ _ _ _ _ _ _ _ _ _ _ _ _ _ _ _ _ _ \n\nself = <selenium.webdriver.support.wait.WebDriverWait (session=\"41aee76d82dd9ad7c2653bf1551f2728\")>\nmethod = <function element_to_be_clickable.<locals>._predicate at 0x7f08b71f7740>\nmessage = ''\n\n    def until(self, method, message: str = \"\"):\n        \"\"\"Calls the method provided with the driver as an argument until the \\\n        return value does not evaluate to ``False``.\n    \n        :param method: callable(WebDriver)\n        :param message: optional message for :exc:`TimeoutException`\n        :returns: the result of the last call to `method`\n        :raises: :exc:`selenium.common.exceptions.TimeoutException` if timeout occurs\n        \"\"\"\n        screen = None\n        stacktrace = None\n    \n        end_time = time.monotonic() + self._timeout\n        while True:\n            try:\n                value = method(self._driver)\n                if value:\n                    return value\n            except self._ignored_exceptions as exc:\n                screen = getattr(exc, \"screen\", None)\n                stacktrace = getattr(exc, \"stacktrace\", None)\n            time.sleep(self._poll)\n            if time.monotonic() > end_time:\n                break\n>       raise TimeoutException(message, screen, stacktrace)\nE       selenium.common.exceptions.TimeoutException: Message: \nE       Stacktrace:\nE       #0 0x55db15a56783 <unknown>\nE       #1 0x55db15782917 <unknown>\nE       #2 0x55db157c131b <unknown>\nE       #3 0x55db157c1411 <unknown>\nE       #4 0x55db157fc674 <unknown>\nE       #5 0x55db157e1e2d <unknown>\nE       #6 0x55db157fa0d9 <unknown>\nE       #7 0x55db157e1bd3 <unknown>\nE       #8 0x55db157b5a7b <unknown>\nE       #9 0x55db157b681e <unknown>\nE       #10 0x55db15a17e98 <unknown>\nE       #11 0x55db15a1bd67 <unknown>\nE       #12 0x55db15a2632c <unknown>\nE       #13 0x55db15a1c993 <unknown>\nE       #14 0x55db159eb827 <unknown>\nE       #15 0x55db15a408a8 <unknown>\nE       #16 0x55db15a40a36 <unknown>\nE       #17 0x55db15a4f5f3 <unknown>\nE       #18 0x7f2720a2fb43 <unknown>\n\n/opt/hostedtoolcache/Python/3.11.4/x64/lib/python3.11/site-packages/selenium/webdriver/support/wait.py:95: TimeoutException",
  "flaky" : false,
  "newFailed" : false,
  "beforeStages" : [ {
    "name" : "clear_allure_result_folder",
    "time" : {
      "start" : 1691282438568,
      "stop" : 1691282438568,
      "duration" : 0
    },
    "status" : "passed",
    "steps" : [ ],
    "attachments" : [ ],
    "parameters" : [ ],
    "stepsCount" : 0,
    "attachmentsCount" : 0,
    "shouldDisplayMessage" : false,
    "hasContent" : false
  }, {
    "name" : "_session_faker",
    "time" : {
      "start" : 1691282438456,
      "stop" : 1691282438568,
      "duration" : 112
    },
    "status" : "passed",
    "steps" : [ ],
    "attachments" : [ ],
    "parameters" : [ ],
    "stepsCount" : 0,
    "attachmentsCount" : 0,
    "shouldDisplayMessage" : false,
    "hasContent" : false
  }, {
    "name" : "driver",
    "time" : {
      "start" : 1691282892879,
      "stop" : 1691282893954,
      "duration" : 1075
    },
    "status" : "passed",
    "steps" : [ ],
    "attachments" : [ ],
    "parameters" : [ ],
    "stepsCount" : 0,
    "attachmentsCount" : 0,
    "shouldDisplayMessage" : false,
    "hasContent" : false
  }, {
    "name" : "forgot_psw_page",
    "time" : {
      "start" : 1691282893954,
      "stop" : 1691282895311,
      "duration" : 1357
    },
    "status" : "passed",
    "steps" : [ {
      "name" : "Open a browser",
      "time" : {
        "start" : 1691282893954,
        "stop" : 1691282895311,
        "duration" : 1357
      },
      "status" : "passed",
      "steps" : [ ],
      "attachments" : [ ],
      "parameters" : [ ],
      "stepsCount" : 0,
      "attachmentsCount" : 0,
      "shouldDisplayMessage" : false,
      "hasContent" : false
    } ],
    "attachments" : [ ],
    "parameters" : [ ],
    "stepsCount" : 1,
    "attachmentsCount" : 0,
    "shouldDisplayMessage" : false,
    "hasContent" : true
  } ],
  "testStage" : {
    "description" : "Check error message on attempt to reset password with invalid captcha",
    "status" : "broken",
    "statusMessage" : "selenium.common.exceptions.TimeoutException: Message: \nStacktrace:\n#0 0x55db15a56783 <unknown>\n#1 0x55db15782917 <unknown>\n#2 0x55db157c131b <unknown>\n#3 0x55db157c1411 <unknown>\n#4 0x55db157fc674 <unknown>\n#5 0x55db157e1e2d <unknown>\n#6 0x55db157fa0d9 <unknown>\n#7 0x55db157e1bd3 <unknown>\n#8 0x55db157b5a7b <unknown>\n#9 0x55db157b681e <unknown>\n#10 0x55db15a17e98 <unknown>\n#11 0x55db15a1bd67 <unknown>\n#12 0x55db15a2632c <unknown>\n#13 0x55db15a1c993 <unknown>\n#14 0x55db159eb827 <unknown>\n#15 0x55db15a408a8 <unknown>\n#16 0x55db15a40a36 <unknown>\n#17 0x55db15a4f5f3 <unknown>\n#18 0x7f2720a2fb43 <unknown>",
    "statusTrace" : "self = <test_forgot_your_password.TestForgotYourPasswordFunctionality object at 0x7f08b8592d90>\ndriver = <selenium.webdriver.chrome.webdriver.WebDriver (session=\"41aee76d82dd9ad7c2653bf1551f2728\")>\nforgot_psw_page = <pages.forgot_your_password_page.ForgotYourPasswordPage object at 0x7f08b9150cd0>\n\n    @allure.title('TC 17.01.24 Verify Error on resetting My Password with invalid captcha')\n    def test_17_01_24_error_if_reset_my_password_with_invalid_captcha(self, driver, forgot_psw_page):\n        \"\"\"Check error message on attempt to reset password with invalid captcha\"\"\"\n        forgot_psw_page.fill_in_email_field(credentials['valid_email'])\n>       forgot_psw_page.fill_in_forgot_psw_captcha_field(captcha)\n\ntests/test_forgot_your_password.py:187: \n_ _ _ _ _ _ _ _ _ _ _ _ _ _ _ _ _ _ _ _ _ _ _ _ _ _ _ _ _ _ _ _ _ _ _ _ _ _ _ _ \npages/forgot_your_password_page.py:84: in fill_in_forgot_psw_captcha_field\n    return self.fill_in_field(self.check_forgot_psw_captcha_field_is_clickable(), text)\npages/forgot_your_password_page.py:59: in check_forgot_psw_captcha_field_is_clickable\n    return self.element_is_clickable(self.locators.FORGOT_YOUR_PASSWORD_CAPTCHA)\npages/base_page.py:80: in element_is_clickable\n    return wait(self.driver, timeout).until(EC.element_to_be_clickable(locator))\n_ _ _ _ _ _ _ _ _ _ _ _ _ _ _ _ _ _ _ _ _ _ _ _ _ _ _ _ _ _ _ _ _ _ _ _ _ _ _ _ \n\nself = <selenium.webdriver.support.wait.WebDriverWait (session=\"41aee76d82dd9ad7c2653bf1551f2728\")>\nmethod = <function element_to_be_clickable.<locals>._predicate at 0x7f08b71f7740>\nmessage = ''\n\n    def until(self, method, message: str = \"\"):\n        \"\"\"Calls the method provided with the driver as an argument until the \\\n        return value does not evaluate to ``False``.\n    \n        :param method: callable(WebDriver)\n        :param message: optional message for :exc:`TimeoutException`\n        :returns: the result of the last call to `method`\n        :raises: :exc:`selenium.common.exceptions.TimeoutException` if timeout occurs\n        \"\"\"\n        screen = None\n        stacktrace = None\n    \n        end_time = time.monotonic() + self._timeout\n        while True:\n            try:\n                value = method(self._driver)\n                if value:\n                    return value\n            except self._ignored_exceptions as exc:\n                screen = getattr(exc, \"screen\", None)\n                stacktrace = getattr(exc, \"stacktrace\", None)\n            time.sleep(self._poll)\n            if time.monotonic() > end_time:\n                break\n>       raise TimeoutException(message, screen, stacktrace)\nE       selenium.common.exceptions.TimeoutException: Message: \nE       Stacktrace:\nE       #0 0x55db15a56783 <unknown>\nE       #1 0x55db15782917 <unknown>\nE       #2 0x55db157c131b <unknown>\nE       #3 0x55db157c1411 <unknown>\nE       #4 0x55db157fc674 <unknown>\nE       #5 0x55db157e1e2d <unknown>\nE       #6 0x55db157fa0d9 <unknown>\nE       #7 0x55db157e1bd3 <unknown>\nE       #8 0x55db157b5a7b <unknown>\nE       #9 0x55db157b681e <unknown>\nE       #10 0x55db15a17e98 <unknown>\nE       #11 0x55db15a1bd67 <unknown>\nE       #12 0x55db15a2632c <unknown>\nE       #13 0x55db15a1c993 <unknown>\nE       #14 0x55db159eb827 <unknown>\nE       #15 0x55db15a408a8 <unknown>\nE       #16 0x55db15a40a36 <unknown>\nE       #17 0x55db15a4f5f3 <unknown>\nE       #18 0x7f2720a2fb43 <unknown>\n\n/opt/hostedtoolcache/Python/3.11.4/x64/lib/python3.11/site-packages/selenium/webdriver/support/wait.py:95: TimeoutException",
    "steps" : [ {
      "name" : "Fill in Email field",
      "time" : {
        "start" : 1691282895312,
        "stop" : 1691282895610,
        "duration" : 298
      },
      "status" : "passed",
      "steps" : [ {
        "name" : "Check FYP Email field is clickable",
        "time" : {
          "start" : 1691282895312,
          "stop" : 1691282895370,
          "duration" : 58
        },
        "status" : "passed",
        "steps" : [ {
          "name" : "Find clickable elements",
          "time" : {
            "start" : 1691282895312,
            "stop" : 1691282895370,
            "duration" : 58
          },
          "status" : "passed",
          "steps" : [ ],
          "attachments" : [ ],
          "parameters" : [ {
            "name" : "locator",
            "value" : "('css selector', '#email_address')"
          }, {
            "name" : "timeout",
            "value" : "5"
          } ],
          "stepsCount" : 0,
          "attachmentsCount" : 0,
          "shouldDisplayMessage" : false,
          "hasContent" : true
        } ],
        "attachments" : [ ],
        "parameters" : [ ],
        "stepsCount" : 1,
        "attachmentsCount" : 0,
        "shouldDisplayMessage" : false,
        "hasContent" : true
      }, {
        "name" : "Fill in a field",
        "time" : {
          "start" : 1691282895371,
          "stop" : 1691282895610,
          "duration" : 239
        },
        "status" : "passed",
        "steps" : [ {
          "name" : "Find clickable elements",
          "time" : {
            "start" : 1691282895371,
            "stop" : 1691282895391,
            "duration" : 20
          },
          "status" : "passed",
          "steps" : [ ],
          "attachments" : [ ],
          "parameters" : [ {
            "name" : "locator",
            "value" : "<selenium.webdriver.remote.webelement.WebElement (session=\"41aee76d82dd9ad7c2653bf1551f2728\", element=\"8CF9E34081EFA2CAC5B4657A909D58F4_element_30\")>"
          }, {
            "name" : "timeout",
            "value" : "5"
          } ],
          "stepsCount" : 0,
          "attachmentsCount" : 0,
          "shouldDisplayMessage" : false,
          "hasContent" : true
        } ],
        "attachments" : [ ],
        "parameters" : [ {
          "name" : "locator",
          "value" : "<selenium.webdriver.remote.webelement.WebElement (session=\"41aee76d82dd9ad7c2653bf1551f2728\", element=\"8CF9E34081EFA2CAC5B4657A909D58F4_element_30\")>"
        }, {
          "name" : "value",
          "value" : "'test130@mailinator.com'"
        } ],
        "stepsCount" : 1,
        "attachmentsCount" : 0,
        "shouldDisplayMessage" : false,
        "hasContent" : true
      } ],
      "attachments" : [ ],
      "parameters" : [ {
        "name" : "email",
        "value" : "'test130@mailinator.com'"
      } ],
      "stepsCount" : 4,
      "attachmentsCount" : 0,
      "shouldDisplayMessage" : false,
      "hasContent" : true
    }, {
      "name" : "Fill in FYP Email field",
      "time" : {
        "start" : 1691282895610,
        "stop" : 1691282900755,
        "duration" : 5145
      },
      "status" : "broken",
      "statusMessage" : "selenium.common.exceptions.TimeoutException: Message: \nStacktrace:\n#0 0x55db15a56783 <unknown>\n#1 0x55db15782917 <unknown>\n#2 0x55db157c131b <unknown>\n#3 0x55db157c1411 <unknown>\n#4 0x55db157fc674 <unknown>\n#5 0x55db157e1e2d <unknown>\n#6 0x55db157fa0d9 <unknown>\n#7 0x55db157e1bd3 <unknown>\n#8 0x55db157b5a7b <unknown>\n#9 0x55db157b681e <unknown>\n#10 0x55db15a17e98 <unknown>\n#11 0x55db15a1bd67 <unknown>\n#12 0x55db15a2632c <unknown>\n#13 0x55db15a1c993 <unknown>\n#14 0x55db159eb827 <unknown>\n#15 0x55db15a408a8 <unknown>\n#16 0x55db15a40a36 <unknown>\n#17 0x55db15a4f5f3 <unknown>\n#18 0x7f2720a2fb43 <unknown>\n\n",
      "statusTrace" : "  File \"/opt/hostedtoolcache/Python/3.11.4/x64/lib/python3.11/site-packages/allure_commons/_allure.py\", line 192, in impl\n    return func(*a, **kw)\n           ^^^^^^^^^^^^^^\n  File \"/home/runner/work/luma_project/luma_project/pages/forgot_your_password_page.py\", line 84, in fill_in_forgot_psw_captcha_field\n    return self.fill_in_field(self.check_forgot_psw_captcha_field_is_clickable(), text)\n                              ^^^^^^^^^^^^^^^^^^^^^^^^^^^^^^^^^^^^^^^^^^^^^^^^^^\n  File \"/opt/hostedtoolcache/Python/3.11.4/x64/lib/python3.11/site-packages/allure_commons/_allure.py\", line 192, in impl\n    return func(*a, **kw)\n           ^^^^^^^^^^^^^^\n  File \"/home/runner/work/luma_project/luma_project/pages/forgot_your_password_page.py\", line 59, in check_forgot_psw_captcha_field_is_clickable\n    return self.element_is_clickable(self.locators.FORGOT_YOUR_PASSWORD_CAPTCHA)\n           ^^^^^^^^^^^^^^^^^^^^^^^^^^^^^^^^^^^^^^^^^^^^^^^^^^^^^^^^^^^^^^^^^^^^^\n  File \"/opt/hostedtoolcache/Python/3.11.4/x64/lib/python3.11/site-packages/allure_commons/_allure.py\", line 192, in impl\n    return func(*a, **kw)\n           ^^^^^^^^^^^^^^\n  File \"/home/runner/work/luma_project/luma_project/pages/base_page.py\", line 80, in element_is_clickable\n    return wait(self.driver, timeout).until(EC.element_to_be_clickable(locator))\n           ^^^^^^^^^^^^^^^^^^^^^^^^^^^^^^^^^^^^^^^^^^^^^^^^^^^^^^^^^^^^^^^^^^^^^\n  File \"/opt/hostedtoolcache/Python/3.11.4/x64/lib/python3.11/site-packages/selenium/webdriver/support/wait.py\", line 95, in until\n    raise TimeoutException(message, screen, stacktrace)\n",
      "steps" : [ {
        "name" : "Check FYP captcha input field is clickable",
        "time" : {
          "start" : 1691282895610,
          "stop" : 1691282900755,
          "duration" : 5145
        },
        "status" : "broken",
        "statusMessage" : "selenium.common.exceptions.TimeoutException: Message: \nStacktrace:\n#0 0x55db15a56783 <unknown>\n#1 0x55db15782917 <unknown>\n#2 0x55db157c131b <unknown>\n#3 0x55db157c1411 <unknown>\n#4 0x55db157fc674 <unknown>\n#5 0x55db157e1e2d <unknown>\n#6 0x55db157fa0d9 <unknown>\n#7 0x55db157e1bd3 <unknown>\n#8 0x55db157b5a7b <unknown>\n#9 0x55db157b681e <unknown>\n#10 0x55db15a17e98 <unknown>\n#11 0x55db15a1bd67 <unknown>\n#12 0x55db15a2632c <unknown>\n#13 0x55db15a1c993 <unknown>\n#14 0x55db159eb827 <unknown>\n#15 0x55db15a408a8 <unknown>\n#16 0x55db15a40a36 <unknown>\n#17 0x55db15a4f5f3 <unknown>\n#18 0x7f2720a2fb43 <unknown>\n\n",
        "statusTrace" : "  File \"/opt/hostedtoolcache/Python/3.11.4/x64/lib/python3.11/site-packages/allure_commons/_allure.py\", line 192, in impl\n    return func(*a, **kw)\n           ^^^^^^^^^^^^^^\n  File \"/home/runner/work/luma_project/luma_project/pages/forgot_your_password_page.py\", line 59, in check_forgot_psw_captcha_field_is_clickable\n    return self.element_is_clickable(self.locators.FORGOT_YOUR_PASSWORD_CAPTCHA)\n           ^^^^^^^^^^^^^^^^^^^^^^^^^^^^^^^^^^^^^^^^^^^^^^^^^^^^^^^^^^^^^^^^^^^^^\n  File \"/opt/hostedtoolcache/Python/3.11.4/x64/lib/python3.11/site-packages/allure_commons/_allure.py\", line 192, in impl\n    return func(*a, **kw)\n           ^^^^^^^^^^^^^^\n  File \"/home/runner/work/luma_project/luma_project/pages/base_page.py\", line 80, in element_is_clickable\n    return wait(self.driver, timeout).until(EC.element_to_be_clickable(locator))\n           ^^^^^^^^^^^^^^^^^^^^^^^^^^^^^^^^^^^^^^^^^^^^^^^^^^^^^^^^^^^^^^^^^^^^^\n  File \"/opt/hostedtoolcache/Python/3.11.4/x64/lib/python3.11/site-packages/selenium/webdriver/support/wait.py\", line 95, in until\n    raise TimeoutException(message, screen, stacktrace)\n",
        "steps" : [ {
          "name" : "Find clickable elements",
          "time" : {
            "start" : 1691282895611,
            "stop" : 1691282900754,
            "duration" : 5143
          },
          "status" : "broken",
          "statusMessage" : "selenium.common.exceptions.TimeoutException: Message: \nStacktrace:\n#0 0x55db15a56783 <unknown>\n#1 0x55db15782917 <unknown>\n#2 0x55db157c131b <unknown>\n#3 0x55db157c1411 <unknown>\n#4 0x55db157fc674 <unknown>\n#5 0x55db157e1e2d <unknown>\n#6 0x55db157fa0d9 <unknown>\n#7 0x55db157e1bd3 <unknown>\n#8 0x55db157b5a7b <unknown>\n#9 0x55db157b681e <unknown>\n#10 0x55db15a17e98 <unknown>\n#11 0x55db15a1bd67 <unknown>\n#12 0x55db15a2632c <unknown>\n#13 0x55db15a1c993 <unknown>\n#14 0x55db159eb827 <unknown>\n#15 0x55db15a408a8 <unknown>\n#16 0x55db15a40a36 <unknown>\n#17 0x55db15a4f5f3 <unknown>\n#18 0x7f2720a2fb43 <unknown>\n\n",
          "statusTrace" : "  File \"/opt/hostedtoolcache/Python/3.11.4/x64/lib/python3.11/site-packages/allure_commons/_allure.py\", line 192, in impl\n    return func(*a, **kw)\n           ^^^^^^^^^^^^^^\n  File \"/home/runner/work/luma_project/luma_project/pages/base_page.py\", line 80, in element_is_clickable\n    return wait(self.driver, timeout).until(EC.element_to_be_clickable(locator))\n           ^^^^^^^^^^^^^^^^^^^^^^^^^^^^^^^^^^^^^^^^^^^^^^^^^^^^^^^^^^^^^^^^^^^^^\n  File \"/opt/hostedtoolcache/Python/3.11.4/x64/lib/python3.11/site-packages/selenium/webdriver/support/wait.py\", line 95, in until\n    raise TimeoutException(message, screen, stacktrace)\n",
          "steps" : [ ],
          "attachments" : [ ],
          "parameters" : [ {
            "name" : "locator",
            "value" : "('css selector', '#captcha_user_forgotpassword')"
          }, {
            "name" : "timeout",
            "value" : "5"
          } ],
          "stepsCount" : 0,
          "attachmentsCount" : 0,
          "shouldDisplayMessage" : true,
          "hasContent" : true
        } ],
        "attachments" : [ ],
        "parameters" : [ ],
        "stepsCount" : 1,
        "attachmentsCount" : 0,
        "shouldDisplayMessage" : false,
        "hasContent" : true
      } ],
      "attachments" : [ ],
      "parameters" : [ {
        "name" : "text",
        "value" : "'74irCo'"
      } ],
      "stepsCount" : 2,
      "attachmentsCount" : 0,
      "shouldDisplayMessage" : false,
      "hasContent" : true
    } ],
    "attachments" : [ {
      "uid" : "fe777343cd7204dc",
      "name" : "Screenshot",
      "source" : "fe777343cd7204dc.png",
      "type" : "image/png",
      "size" : 71930
    }, {
      "uid" : "1bf301a3bc69e10c",
      "name" : "HTML source",
      "source" : "1bf301a3bc69e10c.html",
      "type" : "text/html",
      "size" : 77783
    } ],
    "parameters" : [ ],
    "stepsCount" : 8,
    "attachmentsCount" : 2,
    "shouldDisplayMessage" : true,
    "hasContent" : true
  },
  "afterStages" : [ {
    "name" : "clear_allure_result_folder::0",
    "time" : {
      "start" : 1691284012998,
      "stop" : 1691284012998,
      "duration" : 0
    },
    "status" : "passed",
    "steps" : [ ],
    "attachments" : [ ],
    "parameters" : [ ],
    "stepsCount" : 0,
    "attachmentsCount" : 0,
    "shouldDisplayMessage" : false,
    "hasContent" : false
  }, {
    "name" : "driver::0",
    "time" : {
      "start" : 1691282900963,
      "stop" : 1691282901030,
      "duration" : 67
    },
    "status" : "passed",
    "steps" : [ ],
    "attachments" : [ ],
    "parameters" : [ ],
    "stepsCount" : 0,
    "attachmentsCount" : 0,
    "shouldDisplayMessage" : false,
    "hasContent" : false
  } ],
  "labels" : [ {
    "name" : "epic",
    "value" : "Forgot Your Password Functionality"
  }, {
    "name" : "parentSuite",
    "value" : "tests"
  }, {
    "name" : "suite",
    "value" : "test_forgot_your_password"
  }, {
    "name" : "subSuite",
    "value" : "TestForgotYourPasswordFunctionality"
  }, {
    "name" : "host",
    "value" : "fv-az883-512"
  }, {
    "name" : "thread",
    "value" : "3280-MainThread"
  }, {
    "name" : "framework",
    "value" : "pytest"
  }, {
    "name" : "language",
    "value" : "cpython3"
  }, {
    "name" : "package",
    "value" : "tests.test_forgot_your_password"
  }, {
    "name" : "resultFormat",
    "value" : "allure2"
  } ],
  "parameters" : [ ],
  "links" : [ ],
  "hidden" : false,
  "retry" : false,
  "extra" : {
    "severity" : "normal",
    "retries" : [ ],
    "categories" : [ {
      "name" : "Test defects",
      "matchedStatuses" : [ ],
      "flaky" : false
    } ],
    "tags" : [ ]
  },
  "source" : "458e6f7c93352f18.json",
  "parameterValues" : [ ]
}