{
  "uid" : "4afef01e6cb56130",
  "name" : "TC 17.01.18 Verify captcha image has alternative text",
  "fullName" : "tests.test_forgot_your_password.TestForgotYourPassword#test_17_01_18_captcha_image_is_displayed",
  "historyId" : "3d930bde53b0fbd9c03738b6c2986dfb",
  "time" : {
    "start" : 1693701934877,
    "stop" : 1693701940019,
    "duration" : 5142
  },
  "description" : "Check that the captcha image is present by default",
  "descriptionHtml" : "<p>Check that the captcha image is present by default</p>\n",
  "status" : "broken",
  "statusMessage" : "selenium.common.exceptions.TimeoutException: Message: \nStacktrace:\n#0 0x55c445c81e23 <unknown>\n#1 0x55c4459aa7a7 <unknown>\n#2 0x55c4459e91d3 <unknown>\n#3 0x55c4459e92c1 <unknown>\n#4 0x55c445a24a04 <unknown>\n#5 0x55c445a0a03d <unknown>\n#6 0x55c445a22369 <unknown>\n#7 0x55c445a09de3 <unknown>\n#8 0x55c4459dda7b <unknown>\n#9 0x55c4459de81e <unknown>\n#10 0x55c445c43638 <unknown>\n#11 0x55c445c47507 <unknown>\n#12 0x55c445c51c4c <unknown>\n#13 0x55c445c48136 <unknown>\n#14 0x55c445c169cf <unknown>\n#15 0x55c445c6bb98 <unknown>\n#16 0x55c445c6bd68 <unknown>\n#17 0x55c445c7acb3 <unknown>\n#18 0x7fea53f3eb43 <unknown>",
  "statusTrace" : "self = <test_forgot_your_password.TestForgotYourPassword object at 0x7fb61fda4750>\ndriver = <selenium.webdriver.chrome.webdriver.WebDriver (session=\"c71f79a904716192d71cb53152f92c2e\")>\nforgot_psw_page = <pages.forgot_your_password_page.ForgotYourPasswordPage object at 0x7fb620b667d0>\n\n    @allure.title('TC 17.01.18 Verify captcha image has alternative text')\n    def test_17_01_18_captcha_image_is_displayed(self, driver, forgot_psw_page):\n        \"\"\"Check that the captcha image is present by default\"\"\"\n>       captcha_image = forgot_psw_page.check_captcha_image_is_visible()\n\ntests/test_forgot_your_password.py:161: \n_ _ _ _ _ _ _ _ _ _ _ _ _ _ _ _ _ _ _ _ _ _ _ _ _ _ _ _ _ _ _ _ _ _ _ _ _ _ _ _ \npages/forgot_your_password_page.py:109: in check_captcha_image_is_visible\n    return self.element_is_visible(self.locators.RELOAD_CAPTCHA_IMAGE)\npages/base_page.py:29: in element_is_visible\n    self.go_to_element(self.element_is_present(locator))\npages/base_page.py:50: in element_is_present\n    return wait(self.driver, timeout).until(EC.presence_of_element_located(locator))\n_ _ _ _ _ _ _ _ _ _ _ _ _ _ _ _ _ _ _ _ _ _ _ _ _ _ _ _ _ _ _ _ _ _ _ _ _ _ _ _ \n\nself = <selenium.webdriver.support.wait.WebDriverWait (session=\"c71f79a904716192d71cb53152f92c2e\")>\nmethod = <function presence_of_element_located.<locals>._predicate at 0x7fb6205af6a0>\nmessage = ''\n\n    def until(self, method, message: str = \"\"):\n        \"\"\"Calls the method provided with the driver as an argument until the \\\n        return value does not evaluate to ``False``.\n    \n        :param method: callable(WebDriver)\n        :param message: optional message for :exc:`TimeoutException`\n        :returns: the result of the last call to `method`\n        :raises: :exc:`selenium.common.exceptions.TimeoutException` if timeout occurs\n        \"\"\"\n        screen = None\n        stacktrace = None\n    \n        end_time = time.monotonic() + self._timeout\n        while True:\n            try:\n                value = method(self._driver)\n                if value:\n                    return value\n            except self._ignored_exceptions as exc:\n                screen = getattr(exc, \"screen\", None)\n                stacktrace = getattr(exc, \"stacktrace\", None)\n            time.sleep(self._poll)\n            if time.monotonic() > end_time:\n                break\n>       raise TimeoutException(message, screen, stacktrace)\nE       selenium.common.exceptions.TimeoutException: Message: \nE       Stacktrace:\nE       #0 0x55c445c81e23 <unknown>\nE       #1 0x55c4459aa7a7 <unknown>\nE       #2 0x55c4459e91d3 <unknown>\nE       #3 0x55c4459e92c1 <unknown>\nE       #4 0x55c445a24a04 <unknown>\nE       #5 0x55c445a0a03d <unknown>\nE       #6 0x55c445a22369 <unknown>\nE       #7 0x55c445a09de3 <unknown>\nE       #8 0x55c4459dda7b <unknown>\nE       #9 0x55c4459de81e <unknown>\nE       #10 0x55c445c43638 <unknown>\nE       #11 0x55c445c47507 <unknown>\nE       #12 0x55c445c51c4c <unknown>\nE       #13 0x55c445c48136 <unknown>\nE       #14 0x55c445c169cf <unknown>\nE       #15 0x55c445c6bb98 <unknown>\nE       #16 0x55c445c6bd68 <unknown>\nE       #17 0x55c445c7acb3 <unknown>\nE       #18 0x7fea53f3eb43 <unknown>\n\n/opt/hostedtoolcache/Python/3.11.4/x64/lib/python3.11/site-packages/selenium/webdriver/support/wait.py:95: TimeoutException",
  "flaky" : false,
  "newFailed" : false,
  "beforeStages" : [ {
    "name" : "_session_faker",
    "time" : {
      "start" : 1693701529698,
      "stop" : 1693701529791,
      "duration" : 93
    },
    "status" : "passed",
    "steps" : [ ],
    "attachments" : [ ],
    "parameters" : [ ],
    "stepsCount" : 0,
    "attachmentsCount" : 0,
    "shouldDisplayMessage" : false,
    "hasContent" : false
  }, {
    "name" : "clear_allure_result_folder",
    "time" : {
      "start" : 1693701529791,
      "stop" : 1693701529792,
      "duration" : 1
    },
    "status" : "passed",
    "steps" : [ ],
    "attachments" : [ ],
    "parameters" : [ ],
    "stepsCount" : 0,
    "attachmentsCount" : 0,
    "shouldDisplayMessage" : false,
    "hasContent" : false
  }, {
    "name" : "driver",
    "time" : {
      "start" : 1693701932640,
      "stop" : 1693701933750,
      "duration" : 1110
    },
    "status" : "passed",
    "steps" : [ ],
    "attachments" : [ ],
    "parameters" : [ ],
    "stepsCount" : 0,
    "attachmentsCount" : 0,
    "shouldDisplayMessage" : false,
    "hasContent" : false
  }, {
    "name" : "forgot_psw_page",
    "time" : {
      "start" : 1693701933750,
      "stop" : 1693701934877,
      "duration" : 1127
    },
    "status" : "passed",
    "steps" : [ {
      "name" : "Open a browser",
      "time" : {
        "start" : 1693701933750,
        "stop" : 1693701934877,
        "duration" : 1127
      },
      "status" : "passed",
      "steps" : [ ],
      "attachments" : [ ],
      "parameters" : [ ],
      "stepsCount" : 0,
      "attachmentsCount" : 0,
      "shouldDisplayMessage" : false,
      "hasContent" : false
    } ],
    "attachments" : [ ],
    "parameters" : [ ],
    "stepsCount" : 1,
    "attachmentsCount" : 0,
    "shouldDisplayMessage" : false,
    "hasContent" : true
  } ],
  "testStage" : {
    "description" : "Check that the captcha image is present by default",
    "status" : "broken",
    "statusMessage" : "selenium.common.exceptions.TimeoutException: Message: \nStacktrace:\n#0 0x55c445c81e23 <unknown>\n#1 0x55c4459aa7a7 <unknown>\n#2 0x55c4459e91d3 <unknown>\n#3 0x55c4459e92c1 <unknown>\n#4 0x55c445a24a04 <unknown>\n#5 0x55c445a0a03d <unknown>\n#6 0x55c445a22369 <unknown>\n#7 0x55c445a09de3 <unknown>\n#8 0x55c4459dda7b <unknown>\n#9 0x55c4459de81e <unknown>\n#10 0x55c445c43638 <unknown>\n#11 0x55c445c47507 <unknown>\n#12 0x55c445c51c4c <unknown>\n#13 0x55c445c48136 <unknown>\n#14 0x55c445c169cf <unknown>\n#15 0x55c445c6bb98 <unknown>\n#16 0x55c445c6bd68 <unknown>\n#17 0x55c445c7acb3 <unknown>\n#18 0x7fea53f3eb43 <unknown>",
    "statusTrace" : "self = <test_forgot_your_password.TestForgotYourPassword object at 0x7fb61fda4750>\ndriver = <selenium.webdriver.chrome.webdriver.WebDriver (session=\"c71f79a904716192d71cb53152f92c2e\")>\nforgot_psw_page = <pages.forgot_your_password_page.ForgotYourPasswordPage object at 0x7fb620b667d0>\n\n    @allure.title('TC 17.01.18 Verify captcha image has alternative text')\n    def test_17_01_18_captcha_image_is_displayed(self, driver, forgot_psw_page):\n        \"\"\"Check that the captcha image is present by default\"\"\"\n>       captcha_image = forgot_psw_page.check_captcha_image_is_visible()\n\ntests/test_forgot_your_password.py:161: \n_ _ _ _ _ _ _ _ _ _ _ _ _ _ _ _ _ _ _ _ _ _ _ _ _ _ _ _ _ _ _ _ _ _ _ _ _ _ _ _ \npages/forgot_your_password_page.py:109: in check_captcha_image_is_visible\n    return self.element_is_visible(self.locators.RELOAD_CAPTCHA_IMAGE)\npages/base_page.py:29: in element_is_visible\n    self.go_to_element(self.element_is_present(locator))\npages/base_page.py:50: in element_is_present\n    return wait(self.driver, timeout).until(EC.presence_of_element_located(locator))\n_ _ _ _ _ _ _ _ _ _ _ _ _ _ _ _ _ _ _ _ _ _ _ _ _ _ _ _ _ _ _ _ _ _ _ _ _ _ _ _ \n\nself = <selenium.webdriver.support.wait.WebDriverWait (session=\"c71f79a904716192d71cb53152f92c2e\")>\nmethod = <function presence_of_element_located.<locals>._predicate at 0x7fb6205af6a0>\nmessage = ''\n\n    def until(self, method, message: str = \"\"):\n        \"\"\"Calls the method provided with the driver as an argument until the \\\n        return value does not evaluate to ``False``.\n    \n        :param method: callable(WebDriver)\n        :param message: optional message for :exc:`TimeoutException`\n        :returns: the result of the last call to `method`\n        :raises: :exc:`selenium.common.exceptions.TimeoutException` if timeout occurs\n        \"\"\"\n        screen = None\n        stacktrace = None\n    \n        end_time = time.monotonic() + self._timeout\n        while True:\n            try:\n                value = method(self._driver)\n                if value:\n                    return value\n            except self._ignored_exceptions as exc:\n                screen = getattr(exc, \"screen\", None)\n                stacktrace = getattr(exc, \"stacktrace\", None)\n            time.sleep(self._poll)\n            if time.monotonic() > end_time:\n                break\n>       raise TimeoutException(message, screen, stacktrace)\nE       selenium.common.exceptions.TimeoutException: Message: \nE       Stacktrace:\nE       #0 0x55c445c81e23 <unknown>\nE       #1 0x55c4459aa7a7 <unknown>\nE       #2 0x55c4459e91d3 <unknown>\nE       #3 0x55c4459e92c1 <unknown>\nE       #4 0x55c445a24a04 <unknown>\nE       #5 0x55c445a0a03d <unknown>\nE       #6 0x55c445a22369 <unknown>\nE       #7 0x55c445a09de3 <unknown>\nE       #8 0x55c4459dda7b <unknown>\nE       #9 0x55c4459de81e <unknown>\nE       #10 0x55c445c43638 <unknown>\nE       #11 0x55c445c47507 <unknown>\nE       #12 0x55c445c51c4c <unknown>\nE       #13 0x55c445c48136 <unknown>\nE       #14 0x55c445c169cf <unknown>\nE       #15 0x55c445c6bb98 <unknown>\nE       #16 0x55c445c6bd68 <unknown>\nE       #17 0x55c445c7acb3 <unknown>\nE       #18 0x7fea53f3eb43 <unknown>\n\n/opt/hostedtoolcache/Python/3.11.4/x64/lib/python3.11/site-packages/selenium/webdriver/support/wait.py:95: TimeoutException",
    "steps" : [ {
      "name" : "Check Captcha image is visible",
      "time" : {
        "start" : 1693701934877,
        "stop" : 1693701940019,
        "duration" : 5142
      },
      "status" : "broken",
      "statusMessage" : "selenium.common.exceptions.TimeoutException: Message: \nStacktrace:\n#0 0x55c445c81e23 <unknown>\n#1 0x55c4459aa7a7 <unknown>\n#2 0x55c4459e91d3 <unknown>\n#3 0x55c4459e92c1 <unknown>\n#4 0x55c445a24a04 <unknown>\n#5 0x55c445a0a03d <unknown>\n#6 0x55c445a22369 <unknown>\n#7 0x55c445a09de3 <unknown>\n#8 0x55c4459dda7b <unknown>\n#9 0x55c4459de81e <unknown>\n#10 0x55c445c43638 <unknown>\n#11 0x55c445c47507 <unknown>\n#12 0x55c445c51c4c <unknown>\n#13 0x55c445c48136 <unknown>\n#14 0x55c445c169cf <unknown>\n#15 0x55c445c6bb98 <unknown>\n#16 0x55c445c6bd68 <unknown>\n#17 0x55c445c7acb3 <unknown>\n#18 0x7fea53f3eb43 <unknown>\n\n",
      "statusTrace" : "  File \"/opt/hostedtoolcache/Python/3.11.4/x64/lib/python3.11/site-packages/allure_commons/_allure.py\", line 192, in impl\n    return func(*a, **kw)\n           ^^^^^^^^^^^^^^\n  File \"/home/runner/work/luma_project/luma_project/pages/forgot_your_password_page.py\", line 109, in check_captcha_image_is_visible\n    return self.element_is_visible(self.locators.RELOAD_CAPTCHA_IMAGE)\n           ^^^^^^^^^^^^^^^^^^^^^^^^^^^^^^^^^^^^^^^^^^^^^^^^^^^^^^^^^^^\n  File \"/opt/hostedtoolcache/Python/3.11.4/x64/lib/python3.11/site-packages/allure_commons/_allure.py\", line 192, in impl\n    return func(*a, **kw)\n           ^^^^^^^^^^^^^^\n  File \"/home/runner/work/luma_project/luma_project/pages/base_page.py\", line 29, in element_is_visible\n    self.go_to_element(self.element_is_present(locator))\n                       ^^^^^^^^^^^^^^^^^^^^^^^^^^^^^^^^\n  File \"/opt/hostedtoolcache/Python/3.11.4/x64/lib/python3.11/site-packages/allure_commons/_allure.py\", line 192, in impl\n    return func(*a, **kw)\n           ^^^^^^^^^^^^^^\n  File \"/home/runner/work/luma_project/luma_project/pages/base_page.py\", line 50, in element_is_present\n    return wait(self.driver, timeout).until(EC.presence_of_element_located(locator))\n           ^^^^^^^^^^^^^^^^^^^^^^^^^^^^^^^^^^^^^^^^^^^^^^^^^^^^^^^^^^^^^^^^^^^^^^^^^\n  File \"/opt/hostedtoolcache/Python/3.11.4/x64/lib/python3.11/site-packages/selenium/webdriver/support/wait.py\", line 95, in until\n    raise TimeoutException(message, screen, stacktrace)\n",
      "steps" : [ {
        "name" : "Find a visible element",
        "time" : {
          "start" : 1693701934877,
          "stop" : 1693701940018,
          "duration" : 5141
        },
        "status" : "broken",
        "statusMessage" : "selenium.common.exceptions.TimeoutException: Message: \nStacktrace:\n#0 0x55c445c81e23 <unknown>\n#1 0x55c4459aa7a7 <unknown>\n#2 0x55c4459e91d3 <unknown>\n#3 0x55c4459e92c1 <unknown>\n#4 0x55c445a24a04 <unknown>\n#5 0x55c445a0a03d <unknown>\n#6 0x55c445a22369 <unknown>\n#7 0x55c445a09de3 <unknown>\n#8 0x55c4459dda7b <unknown>\n#9 0x55c4459de81e <unknown>\n#10 0x55c445c43638 <unknown>\n#11 0x55c445c47507 <unknown>\n#12 0x55c445c51c4c <unknown>\n#13 0x55c445c48136 <unknown>\n#14 0x55c445c169cf <unknown>\n#15 0x55c445c6bb98 <unknown>\n#16 0x55c445c6bd68 <unknown>\n#17 0x55c445c7acb3 <unknown>\n#18 0x7fea53f3eb43 <unknown>\n\n",
        "statusTrace" : "  File \"/opt/hostedtoolcache/Python/3.11.4/x64/lib/python3.11/site-packages/allure_commons/_allure.py\", line 192, in impl\n    return func(*a, **kw)\n           ^^^^^^^^^^^^^^\n  File \"/home/runner/work/luma_project/luma_project/pages/base_page.py\", line 29, in element_is_visible\n    self.go_to_element(self.element_is_present(locator))\n                       ^^^^^^^^^^^^^^^^^^^^^^^^^^^^^^^^\n  File \"/opt/hostedtoolcache/Python/3.11.4/x64/lib/python3.11/site-packages/allure_commons/_allure.py\", line 192, in impl\n    return func(*a, **kw)\n           ^^^^^^^^^^^^^^\n  File \"/home/runner/work/luma_project/luma_project/pages/base_page.py\", line 50, in element_is_present\n    return wait(self.driver, timeout).until(EC.presence_of_element_located(locator))\n           ^^^^^^^^^^^^^^^^^^^^^^^^^^^^^^^^^^^^^^^^^^^^^^^^^^^^^^^^^^^^^^^^^^^^^^^^^\n  File \"/opt/hostedtoolcache/Python/3.11.4/x64/lib/python3.11/site-packages/selenium/webdriver/support/wait.py\", line 95, in until\n    raise TimeoutException(message, screen, stacktrace)\n",
        "steps" : [ {
          "name" : "Find a present element",
          "time" : {
            "start" : 1693701934878,
            "stop" : 1693701940018,
            "duration" : 5140
          },
          "status" : "broken",
          "statusMessage" : "selenium.common.exceptions.TimeoutException: Message: \nStacktrace:\n#0 0x55c445c81e23 <unknown>\n#1 0x55c4459aa7a7 <unknown>\n#2 0x55c4459e91d3 <unknown>\n#3 0x55c4459e92c1 <unknown>\n#4 0x55c445a24a04 <unknown>\n#5 0x55c445a0a03d <unknown>\n#6 0x55c445a22369 <unknown>\n#7 0x55c445a09de3 <unknown>\n#8 0x55c4459dda7b <unknown>\n#9 0x55c4459de81e <unknown>\n#10 0x55c445c43638 <unknown>\n#11 0x55c445c47507 <unknown>\n#12 0x55c445c51c4c <unknown>\n#13 0x55c445c48136 <unknown>\n#14 0x55c445c169cf <unknown>\n#15 0x55c445c6bb98 <unknown>\n#16 0x55c445c6bd68 <unknown>\n#17 0x55c445c7acb3 <unknown>\n#18 0x7fea53f3eb43 <unknown>\n\n",
          "statusTrace" : "  File \"/opt/hostedtoolcache/Python/3.11.4/x64/lib/python3.11/site-packages/allure_commons/_allure.py\", line 192, in impl\n    return func(*a, **kw)\n           ^^^^^^^^^^^^^^\n  File \"/home/runner/work/luma_project/luma_project/pages/base_page.py\", line 50, in element_is_present\n    return wait(self.driver, timeout).until(EC.presence_of_element_located(locator))\n           ^^^^^^^^^^^^^^^^^^^^^^^^^^^^^^^^^^^^^^^^^^^^^^^^^^^^^^^^^^^^^^^^^^^^^^^^^\n  File \"/opt/hostedtoolcache/Python/3.11.4/x64/lib/python3.11/site-packages/selenium/webdriver/support/wait.py\", line 95, in until\n    raise TimeoutException(message, screen, stacktrace)\n",
          "steps" : [ ],
          "attachments" : [ ],
          "parameters" : [ {
            "name" : "locator",
            "value" : "('xpath', '//img[@class=\"captcha-img\"]')"
          }, {
            "name" : "timeout",
            "value" : "5"
          } ],
          "stepsCount" : 0,
          "attachmentsCount" : 0,
          "shouldDisplayMessage" : true,
          "hasContent" : true
        } ],
        "attachments" : [ ],
        "parameters" : [ {
          "name" : "locator",
          "value" : "('xpath', '//img[@class=\"captcha-img\"]')"
        }, {
          "name" : "timeout",
          "value" : "10"
        } ],
        "stepsCount" : 1,
        "attachmentsCount" : 0,
        "shouldDisplayMessage" : false,
        "hasContent" : true
      } ],
      "attachments" : [ ],
      "parameters" : [ ],
      "stepsCount" : 2,
      "attachmentsCount" : 0,
      "shouldDisplayMessage" : false,
      "hasContent" : true
    } ],
    "attachments" : [ {
      "uid" : "50e3c6eb01329b91",
      "name" : "Screenshot",
      "source" : "50e3c6eb01329b91.png",
      "type" : "image/png",
      "size" : 65941
    }, {
      "uid" : "e4f4bcc49fe5c780",
      "name" : "HTML source",
      "source" : "e4f4bcc49fe5c780.html",
      "type" : "text/html",
      "size" : 77958
    } ],
    "parameters" : [ ],
    "stepsCount" : 3,
    "attachmentsCount" : 2,
    "shouldDisplayMessage" : true,
    "hasContent" : true
  },
  "afterStages" : [ {
    "name" : "clear_allure_result_folder::0",
    "time" : {
      "start" : 1693703036260,
      "stop" : 1693703036260,
      "duration" : 0
    },
    "status" : "passed",
    "steps" : [ ],
    "attachments" : [ ],
    "parameters" : [ ],
    "stepsCount" : 0,
    "attachmentsCount" : 0,
    "shouldDisplayMessage" : false,
    "hasContent" : false
  }, {
    "name" : "driver::0",
    "time" : {
      "start" : 1693701940191,
      "stop" : 1693701940256,
      "duration" : 65
    },
    "status" : "passed",
    "steps" : [ ],
    "attachments" : [ ],
    "parameters" : [ ],
    "stepsCount" : 0,
    "attachmentsCount" : 0,
    "shouldDisplayMessage" : false,
    "hasContent" : false
  } ],
  "labels" : [ {
    "name" : "epic",
    "value" : "Forgot Your Password Page"
  }, {
    "name" : "parentSuite",
    "value" : "tests"
  }, {
    "name" : "suite",
    "value" : "test_forgot_your_password"
  }, {
    "name" : "subSuite",
    "value" : "TestForgotYourPassword"
  }, {
    "name" : "host",
    "value" : "fv-az448-717"
  }, {
    "name" : "thread",
    "value" : "2920-MainThread"
  }, {
    "name" : "framework",
    "value" : "pytest"
  }, {
    "name" : "language",
    "value" : "cpython3"
  }, {
    "name" : "package",
    "value" : "tests.test_forgot_your_password"
  }, {
    "name" : "resultFormat",
    "value" : "allure2"
  } ],
  "parameters" : [ ],
  "links" : [ ],
  "hidden" : false,
  "retry" : false,
  "extra" : {
    "severity" : "normal",
    "retries" : [ ],
    "categories" : [ {
      "name" : "Test defects",
      "matchedStatuses" : [ ],
      "flaky" : false
    } ],
    "tags" : [ ]
  },
  "source" : "4afef01e6cb56130.json",
  "parameterValues" : [ ]
}