{
  "uid" : "50b16c5dccb4c135",
  "name" : "TC 17.01.09 Verify FYP captcha input field is present",
  "fullName" : "tests.test_forgot_your_password.TestForgotYourPassword#test_17_01_09_email_field_is_present",
  "historyId" : "cd76134b1f5e36a57a9e536da7128211",
  "time" : {
    "start" : 1695516320993,
    "stop" : 1695516326120,
    "duration" : 5127
  },
  "description" : "Check if the captcha input field is present",
  "descriptionHtml" : "<p>Check if the captcha input field is present</p>\n",
  "status" : "broken",
  "statusMessage" : "selenium.common.exceptions.TimeoutException: Message: \nStacktrace:\n#0 0x55cf9041c6c3 <unknown>\n#1 0x55cf900f21e7 <unknown>\n#2 0x55cf90139566 <unknown>\n#3 0x55cf90139651 <unknown>\n#4 0x55cf90176a74 <unknown>\n#5 0x55cf9015b0ed <unknown>\n#6 0x55cf90174322 <unknown>\n#7 0x55cf9015ae93 <unknown>\n#8 0x55cf9012d934 <unknown>\n#9 0x55cf9012e71e <unknown>\n#10 0x55cf903e1cc8 <unknown>\n#11 0x55cf903e5c00 <unknown>\n#12 0x55cf903f01ac <unknown>\n#13 0x55cf903e6818 <unknown>\n#14 0x55cf903b328f <unknown>\n#15 0x55cf9040ae98 <unknown>\n#16 0x55cf9040b069 <unknown>\n#17 0x55cf9041b853 <unknown>\n#18 0x7f89c5494b43 <unknown>",
  "statusTrace" : "self = <test_forgot_your_password.TestForgotYourPassword object at 0x7f9a4ee38e50>\ndriver = <selenium.webdriver.chrome.webdriver.WebDriver (session=\"e24e16e347f5096430d4add11666e1c0\")>\nforgot_psw_page = <pages.forgot_your_password_page.ForgotYourPasswordPage object at 0x7f9a4dd91590>\n\n    @allure.title('TC 17.01.09 Verify FYP captcha input field is present')\n    def test_17_01_09_email_field_is_present(self, driver, forgot_psw_page):\n        \"\"\"Check if the captcha input field is present\"\"\"\n>       captcha_input = forgot_psw_page.check_forgot_psw_captcha_field_is_clickable()\n\ntests/test_forgot_your_password.py:87: \n_ _ _ _ _ _ _ _ _ _ _ _ _ _ _ _ _ _ _ _ _ _ _ _ _ _ _ _ _ _ _ _ _ _ _ _ _ _ _ _ \npages/forgot_your_password_page.py:59: in check_forgot_psw_captcha_field_is_clickable\n    return self.element_is_clickable(self.locators.FORGOT_YOUR_PASSWORD_CAPTCHA)\npages/base_page.py:80: in element_is_clickable\n    return wait(self.driver, timeout).until(EC.element_to_be_clickable(locator))\n_ _ _ _ _ _ _ _ _ _ _ _ _ _ _ _ _ _ _ _ _ _ _ _ _ _ _ _ _ _ _ _ _ _ _ _ _ _ _ _ \n\nself = <selenium.webdriver.support.wait.WebDriverWait (session=\"e24e16e347f5096430d4add11666e1c0\")>\nmethod = <function element_to_be_clickable.<locals>._predicate at 0x7f9a4f379940>\nmessage = ''\n\n    def until(self, method, message: str = \"\"):\n        \"\"\"Calls the method provided with the driver as an argument until the \\\n        return value does not evaluate to ``False``.\n    \n        :param method: callable(WebDriver)\n        :param message: optional message for :exc:`TimeoutException`\n        :returns: the result of the last call to `method`\n        :raises: :exc:`selenium.common.exceptions.TimeoutException` if timeout occurs\n        \"\"\"\n        screen = None\n        stacktrace = None\n    \n        end_time = time.monotonic() + self._timeout\n        while True:\n            try:\n                value = method(self._driver)\n                if value:\n                    return value\n            except self._ignored_exceptions as exc:\n                screen = getattr(exc, \"screen\", None)\n                stacktrace = getattr(exc, \"stacktrace\", None)\n            time.sleep(self._poll)\n            if time.monotonic() > end_time:\n                break\n>       raise TimeoutException(message, screen, stacktrace)\nE       selenium.common.exceptions.TimeoutException: Message: \nE       Stacktrace:\nE       #0 0x55cf9041c6c3 <unknown>\nE       #1 0x55cf900f21e7 <unknown>\nE       #2 0x55cf90139566 <unknown>\nE       #3 0x55cf90139651 <unknown>\nE       #4 0x55cf90176a74 <unknown>\nE       #5 0x55cf9015b0ed <unknown>\nE       #6 0x55cf90174322 <unknown>\nE       #7 0x55cf9015ae93 <unknown>\nE       #8 0x55cf9012d934 <unknown>\nE       #9 0x55cf9012e71e <unknown>\nE       #10 0x55cf903e1cc8 <unknown>\nE       #11 0x55cf903e5c00 <unknown>\nE       #12 0x55cf903f01ac <unknown>\nE       #13 0x55cf903e6818 <unknown>\nE       #14 0x55cf903b328f <unknown>\nE       #15 0x55cf9040ae98 <unknown>\nE       #16 0x55cf9040b069 <unknown>\nE       #17 0x55cf9041b853 <unknown>\nE       #18 0x7f89c5494b43 <unknown>\n\n/opt/hostedtoolcache/Python/3.11.5/x64/lib/python3.11/site-packages/selenium/webdriver/support/wait.py:95: TimeoutException",
  "flaky" : false,
  "newFailed" : false,
  "beforeStages" : [ {
    "name" : "forgot_psw_page",
    "time" : {
      "start" : 1695516319906,
      "stop" : 1695516320992,
      "duration" : 1086
    },
    "status" : "passed",
    "steps" : [ {
      "name" : "Open a browser",
      "time" : {
        "start" : 1695516319906,
        "stop" : 1695516320992,
        "duration" : 1086
      },
      "status" : "passed",
      "steps" : [ ],
      "attachments" : [ ],
      "parameters" : [ ],
      "stepsCount" : 0,
      "attachmentsCount" : 0,
      "shouldDisplayMessage" : false,
      "hasContent" : false
    } ],
    "attachments" : [ ],
    "parameters" : [ ],
    "stepsCount" : 1,
    "attachmentsCount" : 0,
    "shouldDisplayMessage" : false,
    "hasContent" : true
  }, {
    "name" : "_session_faker",
    "time" : {
      "start" : 1695515982889,
      "stop" : 1695515982964,
      "duration" : 75
    },
    "status" : "passed",
    "steps" : [ ],
    "attachments" : [ ],
    "parameters" : [ ],
    "stepsCount" : 0,
    "attachmentsCount" : 0,
    "shouldDisplayMessage" : false,
    "hasContent" : false
  }, {
    "name" : "clear_allure_result_folder",
    "time" : {
      "start" : 1695515982964,
      "stop" : 1695515982965,
      "duration" : 1
    },
    "status" : "passed",
    "steps" : [ ],
    "attachments" : [ ],
    "parameters" : [ ],
    "stepsCount" : 0,
    "attachmentsCount" : 0,
    "shouldDisplayMessage" : false,
    "hasContent" : false
  }, {
    "name" : "driver",
    "time" : {
      "start" : 1695516318715,
      "stop" : 1695516319905,
      "duration" : 1190
    },
    "status" : "passed",
    "steps" : [ ],
    "attachments" : [ ],
    "parameters" : [ ],
    "stepsCount" : 0,
    "attachmentsCount" : 0,
    "shouldDisplayMessage" : false,
    "hasContent" : false
  } ],
  "testStage" : {
    "description" : "Check if the captcha input field is present",
    "status" : "broken",
    "statusMessage" : "selenium.common.exceptions.TimeoutException: Message: \nStacktrace:\n#0 0x55cf9041c6c3 <unknown>\n#1 0x55cf900f21e7 <unknown>\n#2 0x55cf90139566 <unknown>\n#3 0x55cf90139651 <unknown>\n#4 0x55cf90176a74 <unknown>\n#5 0x55cf9015b0ed <unknown>\n#6 0x55cf90174322 <unknown>\n#7 0x55cf9015ae93 <unknown>\n#8 0x55cf9012d934 <unknown>\n#9 0x55cf9012e71e <unknown>\n#10 0x55cf903e1cc8 <unknown>\n#11 0x55cf903e5c00 <unknown>\n#12 0x55cf903f01ac <unknown>\n#13 0x55cf903e6818 <unknown>\n#14 0x55cf903b328f <unknown>\n#15 0x55cf9040ae98 <unknown>\n#16 0x55cf9040b069 <unknown>\n#17 0x55cf9041b853 <unknown>\n#18 0x7f89c5494b43 <unknown>",
    "statusTrace" : "self = <test_forgot_your_password.TestForgotYourPassword object at 0x7f9a4ee38e50>\ndriver = <selenium.webdriver.chrome.webdriver.WebDriver (session=\"e24e16e347f5096430d4add11666e1c0\")>\nforgot_psw_page = <pages.forgot_your_password_page.ForgotYourPasswordPage object at 0x7f9a4dd91590>\n\n    @allure.title('TC 17.01.09 Verify FYP captcha input field is present')\n    def test_17_01_09_email_field_is_present(self, driver, forgot_psw_page):\n        \"\"\"Check if the captcha input field is present\"\"\"\n>       captcha_input = forgot_psw_page.check_forgot_psw_captcha_field_is_clickable()\n\ntests/test_forgot_your_password.py:87: \n_ _ _ _ _ _ _ _ _ _ _ _ _ _ _ _ _ _ _ _ _ _ _ _ _ _ _ _ _ _ _ _ _ _ _ _ _ _ _ _ \npages/forgot_your_password_page.py:59: in check_forgot_psw_captcha_field_is_clickable\n    return self.element_is_clickable(self.locators.FORGOT_YOUR_PASSWORD_CAPTCHA)\npages/base_page.py:80: in element_is_clickable\n    return wait(self.driver, timeout).until(EC.element_to_be_clickable(locator))\n_ _ _ _ _ _ _ _ _ _ _ _ _ _ _ _ _ _ _ _ _ _ _ _ _ _ _ _ _ _ _ _ _ _ _ _ _ _ _ _ \n\nself = <selenium.webdriver.support.wait.WebDriverWait (session=\"e24e16e347f5096430d4add11666e1c0\")>\nmethod = <function element_to_be_clickable.<locals>._predicate at 0x7f9a4f379940>\nmessage = ''\n\n    def until(self, method, message: str = \"\"):\n        \"\"\"Calls the method provided with the driver as an argument until the \\\n        return value does not evaluate to ``False``.\n    \n        :param method: callable(WebDriver)\n        :param message: optional message for :exc:`TimeoutException`\n        :returns: the result of the last call to `method`\n        :raises: :exc:`selenium.common.exceptions.TimeoutException` if timeout occurs\n        \"\"\"\n        screen = None\n        stacktrace = None\n    \n        end_time = time.monotonic() + self._timeout\n        while True:\n            try:\n                value = method(self._driver)\n                if value:\n                    return value\n            except self._ignored_exceptions as exc:\n                screen = getattr(exc, \"screen\", None)\n                stacktrace = getattr(exc, \"stacktrace\", None)\n            time.sleep(self._poll)\n            if time.monotonic() > end_time:\n                break\n>       raise TimeoutException(message, screen, stacktrace)\nE       selenium.common.exceptions.TimeoutException: Message: \nE       Stacktrace:\nE       #0 0x55cf9041c6c3 <unknown>\nE       #1 0x55cf900f21e7 <unknown>\nE       #2 0x55cf90139566 <unknown>\nE       #3 0x55cf90139651 <unknown>\nE       #4 0x55cf90176a74 <unknown>\nE       #5 0x55cf9015b0ed <unknown>\nE       #6 0x55cf90174322 <unknown>\nE       #7 0x55cf9015ae93 <unknown>\nE       #8 0x55cf9012d934 <unknown>\nE       #9 0x55cf9012e71e <unknown>\nE       #10 0x55cf903e1cc8 <unknown>\nE       #11 0x55cf903e5c00 <unknown>\nE       #12 0x55cf903f01ac <unknown>\nE       #13 0x55cf903e6818 <unknown>\nE       #14 0x55cf903b328f <unknown>\nE       #15 0x55cf9040ae98 <unknown>\nE       #16 0x55cf9040b069 <unknown>\nE       #17 0x55cf9041b853 <unknown>\nE       #18 0x7f89c5494b43 <unknown>\n\n/opt/hostedtoolcache/Python/3.11.5/x64/lib/python3.11/site-packages/selenium/webdriver/support/wait.py:95: TimeoutException",
    "steps" : [ {
      "name" : "Check FYP captcha input field is clickable",
      "time" : {
        "start" : 1695516320993,
        "stop" : 1695516326119,
        "duration" : 5126
      },
      "status" : "broken",
      "statusMessage" : "selenium.common.exceptions.TimeoutException: Message: \nStacktrace:\n#0 0x55cf9041c6c3 <unknown>\n#1 0x55cf900f21e7 <unknown>\n#2 0x55cf90139566 <unknown>\n#3 0x55cf90139651 <unknown>\n#4 0x55cf90176a74 <unknown>\n#5 0x55cf9015b0ed <unknown>\n#6 0x55cf90174322 <unknown>\n#7 0x55cf9015ae93 <unknown>\n#8 0x55cf9012d934 <unknown>\n#9 0x55cf9012e71e <unknown>\n#10 0x55cf903e1cc8 <unknown>\n#11 0x55cf903e5c00 <unknown>\n#12 0x55cf903f01ac <unknown>\n#13 0x55cf903e6818 <unknown>\n#14 0x55cf903b328f <unknown>\n#15 0x55cf9040ae98 <unknown>\n#16 0x55cf9040b069 <unknown>\n#17 0x55cf9041b853 <unknown>\n#18 0x7f89c5494b43 <unknown>\n\n",
      "statusTrace" : "  File \"/opt/hostedtoolcache/Python/3.11.5/x64/lib/python3.11/site-packages/allure_commons/_allure.py\", line 192, in impl\n    return func(*a, **kw)\n           ^^^^^^^^^^^^^^\n  File \"/home/runner/work/luma_project/luma_project/pages/forgot_your_password_page.py\", line 59, in check_forgot_psw_captcha_field_is_clickable\n    return self.element_is_clickable(self.locators.FORGOT_YOUR_PASSWORD_CAPTCHA)\n           ^^^^^^^^^^^^^^^^^^^^^^^^^^^^^^^^^^^^^^^^^^^^^^^^^^^^^^^^^^^^^^^^^^^^^\n  File \"/opt/hostedtoolcache/Python/3.11.5/x64/lib/python3.11/site-packages/allure_commons/_allure.py\", line 192, in impl\n    return func(*a, **kw)\n           ^^^^^^^^^^^^^^\n  File \"/home/runner/work/luma_project/luma_project/pages/base_page.py\", line 80, in element_is_clickable\n    return wait(self.driver, timeout).until(EC.element_to_be_clickable(locator))\n           ^^^^^^^^^^^^^^^^^^^^^^^^^^^^^^^^^^^^^^^^^^^^^^^^^^^^^^^^^^^^^^^^^^^^^\n  File \"/opt/hostedtoolcache/Python/3.11.5/x64/lib/python3.11/site-packages/selenium/webdriver/support/wait.py\", line 95, in until\n    raise TimeoutException(message, screen, stacktrace)\n",
      "steps" : [ {
        "name" : "Find clickable elements",
        "time" : {
          "start" : 1695516320993,
          "stop" : 1695516326119,
          "duration" : 5126
        },
        "status" : "broken",
        "statusMessage" : "selenium.common.exceptions.TimeoutException: Message: \nStacktrace:\n#0 0x55cf9041c6c3 <unknown>\n#1 0x55cf900f21e7 <unknown>\n#2 0x55cf90139566 <unknown>\n#3 0x55cf90139651 <unknown>\n#4 0x55cf90176a74 <unknown>\n#5 0x55cf9015b0ed <unknown>\n#6 0x55cf90174322 <unknown>\n#7 0x55cf9015ae93 <unknown>\n#8 0x55cf9012d934 <unknown>\n#9 0x55cf9012e71e <unknown>\n#10 0x55cf903e1cc8 <unknown>\n#11 0x55cf903e5c00 <unknown>\n#12 0x55cf903f01ac <unknown>\n#13 0x55cf903e6818 <unknown>\n#14 0x55cf903b328f <unknown>\n#15 0x55cf9040ae98 <unknown>\n#16 0x55cf9040b069 <unknown>\n#17 0x55cf9041b853 <unknown>\n#18 0x7f89c5494b43 <unknown>\n\n",
        "statusTrace" : "  File \"/opt/hostedtoolcache/Python/3.11.5/x64/lib/python3.11/site-packages/allure_commons/_allure.py\", line 192, in impl\n    return func(*a, **kw)\n           ^^^^^^^^^^^^^^\n  File \"/home/runner/work/luma_project/luma_project/pages/base_page.py\", line 80, in element_is_clickable\n    return wait(self.driver, timeout).until(EC.element_to_be_clickable(locator))\n           ^^^^^^^^^^^^^^^^^^^^^^^^^^^^^^^^^^^^^^^^^^^^^^^^^^^^^^^^^^^^^^^^^^^^^\n  File \"/opt/hostedtoolcache/Python/3.11.5/x64/lib/python3.11/site-packages/selenium/webdriver/support/wait.py\", line 95, in until\n    raise TimeoutException(message, screen, stacktrace)\n",
        "steps" : [ ],
        "attachments" : [ ],
        "parameters" : [ {
          "name" : "locator",
          "value" : "('css selector', '#captcha_user_forgotpassword')"
        }, {
          "name" : "timeout",
          "value" : "5"
        } ],
        "stepsCount" : 0,
        "attachmentsCount" : 0,
        "shouldDisplayMessage" : true,
        "hasContent" : true
      } ],
      "attachments" : [ ],
      "parameters" : [ ],
      "stepsCount" : 1,
      "attachmentsCount" : 0,
      "shouldDisplayMessage" : false,
      "hasContent" : true
    } ],
    "attachments" : [ {
      "uid" : "c19dc06ac72a7ee7",
      "name" : "Screenshot",
      "source" : "c19dc06ac72a7ee7.png",
      "type" : "image/png",
      "size" : 70029
    }, {
      "uid" : "555dd53373c735df",
      "name" : "HTML source",
      "source" : "555dd53373c735df.html",
      "type" : "text/html",
      "size" : 78068
    } ],
    "parameters" : [ ],
    "stepsCount" : 2,
    "attachmentsCount" : 2,
    "shouldDisplayMessage" : true,
    "hasContent" : true
  },
  "afterStages" : [ {
    "name" : "clear_allure_result_folder::0",
    "time" : {
      "start" : 1695517631857,
      "stop" : 1695517631857,
      "duration" : 0
    },
    "status" : "passed",
    "steps" : [ ],
    "attachments" : [ ],
    "parameters" : [ ],
    "stepsCount" : 0,
    "attachmentsCount" : 0,
    "shouldDisplayMessage" : false,
    "hasContent" : false
  }, {
    "name" : "driver::0",
    "time" : {
      "start" : 1695516326289,
      "stop" : 1695516326353,
      "duration" : 64
    },
    "status" : "passed",
    "steps" : [ ],
    "attachments" : [ ],
    "parameters" : [ ],
    "stepsCount" : 0,
    "attachmentsCount" : 0,
    "shouldDisplayMessage" : false,
    "hasContent" : false
  } ],
  "labels" : [ {
    "name" : "epic",
    "value" : "Forgot Your Password Page"
  }, {
    "name" : "parentSuite",
    "value" : "tests"
  }, {
    "name" : "suite",
    "value" : "test_forgot_your_password"
  }, {
    "name" : "subSuite",
    "value" : "TestForgotYourPassword"
  }, {
    "name" : "host",
    "value" : "fv-az812-630"
  }, {
    "name" : "thread",
    "value" : "2998-MainThread"
  }, {
    "name" : "framework",
    "value" : "pytest"
  }, {
    "name" : "language",
    "value" : "cpython3"
  }, {
    "name" : "package",
    "value" : "tests.test_forgot_your_password"
  }, {
    "name" : "resultFormat",
    "value" : "allure2"
  } ],
  "parameters" : [ ],
  "links" : [ ],
  "hidden" : false,
  "retry" : false,
  "extra" : {
    "severity" : "normal",
    "retries" : [ ],
    "categories" : [ {
      "name" : "Test defects",
      "matchedStatuses" : [ ],
      "flaky" : false
    } ],
    "tags" : [ ]
  },
  "source" : "50b16c5dccb4c135.json",
  "parameterValues" : [ ]
}