{
  "uid" : "5b2a49c8d14d9038",
  "name" : "TC 17.01.09 Verify FYP captcha input field is present",
  "fullName" : "tests.test_forgot_your_password.TestForgotYourPassword#test_17_01_09_email_field_is_present",
  "historyId" : "cd76134b1f5e36a57a9e536da7128211",
  "time" : {
    "start" : 1691282812600,
    "stop" : 1691282817742,
    "duration" : 5142
  },
  "description" : "Check if the captcha input field is present",
  "descriptionHtml" : "<p>Check if the captcha input field is present</p>\n",
  "status" : "broken",
  "statusMessage" : "selenium.common.exceptions.TimeoutException: Message: \nStacktrace:\n#0 0x55ae20160783 <unknown>\n#1 0x55ae1fe8c917 <unknown>\n#2 0x55ae1fecb31b <unknown>\n#3 0x55ae1fecb411 <unknown>\n#4 0x55ae1ff06674 <unknown>\n#5 0x55ae1feebe2d <unknown>\n#6 0x55ae1ff040d9 <unknown>\n#7 0x55ae1feebbd3 <unknown>\n#8 0x55ae1febfa7b <unknown>\n#9 0x55ae1fec081e <unknown>\n#10 0x55ae20121e98 <unknown>\n#11 0x55ae20125d67 <unknown>\n#12 0x55ae2013032c <unknown>\n#13 0x55ae20126993 <unknown>\n#14 0x55ae200f5827 <unknown>\n#15 0x55ae2014a8a8 <unknown>\n#16 0x55ae2014aa36 <unknown>\n#17 0x55ae201595f3 <unknown>\n#18 0x7fbf2fd24b43 <unknown>",
  "statusTrace" : "self = <test_forgot_your_password.TestForgotYourPassword object at 0x7f08b85e8390>\ndriver = <selenium.webdriver.chrome.webdriver.WebDriver (session=\"f9fd1334cb3545c26e5b407f85c14f7f\")>\nforgot_psw_page = <pages.forgot_your_password_page.ForgotYourPasswordPage object at 0x7f08b727efd0>\n\n    @allure.title('TC 17.01.09 Verify FYP captcha input field is present')\n    def test_17_01_09_email_field_is_present(self, driver, forgot_psw_page):\n        \"\"\"Check if the captcha input field is present\"\"\"\n>       captcha_input = forgot_psw_page.check_forgot_psw_captcha_field_is_clickable()\n\ntests/test_forgot_your_password.py:87: \n_ _ _ _ _ _ _ _ _ _ _ _ _ _ _ _ _ _ _ _ _ _ _ _ _ _ _ _ _ _ _ _ _ _ _ _ _ _ _ _ \npages/forgot_your_password_page.py:59: in check_forgot_psw_captcha_field_is_clickable\n    return self.element_is_clickable(self.locators.FORGOT_YOUR_PASSWORD_CAPTCHA)\npages/base_page.py:80: in element_is_clickable\n    return wait(self.driver, timeout).until(EC.element_to_be_clickable(locator))\n_ _ _ _ _ _ _ _ _ _ _ _ _ _ _ _ _ _ _ _ _ _ _ _ _ _ _ _ _ _ _ _ _ _ _ _ _ _ _ _ \n\nself = <selenium.webdriver.support.wait.WebDriverWait (session=\"f9fd1334cb3545c26e5b407f85c14f7f\")>\nmethod = <function element_to_be_clickable.<locals>._predicate at 0x7f08b71f4e00>\nmessage = ''\n\n    def until(self, method, message: str = \"\"):\n        \"\"\"Calls the method provided with the driver as an argument until the \\\n        return value does not evaluate to ``False``.\n    \n        :param method: callable(WebDriver)\n        :param message: optional message for :exc:`TimeoutException`\n        :returns: the result of the last call to `method`\n        :raises: :exc:`selenium.common.exceptions.TimeoutException` if timeout occurs\n        \"\"\"\n        screen = None\n        stacktrace = None\n    \n        end_time = time.monotonic() + self._timeout\n        while True:\n            try:\n                value = method(self._driver)\n                if value:\n                    return value\n            except self._ignored_exceptions as exc:\n                screen = getattr(exc, \"screen\", None)\n                stacktrace = getattr(exc, \"stacktrace\", None)\n            time.sleep(self._poll)\n            if time.monotonic() > end_time:\n                break\n>       raise TimeoutException(message, screen, stacktrace)\nE       selenium.common.exceptions.TimeoutException: Message: \nE       Stacktrace:\nE       #0 0x55ae20160783 <unknown>\nE       #1 0x55ae1fe8c917 <unknown>\nE       #2 0x55ae1fecb31b <unknown>\nE       #3 0x55ae1fecb411 <unknown>\nE       #4 0x55ae1ff06674 <unknown>\nE       #5 0x55ae1feebe2d <unknown>\nE       #6 0x55ae1ff040d9 <unknown>\nE       #7 0x55ae1feebbd3 <unknown>\nE       #8 0x55ae1febfa7b <unknown>\nE       #9 0x55ae1fec081e <unknown>\nE       #10 0x55ae20121e98 <unknown>\nE       #11 0x55ae20125d67 <unknown>\nE       #12 0x55ae2013032c <unknown>\nE       #13 0x55ae20126993 <unknown>\nE       #14 0x55ae200f5827 <unknown>\nE       #15 0x55ae2014a8a8 <unknown>\nE       #16 0x55ae2014aa36 <unknown>\nE       #17 0x55ae201595f3 <unknown>\nE       #18 0x7fbf2fd24b43 <unknown>\n\n/opt/hostedtoolcache/Python/3.11.4/x64/lib/python3.11/site-packages/selenium/webdriver/support/wait.py:95: TimeoutException",
  "flaky" : false,
  "newFailed" : false,
  "beforeStages" : [ {
    "name" : "clear_allure_result_folder",
    "time" : {
      "start" : 1691282438568,
      "stop" : 1691282438568,
      "duration" : 0
    },
    "status" : "passed",
    "steps" : [ ],
    "attachments" : [ ],
    "parameters" : [ ],
    "stepsCount" : 0,
    "attachmentsCount" : 0,
    "shouldDisplayMessage" : false,
    "hasContent" : false
  }, {
    "name" : "_session_faker",
    "time" : {
      "start" : 1691282438456,
      "stop" : 1691282438568,
      "duration" : 112
    },
    "status" : "passed",
    "steps" : [ ],
    "attachments" : [ ],
    "parameters" : [ ],
    "stepsCount" : 0,
    "attachmentsCount" : 0,
    "shouldDisplayMessage" : false,
    "hasContent" : false
  }, {
    "name" : "forgot_psw_page",
    "time" : {
      "start" : 1691282811273,
      "stop" : 1691282812600,
      "duration" : 1327
    },
    "status" : "passed",
    "steps" : [ {
      "name" : "Open a browser",
      "time" : {
        "start" : 1691282811274,
        "stop" : 1691282812600,
        "duration" : 1326
      },
      "status" : "passed",
      "steps" : [ ],
      "attachments" : [ ],
      "parameters" : [ ],
      "stepsCount" : 0,
      "attachmentsCount" : 0,
      "shouldDisplayMessage" : false,
      "hasContent" : false
    } ],
    "attachments" : [ ],
    "parameters" : [ ],
    "stepsCount" : 1,
    "attachmentsCount" : 0,
    "shouldDisplayMessage" : false,
    "hasContent" : true
  }, {
    "name" : "driver",
    "time" : {
      "start" : 1691282810170,
      "stop" : 1691282811273,
      "duration" : 1103
    },
    "status" : "passed",
    "steps" : [ ],
    "attachments" : [ ],
    "parameters" : [ ],
    "stepsCount" : 0,
    "attachmentsCount" : 0,
    "shouldDisplayMessage" : false,
    "hasContent" : false
  } ],
  "testStage" : {
    "description" : "Check if the captcha input field is present",
    "status" : "broken",
    "statusMessage" : "selenium.common.exceptions.TimeoutException: Message: \nStacktrace:\n#0 0x55ae20160783 <unknown>\n#1 0x55ae1fe8c917 <unknown>\n#2 0x55ae1fecb31b <unknown>\n#3 0x55ae1fecb411 <unknown>\n#4 0x55ae1ff06674 <unknown>\n#5 0x55ae1feebe2d <unknown>\n#6 0x55ae1ff040d9 <unknown>\n#7 0x55ae1feebbd3 <unknown>\n#8 0x55ae1febfa7b <unknown>\n#9 0x55ae1fec081e <unknown>\n#10 0x55ae20121e98 <unknown>\n#11 0x55ae20125d67 <unknown>\n#12 0x55ae2013032c <unknown>\n#13 0x55ae20126993 <unknown>\n#14 0x55ae200f5827 <unknown>\n#15 0x55ae2014a8a8 <unknown>\n#16 0x55ae2014aa36 <unknown>\n#17 0x55ae201595f3 <unknown>\n#18 0x7fbf2fd24b43 <unknown>",
    "statusTrace" : "self = <test_forgot_your_password.TestForgotYourPassword object at 0x7f08b85e8390>\ndriver = <selenium.webdriver.chrome.webdriver.WebDriver (session=\"f9fd1334cb3545c26e5b407f85c14f7f\")>\nforgot_psw_page = <pages.forgot_your_password_page.ForgotYourPasswordPage object at 0x7f08b727efd0>\n\n    @allure.title('TC 17.01.09 Verify FYP captcha input field is present')\n    def test_17_01_09_email_field_is_present(self, driver, forgot_psw_page):\n        \"\"\"Check if the captcha input field is present\"\"\"\n>       captcha_input = forgot_psw_page.check_forgot_psw_captcha_field_is_clickable()\n\ntests/test_forgot_your_password.py:87: \n_ _ _ _ _ _ _ _ _ _ _ _ _ _ _ _ _ _ _ _ _ _ _ _ _ _ _ _ _ _ _ _ _ _ _ _ _ _ _ _ \npages/forgot_your_password_page.py:59: in check_forgot_psw_captcha_field_is_clickable\n    return self.element_is_clickable(self.locators.FORGOT_YOUR_PASSWORD_CAPTCHA)\npages/base_page.py:80: in element_is_clickable\n    return wait(self.driver, timeout).until(EC.element_to_be_clickable(locator))\n_ _ _ _ _ _ _ _ _ _ _ _ _ _ _ _ _ _ _ _ _ _ _ _ _ _ _ _ _ _ _ _ _ _ _ _ _ _ _ _ \n\nself = <selenium.webdriver.support.wait.WebDriverWait (session=\"f9fd1334cb3545c26e5b407f85c14f7f\")>\nmethod = <function element_to_be_clickable.<locals>._predicate at 0x7f08b71f4e00>\nmessage = ''\n\n    def until(self, method, message: str = \"\"):\n        \"\"\"Calls the method provided with the driver as an argument until the \\\n        return value does not evaluate to ``False``.\n    \n        :param method: callable(WebDriver)\n        :param message: optional message for :exc:`TimeoutException`\n        :returns: the result of the last call to `method`\n        :raises: :exc:`selenium.common.exceptions.TimeoutException` if timeout occurs\n        \"\"\"\n        screen = None\n        stacktrace = None\n    \n        end_time = time.monotonic() + self._timeout\n        while True:\n            try:\n                value = method(self._driver)\n                if value:\n                    return value\n            except self._ignored_exceptions as exc:\n                screen = getattr(exc, \"screen\", None)\n                stacktrace = getattr(exc, \"stacktrace\", None)\n            time.sleep(self._poll)\n            if time.monotonic() > end_time:\n                break\n>       raise TimeoutException(message, screen, stacktrace)\nE       selenium.common.exceptions.TimeoutException: Message: \nE       Stacktrace:\nE       #0 0x55ae20160783 <unknown>\nE       #1 0x55ae1fe8c917 <unknown>\nE       #2 0x55ae1fecb31b <unknown>\nE       #3 0x55ae1fecb411 <unknown>\nE       #4 0x55ae1ff06674 <unknown>\nE       #5 0x55ae1feebe2d <unknown>\nE       #6 0x55ae1ff040d9 <unknown>\nE       #7 0x55ae1feebbd3 <unknown>\nE       #8 0x55ae1febfa7b <unknown>\nE       #9 0x55ae1fec081e <unknown>\nE       #10 0x55ae20121e98 <unknown>\nE       #11 0x55ae20125d67 <unknown>\nE       #12 0x55ae2013032c <unknown>\nE       #13 0x55ae20126993 <unknown>\nE       #14 0x55ae200f5827 <unknown>\nE       #15 0x55ae2014a8a8 <unknown>\nE       #16 0x55ae2014aa36 <unknown>\nE       #17 0x55ae201595f3 <unknown>\nE       #18 0x7fbf2fd24b43 <unknown>\n\n/opt/hostedtoolcache/Python/3.11.4/x64/lib/python3.11/site-packages/selenium/webdriver/support/wait.py:95: TimeoutException",
    "steps" : [ {
      "name" : "Check FYP captcha input field is clickable",
      "time" : {
        "start" : 1691282812601,
        "stop" : 1691282817741,
        "duration" : 5140
      },
      "status" : "broken",
      "statusMessage" : "selenium.common.exceptions.TimeoutException: Message: \nStacktrace:\n#0 0x55ae20160783 <unknown>\n#1 0x55ae1fe8c917 <unknown>\n#2 0x55ae1fecb31b <unknown>\n#3 0x55ae1fecb411 <unknown>\n#4 0x55ae1ff06674 <unknown>\n#5 0x55ae1feebe2d <unknown>\n#6 0x55ae1ff040d9 <unknown>\n#7 0x55ae1feebbd3 <unknown>\n#8 0x55ae1febfa7b <unknown>\n#9 0x55ae1fec081e <unknown>\n#10 0x55ae20121e98 <unknown>\n#11 0x55ae20125d67 <unknown>\n#12 0x55ae2013032c <unknown>\n#13 0x55ae20126993 <unknown>\n#14 0x55ae200f5827 <unknown>\n#15 0x55ae2014a8a8 <unknown>\n#16 0x55ae2014aa36 <unknown>\n#17 0x55ae201595f3 <unknown>\n#18 0x7fbf2fd24b43 <unknown>\n\n",
      "statusTrace" : "  File \"/opt/hostedtoolcache/Python/3.11.4/x64/lib/python3.11/site-packages/allure_commons/_allure.py\", line 192, in impl\n    return func(*a, **kw)\n           ^^^^^^^^^^^^^^\n  File \"/home/runner/work/luma_project/luma_project/pages/forgot_your_password_page.py\", line 59, in check_forgot_psw_captcha_field_is_clickable\n    return self.element_is_clickable(self.locators.FORGOT_YOUR_PASSWORD_CAPTCHA)\n           ^^^^^^^^^^^^^^^^^^^^^^^^^^^^^^^^^^^^^^^^^^^^^^^^^^^^^^^^^^^^^^^^^^^^^\n  File \"/opt/hostedtoolcache/Python/3.11.4/x64/lib/python3.11/site-packages/allure_commons/_allure.py\", line 192, in impl\n    return func(*a, **kw)\n           ^^^^^^^^^^^^^^\n  File \"/home/runner/work/luma_project/luma_project/pages/base_page.py\", line 80, in element_is_clickable\n    return wait(self.driver, timeout).until(EC.element_to_be_clickable(locator))\n           ^^^^^^^^^^^^^^^^^^^^^^^^^^^^^^^^^^^^^^^^^^^^^^^^^^^^^^^^^^^^^^^^^^^^^\n  File \"/opt/hostedtoolcache/Python/3.11.4/x64/lib/python3.11/site-packages/selenium/webdriver/support/wait.py\", line 95, in until\n    raise TimeoutException(message, screen, stacktrace)\n",
      "steps" : [ {
        "name" : "Find clickable elements",
        "time" : {
          "start" : 1691282812601,
          "stop" : 1691282817740,
          "duration" : 5139
        },
        "status" : "broken",
        "statusMessage" : "selenium.common.exceptions.TimeoutException: Message: \nStacktrace:\n#0 0x55ae20160783 <unknown>\n#1 0x55ae1fe8c917 <unknown>\n#2 0x55ae1fecb31b <unknown>\n#3 0x55ae1fecb411 <unknown>\n#4 0x55ae1ff06674 <unknown>\n#5 0x55ae1feebe2d <unknown>\n#6 0x55ae1ff040d9 <unknown>\n#7 0x55ae1feebbd3 <unknown>\n#8 0x55ae1febfa7b <unknown>\n#9 0x55ae1fec081e <unknown>\n#10 0x55ae20121e98 <unknown>\n#11 0x55ae20125d67 <unknown>\n#12 0x55ae2013032c <unknown>\n#13 0x55ae20126993 <unknown>\n#14 0x55ae200f5827 <unknown>\n#15 0x55ae2014a8a8 <unknown>\n#16 0x55ae2014aa36 <unknown>\n#17 0x55ae201595f3 <unknown>\n#18 0x7fbf2fd24b43 <unknown>\n\n",
        "statusTrace" : "  File \"/opt/hostedtoolcache/Python/3.11.4/x64/lib/python3.11/site-packages/allure_commons/_allure.py\", line 192, in impl\n    return func(*a, **kw)\n           ^^^^^^^^^^^^^^\n  File \"/home/runner/work/luma_project/luma_project/pages/base_page.py\", line 80, in element_is_clickable\n    return wait(self.driver, timeout).until(EC.element_to_be_clickable(locator))\n           ^^^^^^^^^^^^^^^^^^^^^^^^^^^^^^^^^^^^^^^^^^^^^^^^^^^^^^^^^^^^^^^^^^^^^\n  File \"/opt/hostedtoolcache/Python/3.11.4/x64/lib/python3.11/site-packages/selenium/webdriver/support/wait.py\", line 95, in until\n    raise TimeoutException(message, screen, stacktrace)\n",
        "steps" : [ ],
        "attachments" : [ ],
        "parameters" : [ {
          "name" : "locator",
          "value" : "('css selector', '#captcha_user_forgotpassword')"
        }, {
          "name" : "timeout",
          "value" : "5"
        } ],
        "stepsCount" : 0,
        "attachmentsCount" : 0,
        "shouldDisplayMessage" : true,
        "hasContent" : true
      } ],
      "attachments" : [ ],
      "parameters" : [ ],
      "stepsCount" : 1,
      "attachmentsCount" : 0,
      "shouldDisplayMessage" : false,
      "hasContent" : true
    } ],
    "attachments" : [ {
      "uid" : "40bff62f33588905",
      "name" : "Screenshot",
      "source" : "40bff62f33588905.png",
      "type" : "image/png",
      "size" : 68490
    }, {
      "uid" : "b65df833e4aa47f4",
      "name" : "HTML source",
      "source" : "b65df833e4aa47f4.html",
      "type" : "text/html",
      "size" : 77786
    } ],
    "parameters" : [ ],
    "stepsCount" : 2,
    "attachmentsCount" : 2,
    "shouldDisplayMessage" : true,
    "hasContent" : true
  },
  "afterStages" : [ {
    "name" : "clear_allure_result_folder::0",
    "time" : {
      "start" : 1691284012998,
      "stop" : 1691284012998,
      "duration" : 0
    },
    "status" : "passed",
    "steps" : [ ],
    "attachments" : [ ],
    "parameters" : [ ],
    "stepsCount" : 0,
    "attachmentsCount" : 0,
    "shouldDisplayMessage" : false,
    "hasContent" : false
  }, {
    "name" : "driver::0",
    "time" : {
      "start" : 1691282817952,
      "stop" : 1691282818018,
      "duration" : 66
    },
    "status" : "passed",
    "steps" : [ ],
    "attachments" : [ ],
    "parameters" : [ ],
    "stepsCount" : 0,
    "attachmentsCount" : 0,
    "shouldDisplayMessage" : false,
    "hasContent" : false
  } ],
  "labels" : [ {
    "name" : "epic",
    "value" : "Forgot Your Password Page"
  }, {
    "name" : "parentSuite",
    "value" : "tests"
  }, {
    "name" : "suite",
    "value" : "test_forgot_your_password"
  }, {
    "name" : "subSuite",
    "value" : "TestForgotYourPassword"
  }, {
    "name" : "host",
    "value" : "fv-az883-512"
  }, {
    "name" : "thread",
    "value" : "3280-MainThread"
  }, {
    "name" : "framework",
    "value" : "pytest"
  }, {
    "name" : "language",
    "value" : "cpython3"
  }, {
    "name" : "package",
    "value" : "tests.test_forgot_your_password"
  }, {
    "name" : "resultFormat",
    "value" : "allure2"
  } ],
  "parameters" : [ ],
  "links" : [ ],
  "hidden" : false,
  "retry" : false,
  "extra" : {
    "severity" : "normal",
    "retries" : [ ],
    "categories" : [ {
      "name" : "Test defects",
      "matchedStatuses" : [ ],
      "flaky" : false
    } ],
    "tags" : [ ]
  },
  "source" : "5b2a49c8d14d9038.json",
  "parameterValues" : [ ]
}