{
  "uid" : "66de384fc02eb955",
  "name" : "TC 17.01.27 Verify all fields got cleared after the failed attempt to reset password",
  "fullName" : "tests.test_forgot_your_password.TestForgotYourPasswordFunctionality#test_17_01_27_fields_are_cleared_after_failed_attempt_to_reset_password",
  "historyId" : "329c5479a6abab9e833ef4806ddb95bd",
  "time" : {
    "start" : 1693701973130,
    "stop" : 1693701978740,
    "duration" : 5610
  },
  "description" : "Check if all the fields are getting cleared after failed attempt to reset password with invalid captcha",
  "descriptionHtml" : "<p>Check if all the fields are getting cleared after failed attempt to reset password with invalid captcha</p>\n",
  "status" : "broken",
  "statusMessage" : "selenium.common.exceptions.TimeoutException: Message: \nStacktrace:\n#0 0x559964fe9e23 <unknown>\n#1 0x559964d127a7 <unknown>\n#2 0x559964d511d3 <unknown>\n#3 0x559964d512c1 <unknown>\n#4 0x559964d8ca04 <unknown>\n#5 0x559964d7203d <unknown>\n#6 0x559964d8a369 <unknown>\n#7 0x559964d71de3 <unknown>\n#8 0x559964d45a7b <unknown>\n#9 0x559964d4681e <unknown>\n#10 0x559964fab638 <unknown>\n#11 0x559964faf507 <unknown>\n#12 0x559964fb9c4c <unknown>\n#13 0x559964fb0136 <unknown>\n#14 0x559964f7e9cf <unknown>\n#15 0x559964fd3b98 <unknown>\n#16 0x559964fd3d68 <unknown>\n#17 0x559964fe2cb3 <unknown>\n#18 0x7fa5f3275b43 <unknown>",
  "statusTrace" : "self = <test_forgot_your_password.TestForgotYourPasswordFunctionality object at 0x7fb61fda7650>\ndriver = <selenium.webdriver.chrome.webdriver.WebDriver (session=\"f98d648218ec4aaa657a696085e3708b\")>\nforgot_psw_page = <pages.forgot_your_password_page.ForgotYourPasswordPage object at 0x7fb620addc10>\n\n    @allure.title('TC 17.01.27 Verify all fields got cleared after the failed attempt to reset password')\n    def test_17_01_27_fields_are_cleared_after_failed_attempt_to_reset_password(self, driver, forgot_psw_page):\n        \"\"\"Check if all the fields are getting cleared after failed attempt to reset password with invalid captcha\"\"\"\n        forgot_psw_page.fill_in_email_field(credentials['valid_email'])\n>       forgot_psw_page.fill_in_forgot_psw_captcha_field(captcha)\n\ntests/test_forgot_your_password.py:215: \n_ _ _ _ _ _ _ _ _ _ _ _ _ _ _ _ _ _ _ _ _ _ _ _ _ _ _ _ _ _ _ _ _ _ _ _ _ _ _ _ \npages/forgot_your_password_page.py:84: in fill_in_forgot_psw_captcha_field\n    return self.fill_in_field(self.check_forgot_psw_captcha_field_is_clickable(), text)\npages/forgot_your_password_page.py:59: in check_forgot_psw_captcha_field_is_clickable\n    return self.element_is_clickable(self.locators.FORGOT_YOUR_PASSWORD_CAPTCHA)\npages/base_page.py:80: in element_is_clickable\n    return wait(self.driver, timeout).until(EC.element_to_be_clickable(locator))\n_ _ _ _ _ _ _ _ _ _ _ _ _ _ _ _ _ _ _ _ _ _ _ _ _ _ _ _ _ _ _ _ _ _ _ _ _ _ _ _ \n\nself = <selenium.webdriver.support.wait.WebDriverWait (session=\"f98d648218ec4aaa657a696085e3708b\")>\nmethod = <function element_to_be_clickable.<locals>._predicate at 0x7fb620b14360>\nmessage = ''\n\n    def until(self, method, message: str = \"\"):\n        \"\"\"Calls the method provided with the driver as an argument until the \\\n        return value does not evaluate to ``False``.\n    \n        :param method: callable(WebDriver)\n        :param message: optional message for :exc:`TimeoutException`\n        :returns: the result of the last call to `method`\n        :raises: :exc:`selenium.common.exceptions.TimeoutException` if timeout occurs\n        \"\"\"\n        screen = None\n        stacktrace = None\n    \n        end_time = time.monotonic() + self._timeout\n        while True:\n            try:\n                value = method(self._driver)\n                if value:\n                    return value\n            except self._ignored_exceptions as exc:\n                screen = getattr(exc, \"screen\", None)\n                stacktrace = getattr(exc, \"stacktrace\", None)\n            time.sleep(self._poll)\n            if time.monotonic() > end_time:\n                break\n>       raise TimeoutException(message, screen, stacktrace)\nE       selenium.common.exceptions.TimeoutException: Message: \nE       Stacktrace:\nE       #0 0x559964fe9e23 <unknown>\nE       #1 0x559964d127a7 <unknown>\nE       #2 0x559964d511d3 <unknown>\nE       #3 0x559964d512c1 <unknown>\nE       #4 0x559964d8ca04 <unknown>\nE       #5 0x559964d7203d <unknown>\nE       #6 0x559964d8a369 <unknown>\nE       #7 0x559964d71de3 <unknown>\nE       #8 0x559964d45a7b <unknown>\nE       #9 0x559964d4681e <unknown>\nE       #10 0x559964fab638 <unknown>\nE       #11 0x559964faf507 <unknown>\nE       #12 0x559964fb9c4c <unknown>\nE       #13 0x559964fb0136 <unknown>\nE       #14 0x559964f7e9cf <unknown>\nE       #15 0x559964fd3b98 <unknown>\nE       #16 0x559964fd3d68 <unknown>\nE       #17 0x559964fe2cb3 <unknown>\nE       #18 0x7fa5f3275b43 <unknown>\n\n/opt/hostedtoolcache/Python/3.11.4/x64/lib/python3.11/site-packages/selenium/webdriver/support/wait.py:95: TimeoutException",
  "flaky" : false,
  "newFailed" : false,
  "beforeStages" : [ {
    "name" : "_session_faker",
    "time" : {
      "start" : 1693701529698,
      "stop" : 1693701529791,
      "duration" : 93
    },
    "status" : "passed",
    "steps" : [ ],
    "attachments" : [ ],
    "parameters" : [ ],
    "stepsCount" : 0,
    "attachmentsCount" : 0,
    "shouldDisplayMessage" : false,
    "hasContent" : false
  }, {
    "name" : "clear_allure_result_folder",
    "time" : {
      "start" : 1693701529791,
      "stop" : 1693701529792,
      "duration" : 1
    },
    "status" : "passed",
    "steps" : [ ],
    "attachments" : [ ],
    "parameters" : [ ],
    "stepsCount" : 0,
    "attachmentsCount" : 0,
    "shouldDisplayMessage" : false,
    "hasContent" : false
  }, {
    "name" : "driver",
    "time" : {
      "start" : 1693701970994,
      "stop" : 1693701972011,
      "duration" : 1017
    },
    "status" : "passed",
    "steps" : [ ],
    "attachments" : [ ],
    "parameters" : [ ],
    "stepsCount" : 0,
    "attachmentsCount" : 0,
    "shouldDisplayMessage" : false,
    "hasContent" : false
  }, {
    "name" : "forgot_psw_page",
    "time" : {
      "start" : 1693701972012,
      "stop" : 1693701973130,
      "duration" : 1118
    },
    "status" : "passed",
    "steps" : [ {
      "name" : "Open a browser",
      "time" : {
        "start" : 1693701972012,
        "stop" : 1693701973130,
        "duration" : 1118
      },
      "status" : "passed",
      "steps" : [ ],
      "attachments" : [ ],
      "parameters" : [ ],
      "stepsCount" : 0,
      "attachmentsCount" : 0,
      "shouldDisplayMessage" : false,
      "hasContent" : false
    } ],
    "attachments" : [ ],
    "parameters" : [ ],
    "stepsCount" : 1,
    "attachmentsCount" : 0,
    "shouldDisplayMessage" : false,
    "hasContent" : true
  } ],
  "testStage" : {
    "description" : "Check if all the fields are getting cleared after failed attempt to reset password with invalid captcha",
    "status" : "broken",
    "statusMessage" : "selenium.common.exceptions.TimeoutException: Message: \nStacktrace:\n#0 0x559964fe9e23 <unknown>\n#1 0x559964d127a7 <unknown>\n#2 0x559964d511d3 <unknown>\n#3 0x559964d512c1 <unknown>\n#4 0x559964d8ca04 <unknown>\n#5 0x559964d7203d <unknown>\n#6 0x559964d8a369 <unknown>\n#7 0x559964d71de3 <unknown>\n#8 0x559964d45a7b <unknown>\n#9 0x559964d4681e <unknown>\n#10 0x559964fab638 <unknown>\n#11 0x559964faf507 <unknown>\n#12 0x559964fb9c4c <unknown>\n#13 0x559964fb0136 <unknown>\n#14 0x559964f7e9cf <unknown>\n#15 0x559964fd3b98 <unknown>\n#16 0x559964fd3d68 <unknown>\n#17 0x559964fe2cb3 <unknown>\n#18 0x7fa5f3275b43 <unknown>",
    "statusTrace" : "self = <test_forgot_your_password.TestForgotYourPasswordFunctionality object at 0x7fb61fda7650>\ndriver = <selenium.webdriver.chrome.webdriver.WebDriver (session=\"f98d648218ec4aaa657a696085e3708b\")>\nforgot_psw_page = <pages.forgot_your_password_page.ForgotYourPasswordPage object at 0x7fb620addc10>\n\n    @allure.title('TC 17.01.27 Verify all fields got cleared after the failed attempt to reset password')\n    def test_17_01_27_fields_are_cleared_after_failed_attempt_to_reset_password(self, driver, forgot_psw_page):\n        \"\"\"Check if all the fields are getting cleared after failed attempt to reset password with invalid captcha\"\"\"\n        forgot_psw_page.fill_in_email_field(credentials['valid_email'])\n>       forgot_psw_page.fill_in_forgot_psw_captcha_field(captcha)\n\ntests/test_forgot_your_password.py:215: \n_ _ _ _ _ _ _ _ _ _ _ _ _ _ _ _ _ _ _ _ _ _ _ _ _ _ _ _ _ _ _ _ _ _ _ _ _ _ _ _ \npages/forgot_your_password_page.py:84: in fill_in_forgot_psw_captcha_field\n    return self.fill_in_field(self.check_forgot_psw_captcha_field_is_clickable(), text)\npages/forgot_your_password_page.py:59: in check_forgot_psw_captcha_field_is_clickable\n    return self.element_is_clickable(self.locators.FORGOT_YOUR_PASSWORD_CAPTCHA)\npages/base_page.py:80: in element_is_clickable\n    return wait(self.driver, timeout).until(EC.element_to_be_clickable(locator))\n_ _ _ _ _ _ _ _ _ _ _ _ _ _ _ _ _ _ _ _ _ _ _ _ _ _ _ _ _ _ _ _ _ _ _ _ _ _ _ _ \n\nself = <selenium.webdriver.support.wait.WebDriverWait (session=\"f98d648218ec4aaa657a696085e3708b\")>\nmethod = <function element_to_be_clickable.<locals>._predicate at 0x7fb620b14360>\nmessage = ''\n\n    def until(self, method, message: str = \"\"):\n        \"\"\"Calls the method provided with the driver as an argument until the \\\n        return value does not evaluate to ``False``.\n    \n        :param method: callable(WebDriver)\n        :param message: optional message for :exc:`TimeoutException`\n        :returns: the result of the last call to `method`\n        :raises: :exc:`selenium.common.exceptions.TimeoutException` if timeout occurs\n        \"\"\"\n        screen = None\n        stacktrace = None\n    \n        end_time = time.monotonic() + self._timeout\n        while True:\n            try:\n                value = method(self._driver)\n                if value:\n                    return value\n            except self._ignored_exceptions as exc:\n                screen = getattr(exc, \"screen\", None)\n                stacktrace = getattr(exc, \"stacktrace\", None)\n            time.sleep(self._poll)\n            if time.monotonic() > end_time:\n                break\n>       raise TimeoutException(message, screen, stacktrace)\nE       selenium.common.exceptions.TimeoutException: Message: \nE       Stacktrace:\nE       #0 0x559964fe9e23 <unknown>\nE       #1 0x559964d127a7 <unknown>\nE       #2 0x559964d511d3 <unknown>\nE       #3 0x559964d512c1 <unknown>\nE       #4 0x559964d8ca04 <unknown>\nE       #5 0x559964d7203d <unknown>\nE       #6 0x559964d8a369 <unknown>\nE       #7 0x559964d71de3 <unknown>\nE       #8 0x559964d45a7b <unknown>\nE       #9 0x559964d4681e <unknown>\nE       #10 0x559964fab638 <unknown>\nE       #11 0x559964faf507 <unknown>\nE       #12 0x559964fb9c4c <unknown>\nE       #13 0x559964fb0136 <unknown>\nE       #14 0x559964f7e9cf <unknown>\nE       #15 0x559964fd3b98 <unknown>\nE       #16 0x559964fd3d68 <unknown>\nE       #17 0x559964fe2cb3 <unknown>\nE       #18 0x7fa5f3275b43 <unknown>\n\n/opt/hostedtoolcache/Python/3.11.4/x64/lib/python3.11/site-packages/selenium/webdriver/support/wait.py:95: TimeoutException",
    "steps" : [ {
      "name" : "Fill in Email field",
      "time" : {
        "start" : 1693701973131,
        "stop" : 1693701973616,
        "duration" : 485
      },
      "status" : "passed",
      "steps" : [ {
        "name" : "Check FYP Email field is clickable",
        "time" : {
          "start" : 1693701973131,
          "stop" : 1693701973215,
          "duration" : 84
        },
        "status" : "passed",
        "steps" : [ {
          "name" : "Find clickable elements",
          "time" : {
            "start" : 1693701973131,
            "stop" : 1693701973215,
            "duration" : 84
          },
          "status" : "passed",
          "steps" : [ ],
          "attachments" : [ ],
          "parameters" : [ {
            "name" : "locator",
            "value" : "('css selector', '#email_address')"
          }, {
            "name" : "timeout",
            "value" : "5"
          } ],
          "stepsCount" : 0,
          "attachmentsCount" : 0,
          "shouldDisplayMessage" : false,
          "hasContent" : true
        } ],
        "attachments" : [ ],
        "parameters" : [ ],
        "stepsCount" : 1,
        "attachmentsCount" : 0,
        "shouldDisplayMessage" : false,
        "hasContent" : true
      }, {
        "name" : "Fill in a field",
        "time" : {
          "start" : 1693701973215,
          "stop" : 1693701973616,
          "duration" : 401
        },
        "status" : "passed",
        "steps" : [ {
          "name" : "Find clickable elements",
          "time" : {
            "start" : 1693701973215,
            "stop" : 1693701973255,
            "duration" : 40
          },
          "status" : "passed",
          "steps" : [ ],
          "attachments" : [ ],
          "parameters" : [ {
            "name" : "locator",
            "value" : "<selenium.webdriver.remote.webelement.WebElement (session=\"f98d648218ec4aaa657a696085e3708b\", element=\"4AAC1AD76667D2FD8F851AB9928D81FF_element_2\")>"
          }, {
            "name" : "timeout",
            "value" : "5"
          } ],
          "stepsCount" : 0,
          "attachmentsCount" : 0,
          "shouldDisplayMessage" : false,
          "hasContent" : true
        } ],
        "attachments" : [ ],
        "parameters" : [ {
          "name" : "locator",
          "value" : "<selenium.webdriver.remote.webelement.WebElement (session=\"f98d648218ec4aaa657a696085e3708b\", element=\"4AAC1AD76667D2FD8F851AB9928D81FF_element_2\")>"
        }, {
          "name" : "value",
          "value" : "'test130@mailinator.com'"
        } ],
        "stepsCount" : 1,
        "attachmentsCount" : 0,
        "shouldDisplayMessage" : false,
        "hasContent" : true
      } ],
      "attachments" : [ ],
      "parameters" : [ {
        "name" : "email",
        "value" : "'test130@mailinator.com'"
      } ],
      "stepsCount" : 4,
      "attachmentsCount" : 0,
      "shouldDisplayMessage" : false,
      "hasContent" : true
    }, {
      "name" : "Fill in FYP Email field",
      "time" : {
        "start" : 1693701973616,
        "stop" : 1693701978740,
        "duration" : 5124
      },
      "status" : "broken",
      "statusMessage" : "selenium.common.exceptions.TimeoutException: Message: \nStacktrace:\n#0 0x559964fe9e23 <unknown>\n#1 0x559964d127a7 <unknown>\n#2 0x559964d511d3 <unknown>\n#3 0x559964d512c1 <unknown>\n#4 0x559964d8ca04 <unknown>\n#5 0x559964d7203d <unknown>\n#6 0x559964d8a369 <unknown>\n#7 0x559964d71de3 <unknown>\n#8 0x559964d45a7b <unknown>\n#9 0x559964d4681e <unknown>\n#10 0x559964fab638 <unknown>\n#11 0x559964faf507 <unknown>\n#12 0x559964fb9c4c <unknown>\n#13 0x559964fb0136 <unknown>\n#14 0x559964f7e9cf <unknown>\n#15 0x559964fd3b98 <unknown>\n#16 0x559964fd3d68 <unknown>\n#17 0x559964fe2cb3 <unknown>\n#18 0x7fa5f3275b43 <unknown>\n\n",
      "statusTrace" : "  File \"/opt/hostedtoolcache/Python/3.11.4/x64/lib/python3.11/site-packages/allure_commons/_allure.py\", line 192, in impl\n    return func(*a, **kw)\n           ^^^^^^^^^^^^^^\n  File \"/home/runner/work/luma_project/luma_project/pages/forgot_your_password_page.py\", line 84, in fill_in_forgot_psw_captcha_field\n    return self.fill_in_field(self.check_forgot_psw_captcha_field_is_clickable(), text)\n                              ^^^^^^^^^^^^^^^^^^^^^^^^^^^^^^^^^^^^^^^^^^^^^^^^^^\n  File \"/opt/hostedtoolcache/Python/3.11.4/x64/lib/python3.11/site-packages/allure_commons/_allure.py\", line 192, in impl\n    return func(*a, **kw)\n           ^^^^^^^^^^^^^^\n  File \"/home/runner/work/luma_project/luma_project/pages/forgot_your_password_page.py\", line 59, in check_forgot_psw_captcha_field_is_clickable\n    return self.element_is_clickable(self.locators.FORGOT_YOUR_PASSWORD_CAPTCHA)\n           ^^^^^^^^^^^^^^^^^^^^^^^^^^^^^^^^^^^^^^^^^^^^^^^^^^^^^^^^^^^^^^^^^^^^^\n  File \"/opt/hostedtoolcache/Python/3.11.4/x64/lib/python3.11/site-packages/allure_commons/_allure.py\", line 192, in impl\n    return func(*a, **kw)\n           ^^^^^^^^^^^^^^\n  File \"/home/runner/work/luma_project/luma_project/pages/base_page.py\", line 80, in element_is_clickable\n    return wait(self.driver, timeout).until(EC.element_to_be_clickable(locator))\n           ^^^^^^^^^^^^^^^^^^^^^^^^^^^^^^^^^^^^^^^^^^^^^^^^^^^^^^^^^^^^^^^^^^^^^\n  File \"/opt/hostedtoolcache/Python/3.11.4/x64/lib/python3.11/site-packages/selenium/webdriver/support/wait.py\", line 95, in until\n    raise TimeoutException(message, screen, stacktrace)\n",
      "steps" : [ {
        "name" : "Check FYP captcha input field is clickable",
        "time" : {
          "start" : 1693701973616,
          "stop" : 1693701978740,
          "duration" : 5124
        },
        "status" : "broken",
        "statusMessage" : "selenium.common.exceptions.TimeoutException: Message: \nStacktrace:\n#0 0x559964fe9e23 <unknown>\n#1 0x559964d127a7 <unknown>\n#2 0x559964d511d3 <unknown>\n#3 0x559964d512c1 <unknown>\n#4 0x559964d8ca04 <unknown>\n#5 0x559964d7203d <unknown>\n#6 0x559964d8a369 <unknown>\n#7 0x559964d71de3 <unknown>\n#8 0x559964d45a7b <unknown>\n#9 0x559964d4681e <unknown>\n#10 0x559964fab638 <unknown>\n#11 0x559964faf507 <unknown>\n#12 0x559964fb9c4c <unknown>\n#13 0x559964fb0136 <unknown>\n#14 0x559964f7e9cf <unknown>\n#15 0x559964fd3b98 <unknown>\n#16 0x559964fd3d68 <unknown>\n#17 0x559964fe2cb3 <unknown>\n#18 0x7fa5f3275b43 <unknown>\n\n",
        "statusTrace" : "  File \"/opt/hostedtoolcache/Python/3.11.4/x64/lib/python3.11/site-packages/allure_commons/_allure.py\", line 192, in impl\n    return func(*a, **kw)\n           ^^^^^^^^^^^^^^\n  File \"/home/runner/work/luma_project/luma_project/pages/forgot_your_password_page.py\", line 59, in check_forgot_psw_captcha_field_is_clickable\n    return self.element_is_clickable(self.locators.FORGOT_YOUR_PASSWORD_CAPTCHA)\n           ^^^^^^^^^^^^^^^^^^^^^^^^^^^^^^^^^^^^^^^^^^^^^^^^^^^^^^^^^^^^^^^^^^^^^\n  File \"/opt/hostedtoolcache/Python/3.11.4/x64/lib/python3.11/site-packages/allure_commons/_allure.py\", line 192, in impl\n    return func(*a, **kw)\n           ^^^^^^^^^^^^^^\n  File \"/home/runner/work/luma_project/luma_project/pages/base_page.py\", line 80, in element_is_clickable\n    return wait(self.driver, timeout).until(EC.element_to_be_clickable(locator))\n           ^^^^^^^^^^^^^^^^^^^^^^^^^^^^^^^^^^^^^^^^^^^^^^^^^^^^^^^^^^^^^^^^^^^^^\n  File \"/opt/hostedtoolcache/Python/3.11.4/x64/lib/python3.11/site-packages/selenium/webdriver/support/wait.py\", line 95, in until\n    raise TimeoutException(message, screen, stacktrace)\n",
        "steps" : [ {
          "name" : "Find clickable elements",
          "time" : {
            "start" : 1693701973617,
            "stop" : 1693701978739,
            "duration" : 5122
          },
          "status" : "broken",
          "statusMessage" : "selenium.common.exceptions.TimeoutException: Message: \nStacktrace:\n#0 0x559964fe9e23 <unknown>\n#1 0x559964d127a7 <unknown>\n#2 0x559964d511d3 <unknown>\n#3 0x559964d512c1 <unknown>\n#4 0x559964d8ca04 <unknown>\n#5 0x559964d7203d <unknown>\n#6 0x559964d8a369 <unknown>\n#7 0x559964d71de3 <unknown>\n#8 0x559964d45a7b <unknown>\n#9 0x559964d4681e <unknown>\n#10 0x559964fab638 <unknown>\n#11 0x559964faf507 <unknown>\n#12 0x559964fb9c4c <unknown>\n#13 0x559964fb0136 <unknown>\n#14 0x559964f7e9cf <unknown>\n#15 0x559964fd3b98 <unknown>\n#16 0x559964fd3d68 <unknown>\n#17 0x559964fe2cb3 <unknown>\n#18 0x7fa5f3275b43 <unknown>\n\n",
          "statusTrace" : "  File \"/opt/hostedtoolcache/Python/3.11.4/x64/lib/python3.11/site-packages/allure_commons/_allure.py\", line 192, in impl\n    return func(*a, **kw)\n           ^^^^^^^^^^^^^^\n  File \"/home/runner/work/luma_project/luma_project/pages/base_page.py\", line 80, in element_is_clickable\n    return wait(self.driver, timeout).until(EC.element_to_be_clickable(locator))\n           ^^^^^^^^^^^^^^^^^^^^^^^^^^^^^^^^^^^^^^^^^^^^^^^^^^^^^^^^^^^^^^^^^^^^^\n  File \"/opt/hostedtoolcache/Python/3.11.4/x64/lib/python3.11/site-packages/selenium/webdriver/support/wait.py\", line 95, in until\n    raise TimeoutException(message, screen, stacktrace)\n",
          "steps" : [ ],
          "attachments" : [ ],
          "parameters" : [ {
            "name" : "locator",
            "value" : "('css selector', '#captcha_user_forgotpassword')"
          }, {
            "name" : "timeout",
            "value" : "5"
          } ],
          "stepsCount" : 0,
          "attachmentsCount" : 0,
          "shouldDisplayMessage" : true,
          "hasContent" : true
        } ],
        "attachments" : [ ],
        "parameters" : [ ],
        "stepsCount" : 1,
        "attachmentsCount" : 0,
        "shouldDisplayMessage" : false,
        "hasContent" : true
      } ],
      "attachments" : [ ],
      "parameters" : [ {
        "name" : "text",
        "value" : "'pLWmqS'"
      } ],
      "stepsCount" : 2,
      "attachmentsCount" : 0,
      "shouldDisplayMessage" : false,
      "hasContent" : true
    } ],
    "attachments" : [ {
      "uid" : "895715acd0dfe0d5",
      "name" : "Screenshot",
      "source" : "895715acd0dfe0d5.png",
      "type" : "image/png",
      "size" : 69173
    }, {
      "uid" : "98434916a9e95460",
      "name" : "HTML source",
      "source" : "98434916a9e95460.html",
      "type" : "text/html",
      "size" : 77958
    } ],
    "parameters" : [ ],
    "stepsCount" : 8,
    "attachmentsCount" : 2,
    "shouldDisplayMessage" : true,
    "hasContent" : true
  },
  "afterStages" : [ {
    "name" : "clear_allure_result_folder::0",
    "time" : {
      "start" : 1693703036260,
      "stop" : 1693703036260,
      "duration" : 0
    },
    "status" : "passed",
    "steps" : [ ],
    "attachments" : [ ],
    "parameters" : [ ],
    "stepsCount" : 0,
    "attachmentsCount" : 0,
    "shouldDisplayMessage" : false,
    "hasContent" : false
  }, {
    "name" : "driver::0",
    "time" : {
      "start" : 1693701978922,
      "stop" : 1693701978992,
      "duration" : 70
    },
    "status" : "passed",
    "steps" : [ ],
    "attachments" : [ ],
    "parameters" : [ ],
    "stepsCount" : 0,
    "attachmentsCount" : 0,
    "shouldDisplayMessage" : false,
    "hasContent" : false
  } ],
  "labels" : [ {
    "name" : "epic",
    "value" : "Forgot Your Password Functionality"
  }, {
    "name" : "parentSuite",
    "value" : "tests"
  }, {
    "name" : "suite",
    "value" : "test_forgot_your_password"
  }, {
    "name" : "subSuite",
    "value" : "TestForgotYourPasswordFunctionality"
  }, {
    "name" : "host",
    "value" : "fv-az448-717"
  }, {
    "name" : "thread",
    "value" : "2920-MainThread"
  }, {
    "name" : "framework",
    "value" : "pytest"
  }, {
    "name" : "language",
    "value" : "cpython3"
  }, {
    "name" : "package",
    "value" : "tests.test_forgot_your_password"
  }, {
    "name" : "resultFormat",
    "value" : "allure2"
  } ],
  "parameters" : [ ],
  "links" : [ ],
  "hidden" : false,
  "retry" : false,
  "extra" : {
    "severity" : "normal",
    "retries" : [ ],
    "categories" : [ {
      "name" : "Test defects",
      "matchedStatuses" : [ ],
      "flaky" : false
    } ],
    "tags" : [ ]
  },
  "source" : "66de384fc02eb955.json",
  "parameterValues" : [ ]
}