{
  "uid" : "6823e7b754bb2f6d",
  "name" : "test_tc_01_15_04_check_that_it_is_possible_to_vote_for_4_star",
  "fullName" : "tests.test_reviews_page.TestReviews#test_tc_01_15_04_check_that_it_is_possible_to_vote_for_4_star",
  "historyId" : "35f5c2973e4c2aa675f5aa7de8684c7e",
  "time" : {
    "start" : 1694912202845,
    "stop" : 1694912213126,
    "duration" : 10281
  },
  "description" : "\n        The user is NOT logged in, located in the product card, section \"Reviews\"\n        1. All required fields are filled with correct data\n        2. Pressed 4 star\n        3.The \"Submit Review\" button is pressed\n        Result: Present in the DOM and visible on the page the message: \"You submitted your review for moderation.\n        This code works when run on Win, Mac, Ubuntu on a real laptop and has the features of working on GitHub Action.\n        When interacting with the GitHub Action, it checks not for the text of the \"Success\" message, but for the \"Success\" URL\"\n        ",
  "descriptionHtml" : "<pre><code>    The user is NOT logged in, located in the product card, section &quot;Reviews&quot;\n    1. All required fields are filled with correct data\n    2. Pressed 4 star\n    3.The &quot;Submit Review&quot; button is pressed\n    Result: Present in the DOM and visible on the page the message: &quot;You submitted your review for moderation.\n    This code works when run on Win, Mac, Ubuntu on a real laptop and has the features of working on GitHub Action.\n    When interacting with the GitHub Action, it checks not for the text of the &quot;Success&quot; message, but for the &quot;Success&quot; URL&quot;\n</code></pre>\n",
  "status" : "failed",
  "statusMessage" : "AssertionError: Leave a review failed\nassert (None == 'You submitted your review for moderation.' or 'https://magento.softwaretestingboard.com/review/product/post/id' in 'https://magento.softwaretestingboard.com/meteor-workout-short.html#reviews')",
  "statusTrace" : "self = <test_reviews_page.TestReviews object at 0x7feba790a850>\ndriver = <selenium.webdriver.chrome.webdriver.WebDriver (session=\"fc708b4ecf4273c12cbae75d09a6d49f\")>\n\n    def test_tc_01_15_04_check_that_it_is_possible_to_vote_for_4_star(self, driver):\n        \"\"\"\n        The user is NOT logged in, located in the product card, section \"Reviews\"\n        1. All required fields are filled with correct data\n        2. Pressed 4 star\n        3.The \"Submit Review\" button is pressed\n        Result: Present in the DOM and visible on the page the message: \"You submitted your review for moderation.\n        This code works when run on Win, Mac, Ubuntu on a real laptop and has the features of working on GitHub Action.\n        When interacting with the GitHub Action, it checks not for the text of the \"Success\" message, but for the \"Success\" URL\"\n        \"\"\"\n    \n        \"\"\"Steps\"\"\"\n        page = ReviewsPage(driver, REVIEWS_URL_GENERAL)\n        page.open()\n    \n        \"\"\"Get the current URL and print it\"\"\"\n        page.get_the_current_URL_and_print_it()\n    \n        \"\"\"Steps\"\"\"\n        page.open_review_menu()\n        page.star_4_review_correct()\n        page.nickname_input_review_correct()\n        page.summary_input_review_correct()\n        page.review_input_review_correct()\n    \n        \"\"\"Button click\"\"\"\n        page.send_review_correct()\n    \n        \"\"\"Checking the success message\"\"\"\n        # Checking if there are empty fields or an unpressed star\n        page.checking_for_blank_fields_or_an_unpressed_star()\n        # Checking if the feedback was sent successfully\n        review_successfully_submitted = page.review_have_been_send_correctly()\n    \n        \"\"\"Get the current URL and print it\n        The variable is requested first for comparison, now for use in an assertion for a GitHub Action\"\"\"\n        result_CI_GitHub_Action_URL = page.get_the_current_URL_and_print_it()\n    \n        if review_successfully_submitted == \"You submitted your review for moderation.\":\n            print('review_successfully_submitted', ' \"Success\" = Review sent successfully!')\n            assert review_successfully_submitted == \"You submitted your review for moderation.\", \"Leave a review failed\"\n    \n        elif 'https://magento.softwaretestingboard.com/review/product/post/id' in result_CI_GitHub_Action_URL:\n            print('review_successfully_submitted', ' \"Success\" = Review sent successfully!')\n            print('The review is recorded at the address and under the number: ', result_CI_GitHub_Action_URL)\n            assert 'https://magento.softwaretestingboard.com/review/product/post/id' in result_CI_GitHub_Action_URL, \"Leave a review failed\"\n    \n        else:\n            print('Leave a review failed')\n>           assert review_successfully_submitted == \"You submitted your review for moderation.\" or 'https://magento.softwaretestingboard.com/review/product/post/id' in result_CI_GitHub_Action_URL, \"Leave a review failed\"\nE           AssertionError: Leave a review failed\nE           assert (None == 'You submitted your review for moderation.' or 'https://magento.softwaretestingboard.com/review/product/post/id' in 'https://magento.softwaretestingboard.com/meteor-workout-short.html#reviews')\n\ntests/test_reviews_page.py:218: AssertionError",
  "flaky" : false,
  "newFailed" : false,
  "beforeStages" : [ {
    "name" : "_session_faker",
    "time" : {
      "start" : 1694911172899,
      "stop" : 1694911172978,
      "duration" : 79
    },
    "status" : "passed",
    "steps" : [ ],
    "attachments" : [ ],
    "parameters" : [ ],
    "stepsCount" : 0,
    "attachmentsCount" : 0,
    "shouldDisplayMessage" : false,
    "hasContent" : false
  }, {
    "name" : "driver",
    "time" : {
      "start" : 1694912201776,
      "stop" : 1694912202845,
      "duration" : 1069
    },
    "status" : "passed",
    "steps" : [ ],
    "attachments" : [ ],
    "parameters" : [ ],
    "stepsCount" : 0,
    "attachmentsCount" : 0,
    "shouldDisplayMessage" : false,
    "hasContent" : false
  }, {
    "name" : "clear_allure_result_folder",
    "time" : {
      "start" : 1694911172978,
      "stop" : 1694911172979,
      "duration" : 1
    },
    "status" : "passed",
    "steps" : [ ],
    "attachments" : [ ],
    "parameters" : [ ],
    "stepsCount" : 0,
    "attachmentsCount" : 0,
    "shouldDisplayMessage" : false,
    "hasContent" : false
  } ],
  "testStage" : {
    "description" : "\n        The user is NOT logged in, located in the product card, section \"Reviews\"\n        1. All required fields are filled with correct data\n        2. Pressed 4 star\n        3.The \"Submit Review\" button is pressed\n        Result: Present in the DOM and visible on the page the message: \"You submitted your review for moderation.\n        This code works when run on Win, Mac, Ubuntu on a real laptop and has the features of working on GitHub Action.\n        When interacting with the GitHub Action, it checks not for the text of the \"Success\" message, but for the \"Success\" URL\"\n        ",
    "status" : "failed",
    "statusMessage" : "AssertionError: Leave a review failed\nassert (None == 'You submitted your review for moderation.' or 'https://magento.softwaretestingboard.com/review/product/post/id' in 'https://magento.softwaretestingboard.com/meteor-workout-short.html#reviews')",
    "statusTrace" : "self = <test_reviews_page.TestReviews object at 0x7feba790a850>\ndriver = <selenium.webdriver.chrome.webdriver.WebDriver (session=\"fc708b4ecf4273c12cbae75d09a6d49f\")>\n\n    def test_tc_01_15_04_check_that_it_is_possible_to_vote_for_4_star(self, driver):\n        \"\"\"\n        The user is NOT logged in, located in the product card, section \"Reviews\"\n        1. All required fields are filled with correct data\n        2. Pressed 4 star\n        3.The \"Submit Review\" button is pressed\n        Result: Present in the DOM and visible on the page the message: \"You submitted your review for moderation.\n        This code works when run on Win, Mac, Ubuntu on a real laptop and has the features of working on GitHub Action.\n        When interacting with the GitHub Action, it checks not for the text of the \"Success\" message, but for the \"Success\" URL\"\n        \"\"\"\n    \n        \"\"\"Steps\"\"\"\n        page = ReviewsPage(driver, REVIEWS_URL_GENERAL)\n        page.open()\n    \n        \"\"\"Get the current URL and print it\"\"\"\n        page.get_the_current_URL_and_print_it()\n    \n        \"\"\"Steps\"\"\"\n        page.open_review_menu()\n        page.star_4_review_correct()\n        page.nickname_input_review_correct()\n        page.summary_input_review_correct()\n        page.review_input_review_correct()\n    \n        \"\"\"Button click\"\"\"\n        page.send_review_correct()\n    \n        \"\"\"Checking the success message\"\"\"\n        # Checking if there are empty fields or an unpressed star\n        page.checking_for_blank_fields_or_an_unpressed_star()\n        # Checking if the feedback was sent successfully\n        review_successfully_submitted = page.review_have_been_send_correctly()\n    \n        \"\"\"Get the current URL and print it\n        The variable is requested first for comparison, now for use in an assertion for a GitHub Action\"\"\"\n        result_CI_GitHub_Action_URL = page.get_the_current_URL_and_print_it()\n    \n        if review_successfully_submitted == \"You submitted your review for moderation.\":\n            print('review_successfully_submitted', ' \"Success\" = Review sent successfully!')\n            assert review_successfully_submitted == \"You submitted your review for moderation.\", \"Leave a review failed\"\n    \n        elif 'https://magento.softwaretestingboard.com/review/product/post/id' in result_CI_GitHub_Action_URL:\n            print('review_successfully_submitted', ' \"Success\" = Review sent successfully!')\n            print('The review is recorded at the address and under the number: ', result_CI_GitHub_Action_URL)\n            assert 'https://magento.softwaretestingboard.com/review/product/post/id' in result_CI_GitHub_Action_URL, \"Leave a review failed\"\n    \n        else:\n            print('Leave a review failed')\n>           assert review_successfully_submitted == \"You submitted your review for moderation.\" or 'https://magento.softwaretestingboard.com/review/product/post/id' in result_CI_GitHub_Action_URL, \"Leave a review failed\"\nE           AssertionError: Leave a review failed\nE           assert (None == 'You submitted your review for moderation.' or 'https://magento.softwaretestingboard.com/review/product/post/id' in 'https://magento.softwaretestingboard.com/meteor-workout-short.html#reviews')\n\ntests/test_reviews_page.py:218: AssertionError",
    "steps" : [ {
      "name" : "Open a browser",
      "time" : {
        "start" : 1694912202845,
        "stop" : 1694912203774,
        "duration" : 929
      },
      "status" : "passed",
      "steps" : [ ],
      "attachments" : [ ],
      "parameters" : [ ],
      "stepsCount" : 0,
      "attachmentsCount" : 0,
      "shouldDisplayMessage" : false,
      "hasContent" : false
    }, {
      "name" : "Find clickable elements",
      "time" : {
        "start" : 1694912203779,
        "stop" : 1694912203813,
        "duration" : 34
      },
      "status" : "passed",
      "steps" : [ ],
      "attachments" : [ ],
      "parameters" : [ {
        "name" : "locator",
        "value" : "('css selector', '#tab-label-reviews-title')"
      }, {
        "name" : "timeout",
        "value" : "5"
      } ],
      "stepsCount" : 0,
      "attachmentsCount" : 0,
      "shouldDisplayMessage" : false,
      "hasContent" : true
    }, {
      "name" : "Click not in the center of the selector, but in its right part, to the right from the center by 45 pixels",
      "time" : {
        "start" : 1694912204869,
        "stop" : 1694912205202,
        "duration" : 333
      },
      "status" : "passed",
      "steps" : [ ],
      "attachments" : [ ],
      "parameters" : [ {
        "name" : "locator",
        "value" : "('css selector', '#Rating_4_label')"
      }, {
        "name" : "timeout",
        "value" : "5"
      } ],
      "stepsCount" : 0,
      "attachmentsCount" : 0,
      "shouldDisplayMessage" : false,
      "hasContent" : true
    }, {
      "name" : "Find clickable elements",
      "time" : {
        "start" : 1694912205202,
        "stop" : 1694912205246,
        "duration" : 44
      },
      "status" : "passed",
      "steps" : [ ],
      "attachments" : [ ],
      "parameters" : [ {
        "name" : "locator",
        "value" : "('css selector', '#nickname_field')"
      }, {
        "name" : "timeout",
        "value" : "5"
      } ],
      "stepsCount" : 0,
      "attachmentsCount" : 0,
      "shouldDisplayMessage" : false,
      "hasContent" : true
    }, {
      "name" : "Find clickable elements",
      "time" : {
        "start" : 1694912205363,
        "stop" : 1694912205387,
        "duration" : 24
      },
      "status" : "passed",
      "steps" : [ ],
      "attachments" : [ ],
      "parameters" : [ {
        "name" : "locator",
        "value" : "('css selector', '#summary_field')"
      }, {
        "name" : "timeout",
        "value" : "5"
      } ],
      "stepsCount" : 0,
      "attachmentsCount" : 0,
      "shouldDisplayMessage" : false,
      "hasContent" : true
    }, {
      "name" : "Find clickable elements",
      "time" : {
        "start" : 1694912205490,
        "stop" : 1694912205518,
        "duration" : 28
      },
      "status" : "passed",
      "steps" : [ ],
      "attachments" : [ ],
      "parameters" : [ {
        "name" : "locator",
        "value" : "('css selector', '#review_field')"
      }, {
        "name" : "timeout",
        "value" : "5"
      } ],
      "stepsCount" : 0,
      "attachmentsCount" : 0,
      "shouldDisplayMessage" : false,
      "hasContent" : true
    }, {
      "name" : "Move cursor to element. Perform a click action without navigating to a new page",
      "time" : {
        "start" : 1694912206610,
        "stop" : 1694912206932,
        "duration" : 322
      },
      "status" : "passed",
      "steps" : [ {
        "name" : "Find element (unpacking)",
        "time" : {
          "start" : 1694912206610,
          "stop" : 1694912206622,
          "duration" : 12
        },
        "status" : "passed",
        "steps" : [ ],
        "attachments" : [ ],
        "parameters" : [ {
          "name" : "locator",
          "value" : "('css selector', '.submit')"
        } ],
        "stepsCount" : 0,
        "attachmentsCount" : 0,
        "shouldDisplayMessage" : false,
        "hasContent" : true
      } ],
      "attachments" : [ ],
      "parameters" : [ {
        "name" : "locator",
        "value" : "('css selector', '.submit')"
      } ],
      "stepsCount" : 1,
      "attachmentsCount" : 0,
      "shouldDisplayMessage" : false,
      "hasContent" : true
    }, {
      "name" : "Find a present element",
      "time" : {
        "start" : 1694912207933,
        "stop" : 1694912207947,
        "duration" : 14
      },
      "status" : "passed",
      "steps" : [ ],
      "attachments" : [ ],
      "parameters" : [ {
        "name" : "locator",
        "value" : "('css selector', '.mage-error')"
      }, {
        "name" : "timeout",
        "value" : "5"
      } ],
      "stepsCount" : 0,
      "attachmentsCount" : 0,
      "shouldDisplayMessage" : false,
      "hasContent" : true
    }, {
      "name" : "Click not in the center of the selector, but in its right part, with a margin from the right edge of 5 pixels",
      "time" : {
        "start" : 1694912207947,
        "stop" : 1694912208005,
        "duration" : 58
      },
      "status" : "passed",
      "steps" : [ ],
      "attachments" : [ ],
      "parameters" : [ {
        "name" : "locator",
        "value" : "('css selector', '.mage-error')"
      }, {
        "name" : "timeout",
        "value" : "5"
      } ],
      "stepsCount" : 0,
      "attachmentsCount" : 0,
      "shouldDisplayMessage" : false,
      "hasContent" : true
    }, {
      "name" : "Get element text",
      "time" : {
        "start" : 1694912208006,
        "stop" : 1694912213120,
        "duration" : 5114
      },
      "status" : "broken",
      "statusMessage" : "selenium.common.exceptions.TimeoutException: Message: \nStacktrace:\n#0 0x55bfa1709e23 <unknown>\n#1 0x55bfa14327a7 <unknown>\n#2 0x55bfa14711d3 <unknown>\n#3 0x55bfa14712c1 <unknown>\n#4 0x55bfa14aca04 <unknown>\n#5 0x55bfa149203d <unknown>\n#6 0x55bfa14aa369 <unknown>\n#7 0x55bfa1491de3 <unknown>\n#8 0x55bfa1465a7b <unknown>\n#9 0x55bfa146681e <unknown>\n#10 0x55bfa16cb638 <unknown>\n#11 0x55bfa16cf507 <unknown>\n#12 0x55bfa16d9c4c <unknown>\n#13 0x55bfa16d0136 <unknown>\n#14 0x55bfa169e9cf <unknown>\n#15 0x55bfa16f3b98 <unknown>\n#16 0x55bfa16f3d68 <unknown>\n#17 0x55bfa1702cb3 <unknown>\n#18 0x7fd0bc494b43 <unknown>\n\n",
      "statusTrace" : "  File \"/opt/hostedtoolcache/Python/3.11.5/x64/lib/python3.11/site-packages/allure_commons/_allure.py\", line 192, in impl\n    return func(*a, **kw)\n           ^^^^^^^^^^^^^^\n  File \"/home/runner/work/luma_project/luma_project/pages/base_page.py\", line 144, in get_text\n    text = self.element_is_visible(locator)\n           ^^^^^^^^^^^^^^^^^^^^^^^^^^^^^^^^\n  File \"/opt/hostedtoolcache/Python/3.11.5/x64/lib/python3.11/site-packages/allure_commons/_allure.py\", line 192, in impl\n    return func(*a, **kw)\n           ^^^^^^^^^^^^^^\n  File \"/home/runner/work/luma_project/luma_project/pages/base_page.py\", line 29, in element_is_visible\n    self.go_to_element(self.element_is_present(locator))\n                       ^^^^^^^^^^^^^^^^^^^^^^^^^^^^^^^^\n  File \"/opt/hostedtoolcache/Python/3.11.5/x64/lib/python3.11/site-packages/allure_commons/_allure.py\", line 192, in impl\n    return func(*a, **kw)\n           ^^^^^^^^^^^^^^\n  File \"/home/runner/work/luma_project/luma_project/pages/base_page.py\", line 50, in element_is_present\n    return wait(self.driver, timeout).until(EC.presence_of_element_located(locator))\n           ^^^^^^^^^^^^^^^^^^^^^^^^^^^^^^^^^^^^^^^^^^^^^^^^^^^^^^^^^^^^^^^^^^^^^^^^^\n  File \"/opt/hostedtoolcache/Python/3.11.5/x64/lib/python3.11/site-packages/selenium/webdriver/support/wait.py\", line 95, in until\n    raise TimeoutException(message, screen, stacktrace)\n",
      "steps" : [ {
        "name" : "Find a visible element",
        "time" : {
          "start" : 1694912208006,
          "stop" : 1694912213120,
          "duration" : 5114
        },
        "status" : "broken",
        "statusMessage" : "selenium.common.exceptions.TimeoutException: Message: \nStacktrace:\n#0 0x55bfa1709e23 <unknown>\n#1 0x55bfa14327a7 <unknown>\n#2 0x55bfa14711d3 <unknown>\n#3 0x55bfa14712c1 <unknown>\n#4 0x55bfa14aca04 <unknown>\n#5 0x55bfa149203d <unknown>\n#6 0x55bfa14aa369 <unknown>\n#7 0x55bfa1491de3 <unknown>\n#8 0x55bfa1465a7b <unknown>\n#9 0x55bfa146681e <unknown>\n#10 0x55bfa16cb638 <unknown>\n#11 0x55bfa16cf507 <unknown>\n#12 0x55bfa16d9c4c <unknown>\n#13 0x55bfa16d0136 <unknown>\n#14 0x55bfa169e9cf <unknown>\n#15 0x55bfa16f3b98 <unknown>\n#16 0x55bfa16f3d68 <unknown>\n#17 0x55bfa1702cb3 <unknown>\n#18 0x7fd0bc494b43 <unknown>\n\n",
        "statusTrace" : "  File \"/opt/hostedtoolcache/Python/3.11.5/x64/lib/python3.11/site-packages/allure_commons/_allure.py\", line 192, in impl\n    return func(*a, **kw)\n           ^^^^^^^^^^^^^^\n  File \"/home/runner/work/luma_project/luma_project/pages/base_page.py\", line 29, in element_is_visible\n    self.go_to_element(self.element_is_present(locator))\n                       ^^^^^^^^^^^^^^^^^^^^^^^^^^^^^^^^\n  File \"/opt/hostedtoolcache/Python/3.11.5/x64/lib/python3.11/site-packages/allure_commons/_allure.py\", line 192, in impl\n    return func(*a, **kw)\n           ^^^^^^^^^^^^^^\n  File \"/home/runner/work/luma_project/luma_project/pages/base_page.py\", line 50, in element_is_present\n    return wait(self.driver, timeout).until(EC.presence_of_element_located(locator))\n           ^^^^^^^^^^^^^^^^^^^^^^^^^^^^^^^^^^^^^^^^^^^^^^^^^^^^^^^^^^^^^^^^^^^^^^^^^\n  File \"/opt/hostedtoolcache/Python/3.11.5/x64/lib/python3.11/site-packages/selenium/webdriver/support/wait.py\", line 95, in until\n    raise TimeoutException(message, screen, stacktrace)\n",
        "steps" : [ {
          "name" : "Find a present element",
          "time" : {
            "start" : 1694912208006,
            "stop" : 1694912213120,
            "duration" : 5114
          },
          "status" : "broken",
          "statusMessage" : "selenium.common.exceptions.TimeoutException: Message: \nStacktrace:\n#0 0x55bfa1709e23 <unknown>\n#1 0x55bfa14327a7 <unknown>\n#2 0x55bfa14711d3 <unknown>\n#3 0x55bfa14712c1 <unknown>\n#4 0x55bfa14aca04 <unknown>\n#5 0x55bfa149203d <unknown>\n#6 0x55bfa14aa369 <unknown>\n#7 0x55bfa1491de3 <unknown>\n#8 0x55bfa1465a7b <unknown>\n#9 0x55bfa146681e <unknown>\n#10 0x55bfa16cb638 <unknown>\n#11 0x55bfa16cf507 <unknown>\n#12 0x55bfa16d9c4c <unknown>\n#13 0x55bfa16d0136 <unknown>\n#14 0x55bfa169e9cf <unknown>\n#15 0x55bfa16f3b98 <unknown>\n#16 0x55bfa16f3d68 <unknown>\n#17 0x55bfa1702cb3 <unknown>\n#18 0x7fd0bc494b43 <unknown>\n\n",
          "statusTrace" : "  File \"/opt/hostedtoolcache/Python/3.11.5/x64/lib/python3.11/site-packages/allure_commons/_allure.py\", line 192, in impl\n    return func(*a, **kw)\n           ^^^^^^^^^^^^^^\n  File \"/home/runner/work/luma_project/luma_project/pages/base_page.py\", line 50, in element_is_present\n    return wait(self.driver, timeout).until(EC.presence_of_element_located(locator))\n           ^^^^^^^^^^^^^^^^^^^^^^^^^^^^^^^^^^^^^^^^^^^^^^^^^^^^^^^^^^^^^^^^^^^^^^^^^\n  File \"/opt/hostedtoolcache/Python/3.11.5/x64/lib/python3.11/site-packages/selenium/webdriver/support/wait.py\", line 95, in until\n    raise TimeoutException(message, screen, stacktrace)\n",
          "steps" : [ ],
          "attachments" : [ ],
          "parameters" : [ {
            "name" : "locator",
            "value" : "('css selector', '.message-success')"
          }, {
            "name" : "timeout",
            "value" : "5"
          } ],
          "stepsCount" : 0,
          "attachmentsCount" : 0,
          "shouldDisplayMessage" : true,
          "hasContent" : true
        } ],
        "attachments" : [ ],
        "parameters" : [ {
          "name" : "locator",
          "value" : "('css selector', '.message-success')"
        }, {
          "name" : "timeout",
          "value" : "10"
        } ],
        "stepsCount" : 1,
        "attachmentsCount" : 0,
        "shouldDisplayMessage" : false,
        "hasContent" : true
      } ],
      "attachments" : [ ],
      "parameters" : [ {
        "name" : "locator",
        "value" : "('css selector', '.message-success')"
      } ],
      "stepsCount" : 2,
      "attachmentsCount" : 0,
      "shouldDisplayMessage" : false,
      "hasContent" : true
    } ],
    "attachments" : [ {
      "uid" : "6544b26580483f07",
      "name" : "Screenshot",
      "source" : "6544b26580483f07.png",
      "type" : "image/png",
      "size" : 65774
    }, {
      "uid" : "753b2a7c4a6b539d",
      "name" : "HTML source",
      "source" : "753b2a7c4a6b539d.html",
      "type" : "text/html",
      "size" : 132371
    } ],
    "parameters" : [ ],
    "stepsCount" : 13,
    "attachmentsCount" : 2,
    "shouldDisplayMessage" : true,
    "hasContent" : true
  },
  "afterStages" : [ {
    "name" : "driver::0",
    "time" : {
      "start" : 1694912213288,
      "stop" : 1694912213354,
      "duration" : 66
    },
    "status" : "passed",
    "steps" : [ ],
    "attachments" : [ ],
    "parameters" : [ ],
    "stepsCount" : 0,
    "attachmentsCount" : 0,
    "shouldDisplayMessage" : false,
    "hasContent" : false
  }, {
    "name" : "clear_allure_result_folder::0",
    "time" : {
      "start" : 1694912643690,
      "stop" : 1694912643690,
      "duration" : 0
    },
    "status" : "passed",
    "steps" : [ ],
    "attachments" : [ ],
    "parameters" : [ ],
    "stepsCount" : 0,
    "attachmentsCount" : 0,
    "shouldDisplayMessage" : false,
    "hasContent" : false
  } ],
  "labels" : [ {
    "name" : "parentSuite",
    "value" : "tests"
  }, {
    "name" : "suite",
    "value" : "test_reviews_page"
  }, {
    "name" : "subSuite",
    "value" : "TestReviews"
  }, {
    "name" : "host",
    "value" : "fv-az436-812"
  }, {
    "name" : "thread",
    "value" : "3004-MainThread"
  }, {
    "name" : "framework",
    "value" : "pytest"
  }, {
    "name" : "language",
    "value" : "cpython3"
  }, {
    "name" : "package",
    "value" : "tests.test_reviews_page"
  }, {
    "name" : "resultFormat",
    "value" : "allure2"
  } ],
  "parameters" : [ ],
  "links" : [ ],
  "hidden" : false,
  "retry" : false,
  "extra" : {
    "severity" : "normal",
    "retries" : [ ],
    "categories" : [ {
      "name" : "Product defects",
      "matchedStatuses" : [ ],
      "flaky" : false
    } ],
    "tags" : [ ]
  },
  "source" : "6823e7b754bb2f6d.json",
  "parameterValues" : [ ]
}