{
  "uid" : "6c300bad838146a0",
  "name" : "TC 17.01.15 Verify Reload captcha button is clickable",
  "fullName" : "tests.test_forgot_your_password.TestForgotYourPassword#test_17_01_15_reload_captcha_is_clickable",
  "historyId" : "af56a4cf8ff8e384f30c040fdea3566a",
  "time" : {
    "start" : 1691282859644,
    "stop" : 1691282864833,
    "duration" : 5189
  },
  "description" : "Check that the 'Reload captcha' button is clickable",
  "descriptionHtml" : "<p>Check that the 'Reload captcha' button is clickable</p>\n",
  "status" : "broken",
  "statusMessage" : "selenium.common.exceptions.TimeoutException: Message: \nStacktrace:\n#0 0x55ea38899783 <unknown>\n#1 0x55ea385c5917 <unknown>\n#2 0x55ea3860431b <unknown>\n#3 0x55ea38604411 <unknown>\n#4 0x55ea3863f674 <unknown>\n#5 0x55ea38624e2d <unknown>\n#6 0x55ea3863d0d9 <unknown>\n#7 0x55ea38624bd3 <unknown>\n#8 0x55ea385f8a7b <unknown>\n#9 0x55ea385f981e <unknown>\n#10 0x55ea3885ae98 <unknown>\n#11 0x55ea3885ed67 <unknown>\n#12 0x55ea3886932c <unknown>\n#13 0x55ea3885f993 <unknown>\n#14 0x55ea3882e827 <unknown>\n#15 0x55ea388838a8 <unknown>\n#16 0x55ea38883a36 <unknown>\n#17 0x55ea388925f3 <unknown>\n#18 0x7f0557c5fb43 <unknown>",
  "statusTrace" : "self = <test_forgot_your_password.TestForgotYourPassword object at 0x7f08b85904d0>\ndriver = <selenium.webdriver.chrome.webdriver.WebDriver (session=\"ae0044a7f2e4ded1a3502050028a458c\")>\nforgot_psw_page = <pages.forgot_your_password_page.ForgotYourPasswordPage object at 0x7f08b9166650>\n\n    @allure.title('TC 17.01.15 Verify Reload captcha button is clickable')\n    def test_17_01_15_reload_captcha_is_clickable(self, driver, forgot_psw_page):\n        \"\"\"Check that the 'Reload captcha' button is clickable\"\"\"\n>       reload_captcha_button = forgot_psw_page.check_reload_captcha_button_is_clickable()\n\ntests/test_forgot_your_password.py:134: \n_ _ _ _ _ _ _ _ _ _ _ _ _ _ _ _ _ _ _ _ _ _ _ _ _ _ _ _ _ _ _ _ _ _ _ _ _ _ _ _ \npages/forgot_your_password_page.py:99: in check_reload_captcha_button_is_clickable\n    return self.element_is_clickable(self.locators.RELOAD_CAPTCHA_BUTTON)\npages/base_page.py:80: in element_is_clickable\n    return wait(self.driver, timeout).until(EC.element_to_be_clickable(locator))\n_ _ _ _ _ _ _ _ _ _ _ _ _ _ _ _ _ _ _ _ _ _ _ _ _ _ _ _ _ _ _ _ _ _ _ _ _ _ _ _ \n\nself = <selenium.webdriver.support.wait.WebDriverWait (session=\"ae0044a7f2e4ded1a3502050028a458c\")>\nmethod = <function element_to_be_clickable.<locals>._predicate at 0x7f08b71c2b60>\nmessage = ''\n\n    def until(self, method, message: str = \"\"):\n        \"\"\"Calls the method provided with the driver as an argument until the \\\n        return value does not evaluate to ``False``.\n    \n        :param method: callable(WebDriver)\n        :param message: optional message for :exc:`TimeoutException`\n        :returns: the result of the last call to `method`\n        :raises: :exc:`selenium.common.exceptions.TimeoutException` if timeout occurs\n        \"\"\"\n        screen = None\n        stacktrace = None\n    \n        end_time = time.monotonic() + self._timeout\n        while True:\n            try:\n                value = method(self._driver)\n                if value:\n                    return value\n            except self._ignored_exceptions as exc:\n                screen = getattr(exc, \"screen\", None)\n                stacktrace = getattr(exc, \"stacktrace\", None)\n            time.sleep(self._poll)\n            if time.monotonic() > end_time:\n                break\n>       raise TimeoutException(message, screen, stacktrace)\nE       selenium.common.exceptions.TimeoutException: Message: \nE       Stacktrace:\nE       #0 0x55ea38899783 <unknown>\nE       #1 0x55ea385c5917 <unknown>\nE       #2 0x55ea3860431b <unknown>\nE       #3 0x55ea38604411 <unknown>\nE       #4 0x55ea3863f674 <unknown>\nE       #5 0x55ea38624e2d <unknown>\nE       #6 0x55ea3863d0d9 <unknown>\nE       #7 0x55ea38624bd3 <unknown>\nE       #8 0x55ea385f8a7b <unknown>\nE       #9 0x55ea385f981e <unknown>\nE       #10 0x55ea3885ae98 <unknown>\nE       #11 0x55ea3885ed67 <unknown>\nE       #12 0x55ea3886932c <unknown>\nE       #13 0x55ea3885f993 <unknown>\nE       #14 0x55ea3882e827 <unknown>\nE       #15 0x55ea388838a8 <unknown>\nE       #16 0x55ea38883a36 <unknown>\nE       #17 0x55ea388925f3 <unknown>\nE       #18 0x7f0557c5fb43 <unknown>\n\n/opt/hostedtoolcache/Python/3.11.4/x64/lib/python3.11/site-packages/selenium/webdriver/support/wait.py:95: TimeoutException",
  "flaky" : false,
  "newFailed" : false,
  "beforeStages" : [ {
    "name" : "clear_allure_result_folder",
    "time" : {
      "start" : 1691282438568,
      "stop" : 1691282438568,
      "duration" : 0
    },
    "status" : "passed",
    "steps" : [ ],
    "attachments" : [ ],
    "parameters" : [ ],
    "stepsCount" : 0,
    "attachmentsCount" : 0,
    "shouldDisplayMessage" : false,
    "hasContent" : false
  }, {
    "name" : "forgot_psw_page",
    "time" : {
      "start" : 1691282858559,
      "stop" : 1691282859644,
      "duration" : 1085
    },
    "status" : "passed",
    "steps" : [ {
      "name" : "Open a browser",
      "time" : {
        "start" : 1691282858560,
        "stop" : 1691282859644,
        "duration" : 1084
      },
      "status" : "passed",
      "steps" : [ ],
      "attachments" : [ ],
      "parameters" : [ ],
      "stepsCount" : 0,
      "attachmentsCount" : 0,
      "shouldDisplayMessage" : false,
      "hasContent" : false
    } ],
    "attachments" : [ ],
    "parameters" : [ ],
    "stepsCount" : 1,
    "attachmentsCount" : 0,
    "shouldDisplayMessage" : false,
    "hasContent" : true
  }, {
    "name" : "_session_faker",
    "time" : {
      "start" : 1691282438456,
      "stop" : 1691282438568,
      "duration" : 112
    },
    "status" : "passed",
    "steps" : [ ],
    "attachments" : [ ],
    "parameters" : [ ],
    "stepsCount" : 0,
    "attachmentsCount" : 0,
    "shouldDisplayMessage" : false,
    "hasContent" : false
  }, {
    "name" : "driver",
    "time" : {
      "start" : 1691282857474,
      "stop" : 1691282858559,
      "duration" : 1085
    },
    "status" : "passed",
    "steps" : [ ],
    "attachments" : [ ],
    "parameters" : [ ],
    "stepsCount" : 0,
    "attachmentsCount" : 0,
    "shouldDisplayMessage" : false,
    "hasContent" : false
  } ],
  "testStage" : {
    "description" : "Check that the 'Reload captcha' button is clickable",
    "status" : "broken",
    "statusMessage" : "selenium.common.exceptions.TimeoutException: Message: \nStacktrace:\n#0 0x55ea38899783 <unknown>\n#1 0x55ea385c5917 <unknown>\n#2 0x55ea3860431b <unknown>\n#3 0x55ea38604411 <unknown>\n#4 0x55ea3863f674 <unknown>\n#5 0x55ea38624e2d <unknown>\n#6 0x55ea3863d0d9 <unknown>\n#7 0x55ea38624bd3 <unknown>\n#8 0x55ea385f8a7b <unknown>\n#9 0x55ea385f981e <unknown>\n#10 0x55ea3885ae98 <unknown>\n#11 0x55ea3885ed67 <unknown>\n#12 0x55ea3886932c <unknown>\n#13 0x55ea3885f993 <unknown>\n#14 0x55ea3882e827 <unknown>\n#15 0x55ea388838a8 <unknown>\n#16 0x55ea38883a36 <unknown>\n#17 0x55ea388925f3 <unknown>\n#18 0x7f0557c5fb43 <unknown>",
    "statusTrace" : "self = <test_forgot_your_password.TestForgotYourPassword object at 0x7f08b85904d0>\ndriver = <selenium.webdriver.chrome.webdriver.WebDriver (session=\"ae0044a7f2e4ded1a3502050028a458c\")>\nforgot_psw_page = <pages.forgot_your_password_page.ForgotYourPasswordPage object at 0x7f08b9166650>\n\n    @allure.title('TC 17.01.15 Verify Reload captcha button is clickable')\n    def test_17_01_15_reload_captcha_is_clickable(self, driver, forgot_psw_page):\n        \"\"\"Check that the 'Reload captcha' button is clickable\"\"\"\n>       reload_captcha_button = forgot_psw_page.check_reload_captcha_button_is_clickable()\n\ntests/test_forgot_your_password.py:134: \n_ _ _ _ _ _ _ _ _ _ _ _ _ _ _ _ _ _ _ _ _ _ _ _ _ _ _ _ _ _ _ _ _ _ _ _ _ _ _ _ \npages/forgot_your_password_page.py:99: in check_reload_captcha_button_is_clickable\n    return self.element_is_clickable(self.locators.RELOAD_CAPTCHA_BUTTON)\npages/base_page.py:80: in element_is_clickable\n    return wait(self.driver, timeout).until(EC.element_to_be_clickable(locator))\n_ _ _ _ _ _ _ _ _ _ _ _ _ _ _ _ _ _ _ _ _ _ _ _ _ _ _ _ _ _ _ _ _ _ _ _ _ _ _ _ \n\nself = <selenium.webdriver.support.wait.WebDriverWait (session=\"ae0044a7f2e4ded1a3502050028a458c\")>\nmethod = <function element_to_be_clickable.<locals>._predicate at 0x7f08b71c2b60>\nmessage = ''\n\n    def until(self, method, message: str = \"\"):\n        \"\"\"Calls the method provided with the driver as an argument until the \\\n        return value does not evaluate to ``False``.\n    \n        :param method: callable(WebDriver)\n        :param message: optional message for :exc:`TimeoutException`\n        :returns: the result of the last call to `method`\n        :raises: :exc:`selenium.common.exceptions.TimeoutException` if timeout occurs\n        \"\"\"\n        screen = None\n        stacktrace = None\n    \n        end_time = time.monotonic() + self._timeout\n        while True:\n            try:\n                value = method(self._driver)\n                if value:\n                    return value\n            except self._ignored_exceptions as exc:\n                screen = getattr(exc, \"screen\", None)\n                stacktrace = getattr(exc, \"stacktrace\", None)\n            time.sleep(self._poll)\n            if time.monotonic() > end_time:\n                break\n>       raise TimeoutException(message, screen, stacktrace)\nE       selenium.common.exceptions.TimeoutException: Message: \nE       Stacktrace:\nE       #0 0x55ea38899783 <unknown>\nE       #1 0x55ea385c5917 <unknown>\nE       #2 0x55ea3860431b <unknown>\nE       #3 0x55ea38604411 <unknown>\nE       #4 0x55ea3863f674 <unknown>\nE       #5 0x55ea38624e2d <unknown>\nE       #6 0x55ea3863d0d9 <unknown>\nE       #7 0x55ea38624bd3 <unknown>\nE       #8 0x55ea385f8a7b <unknown>\nE       #9 0x55ea385f981e <unknown>\nE       #10 0x55ea3885ae98 <unknown>\nE       #11 0x55ea3885ed67 <unknown>\nE       #12 0x55ea3886932c <unknown>\nE       #13 0x55ea3885f993 <unknown>\nE       #14 0x55ea3882e827 <unknown>\nE       #15 0x55ea388838a8 <unknown>\nE       #16 0x55ea38883a36 <unknown>\nE       #17 0x55ea388925f3 <unknown>\nE       #18 0x7f0557c5fb43 <unknown>\n\n/opt/hostedtoolcache/Python/3.11.4/x64/lib/python3.11/site-packages/selenium/webdriver/support/wait.py:95: TimeoutException",
    "steps" : [ {
      "name" : "Check Reload captcha button is clickable",
      "time" : {
        "start" : 1691282859644,
        "stop" : 1691282864832,
        "duration" : 5188
      },
      "status" : "broken",
      "statusMessage" : "selenium.common.exceptions.TimeoutException: Message: \nStacktrace:\n#0 0x55ea38899783 <unknown>\n#1 0x55ea385c5917 <unknown>\n#2 0x55ea3860431b <unknown>\n#3 0x55ea38604411 <unknown>\n#4 0x55ea3863f674 <unknown>\n#5 0x55ea38624e2d <unknown>\n#6 0x55ea3863d0d9 <unknown>\n#7 0x55ea38624bd3 <unknown>\n#8 0x55ea385f8a7b <unknown>\n#9 0x55ea385f981e <unknown>\n#10 0x55ea3885ae98 <unknown>\n#11 0x55ea3885ed67 <unknown>\n#12 0x55ea3886932c <unknown>\n#13 0x55ea3885f993 <unknown>\n#14 0x55ea3882e827 <unknown>\n#15 0x55ea388838a8 <unknown>\n#16 0x55ea38883a36 <unknown>\n#17 0x55ea388925f3 <unknown>\n#18 0x7f0557c5fb43 <unknown>\n\n",
      "statusTrace" : "  File \"/opt/hostedtoolcache/Python/3.11.4/x64/lib/python3.11/site-packages/allure_commons/_allure.py\", line 192, in impl\n    return func(*a, **kw)\n           ^^^^^^^^^^^^^^\n  File \"/home/runner/work/luma_project/luma_project/pages/forgot_your_password_page.py\", line 99, in check_reload_captcha_button_is_clickable\n    return self.element_is_clickable(self.locators.RELOAD_CAPTCHA_BUTTON)\n           ^^^^^^^^^^^^^^^^^^^^^^^^^^^^^^^^^^^^^^^^^^^^^^^^^^^^^^^^^^^^^^\n  File \"/opt/hostedtoolcache/Python/3.11.4/x64/lib/python3.11/site-packages/allure_commons/_allure.py\", line 192, in impl\n    return func(*a, **kw)\n           ^^^^^^^^^^^^^^\n  File \"/home/runner/work/luma_project/luma_project/pages/base_page.py\", line 80, in element_is_clickable\n    return wait(self.driver, timeout).until(EC.element_to_be_clickable(locator))\n           ^^^^^^^^^^^^^^^^^^^^^^^^^^^^^^^^^^^^^^^^^^^^^^^^^^^^^^^^^^^^^^^^^^^^^\n  File \"/opt/hostedtoolcache/Python/3.11.4/x64/lib/python3.11/site-packages/selenium/webdriver/support/wait.py\", line 95, in until\n    raise TimeoutException(message, screen, stacktrace)\n",
      "steps" : [ {
        "name" : "Find clickable elements",
        "time" : {
          "start" : 1691282859644,
          "stop" : 1691282864832,
          "duration" : 5188
        },
        "status" : "broken",
        "statusMessage" : "selenium.common.exceptions.TimeoutException: Message: \nStacktrace:\n#0 0x55ea38899783 <unknown>\n#1 0x55ea385c5917 <unknown>\n#2 0x55ea3860431b <unknown>\n#3 0x55ea38604411 <unknown>\n#4 0x55ea3863f674 <unknown>\n#5 0x55ea38624e2d <unknown>\n#6 0x55ea3863d0d9 <unknown>\n#7 0x55ea38624bd3 <unknown>\n#8 0x55ea385f8a7b <unknown>\n#9 0x55ea385f981e <unknown>\n#10 0x55ea3885ae98 <unknown>\n#11 0x55ea3885ed67 <unknown>\n#12 0x55ea3886932c <unknown>\n#13 0x55ea3885f993 <unknown>\n#14 0x55ea3882e827 <unknown>\n#15 0x55ea388838a8 <unknown>\n#16 0x55ea38883a36 <unknown>\n#17 0x55ea388925f3 <unknown>\n#18 0x7f0557c5fb43 <unknown>\n\n",
        "statusTrace" : "  File \"/opt/hostedtoolcache/Python/3.11.4/x64/lib/python3.11/site-packages/allure_commons/_allure.py\", line 192, in impl\n    return func(*a, **kw)\n           ^^^^^^^^^^^^^^\n  File \"/home/runner/work/luma_project/luma_project/pages/base_page.py\", line 80, in element_is_clickable\n    return wait(self.driver, timeout).until(EC.element_to_be_clickable(locator))\n           ^^^^^^^^^^^^^^^^^^^^^^^^^^^^^^^^^^^^^^^^^^^^^^^^^^^^^^^^^^^^^^^^^^^^^\n  File \"/opt/hostedtoolcache/Python/3.11.4/x64/lib/python3.11/site-packages/selenium/webdriver/support/wait.py\", line 95, in until\n    raise TimeoutException(message, screen, stacktrace)\n",
        "steps" : [ ],
        "attachments" : [ ],
        "parameters" : [ {
          "name" : "locator",
          "value" : "('css selector', 'button[title = \"Reload captcha\"]')"
        }, {
          "name" : "timeout",
          "value" : "5"
        } ],
        "stepsCount" : 0,
        "attachmentsCount" : 0,
        "shouldDisplayMessage" : true,
        "hasContent" : true
      } ],
      "attachments" : [ ],
      "parameters" : [ ],
      "stepsCount" : 1,
      "attachmentsCount" : 0,
      "shouldDisplayMessage" : false,
      "hasContent" : true
    } ],
    "attachments" : [ {
      "uid" : "5f6aabbb0d8cf8c0",
      "name" : "Screenshot",
      "source" : "5f6aabbb0d8cf8c0.png",
      "type" : "image/png",
      "size" : 68490
    }, {
      "uid" : "837de234b23e2dfd",
      "name" : "HTML source",
      "source" : "837de234b23e2dfd.html",
      "type" : "text/html",
      "size" : 77786
    } ],
    "parameters" : [ ],
    "stepsCount" : 2,
    "attachmentsCount" : 2,
    "shouldDisplayMessage" : true,
    "hasContent" : true
  },
  "afterStages" : [ {
    "name" : "clear_allure_result_folder::0",
    "time" : {
      "start" : 1691284012998,
      "stop" : 1691284012998,
      "duration" : 0
    },
    "status" : "passed",
    "steps" : [ ],
    "attachments" : [ ],
    "parameters" : [ ],
    "stepsCount" : 0,
    "attachmentsCount" : 0,
    "shouldDisplayMessage" : false,
    "hasContent" : false
  }, {
    "name" : "driver::0",
    "time" : {
      "start" : 1691282865026,
      "stop" : 1691282865094,
      "duration" : 68
    },
    "status" : "passed",
    "steps" : [ ],
    "attachments" : [ ],
    "parameters" : [ ],
    "stepsCount" : 0,
    "attachmentsCount" : 0,
    "shouldDisplayMessage" : false,
    "hasContent" : false
  } ],
  "labels" : [ {
    "name" : "epic",
    "value" : "Forgot Your Password Page"
  }, {
    "name" : "parentSuite",
    "value" : "tests"
  }, {
    "name" : "suite",
    "value" : "test_forgot_your_password"
  }, {
    "name" : "subSuite",
    "value" : "TestForgotYourPassword"
  }, {
    "name" : "host",
    "value" : "fv-az883-512"
  }, {
    "name" : "thread",
    "value" : "3280-MainThread"
  }, {
    "name" : "framework",
    "value" : "pytest"
  }, {
    "name" : "language",
    "value" : "cpython3"
  }, {
    "name" : "package",
    "value" : "tests.test_forgot_your_password"
  }, {
    "name" : "resultFormat",
    "value" : "allure2"
  } ],
  "parameters" : [ ],
  "links" : [ ],
  "hidden" : false,
  "retry" : false,
  "extra" : {
    "severity" : "normal",
    "retries" : [ ],
    "categories" : [ {
      "name" : "Test defects",
      "matchedStatuses" : [ ],
      "flaky" : false
    } ],
    "tags" : [ ]
  },
  "source" : "6c300bad838146a0.json",
  "parameterValues" : [ ]
}