{
  "uid" : "6df533c80636fc00",
  "name" : "TC 17.01.14 Verify Reload captcha button is present",
  "fullName" : "tests.test_forgot_your_password.TestForgotYourPassword#test_17_01_14_reload_captcha_id_displayed",
  "historyId" : "fa661e973d5e09093524412c2fd76a1f",
  "time" : {
    "start" : 1693097095225,
    "stop" : 1693097100342,
    "duration" : 5117
  },
  "description" : "Check if the 'Reload captcha' button is present",
  "descriptionHtml" : "<p>Check if the 'Reload captcha' button is present</p>\n",
  "status" : "broken",
  "statusMessage" : "selenium.common.exceptions.TimeoutException: Message: \nStacktrace:\n#0 0x560326fabe23 <unknown>\n#1 0x560326cd47a7 <unknown>\n#2 0x560326d131d3 <unknown>\n#3 0x560326d132c1 <unknown>\n#4 0x560326d4ea04 <unknown>\n#5 0x560326d3403d <unknown>\n#6 0x560326d4c369 <unknown>\n#7 0x560326d33de3 <unknown>\n#8 0x560326d07a7b <unknown>\n#9 0x560326d0881e <unknown>\n#10 0x560326f6d638 <unknown>\n#11 0x560326f71507 <unknown>\n#12 0x560326f7bc4c <unknown>\n#13 0x560326f72136 <unknown>\n#14 0x560326f409cf <unknown>\n#15 0x560326f95b98 <unknown>\n#16 0x560326f95d68 <unknown>\n#17 0x560326fa4cb3 <unknown>\n#18 0x7f6f59fecb43 <unknown>",
  "statusTrace" : "self = <test_forgot_your_password.TestForgotYourPassword object at 0x7f7f87b82c10>\ndriver = <selenium.webdriver.chrome.webdriver.WebDriver (session=\"dfce75f03d0888ae574862b17ee589ab\")>\nforgot_psw_page = <pages.forgot_your_password_page.ForgotYourPasswordPage object at 0x7f7f88b0cd10>\n\n    @allure.title('TC 17.01.14 Verify Reload captcha button is present')\n    def test_17_01_14_reload_captcha_id_displayed(self, driver, forgot_psw_page):\n        \"\"\"Check if the 'Reload captcha' button is present\"\"\"\n>       reload_captcha_button = forgot_psw_page.check_reload_captcha_button_is_visible()\n\ntests/test_forgot_your_password.py:126: \n_ _ _ _ _ _ _ _ _ _ _ _ _ _ _ _ _ _ _ _ _ _ _ _ _ _ _ _ _ _ _ _ _ _ _ _ _ _ _ _ \npages/forgot_your_password_page.py:94: in check_reload_captcha_button_is_visible\n    return self.element_is_visible(self.locators.RELOAD_CAPTCHA_BUTTON)\npages/base_page.py:29: in element_is_visible\n    self.go_to_element(self.element_is_present(locator))\npages/base_page.py:50: in element_is_present\n    return wait(self.driver, timeout).until(EC.presence_of_element_located(locator))\n_ _ _ _ _ _ _ _ _ _ _ _ _ _ _ _ _ _ _ _ _ _ _ _ _ _ _ _ _ _ _ _ _ _ _ _ _ _ _ _ \n\nself = <selenium.webdriver.support.wait.WebDriverWait (session=\"dfce75f03d0888ae574862b17ee589ab\")>\nmethod = <function presence_of_element_located.<locals>._predicate at 0x7f7f87cb7ba0>\nmessage = ''\n\n    def until(self, method, message: str = \"\"):\n        \"\"\"Calls the method provided with the driver as an argument until the \\\n        return value does not evaluate to ``False``.\n    \n        :param method: callable(WebDriver)\n        :param message: optional message for :exc:`TimeoutException`\n        :returns: the result of the last call to `method`\n        :raises: :exc:`selenium.common.exceptions.TimeoutException` if timeout occurs\n        \"\"\"\n        screen = None\n        stacktrace = None\n    \n        end_time = time.monotonic() + self._timeout\n        while True:\n            try:\n                value = method(self._driver)\n                if value:\n                    return value\n            except self._ignored_exceptions as exc:\n                screen = getattr(exc, \"screen\", None)\n                stacktrace = getattr(exc, \"stacktrace\", None)\n            time.sleep(self._poll)\n            if time.monotonic() > end_time:\n                break\n>       raise TimeoutException(message, screen, stacktrace)\nE       selenium.common.exceptions.TimeoutException: Message: \nE       Stacktrace:\nE       #0 0x560326fabe23 <unknown>\nE       #1 0x560326cd47a7 <unknown>\nE       #2 0x560326d131d3 <unknown>\nE       #3 0x560326d132c1 <unknown>\nE       #4 0x560326d4ea04 <unknown>\nE       #5 0x560326d3403d <unknown>\nE       #6 0x560326d4c369 <unknown>\nE       #7 0x560326d33de3 <unknown>\nE       #8 0x560326d07a7b <unknown>\nE       #9 0x560326d0881e <unknown>\nE       #10 0x560326f6d638 <unknown>\nE       #11 0x560326f71507 <unknown>\nE       #12 0x560326f7bc4c <unknown>\nE       #13 0x560326f72136 <unknown>\nE       #14 0x560326f409cf <unknown>\nE       #15 0x560326f95b98 <unknown>\nE       #16 0x560326f95d68 <unknown>\nE       #17 0x560326fa4cb3 <unknown>\nE       #18 0x7f6f59fecb43 <unknown>\n\n/opt/hostedtoolcache/Python/3.11.4/x64/lib/python3.11/site-packages/selenium/webdriver/support/wait.py:95: TimeoutException",
  "flaky" : false,
  "newFailed" : false,
  "beforeStages" : [ {
    "name" : "driver",
    "time" : {
      "start" : 1693097093035,
      "stop" : 1693097094147,
      "duration" : 1112
    },
    "status" : "passed",
    "steps" : [ ],
    "attachments" : [ ],
    "parameters" : [ ],
    "stepsCount" : 0,
    "attachmentsCount" : 0,
    "shouldDisplayMessage" : false,
    "hasContent" : false
  }, {
    "name" : "_session_faker",
    "time" : {
      "start" : 1693096725216,
      "stop" : 1693096725308,
      "duration" : 92
    },
    "status" : "passed",
    "steps" : [ ],
    "attachments" : [ ],
    "parameters" : [ ],
    "stepsCount" : 0,
    "attachmentsCount" : 0,
    "shouldDisplayMessage" : false,
    "hasContent" : false
  }, {
    "name" : "forgot_psw_page",
    "time" : {
      "start" : 1693097094147,
      "stop" : 1693097095225,
      "duration" : 1078
    },
    "status" : "passed",
    "steps" : [ {
      "name" : "Open a browser",
      "time" : {
        "start" : 1693097094147,
        "stop" : 1693097095225,
        "duration" : 1078
      },
      "status" : "passed",
      "steps" : [ ],
      "attachments" : [ ],
      "parameters" : [ ],
      "stepsCount" : 0,
      "attachmentsCount" : 0,
      "shouldDisplayMessage" : false,
      "hasContent" : false
    } ],
    "attachments" : [ ],
    "parameters" : [ ],
    "stepsCount" : 1,
    "attachmentsCount" : 0,
    "shouldDisplayMessage" : false,
    "hasContent" : true
  }, {
    "name" : "clear_allure_result_folder",
    "time" : {
      "start" : 1693096725308,
      "stop" : 1693096725308,
      "duration" : 0
    },
    "status" : "passed",
    "steps" : [ ],
    "attachments" : [ ],
    "parameters" : [ ],
    "stepsCount" : 0,
    "attachmentsCount" : 0,
    "shouldDisplayMessage" : false,
    "hasContent" : false
  } ],
  "testStage" : {
    "description" : "Check if the 'Reload captcha' button is present",
    "status" : "broken",
    "statusMessage" : "selenium.common.exceptions.TimeoutException: Message: \nStacktrace:\n#0 0x560326fabe23 <unknown>\n#1 0x560326cd47a7 <unknown>\n#2 0x560326d131d3 <unknown>\n#3 0x560326d132c1 <unknown>\n#4 0x560326d4ea04 <unknown>\n#5 0x560326d3403d <unknown>\n#6 0x560326d4c369 <unknown>\n#7 0x560326d33de3 <unknown>\n#8 0x560326d07a7b <unknown>\n#9 0x560326d0881e <unknown>\n#10 0x560326f6d638 <unknown>\n#11 0x560326f71507 <unknown>\n#12 0x560326f7bc4c <unknown>\n#13 0x560326f72136 <unknown>\n#14 0x560326f409cf <unknown>\n#15 0x560326f95b98 <unknown>\n#16 0x560326f95d68 <unknown>\n#17 0x560326fa4cb3 <unknown>\n#18 0x7f6f59fecb43 <unknown>",
    "statusTrace" : "self = <test_forgot_your_password.TestForgotYourPassword object at 0x7f7f87b82c10>\ndriver = <selenium.webdriver.chrome.webdriver.WebDriver (session=\"dfce75f03d0888ae574862b17ee589ab\")>\nforgot_psw_page = <pages.forgot_your_password_page.ForgotYourPasswordPage object at 0x7f7f88b0cd10>\n\n    @allure.title('TC 17.01.14 Verify Reload captcha button is present')\n    def test_17_01_14_reload_captcha_id_displayed(self, driver, forgot_psw_page):\n        \"\"\"Check if the 'Reload captcha' button is present\"\"\"\n>       reload_captcha_button = forgot_psw_page.check_reload_captcha_button_is_visible()\n\ntests/test_forgot_your_password.py:126: \n_ _ _ _ _ _ _ _ _ _ _ _ _ _ _ _ _ _ _ _ _ _ _ _ _ _ _ _ _ _ _ _ _ _ _ _ _ _ _ _ \npages/forgot_your_password_page.py:94: in check_reload_captcha_button_is_visible\n    return self.element_is_visible(self.locators.RELOAD_CAPTCHA_BUTTON)\npages/base_page.py:29: in element_is_visible\n    self.go_to_element(self.element_is_present(locator))\npages/base_page.py:50: in element_is_present\n    return wait(self.driver, timeout).until(EC.presence_of_element_located(locator))\n_ _ _ _ _ _ _ _ _ _ _ _ _ _ _ _ _ _ _ _ _ _ _ _ _ _ _ _ _ _ _ _ _ _ _ _ _ _ _ _ \n\nself = <selenium.webdriver.support.wait.WebDriverWait (session=\"dfce75f03d0888ae574862b17ee589ab\")>\nmethod = <function presence_of_element_located.<locals>._predicate at 0x7f7f87cb7ba0>\nmessage = ''\n\n    def until(self, method, message: str = \"\"):\n        \"\"\"Calls the method provided with the driver as an argument until the \\\n        return value does not evaluate to ``False``.\n    \n        :param method: callable(WebDriver)\n        :param message: optional message for :exc:`TimeoutException`\n        :returns: the result of the last call to `method`\n        :raises: :exc:`selenium.common.exceptions.TimeoutException` if timeout occurs\n        \"\"\"\n        screen = None\n        stacktrace = None\n    \n        end_time = time.monotonic() + self._timeout\n        while True:\n            try:\n                value = method(self._driver)\n                if value:\n                    return value\n            except self._ignored_exceptions as exc:\n                screen = getattr(exc, \"screen\", None)\n                stacktrace = getattr(exc, \"stacktrace\", None)\n            time.sleep(self._poll)\n            if time.monotonic() > end_time:\n                break\n>       raise TimeoutException(message, screen, stacktrace)\nE       selenium.common.exceptions.TimeoutException: Message: \nE       Stacktrace:\nE       #0 0x560326fabe23 <unknown>\nE       #1 0x560326cd47a7 <unknown>\nE       #2 0x560326d131d3 <unknown>\nE       #3 0x560326d132c1 <unknown>\nE       #4 0x560326d4ea04 <unknown>\nE       #5 0x560326d3403d <unknown>\nE       #6 0x560326d4c369 <unknown>\nE       #7 0x560326d33de3 <unknown>\nE       #8 0x560326d07a7b <unknown>\nE       #9 0x560326d0881e <unknown>\nE       #10 0x560326f6d638 <unknown>\nE       #11 0x560326f71507 <unknown>\nE       #12 0x560326f7bc4c <unknown>\nE       #13 0x560326f72136 <unknown>\nE       #14 0x560326f409cf <unknown>\nE       #15 0x560326f95b98 <unknown>\nE       #16 0x560326f95d68 <unknown>\nE       #17 0x560326fa4cb3 <unknown>\nE       #18 0x7f6f59fecb43 <unknown>\n\n/opt/hostedtoolcache/Python/3.11.4/x64/lib/python3.11/site-packages/selenium/webdriver/support/wait.py:95: TimeoutException",
    "steps" : [ {
      "name" : "Check Reload captcha button is visible",
      "time" : {
        "start" : 1693097095226,
        "stop" : 1693097100342,
        "duration" : 5116
      },
      "status" : "broken",
      "statusMessage" : "selenium.common.exceptions.TimeoutException: Message: \nStacktrace:\n#0 0x560326fabe23 <unknown>\n#1 0x560326cd47a7 <unknown>\n#2 0x560326d131d3 <unknown>\n#3 0x560326d132c1 <unknown>\n#4 0x560326d4ea04 <unknown>\n#5 0x560326d3403d <unknown>\n#6 0x560326d4c369 <unknown>\n#7 0x560326d33de3 <unknown>\n#8 0x560326d07a7b <unknown>\n#9 0x560326d0881e <unknown>\n#10 0x560326f6d638 <unknown>\n#11 0x560326f71507 <unknown>\n#12 0x560326f7bc4c <unknown>\n#13 0x560326f72136 <unknown>\n#14 0x560326f409cf <unknown>\n#15 0x560326f95b98 <unknown>\n#16 0x560326f95d68 <unknown>\n#17 0x560326fa4cb3 <unknown>\n#18 0x7f6f59fecb43 <unknown>\n\n",
      "statusTrace" : "  File \"/opt/hostedtoolcache/Python/3.11.4/x64/lib/python3.11/site-packages/allure_commons/_allure.py\", line 192, in impl\n    return func(*a, **kw)\n           ^^^^^^^^^^^^^^\n  File \"/home/runner/work/luma_project/luma_project/pages/forgot_your_password_page.py\", line 94, in check_reload_captcha_button_is_visible\n    return self.element_is_visible(self.locators.RELOAD_CAPTCHA_BUTTON)\n           ^^^^^^^^^^^^^^^^^^^^^^^^^^^^^^^^^^^^^^^^^^^^^^^^^^^^^^^^^^^^\n  File \"/opt/hostedtoolcache/Python/3.11.4/x64/lib/python3.11/site-packages/allure_commons/_allure.py\", line 192, in impl\n    return func(*a, **kw)\n           ^^^^^^^^^^^^^^\n  File \"/home/runner/work/luma_project/luma_project/pages/base_page.py\", line 29, in element_is_visible\n    self.go_to_element(self.element_is_present(locator))\n                       ^^^^^^^^^^^^^^^^^^^^^^^^^^^^^^^^\n  File \"/opt/hostedtoolcache/Python/3.11.4/x64/lib/python3.11/site-packages/allure_commons/_allure.py\", line 192, in impl\n    return func(*a, **kw)\n           ^^^^^^^^^^^^^^\n  File \"/home/runner/work/luma_project/luma_project/pages/base_page.py\", line 50, in element_is_present\n    return wait(self.driver, timeout).until(EC.presence_of_element_located(locator))\n           ^^^^^^^^^^^^^^^^^^^^^^^^^^^^^^^^^^^^^^^^^^^^^^^^^^^^^^^^^^^^^^^^^^^^^^^^^\n  File \"/opt/hostedtoolcache/Python/3.11.4/x64/lib/python3.11/site-packages/selenium/webdriver/support/wait.py\", line 95, in until\n    raise TimeoutException(message, screen, stacktrace)\n",
      "steps" : [ {
        "name" : "Find a visible element",
        "time" : {
          "start" : 1693097095226,
          "stop" : 1693097100341,
          "duration" : 5115
        },
        "status" : "broken",
        "statusMessage" : "selenium.common.exceptions.TimeoutException: Message: \nStacktrace:\n#0 0x560326fabe23 <unknown>\n#1 0x560326cd47a7 <unknown>\n#2 0x560326d131d3 <unknown>\n#3 0x560326d132c1 <unknown>\n#4 0x560326d4ea04 <unknown>\n#5 0x560326d3403d <unknown>\n#6 0x560326d4c369 <unknown>\n#7 0x560326d33de3 <unknown>\n#8 0x560326d07a7b <unknown>\n#9 0x560326d0881e <unknown>\n#10 0x560326f6d638 <unknown>\n#11 0x560326f71507 <unknown>\n#12 0x560326f7bc4c <unknown>\n#13 0x560326f72136 <unknown>\n#14 0x560326f409cf <unknown>\n#15 0x560326f95b98 <unknown>\n#16 0x560326f95d68 <unknown>\n#17 0x560326fa4cb3 <unknown>\n#18 0x7f6f59fecb43 <unknown>\n\n",
        "statusTrace" : "  File \"/opt/hostedtoolcache/Python/3.11.4/x64/lib/python3.11/site-packages/allure_commons/_allure.py\", line 192, in impl\n    return func(*a, **kw)\n           ^^^^^^^^^^^^^^\n  File \"/home/runner/work/luma_project/luma_project/pages/base_page.py\", line 29, in element_is_visible\n    self.go_to_element(self.element_is_present(locator))\n                       ^^^^^^^^^^^^^^^^^^^^^^^^^^^^^^^^\n  File \"/opt/hostedtoolcache/Python/3.11.4/x64/lib/python3.11/site-packages/allure_commons/_allure.py\", line 192, in impl\n    return func(*a, **kw)\n           ^^^^^^^^^^^^^^\n  File \"/home/runner/work/luma_project/luma_project/pages/base_page.py\", line 50, in element_is_present\n    return wait(self.driver, timeout).until(EC.presence_of_element_located(locator))\n           ^^^^^^^^^^^^^^^^^^^^^^^^^^^^^^^^^^^^^^^^^^^^^^^^^^^^^^^^^^^^^^^^^^^^^^^^^\n  File \"/opt/hostedtoolcache/Python/3.11.4/x64/lib/python3.11/site-packages/selenium/webdriver/support/wait.py\", line 95, in until\n    raise TimeoutException(message, screen, stacktrace)\n",
        "steps" : [ {
          "name" : "Find a present element",
          "time" : {
            "start" : 1693097095226,
            "stop" : 1693097100341,
            "duration" : 5115
          },
          "status" : "broken",
          "statusMessage" : "selenium.common.exceptions.TimeoutException: Message: \nStacktrace:\n#0 0x560326fabe23 <unknown>\n#1 0x560326cd47a7 <unknown>\n#2 0x560326d131d3 <unknown>\n#3 0x560326d132c1 <unknown>\n#4 0x560326d4ea04 <unknown>\n#5 0x560326d3403d <unknown>\n#6 0x560326d4c369 <unknown>\n#7 0x560326d33de3 <unknown>\n#8 0x560326d07a7b <unknown>\n#9 0x560326d0881e <unknown>\n#10 0x560326f6d638 <unknown>\n#11 0x560326f71507 <unknown>\n#12 0x560326f7bc4c <unknown>\n#13 0x560326f72136 <unknown>\n#14 0x560326f409cf <unknown>\n#15 0x560326f95b98 <unknown>\n#16 0x560326f95d68 <unknown>\n#17 0x560326fa4cb3 <unknown>\n#18 0x7f6f59fecb43 <unknown>\n\n",
          "statusTrace" : "  File \"/opt/hostedtoolcache/Python/3.11.4/x64/lib/python3.11/site-packages/allure_commons/_allure.py\", line 192, in impl\n    return func(*a, **kw)\n           ^^^^^^^^^^^^^^\n  File \"/home/runner/work/luma_project/luma_project/pages/base_page.py\", line 50, in element_is_present\n    return wait(self.driver, timeout).until(EC.presence_of_element_located(locator))\n           ^^^^^^^^^^^^^^^^^^^^^^^^^^^^^^^^^^^^^^^^^^^^^^^^^^^^^^^^^^^^^^^^^^^^^^^^^\n  File \"/opt/hostedtoolcache/Python/3.11.4/x64/lib/python3.11/site-packages/selenium/webdriver/support/wait.py\", line 95, in until\n    raise TimeoutException(message, screen, stacktrace)\n",
          "steps" : [ ],
          "attachments" : [ ],
          "parameters" : [ {
            "name" : "locator",
            "value" : "('css selector', 'button[title = \"Reload captcha\"]')"
          }, {
            "name" : "timeout",
            "value" : "5"
          } ],
          "stepsCount" : 0,
          "attachmentsCount" : 0,
          "shouldDisplayMessage" : true,
          "hasContent" : true
        } ],
        "attachments" : [ ],
        "parameters" : [ {
          "name" : "locator",
          "value" : "('css selector', 'button[title = \"Reload captcha\"]')"
        }, {
          "name" : "timeout",
          "value" : "10"
        } ],
        "stepsCount" : 1,
        "attachmentsCount" : 0,
        "shouldDisplayMessage" : false,
        "hasContent" : true
      } ],
      "attachments" : [ ],
      "parameters" : [ ],
      "stepsCount" : 2,
      "attachmentsCount" : 0,
      "shouldDisplayMessage" : false,
      "hasContent" : true
    } ],
    "attachments" : [ {
      "uid" : "5d0de7474faa2573",
      "name" : "Screenshot",
      "source" : "5d0de7474faa2573.png",
      "type" : "image/png",
      "size" : 65941
    }, {
      "uid" : "e1a94e12d084fd4e",
      "name" : "HTML source",
      "source" : "e1a94e12d084fd4e.html",
      "type" : "text/html",
      "size" : 77958
    } ],
    "parameters" : [ ],
    "stepsCount" : 3,
    "attachmentsCount" : 2,
    "shouldDisplayMessage" : true,
    "hasContent" : true
  },
  "afterStages" : [ {
    "name" : "driver::0",
    "time" : {
      "start" : 1693097100521,
      "stop" : 1693097100585,
      "duration" : 64
    },
    "status" : "passed",
    "steps" : [ ],
    "attachments" : [ ],
    "parameters" : [ ],
    "stepsCount" : 0,
    "attachmentsCount" : 0,
    "shouldDisplayMessage" : false,
    "hasContent" : false
  }, {
    "name" : "clear_allure_result_folder::0",
    "time" : {
      "start" : 1693098186640,
      "stop" : 1693098186640,
      "duration" : 0
    },
    "status" : "passed",
    "steps" : [ ],
    "attachments" : [ ],
    "parameters" : [ ],
    "stepsCount" : 0,
    "attachmentsCount" : 0,
    "shouldDisplayMessage" : false,
    "hasContent" : false
  } ],
  "labels" : [ {
    "name" : "epic",
    "value" : "Forgot Your Password Page"
  }, {
    "name" : "parentSuite",
    "value" : "tests"
  }, {
    "name" : "suite",
    "value" : "test_forgot_your_password"
  }, {
    "name" : "subSuite",
    "value" : "TestForgotYourPassword"
  }, {
    "name" : "host",
    "value" : "fv-az1032-305"
  }, {
    "name" : "thread",
    "value" : "2867-MainThread"
  }, {
    "name" : "framework",
    "value" : "pytest"
  }, {
    "name" : "language",
    "value" : "cpython3"
  }, {
    "name" : "package",
    "value" : "tests.test_forgot_your_password"
  }, {
    "name" : "resultFormat",
    "value" : "allure2"
  } ],
  "parameters" : [ ],
  "links" : [ ],
  "hidden" : false,
  "retry" : false,
  "extra" : {
    "severity" : "normal",
    "retries" : [ ],
    "categories" : [ {
      "name" : "Test defects",
      "matchedStatuses" : [ ],
      "flaky" : false
    } ],
    "tags" : [ ]
  },
  "source" : "6df533c80636fc00.json",
  "parameterValues" : [ ]
}