{
  "uid" : "7090cf95b8522695",
  "name" : "TC 17.01.10 Verify FYP captcha input field is correct format and clickable",
  "fullName" : "tests.test_forgot_your_password.TestForgotYourPassword#test_17_01_10_captcha_field_is_correct_format_and_clickable",
  "historyId" : "893c24bbe020a69c355db37017ee26d2",
  "time" : {
    "start" : 1692492280752,
    "stop" : 1692492285896,
    "duration" : 5144
  },
  "description" : "Check if the captcha input is of correct format (input-text) and clickable",
  "descriptionHtml" : "<p>Check if the captcha input is of correct format (input-text) and clickable</p>\n",
  "status" : "broken",
  "statusMessage" : "selenium.common.exceptions.TimeoutException: Message: \nStacktrace:\n#0 0x561647671613 <unknown>\n#1 0x56164739d537 <unknown>\n#2 0x5616473dbf53 <unknown>\n#3 0x5616473dc041 <unknown>\n#4 0x5616474172a4 <unknown>\n#5 0x5616473fca5d <unknown>\n#6 0x561647414d09 <unknown>\n#7 0x5616473fc803 <unknown>\n#8 0x5616473d068b <unknown>\n#9 0x5616473d142e <unknown>\n#10 0x561647632c28 <unknown>\n#11 0x561647636af7 <unknown>\n#12 0x56164764101c <unknown>\n#13 0x561647637723 <unknown>\n#14 0x561647606457 <unknown>\n#15 0x56164765b628 <unknown>\n#16 0x56164765b7b7 <unknown>\n#17 0x56164766a483 <unknown>\n#18 0x7f82d0ab7b43 <unknown>",
  "statusTrace" : "self = <test_forgot_your_password.TestForgotYourPassword object at 0x7fd3cef28b10>\ndriver = <selenium.webdriver.chrome.webdriver.WebDriver (session=\"b61f8d7e3b8d3fa5c9e68c0e5e70f693\")>\nforgot_psw_page = <pages.forgot_your_password_page.ForgotYourPasswordPage object at 0x7fd3cf94ad10>\n\n    @allure.title('TC 17.01.10 Verify FYP captcha input field is correct format and clickable')\n    def test_17_01_10_captcha_field_is_correct_format_and_clickable(self, driver, forgot_psw_page):\n        \"\"\"Check if the captcha input is of correct format (input-text) and clickable\"\"\"\n>       captcha_input = forgot_psw_page.check_forgot_psw_captcha_field_is_clickable()\n\ntests/test_forgot_your_password.py:93: \n_ _ _ _ _ _ _ _ _ _ _ _ _ _ _ _ _ _ _ _ _ _ _ _ _ _ _ _ _ _ _ _ _ _ _ _ _ _ _ _ \npages/forgot_your_password_page.py:59: in check_forgot_psw_captcha_field_is_clickable\n    return self.element_is_clickable(self.locators.FORGOT_YOUR_PASSWORD_CAPTCHA)\npages/base_page.py:80: in element_is_clickable\n    return wait(self.driver, timeout).until(EC.element_to_be_clickable(locator))\n_ _ _ _ _ _ _ _ _ _ _ _ _ _ _ _ _ _ _ _ _ _ _ _ _ _ _ _ _ _ _ _ _ _ _ _ _ _ _ _ \n\nself = <selenium.webdriver.support.wait.WebDriverWait (session=\"b61f8d7e3b8d3fa5c9e68c0e5e70f693\")>\nmethod = <function element_to_be_clickable.<locals>._predicate at 0x7fd3cdb49940>\nmessage = ''\n\n    def until(self, method, message: str = \"\"):\n        \"\"\"Calls the method provided with the driver as an argument until the \\\n        return value does not evaluate to ``False``.\n    \n        :param method: callable(WebDriver)\n        :param message: optional message for :exc:`TimeoutException`\n        :returns: the result of the last call to `method`\n        :raises: :exc:`selenium.common.exceptions.TimeoutException` if timeout occurs\n        \"\"\"\n        screen = None\n        stacktrace = None\n    \n        end_time = time.monotonic() + self._timeout\n        while True:\n            try:\n                value = method(self._driver)\n                if value:\n                    return value\n            except self._ignored_exceptions as exc:\n                screen = getattr(exc, \"screen\", None)\n                stacktrace = getattr(exc, \"stacktrace\", None)\n            time.sleep(self._poll)\n            if time.monotonic() > end_time:\n                break\n>       raise TimeoutException(message, screen, stacktrace)\nE       selenium.common.exceptions.TimeoutException: Message: \nE       Stacktrace:\nE       #0 0x561647671613 <unknown>\nE       #1 0x56164739d537 <unknown>\nE       #2 0x5616473dbf53 <unknown>\nE       #3 0x5616473dc041 <unknown>\nE       #4 0x5616474172a4 <unknown>\nE       #5 0x5616473fca5d <unknown>\nE       #6 0x561647414d09 <unknown>\nE       #7 0x5616473fc803 <unknown>\nE       #8 0x5616473d068b <unknown>\nE       #9 0x5616473d142e <unknown>\nE       #10 0x561647632c28 <unknown>\nE       #11 0x561647636af7 <unknown>\nE       #12 0x56164764101c <unknown>\nE       #13 0x561647637723 <unknown>\nE       #14 0x561647606457 <unknown>\nE       #15 0x56164765b628 <unknown>\nE       #16 0x56164765b7b7 <unknown>\nE       #17 0x56164766a483 <unknown>\nE       #18 0x7f82d0ab7b43 <unknown>\n\n/opt/hostedtoolcache/Python/3.11.4/x64/lib/python3.11/site-packages/selenium/webdriver/support/wait.py:95: TimeoutException",
  "flaky" : false,
  "newFailed" : false,
  "beforeStages" : [ {
    "name" : "clear_allure_result_folder",
    "time" : {
      "start" : 1692491878626,
      "stop" : 1692491878626,
      "duration" : 0
    },
    "status" : "passed",
    "steps" : [ ],
    "attachments" : [ ],
    "parameters" : [ ],
    "stepsCount" : 0,
    "attachmentsCount" : 0,
    "shouldDisplayMessage" : false,
    "hasContent" : false
  }, {
    "name" : "_session_faker",
    "time" : {
      "start" : 1692491878520,
      "stop" : 1692491878626,
      "duration" : 106
    },
    "status" : "passed",
    "steps" : [ ],
    "attachments" : [ ],
    "parameters" : [ ],
    "stepsCount" : 0,
    "attachmentsCount" : 0,
    "shouldDisplayMessage" : false,
    "hasContent" : false
  }, {
    "name" : "forgot_psw_page",
    "time" : {
      "start" : 1692492279677,
      "stop" : 1692492280752,
      "duration" : 1075
    },
    "status" : "passed",
    "steps" : [ {
      "name" : "Open a browser",
      "time" : {
        "start" : 1692492279677,
        "stop" : 1692492280752,
        "duration" : 1075
      },
      "status" : "passed",
      "steps" : [ ],
      "attachments" : [ ],
      "parameters" : [ ],
      "stepsCount" : 0,
      "attachmentsCount" : 0,
      "shouldDisplayMessage" : false,
      "hasContent" : false
    } ],
    "attachments" : [ ],
    "parameters" : [ ],
    "stepsCount" : 1,
    "attachmentsCount" : 0,
    "shouldDisplayMessage" : false,
    "hasContent" : true
  }, {
    "name" : "driver",
    "time" : {
      "start" : 1692492278560,
      "stop" : 1692492279677,
      "duration" : 1117
    },
    "status" : "passed",
    "steps" : [ ],
    "attachments" : [ ],
    "parameters" : [ ],
    "stepsCount" : 0,
    "attachmentsCount" : 0,
    "shouldDisplayMessage" : false,
    "hasContent" : false
  } ],
  "testStage" : {
    "description" : "Check if the captcha input is of correct format (input-text) and clickable",
    "status" : "broken",
    "statusMessage" : "selenium.common.exceptions.TimeoutException: Message: \nStacktrace:\n#0 0x561647671613 <unknown>\n#1 0x56164739d537 <unknown>\n#2 0x5616473dbf53 <unknown>\n#3 0x5616473dc041 <unknown>\n#4 0x5616474172a4 <unknown>\n#5 0x5616473fca5d <unknown>\n#6 0x561647414d09 <unknown>\n#7 0x5616473fc803 <unknown>\n#8 0x5616473d068b <unknown>\n#9 0x5616473d142e <unknown>\n#10 0x561647632c28 <unknown>\n#11 0x561647636af7 <unknown>\n#12 0x56164764101c <unknown>\n#13 0x561647637723 <unknown>\n#14 0x561647606457 <unknown>\n#15 0x56164765b628 <unknown>\n#16 0x56164765b7b7 <unknown>\n#17 0x56164766a483 <unknown>\n#18 0x7f82d0ab7b43 <unknown>",
    "statusTrace" : "self = <test_forgot_your_password.TestForgotYourPassword object at 0x7fd3cef28b10>\ndriver = <selenium.webdriver.chrome.webdriver.WebDriver (session=\"b61f8d7e3b8d3fa5c9e68c0e5e70f693\")>\nforgot_psw_page = <pages.forgot_your_password_page.ForgotYourPasswordPage object at 0x7fd3cf94ad10>\n\n    @allure.title('TC 17.01.10 Verify FYP captcha input field is correct format and clickable')\n    def test_17_01_10_captcha_field_is_correct_format_and_clickable(self, driver, forgot_psw_page):\n        \"\"\"Check if the captcha input is of correct format (input-text) and clickable\"\"\"\n>       captcha_input = forgot_psw_page.check_forgot_psw_captcha_field_is_clickable()\n\ntests/test_forgot_your_password.py:93: \n_ _ _ _ _ _ _ _ _ _ _ _ _ _ _ _ _ _ _ _ _ _ _ _ _ _ _ _ _ _ _ _ _ _ _ _ _ _ _ _ \npages/forgot_your_password_page.py:59: in check_forgot_psw_captcha_field_is_clickable\n    return self.element_is_clickable(self.locators.FORGOT_YOUR_PASSWORD_CAPTCHA)\npages/base_page.py:80: in element_is_clickable\n    return wait(self.driver, timeout).until(EC.element_to_be_clickable(locator))\n_ _ _ _ _ _ _ _ _ _ _ _ _ _ _ _ _ _ _ _ _ _ _ _ _ _ _ _ _ _ _ _ _ _ _ _ _ _ _ _ \n\nself = <selenium.webdriver.support.wait.WebDriverWait (session=\"b61f8d7e3b8d3fa5c9e68c0e5e70f693\")>\nmethod = <function element_to_be_clickable.<locals>._predicate at 0x7fd3cdb49940>\nmessage = ''\n\n    def until(self, method, message: str = \"\"):\n        \"\"\"Calls the method provided with the driver as an argument until the \\\n        return value does not evaluate to ``False``.\n    \n        :param method: callable(WebDriver)\n        :param message: optional message for :exc:`TimeoutException`\n        :returns: the result of the last call to `method`\n        :raises: :exc:`selenium.common.exceptions.TimeoutException` if timeout occurs\n        \"\"\"\n        screen = None\n        stacktrace = None\n    \n        end_time = time.monotonic() + self._timeout\n        while True:\n            try:\n                value = method(self._driver)\n                if value:\n                    return value\n            except self._ignored_exceptions as exc:\n                screen = getattr(exc, \"screen\", None)\n                stacktrace = getattr(exc, \"stacktrace\", None)\n            time.sleep(self._poll)\n            if time.monotonic() > end_time:\n                break\n>       raise TimeoutException(message, screen, stacktrace)\nE       selenium.common.exceptions.TimeoutException: Message: \nE       Stacktrace:\nE       #0 0x561647671613 <unknown>\nE       #1 0x56164739d537 <unknown>\nE       #2 0x5616473dbf53 <unknown>\nE       #3 0x5616473dc041 <unknown>\nE       #4 0x5616474172a4 <unknown>\nE       #5 0x5616473fca5d <unknown>\nE       #6 0x561647414d09 <unknown>\nE       #7 0x5616473fc803 <unknown>\nE       #8 0x5616473d068b <unknown>\nE       #9 0x5616473d142e <unknown>\nE       #10 0x561647632c28 <unknown>\nE       #11 0x561647636af7 <unknown>\nE       #12 0x56164764101c <unknown>\nE       #13 0x561647637723 <unknown>\nE       #14 0x561647606457 <unknown>\nE       #15 0x56164765b628 <unknown>\nE       #16 0x56164765b7b7 <unknown>\nE       #17 0x56164766a483 <unknown>\nE       #18 0x7f82d0ab7b43 <unknown>\n\n/opt/hostedtoolcache/Python/3.11.4/x64/lib/python3.11/site-packages/selenium/webdriver/support/wait.py:95: TimeoutException",
    "steps" : [ {
      "name" : "Check FYP captcha input field is clickable",
      "time" : {
        "start" : 1692492280752,
        "stop" : 1692492285895,
        "duration" : 5143
      },
      "status" : "broken",
      "statusMessage" : "selenium.common.exceptions.TimeoutException: Message: \nStacktrace:\n#0 0x561647671613 <unknown>\n#1 0x56164739d537 <unknown>\n#2 0x5616473dbf53 <unknown>\n#3 0x5616473dc041 <unknown>\n#4 0x5616474172a4 <unknown>\n#5 0x5616473fca5d <unknown>\n#6 0x561647414d09 <unknown>\n#7 0x5616473fc803 <unknown>\n#8 0x5616473d068b <unknown>\n#9 0x5616473d142e <unknown>\n#10 0x561647632c28 <unknown>\n#11 0x561647636af7 <unknown>\n#12 0x56164764101c <unknown>\n#13 0x561647637723 <unknown>\n#14 0x561647606457 <unknown>\n#15 0x56164765b628 <unknown>\n#16 0x56164765b7b7 <unknown>\n#17 0x56164766a483 <unknown>\n#18 0x7f82d0ab7b43 <unknown>\n\n",
      "statusTrace" : "  File \"/opt/hostedtoolcache/Python/3.11.4/x64/lib/python3.11/site-packages/allure_commons/_allure.py\", line 192, in impl\n    return func(*a, **kw)\n           ^^^^^^^^^^^^^^\n  File \"/home/runner/work/luma_project/luma_project/pages/forgot_your_password_page.py\", line 59, in check_forgot_psw_captcha_field_is_clickable\n    return self.element_is_clickable(self.locators.FORGOT_YOUR_PASSWORD_CAPTCHA)\n           ^^^^^^^^^^^^^^^^^^^^^^^^^^^^^^^^^^^^^^^^^^^^^^^^^^^^^^^^^^^^^^^^^^^^^\n  File \"/opt/hostedtoolcache/Python/3.11.4/x64/lib/python3.11/site-packages/allure_commons/_allure.py\", line 192, in impl\n    return func(*a, **kw)\n           ^^^^^^^^^^^^^^\n  File \"/home/runner/work/luma_project/luma_project/pages/base_page.py\", line 80, in element_is_clickable\n    return wait(self.driver, timeout).until(EC.element_to_be_clickable(locator))\n           ^^^^^^^^^^^^^^^^^^^^^^^^^^^^^^^^^^^^^^^^^^^^^^^^^^^^^^^^^^^^^^^^^^^^^\n  File \"/opt/hostedtoolcache/Python/3.11.4/x64/lib/python3.11/site-packages/selenium/webdriver/support/wait.py\", line 95, in until\n    raise TimeoutException(message, screen, stacktrace)\n",
      "steps" : [ {
        "name" : "Find clickable elements",
        "time" : {
          "start" : 1692492280753,
          "stop" : 1692492285895,
          "duration" : 5142
        },
        "status" : "broken",
        "statusMessage" : "selenium.common.exceptions.TimeoutException: Message: \nStacktrace:\n#0 0x561647671613 <unknown>\n#1 0x56164739d537 <unknown>\n#2 0x5616473dbf53 <unknown>\n#3 0x5616473dc041 <unknown>\n#4 0x5616474172a4 <unknown>\n#5 0x5616473fca5d <unknown>\n#6 0x561647414d09 <unknown>\n#7 0x5616473fc803 <unknown>\n#8 0x5616473d068b <unknown>\n#9 0x5616473d142e <unknown>\n#10 0x561647632c28 <unknown>\n#11 0x561647636af7 <unknown>\n#12 0x56164764101c <unknown>\n#13 0x561647637723 <unknown>\n#14 0x561647606457 <unknown>\n#15 0x56164765b628 <unknown>\n#16 0x56164765b7b7 <unknown>\n#17 0x56164766a483 <unknown>\n#18 0x7f82d0ab7b43 <unknown>\n\n",
        "statusTrace" : "  File \"/opt/hostedtoolcache/Python/3.11.4/x64/lib/python3.11/site-packages/allure_commons/_allure.py\", line 192, in impl\n    return func(*a, **kw)\n           ^^^^^^^^^^^^^^\n  File \"/home/runner/work/luma_project/luma_project/pages/base_page.py\", line 80, in element_is_clickable\n    return wait(self.driver, timeout).until(EC.element_to_be_clickable(locator))\n           ^^^^^^^^^^^^^^^^^^^^^^^^^^^^^^^^^^^^^^^^^^^^^^^^^^^^^^^^^^^^^^^^^^^^^\n  File \"/opt/hostedtoolcache/Python/3.11.4/x64/lib/python3.11/site-packages/selenium/webdriver/support/wait.py\", line 95, in until\n    raise TimeoutException(message, screen, stacktrace)\n",
        "steps" : [ ],
        "attachments" : [ ],
        "parameters" : [ {
          "name" : "locator",
          "value" : "('css selector', '#captcha_user_forgotpassword')"
        }, {
          "name" : "timeout",
          "value" : "5"
        } ],
        "stepsCount" : 0,
        "attachmentsCount" : 0,
        "shouldDisplayMessage" : true,
        "hasContent" : true
      } ],
      "attachments" : [ ],
      "parameters" : [ ],
      "stepsCount" : 1,
      "attachmentsCount" : 0,
      "shouldDisplayMessage" : false,
      "hasContent" : true
    } ],
    "attachments" : [ {
      "uid" : "403890ed2648c904",
      "name" : "Screenshot",
      "source" : "403890ed2648c904.png",
      "type" : "image/png",
      "size" : 65941
    }, {
      "uid" : "71a57d0c5e224358",
      "name" : "HTML source",
      "source" : "71a57d0c5e224358.html",
      "type" : "text/html",
      "size" : 77958
    } ],
    "parameters" : [ ],
    "stepsCount" : 2,
    "attachmentsCount" : 2,
    "shouldDisplayMessage" : true,
    "hasContent" : true
  },
  "afterStages" : [ {
    "name" : "clear_allure_result_folder::0",
    "time" : {
      "start" : 1692493453684,
      "stop" : 1692493453684,
      "duration" : 0
    },
    "status" : "passed",
    "steps" : [ ],
    "attachments" : [ ],
    "parameters" : [ ],
    "stepsCount" : 0,
    "attachmentsCount" : 0,
    "shouldDisplayMessage" : false,
    "hasContent" : false
  }, {
    "name" : "driver::0",
    "time" : {
      "start" : 1692492286071,
      "stop" : 1692492286137,
      "duration" : 66
    },
    "status" : "passed",
    "steps" : [ ],
    "attachments" : [ ],
    "parameters" : [ ],
    "stepsCount" : 0,
    "attachmentsCount" : 0,
    "shouldDisplayMessage" : false,
    "hasContent" : false
  } ],
  "labels" : [ {
    "name" : "epic",
    "value" : "Forgot Your Password Page"
  }, {
    "name" : "parentSuite",
    "value" : "tests"
  }, {
    "name" : "suite",
    "value" : "test_forgot_your_password"
  }, {
    "name" : "subSuite",
    "value" : "TestForgotYourPassword"
  }, {
    "name" : "host",
    "value" : "fv-az626-196"
  }, {
    "name" : "thread",
    "value" : "3314-MainThread"
  }, {
    "name" : "framework",
    "value" : "pytest"
  }, {
    "name" : "language",
    "value" : "cpython3"
  }, {
    "name" : "package",
    "value" : "tests.test_forgot_your_password"
  }, {
    "name" : "resultFormat",
    "value" : "allure2"
  } ],
  "parameters" : [ ],
  "links" : [ ],
  "hidden" : false,
  "retry" : false,
  "extra" : {
    "severity" : "normal",
    "retries" : [ ],
    "categories" : [ {
      "name" : "Test defects",
      "matchedStatuses" : [ ],
      "flaky" : false
    } ],
    "tags" : [ ]
  },
  "source" : "7090cf95b8522695.json",
  "parameterValues" : [ ]
}