{
  "uid" : "7ca4ae716aead799",
  "name" : "TC 04_01_09 Verify checkbox is present and unchecked",
  "fullName" : "tests.test_create_an_account.TestCreateAnAccount#test_04_01_09_sign_up_for_letters_checkbox",
  "historyId" : "642467d3c5da0c3e31a9a245e10a30c4",
  "time" : {
    "start" : 1695516010352,
    "stop" : 1695516015479,
    "duration" : 5127
  },
  "description" : " Verify that checkbox is present and unchecked",
  "descriptionHtml" : "<p>Verify that checkbox is present and unchecked</p>\n",
  "status" : "broken",
  "statusMessage" : "selenium.common.exceptions.TimeoutException: Message: \nStacktrace:\n#0 0x55690fe7f6c3 <unknown>\n#1 0x55690fb551e7 <unknown>\n#2 0x55690fb9c566 <unknown>\n#3 0x55690fb9c651 <unknown>\n#4 0x55690fbd9a74 <unknown>\n#5 0x55690fbbe0ed <unknown>\n#6 0x55690fbd7322 <unknown>\n#7 0x55690fbbde93 <unknown>\n#8 0x55690fb90934 <unknown>\n#9 0x55690fb9171e <unknown>\n#10 0x55690fe44cc8 <unknown>\n#11 0x55690fe48c00 <unknown>\n#12 0x55690fe531ac <unknown>\n#13 0x55690fe49818 <unknown>\n#14 0x55690fe1628f <unknown>\n#15 0x55690fe6de98 <unknown>\n#16 0x55690fe6e069 <unknown>\n#17 0x55690fe7e853 <unknown>\n#18 0x7f037a094b43 <unknown>",
  "statusTrace" : "self = <test_create_an_account.TestCreateAnAccount object at 0x7f9a4edba250>\ncreate_account_page = <pages.create_an_account_page.CreateAccountPage object at 0x7f9a4fb8b090>\n\n    @allure.title('TC 04_01_09 Verify checkbox is present and unchecked')\n    def test_04_01_09_sign_up_for_letters_checkbox(self, create_account_page):\n        \"\"\" Verify that checkbox is present and unchecked\"\"\"\n>       sign_up_checkbox = create_account_page.check_sign_up_checkbox_label()\n\ntests/test_create_an_account.py:79: \n_ _ _ _ _ _ _ _ _ _ _ _ _ _ _ _ _ _ _ _ _ _ _ _ _ _ _ _ _ _ _ _ _ _ _ _ _ _ _ _ \npages/create_an_account_page.py:224: in check_sign_up_checkbox_label\n    return self.element_is_visible(self.locators.SIGN_UP_CHECKBOX_LABEL)\npages/base_page.py:29: in element_is_visible\n    self.go_to_element(self.element_is_present(locator))\npages/base_page.py:50: in element_is_present\n    return wait(self.driver, timeout).until(EC.presence_of_element_located(locator))\n_ _ _ _ _ _ _ _ _ _ _ _ _ _ _ _ _ _ _ _ _ _ _ _ _ _ _ _ _ _ _ _ _ _ _ _ _ _ _ _ \n\nself = <selenium.webdriver.support.wait.WebDriverWait (session=\"892a107e9fd3e720dcd7fead066d10ce\")>\nmethod = <function presence_of_element_located.<locals>._predicate at 0x7f9a4df3e520>\nmessage = ''\n\n    def until(self, method, message: str = \"\"):\n        \"\"\"Calls the method provided with the driver as an argument until the \\\n        return value does not evaluate to ``False``.\n    \n        :param method: callable(WebDriver)\n        :param message: optional message for :exc:`TimeoutException`\n        :returns: the result of the last call to `method`\n        :raises: :exc:`selenium.common.exceptions.TimeoutException` if timeout occurs\n        \"\"\"\n        screen = None\n        stacktrace = None\n    \n        end_time = time.monotonic() + self._timeout\n        while True:\n            try:\n                value = method(self._driver)\n                if value:\n                    return value\n            except self._ignored_exceptions as exc:\n                screen = getattr(exc, \"screen\", None)\n                stacktrace = getattr(exc, \"stacktrace\", None)\n            time.sleep(self._poll)\n            if time.monotonic() > end_time:\n                break\n>       raise TimeoutException(message, screen, stacktrace)\nE       selenium.common.exceptions.TimeoutException: Message: \nE       Stacktrace:\nE       #0 0x55690fe7f6c3 <unknown>\nE       #1 0x55690fb551e7 <unknown>\nE       #2 0x55690fb9c566 <unknown>\nE       #3 0x55690fb9c651 <unknown>\nE       #4 0x55690fbd9a74 <unknown>\nE       #5 0x55690fbbe0ed <unknown>\nE       #6 0x55690fbd7322 <unknown>\nE       #7 0x55690fbbde93 <unknown>\nE       #8 0x55690fb90934 <unknown>\nE       #9 0x55690fb9171e <unknown>\nE       #10 0x55690fe44cc8 <unknown>\nE       #11 0x55690fe48c00 <unknown>\nE       #12 0x55690fe531ac <unknown>\nE       #13 0x55690fe49818 <unknown>\nE       #14 0x55690fe1628f <unknown>\nE       #15 0x55690fe6de98 <unknown>\nE       #16 0x55690fe6e069 <unknown>\nE       #17 0x55690fe7e853 <unknown>\nE       #18 0x7f037a094b43 <unknown>\n\n/opt/hostedtoolcache/Python/3.11.5/x64/lib/python3.11/site-packages/selenium/webdriver/support/wait.py:95: TimeoutException",
  "flaky" : false,
  "newFailed" : false,
  "beforeStages" : [ {
    "name" : "create_account_page",
    "time" : {
      "start" : 1695516009210,
      "stop" : 1695516010351,
      "duration" : 1141
    },
    "status" : "passed",
    "steps" : [ {
      "name" : "Open a browser",
      "time" : {
        "start" : 1695516009210,
        "stop" : 1695516010351,
        "duration" : 1141
      },
      "status" : "passed",
      "steps" : [ ],
      "attachments" : [ ],
      "parameters" : [ ],
      "stepsCount" : 0,
      "attachmentsCount" : 0,
      "shouldDisplayMessage" : false,
      "hasContent" : false
    } ],
    "attachments" : [ ],
    "parameters" : [ ],
    "stepsCount" : 1,
    "attachmentsCount" : 0,
    "shouldDisplayMessage" : false,
    "hasContent" : true
  }, {
    "name" : "_session_faker",
    "time" : {
      "start" : 1695515982889,
      "stop" : 1695515982964,
      "duration" : 75
    },
    "status" : "passed",
    "steps" : [ ],
    "attachments" : [ ],
    "parameters" : [ ],
    "stepsCount" : 0,
    "attachmentsCount" : 0,
    "shouldDisplayMessage" : false,
    "hasContent" : false
  }, {
    "name" : "clear_allure_result_folder",
    "time" : {
      "start" : 1695515982964,
      "stop" : 1695515982965,
      "duration" : 1
    },
    "status" : "passed",
    "steps" : [ ],
    "attachments" : [ ],
    "parameters" : [ ],
    "stepsCount" : 0,
    "attachmentsCount" : 0,
    "shouldDisplayMessage" : false,
    "hasContent" : false
  }, {
    "name" : "driver",
    "time" : {
      "start" : 1695516008120,
      "stop" : 1695516009210,
      "duration" : 1090
    },
    "status" : "passed",
    "steps" : [ ],
    "attachments" : [ ],
    "parameters" : [ ],
    "stepsCount" : 0,
    "attachmentsCount" : 0,
    "shouldDisplayMessage" : false,
    "hasContent" : false
  } ],
  "testStage" : {
    "description" : " Verify that checkbox is present and unchecked",
    "status" : "broken",
    "statusMessage" : "selenium.common.exceptions.TimeoutException: Message: \nStacktrace:\n#0 0x55690fe7f6c3 <unknown>\n#1 0x55690fb551e7 <unknown>\n#2 0x55690fb9c566 <unknown>\n#3 0x55690fb9c651 <unknown>\n#4 0x55690fbd9a74 <unknown>\n#5 0x55690fbbe0ed <unknown>\n#6 0x55690fbd7322 <unknown>\n#7 0x55690fbbde93 <unknown>\n#8 0x55690fb90934 <unknown>\n#9 0x55690fb9171e <unknown>\n#10 0x55690fe44cc8 <unknown>\n#11 0x55690fe48c00 <unknown>\n#12 0x55690fe531ac <unknown>\n#13 0x55690fe49818 <unknown>\n#14 0x55690fe1628f <unknown>\n#15 0x55690fe6de98 <unknown>\n#16 0x55690fe6e069 <unknown>\n#17 0x55690fe7e853 <unknown>\n#18 0x7f037a094b43 <unknown>",
    "statusTrace" : "self = <test_create_an_account.TestCreateAnAccount object at 0x7f9a4edba250>\ncreate_account_page = <pages.create_an_account_page.CreateAccountPage object at 0x7f9a4fb8b090>\n\n    @allure.title('TC 04_01_09 Verify checkbox is present and unchecked')\n    def test_04_01_09_sign_up_for_letters_checkbox(self, create_account_page):\n        \"\"\" Verify that checkbox is present and unchecked\"\"\"\n>       sign_up_checkbox = create_account_page.check_sign_up_checkbox_label()\n\ntests/test_create_an_account.py:79: \n_ _ _ _ _ _ _ _ _ _ _ _ _ _ _ _ _ _ _ _ _ _ _ _ _ _ _ _ _ _ _ _ _ _ _ _ _ _ _ _ \npages/create_an_account_page.py:224: in check_sign_up_checkbox_label\n    return self.element_is_visible(self.locators.SIGN_UP_CHECKBOX_LABEL)\npages/base_page.py:29: in element_is_visible\n    self.go_to_element(self.element_is_present(locator))\npages/base_page.py:50: in element_is_present\n    return wait(self.driver, timeout).until(EC.presence_of_element_located(locator))\n_ _ _ _ _ _ _ _ _ _ _ _ _ _ _ _ _ _ _ _ _ _ _ _ _ _ _ _ _ _ _ _ _ _ _ _ _ _ _ _ \n\nself = <selenium.webdriver.support.wait.WebDriverWait (session=\"892a107e9fd3e720dcd7fead066d10ce\")>\nmethod = <function presence_of_element_located.<locals>._predicate at 0x7f9a4df3e520>\nmessage = ''\n\n    def until(self, method, message: str = \"\"):\n        \"\"\"Calls the method provided with the driver as an argument until the \\\n        return value does not evaluate to ``False``.\n    \n        :param method: callable(WebDriver)\n        :param message: optional message for :exc:`TimeoutException`\n        :returns: the result of the last call to `method`\n        :raises: :exc:`selenium.common.exceptions.TimeoutException` if timeout occurs\n        \"\"\"\n        screen = None\n        stacktrace = None\n    \n        end_time = time.monotonic() + self._timeout\n        while True:\n            try:\n                value = method(self._driver)\n                if value:\n                    return value\n            except self._ignored_exceptions as exc:\n                screen = getattr(exc, \"screen\", None)\n                stacktrace = getattr(exc, \"stacktrace\", None)\n            time.sleep(self._poll)\n            if time.monotonic() > end_time:\n                break\n>       raise TimeoutException(message, screen, stacktrace)\nE       selenium.common.exceptions.TimeoutException: Message: \nE       Stacktrace:\nE       #0 0x55690fe7f6c3 <unknown>\nE       #1 0x55690fb551e7 <unknown>\nE       #2 0x55690fb9c566 <unknown>\nE       #3 0x55690fb9c651 <unknown>\nE       #4 0x55690fbd9a74 <unknown>\nE       #5 0x55690fbbe0ed <unknown>\nE       #6 0x55690fbd7322 <unknown>\nE       #7 0x55690fbbde93 <unknown>\nE       #8 0x55690fb90934 <unknown>\nE       #9 0x55690fb9171e <unknown>\nE       #10 0x55690fe44cc8 <unknown>\nE       #11 0x55690fe48c00 <unknown>\nE       #12 0x55690fe531ac <unknown>\nE       #13 0x55690fe49818 <unknown>\nE       #14 0x55690fe1628f <unknown>\nE       #15 0x55690fe6de98 <unknown>\nE       #16 0x55690fe6e069 <unknown>\nE       #17 0x55690fe7e853 <unknown>\nE       #18 0x7f037a094b43 <unknown>\n\n/opt/hostedtoolcache/Python/3.11.5/x64/lib/python3.11/site-packages/selenium/webdriver/support/wait.py:95: TimeoutException",
    "steps" : [ {
      "name" : "Check Sign Up checkbox label is visible",
      "time" : {
        "start" : 1695516010352,
        "stop" : 1695516015478,
        "duration" : 5126
      },
      "status" : "broken",
      "statusMessage" : "selenium.common.exceptions.TimeoutException: Message: \nStacktrace:\n#0 0x55690fe7f6c3 <unknown>\n#1 0x55690fb551e7 <unknown>\n#2 0x55690fb9c566 <unknown>\n#3 0x55690fb9c651 <unknown>\n#4 0x55690fbd9a74 <unknown>\n#5 0x55690fbbe0ed <unknown>\n#6 0x55690fbd7322 <unknown>\n#7 0x55690fbbde93 <unknown>\n#8 0x55690fb90934 <unknown>\n#9 0x55690fb9171e <unknown>\n#10 0x55690fe44cc8 <unknown>\n#11 0x55690fe48c00 <unknown>\n#12 0x55690fe531ac <unknown>\n#13 0x55690fe49818 <unknown>\n#14 0x55690fe1628f <unknown>\n#15 0x55690fe6de98 <unknown>\n#16 0x55690fe6e069 <unknown>\n#17 0x55690fe7e853 <unknown>\n#18 0x7f037a094b43 <unknown>\n\n",
      "statusTrace" : "  File \"/opt/hostedtoolcache/Python/3.11.5/x64/lib/python3.11/site-packages/allure_commons/_allure.py\", line 192, in impl\n    return func(*a, **kw)\n           ^^^^^^^^^^^^^^\n  File \"/home/runner/work/luma_project/luma_project/pages/create_an_account_page.py\", line 224, in check_sign_up_checkbox_label\n    return self.element_is_visible(self.locators.SIGN_UP_CHECKBOX_LABEL)\n           ^^^^^^^^^^^^^^^^^^^^^^^^^^^^^^^^^^^^^^^^^^^^^^^^^^^^^^^^^^^^^\n  File \"/opt/hostedtoolcache/Python/3.11.5/x64/lib/python3.11/site-packages/allure_commons/_allure.py\", line 192, in impl\n    return func(*a, **kw)\n           ^^^^^^^^^^^^^^\n  File \"/home/runner/work/luma_project/luma_project/pages/base_page.py\", line 29, in element_is_visible\n    self.go_to_element(self.element_is_present(locator))\n                       ^^^^^^^^^^^^^^^^^^^^^^^^^^^^^^^^\n  File \"/opt/hostedtoolcache/Python/3.11.5/x64/lib/python3.11/site-packages/allure_commons/_allure.py\", line 192, in impl\n    return func(*a, **kw)\n           ^^^^^^^^^^^^^^\n  File \"/home/runner/work/luma_project/luma_project/pages/base_page.py\", line 50, in element_is_present\n    return wait(self.driver, timeout).until(EC.presence_of_element_located(locator))\n           ^^^^^^^^^^^^^^^^^^^^^^^^^^^^^^^^^^^^^^^^^^^^^^^^^^^^^^^^^^^^^^^^^^^^^^^^^\n  File \"/opt/hostedtoolcache/Python/3.11.5/x64/lib/python3.11/site-packages/selenium/webdriver/support/wait.py\", line 95, in until\n    raise TimeoutException(message, screen, stacktrace)\n",
      "steps" : [ {
        "name" : "Find a visible element",
        "time" : {
          "start" : 1695516010352,
          "stop" : 1695516015477,
          "duration" : 5125
        },
        "status" : "broken",
        "statusMessage" : "selenium.common.exceptions.TimeoutException: Message: \nStacktrace:\n#0 0x55690fe7f6c3 <unknown>\n#1 0x55690fb551e7 <unknown>\n#2 0x55690fb9c566 <unknown>\n#3 0x55690fb9c651 <unknown>\n#4 0x55690fbd9a74 <unknown>\n#5 0x55690fbbe0ed <unknown>\n#6 0x55690fbd7322 <unknown>\n#7 0x55690fbbde93 <unknown>\n#8 0x55690fb90934 <unknown>\n#9 0x55690fb9171e <unknown>\n#10 0x55690fe44cc8 <unknown>\n#11 0x55690fe48c00 <unknown>\n#12 0x55690fe531ac <unknown>\n#13 0x55690fe49818 <unknown>\n#14 0x55690fe1628f <unknown>\n#15 0x55690fe6de98 <unknown>\n#16 0x55690fe6e069 <unknown>\n#17 0x55690fe7e853 <unknown>\n#18 0x7f037a094b43 <unknown>\n\n",
        "statusTrace" : "  File \"/opt/hostedtoolcache/Python/3.11.5/x64/lib/python3.11/site-packages/allure_commons/_allure.py\", line 192, in impl\n    return func(*a, **kw)\n           ^^^^^^^^^^^^^^\n  File \"/home/runner/work/luma_project/luma_project/pages/base_page.py\", line 29, in element_is_visible\n    self.go_to_element(self.element_is_present(locator))\n                       ^^^^^^^^^^^^^^^^^^^^^^^^^^^^^^^^\n  File \"/opt/hostedtoolcache/Python/3.11.5/x64/lib/python3.11/site-packages/allure_commons/_allure.py\", line 192, in impl\n    return func(*a, **kw)\n           ^^^^^^^^^^^^^^\n  File \"/home/runner/work/luma_project/luma_project/pages/base_page.py\", line 50, in element_is_present\n    return wait(self.driver, timeout).until(EC.presence_of_element_located(locator))\n           ^^^^^^^^^^^^^^^^^^^^^^^^^^^^^^^^^^^^^^^^^^^^^^^^^^^^^^^^^^^^^^^^^^^^^^^^^\n  File \"/opt/hostedtoolcache/Python/3.11.5/x64/lib/python3.11/site-packages/selenium/webdriver/support/wait.py\", line 95, in until\n    raise TimeoutException(message, screen, stacktrace)\n",
        "steps" : [ {
          "name" : "Find a present element",
          "time" : {
            "start" : 1695516010352,
            "stop" : 1695516015477,
            "duration" : 5125
          },
          "status" : "broken",
          "statusMessage" : "selenium.common.exceptions.TimeoutException: Message: \nStacktrace:\n#0 0x55690fe7f6c3 <unknown>\n#1 0x55690fb551e7 <unknown>\n#2 0x55690fb9c566 <unknown>\n#3 0x55690fb9c651 <unknown>\n#4 0x55690fbd9a74 <unknown>\n#5 0x55690fbbe0ed <unknown>\n#6 0x55690fbd7322 <unknown>\n#7 0x55690fbbde93 <unknown>\n#8 0x55690fb90934 <unknown>\n#9 0x55690fb9171e <unknown>\n#10 0x55690fe44cc8 <unknown>\n#11 0x55690fe48c00 <unknown>\n#12 0x55690fe531ac <unknown>\n#13 0x55690fe49818 <unknown>\n#14 0x55690fe1628f <unknown>\n#15 0x55690fe6de98 <unknown>\n#16 0x55690fe6e069 <unknown>\n#17 0x55690fe7e853 <unknown>\n#18 0x7f037a094b43 <unknown>\n\n",
          "statusTrace" : "  File \"/opt/hostedtoolcache/Python/3.11.5/x64/lib/python3.11/site-packages/allure_commons/_allure.py\", line 192, in impl\n    return func(*a, **kw)\n           ^^^^^^^^^^^^^^\n  File \"/home/runner/work/luma_project/luma_project/pages/base_page.py\", line 50, in element_is_present\n    return wait(self.driver, timeout).until(EC.presence_of_element_located(locator))\n           ^^^^^^^^^^^^^^^^^^^^^^^^^^^^^^^^^^^^^^^^^^^^^^^^^^^^^^^^^^^^^^^^^^^^^^^^^\n  File \"/opt/hostedtoolcache/Python/3.11.5/x64/lib/python3.11/site-packages/selenium/webdriver/support/wait.py\", line 95, in until\n    raise TimeoutException(message, screen, stacktrace)\n",
          "steps" : [ ],
          "attachments" : [ ],
          "parameters" : [ {
            "name" : "locator",
            "value" : "('css selector', \"label[for='is_subscribed']\")"
          }, {
            "name" : "timeout",
            "value" : "5"
          } ],
          "stepsCount" : 0,
          "attachmentsCount" : 0,
          "shouldDisplayMessage" : true,
          "hasContent" : true
        } ],
        "attachments" : [ ],
        "parameters" : [ {
          "name" : "locator",
          "value" : "('css selector', \"label[for='is_subscribed']\")"
        }, {
          "name" : "timeout",
          "value" : "10"
        } ],
        "stepsCount" : 1,
        "attachmentsCount" : 0,
        "shouldDisplayMessage" : false,
        "hasContent" : true
      } ],
      "attachments" : [ ],
      "parameters" : [ ],
      "stepsCount" : 2,
      "attachmentsCount" : 0,
      "shouldDisplayMessage" : false,
      "hasContent" : true
    } ],
    "attachments" : [ {
      "uid" : "3e5a47baf48a7090",
      "name" : "Screenshot",
      "source" : "3e5a47baf48a7090.png",
      "type" : "image/png",
      "size" : 66078
    }, {
      "uid" : "263fe33bcd2c6357",
      "name" : "HTML source",
      "source" : "263fe33bcd2c6357.html",
      "type" : "text/html",
      "size" : 81328
    } ],
    "parameters" : [ ],
    "stepsCount" : 3,
    "attachmentsCount" : 2,
    "shouldDisplayMessage" : true,
    "hasContent" : true
  },
  "afterStages" : [ {
    "name" : "clear_allure_result_folder::0",
    "time" : {
      "start" : 1695517631857,
      "stop" : 1695517631857,
      "duration" : 0
    },
    "status" : "passed",
    "steps" : [ ],
    "attachments" : [ ],
    "parameters" : [ ],
    "stepsCount" : 0,
    "attachmentsCount" : 0,
    "shouldDisplayMessage" : false,
    "hasContent" : false
  }, {
    "name" : "driver::0",
    "time" : {
      "start" : 1695516015674,
      "stop" : 1695516015737,
      "duration" : 63
    },
    "status" : "passed",
    "steps" : [ ],
    "attachments" : [ ],
    "parameters" : [ ],
    "stepsCount" : 0,
    "attachmentsCount" : 0,
    "shouldDisplayMessage" : false,
    "hasContent" : false
  } ],
  "labels" : [ {
    "name" : "epic",
    "value" : "Create An Account"
  }, {
    "name" : "parentSuite",
    "value" : "tests"
  }, {
    "name" : "suite",
    "value" : "test_create_an_account"
  }, {
    "name" : "subSuite",
    "value" : "TestCreateAnAccount"
  }, {
    "name" : "host",
    "value" : "fv-az812-630"
  }, {
    "name" : "thread",
    "value" : "2998-MainThread"
  }, {
    "name" : "framework",
    "value" : "pytest"
  }, {
    "name" : "language",
    "value" : "cpython3"
  }, {
    "name" : "package",
    "value" : "tests.test_create_an_account"
  }, {
    "name" : "resultFormat",
    "value" : "allure2"
  } ],
  "parameters" : [ ],
  "links" : [ ],
  "hidden" : false,
  "retry" : false,
  "extra" : {
    "severity" : "normal",
    "retries" : [ ],
    "categories" : [ {
      "name" : "Test defects",
      "matchedStatuses" : [ ],
      "flaky" : false
    } ],
    "tags" : [ ]
  },
  "source" : "7ca4ae716aead799.json",
  "parameterValues" : [ ]
}