{
  "uid" : "7cfed35ab29bb588",
  "name" : "TC 17.01.15 Verify Reload captcha button is clickable",
  "fullName" : "tests.test_forgot_your_password.TestForgotYourPassword#test_17_01_15_reload_captcha_is_clickable",
  "historyId" : "af56a4cf8ff8e384f30c040fdea3566a",
  "time" : {
    "start" : 1692492319010,
    "stop" : 1692492324152,
    "duration" : 5142
  },
  "description" : "Check that the 'Reload captcha' button is clickable",
  "descriptionHtml" : "<p>Check that the 'Reload captcha' button is clickable</p>\n",
  "status" : "broken",
  "statusMessage" : "selenium.common.exceptions.TimeoutException: Message: \nStacktrace:\n#0 0x55eab731a613 <unknown>\n#1 0x55eab7046537 <unknown>\n#2 0x55eab7084f53 <unknown>\n#3 0x55eab7085041 <unknown>\n#4 0x55eab70c02a4 <unknown>\n#5 0x55eab70a5a5d <unknown>\n#6 0x55eab70bdd09 <unknown>\n#7 0x55eab70a5803 <unknown>\n#8 0x55eab707968b <unknown>\n#9 0x55eab707a42e <unknown>\n#10 0x55eab72dbc28 <unknown>\n#11 0x55eab72dfaf7 <unknown>\n#12 0x55eab72ea01c <unknown>\n#13 0x55eab72e0723 <unknown>\n#14 0x55eab72af457 <unknown>\n#15 0x55eab7304628 <unknown>\n#16 0x55eab73047b7 <unknown>\n#17 0x55eab7313483 <unknown>\n#18 0x7f9b8cff8b43 <unknown>",
  "statusTrace" : "self = <test_forgot_your_password.TestForgotYourPassword object at 0x7fd3cef28390>\ndriver = <selenium.webdriver.chrome.webdriver.WebDriver (session=\"90415c18b671eb7a00713b27c05694b3\")>\nforgot_psw_page = <pages.forgot_your_password_page.ForgotYourPasswordPage object at 0x7fd3cf80ed10>\n\n    @allure.title('TC 17.01.15 Verify Reload captcha button is clickable')\n    def test_17_01_15_reload_captcha_is_clickable(self, driver, forgot_psw_page):\n        \"\"\"Check that the 'Reload captcha' button is clickable\"\"\"\n>       reload_captcha_button = forgot_psw_page.check_reload_captcha_button_is_clickable()\n\ntests/test_forgot_your_password.py:134: \n_ _ _ _ _ _ _ _ _ _ _ _ _ _ _ _ _ _ _ _ _ _ _ _ _ _ _ _ _ _ _ _ _ _ _ _ _ _ _ _ \npages/forgot_your_password_page.py:99: in check_reload_captcha_button_is_clickable\n    return self.element_is_clickable(self.locators.RELOAD_CAPTCHA_BUTTON)\npages/base_page.py:80: in element_is_clickable\n    return wait(self.driver, timeout).until(EC.element_to_be_clickable(locator))\n_ _ _ _ _ _ _ _ _ _ _ _ _ _ _ _ _ _ _ _ _ _ _ _ _ _ _ _ _ _ _ _ _ _ _ _ _ _ _ _ \n\nself = <selenium.webdriver.support.wait.WebDriverWait (session=\"90415c18b671eb7a00713b27c05694b3\")>\nmethod = <function element_to_be_clickable.<locals>._predicate at 0x7fd3cdb4a660>\nmessage = ''\n\n    def until(self, method, message: str = \"\"):\n        \"\"\"Calls the method provided with the driver as an argument until the \\\n        return value does not evaluate to ``False``.\n    \n        :param method: callable(WebDriver)\n        :param message: optional message for :exc:`TimeoutException`\n        :returns: the result of the last call to `method`\n        :raises: :exc:`selenium.common.exceptions.TimeoutException` if timeout occurs\n        \"\"\"\n        screen = None\n        stacktrace = None\n    \n        end_time = time.monotonic() + self._timeout\n        while True:\n            try:\n                value = method(self._driver)\n                if value:\n                    return value\n            except self._ignored_exceptions as exc:\n                screen = getattr(exc, \"screen\", None)\n                stacktrace = getattr(exc, \"stacktrace\", None)\n            time.sleep(self._poll)\n            if time.monotonic() > end_time:\n                break\n>       raise TimeoutException(message, screen, stacktrace)\nE       selenium.common.exceptions.TimeoutException: Message: \nE       Stacktrace:\nE       #0 0x55eab731a613 <unknown>\nE       #1 0x55eab7046537 <unknown>\nE       #2 0x55eab7084f53 <unknown>\nE       #3 0x55eab7085041 <unknown>\nE       #4 0x55eab70c02a4 <unknown>\nE       #5 0x55eab70a5a5d <unknown>\nE       #6 0x55eab70bdd09 <unknown>\nE       #7 0x55eab70a5803 <unknown>\nE       #8 0x55eab707968b <unknown>\nE       #9 0x55eab707a42e <unknown>\nE       #10 0x55eab72dbc28 <unknown>\nE       #11 0x55eab72dfaf7 <unknown>\nE       #12 0x55eab72ea01c <unknown>\nE       #13 0x55eab72e0723 <unknown>\nE       #14 0x55eab72af457 <unknown>\nE       #15 0x55eab7304628 <unknown>\nE       #16 0x55eab73047b7 <unknown>\nE       #17 0x55eab7313483 <unknown>\nE       #18 0x7f9b8cff8b43 <unknown>\n\n/opt/hostedtoolcache/Python/3.11.4/x64/lib/python3.11/site-packages/selenium/webdriver/support/wait.py:95: TimeoutException",
  "flaky" : false,
  "newFailed" : false,
  "beforeStages" : [ {
    "name" : "clear_allure_result_folder",
    "time" : {
      "start" : 1692491878626,
      "stop" : 1692491878626,
      "duration" : 0
    },
    "status" : "passed",
    "steps" : [ ],
    "attachments" : [ ],
    "parameters" : [ ],
    "stepsCount" : 0,
    "attachmentsCount" : 0,
    "shouldDisplayMessage" : false,
    "hasContent" : false
  }, {
    "name" : "forgot_psw_page",
    "time" : {
      "start" : 1692492317815,
      "stop" : 1692492319010,
      "duration" : 1195
    },
    "status" : "passed",
    "steps" : [ {
      "name" : "Open a browser",
      "time" : {
        "start" : 1692492317815,
        "stop" : 1692492319010,
        "duration" : 1195
      },
      "status" : "passed",
      "steps" : [ ],
      "attachments" : [ ],
      "parameters" : [ ],
      "stepsCount" : 0,
      "attachmentsCount" : 0,
      "shouldDisplayMessage" : false,
      "hasContent" : false
    } ],
    "attachments" : [ ],
    "parameters" : [ ],
    "stepsCount" : 1,
    "attachmentsCount" : 0,
    "shouldDisplayMessage" : false,
    "hasContent" : true
  }, {
    "name" : "_session_faker",
    "time" : {
      "start" : 1692491878520,
      "stop" : 1692491878626,
      "duration" : 106
    },
    "status" : "passed",
    "steps" : [ ],
    "attachments" : [ ],
    "parameters" : [ ],
    "stepsCount" : 0,
    "attachmentsCount" : 0,
    "shouldDisplayMessage" : false,
    "hasContent" : false
  }, {
    "name" : "driver",
    "time" : {
      "start" : 1692492316692,
      "stop" : 1692492317815,
      "duration" : 1123
    },
    "status" : "passed",
    "steps" : [ ],
    "attachments" : [ ],
    "parameters" : [ ],
    "stepsCount" : 0,
    "attachmentsCount" : 0,
    "shouldDisplayMessage" : false,
    "hasContent" : false
  } ],
  "testStage" : {
    "description" : "Check that the 'Reload captcha' button is clickable",
    "status" : "broken",
    "statusMessage" : "selenium.common.exceptions.TimeoutException: Message: \nStacktrace:\n#0 0x55eab731a613 <unknown>\n#1 0x55eab7046537 <unknown>\n#2 0x55eab7084f53 <unknown>\n#3 0x55eab7085041 <unknown>\n#4 0x55eab70c02a4 <unknown>\n#5 0x55eab70a5a5d <unknown>\n#6 0x55eab70bdd09 <unknown>\n#7 0x55eab70a5803 <unknown>\n#8 0x55eab707968b <unknown>\n#9 0x55eab707a42e <unknown>\n#10 0x55eab72dbc28 <unknown>\n#11 0x55eab72dfaf7 <unknown>\n#12 0x55eab72ea01c <unknown>\n#13 0x55eab72e0723 <unknown>\n#14 0x55eab72af457 <unknown>\n#15 0x55eab7304628 <unknown>\n#16 0x55eab73047b7 <unknown>\n#17 0x55eab7313483 <unknown>\n#18 0x7f9b8cff8b43 <unknown>",
    "statusTrace" : "self = <test_forgot_your_password.TestForgotYourPassword object at 0x7fd3cef28390>\ndriver = <selenium.webdriver.chrome.webdriver.WebDriver (session=\"90415c18b671eb7a00713b27c05694b3\")>\nforgot_psw_page = <pages.forgot_your_password_page.ForgotYourPasswordPage object at 0x7fd3cf80ed10>\n\n    @allure.title('TC 17.01.15 Verify Reload captcha button is clickable')\n    def test_17_01_15_reload_captcha_is_clickable(self, driver, forgot_psw_page):\n        \"\"\"Check that the 'Reload captcha' button is clickable\"\"\"\n>       reload_captcha_button = forgot_psw_page.check_reload_captcha_button_is_clickable()\n\ntests/test_forgot_your_password.py:134: \n_ _ _ _ _ _ _ _ _ _ _ _ _ _ _ _ _ _ _ _ _ _ _ _ _ _ _ _ _ _ _ _ _ _ _ _ _ _ _ _ \npages/forgot_your_password_page.py:99: in check_reload_captcha_button_is_clickable\n    return self.element_is_clickable(self.locators.RELOAD_CAPTCHA_BUTTON)\npages/base_page.py:80: in element_is_clickable\n    return wait(self.driver, timeout).until(EC.element_to_be_clickable(locator))\n_ _ _ _ _ _ _ _ _ _ _ _ _ _ _ _ _ _ _ _ _ _ _ _ _ _ _ _ _ _ _ _ _ _ _ _ _ _ _ _ \n\nself = <selenium.webdriver.support.wait.WebDriverWait (session=\"90415c18b671eb7a00713b27c05694b3\")>\nmethod = <function element_to_be_clickable.<locals>._predicate at 0x7fd3cdb4a660>\nmessage = ''\n\n    def until(self, method, message: str = \"\"):\n        \"\"\"Calls the method provided with the driver as an argument until the \\\n        return value does not evaluate to ``False``.\n    \n        :param method: callable(WebDriver)\n        :param message: optional message for :exc:`TimeoutException`\n        :returns: the result of the last call to `method`\n        :raises: :exc:`selenium.common.exceptions.TimeoutException` if timeout occurs\n        \"\"\"\n        screen = None\n        stacktrace = None\n    \n        end_time = time.monotonic() + self._timeout\n        while True:\n            try:\n                value = method(self._driver)\n                if value:\n                    return value\n            except self._ignored_exceptions as exc:\n                screen = getattr(exc, \"screen\", None)\n                stacktrace = getattr(exc, \"stacktrace\", None)\n            time.sleep(self._poll)\n            if time.monotonic() > end_time:\n                break\n>       raise TimeoutException(message, screen, stacktrace)\nE       selenium.common.exceptions.TimeoutException: Message: \nE       Stacktrace:\nE       #0 0x55eab731a613 <unknown>\nE       #1 0x55eab7046537 <unknown>\nE       #2 0x55eab7084f53 <unknown>\nE       #3 0x55eab7085041 <unknown>\nE       #4 0x55eab70c02a4 <unknown>\nE       #5 0x55eab70a5a5d <unknown>\nE       #6 0x55eab70bdd09 <unknown>\nE       #7 0x55eab70a5803 <unknown>\nE       #8 0x55eab707968b <unknown>\nE       #9 0x55eab707a42e <unknown>\nE       #10 0x55eab72dbc28 <unknown>\nE       #11 0x55eab72dfaf7 <unknown>\nE       #12 0x55eab72ea01c <unknown>\nE       #13 0x55eab72e0723 <unknown>\nE       #14 0x55eab72af457 <unknown>\nE       #15 0x55eab7304628 <unknown>\nE       #16 0x55eab73047b7 <unknown>\nE       #17 0x55eab7313483 <unknown>\nE       #18 0x7f9b8cff8b43 <unknown>\n\n/opt/hostedtoolcache/Python/3.11.4/x64/lib/python3.11/site-packages/selenium/webdriver/support/wait.py:95: TimeoutException",
    "steps" : [ {
      "name" : "Check Reload captcha button is clickable",
      "time" : {
        "start" : 1692492319010,
        "stop" : 1692492324152,
        "duration" : 5142
      },
      "status" : "broken",
      "statusMessage" : "selenium.common.exceptions.TimeoutException: Message: \nStacktrace:\n#0 0x55eab731a613 <unknown>\n#1 0x55eab7046537 <unknown>\n#2 0x55eab7084f53 <unknown>\n#3 0x55eab7085041 <unknown>\n#4 0x55eab70c02a4 <unknown>\n#5 0x55eab70a5a5d <unknown>\n#6 0x55eab70bdd09 <unknown>\n#7 0x55eab70a5803 <unknown>\n#8 0x55eab707968b <unknown>\n#9 0x55eab707a42e <unknown>\n#10 0x55eab72dbc28 <unknown>\n#11 0x55eab72dfaf7 <unknown>\n#12 0x55eab72ea01c <unknown>\n#13 0x55eab72e0723 <unknown>\n#14 0x55eab72af457 <unknown>\n#15 0x55eab7304628 <unknown>\n#16 0x55eab73047b7 <unknown>\n#17 0x55eab7313483 <unknown>\n#18 0x7f9b8cff8b43 <unknown>\n\n",
      "statusTrace" : "  File \"/opt/hostedtoolcache/Python/3.11.4/x64/lib/python3.11/site-packages/allure_commons/_allure.py\", line 192, in impl\n    return func(*a, **kw)\n           ^^^^^^^^^^^^^^\n  File \"/home/runner/work/luma_project/luma_project/pages/forgot_your_password_page.py\", line 99, in check_reload_captcha_button_is_clickable\n    return self.element_is_clickable(self.locators.RELOAD_CAPTCHA_BUTTON)\n           ^^^^^^^^^^^^^^^^^^^^^^^^^^^^^^^^^^^^^^^^^^^^^^^^^^^^^^^^^^^^^^\n  File \"/opt/hostedtoolcache/Python/3.11.4/x64/lib/python3.11/site-packages/allure_commons/_allure.py\", line 192, in impl\n    return func(*a, **kw)\n           ^^^^^^^^^^^^^^\n  File \"/home/runner/work/luma_project/luma_project/pages/base_page.py\", line 80, in element_is_clickable\n    return wait(self.driver, timeout).until(EC.element_to_be_clickable(locator))\n           ^^^^^^^^^^^^^^^^^^^^^^^^^^^^^^^^^^^^^^^^^^^^^^^^^^^^^^^^^^^^^^^^^^^^^\n  File \"/opt/hostedtoolcache/Python/3.11.4/x64/lib/python3.11/site-packages/selenium/webdriver/support/wait.py\", line 95, in until\n    raise TimeoutException(message, screen, stacktrace)\n",
      "steps" : [ {
        "name" : "Find clickable elements",
        "time" : {
          "start" : 1692492319011,
          "stop" : 1692492324151,
          "duration" : 5140
        },
        "status" : "broken",
        "statusMessage" : "selenium.common.exceptions.TimeoutException: Message: \nStacktrace:\n#0 0x55eab731a613 <unknown>\n#1 0x55eab7046537 <unknown>\n#2 0x55eab7084f53 <unknown>\n#3 0x55eab7085041 <unknown>\n#4 0x55eab70c02a4 <unknown>\n#5 0x55eab70a5a5d <unknown>\n#6 0x55eab70bdd09 <unknown>\n#7 0x55eab70a5803 <unknown>\n#8 0x55eab707968b <unknown>\n#9 0x55eab707a42e <unknown>\n#10 0x55eab72dbc28 <unknown>\n#11 0x55eab72dfaf7 <unknown>\n#12 0x55eab72ea01c <unknown>\n#13 0x55eab72e0723 <unknown>\n#14 0x55eab72af457 <unknown>\n#15 0x55eab7304628 <unknown>\n#16 0x55eab73047b7 <unknown>\n#17 0x55eab7313483 <unknown>\n#18 0x7f9b8cff8b43 <unknown>\n\n",
        "statusTrace" : "  File \"/opt/hostedtoolcache/Python/3.11.4/x64/lib/python3.11/site-packages/allure_commons/_allure.py\", line 192, in impl\n    return func(*a, **kw)\n           ^^^^^^^^^^^^^^\n  File \"/home/runner/work/luma_project/luma_project/pages/base_page.py\", line 80, in element_is_clickable\n    return wait(self.driver, timeout).until(EC.element_to_be_clickable(locator))\n           ^^^^^^^^^^^^^^^^^^^^^^^^^^^^^^^^^^^^^^^^^^^^^^^^^^^^^^^^^^^^^^^^^^^^^\n  File \"/opt/hostedtoolcache/Python/3.11.4/x64/lib/python3.11/site-packages/selenium/webdriver/support/wait.py\", line 95, in until\n    raise TimeoutException(message, screen, stacktrace)\n",
        "steps" : [ ],
        "attachments" : [ ],
        "parameters" : [ {
          "name" : "locator",
          "value" : "('css selector', 'button[title = \"Reload captcha\"]')"
        }, {
          "name" : "timeout",
          "value" : "5"
        } ],
        "stepsCount" : 0,
        "attachmentsCount" : 0,
        "shouldDisplayMessage" : true,
        "hasContent" : true
      } ],
      "attachments" : [ ],
      "parameters" : [ ],
      "stepsCount" : 1,
      "attachmentsCount" : 0,
      "shouldDisplayMessage" : false,
      "hasContent" : true
    } ],
    "attachments" : [ {
      "uid" : "e6ca0599d1d1e70b",
      "name" : "Screenshot",
      "source" : "e6ca0599d1d1e70b.png",
      "type" : "image/png",
      "size" : 65941
    }, {
      "uid" : "f054e1f55abb36f7",
      "name" : "HTML source",
      "source" : "f054e1f55abb36f7.html",
      "type" : "text/html",
      "size" : 77958
    } ],
    "parameters" : [ ],
    "stepsCount" : 2,
    "attachmentsCount" : 2,
    "shouldDisplayMessage" : true,
    "hasContent" : true
  },
  "afterStages" : [ {
    "name" : "clear_allure_result_folder::0",
    "time" : {
      "start" : 1692493453684,
      "stop" : 1692493453684,
      "duration" : 0
    },
    "status" : "passed",
    "steps" : [ ],
    "attachments" : [ ],
    "parameters" : [ ],
    "stepsCount" : 0,
    "attachmentsCount" : 0,
    "shouldDisplayMessage" : false,
    "hasContent" : false
  }, {
    "name" : "driver::0",
    "time" : {
      "start" : 1692492324337,
      "stop" : 1692492324400,
      "duration" : 63
    },
    "status" : "passed",
    "steps" : [ ],
    "attachments" : [ ],
    "parameters" : [ ],
    "stepsCount" : 0,
    "attachmentsCount" : 0,
    "shouldDisplayMessage" : false,
    "hasContent" : false
  } ],
  "labels" : [ {
    "name" : "epic",
    "value" : "Forgot Your Password Page"
  }, {
    "name" : "parentSuite",
    "value" : "tests"
  }, {
    "name" : "suite",
    "value" : "test_forgot_your_password"
  }, {
    "name" : "subSuite",
    "value" : "TestForgotYourPassword"
  }, {
    "name" : "host",
    "value" : "fv-az626-196"
  }, {
    "name" : "thread",
    "value" : "3314-MainThread"
  }, {
    "name" : "framework",
    "value" : "pytest"
  }, {
    "name" : "language",
    "value" : "cpython3"
  }, {
    "name" : "package",
    "value" : "tests.test_forgot_your_password"
  }, {
    "name" : "resultFormat",
    "value" : "allure2"
  } ],
  "parameters" : [ ],
  "links" : [ ],
  "hidden" : false,
  "retry" : false,
  "extra" : {
    "severity" : "normal",
    "retries" : [ ],
    "categories" : [ {
      "name" : "Test defects",
      "matchedStatuses" : [ ],
      "flaky" : false
    } ],
    "tags" : [ ]
  },
  "source" : "7cfed35ab29bb588.json",
  "parameterValues" : [ ]
}