{
  "uid" : "7d4b523800d4c084",
  "name" : "TC 17.01.09 Verify FYP captcha input field is present",
  "fullName" : "tests.test_forgot_your_password.TestForgotYourPassword#test_17_01_09_email_field_is_present",
  "historyId" : "cd76134b1f5e36a57a9e536da7128211",
  "time" : {
    "start" : 1691887408909,
    "stop" : 1691887414007,
    "duration" : 5098
  },
  "description" : "Check if the captcha input field is present",
  "descriptionHtml" : "<p>Check if the captcha input field is present</p>\n",
  "status" : "broken",
  "statusMessage" : "selenium.common.exceptions.TimeoutException: Message: \nStacktrace:\n#0 0x561e54c80613 <unknown>\n#1 0x561e549ac537 <unknown>\n#2 0x561e549eaf53 <unknown>\n#3 0x561e549eb041 <unknown>\n#4 0x561e54a262a4 <unknown>\n#5 0x561e54a0ba5d <unknown>\n#6 0x561e54a23d09 <unknown>\n#7 0x561e54a0b803 <unknown>\n#8 0x561e549df68b <unknown>\n#9 0x561e549e042e <unknown>\n#10 0x561e54c41c28 <unknown>\n#11 0x561e54c45af7 <unknown>\n#12 0x561e54c5001c <unknown>\n#13 0x561e54c46723 <unknown>\n#14 0x561e54c15457 <unknown>\n#15 0x561e54c6a628 <unknown>\n#16 0x561e54c6a7b7 <unknown>\n#17 0x561e54c79483 <unknown>\n#18 0x7f4650d72b43 <unknown>",
  "statusTrace" : "self = <test_forgot_your_password.TestForgotYourPassword object at 0x7efd61a73cd0>\ndriver = <selenium.webdriver.chrome.webdriver.WebDriver (session=\"4deff8b03fefe0a8b60a3e9ddb87e6c7\")>\nforgot_psw_page = <pages.forgot_your_password_page.ForgotYourPasswordPage object at 0x7efd625d4410>\n\n    @allure.title('TC 17.01.09 Verify FYP captcha input field is present')\n    def test_17_01_09_email_field_is_present(self, driver, forgot_psw_page):\n        \"\"\"Check if the captcha input field is present\"\"\"\n>       captcha_input = forgot_psw_page.check_forgot_psw_captcha_field_is_clickable()\n\ntests/test_forgot_your_password.py:87: \n_ _ _ _ _ _ _ _ _ _ _ _ _ _ _ _ _ _ _ _ _ _ _ _ _ _ _ _ _ _ _ _ _ _ _ _ _ _ _ _ \npages/forgot_your_password_page.py:59: in check_forgot_psw_captcha_field_is_clickable\n    return self.element_is_clickable(self.locators.FORGOT_YOUR_PASSWORD_CAPTCHA)\npages/base_page.py:80: in element_is_clickable\n    return wait(self.driver, timeout).until(EC.element_to_be_clickable(locator))\n_ _ _ _ _ _ _ _ _ _ _ _ _ _ _ _ _ _ _ _ _ _ _ _ _ _ _ _ _ _ _ _ _ _ _ _ _ _ _ _ \n\nself = <selenium.webdriver.support.wait.WebDriverWait (session=\"4deff8b03fefe0a8b60a3e9ddb87e6c7\")>\nmethod = <function element_to_be_clickable.<locals>._predicate at 0x7efd606a1b20>\nmessage = ''\n\n    def until(self, method, message: str = \"\"):\n        \"\"\"Calls the method provided with the driver as an argument until the \\\n        return value does not evaluate to ``False``.\n    \n        :param method: callable(WebDriver)\n        :param message: optional message for :exc:`TimeoutException`\n        :returns: the result of the last call to `method`\n        :raises: :exc:`selenium.common.exceptions.TimeoutException` if timeout occurs\n        \"\"\"\n        screen = None\n        stacktrace = None\n    \n        end_time = time.monotonic() + self._timeout\n        while True:\n            try:\n                value = method(self._driver)\n                if value:\n                    return value\n            except self._ignored_exceptions as exc:\n                screen = getattr(exc, \"screen\", None)\n                stacktrace = getattr(exc, \"stacktrace\", None)\n            time.sleep(self._poll)\n            if time.monotonic() > end_time:\n                break\n>       raise TimeoutException(message, screen, stacktrace)\nE       selenium.common.exceptions.TimeoutException: Message: \nE       Stacktrace:\nE       #0 0x561e54c80613 <unknown>\nE       #1 0x561e549ac537 <unknown>\nE       #2 0x561e549eaf53 <unknown>\nE       #3 0x561e549eb041 <unknown>\nE       #4 0x561e54a262a4 <unknown>\nE       #5 0x561e54a0ba5d <unknown>\nE       #6 0x561e54a23d09 <unknown>\nE       #7 0x561e54a0b803 <unknown>\nE       #8 0x561e549df68b <unknown>\nE       #9 0x561e549e042e <unknown>\nE       #10 0x561e54c41c28 <unknown>\nE       #11 0x561e54c45af7 <unknown>\nE       #12 0x561e54c5001c <unknown>\nE       #13 0x561e54c46723 <unknown>\nE       #14 0x561e54c15457 <unknown>\nE       #15 0x561e54c6a628 <unknown>\nE       #16 0x561e54c6a7b7 <unknown>\nE       #17 0x561e54c79483 <unknown>\nE       #18 0x7f4650d72b43 <unknown>\n\n/opt/hostedtoolcache/Python/3.11.4/x64/lib/python3.11/site-packages/selenium/webdriver/support/wait.py:95: TimeoutException",
  "flaky" : false,
  "newFailed" : false,
  "beforeStages" : [ {
    "name" : "forgot_psw_page",
    "time" : {
      "start" : 1691887407902,
      "stop" : 1691887408908,
      "duration" : 1006
    },
    "status" : "passed",
    "steps" : [ {
      "name" : "Open a browser",
      "time" : {
        "start" : 1691887407902,
        "stop" : 1691887408908,
        "duration" : 1006
      },
      "status" : "passed",
      "steps" : [ ],
      "attachments" : [ ],
      "parameters" : [ ],
      "stepsCount" : 0,
      "attachmentsCount" : 0,
      "shouldDisplayMessage" : false,
      "hasContent" : false
    } ],
    "attachments" : [ ],
    "parameters" : [ ],
    "stepsCount" : 1,
    "attachmentsCount" : 0,
    "shouldDisplayMessage" : false,
    "hasContent" : true
  }, {
    "name" : "_session_faker",
    "time" : {
      "start" : 1691887066183,
      "stop" : 1691887066268,
      "duration" : 85
    },
    "status" : "passed",
    "steps" : [ ],
    "attachments" : [ ],
    "parameters" : [ ],
    "stepsCount" : 0,
    "attachmentsCount" : 0,
    "shouldDisplayMessage" : false,
    "hasContent" : false
  }, {
    "name" : "driver",
    "time" : {
      "start" : 1691887406923,
      "stop" : 1691887407902,
      "duration" : 979
    },
    "status" : "passed",
    "steps" : [ ],
    "attachments" : [ ],
    "parameters" : [ ],
    "stepsCount" : 0,
    "attachmentsCount" : 0,
    "shouldDisplayMessage" : false,
    "hasContent" : false
  }, {
    "name" : "clear_allure_result_folder",
    "time" : {
      "start" : 1691887066268,
      "stop" : 1691887066268,
      "duration" : 0
    },
    "status" : "passed",
    "steps" : [ ],
    "attachments" : [ ],
    "parameters" : [ ],
    "stepsCount" : 0,
    "attachmentsCount" : 0,
    "shouldDisplayMessage" : false,
    "hasContent" : false
  } ],
  "testStage" : {
    "description" : "Check if the captcha input field is present",
    "status" : "broken",
    "statusMessage" : "selenium.common.exceptions.TimeoutException: Message: \nStacktrace:\n#0 0x561e54c80613 <unknown>\n#1 0x561e549ac537 <unknown>\n#2 0x561e549eaf53 <unknown>\n#3 0x561e549eb041 <unknown>\n#4 0x561e54a262a4 <unknown>\n#5 0x561e54a0ba5d <unknown>\n#6 0x561e54a23d09 <unknown>\n#7 0x561e54a0b803 <unknown>\n#8 0x561e549df68b <unknown>\n#9 0x561e549e042e <unknown>\n#10 0x561e54c41c28 <unknown>\n#11 0x561e54c45af7 <unknown>\n#12 0x561e54c5001c <unknown>\n#13 0x561e54c46723 <unknown>\n#14 0x561e54c15457 <unknown>\n#15 0x561e54c6a628 <unknown>\n#16 0x561e54c6a7b7 <unknown>\n#17 0x561e54c79483 <unknown>\n#18 0x7f4650d72b43 <unknown>",
    "statusTrace" : "self = <test_forgot_your_password.TestForgotYourPassword object at 0x7efd61a73cd0>\ndriver = <selenium.webdriver.chrome.webdriver.WebDriver (session=\"4deff8b03fefe0a8b60a3e9ddb87e6c7\")>\nforgot_psw_page = <pages.forgot_your_password_page.ForgotYourPasswordPage object at 0x7efd625d4410>\n\n    @allure.title('TC 17.01.09 Verify FYP captcha input field is present')\n    def test_17_01_09_email_field_is_present(self, driver, forgot_psw_page):\n        \"\"\"Check if the captcha input field is present\"\"\"\n>       captcha_input = forgot_psw_page.check_forgot_psw_captcha_field_is_clickable()\n\ntests/test_forgot_your_password.py:87: \n_ _ _ _ _ _ _ _ _ _ _ _ _ _ _ _ _ _ _ _ _ _ _ _ _ _ _ _ _ _ _ _ _ _ _ _ _ _ _ _ \npages/forgot_your_password_page.py:59: in check_forgot_psw_captcha_field_is_clickable\n    return self.element_is_clickable(self.locators.FORGOT_YOUR_PASSWORD_CAPTCHA)\npages/base_page.py:80: in element_is_clickable\n    return wait(self.driver, timeout).until(EC.element_to_be_clickable(locator))\n_ _ _ _ _ _ _ _ _ _ _ _ _ _ _ _ _ _ _ _ _ _ _ _ _ _ _ _ _ _ _ _ _ _ _ _ _ _ _ _ \n\nself = <selenium.webdriver.support.wait.WebDriverWait (session=\"4deff8b03fefe0a8b60a3e9ddb87e6c7\")>\nmethod = <function element_to_be_clickable.<locals>._predicate at 0x7efd606a1b20>\nmessage = ''\n\n    def until(self, method, message: str = \"\"):\n        \"\"\"Calls the method provided with the driver as an argument until the \\\n        return value does not evaluate to ``False``.\n    \n        :param method: callable(WebDriver)\n        :param message: optional message for :exc:`TimeoutException`\n        :returns: the result of the last call to `method`\n        :raises: :exc:`selenium.common.exceptions.TimeoutException` if timeout occurs\n        \"\"\"\n        screen = None\n        stacktrace = None\n    \n        end_time = time.monotonic() + self._timeout\n        while True:\n            try:\n                value = method(self._driver)\n                if value:\n                    return value\n            except self._ignored_exceptions as exc:\n                screen = getattr(exc, \"screen\", None)\n                stacktrace = getattr(exc, \"stacktrace\", None)\n            time.sleep(self._poll)\n            if time.monotonic() > end_time:\n                break\n>       raise TimeoutException(message, screen, stacktrace)\nE       selenium.common.exceptions.TimeoutException: Message: \nE       Stacktrace:\nE       #0 0x561e54c80613 <unknown>\nE       #1 0x561e549ac537 <unknown>\nE       #2 0x561e549eaf53 <unknown>\nE       #3 0x561e549eb041 <unknown>\nE       #4 0x561e54a262a4 <unknown>\nE       #5 0x561e54a0ba5d <unknown>\nE       #6 0x561e54a23d09 <unknown>\nE       #7 0x561e54a0b803 <unknown>\nE       #8 0x561e549df68b <unknown>\nE       #9 0x561e549e042e <unknown>\nE       #10 0x561e54c41c28 <unknown>\nE       #11 0x561e54c45af7 <unknown>\nE       #12 0x561e54c5001c <unknown>\nE       #13 0x561e54c46723 <unknown>\nE       #14 0x561e54c15457 <unknown>\nE       #15 0x561e54c6a628 <unknown>\nE       #16 0x561e54c6a7b7 <unknown>\nE       #17 0x561e54c79483 <unknown>\nE       #18 0x7f4650d72b43 <unknown>\n\n/opt/hostedtoolcache/Python/3.11.4/x64/lib/python3.11/site-packages/selenium/webdriver/support/wait.py:95: TimeoutException",
    "steps" : [ {
      "name" : "Check FYP captcha input field is clickable",
      "time" : {
        "start" : 1691887408909,
        "stop" : 1691887414006,
        "duration" : 5097
      },
      "status" : "broken",
      "statusMessage" : "selenium.common.exceptions.TimeoutException: Message: \nStacktrace:\n#0 0x561e54c80613 <unknown>\n#1 0x561e549ac537 <unknown>\n#2 0x561e549eaf53 <unknown>\n#3 0x561e549eb041 <unknown>\n#4 0x561e54a262a4 <unknown>\n#5 0x561e54a0ba5d <unknown>\n#6 0x561e54a23d09 <unknown>\n#7 0x561e54a0b803 <unknown>\n#8 0x561e549df68b <unknown>\n#9 0x561e549e042e <unknown>\n#10 0x561e54c41c28 <unknown>\n#11 0x561e54c45af7 <unknown>\n#12 0x561e54c5001c <unknown>\n#13 0x561e54c46723 <unknown>\n#14 0x561e54c15457 <unknown>\n#15 0x561e54c6a628 <unknown>\n#16 0x561e54c6a7b7 <unknown>\n#17 0x561e54c79483 <unknown>\n#18 0x7f4650d72b43 <unknown>\n\n",
      "statusTrace" : "  File \"/opt/hostedtoolcache/Python/3.11.4/x64/lib/python3.11/site-packages/allure_commons/_allure.py\", line 192, in impl\n    return func(*a, **kw)\n           ^^^^^^^^^^^^^^\n  File \"/home/runner/work/luma_project/luma_project/pages/forgot_your_password_page.py\", line 59, in check_forgot_psw_captcha_field_is_clickable\n    return self.element_is_clickable(self.locators.FORGOT_YOUR_PASSWORD_CAPTCHA)\n           ^^^^^^^^^^^^^^^^^^^^^^^^^^^^^^^^^^^^^^^^^^^^^^^^^^^^^^^^^^^^^^^^^^^^^\n  File \"/opt/hostedtoolcache/Python/3.11.4/x64/lib/python3.11/site-packages/allure_commons/_allure.py\", line 192, in impl\n    return func(*a, **kw)\n           ^^^^^^^^^^^^^^\n  File \"/home/runner/work/luma_project/luma_project/pages/base_page.py\", line 80, in element_is_clickable\n    return wait(self.driver, timeout).until(EC.element_to_be_clickable(locator))\n           ^^^^^^^^^^^^^^^^^^^^^^^^^^^^^^^^^^^^^^^^^^^^^^^^^^^^^^^^^^^^^^^^^^^^^\n  File \"/opt/hostedtoolcache/Python/3.11.4/x64/lib/python3.11/site-packages/selenium/webdriver/support/wait.py\", line 95, in until\n    raise TimeoutException(message, screen, stacktrace)\n",
      "steps" : [ {
        "name" : "Find clickable elements",
        "time" : {
          "start" : 1691887408909,
          "stop" : 1691887414006,
          "duration" : 5097
        },
        "status" : "broken",
        "statusMessage" : "selenium.common.exceptions.TimeoutException: Message: \nStacktrace:\n#0 0x561e54c80613 <unknown>\n#1 0x561e549ac537 <unknown>\n#2 0x561e549eaf53 <unknown>\n#3 0x561e549eb041 <unknown>\n#4 0x561e54a262a4 <unknown>\n#5 0x561e54a0ba5d <unknown>\n#6 0x561e54a23d09 <unknown>\n#7 0x561e54a0b803 <unknown>\n#8 0x561e549df68b <unknown>\n#9 0x561e549e042e <unknown>\n#10 0x561e54c41c28 <unknown>\n#11 0x561e54c45af7 <unknown>\n#12 0x561e54c5001c <unknown>\n#13 0x561e54c46723 <unknown>\n#14 0x561e54c15457 <unknown>\n#15 0x561e54c6a628 <unknown>\n#16 0x561e54c6a7b7 <unknown>\n#17 0x561e54c79483 <unknown>\n#18 0x7f4650d72b43 <unknown>\n\n",
        "statusTrace" : "  File \"/opt/hostedtoolcache/Python/3.11.4/x64/lib/python3.11/site-packages/allure_commons/_allure.py\", line 192, in impl\n    return func(*a, **kw)\n           ^^^^^^^^^^^^^^\n  File \"/home/runner/work/luma_project/luma_project/pages/base_page.py\", line 80, in element_is_clickable\n    return wait(self.driver, timeout).until(EC.element_to_be_clickable(locator))\n           ^^^^^^^^^^^^^^^^^^^^^^^^^^^^^^^^^^^^^^^^^^^^^^^^^^^^^^^^^^^^^^^^^^^^^\n  File \"/opt/hostedtoolcache/Python/3.11.4/x64/lib/python3.11/site-packages/selenium/webdriver/support/wait.py\", line 95, in until\n    raise TimeoutException(message, screen, stacktrace)\n",
        "steps" : [ ],
        "attachments" : [ ],
        "parameters" : [ {
          "name" : "locator",
          "value" : "('css selector', '#captcha_user_forgotpassword')"
        }, {
          "name" : "timeout",
          "value" : "5"
        } ],
        "stepsCount" : 0,
        "attachmentsCount" : 0,
        "shouldDisplayMessage" : true,
        "hasContent" : true
      } ],
      "attachments" : [ ],
      "parameters" : [ ],
      "stepsCount" : 1,
      "attachmentsCount" : 0,
      "shouldDisplayMessage" : false,
      "hasContent" : true
    } ],
    "attachments" : [ {
      "uid" : "6ad24fb581cfc637",
      "name" : "Screenshot",
      "source" : "6ad24fb581cfc637.png",
      "type" : "image/png",
      "size" : 65941
    }, {
      "uid" : "e30e3eb0de295588",
      "name" : "HTML source",
      "source" : "e30e3eb0de295588.html",
      "type" : "text/html",
      "size" : 78213
    } ],
    "parameters" : [ ],
    "stepsCount" : 2,
    "attachmentsCount" : 2,
    "shouldDisplayMessage" : true,
    "hasContent" : true
  },
  "afterStages" : [ {
    "name" : "driver::0",
    "time" : {
      "start" : 1691887414148,
      "stop" : 1691887414210,
      "duration" : 62
    },
    "status" : "passed",
    "steps" : [ ],
    "attachments" : [ ],
    "parameters" : [ ],
    "stepsCount" : 0,
    "attachmentsCount" : 0,
    "shouldDisplayMessage" : false,
    "hasContent" : false
  }, {
    "name" : "clear_allure_result_folder::0",
    "time" : {
      "start" : 1691888523929,
      "stop" : 1691888523929,
      "duration" : 0
    },
    "status" : "passed",
    "steps" : [ ],
    "attachments" : [ ],
    "parameters" : [ ],
    "stepsCount" : 0,
    "attachmentsCount" : 0,
    "shouldDisplayMessage" : false,
    "hasContent" : false
  } ],
  "labels" : [ {
    "name" : "epic",
    "value" : "Forgot Your Password Page"
  }, {
    "name" : "parentSuite",
    "value" : "tests"
  }, {
    "name" : "suite",
    "value" : "test_forgot_your_password"
  }, {
    "name" : "subSuite",
    "value" : "TestForgotYourPassword"
  }, {
    "name" : "host",
    "value" : "fv-az1025-129"
  }, {
    "name" : "thread",
    "value" : "3178-MainThread"
  }, {
    "name" : "framework",
    "value" : "pytest"
  }, {
    "name" : "language",
    "value" : "cpython3"
  }, {
    "name" : "package",
    "value" : "tests.test_forgot_your_password"
  }, {
    "name" : "resultFormat",
    "value" : "allure2"
  } ],
  "parameters" : [ ],
  "links" : [ ],
  "hidden" : false,
  "retry" : false,
  "extra" : {
    "severity" : "normal",
    "retries" : [ ],
    "categories" : [ {
      "name" : "Test defects",
      "matchedStatuses" : [ ],
      "flaky" : false
    } ],
    "tags" : [ ]
  },
  "source" : "7d4b523800d4c084.json",
  "parameterValues" : [ ]
}