{
  "uid" : "82f09e242899ff7c",
  "name" : "TC 17.01.13 Verify displayed captcha matches the entered value in FYP captcha field",
  "fullName" : "tests.test_forgot_your_password.TestForgotYourPassword#test_17_01_13_displayed_value_in_captcha_field_matches_entered",
  "historyId" : "45ebc4d2db8b23d14c28ddeea5dff2aa",
  "time" : {
    "start" : 1693097087643,
    "stop" : 1693097092787,
    "duration" : 5144
  },
  "description" : "The test checks if the displayed captcha matches the entered value in the captcha field",
  "descriptionHtml" : "<p>The test checks if the displayed captcha matches the entered value in the captcha field</p>\n",
  "status" : "broken",
  "statusMessage" : "selenium.common.exceptions.TimeoutException: Message: \nStacktrace:\n#0 0x55e78a62ce23 <unknown>\n#1 0x55e78a3557a7 <unknown>\n#2 0x55e78a3941d3 <unknown>\n#3 0x55e78a3942c1 <unknown>\n#4 0x55e78a3cfa04 <unknown>\n#5 0x55e78a3b503d <unknown>\n#6 0x55e78a3cd369 <unknown>\n#7 0x55e78a3b4de3 <unknown>\n#8 0x55e78a388a7b <unknown>\n#9 0x55e78a38981e <unknown>\n#10 0x55e78a5ee638 <unknown>\n#11 0x55e78a5f2507 <unknown>\n#12 0x55e78a5fcc4c <unknown>\n#13 0x55e78a5f3136 <unknown>\n#14 0x55e78a5c19cf <unknown>\n#15 0x55e78a616b98 <unknown>\n#16 0x55e78a616d68 <unknown>\n#17 0x55e78a625cb3 <unknown>\n#18 0x7f2693afab43 <unknown>",
  "statusTrace" : "self = <test_forgot_your_password.TestForgotYourPassword object at 0x7f7f87b833d0>\ndriver = <selenium.webdriver.chrome.webdriver.WebDriver (session=\"51887a456a31cfd7b163f0f06d277450\")>\nforgot_psw_page = <pages.forgot_your_password_page.ForgotYourPasswordPage object at 0x7f7f898920d0>\n\n    @allure.title('TC 17.01.13 Verify displayed captcha matches the entered value in FYP captcha field')\n    def test_17_01_13_displayed_value_in_captcha_field_matches_entered(self, driver, forgot_psw_page):\n        \"\"\"The test checks if the displayed captcha matches the entered value in the captcha field\"\"\"\n>       forgot_psw_page.fill_in_forgot_psw_captcha_field(captcha)\n\ntests/test_forgot_your_password.py:119: \n_ _ _ _ _ _ _ _ _ _ _ _ _ _ _ _ _ _ _ _ _ _ _ _ _ _ _ _ _ _ _ _ _ _ _ _ _ _ _ _ \npages/forgot_your_password_page.py:84: in fill_in_forgot_psw_captcha_field\n    return self.fill_in_field(self.check_forgot_psw_captcha_field_is_clickable(), text)\npages/forgot_your_password_page.py:59: in check_forgot_psw_captcha_field_is_clickable\n    return self.element_is_clickable(self.locators.FORGOT_YOUR_PASSWORD_CAPTCHA)\npages/base_page.py:80: in element_is_clickable\n    return wait(self.driver, timeout).until(EC.element_to_be_clickable(locator))\n_ _ _ _ _ _ _ _ _ _ _ _ _ _ _ _ _ _ _ _ _ _ _ _ _ _ _ _ _ _ _ _ _ _ _ _ _ _ _ _ \n\nself = <selenium.webdriver.support.wait.WebDriverWait (session=\"51887a456a31cfd7b163f0f06d277450\")>\nmethod = <function element_to_be_clickable.<locals>._predicate at 0x7f7f87cc8b80>\nmessage = ''\n\n    def until(self, method, message: str = \"\"):\n        \"\"\"Calls the method provided with the driver as an argument until the \\\n        return value does not evaluate to ``False``.\n    \n        :param method: callable(WebDriver)\n        :param message: optional message for :exc:`TimeoutException`\n        :returns: the result of the last call to `method`\n        :raises: :exc:`selenium.common.exceptions.TimeoutException` if timeout occurs\n        \"\"\"\n        screen = None\n        stacktrace = None\n    \n        end_time = time.monotonic() + self._timeout\n        while True:\n            try:\n                value = method(self._driver)\n                if value:\n                    return value\n            except self._ignored_exceptions as exc:\n                screen = getattr(exc, \"screen\", None)\n                stacktrace = getattr(exc, \"stacktrace\", None)\n            time.sleep(self._poll)\n            if time.monotonic() > end_time:\n                break\n>       raise TimeoutException(message, screen, stacktrace)\nE       selenium.common.exceptions.TimeoutException: Message: \nE       Stacktrace:\nE       #0 0x55e78a62ce23 <unknown>\nE       #1 0x55e78a3557a7 <unknown>\nE       #2 0x55e78a3941d3 <unknown>\nE       #3 0x55e78a3942c1 <unknown>\nE       #4 0x55e78a3cfa04 <unknown>\nE       #5 0x55e78a3b503d <unknown>\nE       #6 0x55e78a3cd369 <unknown>\nE       #7 0x55e78a3b4de3 <unknown>\nE       #8 0x55e78a388a7b <unknown>\nE       #9 0x55e78a38981e <unknown>\nE       #10 0x55e78a5ee638 <unknown>\nE       #11 0x55e78a5f2507 <unknown>\nE       #12 0x55e78a5fcc4c <unknown>\nE       #13 0x55e78a5f3136 <unknown>\nE       #14 0x55e78a5c19cf <unknown>\nE       #15 0x55e78a616b98 <unknown>\nE       #16 0x55e78a616d68 <unknown>\nE       #17 0x55e78a625cb3 <unknown>\nE       #18 0x7f2693afab43 <unknown>\n\n/opt/hostedtoolcache/Python/3.11.4/x64/lib/python3.11/site-packages/selenium/webdriver/support/wait.py:95: TimeoutException",
  "flaky" : false,
  "newFailed" : false,
  "beforeStages" : [ {
    "name" : "forgot_psw_page",
    "time" : {
      "start" : 1693097086566,
      "stop" : 1693097087643,
      "duration" : 1077
    },
    "status" : "passed",
    "steps" : [ {
      "name" : "Open a browser",
      "time" : {
        "start" : 1693097086566,
        "stop" : 1693097087643,
        "duration" : 1077
      },
      "status" : "passed",
      "steps" : [ ],
      "attachments" : [ ],
      "parameters" : [ ],
      "stepsCount" : 0,
      "attachmentsCount" : 0,
      "shouldDisplayMessage" : false,
      "hasContent" : false
    } ],
    "attachments" : [ ],
    "parameters" : [ ],
    "stepsCount" : 1,
    "attachmentsCount" : 0,
    "shouldDisplayMessage" : false,
    "hasContent" : true
  }, {
    "name" : "driver",
    "time" : {
      "start" : 1693097085464,
      "stop" : 1693097086566,
      "duration" : 1102
    },
    "status" : "passed",
    "steps" : [ ],
    "attachments" : [ ],
    "parameters" : [ ],
    "stepsCount" : 0,
    "attachmentsCount" : 0,
    "shouldDisplayMessage" : false,
    "hasContent" : false
  }, {
    "name" : "_session_faker",
    "time" : {
      "start" : 1693096725216,
      "stop" : 1693096725308,
      "duration" : 92
    },
    "status" : "passed",
    "steps" : [ ],
    "attachments" : [ ],
    "parameters" : [ ],
    "stepsCount" : 0,
    "attachmentsCount" : 0,
    "shouldDisplayMessage" : false,
    "hasContent" : false
  }, {
    "name" : "clear_allure_result_folder",
    "time" : {
      "start" : 1693096725308,
      "stop" : 1693096725308,
      "duration" : 0
    },
    "status" : "passed",
    "steps" : [ ],
    "attachments" : [ ],
    "parameters" : [ ],
    "stepsCount" : 0,
    "attachmentsCount" : 0,
    "shouldDisplayMessage" : false,
    "hasContent" : false
  } ],
  "testStage" : {
    "description" : "The test checks if the displayed captcha matches the entered value in the captcha field",
    "status" : "broken",
    "statusMessage" : "selenium.common.exceptions.TimeoutException: Message: \nStacktrace:\n#0 0x55e78a62ce23 <unknown>\n#1 0x55e78a3557a7 <unknown>\n#2 0x55e78a3941d3 <unknown>\n#3 0x55e78a3942c1 <unknown>\n#4 0x55e78a3cfa04 <unknown>\n#5 0x55e78a3b503d <unknown>\n#6 0x55e78a3cd369 <unknown>\n#7 0x55e78a3b4de3 <unknown>\n#8 0x55e78a388a7b <unknown>\n#9 0x55e78a38981e <unknown>\n#10 0x55e78a5ee638 <unknown>\n#11 0x55e78a5f2507 <unknown>\n#12 0x55e78a5fcc4c <unknown>\n#13 0x55e78a5f3136 <unknown>\n#14 0x55e78a5c19cf <unknown>\n#15 0x55e78a616b98 <unknown>\n#16 0x55e78a616d68 <unknown>\n#17 0x55e78a625cb3 <unknown>\n#18 0x7f2693afab43 <unknown>",
    "statusTrace" : "self = <test_forgot_your_password.TestForgotYourPassword object at 0x7f7f87b833d0>\ndriver = <selenium.webdriver.chrome.webdriver.WebDriver (session=\"51887a456a31cfd7b163f0f06d277450\")>\nforgot_psw_page = <pages.forgot_your_password_page.ForgotYourPasswordPage object at 0x7f7f898920d0>\n\n    @allure.title('TC 17.01.13 Verify displayed captcha matches the entered value in FYP captcha field')\n    def test_17_01_13_displayed_value_in_captcha_field_matches_entered(self, driver, forgot_psw_page):\n        \"\"\"The test checks if the displayed captcha matches the entered value in the captcha field\"\"\"\n>       forgot_psw_page.fill_in_forgot_psw_captcha_field(captcha)\n\ntests/test_forgot_your_password.py:119: \n_ _ _ _ _ _ _ _ _ _ _ _ _ _ _ _ _ _ _ _ _ _ _ _ _ _ _ _ _ _ _ _ _ _ _ _ _ _ _ _ \npages/forgot_your_password_page.py:84: in fill_in_forgot_psw_captcha_field\n    return self.fill_in_field(self.check_forgot_psw_captcha_field_is_clickable(), text)\npages/forgot_your_password_page.py:59: in check_forgot_psw_captcha_field_is_clickable\n    return self.element_is_clickable(self.locators.FORGOT_YOUR_PASSWORD_CAPTCHA)\npages/base_page.py:80: in element_is_clickable\n    return wait(self.driver, timeout).until(EC.element_to_be_clickable(locator))\n_ _ _ _ _ _ _ _ _ _ _ _ _ _ _ _ _ _ _ _ _ _ _ _ _ _ _ _ _ _ _ _ _ _ _ _ _ _ _ _ \n\nself = <selenium.webdriver.support.wait.WebDriverWait (session=\"51887a456a31cfd7b163f0f06d277450\")>\nmethod = <function element_to_be_clickable.<locals>._predicate at 0x7f7f87cc8b80>\nmessage = ''\n\n    def until(self, method, message: str = \"\"):\n        \"\"\"Calls the method provided with the driver as an argument until the \\\n        return value does not evaluate to ``False``.\n    \n        :param method: callable(WebDriver)\n        :param message: optional message for :exc:`TimeoutException`\n        :returns: the result of the last call to `method`\n        :raises: :exc:`selenium.common.exceptions.TimeoutException` if timeout occurs\n        \"\"\"\n        screen = None\n        stacktrace = None\n    \n        end_time = time.monotonic() + self._timeout\n        while True:\n            try:\n                value = method(self._driver)\n                if value:\n                    return value\n            except self._ignored_exceptions as exc:\n                screen = getattr(exc, \"screen\", None)\n                stacktrace = getattr(exc, \"stacktrace\", None)\n            time.sleep(self._poll)\n            if time.monotonic() > end_time:\n                break\n>       raise TimeoutException(message, screen, stacktrace)\nE       selenium.common.exceptions.TimeoutException: Message: \nE       Stacktrace:\nE       #0 0x55e78a62ce23 <unknown>\nE       #1 0x55e78a3557a7 <unknown>\nE       #2 0x55e78a3941d3 <unknown>\nE       #3 0x55e78a3942c1 <unknown>\nE       #4 0x55e78a3cfa04 <unknown>\nE       #5 0x55e78a3b503d <unknown>\nE       #6 0x55e78a3cd369 <unknown>\nE       #7 0x55e78a3b4de3 <unknown>\nE       #8 0x55e78a388a7b <unknown>\nE       #9 0x55e78a38981e <unknown>\nE       #10 0x55e78a5ee638 <unknown>\nE       #11 0x55e78a5f2507 <unknown>\nE       #12 0x55e78a5fcc4c <unknown>\nE       #13 0x55e78a5f3136 <unknown>\nE       #14 0x55e78a5c19cf <unknown>\nE       #15 0x55e78a616b98 <unknown>\nE       #16 0x55e78a616d68 <unknown>\nE       #17 0x55e78a625cb3 <unknown>\nE       #18 0x7f2693afab43 <unknown>\n\n/opt/hostedtoolcache/Python/3.11.4/x64/lib/python3.11/site-packages/selenium/webdriver/support/wait.py:95: TimeoutException",
    "steps" : [ {
      "name" : "Fill in FYP Email field",
      "time" : {
        "start" : 1693097087644,
        "stop" : 1693097092787,
        "duration" : 5143
      },
      "status" : "broken",
      "statusMessage" : "selenium.common.exceptions.TimeoutException: Message: \nStacktrace:\n#0 0x55e78a62ce23 <unknown>\n#1 0x55e78a3557a7 <unknown>\n#2 0x55e78a3941d3 <unknown>\n#3 0x55e78a3942c1 <unknown>\n#4 0x55e78a3cfa04 <unknown>\n#5 0x55e78a3b503d <unknown>\n#6 0x55e78a3cd369 <unknown>\n#7 0x55e78a3b4de3 <unknown>\n#8 0x55e78a388a7b <unknown>\n#9 0x55e78a38981e <unknown>\n#10 0x55e78a5ee638 <unknown>\n#11 0x55e78a5f2507 <unknown>\n#12 0x55e78a5fcc4c <unknown>\n#13 0x55e78a5f3136 <unknown>\n#14 0x55e78a5c19cf <unknown>\n#15 0x55e78a616b98 <unknown>\n#16 0x55e78a616d68 <unknown>\n#17 0x55e78a625cb3 <unknown>\n#18 0x7f2693afab43 <unknown>\n\n",
      "statusTrace" : "  File \"/opt/hostedtoolcache/Python/3.11.4/x64/lib/python3.11/site-packages/allure_commons/_allure.py\", line 192, in impl\n    return func(*a, **kw)\n           ^^^^^^^^^^^^^^\n  File \"/home/runner/work/luma_project/luma_project/pages/forgot_your_password_page.py\", line 84, in fill_in_forgot_psw_captcha_field\n    return self.fill_in_field(self.check_forgot_psw_captcha_field_is_clickable(), text)\n                              ^^^^^^^^^^^^^^^^^^^^^^^^^^^^^^^^^^^^^^^^^^^^^^^^^^\n  File \"/opt/hostedtoolcache/Python/3.11.4/x64/lib/python3.11/site-packages/allure_commons/_allure.py\", line 192, in impl\n    return func(*a, **kw)\n           ^^^^^^^^^^^^^^\n  File \"/home/runner/work/luma_project/luma_project/pages/forgot_your_password_page.py\", line 59, in check_forgot_psw_captcha_field_is_clickable\n    return self.element_is_clickable(self.locators.FORGOT_YOUR_PASSWORD_CAPTCHA)\n           ^^^^^^^^^^^^^^^^^^^^^^^^^^^^^^^^^^^^^^^^^^^^^^^^^^^^^^^^^^^^^^^^^^^^^\n  File \"/opt/hostedtoolcache/Python/3.11.4/x64/lib/python3.11/site-packages/allure_commons/_allure.py\", line 192, in impl\n    return func(*a, **kw)\n           ^^^^^^^^^^^^^^\n  File \"/home/runner/work/luma_project/luma_project/pages/base_page.py\", line 80, in element_is_clickable\n    return wait(self.driver, timeout).until(EC.element_to_be_clickable(locator))\n           ^^^^^^^^^^^^^^^^^^^^^^^^^^^^^^^^^^^^^^^^^^^^^^^^^^^^^^^^^^^^^^^^^^^^^\n  File \"/opt/hostedtoolcache/Python/3.11.4/x64/lib/python3.11/site-packages/selenium/webdriver/support/wait.py\", line 95, in until\n    raise TimeoutException(message, screen, stacktrace)\n",
      "steps" : [ {
        "name" : "Check FYP captcha input field is clickable",
        "time" : {
          "start" : 1693097087644,
          "stop" : 1693097092786,
          "duration" : 5142
        },
        "status" : "broken",
        "statusMessage" : "selenium.common.exceptions.TimeoutException: Message: \nStacktrace:\n#0 0x55e78a62ce23 <unknown>\n#1 0x55e78a3557a7 <unknown>\n#2 0x55e78a3941d3 <unknown>\n#3 0x55e78a3942c1 <unknown>\n#4 0x55e78a3cfa04 <unknown>\n#5 0x55e78a3b503d <unknown>\n#6 0x55e78a3cd369 <unknown>\n#7 0x55e78a3b4de3 <unknown>\n#8 0x55e78a388a7b <unknown>\n#9 0x55e78a38981e <unknown>\n#10 0x55e78a5ee638 <unknown>\n#11 0x55e78a5f2507 <unknown>\n#12 0x55e78a5fcc4c <unknown>\n#13 0x55e78a5f3136 <unknown>\n#14 0x55e78a5c19cf <unknown>\n#15 0x55e78a616b98 <unknown>\n#16 0x55e78a616d68 <unknown>\n#17 0x55e78a625cb3 <unknown>\n#18 0x7f2693afab43 <unknown>\n\n",
        "statusTrace" : "  File \"/opt/hostedtoolcache/Python/3.11.4/x64/lib/python3.11/site-packages/allure_commons/_allure.py\", line 192, in impl\n    return func(*a, **kw)\n           ^^^^^^^^^^^^^^\n  File \"/home/runner/work/luma_project/luma_project/pages/forgot_your_password_page.py\", line 59, in check_forgot_psw_captcha_field_is_clickable\n    return self.element_is_clickable(self.locators.FORGOT_YOUR_PASSWORD_CAPTCHA)\n           ^^^^^^^^^^^^^^^^^^^^^^^^^^^^^^^^^^^^^^^^^^^^^^^^^^^^^^^^^^^^^^^^^^^^^\n  File \"/opt/hostedtoolcache/Python/3.11.4/x64/lib/python3.11/site-packages/allure_commons/_allure.py\", line 192, in impl\n    return func(*a, **kw)\n           ^^^^^^^^^^^^^^\n  File \"/home/runner/work/luma_project/luma_project/pages/base_page.py\", line 80, in element_is_clickable\n    return wait(self.driver, timeout).until(EC.element_to_be_clickable(locator))\n           ^^^^^^^^^^^^^^^^^^^^^^^^^^^^^^^^^^^^^^^^^^^^^^^^^^^^^^^^^^^^^^^^^^^^^\n  File \"/opt/hostedtoolcache/Python/3.11.4/x64/lib/python3.11/site-packages/selenium/webdriver/support/wait.py\", line 95, in until\n    raise TimeoutException(message, screen, stacktrace)\n",
        "steps" : [ {
          "name" : "Find clickable elements",
          "time" : {
            "start" : 1693097087644,
            "stop" : 1693097092786,
            "duration" : 5142
          },
          "status" : "broken",
          "statusMessage" : "selenium.common.exceptions.TimeoutException: Message: \nStacktrace:\n#0 0x55e78a62ce23 <unknown>\n#1 0x55e78a3557a7 <unknown>\n#2 0x55e78a3941d3 <unknown>\n#3 0x55e78a3942c1 <unknown>\n#4 0x55e78a3cfa04 <unknown>\n#5 0x55e78a3b503d <unknown>\n#6 0x55e78a3cd369 <unknown>\n#7 0x55e78a3b4de3 <unknown>\n#8 0x55e78a388a7b <unknown>\n#9 0x55e78a38981e <unknown>\n#10 0x55e78a5ee638 <unknown>\n#11 0x55e78a5f2507 <unknown>\n#12 0x55e78a5fcc4c <unknown>\n#13 0x55e78a5f3136 <unknown>\n#14 0x55e78a5c19cf <unknown>\n#15 0x55e78a616b98 <unknown>\n#16 0x55e78a616d68 <unknown>\n#17 0x55e78a625cb3 <unknown>\n#18 0x7f2693afab43 <unknown>\n\n",
          "statusTrace" : "  File \"/opt/hostedtoolcache/Python/3.11.4/x64/lib/python3.11/site-packages/allure_commons/_allure.py\", line 192, in impl\n    return func(*a, **kw)\n           ^^^^^^^^^^^^^^\n  File \"/home/runner/work/luma_project/luma_project/pages/base_page.py\", line 80, in element_is_clickable\n    return wait(self.driver, timeout).until(EC.element_to_be_clickable(locator))\n           ^^^^^^^^^^^^^^^^^^^^^^^^^^^^^^^^^^^^^^^^^^^^^^^^^^^^^^^^^^^^^^^^^^^^^\n  File \"/opt/hostedtoolcache/Python/3.11.4/x64/lib/python3.11/site-packages/selenium/webdriver/support/wait.py\", line 95, in until\n    raise TimeoutException(message, screen, stacktrace)\n",
          "steps" : [ ],
          "attachments" : [ ],
          "parameters" : [ {
            "name" : "locator",
            "value" : "('css selector', '#captcha_user_forgotpassword')"
          }, {
            "name" : "timeout",
            "value" : "5"
          } ],
          "stepsCount" : 0,
          "attachmentsCount" : 0,
          "shouldDisplayMessage" : true,
          "hasContent" : true
        } ],
        "attachments" : [ ],
        "parameters" : [ ],
        "stepsCount" : 1,
        "attachmentsCount" : 0,
        "shouldDisplayMessage" : false,
        "hasContent" : true
      } ],
      "attachments" : [ ],
      "parameters" : [ {
        "name" : "text",
        "value" : "'4eX4p1'"
      } ],
      "stepsCount" : 2,
      "attachmentsCount" : 0,
      "shouldDisplayMessage" : false,
      "hasContent" : true
    } ],
    "attachments" : [ {
      "uid" : "c6097d5fe733fc52",
      "name" : "Screenshot",
      "source" : "c6097d5fe733fc52.png",
      "type" : "image/png",
      "size" : 65941
    }, {
      "uid" : "6d98c2c8622a6c56",
      "name" : "HTML source",
      "source" : "6d98c2c8622a6c56.html",
      "type" : "text/html",
      "size" : 77958
    } ],
    "parameters" : [ ],
    "stepsCount" : 3,
    "attachmentsCount" : 2,
    "shouldDisplayMessage" : true,
    "hasContent" : true
  },
  "afterStages" : [ {
    "name" : "driver::0",
    "time" : {
      "start" : 1693097092971,
      "stop" : 1693097093033,
      "duration" : 62
    },
    "status" : "passed",
    "steps" : [ ],
    "attachments" : [ ],
    "parameters" : [ ],
    "stepsCount" : 0,
    "attachmentsCount" : 0,
    "shouldDisplayMessage" : false,
    "hasContent" : false
  }, {
    "name" : "clear_allure_result_folder::0",
    "time" : {
      "start" : 1693098186640,
      "stop" : 1693098186640,
      "duration" : 0
    },
    "status" : "passed",
    "steps" : [ ],
    "attachments" : [ ],
    "parameters" : [ ],
    "stepsCount" : 0,
    "attachmentsCount" : 0,
    "shouldDisplayMessage" : false,
    "hasContent" : false
  } ],
  "labels" : [ {
    "name" : "epic",
    "value" : "Forgot Your Password Page"
  }, {
    "name" : "parentSuite",
    "value" : "tests"
  }, {
    "name" : "suite",
    "value" : "test_forgot_your_password"
  }, {
    "name" : "subSuite",
    "value" : "TestForgotYourPassword"
  }, {
    "name" : "host",
    "value" : "fv-az1032-305"
  }, {
    "name" : "thread",
    "value" : "2867-MainThread"
  }, {
    "name" : "framework",
    "value" : "pytest"
  }, {
    "name" : "language",
    "value" : "cpython3"
  }, {
    "name" : "package",
    "value" : "tests.test_forgot_your_password"
  }, {
    "name" : "resultFormat",
    "value" : "allure2"
  } ],
  "parameters" : [ ],
  "links" : [ ],
  "hidden" : false,
  "retry" : false,
  "extra" : {
    "severity" : "normal",
    "retries" : [ ],
    "categories" : [ {
      "name" : "Test defects",
      "matchedStatuses" : [ ],
      "flaky" : false
    } ],
    "tags" : [ ]
  },
  "source" : "82f09e242899ff7c.json",
  "parameterValues" : [ ]
}