{
  "uid" : "83c8d3eb709dece8",
  "name" : "TC 17.01.27 Verify all fields got cleared after the failed attempt to reset password",
  "fullName" : "tests.test_forgot_your_password.TestForgotYourPasswordFunctionality#test_17_01_27_fields_are_cleared_after_failed_attempt_to_reset_password",
  "historyId" : "329c5479a6abab9e833ef4806ddb95bd",
  "time" : {
    "start" : 1695516440283,
    "stop" : 1695516445863,
    "duration" : 5580
  },
  "description" : "Check if all the fields are getting cleared after failed attempt to reset password with invalid captcha",
  "descriptionHtml" : "<p>Check if all the fields are getting cleared after failed attempt to reset password with invalid captcha</p>\n",
  "status" : "broken",
  "statusMessage" : "selenium.common.exceptions.TimeoutException: Message: \nStacktrace:\n#0 0x55a4e8ecc6c3 <unknown>\n#1 0x55a4e8ba21e7 <unknown>\n#2 0x55a4e8be9566 <unknown>\n#3 0x55a4e8be9651 <unknown>\n#4 0x55a4e8c26a74 <unknown>\n#5 0x55a4e8c0b0ed <unknown>\n#6 0x55a4e8c24322 <unknown>\n#7 0x55a4e8c0ae93 <unknown>\n#8 0x55a4e8bdd934 <unknown>\n#9 0x55a4e8bde71e <unknown>\n#10 0x55a4e8e91cc8 <unknown>\n#11 0x55a4e8e95c00 <unknown>\n#12 0x55a4e8ea01ac <unknown>\n#13 0x55a4e8e96818 <unknown>\n#14 0x55a4e8e6328f <unknown>\n#15 0x55a4e8ebae98 <unknown>\n#16 0x55a4e8ebb069 <unknown>\n#17 0x55a4e8ecb853 <unknown>\n#18 0x7f5ba8c94b43 <unknown>",
  "statusTrace" : "self = <test_forgot_your_password.TestForgotYourPasswordFunctionality object at 0x7f9a4ed77cd0>\ndriver = <selenium.webdriver.chrome.webdriver.WebDriver (session=\"0b12fd2112365cf823fb7d91f000d92b\")>\nforgot_psw_page = <pages.forgot_your_password_page.ForgotYourPasswordPage object at 0x7f9a4fd54b10>\n\n    @allure.title('TC 17.01.27 Verify all fields got cleared after the failed attempt to reset password')\n    def test_17_01_27_fields_are_cleared_after_failed_attempt_to_reset_password(self, driver, forgot_psw_page):\n        \"\"\"Check if all the fields are getting cleared after failed attempt to reset password with invalid captcha\"\"\"\n        forgot_psw_page.fill_in_email_field(credentials['valid_email'])\n>       forgot_psw_page.fill_in_forgot_psw_captcha_field(captcha)\n\ntests/test_forgot_your_password.py:215: \n_ _ _ _ _ _ _ _ _ _ _ _ _ _ _ _ _ _ _ _ _ _ _ _ _ _ _ _ _ _ _ _ _ _ _ _ _ _ _ _ \npages/forgot_your_password_page.py:84: in fill_in_forgot_psw_captcha_field\n    return self.fill_in_field(self.check_forgot_psw_captcha_field_is_clickable(), text)\npages/forgot_your_password_page.py:59: in check_forgot_psw_captcha_field_is_clickable\n    return self.element_is_clickable(self.locators.FORGOT_YOUR_PASSWORD_CAPTCHA)\npages/base_page.py:80: in element_is_clickable\n    return wait(self.driver, timeout).until(EC.element_to_be_clickable(locator))\n_ _ _ _ _ _ _ _ _ _ _ _ _ _ _ _ _ _ _ _ _ _ _ _ _ _ _ _ _ _ _ _ _ _ _ _ _ _ _ _ \n\nself = <selenium.webdriver.support.wait.WebDriverWait (session=\"0b12fd2112365cf823fb7d91f000d92b\")>\nmethod = <function element_to_be_clickable.<locals>._predicate at 0x7f9a4f37b240>\nmessage = ''\n\n    def until(self, method, message: str = \"\"):\n        \"\"\"Calls the method provided with the driver as an argument until the \\\n        return value does not evaluate to ``False``.\n    \n        :param method: callable(WebDriver)\n        :param message: optional message for :exc:`TimeoutException`\n        :returns: the result of the last call to `method`\n        :raises: :exc:`selenium.common.exceptions.TimeoutException` if timeout occurs\n        \"\"\"\n        screen = None\n        stacktrace = None\n    \n        end_time = time.monotonic() + self._timeout\n        while True:\n            try:\n                value = method(self._driver)\n                if value:\n                    return value\n            except self._ignored_exceptions as exc:\n                screen = getattr(exc, \"screen\", None)\n                stacktrace = getattr(exc, \"stacktrace\", None)\n            time.sleep(self._poll)\n            if time.monotonic() > end_time:\n                break\n>       raise TimeoutException(message, screen, stacktrace)\nE       selenium.common.exceptions.TimeoutException: Message: \nE       Stacktrace:\nE       #0 0x55a4e8ecc6c3 <unknown>\nE       #1 0x55a4e8ba21e7 <unknown>\nE       #2 0x55a4e8be9566 <unknown>\nE       #3 0x55a4e8be9651 <unknown>\nE       #4 0x55a4e8c26a74 <unknown>\nE       #5 0x55a4e8c0b0ed <unknown>\nE       #6 0x55a4e8c24322 <unknown>\nE       #7 0x55a4e8c0ae93 <unknown>\nE       #8 0x55a4e8bdd934 <unknown>\nE       #9 0x55a4e8bde71e <unknown>\nE       #10 0x55a4e8e91cc8 <unknown>\nE       #11 0x55a4e8e95c00 <unknown>\nE       #12 0x55a4e8ea01ac <unknown>\nE       #13 0x55a4e8e96818 <unknown>\nE       #14 0x55a4e8e6328f <unknown>\nE       #15 0x55a4e8ebae98 <unknown>\nE       #16 0x55a4e8ebb069 <unknown>\nE       #17 0x55a4e8ecb853 <unknown>\nE       #18 0x7f5ba8c94b43 <unknown>\n\n/opt/hostedtoolcache/Python/3.11.5/x64/lib/python3.11/site-packages/selenium/webdriver/support/wait.py:95: TimeoutException",
  "flaky" : false,
  "newFailed" : false,
  "beforeStages" : [ {
    "name" : "driver",
    "time" : {
      "start" : 1695516435142,
      "stop" : 1695516436337,
      "duration" : 1195
    },
    "status" : "passed",
    "steps" : [ ],
    "attachments" : [ ],
    "parameters" : [ ],
    "stepsCount" : 0,
    "attachmentsCount" : 0,
    "shouldDisplayMessage" : false,
    "hasContent" : false
  }, {
    "name" : "_session_faker",
    "time" : {
      "start" : 1695515982889,
      "stop" : 1695515982964,
      "duration" : 75
    },
    "status" : "passed",
    "steps" : [ ],
    "attachments" : [ ],
    "parameters" : [ ],
    "stepsCount" : 0,
    "attachmentsCount" : 0,
    "shouldDisplayMessage" : false,
    "hasContent" : false
  }, {
    "name" : "forgot_psw_page",
    "time" : {
      "start" : 1695516436337,
      "stop" : 1695516440282,
      "duration" : 3945
    },
    "status" : "passed",
    "steps" : [ {
      "name" : "Open a browser",
      "time" : {
        "start" : 1695516436337,
        "stop" : 1695516440282,
        "duration" : 3945
      },
      "status" : "passed",
      "steps" : [ ],
      "attachments" : [ ],
      "parameters" : [ ],
      "stepsCount" : 0,
      "attachmentsCount" : 0,
      "shouldDisplayMessage" : false,
      "hasContent" : false
    } ],
    "attachments" : [ ],
    "parameters" : [ ],
    "stepsCount" : 1,
    "attachmentsCount" : 0,
    "shouldDisplayMessage" : false,
    "hasContent" : true
  }, {
    "name" : "clear_allure_result_folder",
    "time" : {
      "start" : 1695515982964,
      "stop" : 1695515982965,
      "duration" : 1
    },
    "status" : "passed",
    "steps" : [ ],
    "attachments" : [ ],
    "parameters" : [ ],
    "stepsCount" : 0,
    "attachmentsCount" : 0,
    "shouldDisplayMessage" : false,
    "hasContent" : false
  } ],
  "testStage" : {
    "description" : "Check if all the fields are getting cleared after failed attempt to reset password with invalid captcha",
    "status" : "broken",
    "statusMessage" : "selenium.common.exceptions.TimeoutException: Message: \nStacktrace:\n#0 0x55a4e8ecc6c3 <unknown>\n#1 0x55a4e8ba21e7 <unknown>\n#2 0x55a4e8be9566 <unknown>\n#3 0x55a4e8be9651 <unknown>\n#4 0x55a4e8c26a74 <unknown>\n#5 0x55a4e8c0b0ed <unknown>\n#6 0x55a4e8c24322 <unknown>\n#7 0x55a4e8c0ae93 <unknown>\n#8 0x55a4e8bdd934 <unknown>\n#9 0x55a4e8bde71e <unknown>\n#10 0x55a4e8e91cc8 <unknown>\n#11 0x55a4e8e95c00 <unknown>\n#12 0x55a4e8ea01ac <unknown>\n#13 0x55a4e8e96818 <unknown>\n#14 0x55a4e8e6328f <unknown>\n#15 0x55a4e8ebae98 <unknown>\n#16 0x55a4e8ebb069 <unknown>\n#17 0x55a4e8ecb853 <unknown>\n#18 0x7f5ba8c94b43 <unknown>",
    "statusTrace" : "self = <test_forgot_your_password.TestForgotYourPasswordFunctionality object at 0x7f9a4ed77cd0>\ndriver = <selenium.webdriver.chrome.webdriver.WebDriver (session=\"0b12fd2112365cf823fb7d91f000d92b\")>\nforgot_psw_page = <pages.forgot_your_password_page.ForgotYourPasswordPage object at 0x7f9a4fd54b10>\n\n    @allure.title('TC 17.01.27 Verify all fields got cleared after the failed attempt to reset password')\n    def test_17_01_27_fields_are_cleared_after_failed_attempt_to_reset_password(self, driver, forgot_psw_page):\n        \"\"\"Check if all the fields are getting cleared after failed attempt to reset password with invalid captcha\"\"\"\n        forgot_psw_page.fill_in_email_field(credentials['valid_email'])\n>       forgot_psw_page.fill_in_forgot_psw_captcha_field(captcha)\n\ntests/test_forgot_your_password.py:215: \n_ _ _ _ _ _ _ _ _ _ _ _ _ _ _ _ _ _ _ _ _ _ _ _ _ _ _ _ _ _ _ _ _ _ _ _ _ _ _ _ \npages/forgot_your_password_page.py:84: in fill_in_forgot_psw_captcha_field\n    return self.fill_in_field(self.check_forgot_psw_captcha_field_is_clickable(), text)\npages/forgot_your_password_page.py:59: in check_forgot_psw_captcha_field_is_clickable\n    return self.element_is_clickable(self.locators.FORGOT_YOUR_PASSWORD_CAPTCHA)\npages/base_page.py:80: in element_is_clickable\n    return wait(self.driver, timeout).until(EC.element_to_be_clickable(locator))\n_ _ _ _ _ _ _ _ _ _ _ _ _ _ _ _ _ _ _ _ _ _ _ _ _ _ _ _ _ _ _ _ _ _ _ _ _ _ _ _ \n\nself = <selenium.webdriver.support.wait.WebDriverWait (session=\"0b12fd2112365cf823fb7d91f000d92b\")>\nmethod = <function element_to_be_clickable.<locals>._predicate at 0x7f9a4f37b240>\nmessage = ''\n\n    def until(self, method, message: str = \"\"):\n        \"\"\"Calls the method provided with the driver as an argument until the \\\n        return value does not evaluate to ``False``.\n    \n        :param method: callable(WebDriver)\n        :param message: optional message for :exc:`TimeoutException`\n        :returns: the result of the last call to `method`\n        :raises: :exc:`selenium.common.exceptions.TimeoutException` if timeout occurs\n        \"\"\"\n        screen = None\n        stacktrace = None\n    \n        end_time = time.monotonic() + self._timeout\n        while True:\n            try:\n                value = method(self._driver)\n                if value:\n                    return value\n            except self._ignored_exceptions as exc:\n                screen = getattr(exc, \"screen\", None)\n                stacktrace = getattr(exc, \"stacktrace\", None)\n            time.sleep(self._poll)\n            if time.monotonic() > end_time:\n                break\n>       raise TimeoutException(message, screen, stacktrace)\nE       selenium.common.exceptions.TimeoutException: Message: \nE       Stacktrace:\nE       #0 0x55a4e8ecc6c3 <unknown>\nE       #1 0x55a4e8ba21e7 <unknown>\nE       #2 0x55a4e8be9566 <unknown>\nE       #3 0x55a4e8be9651 <unknown>\nE       #4 0x55a4e8c26a74 <unknown>\nE       #5 0x55a4e8c0b0ed <unknown>\nE       #6 0x55a4e8c24322 <unknown>\nE       #7 0x55a4e8c0ae93 <unknown>\nE       #8 0x55a4e8bdd934 <unknown>\nE       #9 0x55a4e8bde71e <unknown>\nE       #10 0x55a4e8e91cc8 <unknown>\nE       #11 0x55a4e8e95c00 <unknown>\nE       #12 0x55a4e8ea01ac <unknown>\nE       #13 0x55a4e8e96818 <unknown>\nE       #14 0x55a4e8e6328f <unknown>\nE       #15 0x55a4e8ebae98 <unknown>\nE       #16 0x55a4e8ebb069 <unknown>\nE       #17 0x55a4e8ecb853 <unknown>\nE       #18 0x7f5ba8c94b43 <unknown>\n\n/opt/hostedtoolcache/Python/3.11.5/x64/lib/python3.11/site-packages/selenium/webdriver/support/wait.py:95: TimeoutException",
    "steps" : [ {
      "name" : "Fill in Email field",
      "time" : {
        "start" : 1695516440283,
        "stop" : 1695516440686,
        "duration" : 403
      },
      "status" : "passed",
      "steps" : [ {
        "name" : "Check FYP Email field is clickable",
        "time" : {
          "start" : 1695516440283,
          "stop" : 1695516440324,
          "duration" : 41
        },
        "status" : "passed",
        "steps" : [ {
          "name" : "Find clickable elements",
          "time" : {
            "start" : 1695516440283,
            "stop" : 1695516440324,
            "duration" : 41
          },
          "status" : "passed",
          "steps" : [ ],
          "attachments" : [ ],
          "parameters" : [ {
            "name" : "locator",
            "value" : "('css selector', '#email_address')"
          }, {
            "name" : "timeout",
            "value" : "5"
          } ],
          "stepsCount" : 0,
          "attachmentsCount" : 0,
          "shouldDisplayMessage" : false,
          "hasContent" : true
        } ],
        "attachments" : [ ],
        "parameters" : [ ],
        "stepsCount" : 1,
        "attachmentsCount" : 0,
        "shouldDisplayMessage" : false,
        "hasContent" : true
      }, {
        "name" : "Fill in a field",
        "time" : {
          "start" : 1695516440324,
          "stop" : 1695516440686,
          "duration" : 362
        },
        "status" : "passed",
        "steps" : [ {
          "name" : "Find clickable elements",
          "time" : {
            "start" : 1695516440324,
            "stop" : 1695516440342,
            "duration" : 18
          },
          "status" : "passed",
          "steps" : [ ],
          "attachments" : [ ],
          "parameters" : [ {
            "name" : "locator",
            "value" : "<selenium.webdriver.remote.webelement.WebElement (session=\"0b12fd2112365cf823fb7d91f000d92b\", element=\"B6BD138C5C3D0F9D39DD3AB104A97492_element_2\")>"
          }, {
            "name" : "timeout",
            "value" : "5"
          } ],
          "stepsCount" : 0,
          "attachmentsCount" : 0,
          "shouldDisplayMessage" : false,
          "hasContent" : true
        } ],
        "attachments" : [ ],
        "parameters" : [ {
          "name" : "locator",
          "value" : "<selenium.webdriver.remote.webelement.WebElement (session=\"0b12fd2112365cf823fb7d91f000d92b\", element=\"B6BD138C5C3D0F9D39DD3AB104A97492_element_2\")>"
        }, {
          "name" : "value",
          "value" : "'test130@mailinator.com'"
        } ],
        "stepsCount" : 1,
        "attachmentsCount" : 0,
        "shouldDisplayMessage" : false,
        "hasContent" : true
      } ],
      "attachments" : [ ],
      "parameters" : [ {
        "name" : "email",
        "value" : "'test130@mailinator.com'"
      } ],
      "stepsCount" : 4,
      "attachmentsCount" : 0,
      "shouldDisplayMessage" : false,
      "hasContent" : true
    }, {
      "name" : "Fill in FYP Email field",
      "time" : {
        "start" : 1695516440686,
        "stop" : 1695516445863,
        "duration" : 5177
      },
      "status" : "broken",
      "statusMessage" : "selenium.common.exceptions.TimeoutException: Message: \nStacktrace:\n#0 0x55a4e8ecc6c3 <unknown>\n#1 0x55a4e8ba21e7 <unknown>\n#2 0x55a4e8be9566 <unknown>\n#3 0x55a4e8be9651 <unknown>\n#4 0x55a4e8c26a74 <unknown>\n#5 0x55a4e8c0b0ed <unknown>\n#6 0x55a4e8c24322 <unknown>\n#7 0x55a4e8c0ae93 <unknown>\n#8 0x55a4e8bdd934 <unknown>\n#9 0x55a4e8bde71e <unknown>\n#10 0x55a4e8e91cc8 <unknown>\n#11 0x55a4e8e95c00 <unknown>\n#12 0x55a4e8ea01ac <unknown>\n#13 0x55a4e8e96818 <unknown>\n#14 0x55a4e8e6328f <unknown>\n#15 0x55a4e8ebae98 <unknown>\n#16 0x55a4e8ebb069 <unknown>\n#17 0x55a4e8ecb853 <unknown>\n#18 0x7f5ba8c94b43 <unknown>\n\n",
      "statusTrace" : "  File \"/opt/hostedtoolcache/Python/3.11.5/x64/lib/python3.11/site-packages/allure_commons/_allure.py\", line 192, in impl\n    return func(*a, **kw)\n           ^^^^^^^^^^^^^^\n  File \"/home/runner/work/luma_project/luma_project/pages/forgot_your_password_page.py\", line 84, in fill_in_forgot_psw_captcha_field\n    return self.fill_in_field(self.check_forgot_psw_captcha_field_is_clickable(), text)\n                              ^^^^^^^^^^^^^^^^^^^^^^^^^^^^^^^^^^^^^^^^^^^^^^^^^^\n  File \"/opt/hostedtoolcache/Python/3.11.5/x64/lib/python3.11/site-packages/allure_commons/_allure.py\", line 192, in impl\n    return func(*a, **kw)\n           ^^^^^^^^^^^^^^\n  File \"/home/runner/work/luma_project/luma_project/pages/forgot_your_password_page.py\", line 59, in check_forgot_psw_captcha_field_is_clickable\n    return self.element_is_clickable(self.locators.FORGOT_YOUR_PASSWORD_CAPTCHA)\n           ^^^^^^^^^^^^^^^^^^^^^^^^^^^^^^^^^^^^^^^^^^^^^^^^^^^^^^^^^^^^^^^^^^^^^\n  File \"/opt/hostedtoolcache/Python/3.11.5/x64/lib/python3.11/site-packages/allure_commons/_allure.py\", line 192, in impl\n    return func(*a, **kw)\n           ^^^^^^^^^^^^^^\n  File \"/home/runner/work/luma_project/luma_project/pages/base_page.py\", line 80, in element_is_clickable\n    return wait(self.driver, timeout).until(EC.element_to_be_clickable(locator))\n           ^^^^^^^^^^^^^^^^^^^^^^^^^^^^^^^^^^^^^^^^^^^^^^^^^^^^^^^^^^^^^^^^^^^^^\n  File \"/opt/hostedtoolcache/Python/3.11.5/x64/lib/python3.11/site-packages/selenium/webdriver/support/wait.py\", line 95, in until\n    raise TimeoutException(message, screen, stacktrace)\n",
      "steps" : [ {
        "name" : "Check FYP captcha input field is clickable",
        "time" : {
          "start" : 1695516440686,
          "stop" : 1695516445863,
          "duration" : 5177
        },
        "status" : "broken",
        "statusMessage" : "selenium.common.exceptions.TimeoutException: Message: \nStacktrace:\n#0 0x55a4e8ecc6c3 <unknown>\n#1 0x55a4e8ba21e7 <unknown>\n#2 0x55a4e8be9566 <unknown>\n#3 0x55a4e8be9651 <unknown>\n#4 0x55a4e8c26a74 <unknown>\n#5 0x55a4e8c0b0ed <unknown>\n#6 0x55a4e8c24322 <unknown>\n#7 0x55a4e8c0ae93 <unknown>\n#8 0x55a4e8bdd934 <unknown>\n#9 0x55a4e8bde71e <unknown>\n#10 0x55a4e8e91cc8 <unknown>\n#11 0x55a4e8e95c00 <unknown>\n#12 0x55a4e8ea01ac <unknown>\n#13 0x55a4e8e96818 <unknown>\n#14 0x55a4e8e6328f <unknown>\n#15 0x55a4e8ebae98 <unknown>\n#16 0x55a4e8ebb069 <unknown>\n#17 0x55a4e8ecb853 <unknown>\n#18 0x7f5ba8c94b43 <unknown>\n\n",
        "statusTrace" : "  File \"/opt/hostedtoolcache/Python/3.11.5/x64/lib/python3.11/site-packages/allure_commons/_allure.py\", line 192, in impl\n    return func(*a, **kw)\n           ^^^^^^^^^^^^^^\n  File \"/home/runner/work/luma_project/luma_project/pages/forgot_your_password_page.py\", line 59, in check_forgot_psw_captcha_field_is_clickable\n    return self.element_is_clickable(self.locators.FORGOT_YOUR_PASSWORD_CAPTCHA)\n           ^^^^^^^^^^^^^^^^^^^^^^^^^^^^^^^^^^^^^^^^^^^^^^^^^^^^^^^^^^^^^^^^^^^^^\n  File \"/opt/hostedtoolcache/Python/3.11.5/x64/lib/python3.11/site-packages/allure_commons/_allure.py\", line 192, in impl\n    return func(*a, **kw)\n           ^^^^^^^^^^^^^^\n  File \"/home/runner/work/luma_project/luma_project/pages/base_page.py\", line 80, in element_is_clickable\n    return wait(self.driver, timeout).until(EC.element_to_be_clickable(locator))\n           ^^^^^^^^^^^^^^^^^^^^^^^^^^^^^^^^^^^^^^^^^^^^^^^^^^^^^^^^^^^^^^^^^^^^^\n  File \"/opt/hostedtoolcache/Python/3.11.5/x64/lib/python3.11/site-packages/selenium/webdriver/support/wait.py\", line 95, in until\n    raise TimeoutException(message, screen, stacktrace)\n",
        "steps" : [ {
          "name" : "Find clickable elements",
          "time" : {
            "start" : 1695516440686,
            "stop" : 1695516445862,
            "duration" : 5176
          },
          "status" : "broken",
          "statusMessage" : "selenium.common.exceptions.TimeoutException: Message: \nStacktrace:\n#0 0x55a4e8ecc6c3 <unknown>\n#1 0x55a4e8ba21e7 <unknown>\n#2 0x55a4e8be9566 <unknown>\n#3 0x55a4e8be9651 <unknown>\n#4 0x55a4e8c26a74 <unknown>\n#5 0x55a4e8c0b0ed <unknown>\n#6 0x55a4e8c24322 <unknown>\n#7 0x55a4e8c0ae93 <unknown>\n#8 0x55a4e8bdd934 <unknown>\n#9 0x55a4e8bde71e <unknown>\n#10 0x55a4e8e91cc8 <unknown>\n#11 0x55a4e8e95c00 <unknown>\n#12 0x55a4e8ea01ac <unknown>\n#13 0x55a4e8e96818 <unknown>\n#14 0x55a4e8e6328f <unknown>\n#15 0x55a4e8ebae98 <unknown>\n#16 0x55a4e8ebb069 <unknown>\n#17 0x55a4e8ecb853 <unknown>\n#18 0x7f5ba8c94b43 <unknown>\n\n",
          "statusTrace" : "  File \"/opt/hostedtoolcache/Python/3.11.5/x64/lib/python3.11/site-packages/allure_commons/_allure.py\", line 192, in impl\n    return func(*a, **kw)\n           ^^^^^^^^^^^^^^\n  File \"/home/runner/work/luma_project/luma_project/pages/base_page.py\", line 80, in element_is_clickable\n    return wait(self.driver, timeout).until(EC.element_to_be_clickable(locator))\n           ^^^^^^^^^^^^^^^^^^^^^^^^^^^^^^^^^^^^^^^^^^^^^^^^^^^^^^^^^^^^^^^^^^^^^\n  File \"/opt/hostedtoolcache/Python/3.11.5/x64/lib/python3.11/site-packages/selenium/webdriver/support/wait.py\", line 95, in until\n    raise TimeoutException(message, screen, stacktrace)\n",
          "steps" : [ ],
          "attachments" : [ ],
          "parameters" : [ {
            "name" : "locator",
            "value" : "('css selector', '#captcha_user_forgotpassword')"
          }, {
            "name" : "timeout",
            "value" : "5"
          } ],
          "stepsCount" : 0,
          "attachmentsCount" : 0,
          "shouldDisplayMessage" : true,
          "hasContent" : true
        } ],
        "attachments" : [ ],
        "parameters" : [ ],
        "stepsCount" : 1,
        "attachmentsCount" : 0,
        "shouldDisplayMessage" : false,
        "hasContent" : true
      } ],
      "attachments" : [ ],
      "parameters" : [ {
        "name" : "text",
        "value" : "'xzbj1J'"
      } ],
      "stepsCount" : 2,
      "attachmentsCount" : 0,
      "shouldDisplayMessage" : false,
      "hasContent" : true
    } ],
    "attachments" : [ {
      "uid" : "874ada8fe1d0aa2f",
      "name" : "Screenshot",
      "source" : "874ada8fe1d0aa2f.png",
      "type" : "image/png",
      "size" : 73272
    }, {
      "uid" : "4a61bf08f6f283c1",
      "name" : "HTML source",
      "source" : "4a61bf08f6f283c1.html",
      "type" : "text/html",
      "size" : 78068
    } ],
    "parameters" : [ ],
    "stepsCount" : 8,
    "attachmentsCount" : 2,
    "shouldDisplayMessage" : true,
    "hasContent" : true
  },
  "afterStages" : [ {
    "name" : "driver::0",
    "time" : {
      "start" : 1695516446035,
      "stop" : 1695516446100,
      "duration" : 65
    },
    "status" : "passed",
    "steps" : [ ],
    "attachments" : [ ],
    "parameters" : [ ],
    "stepsCount" : 0,
    "attachmentsCount" : 0,
    "shouldDisplayMessage" : false,
    "hasContent" : false
  }, {
    "name" : "clear_allure_result_folder::0",
    "time" : {
      "start" : 1695517631857,
      "stop" : 1695517631857,
      "duration" : 0
    },
    "status" : "passed",
    "steps" : [ ],
    "attachments" : [ ],
    "parameters" : [ ],
    "stepsCount" : 0,
    "attachmentsCount" : 0,
    "shouldDisplayMessage" : false,
    "hasContent" : false
  } ],
  "labels" : [ {
    "name" : "epic",
    "value" : "Forgot Your Password Functionality"
  }, {
    "name" : "parentSuite",
    "value" : "tests"
  }, {
    "name" : "suite",
    "value" : "test_forgot_your_password"
  }, {
    "name" : "subSuite",
    "value" : "TestForgotYourPasswordFunctionality"
  }, {
    "name" : "host",
    "value" : "fv-az812-630"
  }, {
    "name" : "thread",
    "value" : "2998-MainThread"
  }, {
    "name" : "framework",
    "value" : "pytest"
  }, {
    "name" : "language",
    "value" : "cpython3"
  }, {
    "name" : "package",
    "value" : "tests.test_forgot_your_password"
  }, {
    "name" : "resultFormat",
    "value" : "allure2"
  } ],
  "parameters" : [ ],
  "links" : [ ],
  "hidden" : false,
  "retry" : false,
  "extra" : {
    "severity" : "normal",
    "retries" : [ ],
    "categories" : [ {
      "name" : "Test defects",
      "matchedStatuses" : [ ],
      "flaky" : false
    } ],
    "tags" : [ ]
  },
  "source" : "83c8d3eb709dece8.json",
  "parameterValues" : [ ]
}