{
  "uid" : "8487142bfabd6ee8",
  "name" : "test_tc_01_15_03_check_that_it_is_possible_to_vote_for_3_star",
  "fullName" : "tests.test_reviews_page.TestReviews#test_tc_01_15_03_check_that_it_is_possible_to_vote_for_3_star",
  "historyId" : "a09b3b388c7a950ae742890d45064f2f",
  "time" : {
    "start" : 1690074620740,
    "stop" : 1690074628301,
    "duration" : 7561
  },
  "description" : "\n        The user is NOT logged in, located in the product card, section \"Reviews\"\n        1. All required fields are filled with correct data\n        2. Pressed 3 star\n        3.The \"Submit Review\" button is pressed\n        Result: Present in the DOM and visible on the page the message: \"You submitted your review for moderation.\n        This code works when run on Win, Mac, Ubuntu on a real laptop and has the features of working on GitHub Action.\n        When interacting with the GitHub Action, it checks not for the text of the \"Success\" message, but for the \"Success\" URL\"\n        ",
  "descriptionHtml" : "<pre><code>    The user is NOT logged in, located in the product card, section &quot;Reviews&quot;\n    1. All required fields are filled with correct data\n    2. Pressed 3 star\n    3.The &quot;Submit Review&quot; button is pressed\n    Result: Present in the DOM and visible on the page the message: &quot;You submitted your review for moderation.\n    This code works when run on Win, Mac, Ubuntu on a real laptop and has the features of working on GitHub Action.\n    When interacting with the GitHub Action, it checks not for the text of the &quot;Success&quot; message, but for the &quot;Success&quot; URL&quot;\n</code></pre>\n",
  "status" : "broken",
  "statusMessage" : "selenium.common.exceptions.TimeoutException: Message:",
  "statusTrace" : "self = <test_reviews_page.TestReviews object at 0x7fcb8cbbe7d0>\ndriver = <selenium.webdriver.chrome.webdriver.WebDriver (session=\"07149d3f9eaa19bacb69abecc54f5893\")>\n\n    def test_tc_01_15_03_check_that_it_is_possible_to_vote_for_3_star(self, driver):\n        \"\"\"\n        The user is NOT logged in, located in the product card, section \"Reviews\"\n        1. All required fields are filled with correct data\n        2. Pressed 3 star\n        3.The \"Submit Review\" button is pressed\n        Result: Present in the DOM and visible on the page the message: \"You submitted your review for moderation.\n        This code works when run on Win, Mac, Ubuntu on a real laptop and has the features of working on GitHub Action.\n        When interacting with the GitHub Action, it checks not for the text of the \"Success\" message, but for the \"Success\" URL\"\n        \"\"\"\n    \n        \"\"\"Steps\"\"\"\n        page = ReviewsPage(driver, REVIEWS_URL_GENERAL)\n        page.open()\n    \n        \"\"\"Get the current URL and print it\"\"\"\n        page.get_the_current_URL_and_print_it()\n    \n        \"\"\"Steps\"\"\"\n        page.open_review_menu()\n>       page.star_3_review_correct()\n\ntests/test_reviews_page.py:138: \n_ _ _ _ _ _ _ _ _ _ _ _ _ _ _ _ _ _ _ _ _ _ _ _ _ _ _ _ _ _ _ _ _ _ _ _ _ _ _ _ \npages/reviews_page.py:34: in star_3_review_correct\n    self.click_to_the_right_of_the_center_of_the_locator_by_45_pixels(self.locators.STAR_3)\npages/base_page.py:264: in click_to_the_right_of_the_center_of_the_locator_by_45_pixels\n    element = wait(self.driver, timeout).until(EC.visibility_of_element_located(locator))\n_ _ _ _ _ _ _ _ _ _ _ _ _ _ _ _ _ _ _ _ _ _ _ _ _ _ _ _ _ _ _ _ _ _ _ _ _ _ _ _ \n\nself = <selenium.webdriver.support.wait.WebDriverWait (session=\"07149d3f9eaa19bacb69abecc54f5893\")>\nmethod = <function visibility_of_element_located.<locals>._predicate at 0x7fcb8d1e7240>\nmessage = ''\n\n    def until(self, method, message: str = \"\"):\n        \"\"\"Calls the method provided with the driver as an argument until the \\\n        return value does not evaluate to ``False``.\n    \n        :param method: callable(WebDriver)\n        :param message: optional message for :exc:`TimeoutException`\n        :returns: the result of the last call to `method`\n        :raises: :exc:`selenium.common.exceptions.TimeoutException` if timeout occurs\n        \"\"\"\n        screen = None\n        stacktrace = None\n    \n        end_time = time.monotonic() + self._timeout\n        while True:\n            try:\n                value = method(self._driver)\n                if value:\n                    return value\n            except self._ignored_exceptions as exc:\n                screen = getattr(exc, \"screen\", None)\n                stacktrace = getattr(exc, \"stacktrace\", None)\n            time.sleep(self._poll)\n            if time.monotonic() > end_time:\n                break\n>       raise TimeoutException(message, screen, stacktrace)\nE       selenium.common.exceptions.TimeoutException: Message:\n\n/opt/hostedtoolcache/Python/3.11.4/x64/lib/python3.11/site-packages/selenium/webdriver/support/wait.py:95: TimeoutException",
  "flaky" : false,
  "newFailed" : false,
  "beforeStages" : [ {
    "name" : "_session_faker",
    "time" : {
      "start" : 1690073506870,
      "stop" : 1690073506962,
      "duration" : 92
    },
    "status" : "passed",
    "steps" : [ ],
    "attachments" : [ ],
    "parameters" : [ ],
    "stepsCount" : 0,
    "attachmentsCount" : 0,
    "shouldDisplayMessage" : false,
    "hasContent" : false
  }, {
    "name" : "clear_allure_result_folder",
    "time" : {
      "start" : 1690073506962,
      "stop" : 1690073506962,
      "duration" : 0
    },
    "status" : "passed",
    "steps" : [ ],
    "attachments" : [ ],
    "parameters" : [ ],
    "stepsCount" : 0,
    "attachmentsCount" : 0,
    "shouldDisplayMessage" : false,
    "hasContent" : false
  }, {
    "name" : "driver",
    "time" : {
      "start" : 1690074619715,
      "stop" : 1690074620739,
      "duration" : 1024
    },
    "status" : "passed",
    "steps" : [ ],
    "attachments" : [ ],
    "parameters" : [ ],
    "stepsCount" : 0,
    "attachmentsCount" : 0,
    "shouldDisplayMessage" : false,
    "hasContent" : false
  } ],
  "testStage" : {
    "description" : "\n        The user is NOT logged in, located in the product card, section \"Reviews\"\n        1. All required fields are filled with correct data\n        2. Pressed 3 star\n        3.The \"Submit Review\" button is pressed\n        Result: Present in the DOM and visible on the page the message: \"You submitted your review for moderation.\n        This code works when run on Win, Mac, Ubuntu on a real laptop and has the features of working on GitHub Action.\n        When interacting with the GitHub Action, it checks not for the text of the \"Success\" message, but for the \"Success\" URL\"\n        ",
    "status" : "broken",
    "statusMessage" : "selenium.common.exceptions.TimeoutException: Message:",
    "statusTrace" : "self = <test_reviews_page.TestReviews object at 0x7fcb8cbbe7d0>\ndriver = <selenium.webdriver.chrome.webdriver.WebDriver (session=\"07149d3f9eaa19bacb69abecc54f5893\")>\n\n    def test_tc_01_15_03_check_that_it_is_possible_to_vote_for_3_star(self, driver):\n        \"\"\"\n        The user is NOT logged in, located in the product card, section \"Reviews\"\n        1. All required fields are filled with correct data\n        2. Pressed 3 star\n        3.The \"Submit Review\" button is pressed\n        Result: Present in the DOM and visible on the page the message: \"You submitted your review for moderation.\n        This code works when run on Win, Mac, Ubuntu on a real laptop and has the features of working on GitHub Action.\n        When interacting with the GitHub Action, it checks not for the text of the \"Success\" message, but for the \"Success\" URL\"\n        \"\"\"\n    \n        \"\"\"Steps\"\"\"\n        page = ReviewsPage(driver, REVIEWS_URL_GENERAL)\n        page.open()\n    \n        \"\"\"Get the current URL and print it\"\"\"\n        page.get_the_current_URL_and_print_it()\n    \n        \"\"\"Steps\"\"\"\n        page.open_review_menu()\n>       page.star_3_review_correct()\n\ntests/test_reviews_page.py:138: \n_ _ _ _ _ _ _ _ _ _ _ _ _ _ _ _ _ _ _ _ _ _ _ _ _ _ _ _ _ _ _ _ _ _ _ _ _ _ _ _ \npages/reviews_page.py:34: in star_3_review_correct\n    self.click_to_the_right_of_the_center_of_the_locator_by_45_pixels(self.locators.STAR_3)\npages/base_page.py:264: in click_to_the_right_of_the_center_of_the_locator_by_45_pixels\n    element = wait(self.driver, timeout).until(EC.visibility_of_element_located(locator))\n_ _ _ _ _ _ _ _ _ _ _ _ _ _ _ _ _ _ _ _ _ _ _ _ _ _ _ _ _ _ _ _ _ _ _ _ _ _ _ _ \n\nself = <selenium.webdriver.support.wait.WebDriverWait (session=\"07149d3f9eaa19bacb69abecc54f5893\")>\nmethod = <function visibility_of_element_located.<locals>._predicate at 0x7fcb8d1e7240>\nmessage = ''\n\n    def until(self, method, message: str = \"\"):\n        \"\"\"Calls the method provided with the driver as an argument until the \\\n        return value does not evaluate to ``False``.\n    \n        :param method: callable(WebDriver)\n        :param message: optional message for :exc:`TimeoutException`\n        :returns: the result of the last call to `method`\n        :raises: :exc:`selenium.common.exceptions.TimeoutException` if timeout occurs\n        \"\"\"\n        screen = None\n        stacktrace = None\n    \n        end_time = time.monotonic() + self._timeout\n        while True:\n            try:\n                value = method(self._driver)\n                if value:\n                    return value\n            except self._ignored_exceptions as exc:\n                screen = getattr(exc, \"screen\", None)\n                stacktrace = getattr(exc, \"stacktrace\", None)\n            time.sleep(self._poll)\n            if time.monotonic() > end_time:\n                break\n>       raise TimeoutException(message, screen, stacktrace)\nE       selenium.common.exceptions.TimeoutException: Message:\n\n/opt/hostedtoolcache/Python/3.11.4/x64/lib/python3.11/site-packages/selenium/webdriver/support/wait.py:95: TimeoutException",
    "steps" : [ {
      "name" : "Open a browser",
      "time" : {
        "start" : 1690074620740,
        "stop" : 1690074621678,
        "duration" : 938
      },
      "status" : "passed",
      "steps" : [ ],
      "attachments" : [ ],
      "parameters" : [ ],
      "stepsCount" : 0,
      "attachmentsCount" : 0,
      "shouldDisplayMessage" : false,
      "hasContent" : false
    }, {
      "name" : "Find clickable elements",
      "time" : {
        "start" : 1690074621689,
        "stop" : 1690074621815,
        "duration" : 126
      },
      "status" : "passed",
      "steps" : [ ],
      "attachments" : [ ],
      "parameters" : [ {
        "name" : "locator",
        "value" : "('css selector', '#tab-label-reviews-title')"
      }, {
        "name" : "timeout",
        "value" : "5"
      } ],
      "stepsCount" : 0,
      "attachmentsCount" : 0,
      "shouldDisplayMessage" : false,
      "hasContent" : true
    }, {
      "name" : "Click not in the center of the selector, but in its right part, to the right from the center by 45 pixels",
      "time" : {
        "start" : 1690074623125,
        "stop" : 1690074628301,
        "duration" : 5176
      },
      "status" : "broken",
      "statusMessage" : "selenium.common.exceptions.TimeoutException: Message: \n\n",
      "statusTrace" : "  File \"/opt/hostedtoolcache/Python/3.11.4/x64/lib/python3.11/site-packages/allure_commons/_allure.py\", line 192, in impl\n    return func(*a, **kw)\n           ^^^^^^^^^^^^^^\n  File \"/home/runner/work/luma_project/luma_project/pages/base_page.py\", line 264, in click_to_the_right_of_the_center_of_the_locator_by_45_pixels\n    element = wait(self.driver, timeout).until(EC.visibility_of_element_located(locator))\n              ^^^^^^^^^^^^^^^^^^^^^^^^^^^^^^^^^^^^^^^^^^^^^^^^^^^^^^^^^^^^^^^^^^^^^^^^^^^\n  File \"/opt/hostedtoolcache/Python/3.11.4/x64/lib/python3.11/site-packages/selenium/webdriver/support/wait.py\", line 95, in until\n    raise TimeoutException(message, screen, stacktrace)\n",
      "steps" : [ ],
      "attachments" : [ ],
      "parameters" : [ {
        "name" : "locator",
        "value" : "('css selector', '#Rating_3_label')"
      }, {
        "name" : "timeout",
        "value" : "5"
      } ],
      "stepsCount" : 0,
      "attachmentsCount" : 0,
      "shouldDisplayMessage" : true,
      "hasContent" : true
    } ],
    "attachments" : [ {
      "uid" : "a7e857eca6821c5a",
      "name" : "Screenshot",
      "source" : "a7e857eca6821c5a.png",
      "type" : "image/png",
      "size" : 263268
    }, {
      "uid" : "28c803556a8cbcee",
      "name" : "HTML source",
      "source" : "28c803556a8cbcee.html",
      "type" : "text/html",
      "size" : 123510
    } ],
    "parameters" : [ ],
    "stepsCount" : 3,
    "attachmentsCount" : 2,
    "shouldDisplayMessage" : true,
    "hasContent" : true
  },
  "afterStages" : [ {
    "name" : "clear_allure_result_folder::0",
    "time" : {
      "start" : 1690075074103,
      "stop" : 1690075074103,
      "duration" : 0
    },
    "status" : "passed",
    "steps" : [ ],
    "attachments" : [ ],
    "parameters" : [ ],
    "stepsCount" : 0,
    "attachmentsCount" : 0,
    "shouldDisplayMessage" : false,
    "hasContent" : false
  }, {
    "name" : "driver::0",
    "time" : {
      "start" : 1690074628520,
      "stop" : 1690074628590,
      "duration" : 70
    },
    "status" : "passed",
    "steps" : [ ],
    "attachments" : [ ],
    "parameters" : [ ],
    "stepsCount" : 0,
    "attachmentsCount" : 0,
    "shouldDisplayMessage" : false,
    "hasContent" : false
  } ],
  "labels" : [ {
    "name" : "parentSuite",
    "value" : "tests"
  }, {
    "name" : "suite",
    "value" : "test_reviews_page"
  }, {
    "name" : "subSuite",
    "value" : "TestReviews"
  }, {
    "name" : "host",
    "value" : "fv-az622-781"
  }, {
    "name" : "thread",
    "value" : "3345-MainThread"
  }, {
    "name" : "framework",
    "value" : "pytest"
  }, {
    "name" : "language",
    "value" : "cpython3"
  }, {
    "name" : "package",
    "value" : "tests.test_reviews_page"
  }, {
    "name" : "resultFormat",
    "value" : "allure2"
  } ],
  "parameters" : [ ],
  "links" : [ ],
  "hidden" : false,
  "retry" : false,
  "extra" : {
    "severity" : "normal",
    "retries" : [ ],
    "categories" : [ {
      "name" : "Test defects",
      "matchedStatuses" : [ ],
      "flaky" : false
    } ],
    "tags" : [ ]
  },
  "source" : "8487142bfabd6ee8.json",
  "parameterValues" : [ ]
}