{
  "uid" : "8818d6a490d43648",
  "name" : "TC 17.01.11 Verify FYP captcha input field is appropriately labeled",
  "fullName" : "tests.test_forgot_your_password.TestForgotYourPassword#test_17_01_11_captcha_field_is_appropriately_labeled",
  "historyId" : "20ad4d11e31cfb1a68706313a9c412ad",
  "time" : {
    "start" : 1694911523661,
    "stop" : 1694911528786,
    "duration" : 5125
  },
  "description" : "Check if Email field is appropriately labeled ",
  "descriptionHtml" : "<p>Check if Email field is appropriately labeled</p>\n",
  "status" : "broken",
  "statusMessage" : "selenium.common.exceptions.TimeoutException: Message: \nStacktrace:\n#0 0x5645089c4e23 <unknown>\n#1 0x5645086ed7a7 <unknown>\n#2 0x56450872c1d3 <unknown>\n#3 0x56450872c2c1 <unknown>\n#4 0x564508767a04 <unknown>\n#5 0x56450874d03d <unknown>\n#6 0x564508765369 <unknown>\n#7 0x56450874cde3 <unknown>\n#8 0x564508720a7b <unknown>\n#9 0x56450872181e <unknown>\n#10 0x564508986638 <unknown>\n#11 0x56450898a507 <unknown>\n#12 0x564508994c4c <unknown>\n#13 0x56450898b136 <unknown>\n#14 0x5645089599cf <unknown>\n#15 0x5645089aeb98 <unknown>\n#16 0x5645089aed68 <unknown>\n#17 0x5645089bdcb3 <unknown>\n#18 0x7fdeb2a94b43 <unknown>",
  "statusTrace" : "self = <test_forgot_your_password.TestForgotYourPassword object at 0x7feba8ab2fd0>\ndriver = <selenium.webdriver.chrome.webdriver.WebDriver (session=\"46896f9705ba5f0f003d0ec98c1e3f62\")>\nforgot_psw_page = <pages.forgot_your_password_page.ForgotYourPasswordPage object at 0x7feba86588d0>\n\n    @allure.title('TC 17.01.11 Verify FYP captcha input field is appropriately labeled')\n    def test_17_01_11_captcha_field_is_appropriately_labeled(self, driver, forgot_psw_page):\n        \"\"\"Check if Email field is appropriately labeled \"\"\"\n>       captcha_label = forgot_psw_page.check_forgot_psw_captcha_label()\n\ntests/test_forgot_your_password.py:101: \n_ _ _ _ _ _ _ _ _ _ _ _ _ _ _ _ _ _ _ _ _ _ _ _ _ _ _ _ _ _ _ _ _ _ _ _ _ _ _ _ \npages/forgot_your_password_page.py:64: in check_forgot_psw_captcha_label\n    return self.element_is_visible(self.locators.FORGOT_YOUR_PASSWORD_CAPTCHA_LABEL)\npages/base_page.py:29: in element_is_visible\n    self.go_to_element(self.element_is_present(locator))\npages/base_page.py:50: in element_is_present\n    return wait(self.driver, timeout).until(EC.presence_of_element_located(locator))\n_ _ _ _ _ _ _ _ _ _ _ _ _ _ _ _ _ _ _ _ _ _ _ _ _ _ _ _ _ _ _ _ _ _ _ _ _ _ _ _ \n\nself = <selenium.webdriver.support.wait.WebDriverWait (session=\"46896f9705ba5f0f003d0ec98c1e3f62\")>\nmethod = <function presence_of_element_located.<locals>._predicate at 0x7feba68fa5c0>\nmessage = ''\n\n    def until(self, method, message: str = \"\"):\n        \"\"\"Calls the method provided with the driver as an argument until the \\\n        return value does not evaluate to ``False``.\n    \n        :param method: callable(WebDriver)\n        :param message: optional message for :exc:`TimeoutException`\n        :returns: the result of the last call to `method`\n        :raises: :exc:`selenium.common.exceptions.TimeoutException` if timeout occurs\n        \"\"\"\n        screen = None\n        stacktrace = None\n    \n        end_time = time.monotonic() + self._timeout\n        while True:\n            try:\n                value = method(self._driver)\n                if value:\n                    return value\n            except self._ignored_exceptions as exc:\n                screen = getattr(exc, \"screen\", None)\n                stacktrace = getattr(exc, \"stacktrace\", None)\n            time.sleep(self._poll)\n            if time.monotonic() > end_time:\n                break\n>       raise TimeoutException(message, screen, stacktrace)\nE       selenium.common.exceptions.TimeoutException: Message: \nE       Stacktrace:\nE       #0 0x5645089c4e23 <unknown>\nE       #1 0x5645086ed7a7 <unknown>\nE       #2 0x56450872c1d3 <unknown>\nE       #3 0x56450872c2c1 <unknown>\nE       #4 0x564508767a04 <unknown>\nE       #5 0x56450874d03d <unknown>\nE       #6 0x564508765369 <unknown>\nE       #7 0x56450874cde3 <unknown>\nE       #8 0x564508720a7b <unknown>\nE       #9 0x56450872181e <unknown>\nE       #10 0x564508986638 <unknown>\nE       #11 0x56450898a507 <unknown>\nE       #12 0x564508994c4c <unknown>\nE       #13 0x56450898b136 <unknown>\nE       #14 0x5645089599cf <unknown>\nE       #15 0x5645089aeb98 <unknown>\nE       #16 0x5645089aed68 <unknown>\nE       #17 0x5645089bdcb3 <unknown>\nE       #18 0x7fdeb2a94b43 <unknown>\n\n/opt/hostedtoolcache/Python/3.11.5/x64/lib/python3.11/site-packages/selenium/webdriver/support/wait.py:95: TimeoutException",
  "flaky" : false,
  "newFailed" : false,
  "beforeStages" : [ {
    "name" : "_session_faker",
    "time" : {
      "start" : 1694911172899,
      "stop" : 1694911172978,
      "duration" : 79
    },
    "status" : "passed",
    "steps" : [ ],
    "attachments" : [ ],
    "parameters" : [ ],
    "stepsCount" : 0,
    "attachmentsCount" : 0,
    "shouldDisplayMessage" : false,
    "hasContent" : false
  }, {
    "name" : "forgot_psw_page",
    "time" : {
      "start" : 1694911522593,
      "stop" : 1694911523660,
      "duration" : 1067
    },
    "status" : "passed",
    "steps" : [ {
      "name" : "Open a browser",
      "time" : {
        "start" : 1694911522593,
        "stop" : 1694911523660,
        "duration" : 1067
      },
      "status" : "passed",
      "steps" : [ ],
      "attachments" : [ ],
      "parameters" : [ ],
      "stepsCount" : 0,
      "attachmentsCount" : 0,
      "shouldDisplayMessage" : false,
      "hasContent" : false
    } ],
    "attachments" : [ ],
    "parameters" : [ ],
    "stepsCount" : 1,
    "attachmentsCount" : 0,
    "shouldDisplayMessage" : false,
    "hasContent" : true
  }, {
    "name" : "clear_allure_result_folder",
    "time" : {
      "start" : 1694911172978,
      "stop" : 1694911172979,
      "duration" : 1
    },
    "status" : "passed",
    "steps" : [ ],
    "attachments" : [ ],
    "parameters" : [ ],
    "stepsCount" : 0,
    "attachmentsCount" : 0,
    "shouldDisplayMessage" : false,
    "hasContent" : false
  }, {
    "name" : "driver",
    "time" : {
      "start" : 1694911521503,
      "stop" : 1694911522592,
      "duration" : 1089
    },
    "status" : "passed",
    "steps" : [ ],
    "attachments" : [ ],
    "parameters" : [ ],
    "stepsCount" : 0,
    "attachmentsCount" : 0,
    "shouldDisplayMessage" : false,
    "hasContent" : false
  } ],
  "testStage" : {
    "description" : "Check if Email field is appropriately labeled ",
    "status" : "broken",
    "statusMessage" : "selenium.common.exceptions.TimeoutException: Message: \nStacktrace:\n#0 0x5645089c4e23 <unknown>\n#1 0x5645086ed7a7 <unknown>\n#2 0x56450872c1d3 <unknown>\n#3 0x56450872c2c1 <unknown>\n#4 0x564508767a04 <unknown>\n#5 0x56450874d03d <unknown>\n#6 0x564508765369 <unknown>\n#7 0x56450874cde3 <unknown>\n#8 0x564508720a7b <unknown>\n#9 0x56450872181e <unknown>\n#10 0x564508986638 <unknown>\n#11 0x56450898a507 <unknown>\n#12 0x564508994c4c <unknown>\n#13 0x56450898b136 <unknown>\n#14 0x5645089599cf <unknown>\n#15 0x5645089aeb98 <unknown>\n#16 0x5645089aed68 <unknown>\n#17 0x5645089bdcb3 <unknown>\n#18 0x7fdeb2a94b43 <unknown>",
    "statusTrace" : "self = <test_forgot_your_password.TestForgotYourPassword object at 0x7feba8ab2fd0>\ndriver = <selenium.webdriver.chrome.webdriver.WebDriver (session=\"46896f9705ba5f0f003d0ec98c1e3f62\")>\nforgot_psw_page = <pages.forgot_your_password_page.ForgotYourPasswordPage object at 0x7feba86588d0>\n\n    @allure.title('TC 17.01.11 Verify FYP captcha input field is appropriately labeled')\n    def test_17_01_11_captcha_field_is_appropriately_labeled(self, driver, forgot_psw_page):\n        \"\"\"Check if Email field is appropriately labeled \"\"\"\n>       captcha_label = forgot_psw_page.check_forgot_psw_captcha_label()\n\ntests/test_forgot_your_password.py:101: \n_ _ _ _ _ _ _ _ _ _ _ _ _ _ _ _ _ _ _ _ _ _ _ _ _ _ _ _ _ _ _ _ _ _ _ _ _ _ _ _ \npages/forgot_your_password_page.py:64: in check_forgot_psw_captcha_label\n    return self.element_is_visible(self.locators.FORGOT_YOUR_PASSWORD_CAPTCHA_LABEL)\npages/base_page.py:29: in element_is_visible\n    self.go_to_element(self.element_is_present(locator))\npages/base_page.py:50: in element_is_present\n    return wait(self.driver, timeout).until(EC.presence_of_element_located(locator))\n_ _ _ _ _ _ _ _ _ _ _ _ _ _ _ _ _ _ _ _ _ _ _ _ _ _ _ _ _ _ _ _ _ _ _ _ _ _ _ _ \n\nself = <selenium.webdriver.support.wait.WebDriverWait (session=\"46896f9705ba5f0f003d0ec98c1e3f62\")>\nmethod = <function presence_of_element_located.<locals>._predicate at 0x7feba68fa5c0>\nmessage = ''\n\n    def until(self, method, message: str = \"\"):\n        \"\"\"Calls the method provided with the driver as an argument until the \\\n        return value does not evaluate to ``False``.\n    \n        :param method: callable(WebDriver)\n        :param message: optional message for :exc:`TimeoutException`\n        :returns: the result of the last call to `method`\n        :raises: :exc:`selenium.common.exceptions.TimeoutException` if timeout occurs\n        \"\"\"\n        screen = None\n        stacktrace = None\n    \n        end_time = time.monotonic() + self._timeout\n        while True:\n            try:\n                value = method(self._driver)\n                if value:\n                    return value\n            except self._ignored_exceptions as exc:\n                screen = getattr(exc, \"screen\", None)\n                stacktrace = getattr(exc, \"stacktrace\", None)\n            time.sleep(self._poll)\n            if time.monotonic() > end_time:\n                break\n>       raise TimeoutException(message, screen, stacktrace)\nE       selenium.common.exceptions.TimeoutException: Message: \nE       Stacktrace:\nE       #0 0x5645089c4e23 <unknown>\nE       #1 0x5645086ed7a7 <unknown>\nE       #2 0x56450872c1d3 <unknown>\nE       #3 0x56450872c2c1 <unknown>\nE       #4 0x564508767a04 <unknown>\nE       #5 0x56450874d03d <unknown>\nE       #6 0x564508765369 <unknown>\nE       #7 0x56450874cde3 <unknown>\nE       #8 0x564508720a7b <unknown>\nE       #9 0x56450872181e <unknown>\nE       #10 0x564508986638 <unknown>\nE       #11 0x56450898a507 <unknown>\nE       #12 0x564508994c4c <unknown>\nE       #13 0x56450898b136 <unknown>\nE       #14 0x5645089599cf <unknown>\nE       #15 0x5645089aeb98 <unknown>\nE       #16 0x5645089aed68 <unknown>\nE       #17 0x5645089bdcb3 <unknown>\nE       #18 0x7fdeb2a94b43 <unknown>\n\n/opt/hostedtoolcache/Python/3.11.5/x64/lib/python3.11/site-packages/selenium/webdriver/support/wait.py:95: TimeoutException",
    "steps" : [ {
      "name" : "Check the label for FYP captcha input field is visible",
      "time" : {
        "start" : 1694911523661,
        "stop" : 1694911528785,
        "duration" : 5124
      },
      "status" : "broken",
      "statusMessage" : "selenium.common.exceptions.TimeoutException: Message: \nStacktrace:\n#0 0x5645089c4e23 <unknown>\n#1 0x5645086ed7a7 <unknown>\n#2 0x56450872c1d3 <unknown>\n#3 0x56450872c2c1 <unknown>\n#4 0x564508767a04 <unknown>\n#5 0x56450874d03d <unknown>\n#6 0x564508765369 <unknown>\n#7 0x56450874cde3 <unknown>\n#8 0x564508720a7b <unknown>\n#9 0x56450872181e <unknown>\n#10 0x564508986638 <unknown>\n#11 0x56450898a507 <unknown>\n#12 0x564508994c4c <unknown>\n#13 0x56450898b136 <unknown>\n#14 0x5645089599cf <unknown>\n#15 0x5645089aeb98 <unknown>\n#16 0x5645089aed68 <unknown>\n#17 0x5645089bdcb3 <unknown>\n#18 0x7fdeb2a94b43 <unknown>\n\n",
      "statusTrace" : "  File \"/opt/hostedtoolcache/Python/3.11.5/x64/lib/python3.11/site-packages/allure_commons/_allure.py\", line 192, in impl\n    return func(*a, **kw)\n           ^^^^^^^^^^^^^^\n  File \"/home/runner/work/luma_project/luma_project/pages/forgot_your_password_page.py\", line 64, in check_forgot_psw_captcha_label\n    return self.element_is_visible(self.locators.FORGOT_YOUR_PASSWORD_CAPTCHA_LABEL)\n           ^^^^^^^^^^^^^^^^^^^^^^^^^^^^^^^^^^^^^^^^^^^^^^^^^^^^^^^^^^^^^^^^^^^^^^^^^\n  File \"/opt/hostedtoolcache/Python/3.11.5/x64/lib/python3.11/site-packages/allure_commons/_allure.py\", line 192, in impl\n    return func(*a, **kw)\n           ^^^^^^^^^^^^^^\n  File \"/home/runner/work/luma_project/luma_project/pages/base_page.py\", line 29, in element_is_visible\n    self.go_to_element(self.element_is_present(locator))\n                       ^^^^^^^^^^^^^^^^^^^^^^^^^^^^^^^^\n  File \"/opt/hostedtoolcache/Python/3.11.5/x64/lib/python3.11/site-packages/allure_commons/_allure.py\", line 192, in impl\n    return func(*a, **kw)\n           ^^^^^^^^^^^^^^\n  File \"/home/runner/work/luma_project/luma_project/pages/base_page.py\", line 50, in element_is_present\n    return wait(self.driver, timeout).until(EC.presence_of_element_located(locator))\n           ^^^^^^^^^^^^^^^^^^^^^^^^^^^^^^^^^^^^^^^^^^^^^^^^^^^^^^^^^^^^^^^^^^^^^^^^^\n  File \"/opt/hostedtoolcache/Python/3.11.5/x64/lib/python3.11/site-packages/selenium/webdriver/support/wait.py\", line 95, in until\n    raise TimeoutException(message, screen, stacktrace)\n",
      "steps" : [ {
        "name" : "Find a visible element",
        "time" : {
          "start" : 1694911523662,
          "stop" : 1694911528785,
          "duration" : 5123
        },
        "status" : "broken",
        "statusMessage" : "selenium.common.exceptions.TimeoutException: Message: \nStacktrace:\n#0 0x5645089c4e23 <unknown>\n#1 0x5645086ed7a7 <unknown>\n#2 0x56450872c1d3 <unknown>\n#3 0x56450872c2c1 <unknown>\n#4 0x564508767a04 <unknown>\n#5 0x56450874d03d <unknown>\n#6 0x564508765369 <unknown>\n#7 0x56450874cde3 <unknown>\n#8 0x564508720a7b <unknown>\n#9 0x56450872181e <unknown>\n#10 0x564508986638 <unknown>\n#11 0x56450898a507 <unknown>\n#12 0x564508994c4c <unknown>\n#13 0x56450898b136 <unknown>\n#14 0x5645089599cf <unknown>\n#15 0x5645089aeb98 <unknown>\n#16 0x5645089aed68 <unknown>\n#17 0x5645089bdcb3 <unknown>\n#18 0x7fdeb2a94b43 <unknown>\n\n",
        "statusTrace" : "  File \"/opt/hostedtoolcache/Python/3.11.5/x64/lib/python3.11/site-packages/allure_commons/_allure.py\", line 192, in impl\n    return func(*a, **kw)\n           ^^^^^^^^^^^^^^\n  File \"/home/runner/work/luma_project/luma_project/pages/base_page.py\", line 29, in element_is_visible\n    self.go_to_element(self.element_is_present(locator))\n                       ^^^^^^^^^^^^^^^^^^^^^^^^^^^^^^^^\n  File \"/opt/hostedtoolcache/Python/3.11.5/x64/lib/python3.11/site-packages/allure_commons/_allure.py\", line 192, in impl\n    return func(*a, **kw)\n           ^^^^^^^^^^^^^^\n  File \"/home/runner/work/luma_project/luma_project/pages/base_page.py\", line 50, in element_is_present\n    return wait(self.driver, timeout).until(EC.presence_of_element_located(locator))\n           ^^^^^^^^^^^^^^^^^^^^^^^^^^^^^^^^^^^^^^^^^^^^^^^^^^^^^^^^^^^^^^^^^^^^^^^^^\n  File \"/opt/hostedtoolcache/Python/3.11.5/x64/lib/python3.11/site-packages/selenium/webdriver/support/wait.py\", line 95, in until\n    raise TimeoutException(message, screen, stacktrace)\n",
        "steps" : [ {
          "name" : "Find a present element",
          "time" : {
            "start" : 1694911523662,
            "stop" : 1694911528785,
            "duration" : 5123
          },
          "status" : "broken",
          "statusMessage" : "selenium.common.exceptions.TimeoutException: Message: \nStacktrace:\n#0 0x5645089c4e23 <unknown>\n#1 0x5645086ed7a7 <unknown>\n#2 0x56450872c1d3 <unknown>\n#3 0x56450872c2c1 <unknown>\n#4 0x564508767a04 <unknown>\n#5 0x56450874d03d <unknown>\n#6 0x564508765369 <unknown>\n#7 0x56450874cde3 <unknown>\n#8 0x564508720a7b <unknown>\n#9 0x56450872181e <unknown>\n#10 0x564508986638 <unknown>\n#11 0x56450898a507 <unknown>\n#12 0x564508994c4c <unknown>\n#13 0x56450898b136 <unknown>\n#14 0x5645089599cf <unknown>\n#15 0x5645089aeb98 <unknown>\n#16 0x5645089aed68 <unknown>\n#17 0x5645089bdcb3 <unknown>\n#18 0x7fdeb2a94b43 <unknown>\n\n",
          "statusTrace" : "  File \"/opt/hostedtoolcache/Python/3.11.5/x64/lib/python3.11/site-packages/allure_commons/_allure.py\", line 192, in impl\n    return func(*a, **kw)\n           ^^^^^^^^^^^^^^\n  File \"/home/runner/work/luma_project/luma_project/pages/base_page.py\", line 50, in element_is_present\n    return wait(self.driver, timeout).until(EC.presence_of_element_located(locator))\n           ^^^^^^^^^^^^^^^^^^^^^^^^^^^^^^^^^^^^^^^^^^^^^^^^^^^^^^^^^^^^^^^^^^^^^^^^^\n  File \"/opt/hostedtoolcache/Python/3.11.5/x64/lib/python3.11/site-packages/selenium/webdriver/support/wait.py\", line 95, in until\n    raise TimeoutException(message, screen, stacktrace)\n",
          "steps" : [ ],
          "attachments" : [ ],
          "parameters" : [ {
            "name" : "locator",
            "value" : "('css selector', '.captcha.required > label > span')"
          }, {
            "name" : "timeout",
            "value" : "5"
          } ],
          "stepsCount" : 0,
          "attachmentsCount" : 0,
          "shouldDisplayMessage" : true,
          "hasContent" : true
        } ],
        "attachments" : [ ],
        "parameters" : [ {
          "name" : "locator",
          "value" : "('css selector', '.captcha.required > label > span')"
        }, {
          "name" : "timeout",
          "value" : "10"
        } ],
        "stepsCount" : 1,
        "attachmentsCount" : 0,
        "shouldDisplayMessage" : false,
        "hasContent" : true
      } ],
      "attachments" : [ ],
      "parameters" : [ ],
      "stepsCount" : 2,
      "attachmentsCount" : 0,
      "shouldDisplayMessage" : false,
      "hasContent" : true
    } ],
    "attachments" : [ {
      "uid" : "5130ab863bed9cd7",
      "name" : "Screenshot",
      "source" : "5130ab863bed9cd7.png",
      "type" : "image/png",
      "size" : 70029
    }, {
      "uid" : "d581c9d5acc825a5",
      "name" : "HTML source",
      "source" : "d581c9d5acc825a5.html",
      "type" : "text/html",
      "size" : 78068
    } ],
    "parameters" : [ ],
    "stepsCount" : 3,
    "attachmentsCount" : 2,
    "shouldDisplayMessage" : true,
    "hasContent" : true
  },
  "afterStages" : [ {
    "name" : "clear_allure_result_folder::0",
    "time" : {
      "start" : 1694912643690,
      "stop" : 1694912643690,
      "duration" : 0
    },
    "status" : "passed",
    "steps" : [ ],
    "attachments" : [ ],
    "parameters" : [ ],
    "stepsCount" : 0,
    "attachmentsCount" : 0,
    "shouldDisplayMessage" : false,
    "hasContent" : false
  }, {
    "name" : "driver::0",
    "time" : {
      "start" : 1694911528980,
      "stop" : 1694911529045,
      "duration" : 65
    },
    "status" : "passed",
    "steps" : [ ],
    "attachments" : [ ],
    "parameters" : [ ],
    "stepsCount" : 0,
    "attachmentsCount" : 0,
    "shouldDisplayMessage" : false,
    "hasContent" : false
  } ],
  "labels" : [ {
    "name" : "epic",
    "value" : "Forgot Your Password Page"
  }, {
    "name" : "parentSuite",
    "value" : "tests"
  }, {
    "name" : "suite",
    "value" : "test_forgot_your_password"
  }, {
    "name" : "subSuite",
    "value" : "TestForgotYourPassword"
  }, {
    "name" : "host",
    "value" : "fv-az436-812"
  }, {
    "name" : "thread",
    "value" : "3004-MainThread"
  }, {
    "name" : "framework",
    "value" : "pytest"
  }, {
    "name" : "language",
    "value" : "cpython3"
  }, {
    "name" : "package",
    "value" : "tests.test_forgot_your_password"
  }, {
    "name" : "resultFormat",
    "value" : "allure2"
  } ],
  "parameters" : [ ],
  "links" : [ ],
  "hidden" : false,
  "retry" : false,
  "extra" : {
    "severity" : "normal",
    "retries" : [ ],
    "categories" : [ {
      "name" : "Test defects",
      "matchedStatuses" : [ ],
      "flaky" : false
    } ],
    "tags" : [ ]
  },
  "source" : "8818d6a490d43648.json",
  "parameterValues" : [ ]
}