{
  "uid" : "88af8611bc5455cd",
  "name" : "TC 01.02.02 functionality of the \"Search\" field",
  "fullName" : "tests.test_header.TestHeader#test_tc_01_02_02_functionality_of_the_search_field",
  "historyId" : "9ffa56c356139fd12f8ea771bf5675fb",
  "time" : {
    "start" : 1695516491907,
    "stop" : 1695516503601,
    "duration" : 11694
  },
  "description" : "Check the \"Search\" field is activated and the drop-down list appears with various product",
  "descriptionHtml" : "<p>Check the &quot;Search&quot; field is activated and the drop-down list appears with various product</p>\n",
  "status" : "broken",
  "statusMessage" : "selenium.common.exceptions.TimeoutException: Message:",
  "statusTrace" : "self = <test_header.TestHeader object at 0x7f9a4f382c90>\ndriver = <selenium.webdriver.chrome.webdriver.WebDriver (session=\"6c1711b9adfa38cbb0b7b1099193e992\")>\n\n    @allure.title('TC 01.02.02 functionality of the \"Search\" field')\n    def test_tc_01_02_02_functionality_of_the_search_field(self, driver):\n        \"\"\"Check the \"Search\" field is activated and the drop-down list appears with various product\"\"\"\n        page = HeaderPage(driver, MAIN_PAGE_URL)\n        page.open()\n>       dropdown_items = page.enter_search_field_and_get_dropdown()\n\ntests/test_header.py:110: \n_ _ _ _ _ _ _ _ _ _ _ _ _ _ _ _ _ _ _ _ _ _ _ _ _ _ _ _ _ _ _ _ _ _ _ _ _ _ _ _ \npages/header_page.py:67: in enter_search_field_and_get_dropdown\n    return self.elements_are_visible(self.header_locators.SEARCH_DROPDOWN)\npages/base_page.py:40: in elements_are_visible\n    return wait(self.driver, timeout).until(EC.visibility_of_all_elements_located(locator))\n_ _ _ _ _ _ _ _ _ _ _ _ _ _ _ _ _ _ _ _ _ _ _ _ _ _ _ _ _ _ _ _ _ _ _ _ _ _ _ _ \n\nself = <selenium.webdriver.support.wait.WebDriverWait (session=\"6c1711b9adfa38cbb0b7b1099193e992\")>\nmethod = <function visibility_of_all_elements_located.<locals>._predicate at 0x7f9a4fd5b1a0>\nmessage = ''\n\n    def until(self, method, message: str = \"\"):\n        \"\"\"Calls the method provided with the driver as an argument until the \\\n        return value does not evaluate to ``False``.\n    \n        :param method: callable(WebDriver)\n        :param message: optional message for :exc:`TimeoutException`\n        :returns: the result of the last call to `method`\n        :raises: :exc:`selenium.common.exceptions.TimeoutException` if timeout occurs\n        \"\"\"\n        screen = None\n        stacktrace = None\n    \n        end_time = time.monotonic() + self._timeout\n        while True:\n            try:\n                value = method(self._driver)\n                if value:\n                    return value\n            except self._ignored_exceptions as exc:\n                screen = getattr(exc, \"screen\", None)\n                stacktrace = getattr(exc, \"stacktrace\", None)\n            time.sleep(self._poll)\n            if time.monotonic() > end_time:\n                break\n>       raise TimeoutException(message, screen, stacktrace)\nE       selenium.common.exceptions.TimeoutException: Message:\n\n/opt/hostedtoolcache/Python/3.11.5/x64/lib/python3.11/site-packages/selenium/webdriver/support/wait.py:95: TimeoutException",
  "flaky" : false,
  "newFailed" : false,
  "beforeStages" : [ {
    "name" : "driver",
    "time" : {
      "start" : 1695516490719,
      "stop" : 1695516491906,
      "duration" : 1187
    },
    "status" : "passed",
    "steps" : [ ],
    "attachments" : [ ],
    "parameters" : [ ],
    "stepsCount" : 0,
    "attachmentsCount" : 0,
    "shouldDisplayMessage" : false,
    "hasContent" : false
  }, {
    "name" : "_session_faker",
    "time" : {
      "start" : 1695515982889,
      "stop" : 1695515982964,
      "duration" : 75
    },
    "status" : "passed",
    "steps" : [ ],
    "attachments" : [ ],
    "parameters" : [ ],
    "stepsCount" : 0,
    "attachmentsCount" : 0,
    "shouldDisplayMessage" : false,
    "hasContent" : false
  }, {
    "name" : "clear_allure_result_folder",
    "time" : {
      "start" : 1695515982964,
      "stop" : 1695515982965,
      "duration" : 1
    },
    "status" : "passed",
    "steps" : [ ],
    "attachments" : [ ],
    "parameters" : [ ],
    "stepsCount" : 0,
    "attachmentsCount" : 0,
    "shouldDisplayMessage" : false,
    "hasContent" : false
  } ],
  "testStage" : {
    "description" : "Check the \"Search\" field is activated and the drop-down list appears with various product",
    "status" : "broken",
    "statusMessage" : "selenium.common.exceptions.TimeoutException: Message:",
    "statusTrace" : "self = <test_header.TestHeader object at 0x7f9a4f382c90>\ndriver = <selenium.webdriver.chrome.webdriver.WebDriver (session=\"6c1711b9adfa38cbb0b7b1099193e992\")>\n\n    @allure.title('TC 01.02.02 functionality of the \"Search\" field')\n    def test_tc_01_02_02_functionality_of_the_search_field(self, driver):\n        \"\"\"Check the \"Search\" field is activated and the drop-down list appears with various product\"\"\"\n        page = HeaderPage(driver, MAIN_PAGE_URL)\n        page.open()\n>       dropdown_items = page.enter_search_field_and_get_dropdown()\n\ntests/test_header.py:110: \n_ _ _ _ _ _ _ _ _ _ _ _ _ _ _ _ _ _ _ _ _ _ _ _ _ _ _ _ _ _ _ _ _ _ _ _ _ _ _ _ \npages/header_page.py:67: in enter_search_field_and_get_dropdown\n    return self.elements_are_visible(self.header_locators.SEARCH_DROPDOWN)\npages/base_page.py:40: in elements_are_visible\n    return wait(self.driver, timeout).until(EC.visibility_of_all_elements_located(locator))\n_ _ _ _ _ _ _ _ _ _ _ _ _ _ _ _ _ _ _ _ _ _ _ _ _ _ _ _ _ _ _ _ _ _ _ _ _ _ _ _ \n\nself = <selenium.webdriver.support.wait.WebDriverWait (session=\"6c1711b9adfa38cbb0b7b1099193e992\")>\nmethod = <function visibility_of_all_elements_located.<locals>._predicate at 0x7f9a4fd5b1a0>\nmessage = ''\n\n    def until(self, method, message: str = \"\"):\n        \"\"\"Calls the method provided with the driver as an argument until the \\\n        return value does not evaluate to ``False``.\n    \n        :param method: callable(WebDriver)\n        :param message: optional message for :exc:`TimeoutException`\n        :returns: the result of the last call to `method`\n        :raises: :exc:`selenium.common.exceptions.TimeoutException` if timeout occurs\n        \"\"\"\n        screen = None\n        stacktrace = None\n    \n        end_time = time.monotonic() + self._timeout\n        while True:\n            try:\n                value = method(self._driver)\n                if value:\n                    return value\n            except self._ignored_exceptions as exc:\n                screen = getattr(exc, \"screen\", None)\n                stacktrace = getattr(exc, \"stacktrace\", None)\n            time.sleep(self._poll)\n            if time.monotonic() > end_time:\n                break\n>       raise TimeoutException(message, screen, stacktrace)\nE       selenium.common.exceptions.TimeoutException: Message:\n\n/opt/hostedtoolcache/Python/3.11.5/x64/lib/python3.11/site-packages/selenium/webdriver/support/wait.py:95: TimeoutException",
    "steps" : [ {
      "name" : "Open a browser",
      "time" : {
        "start" : 1695516491907,
        "stop" : 1695516492913,
        "duration" : 1006
      },
      "status" : "passed",
      "steps" : [ ],
      "attachments" : [ ],
      "parameters" : [ ],
      "stepsCount" : 0,
      "attachmentsCount" : 0,
      "shouldDisplayMessage" : false,
      "hasContent" : false
    }, {
      "name" : "Check the dropdown of the \"Search\" field",
      "time" : {
        "start" : 1695516492913,
        "stop" : 1695516503600,
        "duration" : 10687
      },
      "status" : "broken",
      "statusMessage" : "selenium.common.exceptions.TimeoutException: Message: \n\n",
      "statusTrace" : "  File \"/opt/hostedtoolcache/Python/3.11.5/x64/lib/python3.11/site-packages/allure_commons/_allure.py\", line 192, in impl\n    return func(*a, **kw)\n           ^^^^^^^^^^^^^^\n  File \"/home/runner/work/luma_project/luma_project/pages/header_page.py\", line 67, in enter_search_field_and_get_dropdown\n    return self.elements_are_visible(self.header_locators.SEARCH_DROPDOWN)\n           ^^^^^^^^^^^^^^^^^^^^^^^^^^^^^^^^^^^^^^^^^^^^^^^^^^^^^^^^^^^^^^^\n  File \"/opt/hostedtoolcache/Python/3.11.5/x64/lib/python3.11/site-packages/allure_commons/_allure.py\", line 192, in impl\n    return func(*a, **kw)\n           ^^^^^^^^^^^^^^\n  File \"/home/runner/work/luma_project/luma_project/pages/base_page.py\", line 40, in elements_are_visible\n    return wait(self.driver, timeout).until(EC.visibility_of_all_elements_located(locator))\n           ^^^^^^^^^^^^^^^^^^^^^^^^^^^^^^^^^^^^^^^^^^^^^^^^^^^^^^^^^^^^^^^^^^^^^^^^^^^^^^^^\n  File \"/opt/hostedtoolcache/Python/3.11.5/x64/lib/python3.11/site-packages/selenium/webdriver/support/wait.py\", line 95, in until\n    raise TimeoutException(message, screen, stacktrace)\n",
      "steps" : [ {
        "name" : "Click on element and return it",
        "time" : {
          "start" : 1695516492913,
          "stop" : 1695516493016,
          "duration" : 103
        },
        "status" : "passed",
        "steps" : [ {
          "name" : "Find a visible element",
          "time" : {
            "start" : 1695516492913,
            "stop" : 1695516492963,
            "duration" : 50
          },
          "status" : "passed",
          "steps" : [ {
            "name" : "Find a present element",
            "time" : {
              "start" : 1695516492913,
              "stop" : 1695516492927,
              "duration" : 14
            },
            "status" : "passed",
            "steps" : [ ],
            "attachments" : [ ],
            "parameters" : [ {
              "name" : "locator",
              "value" : "('xpath', \"//input[@id='search']\")"
            }, {
              "name" : "timeout",
              "value" : "5"
            } ],
            "stepsCount" : 0,
            "attachmentsCount" : 0,
            "shouldDisplayMessage" : false,
            "hasContent" : true
          }, {
            "name" : "Go to specified element",
            "time" : {
              "start" : 1695516492927,
              "stop" : 1695516492935,
              "duration" : 8
            },
            "status" : "passed",
            "steps" : [ ],
            "attachments" : [ ],
            "parameters" : [ {
              "name" : "element",
              "value" : "<selenium.webdriver.remote.webelement.WebElement (session=\"6c1711b9adfa38cbb0b7b1099193e992\", element=\"2CC79B0CA90A75C8375A72CA60C555C6_element_7\")>"
            } ],
            "stepsCount" : 0,
            "attachmentsCount" : 0,
            "shouldDisplayMessage" : false,
            "hasContent" : true
          } ],
          "attachments" : [ ],
          "parameters" : [ {
            "name" : "locator",
            "value" : "('xpath', \"//input[@id='search']\")"
          }, {
            "name" : "timeout",
            "value" : "10"
          } ],
          "stepsCount" : 2,
          "attachmentsCount" : 0,
          "shouldDisplayMessage" : false,
          "hasContent" : true
        } ],
        "attachments" : [ ],
        "parameters" : [ {
          "name" : "locator",
          "value" : "('xpath', \"//input[@id='search']\")"
        }, {
          "name" : "seconds",
          "value" : "15"
        } ],
        "stepsCount" : 3,
        "attachmentsCount" : 0,
        "shouldDisplayMessage" : false,
        "hasContent" : true
      }, {
        "name" : "Find visible elements",
        "time" : {
          "start" : 1695516493130,
          "stop" : 1695516503599,
          "duration" : 10469
        },
        "status" : "broken",
        "statusMessage" : "selenium.common.exceptions.TimeoutException: Message: \n\n",
        "statusTrace" : "  File \"/opt/hostedtoolcache/Python/3.11.5/x64/lib/python3.11/site-packages/allure_commons/_allure.py\", line 192, in impl\n    return func(*a, **kw)\n           ^^^^^^^^^^^^^^\n  File \"/home/runner/work/luma_project/luma_project/pages/base_page.py\", line 40, in elements_are_visible\n    return wait(self.driver, timeout).until(EC.visibility_of_all_elements_located(locator))\n           ^^^^^^^^^^^^^^^^^^^^^^^^^^^^^^^^^^^^^^^^^^^^^^^^^^^^^^^^^^^^^^^^^^^^^^^^^^^^^^^^\n  File \"/opt/hostedtoolcache/Python/3.11.5/x64/lib/python3.11/site-packages/selenium/webdriver/support/wait.py\", line 95, in until\n    raise TimeoutException(message, screen, stacktrace)\n",
        "steps" : [ ],
        "attachments" : [ ],
        "parameters" : [ {
          "name" : "locator",
          "value" : "('xpath', \"//*[@id='search_autocomplete']\")"
        }, {
          "name" : "timeout",
          "value" : "10"
        } ],
        "stepsCount" : 0,
        "attachmentsCount" : 0,
        "shouldDisplayMessage" : true,
        "hasContent" : true
      } ],
      "attachments" : [ ],
      "parameters" : [ ],
      "stepsCount" : 5,
      "attachmentsCount" : 0,
      "shouldDisplayMessage" : false,
      "hasContent" : true
    } ],
    "attachments" : [ {
      "uid" : "a29de24f2f19d5ec",
      "name" : "Screenshot",
      "source" : "a29de24f2f19d5ec.png",
      "type" : "image/png",
      "size" : 711842
    }, {
      "uid" : "35f5d6823d26eac6",
      "name" : "HTML source",
      "source" : "35f5d6823d26eac6.html",
      "type" : "text/html",
      "size" : 116271
    } ],
    "parameters" : [ ],
    "stepsCount" : 7,
    "attachmentsCount" : 2,
    "shouldDisplayMessage" : true,
    "hasContent" : true
  },
  "afterStages" : [ {
    "name" : "driver::0",
    "time" : {
      "start" : 1695516504032,
      "stop" : 1695516504098,
      "duration" : 66
    },
    "status" : "passed",
    "steps" : [ ],
    "attachments" : [ ],
    "parameters" : [ ],
    "stepsCount" : 0,
    "attachmentsCount" : 0,
    "shouldDisplayMessage" : false,
    "hasContent" : false
  }, {
    "name" : "clear_allure_result_folder::0",
    "time" : {
      "start" : 1695517631857,
      "stop" : 1695517631857,
      "duration" : 0
    },
    "status" : "passed",
    "steps" : [ ],
    "attachments" : [ ],
    "parameters" : [ ],
    "stepsCount" : 0,
    "attachmentsCount" : 0,
    "shouldDisplayMessage" : false,
    "hasContent" : false
  } ],
  "labels" : [ {
    "name" : "epic",
    "value" : "Test Header"
  }, {
    "name" : "parentSuite",
    "value" : "tests"
  }, {
    "name" : "suite",
    "value" : "test_header"
  }, {
    "name" : "subSuite",
    "value" : "TestHeader"
  }, {
    "name" : "host",
    "value" : "fv-az812-630"
  }, {
    "name" : "thread",
    "value" : "2998-MainThread"
  }, {
    "name" : "framework",
    "value" : "pytest"
  }, {
    "name" : "language",
    "value" : "cpython3"
  }, {
    "name" : "package",
    "value" : "tests.test_header"
  }, {
    "name" : "resultFormat",
    "value" : "allure2"
  } ],
  "parameters" : [ ],
  "links" : [ ],
  "hidden" : false,
  "retry" : false,
  "extra" : {
    "severity" : "normal",
    "retries" : [ ],
    "categories" : [ {
      "name" : "Test defects",
      "matchedStatuses" : [ ],
      "flaky" : false
    } ],
    "tags" : [ ]
  },
  "source" : "88af8611bc5455cd.json",
  "parameterValues" : [ ]
}