{
  "uid" : "8d78a2212dbb1745",
  "name" : "TC 17.01.15 Verify Reload captcha button is clickable",
  "fullName" : "tests.test_forgot_your_password.TestForgotYourPassword#test_17_01_15_reload_captcha_is_clickable",
  "historyId" : "af56a4cf8ff8e384f30c040fdea3566a",
  "time" : {
    "start" : 1693701912282,
    "stop" : 1693701917403,
    "duration" : 5121
  },
  "description" : "Check that the 'Reload captcha' button is clickable",
  "descriptionHtml" : "<p>Check that the 'Reload captcha' button is clickable</p>\n",
  "status" : "broken",
  "statusMessage" : "selenium.common.exceptions.TimeoutException: Message: \nStacktrace:\n#0 0x55b91a7b0e23 <unknown>\n#1 0x55b91a4d97a7 <unknown>\n#2 0x55b91a5181d3 <unknown>\n#3 0x55b91a5182c1 <unknown>\n#4 0x55b91a553a04 <unknown>\n#5 0x55b91a53903d <unknown>\n#6 0x55b91a551369 <unknown>\n#7 0x55b91a538de3 <unknown>\n#8 0x55b91a50ca7b <unknown>\n#9 0x55b91a50d81e <unknown>\n#10 0x55b91a772638 <unknown>\n#11 0x55b91a776507 <unknown>\n#12 0x55b91a780c4c <unknown>\n#13 0x55b91a777136 <unknown>\n#14 0x55b91a7459cf <unknown>\n#15 0x55b91a79ab98 <unknown>\n#16 0x55b91a79ad68 <unknown>\n#17 0x55b91a7a9cb3 <unknown>\n#18 0x7f8d57382b43 <unknown>",
  "statusTrace" : "self = <test_forgot_your_password.TestForgotYourPassword object at 0x7fb620dc1dd0>\ndriver = <selenium.webdriver.chrome.webdriver.WebDriver (session=\"69f1e28ee4ea2f6828c76f9a811f7285\")>\nforgot_psw_page = <pages.forgot_your_password_page.ForgotYourPasswordPage object at 0x7fb620a99c90>\n\n    @allure.title('TC 17.01.15 Verify Reload captcha button is clickable')\n    def test_17_01_15_reload_captcha_is_clickable(self, driver, forgot_psw_page):\n        \"\"\"Check that the 'Reload captcha' button is clickable\"\"\"\n>       reload_captcha_button = forgot_psw_page.check_reload_captcha_button_is_clickable()\n\ntests/test_forgot_your_password.py:134: \n_ _ _ _ _ _ _ _ _ _ _ _ _ _ _ _ _ _ _ _ _ _ _ _ _ _ _ _ _ _ _ _ _ _ _ _ _ _ _ _ \npages/forgot_your_password_page.py:99: in check_reload_captcha_button_is_clickable\n    return self.element_is_clickable(self.locators.RELOAD_CAPTCHA_BUTTON)\npages/base_page.py:80: in element_is_clickable\n    return wait(self.driver, timeout).until(EC.element_to_be_clickable(locator))\n_ _ _ _ _ _ _ _ _ _ _ _ _ _ _ _ _ _ _ _ _ _ _ _ _ _ _ _ _ _ _ _ _ _ _ _ _ _ _ _ \n\nself = <selenium.webdriver.support.wait.WebDriverWait (session=\"69f1e28ee4ea2f6828c76f9a811f7285\")>\nmethod = <function element_to_be_clickable.<locals>._predicate at 0x7fb6205ae160>\nmessage = ''\n\n    def until(self, method, message: str = \"\"):\n        \"\"\"Calls the method provided with the driver as an argument until the \\\n        return value does not evaluate to ``False``.\n    \n        :param method: callable(WebDriver)\n        :param message: optional message for :exc:`TimeoutException`\n        :returns: the result of the last call to `method`\n        :raises: :exc:`selenium.common.exceptions.TimeoutException` if timeout occurs\n        \"\"\"\n        screen = None\n        stacktrace = None\n    \n        end_time = time.monotonic() + self._timeout\n        while True:\n            try:\n                value = method(self._driver)\n                if value:\n                    return value\n            except self._ignored_exceptions as exc:\n                screen = getattr(exc, \"screen\", None)\n                stacktrace = getattr(exc, \"stacktrace\", None)\n            time.sleep(self._poll)\n            if time.monotonic() > end_time:\n                break\n>       raise TimeoutException(message, screen, stacktrace)\nE       selenium.common.exceptions.TimeoutException: Message: \nE       Stacktrace:\nE       #0 0x55b91a7b0e23 <unknown>\nE       #1 0x55b91a4d97a7 <unknown>\nE       #2 0x55b91a5181d3 <unknown>\nE       #3 0x55b91a5182c1 <unknown>\nE       #4 0x55b91a553a04 <unknown>\nE       #5 0x55b91a53903d <unknown>\nE       #6 0x55b91a551369 <unknown>\nE       #7 0x55b91a538de3 <unknown>\nE       #8 0x55b91a50ca7b <unknown>\nE       #9 0x55b91a50d81e <unknown>\nE       #10 0x55b91a772638 <unknown>\nE       #11 0x55b91a776507 <unknown>\nE       #12 0x55b91a780c4c <unknown>\nE       #13 0x55b91a777136 <unknown>\nE       #14 0x55b91a7459cf <unknown>\nE       #15 0x55b91a79ab98 <unknown>\nE       #16 0x55b91a79ad68 <unknown>\nE       #17 0x55b91a7a9cb3 <unknown>\nE       #18 0x7f8d57382b43 <unknown>\n\n/opt/hostedtoolcache/Python/3.11.4/x64/lib/python3.11/site-packages/selenium/webdriver/support/wait.py:95: TimeoutException",
  "flaky" : false,
  "newFailed" : false,
  "beforeStages" : [ {
    "name" : "_session_faker",
    "time" : {
      "start" : 1693701529698,
      "stop" : 1693701529791,
      "duration" : 93
    },
    "status" : "passed",
    "steps" : [ ],
    "attachments" : [ ],
    "parameters" : [ ],
    "stepsCount" : 0,
    "attachmentsCount" : 0,
    "shouldDisplayMessage" : false,
    "hasContent" : false
  }, {
    "name" : "driver",
    "time" : {
      "start" : 1693701910175,
      "stop" : 1693701911197,
      "duration" : 1022
    },
    "status" : "passed",
    "steps" : [ ],
    "attachments" : [ ],
    "parameters" : [ ],
    "stepsCount" : 0,
    "attachmentsCount" : 0,
    "shouldDisplayMessage" : false,
    "hasContent" : false
  }, {
    "name" : "clear_allure_result_folder",
    "time" : {
      "start" : 1693701529791,
      "stop" : 1693701529792,
      "duration" : 1
    },
    "status" : "passed",
    "steps" : [ ],
    "attachments" : [ ],
    "parameters" : [ ],
    "stepsCount" : 0,
    "attachmentsCount" : 0,
    "shouldDisplayMessage" : false,
    "hasContent" : false
  }, {
    "name" : "forgot_psw_page",
    "time" : {
      "start" : 1693701911197,
      "stop" : 1693701912282,
      "duration" : 1085
    },
    "status" : "passed",
    "steps" : [ {
      "name" : "Open a browser",
      "time" : {
        "start" : 1693701911197,
        "stop" : 1693701912282,
        "duration" : 1085
      },
      "status" : "passed",
      "steps" : [ ],
      "attachments" : [ ],
      "parameters" : [ ],
      "stepsCount" : 0,
      "attachmentsCount" : 0,
      "shouldDisplayMessage" : false,
      "hasContent" : false
    } ],
    "attachments" : [ ],
    "parameters" : [ ],
    "stepsCount" : 1,
    "attachmentsCount" : 0,
    "shouldDisplayMessage" : false,
    "hasContent" : true
  } ],
  "testStage" : {
    "description" : "Check that the 'Reload captcha' button is clickable",
    "status" : "broken",
    "statusMessage" : "selenium.common.exceptions.TimeoutException: Message: \nStacktrace:\n#0 0x55b91a7b0e23 <unknown>\n#1 0x55b91a4d97a7 <unknown>\n#2 0x55b91a5181d3 <unknown>\n#3 0x55b91a5182c1 <unknown>\n#4 0x55b91a553a04 <unknown>\n#5 0x55b91a53903d <unknown>\n#6 0x55b91a551369 <unknown>\n#7 0x55b91a538de3 <unknown>\n#8 0x55b91a50ca7b <unknown>\n#9 0x55b91a50d81e <unknown>\n#10 0x55b91a772638 <unknown>\n#11 0x55b91a776507 <unknown>\n#12 0x55b91a780c4c <unknown>\n#13 0x55b91a777136 <unknown>\n#14 0x55b91a7459cf <unknown>\n#15 0x55b91a79ab98 <unknown>\n#16 0x55b91a79ad68 <unknown>\n#17 0x55b91a7a9cb3 <unknown>\n#18 0x7f8d57382b43 <unknown>",
    "statusTrace" : "self = <test_forgot_your_password.TestForgotYourPassword object at 0x7fb620dc1dd0>\ndriver = <selenium.webdriver.chrome.webdriver.WebDriver (session=\"69f1e28ee4ea2f6828c76f9a811f7285\")>\nforgot_psw_page = <pages.forgot_your_password_page.ForgotYourPasswordPage object at 0x7fb620a99c90>\n\n    @allure.title('TC 17.01.15 Verify Reload captcha button is clickable')\n    def test_17_01_15_reload_captcha_is_clickable(self, driver, forgot_psw_page):\n        \"\"\"Check that the 'Reload captcha' button is clickable\"\"\"\n>       reload_captcha_button = forgot_psw_page.check_reload_captcha_button_is_clickable()\n\ntests/test_forgot_your_password.py:134: \n_ _ _ _ _ _ _ _ _ _ _ _ _ _ _ _ _ _ _ _ _ _ _ _ _ _ _ _ _ _ _ _ _ _ _ _ _ _ _ _ \npages/forgot_your_password_page.py:99: in check_reload_captcha_button_is_clickable\n    return self.element_is_clickable(self.locators.RELOAD_CAPTCHA_BUTTON)\npages/base_page.py:80: in element_is_clickable\n    return wait(self.driver, timeout).until(EC.element_to_be_clickable(locator))\n_ _ _ _ _ _ _ _ _ _ _ _ _ _ _ _ _ _ _ _ _ _ _ _ _ _ _ _ _ _ _ _ _ _ _ _ _ _ _ _ \n\nself = <selenium.webdriver.support.wait.WebDriverWait (session=\"69f1e28ee4ea2f6828c76f9a811f7285\")>\nmethod = <function element_to_be_clickable.<locals>._predicate at 0x7fb6205ae160>\nmessage = ''\n\n    def until(self, method, message: str = \"\"):\n        \"\"\"Calls the method provided with the driver as an argument until the \\\n        return value does not evaluate to ``False``.\n    \n        :param method: callable(WebDriver)\n        :param message: optional message for :exc:`TimeoutException`\n        :returns: the result of the last call to `method`\n        :raises: :exc:`selenium.common.exceptions.TimeoutException` if timeout occurs\n        \"\"\"\n        screen = None\n        stacktrace = None\n    \n        end_time = time.monotonic() + self._timeout\n        while True:\n            try:\n                value = method(self._driver)\n                if value:\n                    return value\n            except self._ignored_exceptions as exc:\n                screen = getattr(exc, \"screen\", None)\n                stacktrace = getattr(exc, \"stacktrace\", None)\n            time.sleep(self._poll)\n            if time.monotonic() > end_time:\n                break\n>       raise TimeoutException(message, screen, stacktrace)\nE       selenium.common.exceptions.TimeoutException: Message: \nE       Stacktrace:\nE       #0 0x55b91a7b0e23 <unknown>\nE       #1 0x55b91a4d97a7 <unknown>\nE       #2 0x55b91a5181d3 <unknown>\nE       #3 0x55b91a5182c1 <unknown>\nE       #4 0x55b91a553a04 <unknown>\nE       #5 0x55b91a53903d <unknown>\nE       #6 0x55b91a551369 <unknown>\nE       #7 0x55b91a538de3 <unknown>\nE       #8 0x55b91a50ca7b <unknown>\nE       #9 0x55b91a50d81e <unknown>\nE       #10 0x55b91a772638 <unknown>\nE       #11 0x55b91a776507 <unknown>\nE       #12 0x55b91a780c4c <unknown>\nE       #13 0x55b91a777136 <unknown>\nE       #14 0x55b91a7459cf <unknown>\nE       #15 0x55b91a79ab98 <unknown>\nE       #16 0x55b91a79ad68 <unknown>\nE       #17 0x55b91a7a9cb3 <unknown>\nE       #18 0x7f8d57382b43 <unknown>\n\n/opt/hostedtoolcache/Python/3.11.4/x64/lib/python3.11/site-packages/selenium/webdriver/support/wait.py:95: TimeoutException",
    "steps" : [ {
      "name" : "Check Reload captcha button is clickable",
      "time" : {
        "start" : 1693701912283,
        "stop" : 1693701917403,
        "duration" : 5120
      },
      "status" : "broken",
      "statusMessage" : "selenium.common.exceptions.TimeoutException: Message: \nStacktrace:\n#0 0x55b91a7b0e23 <unknown>\n#1 0x55b91a4d97a7 <unknown>\n#2 0x55b91a5181d3 <unknown>\n#3 0x55b91a5182c1 <unknown>\n#4 0x55b91a553a04 <unknown>\n#5 0x55b91a53903d <unknown>\n#6 0x55b91a551369 <unknown>\n#7 0x55b91a538de3 <unknown>\n#8 0x55b91a50ca7b <unknown>\n#9 0x55b91a50d81e <unknown>\n#10 0x55b91a772638 <unknown>\n#11 0x55b91a776507 <unknown>\n#12 0x55b91a780c4c <unknown>\n#13 0x55b91a777136 <unknown>\n#14 0x55b91a7459cf <unknown>\n#15 0x55b91a79ab98 <unknown>\n#16 0x55b91a79ad68 <unknown>\n#17 0x55b91a7a9cb3 <unknown>\n#18 0x7f8d57382b43 <unknown>\n\n",
      "statusTrace" : "  File \"/opt/hostedtoolcache/Python/3.11.4/x64/lib/python3.11/site-packages/allure_commons/_allure.py\", line 192, in impl\n    return func(*a, **kw)\n           ^^^^^^^^^^^^^^\n  File \"/home/runner/work/luma_project/luma_project/pages/forgot_your_password_page.py\", line 99, in check_reload_captcha_button_is_clickable\n    return self.element_is_clickable(self.locators.RELOAD_CAPTCHA_BUTTON)\n           ^^^^^^^^^^^^^^^^^^^^^^^^^^^^^^^^^^^^^^^^^^^^^^^^^^^^^^^^^^^^^^\n  File \"/opt/hostedtoolcache/Python/3.11.4/x64/lib/python3.11/site-packages/allure_commons/_allure.py\", line 192, in impl\n    return func(*a, **kw)\n           ^^^^^^^^^^^^^^\n  File \"/home/runner/work/luma_project/luma_project/pages/base_page.py\", line 80, in element_is_clickable\n    return wait(self.driver, timeout).until(EC.element_to_be_clickable(locator))\n           ^^^^^^^^^^^^^^^^^^^^^^^^^^^^^^^^^^^^^^^^^^^^^^^^^^^^^^^^^^^^^^^^^^^^^\n  File \"/opt/hostedtoolcache/Python/3.11.4/x64/lib/python3.11/site-packages/selenium/webdriver/support/wait.py\", line 95, in until\n    raise TimeoutException(message, screen, stacktrace)\n",
      "steps" : [ {
        "name" : "Find clickable elements",
        "time" : {
          "start" : 1693701912283,
          "stop" : 1693701917402,
          "duration" : 5119
        },
        "status" : "broken",
        "statusMessage" : "selenium.common.exceptions.TimeoutException: Message: \nStacktrace:\n#0 0x55b91a7b0e23 <unknown>\n#1 0x55b91a4d97a7 <unknown>\n#2 0x55b91a5181d3 <unknown>\n#3 0x55b91a5182c1 <unknown>\n#4 0x55b91a553a04 <unknown>\n#5 0x55b91a53903d <unknown>\n#6 0x55b91a551369 <unknown>\n#7 0x55b91a538de3 <unknown>\n#8 0x55b91a50ca7b <unknown>\n#9 0x55b91a50d81e <unknown>\n#10 0x55b91a772638 <unknown>\n#11 0x55b91a776507 <unknown>\n#12 0x55b91a780c4c <unknown>\n#13 0x55b91a777136 <unknown>\n#14 0x55b91a7459cf <unknown>\n#15 0x55b91a79ab98 <unknown>\n#16 0x55b91a79ad68 <unknown>\n#17 0x55b91a7a9cb3 <unknown>\n#18 0x7f8d57382b43 <unknown>\n\n",
        "statusTrace" : "  File \"/opt/hostedtoolcache/Python/3.11.4/x64/lib/python3.11/site-packages/allure_commons/_allure.py\", line 192, in impl\n    return func(*a, **kw)\n           ^^^^^^^^^^^^^^\n  File \"/home/runner/work/luma_project/luma_project/pages/base_page.py\", line 80, in element_is_clickable\n    return wait(self.driver, timeout).until(EC.element_to_be_clickable(locator))\n           ^^^^^^^^^^^^^^^^^^^^^^^^^^^^^^^^^^^^^^^^^^^^^^^^^^^^^^^^^^^^^^^^^^^^^\n  File \"/opt/hostedtoolcache/Python/3.11.4/x64/lib/python3.11/site-packages/selenium/webdriver/support/wait.py\", line 95, in until\n    raise TimeoutException(message, screen, stacktrace)\n",
        "steps" : [ ],
        "attachments" : [ ],
        "parameters" : [ {
          "name" : "locator",
          "value" : "('css selector', 'button[title = \"Reload captcha\"]')"
        }, {
          "name" : "timeout",
          "value" : "5"
        } ],
        "stepsCount" : 0,
        "attachmentsCount" : 0,
        "shouldDisplayMessage" : true,
        "hasContent" : true
      } ],
      "attachments" : [ ],
      "parameters" : [ ],
      "stepsCount" : 1,
      "attachmentsCount" : 0,
      "shouldDisplayMessage" : false,
      "hasContent" : true
    } ],
    "attachments" : [ {
      "uid" : "9341cdcde3752ebd",
      "name" : "Screenshot",
      "source" : "9341cdcde3752ebd.png",
      "type" : "image/png",
      "size" : 65941
    }, {
      "uid" : "75dd551da542d67d",
      "name" : "HTML source",
      "source" : "75dd551da542d67d.html",
      "type" : "text/html",
      "size" : 77958
    } ],
    "parameters" : [ ],
    "stepsCount" : 2,
    "attachmentsCount" : 2,
    "shouldDisplayMessage" : true,
    "hasContent" : true
  },
  "afterStages" : [ {
    "name" : "driver::0",
    "time" : {
      "start" : 1693701917576,
      "stop" : 1693701917647,
      "duration" : 71
    },
    "status" : "passed",
    "steps" : [ ],
    "attachments" : [ ],
    "parameters" : [ ],
    "stepsCount" : 0,
    "attachmentsCount" : 0,
    "shouldDisplayMessage" : false,
    "hasContent" : false
  }, {
    "name" : "clear_allure_result_folder::0",
    "time" : {
      "start" : 1693703036260,
      "stop" : 1693703036260,
      "duration" : 0
    },
    "status" : "passed",
    "steps" : [ ],
    "attachments" : [ ],
    "parameters" : [ ],
    "stepsCount" : 0,
    "attachmentsCount" : 0,
    "shouldDisplayMessage" : false,
    "hasContent" : false
  } ],
  "labels" : [ {
    "name" : "epic",
    "value" : "Forgot Your Password Page"
  }, {
    "name" : "parentSuite",
    "value" : "tests"
  }, {
    "name" : "suite",
    "value" : "test_forgot_your_password"
  }, {
    "name" : "subSuite",
    "value" : "TestForgotYourPassword"
  }, {
    "name" : "host",
    "value" : "fv-az448-717"
  }, {
    "name" : "thread",
    "value" : "2920-MainThread"
  }, {
    "name" : "framework",
    "value" : "pytest"
  }, {
    "name" : "language",
    "value" : "cpython3"
  }, {
    "name" : "package",
    "value" : "tests.test_forgot_your_password"
  }, {
    "name" : "resultFormat",
    "value" : "allure2"
  } ],
  "parameters" : [ ],
  "links" : [ ],
  "hidden" : false,
  "retry" : false,
  "extra" : {
    "severity" : "normal",
    "retries" : [ ],
    "categories" : [ {
      "name" : "Test defects",
      "matchedStatuses" : [ ],
      "flaky" : false
    } ],
    "tags" : [ ]
  },
  "source" : "8d78a2212dbb1745.json",
  "parameterValues" : [ ]
}