{
  "uid" : "92ba5660a46e1965",
  "name" : "TC 04_01_09 Verify checkbox is present and unchecked",
  "fullName" : "tests.test_create_an_account.TestCreateAnAccount#test_04_01_09_sign_up_for_letters_checkbox",
  "historyId" : "642467d3c5da0c3e31a9a245e10a30c4",
  "time" : {
    "start" : 1692491955455,
    "stop" : 1692491960597,
    "duration" : 5142
  },
  "description" : " Verify that checkbox is present and unchecked",
  "descriptionHtml" : "<p>Verify that checkbox is present and unchecked</p>\n",
  "status" : "broken",
  "statusMessage" : "selenium.common.exceptions.TimeoutException: Message: \nStacktrace:\n#0 0x55c13ff3d613 <unknown>\n#1 0x55c13fc69537 <unknown>\n#2 0x55c13fca7f53 <unknown>\n#3 0x55c13fca8041 <unknown>\n#4 0x55c13fce32a4 <unknown>\n#5 0x55c13fcc8a5d <unknown>\n#6 0x55c13fce0d09 <unknown>\n#7 0x55c13fcc8803 <unknown>\n#8 0x55c13fc9c68b <unknown>\n#9 0x55c13fc9d42e <unknown>\n#10 0x55c13fefec28 <unknown>\n#11 0x55c13ff02af7 <unknown>\n#12 0x55c13ff0d01c <unknown>\n#13 0x55c13ff03723 <unknown>\n#14 0x55c13fed2457 <unknown>\n#15 0x55c13ff27628 <unknown>\n#16 0x55c13ff277b7 <unknown>\n#17 0x55c13ff36483 <unknown>\n#18 0x7ff6a69b8b43 <unknown>",
  "statusTrace" : "self = <test_create_an_account.TestCreateAnAccount object at 0x7fd3cec4a150>\ncreate_account_page = <pages.create_an_account_page.CreateAccountPage object at 0x7fd3cfb9ca50>\n\n    @allure.title('TC 04_01_09 Verify checkbox is present and unchecked')\n    def test_04_01_09_sign_up_for_letters_checkbox(self, create_account_page):\n        \"\"\" Verify that checkbox is present and unchecked\"\"\"\n>       sign_up_checkbox = create_account_page.check_sign_up_checkbox_label()\n\ntests/test_create_an_account.py:79: \n_ _ _ _ _ _ _ _ _ _ _ _ _ _ _ _ _ _ _ _ _ _ _ _ _ _ _ _ _ _ _ _ _ _ _ _ _ _ _ _ \npages/create_an_account_page.py:224: in check_sign_up_checkbox_label\n    return self.element_is_visible(self.locators.SIGN_UP_CHECKBOX_LABEL)\npages/base_page.py:29: in element_is_visible\n    self.go_to_element(self.element_is_present(locator))\npages/base_page.py:50: in element_is_present\n    return wait(self.driver, timeout).until(EC.presence_of_element_located(locator))\n_ _ _ _ _ _ _ _ _ _ _ _ _ _ _ _ _ _ _ _ _ _ _ _ _ _ _ _ _ _ _ _ _ _ _ _ _ _ _ _ \n\nself = <selenium.webdriver.support.wait.WebDriverWait (session=\"ffd0a84c170c23c0b527113fcfbb64f6\")>\nmethod = <function presence_of_element_located.<locals>._predicate at 0x7fd3cd9a5a80>\nmessage = ''\n\n    def until(self, method, message: str = \"\"):\n        \"\"\"Calls the method provided with the driver as an argument until the \\\n        return value does not evaluate to ``False``.\n    \n        :param method: callable(WebDriver)\n        :param message: optional message for :exc:`TimeoutException`\n        :returns: the result of the last call to `method`\n        :raises: :exc:`selenium.common.exceptions.TimeoutException` if timeout occurs\n        \"\"\"\n        screen = None\n        stacktrace = None\n    \n        end_time = time.monotonic() + self._timeout\n        while True:\n            try:\n                value = method(self._driver)\n                if value:\n                    return value\n            except self._ignored_exceptions as exc:\n                screen = getattr(exc, \"screen\", None)\n                stacktrace = getattr(exc, \"stacktrace\", None)\n            time.sleep(self._poll)\n            if time.monotonic() > end_time:\n                break\n>       raise TimeoutException(message, screen, stacktrace)\nE       selenium.common.exceptions.TimeoutException: Message: \nE       Stacktrace:\nE       #0 0x55c13ff3d613 <unknown>\nE       #1 0x55c13fc69537 <unknown>\nE       #2 0x55c13fca7f53 <unknown>\nE       #3 0x55c13fca8041 <unknown>\nE       #4 0x55c13fce32a4 <unknown>\nE       #5 0x55c13fcc8a5d <unknown>\nE       #6 0x55c13fce0d09 <unknown>\nE       #7 0x55c13fcc8803 <unknown>\nE       #8 0x55c13fc9c68b <unknown>\nE       #9 0x55c13fc9d42e <unknown>\nE       #10 0x55c13fefec28 <unknown>\nE       #11 0x55c13ff02af7 <unknown>\nE       #12 0x55c13ff0d01c <unknown>\nE       #13 0x55c13ff03723 <unknown>\nE       #14 0x55c13fed2457 <unknown>\nE       #15 0x55c13ff27628 <unknown>\nE       #16 0x55c13ff277b7 <unknown>\nE       #17 0x55c13ff36483 <unknown>\nE       #18 0x7ff6a69b8b43 <unknown>\n\n/opt/hostedtoolcache/Python/3.11.4/x64/lib/python3.11/site-packages/selenium/webdriver/support/wait.py:95: TimeoutException",
  "flaky" : false,
  "newFailed" : false,
  "beforeStages" : [ {
    "name" : "clear_allure_result_folder",
    "time" : {
      "start" : 1692491878626,
      "stop" : 1692491878626,
      "duration" : 0
    },
    "status" : "passed",
    "steps" : [ ],
    "attachments" : [ ],
    "parameters" : [ ],
    "stepsCount" : 0,
    "attachmentsCount" : 0,
    "shouldDisplayMessage" : false,
    "hasContent" : false
  }, {
    "name" : "driver",
    "time" : {
      "start" : 1692491953227,
      "stop" : 1692491954352,
      "duration" : 1125
    },
    "status" : "passed",
    "steps" : [ ],
    "attachments" : [ ],
    "parameters" : [ ],
    "stepsCount" : 0,
    "attachmentsCount" : 0,
    "shouldDisplayMessage" : false,
    "hasContent" : false
  }, {
    "name" : "create_account_page",
    "time" : {
      "start" : 1692491954352,
      "stop" : 1692491955454,
      "duration" : 1102
    },
    "status" : "passed",
    "steps" : [ {
      "name" : "Open a browser",
      "time" : {
        "start" : 1692491954352,
        "stop" : 1692491955454,
        "duration" : 1102
      },
      "status" : "passed",
      "steps" : [ ],
      "attachments" : [ ],
      "parameters" : [ ],
      "stepsCount" : 0,
      "attachmentsCount" : 0,
      "shouldDisplayMessage" : false,
      "hasContent" : false
    } ],
    "attachments" : [ ],
    "parameters" : [ ],
    "stepsCount" : 1,
    "attachmentsCount" : 0,
    "shouldDisplayMessage" : false,
    "hasContent" : true
  }, {
    "name" : "_session_faker",
    "time" : {
      "start" : 1692491878520,
      "stop" : 1692491878626,
      "duration" : 106
    },
    "status" : "passed",
    "steps" : [ ],
    "attachments" : [ ],
    "parameters" : [ ],
    "stepsCount" : 0,
    "attachmentsCount" : 0,
    "shouldDisplayMessage" : false,
    "hasContent" : false
  } ],
  "testStage" : {
    "description" : " Verify that checkbox is present and unchecked",
    "status" : "broken",
    "statusMessage" : "selenium.common.exceptions.TimeoutException: Message: \nStacktrace:\n#0 0x55c13ff3d613 <unknown>\n#1 0x55c13fc69537 <unknown>\n#2 0x55c13fca7f53 <unknown>\n#3 0x55c13fca8041 <unknown>\n#4 0x55c13fce32a4 <unknown>\n#5 0x55c13fcc8a5d <unknown>\n#6 0x55c13fce0d09 <unknown>\n#7 0x55c13fcc8803 <unknown>\n#8 0x55c13fc9c68b <unknown>\n#9 0x55c13fc9d42e <unknown>\n#10 0x55c13fefec28 <unknown>\n#11 0x55c13ff02af7 <unknown>\n#12 0x55c13ff0d01c <unknown>\n#13 0x55c13ff03723 <unknown>\n#14 0x55c13fed2457 <unknown>\n#15 0x55c13ff27628 <unknown>\n#16 0x55c13ff277b7 <unknown>\n#17 0x55c13ff36483 <unknown>\n#18 0x7ff6a69b8b43 <unknown>",
    "statusTrace" : "self = <test_create_an_account.TestCreateAnAccount object at 0x7fd3cec4a150>\ncreate_account_page = <pages.create_an_account_page.CreateAccountPage object at 0x7fd3cfb9ca50>\n\n    @allure.title('TC 04_01_09 Verify checkbox is present and unchecked')\n    def test_04_01_09_sign_up_for_letters_checkbox(self, create_account_page):\n        \"\"\" Verify that checkbox is present and unchecked\"\"\"\n>       sign_up_checkbox = create_account_page.check_sign_up_checkbox_label()\n\ntests/test_create_an_account.py:79: \n_ _ _ _ _ _ _ _ _ _ _ _ _ _ _ _ _ _ _ _ _ _ _ _ _ _ _ _ _ _ _ _ _ _ _ _ _ _ _ _ \npages/create_an_account_page.py:224: in check_sign_up_checkbox_label\n    return self.element_is_visible(self.locators.SIGN_UP_CHECKBOX_LABEL)\npages/base_page.py:29: in element_is_visible\n    self.go_to_element(self.element_is_present(locator))\npages/base_page.py:50: in element_is_present\n    return wait(self.driver, timeout).until(EC.presence_of_element_located(locator))\n_ _ _ _ _ _ _ _ _ _ _ _ _ _ _ _ _ _ _ _ _ _ _ _ _ _ _ _ _ _ _ _ _ _ _ _ _ _ _ _ \n\nself = <selenium.webdriver.support.wait.WebDriverWait (session=\"ffd0a84c170c23c0b527113fcfbb64f6\")>\nmethod = <function presence_of_element_located.<locals>._predicate at 0x7fd3cd9a5a80>\nmessage = ''\n\n    def until(self, method, message: str = \"\"):\n        \"\"\"Calls the method provided with the driver as an argument until the \\\n        return value does not evaluate to ``False``.\n    \n        :param method: callable(WebDriver)\n        :param message: optional message for :exc:`TimeoutException`\n        :returns: the result of the last call to `method`\n        :raises: :exc:`selenium.common.exceptions.TimeoutException` if timeout occurs\n        \"\"\"\n        screen = None\n        stacktrace = None\n    \n        end_time = time.monotonic() + self._timeout\n        while True:\n            try:\n                value = method(self._driver)\n                if value:\n                    return value\n            except self._ignored_exceptions as exc:\n                screen = getattr(exc, \"screen\", None)\n                stacktrace = getattr(exc, \"stacktrace\", None)\n            time.sleep(self._poll)\n            if time.monotonic() > end_time:\n                break\n>       raise TimeoutException(message, screen, stacktrace)\nE       selenium.common.exceptions.TimeoutException: Message: \nE       Stacktrace:\nE       #0 0x55c13ff3d613 <unknown>\nE       #1 0x55c13fc69537 <unknown>\nE       #2 0x55c13fca7f53 <unknown>\nE       #3 0x55c13fca8041 <unknown>\nE       #4 0x55c13fce32a4 <unknown>\nE       #5 0x55c13fcc8a5d <unknown>\nE       #6 0x55c13fce0d09 <unknown>\nE       #7 0x55c13fcc8803 <unknown>\nE       #8 0x55c13fc9c68b <unknown>\nE       #9 0x55c13fc9d42e <unknown>\nE       #10 0x55c13fefec28 <unknown>\nE       #11 0x55c13ff02af7 <unknown>\nE       #12 0x55c13ff0d01c <unknown>\nE       #13 0x55c13ff03723 <unknown>\nE       #14 0x55c13fed2457 <unknown>\nE       #15 0x55c13ff27628 <unknown>\nE       #16 0x55c13ff277b7 <unknown>\nE       #17 0x55c13ff36483 <unknown>\nE       #18 0x7ff6a69b8b43 <unknown>\n\n/opt/hostedtoolcache/Python/3.11.4/x64/lib/python3.11/site-packages/selenium/webdriver/support/wait.py:95: TimeoutException",
    "steps" : [ {
      "name" : "Check Sign Up checkbox label is visible",
      "time" : {
        "start" : 1692491955455,
        "stop" : 1692491960596,
        "duration" : 5141
      },
      "status" : "broken",
      "statusMessage" : "selenium.common.exceptions.TimeoutException: Message: \nStacktrace:\n#0 0x55c13ff3d613 <unknown>\n#1 0x55c13fc69537 <unknown>\n#2 0x55c13fca7f53 <unknown>\n#3 0x55c13fca8041 <unknown>\n#4 0x55c13fce32a4 <unknown>\n#5 0x55c13fcc8a5d <unknown>\n#6 0x55c13fce0d09 <unknown>\n#7 0x55c13fcc8803 <unknown>\n#8 0x55c13fc9c68b <unknown>\n#9 0x55c13fc9d42e <unknown>\n#10 0x55c13fefec28 <unknown>\n#11 0x55c13ff02af7 <unknown>\n#12 0x55c13ff0d01c <unknown>\n#13 0x55c13ff03723 <unknown>\n#14 0x55c13fed2457 <unknown>\n#15 0x55c13ff27628 <unknown>\n#16 0x55c13ff277b7 <unknown>\n#17 0x55c13ff36483 <unknown>\n#18 0x7ff6a69b8b43 <unknown>\n\n",
      "statusTrace" : "  File \"/opt/hostedtoolcache/Python/3.11.4/x64/lib/python3.11/site-packages/allure_commons/_allure.py\", line 192, in impl\n    return func(*a, **kw)\n           ^^^^^^^^^^^^^^\n  File \"/home/runner/work/luma_project/luma_project/pages/create_an_account_page.py\", line 224, in check_sign_up_checkbox_label\n    return self.element_is_visible(self.locators.SIGN_UP_CHECKBOX_LABEL)\n           ^^^^^^^^^^^^^^^^^^^^^^^^^^^^^^^^^^^^^^^^^^^^^^^^^^^^^^^^^^^^^\n  File \"/opt/hostedtoolcache/Python/3.11.4/x64/lib/python3.11/site-packages/allure_commons/_allure.py\", line 192, in impl\n    return func(*a, **kw)\n           ^^^^^^^^^^^^^^\n  File \"/home/runner/work/luma_project/luma_project/pages/base_page.py\", line 29, in element_is_visible\n    self.go_to_element(self.element_is_present(locator))\n                       ^^^^^^^^^^^^^^^^^^^^^^^^^^^^^^^^\n  File \"/opt/hostedtoolcache/Python/3.11.4/x64/lib/python3.11/site-packages/allure_commons/_allure.py\", line 192, in impl\n    return func(*a, **kw)\n           ^^^^^^^^^^^^^^\n  File \"/home/runner/work/luma_project/luma_project/pages/base_page.py\", line 50, in element_is_present\n    return wait(self.driver, timeout).until(EC.presence_of_element_located(locator))\n           ^^^^^^^^^^^^^^^^^^^^^^^^^^^^^^^^^^^^^^^^^^^^^^^^^^^^^^^^^^^^^^^^^^^^^^^^^\n  File \"/opt/hostedtoolcache/Python/3.11.4/x64/lib/python3.11/site-packages/selenium/webdriver/support/wait.py\", line 95, in until\n    raise TimeoutException(message, screen, stacktrace)\n",
      "steps" : [ {
        "name" : "Find a visible element",
        "time" : {
          "start" : 1692491955455,
          "stop" : 1692491960596,
          "duration" : 5141
        },
        "status" : "broken",
        "statusMessage" : "selenium.common.exceptions.TimeoutException: Message: \nStacktrace:\n#0 0x55c13ff3d613 <unknown>\n#1 0x55c13fc69537 <unknown>\n#2 0x55c13fca7f53 <unknown>\n#3 0x55c13fca8041 <unknown>\n#4 0x55c13fce32a4 <unknown>\n#5 0x55c13fcc8a5d <unknown>\n#6 0x55c13fce0d09 <unknown>\n#7 0x55c13fcc8803 <unknown>\n#8 0x55c13fc9c68b <unknown>\n#9 0x55c13fc9d42e <unknown>\n#10 0x55c13fefec28 <unknown>\n#11 0x55c13ff02af7 <unknown>\n#12 0x55c13ff0d01c <unknown>\n#13 0x55c13ff03723 <unknown>\n#14 0x55c13fed2457 <unknown>\n#15 0x55c13ff27628 <unknown>\n#16 0x55c13ff277b7 <unknown>\n#17 0x55c13ff36483 <unknown>\n#18 0x7ff6a69b8b43 <unknown>\n\n",
        "statusTrace" : "  File \"/opt/hostedtoolcache/Python/3.11.4/x64/lib/python3.11/site-packages/allure_commons/_allure.py\", line 192, in impl\n    return func(*a, **kw)\n           ^^^^^^^^^^^^^^\n  File \"/home/runner/work/luma_project/luma_project/pages/base_page.py\", line 29, in element_is_visible\n    self.go_to_element(self.element_is_present(locator))\n                       ^^^^^^^^^^^^^^^^^^^^^^^^^^^^^^^^\n  File \"/opt/hostedtoolcache/Python/3.11.4/x64/lib/python3.11/site-packages/allure_commons/_allure.py\", line 192, in impl\n    return func(*a, **kw)\n           ^^^^^^^^^^^^^^\n  File \"/home/runner/work/luma_project/luma_project/pages/base_page.py\", line 50, in element_is_present\n    return wait(self.driver, timeout).until(EC.presence_of_element_located(locator))\n           ^^^^^^^^^^^^^^^^^^^^^^^^^^^^^^^^^^^^^^^^^^^^^^^^^^^^^^^^^^^^^^^^^^^^^^^^^\n  File \"/opt/hostedtoolcache/Python/3.11.4/x64/lib/python3.11/site-packages/selenium/webdriver/support/wait.py\", line 95, in until\n    raise TimeoutException(message, screen, stacktrace)\n",
        "steps" : [ {
          "name" : "Find a present element",
          "time" : {
            "start" : 1692491955455,
            "stop" : 1692491960595,
            "duration" : 5140
          },
          "status" : "broken",
          "statusMessage" : "selenium.common.exceptions.TimeoutException: Message: \nStacktrace:\n#0 0x55c13ff3d613 <unknown>\n#1 0x55c13fc69537 <unknown>\n#2 0x55c13fca7f53 <unknown>\n#3 0x55c13fca8041 <unknown>\n#4 0x55c13fce32a4 <unknown>\n#5 0x55c13fcc8a5d <unknown>\n#6 0x55c13fce0d09 <unknown>\n#7 0x55c13fcc8803 <unknown>\n#8 0x55c13fc9c68b <unknown>\n#9 0x55c13fc9d42e <unknown>\n#10 0x55c13fefec28 <unknown>\n#11 0x55c13ff02af7 <unknown>\n#12 0x55c13ff0d01c <unknown>\n#13 0x55c13ff03723 <unknown>\n#14 0x55c13fed2457 <unknown>\n#15 0x55c13ff27628 <unknown>\n#16 0x55c13ff277b7 <unknown>\n#17 0x55c13ff36483 <unknown>\n#18 0x7ff6a69b8b43 <unknown>\n\n",
          "statusTrace" : "  File \"/opt/hostedtoolcache/Python/3.11.4/x64/lib/python3.11/site-packages/allure_commons/_allure.py\", line 192, in impl\n    return func(*a, **kw)\n           ^^^^^^^^^^^^^^\n  File \"/home/runner/work/luma_project/luma_project/pages/base_page.py\", line 50, in element_is_present\n    return wait(self.driver, timeout).until(EC.presence_of_element_located(locator))\n           ^^^^^^^^^^^^^^^^^^^^^^^^^^^^^^^^^^^^^^^^^^^^^^^^^^^^^^^^^^^^^^^^^^^^^^^^^\n  File \"/opt/hostedtoolcache/Python/3.11.4/x64/lib/python3.11/site-packages/selenium/webdriver/support/wait.py\", line 95, in until\n    raise TimeoutException(message, screen, stacktrace)\n",
          "steps" : [ ],
          "attachments" : [ ],
          "parameters" : [ {
            "name" : "locator",
            "value" : "('css selector', \"label[for='is_subscribed']\")"
          }, {
            "name" : "timeout",
            "value" : "5"
          } ],
          "stepsCount" : 0,
          "attachmentsCount" : 0,
          "shouldDisplayMessage" : true,
          "hasContent" : true
        } ],
        "attachments" : [ ],
        "parameters" : [ {
          "name" : "locator",
          "value" : "('css selector', \"label[for='is_subscribed']\")"
        }, {
          "name" : "timeout",
          "value" : "10"
        } ],
        "stepsCount" : 1,
        "attachmentsCount" : 0,
        "shouldDisplayMessage" : false,
        "hasContent" : true
      } ],
      "attachments" : [ ],
      "parameters" : [ ],
      "stepsCount" : 2,
      "attachmentsCount" : 0,
      "shouldDisplayMessage" : false,
      "hasContent" : true
    } ],
    "attachments" : [ {
      "uid" : "ba601ec76e87d21d",
      "name" : "Screenshot",
      "source" : "ba601ec76e87d21d.png",
      "type" : "image/png",
      "size" : 61840
    }, {
      "uid" : "85ab4eb2151cc613",
      "name" : "HTML source",
      "source" : "85ab4eb2151cc613.html",
      "type" : "text/html",
      "size" : 81218
    } ],
    "parameters" : [ ],
    "stepsCount" : 3,
    "attachmentsCount" : 2,
    "shouldDisplayMessage" : true,
    "hasContent" : true
  },
  "afterStages" : [ {
    "name" : "clear_allure_result_folder::0",
    "time" : {
      "start" : 1692493453684,
      "stop" : 1692493453684,
      "duration" : 0
    },
    "status" : "passed",
    "steps" : [ ],
    "attachments" : [ ],
    "parameters" : [ ],
    "stepsCount" : 0,
    "attachmentsCount" : 0,
    "shouldDisplayMessage" : false,
    "hasContent" : false
  }, {
    "name" : "driver::0",
    "time" : {
      "start" : 1692491960854,
      "stop" : 1692491960924,
      "duration" : 70
    },
    "status" : "passed",
    "steps" : [ ],
    "attachments" : [ ],
    "parameters" : [ ],
    "stepsCount" : 0,
    "attachmentsCount" : 0,
    "shouldDisplayMessage" : false,
    "hasContent" : false
  } ],
  "labels" : [ {
    "name" : "epic",
    "value" : "Create An Account"
  }, {
    "name" : "parentSuite",
    "value" : "tests"
  }, {
    "name" : "suite",
    "value" : "test_create_an_account"
  }, {
    "name" : "subSuite",
    "value" : "TestCreateAnAccount"
  }, {
    "name" : "host",
    "value" : "fv-az626-196"
  }, {
    "name" : "thread",
    "value" : "3314-MainThread"
  }, {
    "name" : "framework",
    "value" : "pytest"
  }, {
    "name" : "language",
    "value" : "cpython3"
  }, {
    "name" : "package",
    "value" : "tests.test_create_an_account"
  }, {
    "name" : "resultFormat",
    "value" : "allure2"
  } ],
  "parameters" : [ ],
  "links" : [ ],
  "hidden" : false,
  "retry" : false,
  "extra" : {
    "severity" : "normal",
    "retries" : [ ],
    "categories" : [ {
      "name" : "Test defects",
      "matchedStatuses" : [ ],
      "flaky" : false
    } ],
    "tags" : [ ]
  },
  "source" : "92ba5660a46e1965.json",
  "parameterValues" : [ ]
}