{
  "uid" : "9302b00ce99c5f7e",
  "name" : "TC 17.01.27 Verify all fields got cleared after the failed attempt to reset password",
  "fullName" : "tests.test_forgot_your_password.TestForgotYourPasswordFunctionality#test_17_01_27_fields_are_cleared_after_failed_attempt_to_reset_password",
  "historyId" : "329c5479a6abab9e833ef4806ddb95bd",
  "time" : {
    "start" : 1694911613567,
    "stop" : 1694911619139,
    "duration" : 5572
  },
  "description" : "Check if all the fields are getting cleared after failed attempt to reset password with invalid captcha",
  "descriptionHtml" : "<p>Check if all the fields are getting cleared after failed attempt to reset password with invalid captcha</p>\n",
  "status" : "broken",
  "statusMessage" : "selenium.common.exceptions.TimeoutException: Message: \nStacktrace:\n#0 0x5599ee3c3e23 <unknown>\n#1 0x5599ee0ec7a7 <unknown>\n#2 0x5599ee12b1d3 <unknown>\n#3 0x5599ee12b2c1 <unknown>\n#4 0x5599ee166a04 <unknown>\n#5 0x5599ee14c03d <unknown>\n#6 0x5599ee164369 <unknown>\n#7 0x5599ee14bde3 <unknown>\n#8 0x5599ee11fa7b <unknown>\n#9 0x5599ee12081e <unknown>\n#10 0x5599ee385638 <unknown>\n#11 0x5599ee389507 <unknown>\n#12 0x5599ee393c4c <unknown>\n#13 0x5599ee38a136 <unknown>\n#14 0x5599ee3589cf <unknown>\n#15 0x5599ee3adb98 <unknown>\n#16 0x5599ee3add68 <unknown>\n#17 0x5599ee3bccb3 <unknown>\n#18 0x7fed1b094b43 <unknown>",
  "statusTrace" : "self = <test_forgot_your_password.TestForgotYourPasswordFunctionality object at 0x7feba7ec2fd0>\ndriver = <selenium.webdriver.chrome.webdriver.WebDriver (session=\"b150159ef3ab188440d3812bf0670b79\")>\nforgot_psw_page = <pages.forgot_your_password_page.ForgotYourPasswordPage object at 0x7feba86047d0>\n\n    @allure.title('TC 17.01.27 Verify all fields got cleared after the failed attempt to reset password')\n    def test_17_01_27_fields_are_cleared_after_failed_attempt_to_reset_password(self, driver, forgot_psw_page):\n        \"\"\"Check if all the fields are getting cleared after failed attempt to reset password with invalid captcha\"\"\"\n        forgot_psw_page.fill_in_email_field(credentials['valid_email'])\n>       forgot_psw_page.fill_in_forgot_psw_captcha_field(captcha)\n\ntests/test_forgot_your_password.py:215: \n_ _ _ _ _ _ _ _ _ _ _ _ _ _ _ _ _ _ _ _ _ _ _ _ _ _ _ _ _ _ _ _ _ _ _ _ _ _ _ _ \npages/forgot_your_password_page.py:84: in fill_in_forgot_psw_captcha_field\n    return self.fill_in_field(self.check_forgot_psw_captcha_field_is_clickable(), text)\npages/forgot_your_password_page.py:59: in check_forgot_psw_captcha_field_is_clickable\n    return self.element_is_clickable(self.locators.FORGOT_YOUR_PASSWORD_CAPTCHA)\npages/base_page.py:80: in element_is_clickable\n    return wait(self.driver, timeout).until(EC.element_to_be_clickable(locator))\n_ _ _ _ _ _ _ _ _ _ _ _ _ _ _ _ _ _ _ _ _ _ _ _ _ _ _ _ _ _ _ _ _ _ _ _ _ _ _ _ \n\nself = <selenium.webdriver.support.wait.WebDriverWait (session=\"b150159ef3ab188440d3812bf0670b79\")>\nmethod = <function element_to_be_clickable.<locals>._predicate at 0x7feba6943e20>\nmessage = ''\n\n    def until(self, method, message: str = \"\"):\n        \"\"\"Calls the method provided with the driver as an argument until the \\\n        return value does not evaluate to ``False``.\n    \n        :param method: callable(WebDriver)\n        :param message: optional message for :exc:`TimeoutException`\n        :returns: the result of the last call to `method`\n        :raises: :exc:`selenium.common.exceptions.TimeoutException` if timeout occurs\n        \"\"\"\n        screen = None\n        stacktrace = None\n    \n        end_time = time.monotonic() + self._timeout\n        while True:\n            try:\n                value = method(self._driver)\n                if value:\n                    return value\n            except self._ignored_exceptions as exc:\n                screen = getattr(exc, \"screen\", None)\n                stacktrace = getattr(exc, \"stacktrace\", None)\n            time.sleep(self._poll)\n            if time.monotonic() > end_time:\n                break\n>       raise TimeoutException(message, screen, stacktrace)\nE       selenium.common.exceptions.TimeoutException: Message: \nE       Stacktrace:\nE       #0 0x5599ee3c3e23 <unknown>\nE       #1 0x5599ee0ec7a7 <unknown>\nE       #2 0x5599ee12b1d3 <unknown>\nE       #3 0x5599ee12b2c1 <unknown>\nE       #4 0x5599ee166a04 <unknown>\nE       #5 0x5599ee14c03d <unknown>\nE       #6 0x5599ee164369 <unknown>\nE       #7 0x5599ee14bde3 <unknown>\nE       #8 0x5599ee11fa7b <unknown>\nE       #9 0x5599ee12081e <unknown>\nE       #10 0x5599ee385638 <unknown>\nE       #11 0x5599ee389507 <unknown>\nE       #12 0x5599ee393c4c <unknown>\nE       #13 0x5599ee38a136 <unknown>\nE       #14 0x5599ee3589cf <unknown>\nE       #15 0x5599ee3adb98 <unknown>\nE       #16 0x5599ee3add68 <unknown>\nE       #17 0x5599ee3bccb3 <unknown>\nE       #18 0x7fed1b094b43 <unknown>\n\n/opt/hostedtoolcache/Python/3.11.5/x64/lib/python3.11/site-packages/selenium/webdriver/support/wait.py:95: TimeoutException",
  "flaky" : false,
  "newFailed" : false,
  "beforeStages" : [ {
    "name" : "driver",
    "time" : {
      "start" : 1694911611441,
      "stop" : 1694911612521,
      "duration" : 1080
    },
    "status" : "passed",
    "steps" : [ ],
    "attachments" : [ ],
    "parameters" : [ ],
    "stepsCount" : 0,
    "attachmentsCount" : 0,
    "shouldDisplayMessage" : false,
    "hasContent" : false
  }, {
    "name" : "_session_faker",
    "time" : {
      "start" : 1694911172899,
      "stop" : 1694911172978,
      "duration" : 79
    },
    "status" : "passed",
    "steps" : [ ],
    "attachments" : [ ],
    "parameters" : [ ],
    "stepsCount" : 0,
    "attachmentsCount" : 0,
    "shouldDisplayMessage" : false,
    "hasContent" : false
  }, {
    "name" : "forgot_psw_page",
    "time" : {
      "start" : 1694911612521,
      "stop" : 1694911613567,
      "duration" : 1046
    },
    "status" : "passed",
    "steps" : [ {
      "name" : "Open a browser",
      "time" : {
        "start" : 1694911612521,
        "stop" : 1694911613567,
        "duration" : 1046
      },
      "status" : "passed",
      "steps" : [ ],
      "attachments" : [ ],
      "parameters" : [ ],
      "stepsCount" : 0,
      "attachmentsCount" : 0,
      "shouldDisplayMessage" : false,
      "hasContent" : false
    } ],
    "attachments" : [ ],
    "parameters" : [ ],
    "stepsCount" : 1,
    "attachmentsCount" : 0,
    "shouldDisplayMessage" : false,
    "hasContent" : true
  }, {
    "name" : "clear_allure_result_folder",
    "time" : {
      "start" : 1694911172978,
      "stop" : 1694911172979,
      "duration" : 1
    },
    "status" : "passed",
    "steps" : [ ],
    "attachments" : [ ],
    "parameters" : [ ],
    "stepsCount" : 0,
    "attachmentsCount" : 0,
    "shouldDisplayMessage" : false,
    "hasContent" : false
  } ],
  "testStage" : {
    "description" : "Check if all the fields are getting cleared after failed attempt to reset password with invalid captcha",
    "status" : "broken",
    "statusMessage" : "selenium.common.exceptions.TimeoutException: Message: \nStacktrace:\n#0 0x5599ee3c3e23 <unknown>\n#1 0x5599ee0ec7a7 <unknown>\n#2 0x5599ee12b1d3 <unknown>\n#3 0x5599ee12b2c1 <unknown>\n#4 0x5599ee166a04 <unknown>\n#5 0x5599ee14c03d <unknown>\n#6 0x5599ee164369 <unknown>\n#7 0x5599ee14bde3 <unknown>\n#8 0x5599ee11fa7b <unknown>\n#9 0x5599ee12081e <unknown>\n#10 0x5599ee385638 <unknown>\n#11 0x5599ee389507 <unknown>\n#12 0x5599ee393c4c <unknown>\n#13 0x5599ee38a136 <unknown>\n#14 0x5599ee3589cf <unknown>\n#15 0x5599ee3adb98 <unknown>\n#16 0x5599ee3add68 <unknown>\n#17 0x5599ee3bccb3 <unknown>\n#18 0x7fed1b094b43 <unknown>",
    "statusTrace" : "self = <test_forgot_your_password.TestForgotYourPasswordFunctionality object at 0x7feba7ec2fd0>\ndriver = <selenium.webdriver.chrome.webdriver.WebDriver (session=\"b150159ef3ab188440d3812bf0670b79\")>\nforgot_psw_page = <pages.forgot_your_password_page.ForgotYourPasswordPage object at 0x7feba86047d0>\n\n    @allure.title('TC 17.01.27 Verify all fields got cleared after the failed attempt to reset password')\n    def test_17_01_27_fields_are_cleared_after_failed_attempt_to_reset_password(self, driver, forgot_psw_page):\n        \"\"\"Check if all the fields are getting cleared after failed attempt to reset password with invalid captcha\"\"\"\n        forgot_psw_page.fill_in_email_field(credentials['valid_email'])\n>       forgot_psw_page.fill_in_forgot_psw_captcha_field(captcha)\n\ntests/test_forgot_your_password.py:215: \n_ _ _ _ _ _ _ _ _ _ _ _ _ _ _ _ _ _ _ _ _ _ _ _ _ _ _ _ _ _ _ _ _ _ _ _ _ _ _ _ \npages/forgot_your_password_page.py:84: in fill_in_forgot_psw_captcha_field\n    return self.fill_in_field(self.check_forgot_psw_captcha_field_is_clickable(), text)\npages/forgot_your_password_page.py:59: in check_forgot_psw_captcha_field_is_clickable\n    return self.element_is_clickable(self.locators.FORGOT_YOUR_PASSWORD_CAPTCHA)\npages/base_page.py:80: in element_is_clickable\n    return wait(self.driver, timeout).until(EC.element_to_be_clickable(locator))\n_ _ _ _ _ _ _ _ _ _ _ _ _ _ _ _ _ _ _ _ _ _ _ _ _ _ _ _ _ _ _ _ _ _ _ _ _ _ _ _ \n\nself = <selenium.webdriver.support.wait.WebDriverWait (session=\"b150159ef3ab188440d3812bf0670b79\")>\nmethod = <function element_to_be_clickable.<locals>._predicate at 0x7feba6943e20>\nmessage = ''\n\n    def until(self, method, message: str = \"\"):\n        \"\"\"Calls the method provided with the driver as an argument until the \\\n        return value does not evaluate to ``False``.\n    \n        :param method: callable(WebDriver)\n        :param message: optional message for :exc:`TimeoutException`\n        :returns: the result of the last call to `method`\n        :raises: :exc:`selenium.common.exceptions.TimeoutException` if timeout occurs\n        \"\"\"\n        screen = None\n        stacktrace = None\n    \n        end_time = time.monotonic() + self._timeout\n        while True:\n            try:\n                value = method(self._driver)\n                if value:\n                    return value\n            except self._ignored_exceptions as exc:\n                screen = getattr(exc, \"screen\", None)\n                stacktrace = getattr(exc, \"stacktrace\", None)\n            time.sleep(self._poll)\n            if time.monotonic() > end_time:\n                break\n>       raise TimeoutException(message, screen, stacktrace)\nE       selenium.common.exceptions.TimeoutException: Message: \nE       Stacktrace:\nE       #0 0x5599ee3c3e23 <unknown>\nE       #1 0x5599ee0ec7a7 <unknown>\nE       #2 0x5599ee12b1d3 <unknown>\nE       #3 0x5599ee12b2c1 <unknown>\nE       #4 0x5599ee166a04 <unknown>\nE       #5 0x5599ee14c03d <unknown>\nE       #6 0x5599ee164369 <unknown>\nE       #7 0x5599ee14bde3 <unknown>\nE       #8 0x5599ee11fa7b <unknown>\nE       #9 0x5599ee12081e <unknown>\nE       #10 0x5599ee385638 <unknown>\nE       #11 0x5599ee389507 <unknown>\nE       #12 0x5599ee393c4c <unknown>\nE       #13 0x5599ee38a136 <unknown>\nE       #14 0x5599ee3589cf <unknown>\nE       #15 0x5599ee3adb98 <unknown>\nE       #16 0x5599ee3add68 <unknown>\nE       #17 0x5599ee3bccb3 <unknown>\nE       #18 0x7fed1b094b43 <unknown>\n\n/opt/hostedtoolcache/Python/3.11.5/x64/lib/python3.11/site-packages/selenium/webdriver/support/wait.py:95: TimeoutException",
    "steps" : [ {
      "name" : "Fill in Email field",
      "time" : {
        "start" : 1694911613567,
        "stop" : 1694911613943,
        "duration" : 376
      },
      "status" : "passed",
      "steps" : [ {
        "name" : "Check FYP Email field is clickable",
        "time" : {
          "start" : 1694911613567,
          "stop" : 1694911613604,
          "duration" : 37
        },
        "status" : "passed",
        "steps" : [ {
          "name" : "Find clickable elements",
          "time" : {
            "start" : 1694911613567,
            "stop" : 1694911613604,
            "duration" : 37
          },
          "status" : "passed",
          "steps" : [ ],
          "attachments" : [ ],
          "parameters" : [ {
            "name" : "locator",
            "value" : "('css selector', '#email_address')"
          }, {
            "name" : "timeout",
            "value" : "5"
          } ],
          "stepsCount" : 0,
          "attachmentsCount" : 0,
          "shouldDisplayMessage" : false,
          "hasContent" : true
        } ],
        "attachments" : [ ],
        "parameters" : [ ],
        "stepsCount" : 1,
        "attachmentsCount" : 0,
        "shouldDisplayMessage" : false,
        "hasContent" : true
      }, {
        "name" : "Fill in a field",
        "time" : {
          "start" : 1694911613605,
          "stop" : 1694911613943,
          "duration" : 338
        },
        "status" : "passed",
        "steps" : [ {
          "name" : "Find clickable elements",
          "time" : {
            "start" : 1694911613605,
            "stop" : 1694911613625,
            "duration" : 20
          },
          "status" : "passed",
          "steps" : [ ],
          "attachments" : [ ],
          "parameters" : [ {
            "name" : "locator",
            "value" : "<selenium.webdriver.remote.webelement.WebElement (session=\"b150159ef3ab188440d3812bf0670b79\", element=\"66D25B8E94FA1B1EA1D5C45A377B616D_element_4\")>"
          }, {
            "name" : "timeout",
            "value" : "5"
          } ],
          "stepsCount" : 0,
          "attachmentsCount" : 0,
          "shouldDisplayMessage" : false,
          "hasContent" : true
        } ],
        "attachments" : [ ],
        "parameters" : [ {
          "name" : "locator",
          "value" : "<selenium.webdriver.remote.webelement.WebElement (session=\"b150159ef3ab188440d3812bf0670b79\", element=\"66D25B8E94FA1B1EA1D5C45A377B616D_element_4\")>"
        }, {
          "name" : "value",
          "value" : "'test130@mailinator.com'"
        } ],
        "stepsCount" : 1,
        "attachmentsCount" : 0,
        "shouldDisplayMessage" : false,
        "hasContent" : true
      } ],
      "attachments" : [ ],
      "parameters" : [ {
        "name" : "email",
        "value" : "'test130@mailinator.com'"
      } ],
      "stepsCount" : 4,
      "attachmentsCount" : 0,
      "shouldDisplayMessage" : false,
      "hasContent" : true
    }, {
      "name" : "Fill in FYP Email field",
      "time" : {
        "start" : 1694911613943,
        "stop" : 1694911619138,
        "duration" : 5195
      },
      "status" : "broken",
      "statusMessage" : "selenium.common.exceptions.TimeoutException: Message: \nStacktrace:\n#0 0x5599ee3c3e23 <unknown>\n#1 0x5599ee0ec7a7 <unknown>\n#2 0x5599ee12b1d3 <unknown>\n#3 0x5599ee12b2c1 <unknown>\n#4 0x5599ee166a04 <unknown>\n#5 0x5599ee14c03d <unknown>\n#6 0x5599ee164369 <unknown>\n#7 0x5599ee14bde3 <unknown>\n#8 0x5599ee11fa7b <unknown>\n#9 0x5599ee12081e <unknown>\n#10 0x5599ee385638 <unknown>\n#11 0x5599ee389507 <unknown>\n#12 0x5599ee393c4c <unknown>\n#13 0x5599ee38a136 <unknown>\n#14 0x5599ee3589cf <unknown>\n#15 0x5599ee3adb98 <unknown>\n#16 0x5599ee3add68 <unknown>\n#17 0x5599ee3bccb3 <unknown>\n#18 0x7fed1b094b43 <unknown>\n\n",
      "statusTrace" : "  File \"/opt/hostedtoolcache/Python/3.11.5/x64/lib/python3.11/site-packages/allure_commons/_allure.py\", line 192, in impl\n    return func(*a, **kw)\n           ^^^^^^^^^^^^^^\n  File \"/home/runner/work/luma_project/luma_project/pages/forgot_your_password_page.py\", line 84, in fill_in_forgot_psw_captcha_field\n    return self.fill_in_field(self.check_forgot_psw_captcha_field_is_clickable(), text)\n                              ^^^^^^^^^^^^^^^^^^^^^^^^^^^^^^^^^^^^^^^^^^^^^^^^^^\n  File \"/opt/hostedtoolcache/Python/3.11.5/x64/lib/python3.11/site-packages/allure_commons/_allure.py\", line 192, in impl\n    return func(*a, **kw)\n           ^^^^^^^^^^^^^^\n  File \"/home/runner/work/luma_project/luma_project/pages/forgot_your_password_page.py\", line 59, in check_forgot_psw_captcha_field_is_clickable\n    return self.element_is_clickable(self.locators.FORGOT_YOUR_PASSWORD_CAPTCHA)\n           ^^^^^^^^^^^^^^^^^^^^^^^^^^^^^^^^^^^^^^^^^^^^^^^^^^^^^^^^^^^^^^^^^^^^^\n  File \"/opt/hostedtoolcache/Python/3.11.5/x64/lib/python3.11/site-packages/allure_commons/_allure.py\", line 192, in impl\n    return func(*a, **kw)\n           ^^^^^^^^^^^^^^\n  File \"/home/runner/work/luma_project/luma_project/pages/base_page.py\", line 80, in element_is_clickable\n    return wait(self.driver, timeout).until(EC.element_to_be_clickable(locator))\n           ^^^^^^^^^^^^^^^^^^^^^^^^^^^^^^^^^^^^^^^^^^^^^^^^^^^^^^^^^^^^^^^^^^^^^\n  File \"/opt/hostedtoolcache/Python/3.11.5/x64/lib/python3.11/site-packages/selenium/webdriver/support/wait.py\", line 95, in until\n    raise TimeoutException(message, screen, stacktrace)\n",
      "steps" : [ {
        "name" : "Check FYP captcha input field is clickable",
        "time" : {
          "start" : 1694911613943,
          "stop" : 1694911619138,
          "duration" : 5195
        },
        "status" : "broken",
        "statusMessage" : "selenium.common.exceptions.TimeoutException: Message: \nStacktrace:\n#0 0x5599ee3c3e23 <unknown>\n#1 0x5599ee0ec7a7 <unknown>\n#2 0x5599ee12b1d3 <unknown>\n#3 0x5599ee12b2c1 <unknown>\n#4 0x5599ee166a04 <unknown>\n#5 0x5599ee14c03d <unknown>\n#6 0x5599ee164369 <unknown>\n#7 0x5599ee14bde3 <unknown>\n#8 0x5599ee11fa7b <unknown>\n#9 0x5599ee12081e <unknown>\n#10 0x5599ee385638 <unknown>\n#11 0x5599ee389507 <unknown>\n#12 0x5599ee393c4c <unknown>\n#13 0x5599ee38a136 <unknown>\n#14 0x5599ee3589cf <unknown>\n#15 0x5599ee3adb98 <unknown>\n#16 0x5599ee3add68 <unknown>\n#17 0x5599ee3bccb3 <unknown>\n#18 0x7fed1b094b43 <unknown>\n\n",
        "statusTrace" : "  File \"/opt/hostedtoolcache/Python/3.11.5/x64/lib/python3.11/site-packages/allure_commons/_allure.py\", line 192, in impl\n    return func(*a, **kw)\n           ^^^^^^^^^^^^^^\n  File \"/home/runner/work/luma_project/luma_project/pages/forgot_your_password_page.py\", line 59, in check_forgot_psw_captcha_field_is_clickable\n    return self.element_is_clickable(self.locators.FORGOT_YOUR_PASSWORD_CAPTCHA)\n           ^^^^^^^^^^^^^^^^^^^^^^^^^^^^^^^^^^^^^^^^^^^^^^^^^^^^^^^^^^^^^^^^^^^^^\n  File \"/opt/hostedtoolcache/Python/3.11.5/x64/lib/python3.11/site-packages/allure_commons/_allure.py\", line 192, in impl\n    return func(*a, **kw)\n           ^^^^^^^^^^^^^^\n  File \"/home/runner/work/luma_project/luma_project/pages/base_page.py\", line 80, in element_is_clickable\n    return wait(self.driver, timeout).until(EC.element_to_be_clickable(locator))\n           ^^^^^^^^^^^^^^^^^^^^^^^^^^^^^^^^^^^^^^^^^^^^^^^^^^^^^^^^^^^^^^^^^^^^^\n  File \"/opt/hostedtoolcache/Python/3.11.5/x64/lib/python3.11/site-packages/selenium/webdriver/support/wait.py\", line 95, in until\n    raise TimeoutException(message, screen, stacktrace)\n",
        "steps" : [ {
          "name" : "Find clickable elements",
          "time" : {
            "start" : 1694911613944,
            "stop" : 1694911619137,
            "duration" : 5193
          },
          "status" : "broken",
          "statusMessage" : "selenium.common.exceptions.TimeoutException: Message: \nStacktrace:\n#0 0x5599ee3c3e23 <unknown>\n#1 0x5599ee0ec7a7 <unknown>\n#2 0x5599ee12b1d3 <unknown>\n#3 0x5599ee12b2c1 <unknown>\n#4 0x5599ee166a04 <unknown>\n#5 0x5599ee14c03d <unknown>\n#6 0x5599ee164369 <unknown>\n#7 0x5599ee14bde3 <unknown>\n#8 0x5599ee11fa7b <unknown>\n#9 0x5599ee12081e <unknown>\n#10 0x5599ee385638 <unknown>\n#11 0x5599ee389507 <unknown>\n#12 0x5599ee393c4c <unknown>\n#13 0x5599ee38a136 <unknown>\n#14 0x5599ee3589cf <unknown>\n#15 0x5599ee3adb98 <unknown>\n#16 0x5599ee3add68 <unknown>\n#17 0x5599ee3bccb3 <unknown>\n#18 0x7fed1b094b43 <unknown>\n\n",
          "statusTrace" : "  File \"/opt/hostedtoolcache/Python/3.11.5/x64/lib/python3.11/site-packages/allure_commons/_allure.py\", line 192, in impl\n    return func(*a, **kw)\n           ^^^^^^^^^^^^^^\n  File \"/home/runner/work/luma_project/luma_project/pages/base_page.py\", line 80, in element_is_clickable\n    return wait(self.driver, timeout).until(EC.element_to_be_clickable(locator))\n           ^^^^^^^^^^^^^^^^^^^^^^^^^^^^^^^^^^^^^^^^^^^^^^^^^^^^^^^^^^^^^^^^^^^^^\n  File \"/opt/hostedtoolcache/Python/3.11.5/x64/lib/python3.11/site-packages/selenium/webdriver/support/wait.py\", line 95, in until\n    raise TimeoutException(message, screen, stacktrace)\n",
          "steps" : [ ],
          "attachments" : [ ],
          "parameters" : [ {
            "name" : "locator",
            "value" : "('css selector', '#captcha_user_forgotpassword')"
          }, {
            "name" : "timeout",
            "value" : "5"
          } ],
          "stepsCount" : 0,
          "attachmentsCount" : 0,
          "shouldDisplayMessage" : true,
          "hasContent" : true
        } ],
        "attachments" : [ ],
        "parameters" : [ ],
        "stepsCount" : 1,
        "attachmentsCount" : 0,
        "shouldDisplayMessage" : false,
        "hasContent" : true
      } ],
      "attachments" : [ ],
      "parameters" : [ {
        "name" : "text",
        "value" : "'ZzwwAm'"
      } ],
      "stepsCount" : 2,
      "attachmentsCount" : 0,
      "shouldDisplayMessage" : false,
      "hasContent" : true
    } ],
    "attachments" : [ {
      "uid" : "b6742346859144c3",
      "name" : "Screenshot",
      "source" : "b6742346859144c3.png",
      "type" : "image/png",
      "size" : 73272
    }, {
      "uid" : "ecf542718de0a86",
      "name" : "HTML source",
      "source" : "ecf542718de0a86.html",
      "type" : "text/html",
      "size" : 78068
    } ],
    "parameters" : [ ],
    "stepsCount" : 8,
    "attachmentsCount" : 2,
    "shouldDisplayMessage" : true,
    "hasContent" : true
  },
  "afterStages" : [ {
    "name" : "driver::0",
    "time" : {
      "start" : 1694911619305,
      "stop" : 1694911619371,
      "duration" : 66
    },
    "status" : "passed",
    "steps" : [ ],
    "attachments" : [ ],
    "parameters" : [ ],
    "stepsCount" : 0,
    "attachmentsCount" : 0,
    "shouldDisplayMessage" : false,
    "hasContent" : false
  }, {
    "name" : "clear_allure_result_folder::0",
    "time" : {
      "start" : 1694912643690,
      "stop" : 1694912643690,
      "duration" : 0
    },
    "status" : "passed",
    "steps" : [ ],
    "attachments" : [ ],
    "parameters" : [ ],
    "stepsCount" : 0,
    "attachmentsCount" : 0,
    "shouldDisplayMessage" : false,
    "hasContent" : false
  } ],
  "labels" : [ {
    "name" : "epic",
    "value" : "Forgot Your Password Functionality"
  }, {
    "name" : "parentSuite",
    "value" : "tests"
  }, {
    "name" : "suite",
    "value" : "test_forgot_your_password"
  }, {
    "name" : "subSuite",
    "value" : "TestForgotYourPasswordFunctionality"
  }, {
    "name" : "host",
    "value" : "fv-az436-812"
  }, {
    "name" : "thread",
    "value" : "3004-MainThread"
  }, {
    "name" : "framework",
    "value" : "pytest"
  }, {
    "name" : "language",
    "value" : "cpython3"
  }, {
    "name" : "package",
    "value" : "tests.test_forgot_your_password"
  }, {
    "name" : "resultFormat",
    "value" : "allure2"
  } ],
  "parameters" : [ ],
  "links" : [ ],
  "hidden" : false,
  "retry" : false,
  "extra" : {
    "severity" : "normal",
    "retries" : [ ],
    "categories" : [ {
      "name" : "Test defects",
      "matchedStatuses" : [ ],
      "flaky" : false
    } ],
    "tags" : [ ]
  },
  "source" : "9302b00ce99c5f7e.json",
  "parameterValues" : [ ]
}