{
  "uid" : "93661c4a5e4856fe",
  "name" : "TC 17.01.16 Verify click Reload captcha button generates a new captcha image",
  "fullName" : "tests.test_forgot_your_password.TestForgotYourPassword#test_17_01_16_click_reload_captcha_generates_captcha_image",
  "historyId" : "112a1082ee9e804c5e00b6f5e60b08cd",
  "time" : {
    "start" : 1693097110246,
    "stop" : 1693097115379,
    "duration" : 5133
  },
  "description" : "\n        Check that the 'Reload captcha' button generates a new captcha image\n        and ensure the new image source is different from the original image source\n        ",
  "descriptionHtml" : "<pre><code>    Check that the 'Reload captcha' button generates a new captcha image\n    and ensure the new image source is different from the original image source\n</code></pre>\n",
  "status" : "broken",
  "statusMessage" : "selenium.common.exceptions.TimeoutException: Message: \nStacktrace:\n#0 0x561c2a46ee23 <unknown>\n#1 0x561c2a1977a7 <unknown>\n#2 0x561c2a1d61d3 <unknown>\n#3 0x561c2a1d62c1 <unknown>\n#4 0x561c2a211a04 <unknown>\n#5 0x561c2a1f703d <unknown>\n#6 0x561c2a20f369 <unknown>\n#7 0x561c2a1f6de3 <unknown>\n#8 0x561c2a1caa7b <unknown>\n#9 0x561c2a1cb81e <unknown>\n#10 0x561c2a430638 <unknown>\n#11 0x561c2a434507 <unknown>\n#12 0x561c2a43ec4c <unknown>\n#13 0x561c2a435136 <unknown>\n#14 0x561c2a4039cf <unknown>\n#15 0x561c2a458b98 <unknown>\n#16 0x561c2a458d68 <unknown>\n#17 0x561c2a467cb3 <unknown>\n#18 0x7fa516f8fb43 <unknown>",
  "statusTrace" : "self = <test_forgot_your_password.TestForgotYourPassword object at 0x7f7f87b82690>\ndriver = <selenium.webdriver.chrome.webdriver.WebDriver (session=\"4db4ad998f56918ad4a99e0562177a1e\")>\nforgot_psw_page = <pages.forgot_your_password_page.ForgotYourPasswordPage object at 0x7f7f8984a710>\n\n    @allure.title('TC 17.01.16 Verify click Reload captcha button generates a new captcha image')\n    def test_17_01_16_click_reload_captcha_generates_captcha_image(self, driver, forgot_psw_page):\n        \"\"\"\n        Check that the 'Reload captcha' button generates a new captcha image\n        and ensure the new image source is different from the original image source\n        \"\"\"\n>       captcha_image = forgot_psw_page.check_captcha_image_is_visible()\n\ntests/test_forgot_your_password.py:143: \n_ _ _ _ _ _ _ _ _ _ _ _ _ _ _ _ _ _ _ _ _ _ _ _ _ _ _ _ _ _ _ _ _ _ _ _ _ _ _ _ \npages/forgot_your_password_page.py:109: in check_captcha_image_is_visible\n    return self.element_is_visible(self.locators.RELOAD_CAPTCHA_IMAGE)\npages/base_page.py:29: in element_is_visible\n    self.go_to_element(self.element_is_present(locator))\npages/base_page.py:50: in element_is_present\n    return wait(self.driver, timeout).until(EC.presence_of_element_located(locator))\n_ _ _ _ _ _ _ _ _ _ _ _ _ _ _ _ _ _ _ _ _ _ _ _ _ _ _ _ _ _ _ _ _ _ _ _ _ _ _ _ \n\nself = <selenium.webdriver.support.wait.WebDriverWait (session=\"4db4ad998f56918ad4a99e0562177a1e\")>\nmethod = <function presence_of_element_located.<locals>._predicate at 0x7f7f87cb7b00>\nmessage = ''\n\n    def until(self, method, message: str = \"\"):\n        \"\"\"Calls the method provided with the driver as an argument until the \\\n        return value does not evaluate to ``False``.\n    \n        :param method: callable(WebDriver)\n        :param message: optional message for :exc:`TimeoutException`\n        :returns: the result of the last call to `method`\n        :raises: :exc:`selenium.common.exceptions.TimeoutException` if timeout occurs\n        \"\"\"\n        screen = None\n        stacktrace = None\n    \n        end_time = time.monotonic() + self._timeout\n        while True:\n            try:\n                value = method(self._driver)\n                if value:\n                    return value\n            except self._ignored_exceptions as exc:\n                screen = getattr(exc, \"screen\", None)\n                stacktrace = getattr(exc, \"stacktrace\", None)\n            time.sleep(self._poll)\n            if time.monotonic() > end_time:\n                break\n>       raise TimeoutException(message, screen, stacktrace)\nE       selenium.common.exceptions.TimeoutException: Message: \nE       Stacktrace:\nE       #0 0x561c2a46ee23 <unknown>\nE       #1 0x561c2a1977a7 <unknown>\nE       #2 0x561c2a1d61d3 <unknown>\nE       #3 0x561c2a1d62c1 <unknown>\nE       #4 0x561c2a211a04 <unknown>\nE       #5 0x561c2a1f703d <unknown>\nE       #6 0x561c2a20f369 <unknown>\nE       #7 0x561c2a1f6de3 <unknown>\nE       #8 0x561c2a1caa7b <unknown>\nE       #9 0x561c2a1cb81e <unknown>\nE       #10 0x561c2a430638 <unknown>\nE       #11 0x561c2a434507 <unknown>\nE       #12 0x561c2a43ec4c <unknown>\nE       #13 0x561c2a435136 <unknown>\nE       #14 0x561c2a4039cf <unknown>\nE       #15 0x561c2a458b98 <unknown>\nE       #16 0x561c2a458d68 <unknown>\nE       #17 0x561c2a467cb3 <unknown>\nE       #18 0x7fa516f8fb43 <unknown>\n\n/opt/hostedtoolcache/Python/3.11.4/x64/lib/python3.11/site-packages/selenium/webdriver/support/wait.py:95: TimeoutException",
  "flaky" : false,
  "newFailed" : false,
  "beforeStages" : [ {
    "name" : "_session_faker",
    "time" : {
      "start" : 1693096725216,
      "stop" : 1693096725308,
      "duration" : 92
    },
    "status" : "passed",
    "steps" : [ ],
    "attachments" : [ ],
    "parameters" : [ ],
    "stepsCount" : 0,
    "attachmentsCount" : 0,
    "shouldDisplayMessage" : false,
    "hasContent" : false
  }, {
    "name" : "forgot_psw_page",
    "time" : {
      "start" : 1693097109160,
      "stop" : 1693097110245,
      "duration" : 1085
    },
    "status" : "passed",
    "steps" : [ {
      "name" : "Open a browser",
      "time" : {
        "start" : 1693097109160,
        "stop" : 1693097110245,
        "duration" : 1085
      },
      "status" : "passed",
      "steps" : [ ],
      "attachments" : [ ],
      "parameters" : [ ],
      "stepsCount" : 0,
      "attachmentsCount" : 0,
      "shouldDisplayMessage" : false,
      "hasContent" : false
    } ],
    "attachments" : [ ],
    "parameters" : [ ],
    "stepsCount" : 1,
    "attachmentsCount" : 0,
    "shouldDisplayMessage" : false,
    "hasContent" : true
  }, {
    "name" : "driver",
    "time" : {
      "start" : 1693097108049,
      "stop" : 1693097109159,
      "duration" : 1110
    },
    "status" : "passed",
    "steps" : [ ],
    "attachments" : [ ],
    "parameters" : [ ],
    "stepsCount" : 0,
    "attachmentsCount" : 0,
    "shouldDisplayMessage" : false,
    "hasContent" : false
  }, {
    "name" : "clear_allure_result_folder",
    "time" : {
      "start" : 1693096725308,
      "stop" : 1693096725308,
      "duration" : 0
    },
    "status" : "passed",
    "steps" : [ ],
    "attachments" : [ ],
    "parameters" : [ ],
    "stepsCount" : 0,
    "attachmentsCount" : 0,
    "shouldDisplayMessage" : false,
    "hasContent" : false
  } ],
  "testStage" : {
    "description" : "\n        Check that the 'Reload captcha' button generates a new captcha image\n        and ensure the new image source is different from the original image source\n        ",
    "status" : "broken",
    "statusMessage" : "selenium.common.exceptions.TimeoutException: Message: \nStacktrace:\n#0 0x561c2a46ee23 <unknown>\n#1 0x561c2a1977a7 <unknown>\n#2 0x561c2a1d61d3 <unknown>\n#3 0x561c2a1d62c1 <unknown>\n#4 0x561c2a211a04 <unknown>\n#5 0x561c2a1f703d <unknown>\n#6 0x561c2a20f369 <unknown>\n#7 0x561c2a1f6de3 <unknown>\n#8 0x561c2a1caa7b <unknown>\n#9 0x561c2a1cb81e <unknown>\n#10 0x561c2a430638 <unknown>\n#11 0x561c2a434507 <unknown>\n#12 0x561c2a43ec4c <unknown>\n#13 0x561c2a435136 <unknown>\n#14 0x561c2a4039cf <unknown>\n#15 0x561c2a458b98 <unknown>\n#16 0x561c2a458d68 <unknown>\n#17 0x561c2a467cb3 <unknown>\n#18 0x7fa516f8fb43 <unknown>",
    "statusTrace" : "self = <test_forgot_your_password.TestForgotYourPassword object at 0x7f7f87b82690>\ndriver = <selenium.webdriver.chrome.webdriver.WebDriver (session=\"4db4ad998f56918ad4a99e0562177a1e\")>\nforgot_psw_page = <pages.forgot_your_password_page.ForgotYourPasswordPage object at 0x7f7f8984a710>\n\n    @allure.title('TC 17.01.16 Verify click Reload captcha button generates a new captcha image')\n    def test_17_01_16_click_reload_captcha_generates_captcha_image(self, driver, forgot_psw_page):\n        \"\"\"\n        Check that the 'Reload captcha' button generates a new captcha image\n        and ensure the new image source is different from the original image source\n        \"\"\"\n>       captcha_image = forgot_psw_page.check_captcha_image_is_visible()\n\ntests/test_forgot_your_password.py:143: \n_ _ _ _ _ _ _ _ _ _ _ _ _ _ _ _ _ _ _ _ _ _ _ _ _ _ _ _ _ _ _ _ _ _ _ _ _ _ _ _ \npages/forgot_your_password_page.py:109: in check_captcha_image_is_visible\n    return self.element_is_visible(self.locators.RELOAD_CAPTCHA_IMAGE)\npages/base_page.py:29: in element_is_visible\n    self.go_to_element(self.element_is_present(locator))\npages/base_page.py:50: in element_is_present\n    return wait(self.driver, timeout).until(EC.presence_of_element_located(locator))\n_ _ _ _ _ _ _ _ _ _ _ _ _ _ _ _ _ _ _ _ _ _ _ _ _ _ _ _ _ _ _ _ _ _ _ _ _ _ _ _ \n\nself = <selenium.webdriver.support.wait.WebDriverWait (session=\"4db4ad998f56918ad4a99e0562177a1e\")>\nmethod = <function presence_of_element_located.<locals>._predicate at 0x7f7f87cb7b00>\nmessage = ''\n\n    def until(self, method, message: str = \"\"):\n        \"\"\"Calls the method provided with the driver as an argument until the \\\n        return value does not evaluate to ``False``.\n    \n        :param method: callable(WebDriver)\n        :param message: optional message for :exc:`TimeoutException`\n        :returns: the result of the last call to `method`\n        :raises: :exc:`selenium.common.exceptions.TimeoutException` if timeout occurs\n        \"\"\"\n        screen = None\n        stacktrace = None\n    \n        end_time = time.monotonic() + self._timeout\n        while True:\n            try:\n                value = method(self._driver)\n                if value:\n                    return value\n            except self._ignored_exceptions as exc:\n                screen = getattr(exc, \"screen\", None)\n                stacktrace = getattr(exc, \"stacktrace\", None)\n            time.sleep(self._poll)\n            if time.monotonic() > end_time:\n                break\n>       raise TimeoutException(message, screen, stacktrace)\nE       selenium.common.exceptions.TimeoutException: Message: \nE       Stacktrace:\nE       #0 0x561c2a46ee23 <unknown>\nE       #1 0x561c2a1977a7 <unknown>\nE       #2 0x561c2a1d61d3 <unknown>\nE       #3 0x561c2a1d62c1 <unknown>\nE       #4 0x561c2a211a04 <unknown>\nE       #5 0x561c2a1f703d <unknown>\nE       #6 0x561c2a20f369 <unknown>\nE       #7 0x561c2a1f6de3 <unknown>\nE       #8 0x561c2a1caa7b <unknown>\nE       #9 0x561c2a1cb81e <unknown>\nE       #10 0x561c2a430638 <unknown>\nE       #11 0x561c2a434507 <unknown>\nE       #12 0x561c2a43ec4c <unknown>\nE       #13 0x561c2a435136 <unknown>\nE       #14 0x561c2a4039cf <unknown>\nE       #15 0x561c2a458b98 <unknown>\nE       #16 0x561c2a458d68 <unknown>\nE       #17 0x561c2a467cb3 <unknown>\nE       #18 0x7fa516f8fb43 <unknown>\n\n/opt/hostedtoolcache/Python/3.11.4/x64/lib/python3.11/site-packages/selenium/webdriver/support/wait.py:95: TimeoutException",
    "steps" : [ {
      "name" : "Check Captcha image is visible",
      "time" : {
        "start" : 1693097110246,
        "stop" : 1693097115378,
        "duration" : 5132
      },
      "status" : "broken",
      "statusMessage" : "selenium.common.exceptions.TimeoutException: Message: \nStacktrace:\n#0 0x561c2a46ee23 <unknown>\n#1 0x561c2a1977a7 <unknown>\n#2 0x561c2a1d61d3 <unknown>\n#3 0x561c2a1d62c1 <unknown>\n#4 0x561c2a211a04 <unknown>\n#5 0x561c2a1f703d <unknown>\n#6 0x561c2a20f369 <unknown>\n#7 0x561c2a1f6de3 <unknown>\n#8 0x561c2a1caa7b <unknown>\n#9 0x561c2a1cb81e <unknown>\n#10 0x561c2a430638 <unknown>\n#11 0x561c2a434507 <unknown>\n#12 0x561c2a43ec4c <unknown>\n#13 0x561c2a435136 <unknown>\n#14 0x561c2a4039cf <unknown>\n#15 0x561c2a458b98 <unknown>\n#16 0x561c2a458d68 <unknown>\n#17 0x561c2a467cb3 <unknown>\n#18 0x7fa516f8fb43 <unknown>\n\n",
      "statusTrace" : "  File \"/opt/hostedtoolcache/Python/3.11.4/x64/lib/python3.11/site-packages/allure_commons/_allure.py\", line 192, in impl\n    return func(*a, **kw)\n           ^^^^^^^^^^^^^^\n  File \"/home/runner/work/luma_project/luma_project/pages/forgot_your_password_page.py\", line 109, in check_captcha_image_is_visible\n    return self.element_is_visible(self.locators.RELOAD_CAPTCHA_IMAGE)\n           ^^^^^^^^^^^^^^^^^^^^^^^^^^^^^^^^^^^^^^^^^^^^^^^^^^^^^^^^^^^\n  File \"/opt/hostedtoolcache/Python/3.11.4/x64/lib/python3.11/site-packages/allure_commons/_allure.py\", line 192, in impl\n    return func(*a, **kw)\n           ^^^^^^^^^^^^^^\n  File \"/home/runner/work/luma_project/luma_project/pages/base_page.py\", line 29, in element_is_visible\n    self.go_to_element(self.element_is_present(locator))\n                       ^^^^^^^^^^^^^^^^^^^^^^^^^^^^^^^^\n  File \"/opt/hostedtoolcache/Python/3.11.4/x64/lib/python3.11/site-packages/allure_commons/_allure.py\", line 192, in impl\n    return func(*a, **kw)\n           ^^^^^^^^^^^^^^\n  File \"/home/runner/work/luma_project/luma_project/pages/base_page.py\", line 50, in element_is_present\n    return wait(self.driver, timeout).until(EC.presence_of_element_located(locator))\n           ^^^^^^^^^^^^^^^^^^^^^^^^^^^^^^^^^^^^^^^^^^^^^^^^^^^^^^^^^^^^^^^^^^^^^^^^^\n  File \"/opt/hostedtoolcache/Python/3.11.4/x64/lib/python3.11/site-packages/selenium/webdriver/support/wait.py\", line 95, in until\n    raise TimeoutException(message, screen, stacktrace)\n",
      "steps" : [ {
        "name" : "Find a visible element",
        "time" : {
          "start" : 1693097110246,
          "stop" : 1693097115378,
          "duration" : 5132
        },
        "status" : "broken",
        "statusMessage" : "selenium.common.exceptions.TimeoutException: Message: \nStacktrace:\n#0 0x561c2a46ee23 <unknown>\n#1 0x561c2a1977a7 <unknown>\n#2 0x561c2a1d61d3 <unknown>\n#3 0x561c2a1d62c1 <unknown>\n#4 0x561c2a211a04 <unknown>\n#5 0x561c2a1f703d <unknown>\n#6 0x561c2a20f369 <unknown>\n#7 0x561c2a1f6de3 <unknown>\n#8 0x561c2a1caa7b <unknown>\n#9 0x561c2a1cb81e <unknown>\n#10 0x561c2a430638 <unknown>\n#11 0x561c2a434507 <unknown>\n#12 0x561c2a43ec4c <unknown>\n#13 0x561c2a435136 <unknown>\n#14 0x561c2a4039cf <unknown>\n#15 0x561c2a458b98 <unknown>\n#16 0x561c2a458d68 <unknown>\n#17 0x561c2a467cb3 <unknown>\n#18 0x7fa516f8fb43 <unknown>\n\n",
        "statusTrace" : "  File \"/opt/hostedtoolcache/Python/3.11.4/x64/lib/python3.11/site-packages/allure_commons/_allure.py\", line 192, in impl\n    return func(*a, **kw)\n           ^^^^^^^^^^^^^^\n  File \"/home/runner/work/luma_project/luma_project/pages/base_page.py\", line 29, in element_is_visible\n    self.go_to_element(self.element_is_present(locator))\n                       ^^^^^^^^^^^^^^^^^^^^^^^^^^^^^^^^\n  File \"/opt/hostedtoolcache/Python/3.11.4/x64/lib/python3.11/site-packages/allure_commons/_allure.py\", line 192, in impl\n    return func(*a, **kw)\n           ^^^^^^^^^^^^^^\n  File \"/home/runner/work/luma_project/luma_project/pages/base_page.py\", line 50, in element_is_present\n    return wait(self.driver, timeout).until(EC.presence_of_element_located(locator))\n           ^^^^^^^^^^^^^^^^^^^^^^^^^^^^^^^^^^^^^^^^^^^^^^^^^^^^^^^^^^^^^^^^^^^^^^^^^\n  File \"/opt/hostedtoolcache/Python/3.11.4/x64/lib/python3.11/site-packages/selenium/webdriver/support/wait.py\", line 95, in until\n    raise TimeoutException(message, screen, stacktrace)\n",
        "steps" : [ {
          "name" : "Find a present element",
          "time" : {
            "start" : 1693097110246,
            "stop" : 1693097115377,
            "duration" : 5131
          },
          "status" : "broken",
          "statusMessage" : "selenium.common.exceptions.TimeoutException: Message: \nStacktrace:\n#0 0x561c2a46ee23 <unknown>\n#1 0x561c2a1977a7 <unknown>\n#2 0x561c2a1d61d3 <unknown>\n#3 0x561c2a1d62c1 <unknown>\n#4 0x561c2a211a04 <unknown>\n#5 0x561c2a1f703d <unknown>\n#6 0x561c2a20f369 <unknown>\n#7 0x561c2a1f6de3 <unknown>\n#8 0x561c2a1caa7b <unknown>\n#9 0x561c2a1cb81e <unknown>\n#10 0x561c2a430638 <unknown>\n#11 0x561c2a434507 <unknown>\n#12 0x561c2a43ec4c <unknown>\n#13 0x561c2a435136 <unknown>\n#14 0x561c2a4039cf <unknown>\n#15 0x561c2a458b98 <unknown>\n#16 0x561c2a458d68 <unknown>\n#17 0x561c2a467cb3 <unknown>\n#18 0x7fa516f8fb43 <unknown>\n\n",
          "statusTrace" : "  File \"/opt/hostedtoolcache/Python/3.11.4/x64/lib/python3.11/site-packages/allure_commons/_allure.py\", line 192, in impl\n    return func(*a, **kw)\n           ^^^^^^^^^^^^^^\n  File \"/home/runner/work/luma_project/luma_project/pages/base_page.py\", line 50, in element_is_present\n    return wait(self.driver, timeout).until(EC.presence_of_element_located(locator))\n           ^^^^^^^^^^^^^^^^^^^^^^^^^^^^^^^^^^^^^^^^^^^^^^^^^^^^^^^^^^^^^^^^^^^^^^^^^\n  File \"/opt/hostedtoolcache/Python/3.11.4/x64/lib/python3.11/site-packages/selenium/webdriver/support/wait.py\", line 95, in until\n    raise TimeoutException(message, screen, stacktrace)\n",
          "steps" : [ ],
          "attachments" : [ ],
          "parameters" : [ {
            "name" : "locator",
            "value" : "('xpath', '//img[@class=\"captcha-img\"]')"
          }, {
            "name" : "timeout",
            "value" : "5"
          } ],
          "stepsCount" : 0,
          "attachmentsCount" : 0,
          "shouldDisplayMessage" : true,
          "hasContent" : true
        } ],
        "attachments" : [ ],
        "parameters" : [ {
          "name" : "locator",
          "value" : "('xpath', '//img[@class=\"captcha-img\"]')"
        }, {
          "name" : "timeout",
          "value" : "10"
        } ],
        "stepsCount" : 1,
        "attachmentsCount" : 0,
        "shouldDisplayMessage" : false,
        "hasContent" : true
      } ],
      "attachments" : [ ],
      "parameters" : [ ],
      "stepsCount" : 2,
      "attachmentsCount" : 0,
      "shouldDisplayMessage" : false,
      "hasContent" : true
    } ],
    "attachments" : [ {
      "uid" : "acf186f5db39d3b6",
      "name" : "Screenshot",
      "source" : "acf186f5db39d3b6.png",
      "type" : "image/png",
      "size" : 65941
    }, {
      "uid" : "4b969567488472d2",
      "name" : "HTML source",
      "source" : "4b969567488472d2.html",
      "type" : "text/html",
      "size" : 77958
    } ],
    "parameters" : [ ],
    "stepsCount" : 3,
    "attachmentsCount" : 2,
    "shouldDisplayMessage" : true,
    "hasContent" : true
  },
  "afterStages" : [ {
    "name" : "driver::0",
    "time" : {
      "start" : 1693097115554,
      "stop" : 1693097115620,
      "duration" : 66
    },
    "status" : "passed",
    "steps" : [ ],
    "attachments" : [ ],
    "parameters" : [ ],
    "stepsCount" : 0,
    "attachmentsCount" : 0,
    "shouldDisplayMessage" : false,
    "hasContent" : false
  }, {
    "name" : "clear_allure_result_folder::0",
    "time" : {
      "start" : 1693098186640,
      "stop" : 1693098186640,
      "duration" : 0
    },
    "status" : "passed",
    "steps" : [ ],
    "attachments" : [ ],
    "parameters" : [ ],
    "stepsCount" : 0,
    "attachmentsCount" : 0,
    "shouldDisplayMessage" : false,
    "hasContent" : false
  } ],
  "labels" : [ {
    "name" : "epic",
    "value" : "Forgot Your Password Page"
  }, {
    "name" : "parentSuite",
    "value" : "tests"
  }, {
    "name" : "suite",
    "value" : "test_forgot_your_password"
  }, {
    "name" : "subSuite",
    "value" : "TestForgotYourPassword"
  }, {
    "name" : "host",
    "value" : "fv-az1032-305"
  }, {
    "name" : "thread",
    "value" : "2867-MainThread"
  }, {
    "name" : "framework",
    "value" : "pytest"
  }, {
    "name" : "language",
    "value" : "cpython3"
  }, {
    "name" : "package",
    "value" : "tests.test_forgot_your_password"
  }, {
    "name" : "resultFormat",
    "value" : "allure2"
  } ],
  "parameters" : [ ],
  "links" : [ ],
  "hidden" : false,
  "retry" : false,
  "extra" : {
    "severity" : "normal",
    "retries" : [ ],
    "categories" : [ {
      "name" : "Test defects",
      "matchedStatuses" : [ ],
      "flaky" : false
    } ],
    "tags" : [ ]
  },
  "source" : "93661c4a5e4856fe.json",
  "parameterValues" : [ ]
}