{
  "uid" : "93d561a26c51a6b6",
  "name" : "TC 17.01.17 Verify captcha image is present by default",
  "fullName" : "tests.test_forgot_your_password.TestForgotYourPassword#test_17_01_17_captcha_image_is_displayed",
  "historyId" : "20eee1dd441b6fd3a44d298e65fa59d2",
  "time" : {
    "start" : 1695516381795,
    "stop" : 1695516386916,
    "duration" : 5121
  },
  "description" : "Check that the captcha image is present by default",
  "descriptionHtml" : "<p>Check that the captcha image is present by default</p>\n",
  "status" : "broken",
  "statusMessage" : "selenium.common.exceptions.TimeoutException: Message: \nStacktrace:\n#0 0x55764abef6c3 <unknown>\n#1 0x55764a8c51e7 <unknown>\n#2 0x55764a90c566 <unknown>\n#3 0x55764a90c651 <unknown>\n#4 0x55764a949a74 <unknown>\n#5 0x55764a92e0ed <unknown>\n#6 0x55764a947322 <unknown>\n#7 0x55764a92de93 <unknown>\n#8 0x55764a900934 <unknown>\n#9 0x55764a90171e <unknown>\n#10 0x55764abb4cc8 <unknown>\n#11 0x55764abb8c00 <unknown>\n#12 0x55764abc31ac <unknown>\n#13 0x55764abb9818 <unknown>\n#14 0x55764ab8628f <unknown>\n#15 0x55764abdde98 <unknown>\n#16 0x55764abde069 <unknown>\n#17 0x55764abee853 <unknown>\n#18 0x7f959fa94b43 <unknown>",
  "statusTrace" : "self = <test_forgot_your_password.TestForgotYourPassword object at 0x7f9a4ed9df10>\ndriver = <selenium.webdriver.chrome.webdriver.WebDriver (session=\"66e1730c77e17c24f43a4f5e956073b7\")>\nforgot_psw_page = <pages.forgot_your_password_page.ForgotYourPasswordPage object at 0x7f9a4fd34950>\n\n    @allure.title('TC 17.01.17 Verify captcha image is present by default')\n    def test_17_01_17_captcha_image_is_displayed(self, driver, forgot_psw_page):\n        \"\"\"Check that the captcha image is present by default\"\"\"\n>       captcha_image = forgot_psw_page.check_captcha_image_is_visible()\n\ntests/test_forgot_your_password.py:153: \n_ _ _ _ _ _ _ _ _ _ _ _ _ _ _ _ _ _ _ _ _ _ _ _ _ _ _ _ _ _ _ _ _ _ _ _ _ _ _ _ \npages/forgot_your_password_page.py:109: in check_captcha_image_is_visible\n    return self.element_is_visible(self.locators.RELOAD_CAPTCHA_IMAGE)\npages/base_page.py:29: in element_is_visible\n    self.go_to_element(self.element_is_present(locator))\npages/base_page.py:50: in element_is_present\n    return wait(self.driver, timeout).until(EC.presence_of_element_located(locator))\n_ _ _ _ _ _ _ _ _ _ _ _ _ _ _ _ _ _ _ _ _ _ _ _ _ _ _ _ _ _ _ _ _ _ _ _ _ _ _ _ \n\nself = <selenium.webdriver.support.wait.WebDriverWait (session=\"66e1730c77e17c24f43a4f5e956073b7\")>\nmethod = <function presence_of_element_located.<locals>._predicate at 0x7f9a4f3799e0>\nmessage = ''\n\n    def until(self, method, message: str = \"\"):\n        \"\"\"Calls the method provided with the driver as an argument until the \\\n        return value does not evaluate to ``False``.\n    \n        :param method: callable(WebDriver)\n        :param message: optional message for :exc:`TimeoutException`\n        :returns: the result of the last call to `method`\n        :raises: :exc:`selenium.common.exceptions.TimeoutException` if timeout occurs\n        \"\"\"\n        screen = None\n        stacktrace = None\n    \n        end_time = time.monotonic() + self._timeout\n        while True:\n            try:\n                value = method(self._driver)\n                if value:\n                    return value\n            except self._ignored_exceptions as exc:\n                screen = getattr(exc, \"screen\", None)\n                stacktrace = getattr(exc, \"stacktrace\", None)\n            time.sleep(self._poll)\n            if time.monotonic() > end_time:\n                break\n>       raise TimeoutException(message, screen, stacktrace)\nE       selenium.common.exceptions.TimeoutException: Message: \nE       Stacktrace:\nE       #0 0x55764abef6c3 <unknown>\nE       #1 0x55764a8c51e7 <unknown>\nE       #2 0x55764a90c566 <unknown>\nE       #3 0x55764a90c651 <unknown>\nE       #4 0x55764a949a74 <unknown>\nE       #5 0x55764a92e0ed <unknown>\nE       #6 0x55764a947322 <unknown>\nE       #7 0x55764a92de93 <unknown>\nE       #8 0x55764a900934 <unknown>\nE       #9 0x55764a90171e <unknown>\nE       #10 0x55764abb4cc8 <unknown>\nE       #11 0x55764abb8c00 <unknown>\nE       #12 0x55764abc31ac <unknown>\nE       #13 0x55764abb9818 <unknown>\nE       #14 0x55764ab8628f <unknown>\nE       #15 0x55764abdde98 <unknown>\nE       #16 0x55764abde069 <unknown>\nE       #17 0x55764abee853 <unknown>\nE       #18 0x7f959fa94b43 <unknown>\n\n/opt/hostedtoolcache/Python/3.11.5/x64/lib/python3.11/site-packages/selenium/webdriver/support/wait.py:95: TimeoutException",
  "flaky" : false,
  "newFailed" : false,
  "beforeStages" : [ {
    "name" : "_session_faker",
    "time" : {
      "start" : 1695515982889,
      "stop" : 1695515982964,
      "duration" : 75
    },
    "status" : "passed",
    "steps" : [ ],
    "attachments" : [ ],
    "parameters" : [ ],
    "stepsCount" : 0,
    "attachmentsCount" : 0,
    "shouldDisplayMessage" : false,
    "hasContent" : false
  }, {
    "name" : "forgot_psw_page",
    "time" : {
      "start" : 1695516380680,
      "stop" : 1695516381794,
      "duration" : 1114
    },
    "status" : "passed",
    "steps" : [ {
      "name" : "Open a browser",
      "time" : {
        "start" : 1695516380680,
        "stop" : 1695516381794,
        "duration" : 1114
      },
      "status" : "passed",
      "steps" : [ ],
      "attachments" : [ ],
      "parameters" : [ ],
      "stepsCount" : 0,
      "attachmentsCount" : 0,
      "shouldDisplayMessage" : false,
      "hasContent" : false
    } ],
    "attachments" : [ ],
    "parameters" : [ ],
    "stepsCount" : 1,
    "attachmentsCount" : 0,
    "shouldDisplayMessage" : false,
    "hasContent" : true
  }, {
    "name" : "driver",
    "time" : {
      "start" : 1695516379491,
      "stop" : 1695516380680,
      "duration" : 1189
    },
    "status" : "passed",
    "steps" : [ ],
    "attachments" : [ ],
    "parameters" : [ ],
    "stepsCount" : 0,
    "attachmentsCount" : 0,
    "shouldDisplayMessage" : false,
    "hasContent" : false
  }, {
    "name" : "clear_allure_result_folder",
    "time" : {
      "start" : 1695515982964,
      "stop" : 1695515982965,
      "duration" : 1
    },
    "status" : "passed",
    "steps" : [ ],
    "attachments" : [ ],
    "parameters" : [ ],
    "stepsCount" : 0,
    "attachmentsCount" : 0,
    "shouldDisplayMessage" : false,
    "hasContent" : false
  } ],
  "testStage" : {
    "description" : "Check that the captcha image is present by default",
    "status" : "broken",
    "statusMessage" : "selenium.common.exceptions.TimeoutException: Message: \nStacktrace:\n#0 0x55764abef6c3 <unknown>\n#1 0x55764a8c51e7 <unknown>\n#2 0x55764a90c566 <unknown>\n#3 0x55764a90c651 <unknown>\n#4 0x55764a949a74 <unknown>\n#5 0x55764a92e0ed <unknown>\n#6 0x55764a947322 <unknown>\n#7 0x55764a92de93 <unknown>\n#8 0x55764a900934 <unknown>\n#9 0x55764a90171e <unknown>\n#10 0x55764abb4cc8 <unknown>\n#11 0x55764abb8c00 <unknown>\n#12 0x55764abc31ac <unknown>\n#13 0x55764abb9818 <unknown>\n#14 0x55764ab8628f <unknown>\n#15 0x55764abdde98 <unknown>\n#16 0x55764abde069 <unknown>\n#17 0x55764abee853 <unknown>\n#18 0x7f959fa94b43 <unknown>",
    "statusTrace" : "self = <test_forgot_your_password.TestForgotYourPassword object at 0x7f9a4ed9df10>\ndriver = <selenium.webdriver.chrome.webdriver.WebDriver (session=\"66e1730c77e17c24f43a4f5e956073b7\")>\nforgot_psw_page = <pages.forgot_your_password_page.ForgotYourPasswordPage object at 0x7f9a4fd34950>\n\n    @allure.title('TC 17.01.17 Verify captcha image is present by default')\n    def test_17_01_17_captcha_image_is_displayed(self, driver, forgot_psw_page):\n        \"\"\"Check that the captcha image is present by default\"\"\"\n>       captcha_image = forgot_psw_page.check_captcha_image_is_visible()\n\ntests/test_forgot_your_password.py:153: \n_ _ _ _ _ _ _ _ _ _ _ _ _ _ _ _ _ _ _ _ _ _ _ _ _ _ _ _ _ _ _ _ _ _ _ _ _ _ _ _ \npages/forgot_your_password_page.py:109: in check_captcha_image_is_visible\n    return self.element_is_visible(self.locators.RELOAD_CAPTCHA_IMAGE)\npages/base_page.py:29: in element_is_visible\n    self.go_to_element(self.element_is_present(locator))\npages/base_page.py:50: in element_is_present\n    return wait(self.driver, timeout).until(EC.presence_of_element_located(locator))\n_ _ _ _ _ _ _ _ _ _ _ _ _ _ _ _ _ _ _ _ _ _ _ _ _ _ _ _ _ _ _ _ _ _ _ _ _ _ _ _ \n\nself = <selenium.webdriver.support.wait.WebDriverWait (session=\"66e1730c77e17c24f43a4f5e956073b7\")>\nmethod = <function presence_of_element_located.<locals>._predicate at 0x7f9a4f3799e0>\nmessage = ''\n\n    def until(self, method, message: str = \"\"):\n        \"\"\"Calls the method provided with the driver as an argument until the \\\n        return value does not evaluate to ``False``.\n    \n        :param method: callable(WebDriver)\n        :param message: optional message for :exc:`TimeoutException`\n        :returns: the result of the last call to `method`\n        :raises: :exc:`selenium.common.exceptions.TimeoutException` if timeout occurs\n        \"\"\"\n        screen = None\n        stacktrace = None\n    \n        end_time = time.monotonic() + self._timeout\n        while True:\n            try:\n                value = method(self._driver)\n                if value:\n                    return value\n            except self._ignored_exceptions as exc:\n                screen = getattr(exc, \"screen\", None)\n                stacktrace = getattr(exc, \"stacktrace\", None)\n            time.sleep(self._poll)\n            if time.monotonic() > end_time:\n                break\n>       raise TimeoutException(message, screen, stacktrace)\nE       selenium.common.exceptions.TimeoutException: Message: \nE       Stacktrace:\nE       #0 0x55764abef6c3 <unknown>\nE       #1 0x55764a8c51e7 <unknown>\nE       #2 0x55764a90c566 <unknown>\nE       #3 0x55764a90c651 <unknown>\nE       #4 0x55764a949a74 <unknown>\nE       #5 0x55764a92e0ed <unknown>\nE       #6 0x55764a947322 <unknown>\nE       #7 0x55764a92de93 <unknown>\nE       #8 0x55764a900934 <unknown>\nE       #9 0x55764a90171e <unknown>\nE       #10 0x55764abb4cc8 <unknown>\nE       #11 0x55764abb8c00 <unknown>\nE       #12 0x55764abc31ac <unknown>\nE       #13 0x55764abb9818 <unknown>\nE       #14 0x55764ab8628f <unknown>\nE       #15 0x55764abdde98 <unknown>\nE       #16 0x55764abde069 <unknown>\nE       #17 0x55764abee853 <unknown>\nE       #18 0x7f959fa94b43 <unknown>\n\n/opt/hostedtoolcache/Python/3.11.5/x64/lib/python3.11/site-packages/selenium/webdriver/support/wait.py:95: TimeoutException",
    "steps" : [ {
      "name" : "Check Captcha image is visible",
      "time" : {
        "start" : 1695516381795,
        "stop" : 1695516386916,
        "duration" : 5121
      },
      "status" : "broken",
      "statusMessage" : "selenium.common.exceptions.TimeoutException: Message: \nStacktrace:\n#0 0x55764abef6c3 <unknown>\n#1 0x55764a8c51e7 <unknown>\n#2 0x55764a90c566 <unknown>\n#3 0x55764a90c651 <unknown>\n#4 0x55764a949a74 <unknown>\n#5 0x55764a92e0ed <unknown>\n#6 0x55764a947322 <unknown>\n#7 0x55764a92de93 <unknown>\n#8 0x55764a900934 <unknown>\n#9 0x55764a90171e <unknown>\n#10 0x55764abb4cc8 <unknown>\n#11 0x55764abb8c00 <unknown>\n#12 0x55764abc31ac <unknown>\n#13 0x55764abb9818 <unknown>\n#14 0x55764ab8628f <unknown>\n#15 0x55764abdde98 <unknown>\n#16 0x55764abde069 <unknown>\n#17 0x55764abee853 <unknown>\n#18 0x7f959fa94b43 <unknown>\n\n",
      "statusTrace" : "  File \"/opt/hostedtoolcache/Python/3.11.5/x64/lib/python3.11/site-packages/allure_commons/_allure.py\", line 192, in impl\n    return func(*a, **kw)\n           ^^^^^^^^^^^^^^\n  File \"/home/runner/work/luma_project/luma_project/pages/forgot_your_password_page.py\", line 109, in check_captcha_image_is_visible\n    return self.element_is_visible(self.locators.RELOAD_CAPTCHA_IMAGE)\n           ^^^^^^^^^^^^^^^^^^^^^^^^^^^^^^^^^^^^^^^^^^^^^^^^^^^^^^^^^^^\n  File \"/opt/hostedtoolcache/Python/3.11.5/x64/lib/python3.11/site-packages/allure_commons/_allure.py\", line 192, in impl\n    return func(*a, **kw)\n           ^^^^^^^^^^^^^^\n  File \"/home/runner/work/luma_project/luma_project/pages/base_page.py\", line 29, in element_is_visible\n    self.go_to_element(self.element_is_present(locator))\n                       ^^^^^^^^^^^^^^^^^^^^^^^^^^^^^^^^\n  File \"/opt/hostedtoolcache/Python/3.11.5/x64/lib/python3.11/site-packages/allure_commons/_allure.py\", line 192, in impl\n    return func(*a, **kw)\n           ^^^^^^^^^^^^^^\n  File \"/home/runner/work/luma_project/luma_project/pages/base_page.py\", line 50, in element_is_present\n    return wait(self.driver, timeout).until(EC.presence_of_element_located(locator))\n           ^^^^^^^^^^^^^^^^^^^^^^^^^^^^^^^^^^^^^^^^^^^^^^^^^^^^^^^^^^^^^^^^^^^^^^^^^\n  File \"/opt/hostedtoolcache/Python/3.11.5/x64/lib/python3.11/site-packages/selenium/webdriver/support/wait.py\", line 95, in until\n    raise TimeoutException(message, screen, stacktrace)\n",
      "steps" : [ {
        "name" : "Find a visible element",
        "time" : {
          "start" : 1695516381795,
          "stop" : 1695516386915,
          "duration" : 5120
        },
        "status" : "broken",
        "statusMessage" : "selenium.common.exceptions.TimeoutException: Message: \nStacktrace:\n#0 0x55764abef6c3 <unknown>\n#1 0x55764a8c51e7 <unknown>\n#2 0x55764a90c566 <unknown>\n#3 0x55764a90c651 <unknown>\n#4 0x55764a949a74 <unknown>\n#5 0x55764a92e0ed <unknown>\n#6 0x55764a947322 <unknown>\n#7 0x55764a92de93 <unknown>\n#8 0x55764a900934 <unknown>\n#9 0x55764a90171e <unknown>\n#10 0x55764abb4cc8 <unknown>\n#11 0x55764abb8c00 <unknown>\n#12 0x55764abc31ac <unknown>\n#13 0x55764abb9818 <unknown>\n#14 0x55764ab8628f <unknown>\n#15 0x55764abdde98 <unknown>\n#16 0x55764abde069 <unknown>\n#17 0x55764abee853 <unknown>\n#18 0x7f959fa94b43 <unknown>\n\n",
        "statusTrace" : "  File \"/opt/hostedtoolcache/Python/3.11.5/x64/lib/python3.11/site-packages/allure_commons/_allure.py\", line 192, in impl\n    return func(*a, **kw)\n           ^^^^^^^^^^^^^^\n  File \"/home/runner/work/luma_project/luma_project/pages/base_page.py\", line 29, in element_is_visible\n    self.go_to_element(self.element_is_present(locator))\n                       ^^^^^^^^^^^^^^^^^^^^^^^^^^^^^^^^\n  File \"/opt/hostedtoolcache/Python/3.11.5/x64/lib/python3.11/site-packages/allure_commons/_allure.py\", line 192, in impl\n    return func(*a, **kw)\n           ^^^^^^^^^^^^^^\n  File \"/home/runner/work/luma_project/luma_project/pages/base_page.py\", line 50, in element_is_present\n    return wait(self.driver, timeout).until(EC.presence_of_element_located(locator))\n           ^^^^^^^^^^^^^^^^^^^^^^^^^^^^^^^^^^^^^^^^^^^^^^^^^^^^^^^^^^^^^^^^^^^^^^^^^\n  File \"/opt/hostedtoolcache/Python/3.11.5/x64/lib/python3.11/site-packages/selenium/webdriver/support/wait.py\", line 95, in until\n    raise TimeoutException(message, screen, stacktrace)\n",
        "steps" : [ {
          "name" : "Find a present element",
          "time" : {
            "start" : 1695516381795,
            "stop" : 1695516386915,
            "duration" : 5120
          },
          "status" : "broken",
          "statusMessage" : "selenium.common.exceptions.TimeoutException: Message: \nStacktrace:\n#0 0x55764abef6c3 <unknown>\n#1 0x55764a8c51e7 <unknown>\n#2 0x55764a90c566 <unknown>\n#3 0x55764a90c651 <unknown>\n#4 0x55764a949a74 <unknown>\n#5 0x55764a92e0ed <unknown>\n#6 0x55764a947322 <unknown>\n#7 0x55764a92de93 <unknown>\n#8 0x55764a900934 <unknown>\n#9 0x55764a90171e <unknown>\n#10 0x55764abb4cc8 <unknown>\n#11 0x55764abb8c00 <unknown>\n#12 0x55764abc31ac <unknown>\n#13 0x55764abb9818 <unknown>\n#14 0x55764ab8628f <unknown>\n#15 0x55764abdde98 <unknown>\n#16 0x55764abde069 <unknown>\n#17 0x55764abee853 <unknown>\n#18 0x7f959fa94b43 <unknown>\n\n",
          "statusTrace" : "  File \"/opt/hostedtoolcache/Python/3.11.5/x64/lib/python3.11/site-packages/allure_commons/_allure.py\", line 192, in impl\n    return func(*a, **kw)\n           ^^^^^^^^^^^^^^\n  File \"/home/runner/work/luma_project/luma_project/pages/base_page.py\", line 50, in element_is_present\n    return wait(self.driver, timeout).until(EC.presence_of_element_located(locator))\n           ^^^^^^^^^^^^^^^^^^^^^^^^^^^^^^^^^^^^^^^^^^^^^^^^^^^^^^^^^^^^^^^^^^^^^^^^^\n  File \"/opt/hostedtoolcache/Python/3.11.5/x64/lib/python3.11/site-packages/selenium/webdriver/support/wait.py\", line 95, in until\n    raise TimeoutException(message, screen, stacktrace)\n",
          "steps" : [ ],
          "attachments" : [ ],
          "parameters" : [ {
            "name" : "locator",
            "value" : "('xpath', '//img[@class=\"captcha-img\"]')"
          }, {
            "name" : "timeout",
            "value" : "5"
          } ],
          "stepsCount" : 0,
          "attachmentsCount" : 0,
          "shouldDisplayMessage" : true,
          "hasContent" : true
        } ],
        "attachments" : [ ],
        "parameters" : [ {
          "name" : "locator",
          "value" : "('xpath', '//img[@class=\"captcha-img\"]')"
        }, {
          "name" : "timeout",
          "value" : "10"
        } ],
        "stepsCount" : 1,
        "attachmentsCount" : 0,
        "shouldDisplayMessage" : false,
        "hasContent" : true
      } ],
      "attachments" : [ ],
      "parameters" : [ ],
      "stepsCount" : 2,
      "attachmentsCount" : 0,
      "shouldDisplayMessage" : false,
      "hasContent" : true
    } ],
    "attachments" : [ {
      "uid" : "2ad626f730b8e35f",
      "name" : "Screenshot",
      "source" : "2ad626f730b8e35f.png",
      "type" : "image/png",
      "size" : 70029
    }, {
      "uid" : "71a90775a8c226b7",
      "name" : "HTML source",
      "source" : "71a90775a8c226b7.html",
      "type" : "text/html",
      "size" : 78367
    } ],
    "parameters" : [ ],
    "stepsCount" : 3,
    "attachmentsCount" : 2,
    "shouldDisplayMessage" : true,
    "hasContent" : true
  },
  "afterStages" : [ {
    "name" : "driver::0",
    "time" : {
      "start" : 1695516387090,
      "stop" : 1695516387154,
      "duration" : 64
    },
    "status" : "passed",
    "steps" : [ ],
    "attachments" : [ ],
    "parameters" : [ ],
    "stepsCount" : 0,
    "attachmentsCount" : 0,
    "shouldDisplayMessage" : false,
    "hasContent" : false
  }, {
    "name" : "clear_allure_result_folder::0",
    "time" : {
      "start" : 1695517631857,
      "stop" : 1695517631857,
      "duration" : 0
    },
    "status" : "passed",
    "steps" : [ ],
    "attachments" : [ ],
    "parameters" : [ ],
    "stepsCount" : 0,
    "attachmentsCount" : 0,
    "shouldDisplayMessage" : false,
    "hasContent" : false
  } ],
  "labels" : [ {
    "name" : "epic",
    "value" : "Forgot Your Password Page"
  }, {
    "name" : "parentSuite",
    "value" : "tests"
  }, {
    "name" : "suite",
    "value" : "test_forgot_your_password"
  }, {
    "name" : "subSuite",
    "value" : "TestForgotYourPassword"
  }, {
    "name" : "host",
    "value" : "fv-az812-630"
  }, {
    "name" : "thread",
    "value" : "2998-MainThread"
  }, {
    "name" : "framework",
    "value" : "pytest"
  }, {
    "name" : "language",
    "value" : "cpython3"
  }, {
    "name" : "package",
    "value" : "tests.test_forgot_your_password"
  }, {
    "name" : "resultFormat",
    "value" : "allure2"
  } ],
  "parameters" : [ ],
  "links" : [ ],
  "hidden" : false,
  "retry" : false,
  "extra" : {
    "severity" : "normal",
    "retries" : [ ],
    "categories" : [ {
      "name" : "Test defects",
      "matchedStatuses" : [ ],
      "flaky" : false
    } ],
    "tags" : [ ]
  },
  "source" : "93d561a26c51a6b6.json",
  "parameterValues" : [ ]
}