{
  "uid" : "9607cfee7121d866",
  "name" : "TC 10.02.01 - Verify 'MEN'S DEALS' title is correct",
  "fullName" : "tests.test_sale.TestSideMenuBarMen#test_tc_10_02_01",
  "historyId" : "7d9cc06b830a248f9ded0f57b7152948",
  "time" : {
    "start" : 1693097805381,
    "stop" : 1693097805452,
    "duration" : 71
  },
  "description" : "Check title of Men's Deals section",
  "descriptionHtml" : "<p>Check title of Men's Deals section</p>\n",
  "status" : "skipped",
  "statusMessage" : "XFAIL This test is expecting failure == Assertion Error because of error in spelling Men's\n\nAssertionError: Expected title: 'MEN'S DEALS', Actual title: MENS'S DEALS\nassert \"MENS'S DEALS\" == \"MEN'S DEALS\"\n  - MEN'S DEALS\n  + MENS'S DEALS\n  ?    +",
  "statusTrace" : "self = <test_sale.TestSalePage.TestSideMenuBarMen object at 0x7f7f8934e750>\nsale_page = <pages.sale_page.SalePage object at 0x7f7f89855410>\n\n    @allure.title(\"TC 10.02.01 - Verify 'MEN'S DEALS' title is correct\")\n    @pytest.mark.xfail(reason=\"This test is expecting failure == Assertion Error \"\n                              \"because of error in spelling Men's\")\n    def test_tc_10_02_01(self, sale_page):\n        \"\"\"Check title of Men's Deals section\"\"\"\n        title = sale_page.check_text_in_men_deals_title()\n>       assert title == \"MEN'S DEALS\", f\"Expected title: 'MEN'S DEALS', Actual title: {title}\"\nE       AssertionError: Expected title: 'MEN'S DEALS', Actual title: MENS'S DEALS\nE       assert \"MENS'S DEALS\" == \"MEN'S DEALS\"\nE         - MEN'S DEALS\nE         + MENS'S DEALS\nE         ?    +\n\ntests/test_sale.py:66: AssertionError",
  "flaky" : false,
  "newFailed" : false,
  "beforeStages" : [ {
    "name" : "_session_faker",
    "time" : {
      "start" : 1693096725216,
      "stop" : 1693096725308,
      "duration" : 92
    },
    "status" : "passed",
    "steps" : [ ],
    "attachments" : [ ],
    "parameters" : [ ],
    "stepsCount" : 0,
    "attachmentsCount" : 0,
    "shouldDisplayMessage" : false,
    "hasContent" : false
  }, {
    "name" : "driver",
    "time" : {
      "start" : 1693097803371,
      "stop" : 1693097804460,
      "duration" : 1089
    },
    "status" : "passed",
    "steps" : [ ],
    "attachments" : [ ],
    "parameters" : [ ],
    "stepsCount" : 0,
    "attachmentsCount" : 0,
    "shouldDisplayMessage" : false,
    "hasContent" : false
  }, {
    "name" : "sale_page",
    "time" : {
      "start" : 1693097804460,
      "stop" : 1693097805380,
      "duration" : 920
    },
    "status" : "passed",
    "steps" : [ {
      "name" : "Open a browser",
      "time" : {
        "start" : 1693097804461,
        "stop" : 1693097805380,
        "duration" : 919
      },
      "status" : "passed",
      "steps" : [ ],
      "attachments" : [ ],
      "parameters" : [ ],
      "stepsCount" : 0,
      "attachmentsCount" : 0,
      "shouldDisplayMessage" : false,
      "hasContent" : false
    } ],
    "attachments" : [ ],
    "parameters" : [ ],
    "stepsCount" : 1,
    "attachmentsCount" : 0,
    "shouldDisplayMessage" : false,
    "hasContent" : true
  }, {
    "name" : "clear_allure_result_folder",
    "time" : {
      "start" : 1693096725308,
      "stop" : 1693096725308,
      "duration" : 0
    },
    "status" : "passed",
    "steps" : [ ],
    "attachments" : [ ],
    "parameters" : [ ],
    "stepsCount" : 0,
    "attachmentsCount" : 0,
    "shouldDisplayMessage" : false,
    "hasContent" : false
  } ],
  "testStage" : {
    "description" : "Check title of Men's Deals section",
    "status" : "skipped",
    "statusMessage" : "XFAIL This test is expecting failure == Assertion Error because of error in spelling Men's\n\nAssertionError: Expected title: 'MEN'S DEALS', Actual title: MENS'S DEALS\nassert \"MENS'S DEALS\" == \"MEN'S DEALS\"\n  - MEN'S DEALS\n  + MENS'S DEALS\n  ?    +",
    "statusTrace" : "self = <test_sale.TestSalePage.TestSideMenuBarMen object at 0x7f7f8934e750>\nsale_page = <pages.sale_page.SalePage object at 0x7f7f89855410>\n\n    @allure.title(\"TC 10.02.01 - Verify 'MEN'S DEALS' title is correct\")\n    @pytest.mark.xfail(reason=\"This test is expecting failure == Assertion Error \"\n                              \"because of error in spelling Men's\")\n    def test_tc_10_02_01(self, sale_page):\n        \"\"\"Check title of Men's Deals section\"\"\"\n        title = sale_page.check_text_in_men_deals_title()\n>       assert title == \"MEN'S DEALS\", f\"Expected title: 'MEN'S DEALS', Actual title: {title}\"\nE       AssertionError: Expected title: 'MEN'S DEALS', Actual title: MENS'S DEALS\nE       assert \"MENS'S DEALS\" == \"MEN'S DEALS\"\nE         - MEN'S DEALS\nE         + MENS'S DEALS\nE         ?    +\n\ntests/test_sale.py:66: AssertionError",
    "steps" : [ {
      "name" : "Check text in Men's deals title",
      "time" : {
        "start" : 1693097805381,
        "stop" : 1693097805451,
        "duration" : 70
      },
      "status" : "passed",
      "steps" : [ {
        "name" : "Find a visible element",
        "time" : {
          "start" : 1693097805381,
          "stop" : 1693097805435,
          "duration" : 54
        },
        "status" : "passed",
        "steps" : [ {
          "name" : "Find a present element",
          "time" : {
            "start" : 1693097805381,
            "stop" : 1693097805398,
            "duration" : 17
          },
          "status" : "passed",
          "steps" : [ ],
          "attachments" : [ ],
          "parameters" : [ {
            "name" : "locator",
            "value" : "('css selector', '.categories-menu > strong:nth-child(3) > span')"
          }, {
            "name" : "timeout",
            "value" : "5"
          } ],
          "stepsCount" : 0,
          "attachmentsCount" : 0,
          "shouldDisplayMessage" : false,
          "hasContent" : true
        }, {
          "name" : "Go to specified element",
          "time" : {
            "start" : 1693097805398,
            "stop" : 1693097805410,
            "duration" : 12
          },
          "status" : "passed",
          "steps" : [ ],
          "attachments" : [ ],
          "parameters" : [ {
            "name" : "element",
            "value" : "<selenium.webdriver.remote.webelement.WebElement (session=\"94f41cbd71cb7178b9528ecfbe580c00\", element=\"0D7676FF154A137A829424B79514D62A_element_30\")>"
          } ],
          "stepsCount" : 0,
          "attachmentsCount" : 0,
          "shouldDisplayMessage" : false,
          "hasContent" : true
        } ],
        "attachments" : [ ],
        "parameters" : [ {
          "name" : "locator",
          "value" : "('css selector', '.categories-menu > strong:nth-child(3) > span')"
        }, {
          "name" : "timeout",
          "value" : "10"
        } ],
        "stepsCount" : 2,
        "attachmentsCount" : 0,
        "shouldDisplayMessage" : false,
        "hasContent" : true
      } ],
      "attachments" : [ ],
      "parameters" : [ ],
      "stepsCount" : 3,
      "attachmentsCount" : 0,
      "shouldDisplayMessage" : false,
      "hasContent" : true
    } ],
    "attachments" : [ {
      "uid" : "94291156f1d64082",
      "name" : "Screenshot",
      "source" : "94291156f1d64082.png",
      "type" : "image/png",
      "size" : 682902
    }, {
      "uid" : "aad00de467d4dbc2",
      "name" : "HTML source",
      "source" : "aad00de467d4dbc2.html",
      "type" : "text/html",
      "size" : 83184
    } ],
    "parameters" : [ ],
    "stepsCount" : 4,
    "attachmentsCount" : 2,
    "shouldDisplayMessage" : true,
    "hasContent" : true
  },
  "afterStages" : [ {
    "name" : "driver::0",
    "time" : {
      "start" : 1693097805890,
      "stop" : 1693097805952,
      "duration" : 62
    },
    "status" : "passed",
    "steps" : [ ],
    "attachments" : [ ],
    "parameters" : [ ],
    "stepsCount" : 0,
    "attachmentsCount" : 0,
    "shouldDisplayMessage" : false,
    "hasContent" : false
  }, {
    "name" : "clear_allure_result_folder::0",
    "time" : {
      "start" : 1693098186640,
      "stop" : 1693098186640,
      "duration" : 0
    },
    "status" : "passed",
    "steps" : [ ],
    "attachments" : [ ],
    "parameters" : [ ],
    "stepsCount" : 0,
    "attachmentsCount" : 0,
    "shouldDisplayMessage" : false,
    "hasContent" : false
  } ],
  "labels" : [ {
    "name" : "epic",
    "value" : "Sale Page"
  }, {
    "name" : "feature",
    "value" : "Testing Side Menu Bar - Men's Deals Section"
  }, {
    "name" : "tag",
    "value" : "@pytest.mark.xfail(reason='This test is expecting failure == Assertion Error because of error in spelling Men's')"
  }, {
    "name" : "parentSuite",
    "value" : "tests"
  }, {
    "name" : "suite",
    "value" : "test_sale"
  }, {
    "name" : "subSuite",
    "value" : "TestSalePage"
  }, {
    "name" : "host",
    "value" : "fv-az1032-305"
  }, {
    "name" : "thread",
    "value" : "2867-MainThread"
  }, {
    "name" : "framework",
    "value" : "pytest"
  }, {
    "name" : "language",
    "value" : "cpython3"
  }, {
    "name" : "package",
    "value" : "tests.test_sale"
  }, {
    "name" : "resultFormat",
    "value" : "allure2"
  } ],
  "parameters" : [ ],
  "links" : [ ],
  "hidden" : false,
  "retry" : false,
  "extra" : {
    "severity" : "normal",
    "retries" : [ ],
    "categories" : [ ],
    "tags" : [ "@pytest.mark.xfail(reason='This test is expecting failure == Assertion Error because of error in spelling Men's')" ]
  },
  "source" : "9607cfee7121d866.json",
  "parameterValues" : [ ]
}