{
  "uid" : "a5f3df9c677b3c97",
  "name" : "TC 17.01.10 Verify FYP captcha input field is correct format and clickable",
  "fullName" : "tests.test_forgot_your_password.TestForgotYourPassword#test_17_01_10_captcha_field_is_correct_format_and_clickable",
  "historyId" : "893c24bbe020a69c355db37017ee26d2",
  "time" : {
    "start" : 1691282820495,
    "stop" : 1691282825636,
    "duration" : 5141
  },
  "description" : "Check if the captcha input is of correct format (input-text) and clickable",
  "descriptionHtml" : "<p>Check if the captcha input is of correct format (input-text) and clickable</p>\n",
  "status" : "broken",
  "statusMessage" : "selenium.common.exceptions.TimeoutException: Message: \nStacktrace:\n#0 0x558b7ed6f783 <unknown>\n#1 0x558b7ea9b917 <unknown>\n#2 0x558b7eada31b <unknown>\n#3 0x558b7eada411 <unknown>\n#4 0x558b7eb15674 <unknown>\n#5 0x558b7eafae2d <unknown>\n#6 0x558b7eb130d9 <unknown>\n#7 0x558b7eafabd3 <unknown>\n#8 0x558b7eacea7b <unknown>\n#9 0x558b7eacf81e <unknown>\n#10 0x558b7ed30e98 <unknown>\n#11 0x558b7ed34d67 <unknown>\n#12 0x558b7ed3f32c <unknown>\n#13 0x558b7ed35993 <unknown>\n#14 0x558b7ed04827 <unknown>\n#15 0x558b7ed598a8 <unknown>\n#16 0x558b7ed59a36 <unknown>\n#17 0x558b7ed685f3 <unknown>\n#18 0x7f69ba952b43 <unknown>",
  "statusTrace" : "self = <test_forgot_your_password.TestForgotYourPassword object at 0x7f08b85eaa90>\ndriver = <selenium.webdriver.chrome.webdriver.WebDriver (session=\"bc5747b7510e3a4edbfbbfaf7f32508d\")>\nforgot_psw_page = <pages.forgot_your_password_page.ForgotYourPasswordPage object at 0x7f08b91e6ed0>\n\n    @allure.title('TC 17.01.10 Verify FYP captcha input field is correct format and clickable')\n    def test_17_01_10_captcha_field_is_correct_format_and_clickable(self, driver, forgot_psw_page):\n        \"\"\"Check if the captcha input is of correct format (input-text) and clickable\"\"\"\n>       captcha_input = forgot_psw_page.check_forgot_psw_captcha_field_is_clickable()\n\ntests/test_forgot_your_password.py:93: \n_ _ _ _ _ _ _ _ _ _ _ _ _ _ _ _ _ _ _ _ _ _ _ _ _ _ _ _ _ _ _ _ _ _ _ _ _ _ _ _ \npages/forgot_your_password_page.py:59: in check_forgot_psw_captcha_field_is_clickable\n    return self.element_is_clickable(self.locators.FORGOT_YOUR_PASSWORD_CAPTCHA)\npages/base_page.py:80: in element_is_clickable\n    return wait(self.driver, timeout).until(EC.element_to_be_clickable(locator))\n_ _ _ _ _ _ _ _ _ _ _ _ _ _ _ _ _ _ _ _ _ _ _ _ _ _ _ _ _ _ _ _ _ _ _ _ _ _ _ _ \n\nself = <selenium.webdriver.support.wait.WebDriverWait (session=\"bc5747b7510e3a4edbfbbfaf7f32508d\")>\nmethod = <function element_to_be_clickable.<locals>._predicate at 0x7f08b726ff60>\nmessage = ''\n\n    def until(self, method, message: str = \"\"):\n        \"\"\"Calls the method provided with the driver as an argument until the \\\n        return value does not evaluate to ``False``.\n    \n        :param method: callable(WebDriver)\n        :param message: optional message for :exc:`TimeoutException`\n        :returns: the result of the last call to `method`\n        :raises: :exc:`selenium.common.exceptions.TimeoutException` if timeout occurs\n        \"\"\"\n        screen = None\n        stacktrace = None\n    \n        end_time = time.monotonic() + self._timeout\n        while True:\n            try:\n                value = method(self._driver)\n                if value:\n                    return value\n            except self._ignored_exceptions as exc:\n                screen = getattr(exc, \"screen\", None)\n                stacktrace = getattr(exc, \"stacktrace\", None)\n            time.sleep(self._poll)\n            if time.monotonic() > end_time:\n                break\n>       raise TimeoutException(message, screen, stacktrace)\nE       selenium.common.exceptions.TimeoutException: Message: \nE       Stacktrace:\nE       #0 0x558b7ed6f783 <unknown>\nE       #1 0x558b7ea9b917 <unknown>\nE       #2 0x558b7eada31b <unknown>\nE       #3 0x558b7eada411 <unknown>\nE       #4 0x558b7eb15674 <unknown>\nE       #5 0x558b7eafae2d <unknown>\nE       #6 0x558b7eb130d9 <unknown>\nE       #7 0x558b7eafabd3 <unknown>\nE       #8 0x558b7eacea7b <unknown>\nE       #9 0x558b7eacf81e <unknown>\nE       #10 0x558b7ed30e98 <unknown>\nE       #11 0x558b7ed34d67 <unknown>\nE       #12 0x558b7ed3f32c <unknown>\nE       #13 0x558b7ed35993 <unknown>\nE       #14 0x558b7ed04827 <unknown>\nE       #15 0x558b7ed598a8 <unknown>\nE       #16 0x558b7ed59a36 <unknown>\nE       #17 0x558b7ed685f3 <unknown>\nE       #18 0x7f69ba952b43 <unknown>\n\n/opt/hostedtoolcache/Python/3.11.4/x64/lib/python3.11/site-packages/selenium/webdriver/support/wait.py:95: TimeoutException",
  "flaky" : false,
  "newFailed" : false,
  "beforeStages" : [ {
    "name" : "clear_allure_result_folder",
    "time" : {
      "start" : 1691282438568,
      "stop" : 1691282438568,
      "duration" : 0
    },
    "status" : "passed",
    "steps" : [ ],
    "attachments" : [ ],
    "parameters" : [ ],
    "stepsCount" : 0,
    "attachmentsCount" : 0,
    "shouldDisplayMessage" : false,
    "hasContent" : false
  }, {
    "name" : "driver",
    "time" : {
      "start" : 1691282818021,
      "stop" : 1691282819134,
      "duration" : 1113
    },
    "status" : "passed",
    "steps" : [ ],
    "attachments" : [ ],
    "parameters" : [ ],
    "stepsCount" : 0,
    "attachmentsCount" : 0,
    "shouldDisplayMessage" : false,
    "hasContent" : false
  }, {
    "name" : "_session_faker",
    "time" : {
      "start" : 1691282438456,
      "stop" : 1691282438568,
      "duration" : 112
    },
    "status" : "passed",
    "steps" : [ ],
    "attachments" : [ ],
    "parameters" : [ ],
    "stepsCount" : 0,
    "attachmentsCount" : 0,
    "shouldDisplayMessage" : false,
    "hasContent" : false
  }, {
    "name" : "forgot_psw_page",
    "time" : {
      "start" : 1691282819134,
      "stop" : 1691282820494,
      "duration" : 1360
    },
    "status" : "passed",
    "steps" : [ {
      "name" : "Open a browser",
      "time" : {
        "start" : 1691282819134,
        "stop" : 1691282820494,
        "duration" : 1360
      },
      "status" : "passed",
      "steps" : [ ],
      "attachments" : [ ],
      "parameters" : [ ],
      "stepsCount" : 0,
      "attachmentsCount" : 0,
      "shouldDisplayMessage" : false,
      "hasContent" : false
    } ],
    "attachments" : [ ],
    "parameters" : [ ],
    "stepsCount" : 1,
    "attachmentsCount" : 0,
    "shouldDisplayMessage" : false,
    "hasContent" : true
  } ],
  "testStage" : {
    "description" : "Check if the captcha input is of correct format (input-text) and clickable",
    "status" : "broken",
    "statusMessage" : "selenium.common.exceptions.TimeoutException: Message: \nStacktrace:\n#0 0x558b7ed6f783 <unknown>\n#1 0x558b7ea9b917 <unknown>\n#2 0x558b7eada31b <unknown>\n#3 0x558b7eada411 <unknown>\n#4 0x558b7eb15674 <unknown>\n#5 0x558b7eafae2d <unknown>\n#6 0x558b7eb130d9 <unknown>\n#7 0x558b7eafabd3 <unknown>\n#8 0x558b7eacea7b <unknown>\n#9 0x558b7eacf81e <unknown>\n#10 0x558b7ed30e98 <unknown>\n#11 0x558b7ed34d67 <unknown>\n#12 0x558b7ed3f32c <unknown>\n#13 0x558b7ed35993 <unknown>\n#14 0x558b7ed04827 <unknown>\n#15 0x558b7ed598a8 <unknown>\n#16 0x558b7ed59a36 <unknown>\n#17 0x558b7ed685f3 <unknown>\n#18 0x7f69ba952b43 <unknown>",
    "statusTrace" : "self = <test_forgot_your_password.TestForgotYourPassword object at 0x7f08b85eaa90>\ndriver = <selenium.webdriver.chrome.webdriver.WebDriver (session=\"bc5747b7510e3a4edbfbbfaf7f32508d\")>\nforgot_psw_page = <pages.forgot_your_password_page.ForgotYourPasswordPage object at 0x7f08b91e6ed0>\n\n    @allure.title('TC 17.01.10 Verify FYP captcha input field is correct format and clickable')\n    def test_17_01_10_captcha_field_is_correct_format_and_clickable(self, driver, forgot_psw_page):\n        \"\"\"Check if the captcha input is of correct format (input-text) and clickable\"\"\"\n>       captcha_input = forgot_psw_page.check_forgot_psw_captcha_field_is_clickable()\n\ntests/test_forgot_your_password.py:93: \n_ _ _ _ _ _ _ _ _ _ _ _ _ _ _ _ _ _ _ _ _ _ _ _ _ _ _ _ _ _ _ _ _ _ _ _ _ _ _ _ \npages/forgot_your_password_page.py:59: in check_forgot_psw_captcha_field_is_clickable\n    return self.element_is_clickable(self.locators.FORGOT_YOUR_PASSWORD_CAPTCHA)\npages/base_page.py:80: in element_is_clickable\n    return wait(self.driver, timeout).until(EC.element_to_be_clickable(locator))\n_ _ _ _ _ _ _ _ _ _ _ _ _ _ _ _ _ _ _ _ _ _ _ _ _ _ _ _ _ _ _ _ _ _ _ _ _ _ _ _ \n\nself = <selenium.webdriver.support.wait.WebDriverWait (session=\"bc5747b7510e3a4edbfbbfaf7f32508d\")>\nmethod = <function element_to_be_clickable.<locals>._predicate at 0x7f08b726ff60>\nmessage = ''\n\n    def until(self, method, message: str = \"\"):\n        \"\"\"Calls the method provided with the driver as an argument until the \\\n        return value does not evaluate to ``False``.\n    \n        :param method: callable(WebDriver)\n        :param message: optional message for :exc:`TimeoutException`\n        :returns: the result of the last call to `method`\n        :raises: :exc:`selenium.common.exceptions.TimeoutException` if timeout occurs\n        \"\"\"\n        screen = None\n        stacktrace = None\n    \n        end_time = time.monotonic() + self._timeout\n        while True:\n            try:\n                value = method(self._driver)\n                if value:\n                    return value\n            except self._ignored_exceptions as exc:\n                screen = getattr(exc, \"screen\", None)\n                stacktrace = getattr(exc, \"stacktrace\", None)\n            time.sleep(self._poll)\n            if time.monotonic() > end_time:\n                break\n>       raise TimeoutException(message, screen, stacktrace)\nE       selenium.common.exceptions.TimeoutException: Message: \nE       Stacktrace:\nE       #0 0x558b7ed6f783 <unknown>\nE       #1 0x558b7ea9b917 <unknown>\nE       #2 0x558b7eada31b <unknown>\nE       #3 0x558b7eada411 <unknown>\nE       #4 0x558b7eb15674 <unknown>\nE       #5 0x558b7eafae2d <unknown>\nE       #6 0x558b7eb130d9 <unknown>\nE       #7 0x558b7eafabd3 <unknown>\nE       #8 0x558b7eacea7b <unknown>\nE       #9 0x558b7eacf81e <unknown>\nE       #10 0x558b7ed30e98 <unknown>\nE       #11 0x558b7ed34d67 <unknown>\nE       #12 0x558b7ed3f32c <unknown>\nE       #13 0x558b7ed35993 <unknown>\nE       #14 0x558b7ed04827 <unknown>\nE       #15 0x558b7ed598a8 <unknown>\nE       #16 0x558b7ed59a36 <unknown>\nE       #17 0x558b7ed685f3 <unknown>\nE       #18 0x7f69ba952b43 <unknown>\n\n/opt/hostedtoolcache/Python/3.11.4/x64/lib/python3.11/site-packages/selenium/webdriver/support/wait.py:95: TimeoutException",
    "steps" : [ {
      "name" : "Check FYP captcha input field is clickable",
      "time" : {
        "start" : 1691282820495,
        "stop" : 1691282825636,
        "duration" : 5141
      },
      "status" : "broken",
      "statusMessage" : "selenium.common.exceptions.TimeoutException: Message: \nStacktrace:\n#0 0x558b7ed6f783 <unknown>\n#1 0x558b7ea9b917 <unknown>\n#2 0x558b7eada31b <unknown>\n#3 0x558b7eada411 <unknown>\n#4 0x558b7eb15674 <unknown>\n#5 0x558b7eafae2d <unknown>\n#6 0x558b7eb130d9 <unknown>\n#7 0x558b7eafabd3 <unknown>\n#8 0x558b7eacea7b <unknown>\n#9 0x558b7eacf81e <unknown>\n#10 0x558b7ed30e98 <unknown>\n#11 0x558b7ed34d67 <unknown>\n#12 0x558b7ed3f32c <unknown>\n#13 0x558b7ed35993 <unknown>\n#14 0x558b7ed04827 <unknown>\n#15 0x558b7ed598a8 <unknown>\n#16 0x558b7ed59a36 <unknown>\n#17 0x558b7ed685f3 <unknown>\n#18 0x7f69ba952b43 <unknown>\n\n",
      "statusTrace" : "  File \"/opt/hostedtoolcache/Python/3.11.4/x64/lib/python3.11/site-packages/allure_commons/_allure.py\", line 192, in impl\n    return func(*a, **kw)\n           ^^^^^^^^^^^^^^\n  File \"/home/runner/work/luma_project/luma_project/pages/forgot_your_password_page.py\", line 59, in check_forgot_psw_captcha_field_is_clickable\n    return self.element_is_clickable(self.locators.FORGOT_YOUR_PASSWORD_CAPTCHA)\n           ^^^^^^^^^^^^^^^^^^^^^^^^^^^^^^^^^^^^^^^^^^^^^^^^^^^^^^^^^^^^^^^^^^^^^\n  File \"/opt/hostedtoolcache/Python/3.11.4/x64/lib/python3.11/site-packages/allure_commons/_allure.py\", line 192, in impl\n    return func(*a, **kw)\n           ^^^^^^^^^^^^^^\n  File \"/home/runner/work/luma_project/luma_project/pages/base_page.py\", line 80, in element_is_clickable\n    return wait(self.driver, timeout).until(EC.element_to_be_clickable(locator))\n           ^^^^^^^^^^^^^^^^^^^^^^^^^^^^^^^^^^^^^^^^^^^^^^^^^^^^^^^^^^^^^^^^^^^^^\n  File \"/opt/hostedtoolcache/Python/3.11.4/x64/lib/python3.11/site-packages/selenium/webdriver/support/wait.py\", line 95, in until\n    raise TimeoutException(message, screen, stacktrace)\n",
      "steps" : [ {
        "name" : "Find clickable elements",
        "time" : {
          "start" : 1691282820495,
          "stop" : 1691282825635,
          "duration" : 5140
        },
        "status" : "broken",
        "statusMessage" : "selenium.common.exceptions.TimeoutException: Message: \nStacktrace:\n#0 0x558b7ed6f783 <unknown>\n#1 0x558b7ea9b917 <unknown>\n#2 0x558b7eada31b <unknown>\n#3 0x558b7eada411 <unknown>\n#4 0x558b7eb15674 <unknown>\n#5 0x558b7eafae2d <unknown>\n#6 0x558b7eb130d9 <unknown>\n#7 0x558b7eafabd3 <unknown>\n#8 0x558b7eacea7b <unknown>\n#9 0x558b7eacf81e <unknown>\n#10 0x558b7ed30e98 <unknown>\n#11 0x558b7ed34d67 <unknown>\n#12 0x558b7ed3f32c <unknown>\n#13 0x558b7ed35993 <unknown>\n#14 0x558b7ed04827 <unknown>\n#15 0x558b7ed598a8 <unknown>\n#16 0x558b7ed59a36 <unknown>\n#17 0x558b7ed685f3 <unknown>\n#18 0x7f69ba952b43 <unknown>\n\n",
        "statusTrace" : "  File \"/opt/hostedtoolcache/Python/3.11.4/x64/lib/python3.11/site-packages/allure_commons/_allure.py\", line 192, in impl\n    return func(*a, **kw)\n           ^^^^^^^^^^^^^^\n  File \"/home/runner/work/luma_project/luma_project/pages/base_page.py\", line 80, in element_is_clickable\n    return wait(self.driver, timeout).until(EC.element_to_be_clickable(locator))\n           ^^^^^^^^^^^^^^^^^^^^^^^^^^^^^^^^^^^^^^^^^^^^^^^^^^^^^^^^^^^^^^^^^^^^^\n  File \"/opt/hostedtoolcache/Python/3.11.4/x64/lib/python3.11/site-packages/selenium/webdriver/support/wait.py\", line 95, in until\n    raise TimeoutException(message, screen, stacktrace)\n",
        "steps" : [ ],
        "attachments" : [ ],
        "parameters" : [ {
          "name" : "locator",
          "value" : "('css selector', '#captcha_user_forgotpassword')"
        }, {
          "name" : "timeout",
          "value" : "5"
        } ],
        "stepsCount" : 0,
        "attachmentsCount" : 0,
        "shouldDisplayMessage" : true,
        "hasContent" : true
      } ],
      "attachments" : [ ],
      "parameters" : [ ],
      "stepsCount" : 1,
      "attachmentsCount" : 0,
      "shouldDisplayMessage" : false,
      "hasContent" : true
    } ],
    "attachments" : [ {
      "uid" : "9ec267894c9def0d",
      "name" : "Screenshot",
      "source" : "9ec267894c9def0d.png",
      "type" : "image/png",
      "size" : 68490
    }, {
      "uid" : "92cc7f9ce006267d",
      "name" : "HTML source",
      "source" : "92cc7f9ce006267d.html",
      "type" : "text/html",
      "size" : 77786
    } ],
    "parameters" : [ ],
    "stepsCount" : 2,
    "attachmentsCount" : 2,
    "shouldDisplayMessage" : true,
    "hasContent" : true
  },
  "afterStages" : [ {
    "name" : "clear_allure_result_folder::0",
    "time" : {
      "start" : 1691284012998,
      "stop" : 1691284012998,
      "duration" : 0
    },
    "status" : "passed",
    "steps" : [ ],
    "attachments" : [ ],
    "parameters" : [ ],
    "stepsCount" : 0,
    "attachmentsCount" : 0,
    "shouldDisplayMessage" : false,
    "hasContent" : false
  }, {
    "name" : "driver::0",
    "time" : {
      "start" : 1691282825848,
      "stop" : 1691282825926,
      "duration" : 78
    },
    "status" : "passed",
    "steps" : [ ],
    "attachments" : [ ],
    "parameters" : [ ],
    "stepsCount" : 0,
    "attachmentsCount" : 0,
    "shouldDisplayMessage" : false,
    "hasContent" : false
  } ],
  "labels" : [ {
    "name" : "epic",
    "value" : "Forgot Your Password Page"
  }, {
    "name" : "parentSuite",
    "value" : "tests"
  }, {
    "name" : "suite",
    "value" : "test_forgot_your_password"
  }, {
    "name" : "subSuite",
    "value" : "TestForgotYourPassword"
  }, {
    "name" : "host",
    "value" : "fv-az883-512"
  }, {
    "name" : "thread",
    "value" : "3280-MainThread"
  }, {
    "name" : "framework",
    "value" : "pytest"
  }, {
    "name" : "language",
    "value" : "cpython3"
  }, {
    "name" : "package",
    "value" : "tests.test_forgot_your_password"
  }, {
    "name" : "resultFormat",
    "value" : "allure2"
  } ],
  "parameters" : [ ],
  "links" : [ ],
  "hidden" : false,
  "retry" : false,
  "extra" : {
    "severity" : "normal",
    "retries" : [ ],
    "categories" : [ {
      "name" : "Test defects",
      "matchedStatuses" : [ ],
      "flaky" : false
    } ],
    "tags" : [ ]
  },
  "source" : "a5f3df9c677b3c97.json",
  "parameterValues" : [ ]
}