{
  "uid" : "a671cd4a8f7c7843",
  "name" : "TC 17.01.26 Verify error on resetting My Password with empty captcha",
  "fullName" : "tests.test_forgot_your_password.TestForgotYourPasswordFunctionality#test_17_01_26_error_if_reset_my_password_with_empty_captcha",
  "historyId" : "1b9cc1c64f82295a20a1552cb7df67c5",
  "time" : {
    "start" : 1694306872383,
    "stop" : 1694306880521,
    "duration" : 8138
  },
  "description" : "Check error message on attempt to reset password with empty captcha input field",
  "descriptionHtml" : "<p>Check error message on attempt to reset password with empty captcha input field</p>\n",
  "status" : "broken",
  "statusMessage" : "selenium.common.exceptions.TimeoutException: Message: \nStacktrace:\n#0 0x5652d0da5e23 <unknown>\n#1 0x5652d0ace7a7 <unknown>\n#2 0x5652d0b0d1d3 <unknown>\n#3 0x5652d0b0d2c1 <unknown>\n#4 0x5652d0b48a04 <unknown>\n#5 0x5652d0b2e03d <unknown>\n#6 0x5652d0b46369 <unknown>\n#7 0x5652d0b2dde3 <unknown>\n#8 0x5652d0b01a7b <unknown>\n#9 0x5652d0b0281e <unknown>\n#10 0x5652d0d67638 <unknown>\n#11 0x5652d0d6b507 <unknown>\n#12 0x5652d0d75c4c <unknown>\n#13 0x5652d0d6c136 <unknown>\n#14 0x5652d0d3a9cf <unknown>\n#15 0x5652d0d8fb98 <unknown>\n#16 0x5652d0d8fd68 <unknown>\n#17 0x5652d0d9ecb3 <unknown>\n#18 0x7f50144d5b43 <unknown>",
  "statusTrace" : "self = <test_forgot_your_password.TestForgotYourPasswordFunctionality object at 0x7f85d5f8bad0>\ndriver = <selenium.webdriver.chrome.webdriver.WebDriver (session=\"4a4a17b9dd4ec7f8ef5c95026a730199\")>\nforgot_psw_page = <pages.forgot_your_password_page.ForgotYourPasswordPage object at 0x7f85d3f6a7d0>\n\n    @allure.title('TC 17.01.26 Verify error on resetting My Password with empty captcha')\n    def test_17_01_26_error_if_reset_my_password_with_empty_captcha(self, driver, forgot_psw_page):\n        \"\"\"Check error message on attempt to reset password with empty captcha input field\"\"\"\n        forgot_psw_page.fill_in_email_field(credentials['valid_email'])\n        forgot_psw_page.click_reset_my_password_button()\n>       error_message = forgot_psw_page.get_error_captcha_input_is_required()\n\ntests/test_forgot_your_password.py:207: \n_ _ _ _ _ _ _ _ _ _ _ _ _ _ _ _ _ _ _ _ _ _ _ _ _ _ _ _ _ _ _ _ _ _ _ _ _ _ _ _ \npages/forgot_your_password_page.py:149: in get_error_captcha_input_is_required\n    return self.get_error_message(self.locators.RESET_MY_PASSWORD_CAPTCHA_ERROR)\npages/base_page.py:337: in get_error_message\n    error = self.element_is_visible(locator)\npages/base_page.py:29: in element_is_visible\n    self.go_to_element(self.element_is_present(locator))\npages/base_page.py:50: in element_is_present\n    return wait(self.driver, timeout).until(EC.presence_of_element_located(locator))\n_ _ _ _ _ _ _ _ _ _ _ _ _ _ _ _ _ _ _ _ _ _ _ _ _ _ _ _ _ _ _ _ _ _ _ _ _ _ _ _ \n\nself = <selenium.webdriver.support.wait.WebDriverWait (session=\"4a4a17b9dd4ec7f8ef5c95026a730199\")>\nmethod = <function presence_of_element_located.<locals>._predicate at 0x7f85d5833920>\nmessage = ''\n\n    def until(self, method, message: str = \"\"):\n        \"\"\"Calls the method provided with the driver as an argument until the \\\n        return value does not evaluate to ``False``.\n    \n        :param method: callable(WebDriver)\n        :param message: optional message for :exc:`TimeoutException`\n        :returns: the result of the last call to `method`\n        :raises: :exc:`selenium.common.exceptions.TimeoutException` if timeout occurs\n        \"\"\"\n        screen = None\n        stacktrace = None\n    \n        end_time = time.monotonic() + self._timeout\n        while True:\n            try:\n                value = method(self._driver)\n                if value:\n                    return value\n            except self._ignored_exceptions as exc:\n                screen = getattr(exc, \"screen\", None)\n                stacktrace = getattr(exc, \"stacktrace\", None)\n            time.sleep(self._poll)\n            if time.monotonic() > end_time:\n                break\n>       raise TimeoutException(message, screen, stacktrace)\nE       selenium.common.exceptions.TimeoutException: Message: \nE       Stacktrace:\nE       #0 0x5652d0da5e23 <unknown>\nE       #1 0x5652d0ace7a7 <unknown>\nE       #2 0x5652d0b0d1d3 <unknown>\nE       #3 0x5652d0b0d2c1 <unknown>\nE       #4 0x5652d0b48a04 <unknown>\nE       #5 0x5652d0b2e03d <unknown>\nE       #6 0x5652d0b46369 <unknown>\nE       #7 0x5652d0b2dde3 <unknown>\nE       #8 0x5652d0b01a7b <unknown>\nE       #9 0x5652d0b0281e <unknown>\nE       #10 0x5652d0d67638 <unknown>\nE       #11 0x5652d0d6b507 <unknown>\nE       #12 0x5652d0d75c4c <unknown>\nE       #13 0x5652d0d6c136 <unknown>\nE       #14 0x5652d0d3a9cf <unknown>\nE       #15 0x5652d0d8fb98 <unknown>\nE       #16 0x5652d0d8fd68 <unknown>\nE       #17 0x5652d0d9ecb3 <unknown>\nE       #18 0x7f50144d5b43 <unknown>\n\n/opt/hostedtoolcache/Python/3.11.5/x64/lib/python3.11/site-packages/selenium/webdriver/support/wait.py:95: TimeoutException",
  "flaky" : false,
  "newFailed" : false,
  "beforeStages" : [ {
    "name" : "driver",
    "time" : {
      "start" : 1694306869618,
      "stop" : 1694306870872,
      "duration" : 1254
    },
    "status" : "passed",
    "steps" : [ ],
    "attachments" : [ ],
    "parameters" : [ ],
    "stepsCount" : 0,
    "attachmentsCount" : 0,
    "shouldDisplayMessage" : false,
    "hasContent" : false
  }, {
    "name" : "_session_faker",
    "time" : {
      "start" : 1694306365489,
      "stop" : 1694306365583,
      "duration" : 94
    },
    "status" : "passed",
    "steps" : [ ],
    "attachments" : [ ],
    "parameters" : [ ],
    "stepsCount" : 0,
    "attachmentsCount" : 0,
    "shouldDisplayMessage" : false,
    "hasContent" : false
  }, {
    "name" : "clear_allure_result_folder",
    "time" : {
      "start" : 1694306365584,
      "stop" : 1694306365584,
      "duration" : 0
    },
    "status" : "passed",
    "steps" : [ ],
    "attachments" : [ ],
    "parameters" : [ ],
    "stepsCount" : 0,
    "attachmentsCount" : 0,
    "shouldDisplayMessage" : false,
    "hasContent" : false
  }, {
    "name" : "forgot_psw_page",
    "time" : {
      "start" : 1694306870873,
      "stop" : 1694306872380,
      "duration" : 1507
    },
    "status" : "passed",
    "steps" : [ {
      "name" : "Open a browser",
      "time" : {
        "start" : 1694306870873,
        "stop" : 1694306872380,
        "duration" : 1507
      },
      "status" : "passed",
      "steps" : [ ],
      "attachments" : [ ],
      "parameters" : [ ],
      "stepsCount" : 0,
      "attachmentsCount" : 0,
      "shouldDisplayMessage" : false,
      "hasContent" : false
    } ],
    "attachments" : [ ],
    "parameters" : [ ],
    "stepsCount" : 1,
    "attachmentsCount" : 0,
    "shouldDisplayMessage" : false,
    "hasContent" : true
  } ],
  "testStage" : {
    "description" : "Check error message on attempt to reset password with empty captcha input field",
    "status" : "broken",
    "statusMessage" : "selenium.common.exceptions.TimeoutException: Message: \nStacktrace:\n#0 0x5652d0da5e23 <unknown>\n#1 0x5652d0ace7a7 <unknown>\n#2 0x5652d0b0d1d3 <unknown>\n#3 0x5652d0b0d2c1 <unknown>\n#4 0x5652d0b48a04 <unknown>\n#5 0x5652d0b2e03d <unknown>\n#6 0x5652d0b46369 <unknown>\n#7 0x5652d0b2dde3 <unknown>\n#8 0x5652d0b01a7b <unknown>\n#9 0x5652d0b0281e <unknown>\n#10 0x5652d0d67638 <unknown>\n#11 0x5652d0d6b507 <unknown>\n#12 0x5652d0d75c4c <unknown>\n#13 0x5652d0d6c136 <unknown>\n#14 0x5652d0d3a9cf <unknown>\n#15 0x5652d0d8fb98 <unknown>\n#16 0x5652d0d8fd68 <unknown>\n#17 0x5652d0d9ecb3 <unknown>\n#18 0x7f50144d5b43 <unknown>",
    "statusTrace" : "self = <test_forgot_your_password.TestForgotYourPasswordFunctionality object at 0x7f85d5f8bad0>\ndriver = <selenium.webdriver.chrome.webdriver.WebDriver (session=\"4a4a17b9dd4ec7f8ef5c95026a730199\")>\nforgot_psw_page = <pages.forgot_your_password_page.ForgotYourPasswordPage object at 0x7f85d3f6a7d0>\n\n    @allure.title('TC 17.01.26 Verify error on resetting My Password with empty captcha')\n    def test_17_01_26_error_if_reset_my_password_with_empty_captcha(self, driver, forgot_psw_page):\n        \"\"\"Check error message on attempt to reset password with empty captcha input field\"\"\"\n        forgot_psw_page.fill_in_email_field(credentials['valid_email'])\n        forgot_psw_page.click_reset_my_password_button()\n>       error_message = forgot_psw_page.get_error_captcha_input_is_required()\n\ntests/test_forgot_your_password.py:207: \n_ _ _ _ _ _ _ _ _ _ _ _ _ _ _ _ _ _ _ _ _ _ _ _ _ _ _ _ _ _ _ _ _ _ _ _ _ _ _ _ \npages/forgot_your_password_page.py:149: in get_error_captcha_input_is_required\n    return self.get_error_message(self.locators.RESET_MY_PASSWORD_CAPTCHA_ERROR)\npages/base_page.py:337: in get_error_message\n    error = self.element_is_visible(locator)\npages/base_page.py:29: in element_is_visible\n    self.go_to_element(self.element_is_present(locator))\npages/base_page.py:50: in element_is_present\n    return wait(self.driver, timeout).until(EC.presence_of_element_located(locator))\n_ _ _ _ _ _ _ _ _ _ _ _ _ _ _ _ _ _ _ _ _ _ _ _ _ _ _ _ _ _ _ _ _ _ _ _ _ _ _ _ \n\nself = <selenium.webdriver.support.wait.WebDriverWait (session=\"4a4a17b9dd4ec7f8ef5c95026a730199\")>\nmethod = <function presence_of_element_located.<locals>._predicate at 0x7f85d5833920>\nmessage = ''\n\n    def until(self, method, message: str = \"\"):\n        \"\"\"Calls the method provided with the driver as an argument until the \\\n        return value does not evaluate to ``False``.\n    \n        :param method: callable(WebDriver)\n        :param message: optional message for :exc:`TimeoutException`\n        :returns: the result of the last call to `method`\n        :raises: :exc:`selenium.common.exceptions.TimeoutException` if timeout occurs\n        \"\"\"\n        screen = None\n        stacktrace = None\n    \n        end_time = time.monotonic() + self._timeout\n        while True:\n            try:\n                value = method(self._driver)\n                if value:\n                    return value\n            except self._ignored_exceptions as exc:\n                screen = getattr(exc, \"screen\", None)\n                stacktrace = getattr(exc, \"stacktrace\", None)\n            time.sleep(self._poll)\n            if time.monotonic() > end_time:\n                break\n>       raise TimeoutException(message, screen, stacktrace)\nE       selenium.common.exceptions.TimeoutException: Message: \nE       Stacktrace:\nE       #0 0x5652d0da5e23 <unknown>\nE       #1 0x5652d0ace7a7 <unknown>\nE       #2 0x5652d0b0d1d3 <unknown>\nE       #3 0x5652d0b0d2c1 <unknown>\nE       #4 0x5652d0b48a04 <unknown>\nE       #5 0x5652d0b2e03d <unknown>\nE       #6 0x5652d0b46369 <unknown>\nE       #7 0x5652d0b2dde3 <unknown>\nE       #8 0x5652d0b01a7b <unknown>\nE       #9 0x5652d0b0281e <unknown>\nE       #10 0x5652d0d67638 <unknown>\nE       #11 0x5652d0d6b507 <unknown>\nE       #12 0x5652d0d75c4c <unknown>\nE       #13 0x5652d0d6c136 <unknown>\nE       #14 0x5652d0d3a9cf <unknown>\nE       #15 0x5652d0d8fb98 <unknown>\nE       #16 0x5652d0d8fd68 <unknown>\nE       #17 0x5652d0d9ecb3 <unknown>\nE       #18 0x7f50144d5b43 <unknown>\n\n/opt/hostedtoolcache/Python/3.11.5/x64/lib/python3.11/site-packages/selenium/webdriver/support/wait.py:95: TimeoutException",
    "steps" : [ {
      "name" : "Fill in Email field",
      "time" : {
        "start" : 1694306872383,
        "stop" : 1694306872716,
        "duration" : 333
      },
      "status" : "passed",
      "steps" : [ {
        "name" : "Check FYP Email field is clickable",
        "time" : {
          "start" : 1694306872383,
          "stop" : 1694306872436,
          "duration" : 53
        },
        "status" : "passed",
        "steps" : [ {
          "name" : "Find clickable elements",
          "time" : {
            "start" : 1694306872383,
            "stop" : 1694306872436,
            "duration" : 53
          },
          "status" : "passed",
          "steps" : [ ],
          "attachments" : [ ],
          "parameters" : [ {
            "name" : "locator",
            "value" : "('css selector', '#email_address')"
          }, {
            "name" : "timeout",
            "value" : "5"
          } ],
          "stepsCount" : 0,
          "attachmentsCount" : 0,
          "shouldDisplayMessage" : false,
          "hasContent" : true
        } ],
        "attachments" : [ ],
        "parameters" : [ ],
        "stepsCount" : 1,
        "attachmentsCount" : 0,
        "shouldDisplayMessage" : false,
        "hasContent" : true
      }, {
        "name" : "Fill in a field",
        "time" : {
          "start" : 1694306872436,
          "stop" : 1694306872716,
          "duration" : 280
        },
        "status" : "passed",
        "steps" : [ {
          "name" : "Find clickable elements",
          "time" : {
            "start" : 1694306872436,
            "stop" : 1694306872496,
            "duration" : 60
          },
          "status" : "passed",
          "steps" : [ ],
          "attachments" : [ ],
          "parameters" : [ {
            "name" : "locator",
            "value" : "<selenium.webdriver.remote.webelement.WebElement (session=\"4a4a17b9dd4ec7f8ef5c95026a730199\", element=\"5BB1E807D0969171EEBB993E3881B09D_element_2\")>"
          }, {
            "name" : "timeout",
            "value" : "5"
          } ],
          "stepsCount" : 0,
          "attachmentsCount" : 0,
          "shouldDisplayMessage" : false,
          "hasContent" : true
        } ],
        "attachments" : [ ],
        "parameters" : [ {
          "name" : "locator",
          "value" : "<selenium.webdriver.remote.webelement.WebElement (session=\"4a4a17b9dd4ec7f8ef5c95026a730199\", element=\"5BB1E807D0969171EEBB993E3881B09D_element_2\")>"
        }, {
          "name" : "value",
          "value" : "'test130@mailinator.com'"
        } ],
        "stepsCount" : 1,
        "attachmentsCount" : 0,
        "shouldDisplayMessage" : false,
        "hasContent" : true
      } ],
      "attachments" : [ ],
      "parameters" : [ {
        "name" : "email",
        "value" : "'test130@mailinator.com'"
      } ],
      "stepsCount" : 4,
      "attachmentsCount" : 0,
      "shouldDisplayMessage" : false,
      "hasContent" : true
    }, {
      "name" : "Click on Reset My Password button button",
      "time" : {
        "start" : 1694306872717,
        "stop" : 1694306875341,
        "duration" : 2624
      },
      "status" : "passed",
      "steps" : [ {
        "name" : "Check Reset My Password button is clickable",
        "time" : {
          "start" : 1694306872717,
          "stop" : 1694306872752,
          "duration" : 35
        },
        "status" : "passed",
        "steps" : [ {
          "name" : "Find clickable elements",
          "time" : {
            "start" : 1694306872717,
            "stop" : 1694306872752,
            "duration" : 35
          },
          "status" : "passed",
          "steps" : [ ],
          "attachments" : [ ],
          "parameters" : [ {
            "name" : "locator",
            "value" : "('css selector', 'button[class=\"action submit primary\"]')"
          }, {
            "name" : "timeout",
            "value" : "5"
          } ],
          "stepsCount" : 0,
          "attachmentsCount" : 0,
          "shouldDisplayMessage" : false,
          "hasContent" : true
        } ],
        "attachments" : [ ],
        "parameters" : [ ],
        "stepsCount" : 1,
        "attachmentsCount" : 0,
        "shouldDisplayMessage" : false,
        "hasContent" : true
      } ],
      "attachments" : [ ],
      "parameters" : [ ],
      "stepsCount" : 2,
      "attachmentsCount" : 0,
      "shouldDisplayMessage" : false,
      "hasContent" : true
    }, {
      "name" : "Get error captcha input field required ",
      "time" : {
        "start" : 1694306875341,
        "stop" : 1694306880520,
        "duration" : 5179
      },
      "status" : "broken",
      "statusMessage" : "selenium.common.exceptions.TimeoutException: Message: \nStacktrace:\n#0 0x5652d0da5e23 <unknown>\n#1 0x5652d0ace7a7 <unknown>\n#2 0x5652d0b0d1d3 <unknown>\n#3 0x5652d0b0d2c1 <unknown>\n#4 0x5652d0b48a04 <unknown>\n#5 0x5652d0b2e03d <unknown>\n#6 0x5652d0b46369 <unknown>\n#7 0x5652d0b2dde3 <unknown>\n#8 0x5652d0b01a7b <unknown>\n#9 0x5652d0b0281e <unknown>\n#10 0x5652d0d67638 <unknown>\n#11 0x5652d0d6b507 <unknown>\n#12 0x5652d0d75c4c <unknown>\n#13 0x5652d0d6c136 <unknown>\n#14 0x5652d0d3a9cf <unknown>\n#15 0x5652d0d8fb98 <unknown>\n#16 0x5652d0d8fd68 <unknown>\n#17 0x5652d0d9ecb3 <unknown>\n#18 0x7f50144d5b43 <unknown>\n\n",
      "statusTrace" : "  File \"/opt/hostedtoolcache/Python/3.11.5/x64/lib/python3.11/site-packages/allure_commons/_allure.py\", line 192, in impl\n    return func(*a, **kw)\n           ^^^^^^^^^^^^^^\n  File \"/home/runner/work/luma_project/luma_project/pages/forgot_your_password_page.py\", line 149, in get_error_captcha_input_is_required\n    return self.get_error_message(self.locators.RESET_MY_PASSWORD_CAPTCHA_ERROR)\n           ^^^^^^^^^^^^^^^^^^^^^^^^^^^^^^^^^^^^^^^^^^^^^^^^^^^^^^^^^^^^^^^^^^^^^\n  File \"/opt/hostedtoolcache/Python/3.11.5/x64/lib/python3.11/site-packages/allure_commons/_allure.py\", line 192, in impl\n    return func(*a, **kw)\n           ^^^^^^^^^^^^^^\n  File \"/home/runner/work/luma_project/luma_project/pages/base_page.py\", line 337, in get_error_message\n    error = self.element_is_visible(locator)\n            ^^^^^^^^^^^^^^^^^^^^^^^^^^^^^^^^\n  File \"/opt/hostedtoolcache/Python/3.11.5/x64/lib/python3.11/site-packages/allure_commons/_allure.py\", line 192, in impl\n    return func(*a, **kw)\n           ^^^^^^^^^^^^^^\n  File \"/home/runner/work/luma_project/luma_project/pages/base_page.py\", line 29, in element_is_visible\n    self.go_to_element(self.element_is_present(locator))\n                       ^^^^^^^^^^^^^^^^^^^^^^^^^^^^^^^^\n  File \"/opt/hostedtoolcache/Python/3.11.5/x64/lib/python3.11/site-packages/allure_commons/_allure.py\", line 192, in impl\n    return func(*a, **kw)\n           ^^^^^^^^^^^^^^\n  File \"/home/runner/work/luma_project/luma_project/pages/base_page.py\", line 50, in element_is_present\n    return wait(self.driver, timeout).until(EC.presence_of_element_located(locator))\n           ^^^^^^^^^^^^^^^^^^^^^^^^^^^^^^^^^^^^^^^^^^^^^^^^^^^^^^^^^^^^^^^^^^^^^^^^^\n  File \"/opt/hostedtoolcache/Python/3.11.5/x64/lib/python3.11/site-packages/selenium/webdriver/support/wait.py\", line 95, in until\n    raise TimeoutException(message, screen, stacktrace)\n",
      "steps" : [ {
        "name" : "Get error message",
        "time" : {
          "start" : 1694306875341,
          "stop" : 1694306880519,
          "duration" : 5178
        },
        "status" : "broken",
        "statusMessage" : "selenium.common.exceptions.TimeoutException: Message: \nStacktrace:\n#0 0x5652d0da5e23 <unknown>\n#1 0x5652d0ace7a7 <unknown>\n#2 0x5652d0b0d1d3 <unknown>\n#3 0x5652d0b0d2c1 <unknown>\n#4 0x5652d0b48a04 <unknown>\n#5 0x5652d0b2e03d <unknown>\n#6 0x5652d0b46369 <unknown>\n#7 0x5652d0b2dde3 <unknown>\n#8 0x5652d0b01a7b <unknown>\n#9 0x5652d0b0281e <unknown>\n#10 0x5652d0d67638 <unknown>\n#11 0x5652d0d6b507 <unknown>\n#12 0x5652d0d75c4c <unknown>\n#13 0x5652d0d6c136 <unknown>\n#14 0x5652d0d3a9cf <unknown>\n#15 0x5652d0d8fb98 <unknown>\n#16 0x5652d0d8fd68 <unknown>\n#17 0x5652d0d9ecb3 <unknown>\n#18 0x7f50144d5b43 <unknown>\n\n",
        "statusTrace" : "  File \"/opt/hostedtoolcache/Python/3.11.5/x64/lib/python3.11/site-packages/allure_commons/_allure.py\", line 192, in impl\n    return func(*a, **kw)\n           ^^^^^^^^^^^^^^\n  File \"/home/runner/work/luma_project/luma_project/pages/base_page.py\", line 337, in get_error_message\n    error = self.element_is_visible(locator)\n            ^^^^^^^^^^^^^^^^^^^^^^^^^^^^^^^^\n  File \"/opt/hostedtoolcache/Python/3.11.5/x64/lib/python3.11/site-packages/allure_commons/_allure.py\", line 192, in impl\n    return func(*a, **kw)\n           ^^^^^^^^^^^^^^\n  File \"/home/runner/work/luma_project/luma_project/pages/base_page.py\", line 29, in element_is_visible\n    self.go_to_element(self.element_is_present(locator))\n                       ^^^^^^^^^^^^^^^^^^^^^^^^^^^^^^^^\n  File \"/opt/hostedtoolcache/Python/3.11.5/x64/lib/python3.11/site-packages/allure_commons/_allure.py\", line 192, in impl\n    return func(*a, **kw)\n           ^^^^^^^^^^^^^^\n  File \"/home/runner/work/luma_project/luma_project/pages/base_page.py\", line 50, in element_is_present\n    return wait(self.driver, timeout).until(EC.presence_of_element_located(locator))\n           ^^^^^^^^^^^^^^^^^^^^^^^^^^^^^^^^^^^^^^^^^^^^^^^^^^^^^^^^^^^^^^^^^^^^^^^^^\n  File \"/opt/hostedtoolcache/Python/3.11.5/x64/lib/python3.11/site-packages/selenium/webdriver/support/wait.py\", line 95, in until\n    raise TimeoutException(message, screen, stacktrace)\n",
        "steps" : [ {
          "name" : "Find a visible element",
          "time" : {
            "start" : 1694306875341,
            "stop" : 1694306880519,
            "duration" : 5178
          },
          "status" : "broken",
          "statusMessage" : "selenium.common.exceptions.TimeoutException: Message: \nStacktrace:\n#0 0x5652d0da5e23 <unknown>\n#1 0x5652d0ace7a7 <unknown>\n#2 0x5652d0b0d1d3 <unknown>\n#3 0x5652d0b0d2c1 <unknown>\n#4 0x5652d0b48a04 <unknown>\n#5 0x5652d0b2e03d <unknown>\n#6 0x5652d0b46369 <unknown>\n#7 0x5652d0b2dde3 <unknown>\n#8 0x5652d0b01a7b <unknown>\n#9 0x5652d0b0281e <unknown>\n#10 0x5652d0d67638 <unknown>\n#11 0x5652d0d6b507 <unknown>\n#12 0x5652d0d75c4c <unknown>\n#13 0x5652d0d6c136 <unknown>\n#14 0x5652d0d3a9cf <unknown>\n#15 0x5652d0d8fb98 <unknown>\n#16 0x5652d0d8fd68 <unknown>\n#17 0x5652d0d9ecb3 <unknown>\n#18 0x7f50144d5b43 <unknown>\n\n",
          "statusTrace" : "  File \"/opt/hostedtoolcache/Python/3.11.5/x64/lib/python3.11/site-packages/allure_commons/_allure.py\", line 192, in impl\n    return func(*a, **kw)\n           ^^^^^^^^^^^^^^\n  File \"/home/runner/work/luma_project/luma_project/pages/base_page.py\", line 29, in element_is_visible\n    self.go_to_element(self.element_is_present(locator))\n                       ^^^^^^^^^^^^^^^^^^^^^^^^^^^^^^^^\n  File \"/opt/hostedtoolcache/Python/3.11.5/x64/lib/python3.11/site-packages/allure_commons/_allure.py\", line 192, in impl\n    return func(*a, **kw)\n           ^^^^^^^^^^^^^^\n  File \"/home/runner/work/luma_project/luma_project/pages/base_page.py\", line 50, in element_is_present\n    return wait(self.driver, timeout).until(EC.presence_of_element_located(locator))\n           ^^^^^^^^^^^^^^^^^^^^^^^^^^^^^^^^^^^^^^^^^^^^^^^^^^^^^^^^^^^^^^^^^^^^^^^^^\n  File \"/opt/hostedtoolcache/Python/3.11.5/x64/lib/python3.11/site-packages/selenium/webdriver/support/wait.py\", line 95, in until\n    raise TimeoutException(message, screen, stacktrace)\n",
          "steps" : [ {
            "name" : "Find a present element",
            "time" : {
              "start" : 1694306875341,
              "stop" : 1694306880519,
              "duration" : 5178
            },
            "status" : "broken",
            "statusMessage" : "selenium.common.exceptions.TimeoutException: Message: \nStacktrace:\n#0 0x5652d0da5e23 <unknown>\n#1 0x5652d0ace7a7 <unknown>\n#2 0x5652d0b0d1d3 <unknown>\n#3 0x5652d0b0d2c1 <unknown>\n#4 0x5652d0b48a04 <unknown>\n#5 0x5652d0b2e03d <unknown>\n#6 0x5652d0b46369 <unknown>\n#7 0x5652d0b2dde3 <unknown>\n#8 0x5652d0b01a7b <unknown>\n#9 0x5652d0b0281e <unknown>\n#10 0x5652d0d67638 <unknown>\n#11 0x5652d0d6b507 <unknown>\n#12 0x5652d0d75c4c <unknown>\n#13 0x5652d0d6c136 <unknown>\n#14 0x5652d0d3a9cf <unknown>\n#15 0x5652d0d8fb98 <unknown>\n#16 0x5652d0d8fd68 <unknown>\n#17 0x5652d0d9ecb3 <unknown>\n#18 0x7f50144d5b43 <unknown>\n\n",
            "statusTrace" : "  File \"/opt/hostedtoolcache/Python/3.11.5/x64/lib/python3.11/site-packages/allure_commons/_allure.py\", line 192, in impl\n    return func(*a, **kw)\n           ^^^^^^^^^^^^^^\n  File \"/home/runner/work/luma_project/luma_project/pages/base_page.py\", line 50, in element_is_present\n    return wait(self.driver, timeout).until(EC.presence_of_element_located(locator))\n           ^^^^^^^^^^^^^^^^^^^^^^^^^^^^^^^^^^^^^^^^^^^^^^^^^^^^^^^^^^^^^^^^^^^^^^^^^\n  File \"/opt/hostedtoolcache/Python/3.11.5/x64/lib/python3.11/site-packages/selenium/webdriver/support/wait.py\", line 95, in until\n    raise TimeoutException(message, screen, stacktrace)\n",
            "steps" : [ ],
            "attachments" : [ ],
            "parameters" : [ {
              "name" : "locator",
              "value" : "('css selector', '#captcha_user_forgotpassword-error')"
            }, {
              "name" : "timeout",
              "value" : "5"
            } ],
            "stepsCount" : 0,
            "attachmentsCount" : 0,
            "shouldDisplayMessage" : true,
            "hasContent" : true
          } ],
          "attachments" : [ ],
          "parameters" : [ {
            "name" : "locator",
            "value" : "('css selector', '#captcha_user_forgotpassword-error')"
          }, {
            "name" : "timeout",
            "value" : "10"
          } ],
          "stepsCount" : 1,
          "attachmentsCount" : 0,
          "shouldDisplayMessage" : false,
          "hasContent" : true
        } ],
        "attachments" : [ ],
        "parameters" : [ {
          "name" : "locator",
          "value" : "('css selector', '#captcha_user_forgotpassword-error')"
        } ],
        "stepsCount" : 2,
        "attachmentsCount" : 0,
        "shouldDisplayMessage" : false,
        "hasContent" : true
      } ],
      "attachments" : [ ],
      "parameters" : [ ],
      "stepsCount" : 3,
      "attachmentsCount" : 0,
      "shouldDisplayMessage" : false,
      "hasContent" : true
    } ],
    "attachments" : [ {
      "uid" : "3919a98c09378d10",
      "name" : "Screenshot",
      "source" : "3919a98c09378d10.png",
      "type" : "image/png",
      "size" : 76489
    }, {
      "uid" : "8524b48485f143c0",
      "name" : "HTML source",
      "source" : "8524b48485f143c0.html",
      "type" : "text/html",
      "size" : 79988
    } ],
    "parameters" : [ ],
    "stepsCount" : 12,
    "attachmentsCount" : 2,
    "shouldDisplayMessage" : true,
    "hasContent" : true
  },
  "afterStages" : [ {
    "name" : "driver::0",
    "time" : {
      "start" : 1694306880736,
      "stop" : 1694306880804,
      "duration" : 68
    },
    "status" : "passed",
    "steps" : [ ],
    "attachments" : [ ],
    "parameters" : [ ],
    "stepsCount" : 0,
    "attachmentsCount" : 0,
    "shouldDisplayMessage" : false,
    "hasContent" : false
  }, {
    "name" : "clear_allure_result_folder::0",
    "time" : {
      "start" : 1694308120754,
      "stop" : 1694308120754,
      "duration" : 0
    },
    "status" : "passed",
    "steps" : [ ],
    "attachments" : [ ],
    "parameters" : [ ],
    "stepsCount" : 0,
    "attachmentsCount" : 0,
    "shouldDisplayMessage" : false,
    "hasContent" : false
  } ],
  "labels" : [ {
    "name" : "epic",
    "value" : "Forgot Your Password Functionality"
  }, {
    "name" : "parentSuite",
    "value" : "tests"
  }, {
    "name" : "suite",
    "value" : "test_forgot_your_password"
  }, {
    "name" : "subSuite",
    "value" : "TestForgotYourPasswordFunctionality"
  }, {
    "name" : "host",
    "value" : "fv-az1241-825"
  }, {
    "name" : "thread",
    "value" : "2980-MainThread"
  }, {
    "name" : "framework",
    "value" : "pytest"
  }, {
    "name" : "language",
    "value" : "cpython3"
  }, {
    "name" : "package",
    "value" : "tests.test_forgot_your_password"
  }, {
    "name" : "resultFormat",
    "value" : "allure2"
  } ],
  "parameters" : [ ],
  "links" : [ ],
  "hidden" : false,
  "retry" : false,
  "extra" : {
    "severity" : "normal",
    "retries" : [ ],
    "categories" : [ {
      "name" : "Test defects",
      "matchedStatuses" : [ ],
      "flaky" : false
    } ],
    "tags" : [ ]
  },
  "source" : "a671cd4a8f7c7843.json",
  "parameterValues" : [ ]
}