{
  "uid" : "a70f7324f972a469",
  "name" : "TC 17.01.16 Verify click Reload captcha button generates a new captcha image",
  "fullName" : "tests.test_forgot_your_password.TestForgotYourPassword#test_17_01_16_click_reload_captcha_generates_captcha_image",
  "historyId" : "112a1082ee9e804c5e00b6f5e60b08cd",
  "time" : {
    "start" : 1695516374123,
    "stop" : 1695516379253,
    "duration" : 5130
  },
  "description" : "\n        Check that the 'Reload captcha' button generates a new captcha image\n        and ensure the new image source is different from the original image source\n        ",
  "descriptionHtml" : "<pre><code>    Check that the 'Reload captcha' button generates a new captcha image\n    and ensure the new image source is different from the original image source\n</code></pre>\n",
  "status" : "broken",
  "statusMessage" : "selenium.common.exceptions.TimeoutException: Message: \nStacktrace:\n#0 0x557e6452a6c3 <unknown>\n#1 0x557e642001e7 <unknown>\n#2 0x557e64247566 <unknown>\n#3 0x557e64247651 <unknown>\n#4 0x557e64284a74 <unknown>\n#5 0x557e642690ed <unknown>\n#6 0x557e64282322 <unknown>\n#7 0x557e64268e93 <unknown>\n#8 0x557e6423b934 <unknown>\n#9 0x557e6423c71e <unknown>\n#10 0x557e644efcc8 <unknown>\n#11 0x557e644f3c00 <unknown>\n#12 0x557e644fe1ac <unknown>\n#13 0x557e644f4818 <unknown>\n#14 0x557e644c128f <unknown>\n#15 0x557e64518e98 <unknown>\n#16 0x557e64519069 <unknown>\n#17 0x557e64529853 <unknown>\n#18 0x7fb7d3e94b43 <unknown>",
  "statusTrace" : "self = <test_forgot_your_password.TestForgotYourPassword object at 0x7f9a4fbf6d90>\ndriver = <selenium.webdriver.chrome.webdriver.WebDriver (session=\"06e11de59ff58edfc1e5a20092374a52\")>\nforgot_psw_page = <pages.forgot_your_password_page.ForgotYourPasswordPage object at 0x7f9a4fd06cd0>\n\n    @allure.title('TC 17.01.16 Verify click Reload captcha button generates a new captcha image')\n    def test_17_01_16_click_reload_captcha_generates_captcha_image(self, driver, forgot_psw_page):\n        \"\"\"\n        Check that the 'Reload captcha' button generates a new captcha image\n        and ensure the new image source is different from the original image source\n        \"\"\"\n>       captcha_image = forgot_psw_page.check_captcha_image_is_visible()\n\ntests/test_forgot_your_password.py:143: \n_ _ _ _ _ _ _ _ _ _ _ _ _ _ _ _ _ _ _ _ _ _ _ _ _ _ _ _ _ _ _ _ _ _ _ _ _ _ _ _ \npages/forgot_your_password_page.py:109: in check_captcha_image_is_visible\n    return self.element_is_visible(self.locators.RELOAD_CAPTCHA_IMAGE)\npages/base_page.py:29: in element_is_visible\n    self.go_to_element(self.element_is_present(locator))\npages/base_page.py:50: in element_is_present\n    return wait(self.driver, timeout).until(EC.presence_of_element_located(locator))\n_ _ _ _ _ _ _ _ _ _ _ _ _ _ _ _ _ _ _ _ _ _ _ _ _ _ _ _ _ _ _ _ _ _ _ _ _ _ _ _ \n\nself = <selenium.webdriver.support.wait.WebDriverWait (session=\"06e11de59ff58edfc1e5a20092374a52\")>\nmethod = <function presence_of_element_located.<locals>._predicate at 0x7f9a4f3996c0>\nmessage = ''\n\n    def until(self, method, message: str = \"\"):\n        \"\"\"Calls the method provided with the driver as an argument until the \\\n        return value does not evaluate to ``False``.\n    \n        :param method: callable(WebDriver)\n        :param message: optional message for :exc:`TimeoutException`\n        :returns: the result of the last call to `method`\n        :raises: :exc:`selenium.common.exceptions.TimeoutException` if timeout occurs\n        \"\"\"\n        screen = None\n        stacktrace = None\n    \n        end_time = time.monotonic() + self._timeout\n        while True:\n            try:\n                value = method(self._driver)\n                if value:\n                    return value\n            except self._ignored_exceptions as exc:\n                screen = getattr(exc, \"screen\", None)\n                stacktrace = getattr(exc, \"stacktrace\", None)\n            time.sleep(self._poll)\n            if time.monotonic() > end_time:\n                break\n>       raise TimeoutException(message, screen, stacktrace)\nE       selenium.common.exceptions.TimeoutException: Message: \nE       Stacktrace:\nE       #0 0x557e6452a6c3 <unknown>\nE       #1 0x557e642001e7 <unknown>\nE       #2 0x557e64247566 <unknown>\nE       #3 0x557e64247651 <unknown>\nE       #4 0x557e64284a74 <unknown>\nE       #5 0x557e642690ed <unknown>\nE       #6 0x557e64282322 <unknown>\nE       #7 0x557e64268e93 <unknown>\nE       #8 0x557e6423b934 <unknown>\nE       #9 0x557e6423c71e <unknown>\nE       #10 0x557e644efcc8 <unknown>\nE       #11 0x557e644f3c00 <unknown>\nE       #12 0x557e644fe1ac <unknown>\nE       #13 0x557e644f4818 <unknown>\nE       #14 0x557e644c128f <unknown>\nE       #15 0x557e64518e98 <unknown>\nE       #16 0x557e64519069 <unknown>\nE       #17 0x557e64529853 <unknown>\nE       #18 0x7fb7d3e94b43 <unknown>\n\n/opt/hostedtoolcache/Python/3.11.5/x64/lib/python3.11/site-packages/selenium/webdriver/support/wait.py:95: TimeoutException",
  "flaky" : false,
  "newFailed" : false,
  "beforeStages" : [ {
    "name" : "_session_faker",
    "time" : {
      "start" : 1695515982889,
      "stop" : 1695515982964,
      "duration" : 75
    },
    "status" : "passed",
    "steps" : [ ],
    "attachments" : [ ],
    "parameters" : [ ],
    "stepsCount" : 0,
    "attachmentsCount" : 0,
    "shouldDisplayMessage" : false,
    "hasContent" : false
  }, {
    "name" : "forgot_psw_page",
    "time" : {
      "start" : 1695516373007,
      "stop" : 1695516374122,
      "duration" : 1115
    },
    "status" : "passed",
    "steps" : [ {
      "name" : "Open a browser",
      "time" : {
        "start" : 1695516373007,
        "stop" : 1695516374122,
        "duration" : 1115
      },
      "status" : "passed",
      "steps" : [ ],
      "attachments" : [ ],
      "parameters" : [ ],
      "stepsCount" : 0,
      "attachmentsCount" : 0,
      "shouldDisplayMessage" : false,
      "hasContent" : false
    } ],
    "attachments" : [ ],
    "parameters" : [ ],
    "stepsCount" : 1,
    "attachmentsCount" : 0,
    "shouldDisplayMessage" : false,
    "hasContent" : true
  }, {
    "name" : "driver",
    "time" : {
      "start" : 1695516371922,
      "stop" : 1695516373006,
      "duration" : 1084
    },
    "status" : "passed",
    "steps" : [ ],
    "attachments" : [ ],
    "parameters" : [ ],
    "stepsCount" : 0,
    "attachmentsCount" : 0,
    "shouldDisplayMessage" : false,
    "hasContent" : false
  }, {
    "name" : "clear_allure_result_folder",
    "time" : {
      "start" : 1695515982964,
      "stop" : 1695515982965,
      "duration" : 1
    },
    "status" : "passed",
    "steps" : [ ],
    "attachments" : [ ],
    "parameters" : [ ],
    "stepsCount" : 0,
    "attachmentsCount" : 0,
    "shouldDisplayMessage" : false,
    "hasContent" : false
  } ],
  "testStage" : {
    "description" : "\n        Check that the 'Reload captcha' button generates a new captcha image\n        and ensure the new image source is different from the original image source\n        ",
    "status" : "broken",
    "statusMessage" : "selenium.common.exceptions.TimeoutException: Message: \nStacktrace:\n#0 0x557e6452a6c3 <unknown>\n#1 0x557e642001e7 <unknown>\n#2 0x557e64247566 <unknown>\n#3 0x557e64247651 <unknown>\n#4 0x557e64284a74 <unknown>\n#5 0x557e642690ed <unknown>\n#6 0x557e64282322 <unknown>\n#7 0x557e64268e93 <unknown>\n#8 0x557e6423b934 <unknown>\n#9 0x557e6423c71e <unknown>\n#10 0x557e644efcc8 <unknown>\n#11 0x557e644f3c00 <unknown>\n#12 0x557e644fe1ac <unknown>\n#13 0x557e644f4818 <unknown>\n#14 0x557e644c128f <unknown>\n#15 0x557e64518e98 <unknown>\n#16 0x557e64519069 <unknown>\n#17 0x557e64529853 <unknown>\n#18 0x7fb7d3e94b43 <unknown>",
    "statusTrace" : "self = <test_forgot_your_password.TestForgotYourPassword object at 0x7f9a4fbf6d90>\ndriver = <selenium.webdriver.chrome.webdriver.WebDriver (session=\"06e11de59ff58edfc1e5a20092374a52\")>\nforgot_psw_page = <pages.forgot_your_password_page.ForgotYourPasswordPage object at 0x7f9a4fd06cd0>\n\n    @allure.title('TC 17.01.16 Verify click Reload captcha button generates a new captcha image')\n    def test_17_01_16_click_reload_captcha_generates_captcha_image(self, driver, forgot_psw_page):\n        \"\"\"\n        Check that the 'Reload captcha' button generates a new captcha image\n        and ensure the new image source is different from the original image source\n        \"\"\"\n>       captcha_image = forgot_psw_page.check_captcha_image_is_visible()\n\ntests/test_forgot_your_password.py:143: \n_ _ _ _ _ _ _ _ _ _ _ _ _ _ _ _ _ _ _ _ _ _ _ _ _ _ _ _ _ _ _ _ _ _ _ _ _ _ _ _ \npages/forgot_your_password_page.py:109: in check_captcha_image_is_visible\n    return self.element_is_visible(self.locators.RELOAD_CAPTCHA_IMAGE)\npages/base_page.py:29: in element_is_visible\n    self.go_to_element(self.element_is_present(locator))\npages/base_page.py:50: in element_is_present\n    return wait(self.driver, timeout).until(EC.presence_of_element_located(locator))\n_ _ _ _ _ _ _ _ _ _ _ _ _ _ _ _ _ _ _ _ _ _ _ _ _ _ _ _ _ _ _ _ _ _ _ _ _ _ _ _ \n\nself = <selenium.webdriver.support.wait.WebDriverWait (session=\"06e11de59ff58edfc1e5a20092374a52\")>\nmethod = <function presence_of_element_located.<locals>._predicate at 0x7f9a4f3996c0>\nmessage = ''\n\n    def until(self, method, message: str = \"\"):\n        \"\"\"Calls the method provided with the driver as an argument until the \\\n        return value does not evaluate to ``False``.\n    \n        :param method: callable(WebDriver)\n        :param message: optional message for :exc:`TimeoutException`\n        :returns: the result of the last call to `method`\n        :raises: :exc:`selenium.common.exceptions.TimeoutException` if timeout occurs\n        \"\"\"\n        screen = None\n        stacktrace = None\n    \n        end_time = time.monotonic() + self._timeout\n        while True:\n            try:\n                value = method(self._driver)\n                if value:\n                    return value\n            except self._ignored_exceptions as exc:\n                screen = getattr(exc, \"screen\", None)\n                stacktrace = getattr(exc, \"stacktrace\", None)\n            time.sleep(self._poll)\n            if time.monotonic() > end_time:\n                break\n>       raise TimeoutException(message, screen, stacktrace)\nE       selenium.common.exceptions.TimeoutException: Message: \nE       Stacktrace:\nE       #0 0x557e6452a6c3 <unknown>\nE       #1 0x557e642001e7 <unknown>\nE       #2 0x557e64247566 <unknown>\nE       #3 0x557e64247651 <unknown>\nE       #4 0x557e64284a74 <unknown>\nE       #5 0x557e642690ed <unknown>\nE       #6 0x557e64282322 <unknown>\nE       #7 0x557e64268e93 <unknown>\nE       #8 0x557e6423b934 <unknown>\nE       #9 0x557e6423c71e <unknown>\nE       #10 0x557e644efcc8 <unknown>\nE       #11 0x557e644f3c00 <unknown>\nE       #12 0x557e644fe1ac <unknown>\nE       #13 0x557e644f4818 <unknown>\nE       #14 0x557e644c128f <unknown>\nE       #15 0x557e64518e98 <unknown>\nE       #16 0x557e64519069 <unknown>\nE       #17 0x557e64529853 <unknown>\nE       #18 0x7fb7d3e94b43 <unknown>\n\n/opt/hostedtoolcache/Python/3.11.5/x64/lib/python3.11/site-packages/selenium/webdriver/support/wait.py:95: TimeoutException",
    "steps" : [ {
      "name" : "Check Captcha image is visible",
      "time" : {
        "start" : 1695516374123,
        "stop" : 1695516379253,
        "duration" : 5130
      },
      "status" : "broken",
      "statusMessage" : "selenium.common.exceptions.TimeoutException: Message: \nStacktrace:\n#0 0x557e6452a6c3 <unknown>\n#1 0x557e642001e7 <unknown>\n#2 0x557e64247566 <unknown>\n#3 0x557e64247651 <unknown>\n#4 0x557e64284a74 <unknown>\n#5 0x557e642690ed <unknown>\n#6 0x557e64282322 <unknown>\n#7 0x557e64268e93 <unknown>\n#8 0x557e6423b934 <unknown>\n#9 0x557e6423c71e <unknown>\n#10 0x557e644efcc8 <unknown>\n#11 0x557e644f3c00 <unknown>\n#12 0x557e644fe1ac <unknown>\n#13 0x557e644f4818 <unknown>\n#14 0x557e644c128f <unknown>\n#15 0x557e64518e98 <unknown>\n#16 0x557e64519069 <unknown>\n#17 0x557e64529853 <unknown>\n#18 0x7fb7d3e94b43 <unknown>\n\n",
      "statusTrace" : "  File \"/opt/hostedtoolcache/Python/3.11.5/x64/lib/python3.11/site-packages/allure_commons/_allure.py\", line 192, in impl\n    return func(*a, **kw)\n           ^^^^^^^^^^^^^^\n  File \"/home/runner/work/luma_project/luma_project/pages/forgot_your_password_page.py\", line 109, in check_captcha_image_is_visible\n    return self.element_is_visible(self.locators.RELOAD_CAPTCHA_IMAGE)\n           ^^^^^^^^^^^^^^^^^^^^^^^^^^^^^^^^^^^^^^^^^^^^^^^^^^^^^^^^^^^\n  File \"/opt/hostedtoolcache/Python/3.11.5/x64/lib/python3.11/site-packages/allure_commons/_allure.py\", line 192, in impl\n    return func(*a, **kw)\n           ^^^^^^^^^^^^^^\n  File \"/home/runner/work/luma_project/luma_project/pages/base_page.py\", line 29, in element_is_visible\n    self.go_to_element(self.element_is_present(locator))\n                       ^^^^^^^^^^^^^^^^^^^^^^^^^^^^^^^^\n  File \"/opt/hostedtoolcache/Python/3.11.5/x64/lib/python3.11/site-packages/allure_commons/_allure.py\", line 192, in impl\n    return func(*a, **kw)\n           ^^^^^^^^^^^^^^\n  File \"/home/runner/work/luma_project/luma_project/pages/base_page.py\", line 50, in element_is_present\n    return wait(self.driver, timeout).until(EC.presence_of_element_located(locator))\n           ^^^^^^^^^^^^^^^^^^^^^^^^^^^^^^^^^^^^^^^^^^^^^^^^^^^^^^^^^^^^^^^^^^^^^^^^^\n  File \"/opt/hostedtoolcache/Python/3.11.5/x64/lib/python3.11/site-packages/selenium/webdriver/support/wait.py\", line 95, in until\n    raise TimeoutException(message, screen, stacktrace)\n",
      "steps" : [ {
        "name" : "Find a visible element",
        "time" : {
          "start" : 1695516374123,
          "stop" : 1695516379252,
          "duration" : 5129
        },
        "status" : "broken",
        "statusMessage" : "selenium.common.exceptions.TimeoutException: Message: \nStacktrace:\n#0 0x557e6452a6c3 <unknown>\n#1 0x557e642001e7 <unknown>\n#2 0x557e64247566 <unknown>\n#3 0x557e64247651 <unknown>\n#4 0x557e64284a74 <unknown>\n#5 0x557e642690ed <unknown>\n#6 0x557e64282322 <unknown>\n#7 0x557e64268e93 <unknown>\n#8 0x557e6423b934 <unknown>\n#9 0x557e6423c71e <unknown>\n#10 0x557e644efcc8 <unknown>\n#11 0x557e644f3c00 <unknown>\n#12 0x557e644fe1ac <unknown>\n#13 0x557e644f4818 <unknown>\n#14 0x557e644c128f <unknown>\n#15 0x557e64518e98 <unknown>\n#16 0x557e64519069 <unknown>\n#17 0x557e64529853 <unknown>\n#18 0x7fb7d3e94b43 <unknown>\n\n",
        "statusTrace" : "  File \"/opt/hostedtoolcache/Python/3.11.5/x64/lib/python3.11/site-packages/allure_commons/_allure.py\", line 192, in impl\n    return func(*a, **kw)\n           ^^^^^^^^^^^^^^\n  File \"/home/runner/work/luma_project/luma_project/pages/base_page.py\", line 29, in element_is_visible\n    self.go_to_element(self.element_is_present(locator))\n                       ^^^^^^^^^^^^^^^^^^^^^^^^^^^^^^^^\n  File \"/opt/hostedtoolcache/Python/3.11.5/x64/lib/python3.11/site-packages/allure_commons/_allure.py\", line 192, in impl\n    return func(*a, **kw)\n           ^^^^^^^^^^^^^^\n  File \"/home/runner/work/luma_project/luma_project/pages/base_page.py\", line 50, in element_is_present\n    return wait(self.driver, timeout).until(EC.presence_of_element_located(locator))\n           ^^^^^^^^^^^^^^^^^^^^^^^^^^^^^^^^^^^^^^^^^^^^^^^^^^^^^^^^^^^^^^^^^^^^^^^^^\n  File \"/opt/hostedtoolcache/Python/3.11.5/x64/lib/python3.11/site-packages/selenium/webdriver/support/wait.py\", line 95, in until\n    raise TimeoutException(message, screen, stacktrace)\n",
        "steps" : [ {
          "name" : "Find a present element",
          "time" : {
            "start" : 1695516374123,
            "stop" : 1695516379252,
            "duration" : 5129
          },
          "status" : "broken",
          "statusMessage" : "selenium.common.exceptions.TimeoutException: Message: \nStacktrace:\n#0 0x557e6452a6c3 <unknown>\n#1 0x557e642001e7 <unknown>\n#2 0x557e64247566 <unknown>\n#3 0x557e64247651 <unknown>\n#4 0x557e64284a74 <unknown>\n#5 0x557e642690ed <unknown>\n#6 0x557e64282322 <unknown>\n#7 0x557e64268e93 <unknown>\n#8 0x557e6423b934 <unknown>\n#9 0x557e6423c71e <unknown>\n#10 0x557e644efcc8 <unknown>\n#11 0x557e644f3c00 <unknown>\n#12 0x557e644fe1ac <unknown>\n#13 0x557e644f4818 <unknown>\n#14 0x557e644c128f <unknown>\n#15 0x557e64518e98 <unknown>\n#16 0x557e64519069 <unknown>\n#17 0x557e64529853 <unknown>\n#18 0x7fb7d3e94b43 <unknown>\n\n",
          "statusTrace" : "  File \"/opt/hostedtoolcache/Python/3.11.5/x64/lib/python3.11/site-packages/allure_commons/_allure.py\", line 192, in impl\n    return func(*a, **kw)\n           ^^^^^^^^^^^^^^\n  File \"/home/runner/work/luma_project/luma_project/pages/base_page.py\", line 50, in element_is_present\n    return wait(self.driver, timeout).until(EC.presence_of_element_located(locator))\n           ^^^^^^^^^^^^^^^^^^^^^^^^^^^^^^^^^^^^^^^^^^^^^^^^^^^^^^^^^^^^^^^^^^^^^^^^^\n  File \"/opt/hostedtoolcache/Python/3.11.5/x64/lib/python3.11/site-packages/selenium/webdriver/support/wait.py\", line 95, in until\n    raise TimeoutException(message, screen, stacktrace)\n",
          "steps" : [ ],
          "attachments" : [ ],
          "parameters" : [ {
            "name" : "locator",
            "value" : "('xpath', '//img[@class=\"captcha-img\"]')"
          }, {
            "name" : "timeout",
            "value" : "5"
          } ],
          "stepsCount" : 0,
          "attachmentsCount" : 0,
          "shouldDisplayMessage" : true,
          "hasContent" : true
        } ],
        "attachments" : [ ],
        "parameters" : [ {
          "name" : "locator",
          "value" : "('xpath', '//img[@class=\"captcha-img\"]')"
        }, {
          "name" : "timeout",
          "value" : "10"
        } ],
        "stepsCount" : 1,
        "attachmentsCount" : 0,
        "shouldDisplayMessage" : false,
        "hasContent" : true
      } ],
      "attachments" : [ ],
      "parameters" : [ ],
      "stepsCount" : 2,
      "attachmentsCount" : 0,
      "shouldDisplayMessage" : false,
      "hasContent" : true
    } ],
    "attachments" : [ {
      "uid" : "21973389b0366374",
      "name" : "Screenshot",
      "source" : "21973389b0366374.png",
      "type" : "image/png",
      "size" : 70029
    }, {
      "uid" : "7c07bcd8acaf5c66",
      "name" : "HTML source",
      "source" : "7c07bcd8acaf5c66.html",
      "type" : "text/html",
      "size" : 78367
    } ],
    "parameters" : [ ],
    "stepsCount" : 3,
    "attachmentsCount" : 2,
    "shouldDisplayMessage" : true,
    "hasContent" : true
  },
  "afterStages" : [ {
    "name" : "driver::0",
    "time" : {
      "start" : 1695516379424,
      "stop" : 1695516379489,
      "duration" : 65
    },
    "status" : "passed",
    "steps" : [ ],
    "attachments" : [ ],
    "parameters" : [ ],
    "stepsCount" : 0,
    "attachmentsCount" : 0,
    "shouldDisplayMessage" : false,
    "hasContent" : false
  }, {
    "name" : "clear_allure_result_folder::0",
    "time" : {
      "start" : 1695517631857,
      "stop" : 1695517631857,
      "duration" : 0
    },
    "status" : "passed",
    "steps" : [ ],
    "attachments" : [ ],
    "parameters" : [ ],
    "stepsCount" : 0,
    "attachmentsCount" : 0,
    "shouldDisplayMessage" : false,
    "hasContent" : false
  } ],
  "labels" : [ {
    "name" : "epic",
    "value" : "Forgot Your Password Page"
  }, {
    "name" : "parentSuite",
    "value" : "tests"
  }, {
    "name" : "suite",
    "value" : "test_forgot_your_password"
  }, {
    "name" : "subSuite",
    "value" : "TestForgotYourPassword"
  }, {
    "name" : "host",
    "value" : "fv-az812-630"
  }, {
    "name" : "thread",
    "value" : "2998-MainThread"
  }, {
    "name" : "framework",
    "value" : "pytest"
  }, {
    "name" : "language",
    "value" : "cpython3"
  }, {
    "name" : "package",
    "value" : "tests.test_forgot_your_password"
  }, {
    "name" : "resultFormat",
    "value" : "allure2"
  } ],
  "parameters" : [ ],
  "links" : [ ],
  "hidden" : false,
  "retry" : false,
  "extra" : {
    "severity" : "normal",
    "retries" : [ ],
    "categories" : [ {
      "name" : "Test defects",
      "matchedStatuses" : [ ],
      "flaky" : false
    } ],
    "tags" : [ ]
  },
  "source" : "a70f7324f972a469.json",
  "parameterValues" : [ ]
}