{
  "uid" : "a9476b308b137a70",
  "name" : "TC 17.01.26 Verify error on resetting My Password with empty captcha",
  "fullName" : "tests.test_forgot_your_password.TestForgotYourPasswordFunctionality#test_17_01_26_error_if_reset_my_password_with_empty_captcha",
  "historyId" : "1b9cc1c64f82295a20a1552cb7df67c5",
  "time" : {
    "start" : 1691282911495,
    "stop" : 1691282919536,
    "duration" : 8041
  },
  "description" : "Check error message on attempt to reset password with empty captcha input field",
  "descriptionHtml" : "<p>Check error message on attempt to reset password with empty captcha input field</p>\n",
  "status" : "broken",
  "statusMessage" : "selenium.common.exceptions.TimeoutException: Message: \nStacktrace:\n#0 0x556b1d6e4783 <unknown>\n#1 0x556b1d410917 <unknown>\n#2 0x556b1d44f31b <unknown>\n#3 0x556b1d44f411 <unknown>\n#4 0x556b1d48a674 <unknown>\n#5 0x556b1d46fe2d <unknown>\n#6 0x556b1d4880d9 <unknown>\n#7 0x556b1d46fbd3 <unknown>\n#8 0x556b1d443a7b <unknown>\n#9 0x556b1d44481e <unknown>\n#10 0x556b1d6a5e98 <unknown>\n#11 0x556b1d6a9d67 <unknown>\n#12 0x556b1d6b432c <unknown>\n#13 0x556b1d6aa993 <unknown>\n#14 0x556b1d679827 <unknown>\n#15 0x556b1d6ce8a8 <unknown>\n#16 0x556b1d6cea36 <unknown>\n#17 0x556b1d6dd5f3 <unknown>\n#18 0x7f8c0b57cb43 <unknown>",
  "statusTrace" : "self = <test_forgot_your_password.TestForgotYourPasswordFunctionality object at 0x7f08b8593a50>\ndriver = <selenium.webdriver.chrome.webdriver.WebDriver (session=\"9e89d8d439f053924f28dcd8f9658f71\")>\nforgot_psw_page = <pages.forgot_your_password_page.ForgotYourPasswordPage object at 0x7f08b91669d0>\n\n    @allure.title('TC 17.01.26 Verify error on resetting My Password with empty captcha')\n    def test_17_01_26_error_if_reset_my_password_with_empty_captcha(self, driver, forgot_psw_page):\n        \"\"\"Check error message on attempt to reset password with empty captcha input field\"\"\"\n        forgot_psw_page.fill_in_email_field(credentials['valid_email'])\n        forgot_psw_page.click_reset_my_password_button()\n>       error_message = forgot_psw_page.get_error_captcha_input_is_required()\n\ntests/test_forgot_your_password.py:207: \n_ _ _ _ _ _ _ _ _ _ _ _ _ _ _ _ _ _ _ _ _ _ _ _ _ _ _ _ _ _ _ _ _ _ _ _ _ _ _ _ \npages/forgot_your_password_page.py:149: in get_error_captcha_input_is_required\n    return self.get_error_message(self.locators.RESET_MY_PASSWORD_CAPTCHA_ERROR)\npages/base_page.py:337: in get_error_message\n    error = self.element_is_visible(locator)\npages/base_page.py:29: in element_is_visible\n    self.go_to_element(self.element_is_present(locator))\npages/base_page.py:50: in element_is_present\n    return wait(self.driver, timeout).until(EC.presence_of_element_located(locator))\n_ _ _ _ _ _ _ _ _ _ _ _ _ _ _ _ _ _ _ _ _ _ _ _ _ _ _ _ _ _ _ _ _ _ _ _ _ _ _ _ \n\nself = <selenium.webdriver.support.wait.WebDriverWait (session=\"9e89d8d439f053924f28dcd8f9658f71\")>\nmethod = <function presence_of_element_located.<locals>._predicate at 0x7f08b71f4f40>\nmessage = ''\n\n    def until(self, method, message: str = \"\"):\n        \"\"\"Calls the method provided with the driver as an argument until the \\\n        return value does not evaluate to ``False``.\n    \n        :param method: callable(WebDriver)\n        :param message: optional message for :exc:`TimeoutException`\n        :returns: the result of the last call to `method`\n        :raises: :exc:`selenium.common.exceptions.TimeoutException` if timeout occurs\n        \"\"\"\n        screen = None\n        stacktrace = None\n    \n        end_time = time.monotonic() + self._timeout\n        while True:\n            try:\n                value = method(self._driver)\n                if value:\n                    return value\n            except self._ignored_exceptions as exc:\n                screen = getattr(exc, \"screen\", None)\n                stacktrace = getattr(exc, \"stacktrace\", None)\n            time.sleep(self._poll)\n            if time.monotonic() > end_time:\n                break\n>       raise TimeoutException(message, screen, stacktrace)\nE       selenium.common.exceptions.TimeoutException: Message: \nE       Stacktrace:\nE       #0 0x556b1d6e4783 <unknown>\nE       #1 0x556b1d410917 <unknown>\nE       #2 0x556b1d44f31b <unknown>\nE       #3 0x556b1d44f411 <unknown>\nE       #4 0x556b1d48a674 <unknown>\nE       #5 0x556b1d46fe2d <unknown>\nE       #6 0x556b1d4880d9 <unknown>\nE       #7 0x556b1d46fbd3 <unknown>\nE       #8 0x556b1d443a7b <unknown>\nE       #9 0x556b1d44481e <unknown>\nE       #10 0x556b1d6a5e98 <unknown>\nE       #11 0x556b1d6a9d67 <unknown>\nE       #12 0x556b1d6b432c <unknown>\nE       #13 0x556b1d6aa993 <unknown>\nE       #14 0x556b1d679827 <unknown>\nE       #15 0x556b1d6ce8a8 <unknown>\nE       #16 0x556b1d6cea36 <unknown>\nE       #17 0x556b1d6dd5f3 <unknown>\nE       #18 0x7f8c0b57cb43 <unknown>\n\n/opt/hostedtoolcache/Python/3.11.4/x64/lib/python3.11/site-packages/selenium/webdriver/support/wait.py:95: TimeoutException",
  "flaky" : false,
  "newFailed" : false,
  "beforeStages" : [ {
    "name" : "clear_allure_result_folder",
    "time" : {
      "start" : 1691282438568,
      "stop" : 1691282438568,
      "duration" : 0
    },
    "status" : "passed",
    "steps" : [ ],
    "attachments" : [ ],
    "parameters" : [ ],
    "stepsCount" : 0,
    "attachmentsCount" : 0,
    "shouldDisplayMessage" : false,
    "hasContent" : false
  }, {
    "name" : "_session_faker",
    "time" : {
      "start" : 1691282438456,
      "stop" : 1691282438568,
      "duration" : 112
    },
    "status" : "passed",
    "steps" : [ ],
    "attachments" : [ ],
    "parameters" : [ ],
    "stepsCount" : 0,
    "attachmentsCount" : 0,
    "shouldDisplayMessage" : false,
    "hasContent" : false
  }, {
    "name" : "forgot_psw_page",
    "time" : {
      "start" : 1691282910110,
      "stop" : 1691282911494,
      "duration" : 1384
    },
    "status" : "passed",
    "steps" : [ {
      "name" : "Open a browser",
      "time" : {
        "start" : 1691282910111,
        "stop" : 1691282911494,
        "duration" : 1383
      },
      "status" : "passed",
      "steps" : [ ],
      "attachments" : [ ],
      "parameters" : [ ],
      "stepsCount" : 0,
      "attachmentsCount" : 0,
      "shouldDisplayMessage" : false,
      "hasContent" : false
    } ],
    "attachments" : [ ],
    "parameters" : [ ],
    "stepsCount" : 1,
    "attachmentsCount" : 0,
    "shouldDisplayMessage" : false,
    "hasContent" : true
  }, {
    "name" : "driver",
    "time" : {
      "start" : 1691282909016,
      "stop" : 1691282910110,
      "duration" : 1094
    },
    "status" : "passed",
    "steps" : [ ],
    "attachments" : [ ],
    "parameters" : [ ],
    "stepsCount" : 0,
    "attachmentsCount" : 0,
    "shouldDisplayMessage" : false,
    "hasContent" : false
  } ],
  "testStage" : {
    "description" : "Check error message on attempt to reset password with empty captcha input field",
    "status" : "broken",
    "statusMessage" : "selenium.common.exceptions.TimeoutException: Message: \nStacktrace:\n#0 0x556b1d6e4783 <unknown>\n#1 0x556b1d410917 <unknown>\n#2 0x556b1d44f31b <unknown>\n#3 0x556b1d44f411 <unknown>\n#4 0x556b1d48a674 <unknown>\n#5 0x556b1d46fe2d <unknown>\n#6 0x556b1d4880d9 <unknown>\n#7 0x556b1d46fbd3 <unknown>\n#8 0x556b1d443a7b <unknown>\n#9 0x556b1d44481e <unknown>\n#10 0x556b1d6a5e98 <unknown>\n#11 0x556b1d6a9d67 <unknown>\n#12 0x556b1d6b432c <unknown>\n#13 0x556b1d6aa993 <unknown>\n#14 0x556b1d679827 <unknown>\n#15 0x556b1d6ce8a8 <unknown>\n#16 0x556b1d6cea36 <unknown>\n#17 0x556b1d6dd5f3 <unknown>\n#18 0x7f8c0b57cb43 <unknown>",
    "statusTrace" : "self = <test_forgot_your_password.TestForgotYourPasswordFunctionality object at 0x7f08b8593a50>\ndriver = <selenium.webdriver.chrome.webdriver.WebDriver (session=\"9e89d8d439f053924f28dcd8f9658f71\")>\nforgot_psw_page = <pages.forgot_your_password_page.ForgotYourPasswordPage object at 0x7f08b91669d0>\n\n    @allure.title('TC 17.01.26 Verify error on resetting My Password with empty captcha')\n    def test_17_01_26_error_if_reset_my_password_with_empty_captcha(self, driver, forgot_psw_page):\n        \"\"\"Check error message on attempt to reset password with empty captcha input field\"\"\"\n        forgot_psw_page.fill_in_email_field(credentials['valid_email'])\n        forgot_psw_page.click_reset_my_password_button()\n>       error_message = forgot_psw_page.get_error_captcha_input_is_required()\n\ntests/test_forgot_your_password.py:207: \n_ _ _ _ _ _ _ _ _ _ _ _ _ _ _ _ _ _ _ _ _ _ _ _ _ _ _ _ _ _ _ _ _ _ _ _ _ _ _ _ \npages/forgot_your_password_page.py:149: in get_error_captcha_input_is_required\n    return self.get_error_message(self.locators.RESET_MY_PASSWORD_CAPTCHA_ERROR)\npages/base_page.py:337: in get_error_message\n    error = self.element_is_visible(locator)\npages/base_page.py:29: in element_is_visible\n    self.go_to_element(self.element_is_present(locator))\npages/base_page.py:50: in element_is_present\n    return wait(self.driver, timeout).until(EC.presence_of_element_located(locator))\n_ _ _ _ _ _ _ _ _ _ _ _ _ _ _ _ _ _ _ _ _ _ _ _ _ _ _ _ _ _ _ _ _ _ _ _ _ _ _ _ \n\nself = <selenium.webdriver.support.wait.WebDriverWait (session=\"9e89d8d439f053924f28dcd8f9658f71\")>\nmethod = <function presence_of_element_located.<locals>._predicate at 0x7f08b71f4f40>\nmessage = ''\n\n    def until(self, method, message: str = \"\"):\n        \"\"\"Calls the method provided with the driver as an argument until the \\\n        return value does not evaluate to ``False``.\n    \n        :param method: callable(WebDriver)\n        :param message: optional message for :exc:`TimeoutException`\n        :returns: the result of the last call to `method`\n        :raises: :exc:`selenium.common.exceptions.TimeoutException` if timeout occurs\n        \"\"\"\n        screen = None\n        stacktrace = None\n    \n        end_time = time.monotonic() + self._timeout\n        while True:\n            try:\n                value = method(self._driver)\n                if value:\n                    return value\n            except self._ignored_exceptions as exc:\n                screen = getattr(exc, \"screen\", None)\n                stacktrace = getattr(exc, \"stacktrace\", None)\n            time.sleep(self._poll)\n            if time.monotonic() > end_time:\n                break\n>       raise TimeoutException(message, screen, stacktrace)\nE       selenium.common.exceptions.TimeoutException: Message: \nE       Stacktrace:\nE       #0 0x556b1d6e4783 <unknown>\nE       #1 0x556b1d410917 <unknown>\nE       #2 0x556b1d44f31b <unknown>\nE       #3 0x556b1d44f411 <unknown>\nE       #4 0x556b1d48a674 <unknown>\nE       #5 0x556b1d46fe2d <unknown>\nE       #6 0x556b1d4880d9 <unknown>\nE       #7 0x556b1d46fbd3 <unknown>\nE       #8 0x556b1d443a7b <unknown>\nE       #9 0x556b1d44481e <unknown>\nE       #10 0x556b1d6a5e98 <unknown>\nE       #11 0x556b1d6a9d67 <unknown>\nE       #12 0x556b1d6b432c <unknown>\nE       #13 0x556b1d6aa993 <unknown>\nE       #14 0x556b1d679827 <unknown>\nE       #15 0x556b1d6ce8a8 <unknown>\nE       #16 0x556b1d6cea36 <unknown>\nE       #17 0x556b1d6dd5f3 <unknown>\nE       #18 0x7f8c0b57cb43 <unknown>\n\n/opt/hostedtoolcache/Python/3.11.4/x64/lib/python3.11/site-packages/selenium/webdriver/support/wait.py:95: TimeoutException",
    "steps" : [ {
      "name" : "Fill in Email field",
      "time" : {
        "start" : 1691282911495,
        "stop" : 1691282911793,
        "duration" : 298
      },
      "status" : "passed",
      "steps" : [ {
        "name" : "Check FYP Email field is clickable",
        "time" : {
          "start" : 1691282911495,
          "stop" : 1691282911539,
          "duration" : 44
        },
        "status" : "passed",
        "steps" : [ {
          "name" : "Find clickable elements",
          "time" : {
            "start" : 1691282911495,
            "stop" : 1691282911538,
            "duration" : 43
          },
          "status" : "passed",
          "steps" : [ ],
          "attachments" : [ ],
          "parameters" : [ {
            "name" : "locator",
            "value" : "('css selector', '#email_address')"
          }, {
            "name" : "timeout",
            "value" : "5"
          } ],
          "stepsCount" : 0,
          "attachmentsCount" : 0,
          "shouldDisplayMessage" : false,
          "hasContent" : true
        } ],
        "attachments" : [ ],
        "parameters" : [ ],
        "stepsCount" : 1,
        "attachmentsCount" : 0,
        "shouldDisplayMessage" : false,
        "hasContent" : true
      }, {
        "name" : "Fill in a field",
        "time" : {
          "start" : 1691282911539,
          "stop" : 1691282911793,
          "duration" : 254
        },
        "status" : "passed",
        "steps" : [ {
          "name" : "Find clickable elements",
          "time" : {
            "start" : 1691282911539,
            "stop" : 1691282911569,
            "duration" : 30
          },
          "status" : "passed",
          "steps" : [ ],
          "attachments" : [ ],
          "parameters" : [ {
            "name" : "locator",
            "value" : "<selenium.webdriver.remote.webelement.WebElement (session=\"9e89d8d439f053924f28dcd8f9658f71\", element=\"3B33B76231D8A9644D8955CF707635FF_element_9\")>"
          }, {
            "name" : "timeout",
            "value" : "5"
          } ],
          "stepsCount" : 0,
          "attachmentsCount" : 0,
          "shouldDisplayMessage" : false,
          "hasContent" : true
        } ],
        "attachments" : [ ],
        "parameters" : [ {
          "name" : "locator",
          "value" : "<selenium.webdriver.remote.webelement.WebElement (session=\"9e89d8d439f053924f28dcd8f9658f71\", element=\"3B33B76231D8A9644D8955CF707635FF_element_9\")>"
        }, {
          "name" : "value",
          "value" : "'test130@mailinator.com'"
        } ],
        "stepsCount" : 1,
        "attachmentsCount" : 0,
        "shouldDisplayMessage" : false,
        "hasContent" : true
      } ],
      "attachments" : [ ],
      "parameters" : [ {
        "name" : "email",
        "value" : "'test130@mailinator.com'"
      } ],
      "stepsCount" : 4,
      "attachmentsCount" : 0,
      "shouldDisplayMessage" : false,
      "hasContent" : true
    }, {
      "name" : "Click on Reset My Password button button",
      "time" : {
        "start" : 1691282911794,
        "stop" : 1691282914349,
        "duration" : 2555
      },
      "status" : "passed",
      "steps" : [ {
        "name" : "Check Reset My Password button is clickable",
        "time" : {
          "start" : 1691282911794,
          "stop" : 1691282911831,
          "duration" : 37
        },
        "status" : "passed",
        "steps" : [ {
          "name" : "Find clickable elements",
          "time" : {
            "start" : 1691282911794,
            "stop" : 1691282911831,
            "duration" : 37
          },
          "status" : "passed",
          "steps" : [ ],
          "attachments" : [ ],
          "parameters" : [ {
            "name" : "locator",
            "value" : "('css selector', 'button[class=\"action submit primary\"]')"
          }, {
            "name" : "timeout",
            "value" : "5"
          } ],
          "stepsCount" : 0,
          "attachmentsCount" : 0,
          "shouldDisplayMessage" : false,
          "hasContent" : true
        } ],
        "attachments" : [ ],
        "parameters" : [ ],
        "stepsCount" : 1,
        "attachmentsCount" : 0,
        "shouldDisplayMessage" : false,
        "hasContent" : true
      } ],
      "attachments" : [ ],
      "parameters" : [ ],
      "stepsCount" : 2,
      "attachmentsCount" : 0,
      "shouldDisplayMessage" : false,
      "hasContent" : true
    }, {
      "name" : "Get error captcha input field required ",
      "time" : {
        "start" : 1691282914349,
        "stop" : 1691282919536,
        "duration" : 5187
      },
      "status" : "broken",
      "statusMessage" : "selenium.common.exceptions.TimeoutException: Message: \nStacktrace:\n#0 0x556b1d6e4783 <unknown>\n#1 0x556b1d410917 <unknown>\n#2 0x556b1d44f31b <unknown>\n#3 0x556b1d44f411 <unknown>\n#4 0x556b1d48a674 <unknown>\n#5 0x556b1d46fe2d <unknown>\n#6 0x556b1d4880d9 <unknown>\n#7 0x556b1d46fbd3 <unknown>\n#8 0x556b1d443a7b <unknown>\n#9 0x556b1d44481e <unknown>\n#10 0x556b1d6a5e98 <unknown>\n#11 0x556b1d6a9d67 <unknown>\n#12 0x556b1d6b432c <unknown>\n#13 0x556b1d6aa993 <unknown>\n#14 0x556b1d679827 <unknown>\n#15 0x556b1d6ce8a8 <unknown>\n#16 0x556b1d6cea36 <unknown>\n#17 0x556b1d6dd5f3 <unknown>\n#18 0x7f8c0b57cb43 <unknown>\n\n",
      "statusTrace" : "  File \"/opt/hostedtoolcache/Python/3.11.4/x64/lib/python3.11/site-packages/allure_commons/_allure.py\", line 192, in impl\n    return func(*a, **kw)\n           ^^^^^^^^^^^^^^\n  File \"/home/runner/work/luma_project/luma_project/pages/forgot_your_password_page.py\", line 149, in get_error_captcha_input_is_required\n    return self.get_error_message(self.locators.RESET_MY_PASSWORD_CAPTCHA_ERROR)\n           ^^^^^^^^^^^^^^^^^^^^^^^^^^^^^^^^^^^^^^^^^^^^^^^^^^^^^^^^^^^^^^^^^^^^^\n  File \"/opt/hostedtoolcache/Python/3.11.4/x64/lib/python3.11/site-packages/allure_commons/_allure.py\", line 192, in impl\n    return func(*a, **kw)\n           ^^^^^^^^^^^^^^\n  File \"/home/runner/work/luma_project/luma_project/pages/base_page.py\", line 337, in get_error_message\n    error = self.element_is_visible(locator)\n            ^^^^^^^^^^^^^^^^^^^^^^^^^^^^^^^^\n  File \"/opt/hostedtoolcache/Python/3.11.4/x64/lib/python3.11/site-packages/allure_commons/_allure.py\", line 192, in impl\n    return func(*a, **kw)\n           ^^^^^^^^^^^^^^\n  File \"/home/runner/work/luma_project/luma_project/pages/base_page.py\", line 29, in element_is_visible\n    self.go_to_element(self.element_is_present(locator))\n                       ^^^^^^^^^^^^^^^^^^^^^^^^^^^^^^^^\n  File \"/opt/hostedtoolcache/Python/3.11.4/x64/lib/python3.11/site-packages/allure_commons/_allure.py\", line 192, in impl\n    return func(*a, **kw)\n           ^^^^^^^^^^^^^^\n  File \"/home/runner/work/luma_project/luma_project/pages/base_page.py\", line 50, in element_is_present\n    return wait(self.driver, timeout).until(EC.presence_of_element_located(locator))\n           ^^^^^^^^^^^^^^^^^^^^^^^^^^^^^^^^^^^^^^^^^^^^^^^^^^^^^^^^^^^^^^^^^^^^^^^^^\n  File \"/opt/hostedtoolcache/Python/3.11.4/x64/lib/python3.11/site-packages/selenium/webdriver/support/wait.py\", line 95, in until\n    raise TimeoutException(message, screen, stacktrace)\n",
      "steps" : [ {
        "name" : "Get error message",
        "time" : {
          "start" : 1691282914349,
          "stop" : 1691282919535,
          "duration" : 5186
        },
        "status" : "broken",
        "statusMessage" : "selenium.common.exceptions.TimeoutException: Message: \nStacktrace:\n#0 0x556b1d6e4783 <unknown>\n#1 0x556b1d410917 <unknown>\n#2 0x556b1d44f31b <unknown>\n#3 0x556b1d44f411 <unknown>\n#4 0x556b1d48a674 <unknown>\n#5 0x556b1d46fe2d <unknown>\n#6 0x556b1d4880d9 <unknown>\n#7 0x556b1d46fbd3 <unknown>\n#8 0x556b1d443a7b <unknown>\n#9 0x556b1d44481e <unknown>\n#10 0x556b1d6a5e98 <unknown>\n#11 0x556b1d6a9d67 <unknown>\n#12 0x556b1d6b432c <unknown>\n#13 0x556b1d6aa993 <unknown>\n#14 0x556b1d679827 <unknown>\n#15 0x556b1d6ce8a8 <unknown>\n#16 0x556b1d6cea36 <unknown>\n#17 0x556b1d6dd5f3 <unknown>\n#18 0x7f8c0b57cb43 <unknown>\n\n",
        "statusTrace" : "  File \"/opt/hostedtoolcache/Python/3.11.4/x64/lib/python3.11/site-packages/allure_commons/_allure.py\", line 192, in impl\n    return func(*a, **kw)\n           ^^^^^^^^^^^^^^\n  File \"/home/runner/work/luma_project/luma_project/pages/base_page.py\", line 337, in get_error_message\n    error = self.element_is_visible(locator)\n            ^^^^^^^^^^^^^^^^^^^^^^^^^^^^^^^^\n  File \"/opt/hostedtoolcache/Python/3.11.4/x64/lib/python3.11/site-packages/allure_commons/_allure.py\", line 192, in impl\n    return func(*a, **kw)\n           ^^^^^^^^^^^^^^\n  File \"/home/runner/work/luma_project/luma_project/pages/base_page.py\", line 29, in element_is_visible\n    self.go_to_element(self.element_is_present(locator))\n                       ^^^^^^^^^^^^^^^^^^^^^^^^^^^^^^^^\n  File \"/opt/hostedtoolcache/Python/3.11.4/x64/lib/python3.11/site-packages/allure_commons/_allure.py\", line 192, in impl\n    return func(*a, **kw)\n           ^^^^^^^^^^^^^^\n  File \"/home/runner/work/luma_project/luma_project/pages/base_page.py\", line 50, in element_is_present\n    return wait(self.driver, timeout).until(EC.presence_of_element_located(locator))\n           ^^^^^^^^^^^^^^^^^^^^^^^^^^^^^^^^^^^^^^^^^^^^^^^^^^^^^^^^^^^^^^^^^^^^^^^^^\n  File \"/opt/hostedtoolcache/Python/3.11.4/x64/lib/python3.11/site-packages/selenium/webdriver/support/wait.py\", line 95, in until\n    raise TimeoutException(message, screen, stacktrace)\n",
        "steps" : [ {
          "name" : "Find a visible element",
          "time" : {
            "start" : 1691282914349,
            "stop" : 1691282919535,
            "duration" : 5186
          },
          "status" : "broken",
          "statusMessage" : "selenium.common.exceptions.TimeoutException: Message: \nStacktrace:\n#0 0x556b1d6e4783 <unknown>\n#1 0x556b1d410917 <unknown>\n#2 0x556b1d44f31b <unknown>\n#3 0x556b1d44f411 <unknown>\n#4 0x556b1d48a674 <unknown>\n#5 0x556b1d46fe2d <unknown>\n#6 0x556b1d4880d9 <unknown>\n#7 0x556b1d46fbd3 <unknown>\n#8 0x556b1d443a7b <unknown>\n#9 0x556b1d44481e <unknown>\n#10 0x556b1d6a5e98 <unknown>\n#11 0x556b1d6a9d67 <unknown>\n#12 0x556b1d6b432c <unknown>\n#13 0x556b1d6aa993 <unknown>\n#14 0x556b1d679827 <unknown>\n#15 0x556b1d6ce8a8 <unknown>\n#16 0x556b1d6cea36 <unknown>\n#17 0x556b1d6dd5f3 <unknown>\n#18 0x7f8c0b57cb43 <unknown>\n\n",
          "statusTrace" : "  File \"/opt/hostedtoolcache/Python/3.11.4/x64/lib/python3.11/site-packages/allure_commons/_allure.py\", line 192, in impl\n    return func(*a, **kw)\n           ^^^^^^^^^^^^^^\n  File \"/home/runner/work/luma_project/luma_project/pages/base_page.py\", line 29, in element_is_visible\n    self.go_to_element(self.element_is_present(locator))\n                       ^^^^^^^^^^^^^^^^^^^^^^^^^^^^^^^^\n  File \"/opt/hostedtoolcache/Python/3.11.4/x64/lib/python3.11/site-packages/allure_commons/_allure.py\", line 192, in impl\n    return func(*a, **kw)\n           ^^^^^^^^^^^^^^\n  File \"/home/runner/work/luma_project/luma_project/pages/base_page.py\", line 50, in element_is_present\n    return wait(self.driver, timeout).until(EC.presence_of_element_located(locator))\n           ^^^^^^^^^^^^^^^^^^^^^^^^^^^^^^^^^^^^^^^^^^^^^^^^^^^^^^^^^^^^^^^^^^^^^^^^^\n  File \"/opt/hostedtoolcache/Python/3.11.4/x64/lib/python3.11/site-packages/selenium/webdriver/support/wait.py\", line 95, in until\n    raise TimeoutException(message, screen, stacktrace)\n",
          "steps" : [ {
            "name" : "Find a present element",
            "time" : {
              "start" : 1691282914349,
              "stop" : 1691282919535,
              "duration" : 5186
            },
            "status" : "broken",
            "statusMessage" : "selenium.common.exceptions.TimeoutException: Message: \nStacktrace:\n#0 0x556b1d6e4783 <unknown>\n#1 0x556b1d410917 <unknown>\n#2 0x556b1d44f31b <unknown>\n#3 0x556b1d44f411 <unknown>\n#4 0x556b1d48a674 <unknown>\n#5 0x556b1d46fe2d <unknown>\n#6 0x556b1d4880d9 <unknown>\n#7 0x556b1d46fbd3 <unknown>\n#8 0x556b1d443a7b <unknown>\n#9 0x556b1d44481e <unknown>\n#10 0x556b1d6a5e98 <unknown>\n#11 0x556b1d6a9d67 <unknown>\n#12 0x556b1d6b432c <unknown>\n#13 0x556b1d6aa993 <unknown>\n#14 0x556b1d679827 <unknown>\n#15 0x556b1d6ce8a8 <unknown>\n#16 0x556b1d6cea36 <unknown>\n#17 0x556b1d6dd5f3 <unknown>\n#18 0x7f8c0b57cb43 <unknown>\n\n",
            "statusTrace" : "  File \"/opt/hostedtoolcache/Python/3.11.4/x64/lib/python3.11/site-packages/allure_commons/_allure.py\", line 192, in impl\n    return func(*a, **kw)\n           ^^^^^^^^^^^^^^\n  File \"/home/runner/work/luma_project/luma_project/pages/base_page.py\", line 50, in element_is_present\n    return wait(self.driver, timeout).until(EC.presence_of_element_located(locator))\n           ^^^^^^^^^^^^^^^^^^^^^^^^^^^^^^^^^^^^^^^^^^^^^^^^^^^^^^^^^^^^^^^^^^^^^^^^^\n  File \"/opt/hostedtoolcache/Python/3.11.4/x64/lib/python3.11/site-packages/selenium/webdriver/support/wait.py\", line 95, in until\n    raise TimeoutException(message, screen, stacktrace)\n",
            "steps" : [ ],
            "attachments" : [ ],
            "parameters" : [ {
              "name" : "locator",
              "value" : "('css selector', '#captcha_user_forgotpassword-error')"
            }, {
              "name" : "timeout",
              "value" : "5"
            } ],
            "stepsCount" : 0,
            "attachmentsCount" : 0,
            "shouldDisplayMessage" : true,
            "hasContent" : true
          } ],
          "attachments" : [ ],
          "parameters" : [ {
            "name" : "locator",
            "value" : "('css selector', '#captcha_user_forgotpassword-error')"
          }, {
            "name" : "timeout",
            "value" : "10"
          } ],
          "stepsCount" : 1,
          "attachmentsCount" : 0,
          "shouldDisplayMessage" : false,
          "hasContent" : true
        } ],
        "attachments" : [ ],
        "parameters" : [ {
          "name" : "locator",
          "value" : "('css selector', '#captcha_user_forgotpassword-error')"
        } ],
        "stepsCount" : 2,
        "attachmentsCount" : 0,
        "shouldDisplayMessage" : false,
        "hasContent" : true
      } ],
      "attachments" : [ ],
      "parameters" : [ ],
      "stepsCount" : 3,
      "attachmentsCount" : 0,
      "shouldDisplayMessage" : false,
      "hasContent" : true
    } ],
    "attachments" : [ {
      "uid" : "d6bcc3279e37f621",
      "name" : "Screenshot",
      "source" : "d6bcc3279e37f621.png",
      "type" : "image/png",
      "size" : 82260
    }, {
      "uid" : "75ff956f60649233",
      "name" : "HTML source",
      "source" : "75ff956f60649233.html",
      "type" : "text/html",
      "size" : 80205
    } ],
    "parameters" : [ ],
    "stepsCount" : 12,
    "attachmentsCount" : 2,
    "shouldDisplayMessage" : true,
    "hasContent" : true
  },
  "afterStages" : [ {
    "name" : "clear_allure_result_folder::0",
    "time" : {
      "start" : 1691284012998,
      "stop" : 1691284012998,
      "duration" : 0
    },
    "status" : "passed",
    "steps" : [ ],
    "attachments" : [ ],
    "parameters" : [ ],
    "stepsCount" : 0,
    "attachmentsCount" : 0,
    "shouldDisplayMessage" : false,
    "hasContent" : false
  }, {
    "name" : "driver::0",
    "time" : {
      "start" : 1691282919752,
      "stop" : 1691282919818,
      "duration" : 66
    },
    "status" : "passed",
    "steps" : [ ],
    "attachments" : [ ],
    "parameters" : [ ],
    "stepsCount" : 0,
    "attachmentsCount" : 0,
    "shouldDisplayMessage" : false,
    "hasContent" : false
  } ],
  "labels" : [ {
    "name" : "epic",
    "value" : "Forgot Your Password Functionality"
  }, {
    "name" : "parentSuite",
    "value" : "tests"
  }, {
    "name" : "suite",
    "value" : "test_forgot_your_password"
  }, {
    "name" : "subSuite",
    "value" : "TestForgotYourPasswordFunctionality"
  }, {
    "name" : "host",
    "value" : "fv-az883-512"
  }, {
    "name" : "thread",
    "value" : "3280-MainThread"
  }, {
    "name" : "framework",
    "value" : "pytest"
  }, {
    "name" : "language",
    "value" : "cpython3"
  }, {
    "name" : "package",
    "value" : "tests.test_forgot_your_password"
  }, {
    "name" : "resultFormat",
    "value" : "allure2"
  } ],
  "parameters" : [ ],
  "links" : [ ],
  "hidden" : false,
  "retry" : false,
  "extra" : {
    "severity" : "normal",
    "retries" : [ ],
    "categories" : [ {
      "name" : "Test defects",
      "matchedStatuses" : [ ],
      "flaky" : false
    } ],
    "tags" : [ ]
  },
  "source" : "a9476b308b137a70.json",
  "parameterValues" : [ ]
}