{
  "uid" : "af7766a5f23302fe",
  "name" : "TC 17.01.16 Verify click Reload captcha button generates a new captcha image",
  "fullName" : "tests.test_forgot_your_password.TestForgotYourPassword#test_17_01_16_click_reload_captcha_generates_captcha_image",
  "historyId" : "112a1082ee9e804c5e00b6f5e60b08cd",
  "time" : {
    "start" : 1694306825433,
    "stop" : 1694306830583,
    "duration" : 5150
  },
  "description" : "\n        Check that the 'Reload captcha' button generates a new captcha image\n        and ensure the new image source is different from the original image source\n        ",
  "descriptionHtml" : "<pre><code>    Check that the 'Reload captcha' button generates a new captcha image\n    and ensure the new image source is different from the original image source\n</code></pre>\n",
  "status" : "broken",
  "statusMessage" : "selenium.common.exceptions.TimeoutException: Message: \nStacktrace:\n#0 0x562c08f78e23 <unknown>\n#1 0x562c08ca17a7 <unknown>\n#2 0x562c08ce01d3 <unknown>\n#3 0x562c08ce02c1 <unknown>\n#4 0x562c08d1ba04 <unknown>\n#5 0x562c08d0103d <unknown>\n#6 0x562c08d19369 <unknown>\n#7 0x562c08d00de3 <unknown>\n#8 0x562c08cd4a7b <unknown>\n#9 0x562c08cd581e <unknown>\n#10 0x562c08f3a638 <unknown>\n#11 0x562c08f3e507 <unknown>\n#12 0x562c08f48c4c <unknown>\n#13 0x562c08f3f136 <unknown>\n#14 0x562c08f0d9cf <unknown>\n#15 0x562c08f62b98 <unknown>\n#16 0x562c08f62d68 <unknown>\n#17 0x562c08f71cb3 <unknown>\n#18 0x7f40e7afeb43 <unknown>",
  "statusTrace" : "self = <test_forgot_your_password.TestForgotYourPassword object at 0x7f85d5f8bdd0>\ndriver = <selenium.webdriver.chrome.webdriver.WebDriver (session=\"70612661a7462eee7ea5b2469babf20d\")>\nforgot_psw_page = <pages.forgot_your_password_page.ForgotYourPasswordPage object at 0x7f85d5cb4d90>\n\n    @allure.title('TC 17.01.16 Verify click Reload captcha button generates a new captcha image')\n    def test_17_01_16_click_reload_captcha_generates_captcha_image(self, driver, forgot_psw_page):\n        \"\"\"\n        Check that the 'Reload captcha' button generates a new captcha image\n        and ensure the new image source is different from the original image source\n        \"\"\"\n>       captcha_image = forgot_psw_page.check_captcha_image_is_visible()\n\ntests/test_forgot_your_password.py:143: \n_ _ _ _ _ _ _ _ _ _ _ _ _ _ _ _ _ _ _ _ _ _ _ _ _ _ _ _ _ _ _ _ _ _ _ _ _ _ _ _ \npages/forgot_your_password_page.py:109: in check_captcha_image_is_visible\n    return self.element_is_visible(self.locators.RELOAD_CAPTCHA_IMAGE)\npages/base_page.py:29: in element_is_visible\n    self.go_to_element(self.element_is_present(locator))\npages/base_page.py:50: in element_is_present\n    return wait(self.driver, timeout).until(EC.presence_of_element_located(locator))\n_ _ _ _ _ _ _ _ _ _ _ _ _ _ _ _ _ _ _ _ _ _ _ _ _ _ _ _ _ _ _ _ _ _ _ _ _ _ _ _ \n\nself = <selenium.webdriver.support.wait.WebDriverWait (session=\"70612661a7462eee7ea5b2469babf20d\")>\nmethod = <function presence_of_element_located.<locals>._predicate at 0x7f85d57df600>\nmessage = ''\n\n    def until(self, method, message: str = \"\"):\n        \"\"\"Calls the method provided with the driver as an argument until the \\\n        return value does not evaluate to ``False``.\n    \n        :param method: callable(WebDriver)\n        :param message: optional message for :exc:`TimeoutException`\n        :returns: the result of the last call to `method`\n        :raises: :exc:`selenium.common.exceptions.TimeoutException` if timeout occurs\n        \"\"\"\n        screen = None\n        stacktrace = None\n    \n        end_time = time.monotonic() + self._timeout\n        while True:\n            try:\n                value = method(self._driver)\n                if value:\n                    return value\n            except self._ignored_exceptions as exc:\n                screen = getattr(exc, \"screen\", None)\n                stacktrace = getattr(exc, \"stacktrace\", None)\n            time.sleep(self._poll)\n            if time.monotonic() > end_time:\n                break\n>       raise TimeoutException(message, screen, stacktrace)\nE       selenium.common.exceptions.TimeoutException: Message: \nE       Stacktrace:\nE       #0 0x562c08f78e23 <unknown>\nE       #1 0x562c08ca17a7 <unknown>\nE       #2 0x562c08ce01d3 <unknown>\nE       #3 0x562c08ce02c1 <unknown>\nE       #4 0x562c08d1ba04 <unknown>\nE       #5 0x562c08d0103d <unknown>\nE       #6 0x562c08d19369 <unknown>\nE       #7 0x562c08d00de3 <unknown>\nE       #8 0x562c08cd4a7b <unknown>\nE       #9 0x562c08cd581e <unknown>\nE       #10 0x562c08f3a638 <unknown>\nE       #11 0x562c08f3e507 <unknown>\nE       #12 0x562c08f48c4c <unknown>\nE       #13 0x562c08f3f136 <unknown>\nE       #14 0x562c08f0d9cf <unknown>\nE       #15 0x562c08f62b98 <unknown>\nE       #16 0x562c08f62d68 <unknown>\nE       #17 0x562c08f71cb3 <unknown>\nE       #18 0x7f40e7afeb43 <unknown>\n\n/opt/hostedtoolcache/Python/3.11.5/x64/lib/python3.11/site-packages/selenium/webdriver/support/wait.py:95: TimeoutException",
  "flaky" : false,
  "newFailed" : false,
  "beforeStages" : [ {
    "name" : "_session_faker",
    "time" : {
      "start" : 1694306365489,
      "stop" : 1694306365583,
      "duration" : 94
    },
    "status" : "passed",
    "steps" : [ ],
    "attachments" : [ ],
    "parameters" : [ ],
    "stepsCount" : 0,
    "attachmentsCount" : 0,
    "shouldDisplayMessage" : false,
    "hasContent" : false
  }, {
    "name" : "clear_allure_result_folder",
    "time" : {
      "start" : 1694306365584,
      "stop" : 1694306365584,
      "duration" : 0
    },
    "status" : "passed",
    "steps" : [ ],
    "attachments" : [ ],
    "parameters" : [ ],
    "stepsCount" : 0,
    "attachmentsCount" : 0,
    "shouldDisplayMessage" : false,
    "hasContent" : false
  }, {
    "name" : "driver",
    "time" : {
      "start" : 1694306822732,
      "stop" : 1694306823944,
      "duration" : 1212
    },
    "status" : "passed",
    "steps" : [ ],
    "attachments" : [ ],
    "parameters" : [ ],
    "stepsCount" : 0,
    "attachmentsCount" : 0,
    "shouldDisplayMessage" : false,
    "hasContent" : false
  }, {
    "name" : "forgot_psw_page",
    "time" : {
      "start" : 1694306823944,
      "stop" : 1694306825432,
      "duration" : 1488
    },
    "status" : "passed",
    "steps" : [ {
      "name" : "Open a browser",
      "time" : {
        "start" : 1694306823944,
        "stop" : 1694306825432,
        "duration" : 1488
      },
      "status" : "passed",
      "steps" : [ ],
      "attachments" : [ ],
      "parameters" : [ ],
      "stepsCount" : 0,
      "attachmentsCount" : 0,
      "shouldDisplayMessage" : false,
      "hasContent" : false
    } ],
    "attachments" : [ ],
    "parameters" : [ ],
    "stepsCount" : 1,
    "attachmentsCount" : 0,
    "shouldDisplayMessage" : false,
    "hasContent" : true
  } ],
  "testStage" : {
    "description" : "\n        Check that the 'Reload captcha' button generates a new captcha image\n        and ensure the new image source is different from the original image source\n        ",
    "status" : "broken",
    "statusMessage" : "selenium.common.exceptions.TimeoutException: Message: \nStacktrace:\n#0 0x562c08f78e23 <unknown>\n#1 0x562c08ca17a7 <unknown>\n#2 0x562c08ce01d3 <unknown>\n#3 0x562c08ce02c1 <unknown>\n#4 0x562c08d1ba04 <unknown>\n#5 0x562c08d0103d <unknown>\n#6 0x562c08d19369 <unknown>\n#7 0x562c08d00de3 <unknown>\n#8 0x562c08cd4a7b <unknown>\n#9 0x562c08cd581e <unknown>\n#10 0x562c08f3a638 <unknown>\n#11 0x562c08f3e507 <unknown>\n#12 0x562c08f48c4c <unknown>\n#13 0x562c08f3f136 <unknown>\n#14 0x562c08f0d9cf <unknown>\n#15 0x562c08f62b98 <unknown>\n#16 0x562c08f62d68 <unknown>\n#17 0x562c08f71cb3 <unknown>\n#18 0x7f40e7afeb43 <unknown>",
    "statusTrace" : "self = <test_forgot_your_password.TestForgotYourPassword object at 0x7f85d5f8bdd0>\ndriver = <selenium.webdriver.chrome.webdriver.WebDriver (session=\"70612661a7462eee7ea5b2469babf20d\")>\nforgot_psw_page = <pages.forgot_your_password_page.ForgotYourPasswordPage object at 0x7f85d5cb4d90>\n\n    @allure.title('TC 17.01.16 Verify click Reload captcha button generates a new captcha image')\n    def test_17_01_16_click_reload_captcha_generates_captcha_image(self, driver, forgot_psw_page):\n        \"\"\"\n        Check that the 'Reload captcha' button generates a new captcha image\n        and ensure the new image source is different from the original image source\n        \"\"\"\n>       captcha_image = forgot_psw_page.check_captcha_image_is_visible()\n\ntests/test_forgot_your_password.py:143: \n_ _ _ _ _ _ _ _ _ _ _ _ _ _ _ _ _ _ _ _ _ _ _ _ _ _ _ _ _ _ _ _ _ _ _ _ _ _ _ _ \npages/forgot_your_password_page.py:109: in check_captcha_image_is_visible\n    return self.element_is_visible(self.locators.RELOAD_CAPTCHA_IMAGE)\npages/base_page.py:29: in element_is_visible\n    self.go_to_element(self.element_is_present(locator))\npages/base_page.py:50: in element_is_present\n    return wait(self.driver, timeout).until(EC.presence_of_element_located(locator))\n_ _ _ _ _ _ _ _ _ _ _ _ _ _ _ _ _ _ _ _ _ _ _ _ _ _ _ _ _ _ _ _ _ _ _ _ _ _ _ _ \n\nself = <selenium.webdriver.support.wait.WebDriverWait (session=\"70612661a7462eee7ea5b2469babf20d\")>\nmethod = <function presence_of_element_located.<locals>._predicate at 0x7f85d57df600>\nmessage = ''\n\n    def until(self, method, message: str = \"\"):\n        \"\"\"Calls the method provided with the driver as an argument until the \\\n        return value does not evaluate to ``False``.\n    \n        :param method: callable(WebDriver)\n        :param message: optional message for :exc:`TimeoutException`\n        :returns: the result of the last call to `method`\n        :raises: :exc:`selenium.common.exceptions.TimeoutException` if timeout occurs\n        \"\"\"\n        screen = None\n        stacktrace = None\n    \n        end_time = time.monotonic() + self._timeout\n        while True:\n            try:\n                value = method(self._driver)\n                if value:\n                    return value\n            except self._ignored_exceptions as exc:\n                screen = getattr(exc, \"screen\", None)\n                stacktrace = getattr(exc, \"stacktrace\", None)\n            time.sleep(self._poll)\n            if time.monotonic() > end_time:\n                break\n>       raise TimeoutException(message, screen, stacktrace)\nE       selenium.common.exceptions.TimeoutException: Message: \nE       Stacktrace:\nE       #0 0x562c08f78e23 <unknown>\nE       #1 0x562c08ca17a7 <unknown>\nE       #2 0x562c08ce01d3 <unknown>\nE       #3 0x562c08ce02c1 <unknown>\nE       #4 0x562c08d1ba04 <unknown>\nE       #5 0x562c08d0103d <unknown>\nE       #6 0x562c08d19369 <unknown>\nE       #7 0x562c08d00de3 <unknown>\nE       #8 0x562c08cd4a7b <unknown>\nE       #9 0x562c08cd581e <unknown>\nE       #10 0x562c08f3a638 <unknown>\nE       #11 0x562c08f3e507 <unknown>\nE       #12 0x562c08f48c4c <unknown>\nE       #13 0x562c08f3f136 <unknown>\nE       #14 0x562c08f0d9cf <unknown>\nE       #15 0x562c08f62b98 <unknown>\nE       #16 0x562c08f62d68 <unknown>\nE       #17 0x562c08f71cb3 <unknown>\nE       #18 0x7f40e7afeb43 <unknown>\n\n/opt/hostedtoolcache/Python/3.11.5/x64/lib/python3.11/site-packages/selenium/webdriver/support/wait.py:95: TimeoutException",
    "steps" : [ {
      "name" : "Check Captcha image is visible",
      "time" : {
        "start" : 1694306825433,
        "stop" : 1694306830582,
        "duration" : 5149
      },
      "status" : "broken",
      "statusMessage" : "selenium.common.exceptions.TimeoutException: Message: \nStacktrace:\n#0 0x562c08f78e23 <unknown>\n#1 0x562c08ca17a7 <unknown>\n#2 0x562c08ce01d3 <unknown>\n#3 0x562c08ce02c1 <unknown>\n#4 0x562c08d1ba04 <unknown>\n#5 0x562c08d0103d <unknown>\n#6 0x562c08d19369 <unknown>\n#7 0x562c08d00de3 <unknown>\n#8 0x562c08cd4a7b <unknown>\n#9 0x562c08cd581e <unknown>\n#10 0x562c08f3a638 <unknown>\n#11 0x562c08f3e507 <unknown>\n#12 0x562c08f48c4c <unknown>\n#13 0x562c08f3f136 <unknown>\n#14 0x562c08f0d9cf <unknown>\n#15 0x562c08f62b98 <unknown>\n#16 0x562c08f62d68 <unknown>\n#17 0x562c08f71cb3 <unknown>\n#18 0x7f40e7afeb43 <unknown>\n\n",
      "statusTrace" : "  File \"/opt/hostedtoolcache/Python/3.11.5/x64/lib/python3.11/site-packages/allure_commons/_allure.py\", line 192, in impl\n    return func(*a, **kw)\n           ^^^^^^^^^^^^^^\n  File \"/home/runner/work/luma_project/luma_project/pages/forgot_your_password_page.py\", line 109, in check_captcha_image_is_visible\n    return self.element_is_visible(self.locators.RELOAD_CAPTCHA_IMAGE)\n           ^^^^^^^^^^^^^^^^^^^^^^^^^^^^^^^^^^^^^^^^^^^^^^^^^^^^^^^^^^^\n  File \"/opt/hostedtoolcache/Python/3.11.5/x64/lib/python3.11/site-packages/allure_commons/_allure.py\", line 192, in impl\n    return func(*a, **kw)\n           ^^^^^^^^^^^^^^\n  File \"/home/runner/work/luma_project/luma_project/pages/base_page.py\", line 29, in element_is_visible\n    self.go_to_element(self.element_is_present(locator))\n                       ^^^^^^^^^^^^^^^^^^^^^^^^^^^^^^^^\n  File \"/opt/hostedtoolcache/Python/3.11.5/x64/lib/python3.11/site-packages/allure_commons/_allure.py\", line 192, in impl\n    return func(*a, **kw)\n           ^^^^^^^^^^^^^^\n  File \"/home/runner/work/luma_project/luma_project/pages/base_page.py\", line 50, in element_is_present\n    return wait(self.driver, timeout).until(EC.presence_of_element_located(locator))\n           ^^^^^^^^^^^^^^^^^^^^^^^^^^^^^^^^^^^^^^^^^^^^^^^^^^^^^^^^^^^^^^^^^^^^^^^^^\n  File \"/opt/hostedtoolcache/Python/3.11.5/x64/lib/python3.11/site-packages/selenium/webdriver/support/wait.py\", line 95, in until\n    raise TimeoutException(message, screen, stacktrace)\n",
      "steps" : [ {
        "name" : "Find a visible element",
        "time" : {
          "start" : 1694306825433,
          "stop" : 1694306830582,
          "duration" : 5149
        },
        "status" : "broken",
        "statusMessage" : "selenium.common.exceptions.TimeoutException: Message: \nStacktrace:\n#0 0x562c08f78e23 <unknown>\n#1 0x562c08ca17a7 <unknown>\n#2 0x562c08ce01d3 <unknown>\n#3 0x562c08ce02c1 <unknown>\n#4 0x562c08d1ba04 <unknown>\n#5 0x562c08d0103d <unknown>\n#6 0x562c08d19369 <unknown>\n#7 0x562c08d00de3 <unknown>\n#8 0x562c08cd4a7b <unknown>\n#9 0x562c08cd581e <unknown>\n#10 0x562c08f3a638 <unknown>\n#11 0x562c08f3e507 <unknown>\n#12 0x562c08f48c4c <unknown>\n#13 0x562c08f3f136 <unknown>\n#14 0x562c08f0d9cf <unknown>\n#15 0x562c08f62b98 <unknown>\n#16 0x562c08f62d68 <unknown>\n#17 0x562c08f71cb3 <unknown>\n#18 0x7f40e7afeb43 <unknown>\n\n",
        "statusTrace" : "  File \"/opt/hostedtoolcache/Python/3.11.5/x64/lib/python3.11/site-packages/allure_commons/_allure.py\", line 192, in impl\n    return func(*a, **kw)\n           ^^^^^^^^^^^^^^\n  File \"/home/runner/work/luma_project/luma_project/pages/base_page.py\", line 29, in element_is_visible\n    self.go_to_element(self.element_is_present(locator))\n                       ^^^^^^^^^^^^^^^^^^^^^^^^^^^^^^^^\n  File \"/opt/hostedtoolcache/Python/3.11.5/x64/lib/python3.11/site-packages/allure_commons/_allure.py\", line 192, in impl\n    return func(*a, **kw)\n           ^^^^^^^^^^^^^^\n  File \"/home/runner/work/luma_project/luma_project/pages/base_page.py\", line 50, in element_is_present\n    return wait(self.driver, timeout).until(EC.presence_of_element_located(locator))\n           ^^^^^^^^^^^^^^^^^^^^^^^^^^^^^^^^^^^^^^^^^^^^^^^^^^^^^^^^^^^^^^^^^^^^^^^^^\n  File \"/opt/hostedtoolcache/Python/3.11.5/x64/lib/python3.11/site-packages/selenium/webdriver/support/wait.py\", line 95, in until\n    raise TimeoutException(message, screen, stacktrace)\n",
        "steps" : [ {
          "name" : "Find a present element",
          "time" : {
            "start" : 1694306825433,
            "stop" : 1694306830581,
            "duration" : 5148
          },
          "status" : "broken",
          "statusMessage" : "selenium.common.exceptions.TimeoutException: Message: \nStacktrace:\n#0 0x562c08f78e23 <unknown>\n#1 0x562c08ca17a7 <unknown>\n#2 0x562c08ce01d3 <unknown>\n#3 0x562c08ce02c1 <unknown>\n#4 0x562c08d1ba04 <unknown>\n#5 0x562c08d0103d <unknown>\n#6 0x562c08d19369 <unknown>\n#7 0x562c08d00de3 <unknown>\n#8 0x562c08cd4a7b <unknown>\n#9 0x562c08cd581e <unknown>\n#10 0x562c08f3a638 <unknown>\n#11 0x562c08f3e507 <unknown>\n#12 0x562c08f48c4c <unknown>\n#13 0x562c08f3f136 <unknown>\n#14 0x562c08f0d9cf <unknown>\n#15 0x562c08f62b98 <unknown>\n#16 0x562c08f62d68 <unknown>\n#17 0x562c08f71cb3 <unknown>\n#18 0x7f40e7afeb43 <unknown>\n\n",
          "statusTrace" : "  File \"/opt/hostedtoolcache/Python/3.11.5/x64/lib/python3.11/site-packages/allure_commons/_allure.py\", line 192, in impl\n    return func(*a, **kw)\n           ^^^^^^^^^^^^^^\n  File \"/home/runner/work/luma_project/luma_project/pages/base_page.py\", line 50, in element_is_present\n    return wait(self.driver, timeout).until(EC.presence_of_element_located(locator))\n           ^^^^^^^^^^^^^^^^^^^^^^^^^^^^^^^^^^^^^^^^^^^^^^^^^^^^^^^^^^^^^^^^^^^^^^^^^\n  File \"/opt/hostedtoolcache/Python/3.11.5/x64/lib/python3.11/site-packages/selenium/webdriver/support/wait.py\", line 95, in until\n    raise TimeoutException(message, screen, stacktrace)\n",
          "steps" : [ ],
          "attachments" : [ ],
          "parameters" : [ {
            "name" : "locator",
            "value" : "('xpath', '//img[@class=\"captcha-img\"]')"
          }, {
            "name" : "timeout",
            "value" : "5"
          } ],
          "stepsCount" : 0,
          "attachmentsCount" : 0,
          "shouldDisplayMessage" : true,
          "hasContent" : true
        } ],
        "attachments" : [ ],
        "parameters" : [ {
          "name" : "locator",
          "value" : "('xpath', '//img[@class=\"captcha-img\"]')"
        }, {
          "name" : "timeout",
          "value" : "10"
        } ],
        "stepsCount" : 1,
        "attachmentsCount" : 0,
        "shouldDisplayMessage" : false,
        "hasContent" : true
      } ],
      "attachments" : [ ],
      "parameters" : [ ],
      "stepsCount" : 2,
      "attachmentsCount" : 0,
      "shouldDisplayMessage" : false,
      "hasContent" : true
    } ],
    "attachments" : [ {
      "uid" : "da3a0c657cf90a80",
      "name" : "Screenshot",
      "source" : "da3a0c657cf90a80.png",
      "type" : "image/png",
      "size" : 65941
    }, {
      "uid" : "cef6d549ecefa49e",
      "name" : "HTML source",
      "source" : "cef6d549ecefa49e.html",
      "type" : "text/html",
      "size" : 77958
    } ],
    "parameters" : [ ],
    "stepsCount" : 3,
    "attachmentsCount" : 2,
    "shouldDisplayMessage" : true,
    "hasContent" : true
  },
  "afterStages" : [ {
    "name" : "clear_allure_result_folder::0",
    "time" : {
      "start" : 1694308120754,
      "stop" : 1694308120754,
      "duration" : 0
    },
    "status" : "passed",
    "steps" : [ ],
    "attachments" : [ ],
    "parameters" : [ ],
    "stepsCount" : 0,
    "attachmentsCount" : 0,
    "shouldDisplayMessage" : false,
    "hasContent" : false
  }, {
    "name" : "driver::0",
    "time" : {
      "start" : 1694306830778,
      "stop" : 1694306830845,
      "duration" : 67
    },
    "status" : "passed",
    "steps" : [ ],
    "attachments" : [ ],
    "parameters" : [ ],
    "stepsCount" : 0,
    "attachmentsCount" : 0,
    "shouldDisplayMessage" : false,
    "hasContent" : false
  } ],
  "labels" : [ {
    "name" : "epic",
    "value" : "Forgot Your Password Page"
  }, {
    "name" : "parentSuite",
    "value" : "tests"
  }, {
    "name" : "suite",
    "value" : "test_forgot_your_password"
  }, {
    "name" : "subSuite",
    "value" : "TestForgotYourPassword"
  }, {
    "name" : "host",
    "value" : "fv-az1241-825"
  }, {
    "name" : "thread",
    "value" : "2980-MainThread"
  }, {
    "name" : "framework",
    "value" : "pytest"
  }, {
    "name" : "language",
    "value" : "cpython3"
  }, {
    "name" : "package",
    "value" : "tests.test_forgot_your_password"
  }, {
    "name" : "resultFormat",
    "value" : "allure2"
  } ],
  "parameters" : [ ],
  "links" : [ ],
  "hidden" : false,
  "retry" : false,
  "extra" : {
    "severity" : "normal",
    "retries" : [ ],
    "categories" : [ {
      "name" : "Test defects",
      "matchedStatuses" : [ ],
      "flaky" : false
    } ],
    "tags" : [ ]
  },
  "source" : "af7766a5f23302fe.json",
  "parameterValues" : [ ]
}