{
  "uid" : "b4c57b2dd1879ae4",
  "name" : "TC 17.01.09 Verify FYP captcha input field is present",
  "fullName" : "tests.test_forgot_your_password.TestForgotYourPassword#test_17_01_09_email_field_is_present",
  "historyId" : "cd76134b1f5e36a57a9e536da7128211",
  "time" : {
    "start" : 1693701867214,
    "stop" : 1693701872358,
    "duration" : 5144
  },
  "description" : "Check if the captcha input field is present",
  "descriptionHtml" : "<p>Check if the captcha input field is present</p>\n",
  "status" : "broken",
  "statusMessage" : "selenium.common.exceptions.TimeoutException: Message: \nStacktrace:\n#0 0x557d0932ee23 <unknown>\n#1 0x557d090577a7 <unknown>\n#2 0x557d090961d3 <unknown>\n#3 0x557d090962c1 <unknown>\n#4 0x557d090d1a04 <unknown>\n#5 0x557d090b703d <unknown>\n#6 0x557d090cf369 <unknown>\n#7 0x557d090b6de3 <unknown>\n#8 0x557d0908aa7b <unknown>\n#9 0x557d0908b81e <unknown>\n#10 0x557d092f0638 <unknown>\n#11 0x557d092f4507 <unknown>\n#12 0x557d092fec4c <unknown>\n#13 0x557d092f5136 <unknown>\n#14 0x557d092c39cf <unknown>\n#15 0x557d09318b98 <unknown>\n#16 0x557d09318d68 <unknown>\n#17 0x557d09327cb3 <unknown>\n#18 0x7fa387e77b43 <unknown>",
  "statusTrace" : "self = <test_forgot_your_password.TestForgotYourPassword object at 0x7fb620d6d0d0>\ndriver = <selenium.webdriver.chrome.webdriver.WebDriver (session=\"bc23d1d61497ce6d72a13e6b8f140025\")>\nforgot_psw_page = <pages.forgot_your_password_page.ForgotYourPasswordPage object at 0x7fb620ade450>\n\n    @allure.title('TC 17.01.09 Verify FYP captcha input field is present')\n    def test_17_01_09_email_field_is_present(self, driver, forgot_psw_page):\n        \"\"\"Check if the captcha input field is present\"\"\"\n>       captcha_input = forgot_psw_page.check_forgot_psw_captcha_field_is_clickable()\n\ntests/test_forgot_your_password.py:87: \n_ _ _ _ _ _ _ _ _ _ _ _ _ _ _ _ _ _ _ _ _ _ _ _ _ _ _ _ _ _ _ _ _ _ _ _ _ _ _ _ \npages/forgot_your_password_page.py:59: in check_forgot_psw_captcha_field_is_clickable\n    return self.element_is_clickable(self.locators.FORGOT_YOUR_PASSWORD_CAPTCHA)\npages/base_page.py:80: in element_is_clickable\n    return wait(self.driver, timeout).until(EC.element_to_be_clickable(locator))\n_ _ _ _ _ _ _ _ _ _ _ _ _ _ _ _ _ _ _ _ _ _ _ _ _ _ _ _ _ _ _ _ _ _ _ _ _ _ _ _ \n\nself = <selenium.webdriver.support.wait.WebDriverWait (session=\"bc23d1d61497ce6d72a13e6b8f140025\")>\nmethod = <function element_to_be_clickable.<locals>._predicate at 0x7fb6205adbc0>\nmessage = ''\n\n    def until(self, method, message: str = \"\"):\n        \"\"\"Calls the method provided with the driver as an argument until the \\\n        return value does not evaluate to ``False``.\n    \n        :param method: callable(WebDriver)\n        :param message: optional message for :exc:`TimeoutException`\n        :returns: the result of the last call to `method`\n        :raises: :exc:`selenium.common.exceptions.TimeoutException` if timeout occurs\n        \"\"\"\n        screen = None\n        stacktrace = None\n    \n        end_time = time.monotonic() + self._timeout\n        while True:\n            try:\n                value = method(self._driver)\n                if value:\n                    return value\n            except self._ignored_exceptions as exc:\n                screen = getattr(exc, \"screen\", None)\n                stacktrace = getattr(exc, \"stacktrace\", None)\n            time.sleep(self._poll)\n            if time.monotonic() > end_time:\n                break\n>       raise TimeoutException(message, screen, stacktrace)\nE       selenium.common.exceptions.TimeoutException: Message: \nE       Stacktrace:\nE       #0 0x557d0932ee23 <unknown>\nE       #1 0x557d090577a7 <unknown>\nE       #2 0x557d090961d3 <unknown>\nE       #3 0x557d090962c1 <unknown>\nE       #4 0x557d090d1a04 <unknown>\nE       #5 0x557d090b703d <unknown>\nE       #6 0x557d090cf369 <unknown>\nE       #7 0x557d090b6de3 <unknown>\nE       #8 0x557d0908aa7b <unknown>\nE       #9 0x557d0908b81e <unknown>\nE       #10 0x557d092f0638 <unknown>\nE       #11 0x557d092f4507 <unknown>\nE       #12 0x557d092fec4c <unknown>\nE       #13 0x557d092f5136 <unknown>\nE       #14 0x557d092c39cf <unknown>\nE       #15 0x557d09318b98 <unknown>\nE       #16 0x557d09318d68 <unknown>\nE       #17 0x557d09327cb3 <unknown>\nE       #18 0x7fa387e77b43 <unknown>\n\n/opt/hostedtoolcache/Python/3.11.4/x64/lib/python3.11/site-packages/selenium/webdriver/support/wait.py:95: TimeoutException",
  "flaky" : false,
  "newFailed" : false,
  "beforeStages" : [ {
    "name" : "_session_faker",
    "time" : {
      "start" : 1693701529698,
      "stop" : 1693701529791,
      "duration" : 93
    },
    "status" : "passed",
    "steps" : [ ],
    "attachments" : [ ],
    "parameters" : [ ],
    "stepsCount" : 0,
    "attachmentsCount" : 0,
    "shouldDisplayMessage" : false,
    "hasContent" : false
  }, {
    "name" : "clear_allure_result_folder",
    "time" : {
      "start" : 1693701529791,
      "stop" : 1693701529792,
      "duration" : 1
    },
    "status" : "passed",
    "steps" : [ ],
    "attachments" : [ ],
    "parameters" : [ ],
    "stepsCount" : 0,
    "attachmentsCount" : 0,
    "shouldDisplayMessage" : false,
    "hasContent" : false
  }, {
    "name" : "forgot_psw_page",
    "time" : {
      "start" : 1693701866128,
      "stop" : 1693701867214,
      "duration" : 1086
    },
    "status" : "passed",
    "steps" : [ {
      "name" : "Open a browser",
      "time" : {
        "start" : 1693701866128,
        "stop" : 1693701867213,
        "duration" : 1085
      },
      "status" : "passed",
      "steps" : [ ],
      "attachments" : [ ],
      "parameters" : [ ],
      "stepsCount" : 0,
      "attachmentsCount" : 0,
      "shouldDisplayMessage" : false,
      "hasContent" : false
    } ],
    "attachments" : [ ],
    "parameters" : [ ],
    "stepsCount" : 1,
    "attachmentsCount" : 0,
    "shouldDisplayMessage" : false,
    "hasContent" : true
  }, {
    "name" : "driver",
    "time" : {
      "start" : 1693701865020,
      "stop" : 1693701866127,
      "duration" : 1107
    },
    "status" : "passed",
    "steps" : [ ],
    "attachments" : [ ],
    "parameters" : [ ],
    "stepsCount" : 0,
    "attachmentsCount" : 0,
    "shouldDisplayMessage" : false,
    "hasContent" : false
  } ],
  "testStage" : {
    "description" : "Check if the captcha input field is present",
    "status" : "broken",
    "statusMessage" : "selenium.common.exceptions.TimeoutException: Message: \nStacktrace:\n#0 0x557d0932ee23 <unknown>\n#1 0x557d090577a7 <unknown>\n#2 0x557d090961d3 <unknown>\n#3 0x557d090962c1 <unknown>\n#4 0x557d090d1a04 <unknown>\n#5 0x557d090b703d <unknown>\n#6 0x557d090cf369 <unknown>\n#7 0x557d090b6de3 <unknown>\n#8 0x557d0908aa7b <unknown>\n#9 0x557d0908b81e <unknown>\n#10 0x557d092f0638 <unknown>\n#11 0x557d092f4507 <unknown>\n#12 0x557d092fec4c <unknown>\n#13 0x557d092f5136 <unknown>\n#14 0x557d092c39cf <unknown>\n#15 0x557d09318b98 <unknown>\n#16 0x557d09318d68 <unknown>\n#17 0x557d09327cb3 <unknown>\n#18 0x7fa387e77b43 <unknown>",
    "statusTrace" : "self = <test_forgot_your_password.TestForgotYourPassword object at 0x7fb620d6d0d0>\ndriver = <selenium.webdriver.chrome.webdriver.WebDriver (session=\"bc23d1d61497ce6d72a13e6b8f140025\")>\nforgot_psw_page = <pages.forgot_your_password_page.ForgotYourPasswordPage object at 0x7fb620ade450>\n\n    @allure.title('TC 17.01.09 Verify FYP captcha input field is present')\n    def test_17_01_09_email_field_is_present(self, driver, forgot_psw_page):\n        \"\"\"Check if the captcha input field is present\"\"\"\n>       captcha_input = forgot_psw_page.check_forgot_psw_captcha_field_is_clickable()\n\ntests/test_forgot_your_password.py:87: \n_ _ _ _ _ _ _ _ _ _ _ _ _ _ _ _ _ _ _ _ _ _ _ _ _ _ _ _ _ _ _ _ _ _ _ _ _ _ _ _ \npages/forgot_your_password_page.py:59: in check_forgot_psw_captcha_field_is_clickable\n    return self.element_is_clickable(self.locators.FORGOT_YOUR_PASSWORD_CAPTCHA)\npages/base_page.py:80: in element_is_clickable\n    return wait(self.driver, timeout).until(EC.element_to_be_clickable(locator))\n_ _ _ _ _ _ _ _ _ _ _ _ _ _ _ _ _ _ _ _ _ _ _ _ _ _ _ _ _ _ _ _ _ _ _ _ _ _ _ _ \n\nself = <selenium.webdriver.support.wait.WebDriverWait (session=\"bc23d1d61497ce6d72a13e6b8f140025\")>\nmethod = <function element_to_be_clickable.<locals>._predicate at 0x7fb6205adbc0>\nmessage = ''\n\n    def until(self, method, message: str = \"\"):\n        \"\"\"Calls the method provided with the driver as an argument until the \\\n        return value does not evaluate to ``False``.\n    \n        :param method: callable(WebDriver)\n        :param message: optional message for :exc:`TimeoutException`\n        :returns: the result of the last call to `method`\n        :raises: :exc:`selenium.common.exceptions.TimeoutException` if timeout occurs\n        \"\"\"\n        screen = None\n        stacktrace = None\n    \n        end_time = time.monotonic() + self._timeout\n        while True:\n            try:\n                value = method(self._driver)\n                if value:\n                    return value\n            except self._ignored_exceptions as exc:\n                screen = getattr(exc, \"screen\", None)\n                stacktrace = getattr(exc, \"stacktrace\", None)\n            time.sleep(self._poll)\n            if time.monotonic() > end_time:\n                break\n>       raise TimeoutException(message, screen, stacktrace)\nE       selenium.common.exceptions.TimeoutException: Message: \nE       Stacktrace:\nE       #0 0x557d0932ee23 <unknown>\nE       #1 0x557d090577a7 <unknown>\nE       #2 0x557d090961d3 <unknown>\nE       #3 0x557d090962c1 <unknown>\nE       #4 0x557d090d1a04 <unknown>\nE       #5 0x557d090b703d <unknown>\nE       #6 0x557d090cf369 <unknown>\nE       #7 0x557d090b6de3 <unknown>\nE       #8 0x557d0908aa7b <unknown>\nE       #9 0x557d0908b81e <unknown>\nE       #10 0x557d092f0638 <unknown>\nE       #11 0x557d092f4507 <unknown>\nE       #12 0x557d092fec4c <unknown>\nE       #13 0x557d092f5136 <unknown>\nE       #14 0x557d092c39cf <unknown>\nE       #15 0x557d09318b98 <unknown>\nE       #16 0x557d09318d68 <unknown>\nE       #17 0x557d09327cb3 <unknown>\nE       #18 0x7fa387e77b43 <unknown>\n\n/opt/hostedtoolcache/Python/3.11.4/x64/lib/python3.11/site-packages/selenium/webdriver/support/wait.py:95: TimeoutException",
    "steps" : [ {
      "name" : "Check FYP captcha input field is clickable",
      "time" : {
        "start" : 1693701867214,
        "stop" : 1693701872357,
        "duration" : 5143
      },
      "status" : "broken",
      "statusMessage" : "selenium.common.exceptions.TimeoutException: Message: \nStacktrace:\n#0 0x557d0932ee23 <unknown>\n#1 0x557d090577a7 <unknown>\n#2 0x557d090961d3 <unknown>\n#3 0x557d090962c1 <unknown>\n#4 0x557d090d1a04 <unknown>\n#5 0x557d090b703d <unknown>\n#6 0x557d090cf369 <unknown>\n#7 0x557d090b6de3 <unknown>\n#8 0x557d0908aa7b <unknown>\n#9 0x557d0908b81e <unknown>\n#10 0x557d092f0638 <unknown>\n#11 0x557d092f4507 <unknown>\n#12 0x557d092fec4c <unknown>\n#13 0x557d092f5136 <unknown>\n#14 0x557d092c39cf <unknown>\n#15 0x557d09318b98 <unknown>\n#16 0x557d09318d68 <unknown>\n#17 0x557d09327cb3 <unknown>\n#18 0x7fa387e77b43 <unknown>\n\n",
      "statusTrace" : "  File \"/opt/hostedtoolcache/Python/3.11.4/x64/lib/python3.11/site-packages/allure_commons/_allure.py\", line 192, in impl\n    return func(*a, **kw)\n           ^^^^^^^^^^^^^^\n  File \"/home/runner/work/luma_project/luma_project/pages/forgot_your_password_page.py\", line 59, in check_forgot_psw_captcha_field_is_clickable\n    return self.element_is_clickable(self.locators.FORGOT_YOUR_PASSWORD_CAPTCHA)\n           ^^^^^^^^^^^^^^^^^^^^^^^^^^^^^^^^^^^^^^^^^^^^^^^^^^^^^^^^^^^^^^^^^^^^^\n  File \"/opt/hostedtoolcache/Python/3.11.4/x64/lib/python3.11/site-packages/allure_commons/_allure.py\", line 192, in impl\n    return func(*a, **kw)\n           ^^^^^^^^^^^^^^\n  File \"/home/runner/work/luma_project/luma_project/pages/base_page.py\", line 80, in element_is_clickable\n    return wait(self.driver, timeout).until(EC.element_to_be_clickable(locator))\n           ^^^^^^^^^^^^^^^^^^^^^^^^^^^^^^^^^^^^^^^^^^^^^^^^^^^^^^^^^^^^^^^^^^^^^\n  File \"/opt/hostedtoolcache/Python/3.11.4/x64/lib/python3.11/site-packages/selenium/webdriver/support/wait.py\", line 95, in until\n    raise TimeoutException(message, screen, stacktrace)\n",
      "steps" : [ {
        "name" : "Find clickable elements",
        "time" : {
          "start" : 1693701867214,
          "stop" : 1693701872356,
          "duration" : 5142
        },
        "status" : "broken",
        "statusMessage" : "selenium.common.exceptions.TimeoutException: Message: \nStacktrace:\n#0 0x557d0932ee23 <unknown>\n#1 0x557d090577a7 <unknown>\n#2 0x557d090961d3 <unknown>\n#3 0x557d090962c1 <unknown>\n#4 0x557d090d1a04 <unknown>\n#5 0x557d090b703d <unknown>\n#6 0x557d090cf369 <unknown>\n#7 0x557d090b6de3 <unknown>\n#8 0x557d0908aa7b <unknown>\n#9 0x557d0908b81e <unknown>\n#10 0x557d092f0638 <unknown>\n#11 0x557d092f4507 <unknown>\n#12 0x557d092fec4c <unknown>\n#13 0x557d092f5136 <unknown>\n#14 0x557d092c39cf <unknown>\n#15 0x557d09318b98 <unknown>\n#16 0x557d09318d68 <unknown>\n#17 0x557d09327cb3 <unknown>\n#18 0x7fa387e77b43 <unknown>\n\n",
        "statusTrace" : "  File \"/opt/hostedtoolcache/Python/3.11.4/x64/lib/python3.11/site-packages/allure_commons/_allure.py\", line 192, in impl\n    return func(*a, **kw)\n           ^^^^^^^^^^^^^^\n  File \"/home/runner/work/luma_project/luma_project/pages/base_page.py\", line 80, in element_is_clickable\n    return wait(self.driver, timeout).until(EC.element_to_be_clickable(locator))\n           ^^^^^^^^^^^^^^^^^^^^^^^^^^^^^^^^^^^^^^^^^^^^^^^^^^^^^^^^^^^^^^^^^^^^^\n  File \"/opt/hostedtoolcache/Python/3.11.4/x64/lib/python3.11/site-packages/selenium/webdriver/support/wait.py\", line 95, in until\n    raise TimeoutException(message, screen, stacktrace)\n",
        "steps" : [ ],
        "attachments" : [ ],
        "parameters" : [ {
          "name" : "locator",
          "value" : "('css selector', '#captcha_user_forgotpassword')"
        }, {
          "name" : "timeout",
          "value" : "5"
        } ],
        "stepsCount" : 0,
        "attachmentsCount" : 0,
        "shouldDisplayMessage" : true,
        "hasContent" : true
      } ],
      "attachments" : [ ],
      "parameters" : [ ],
      "stepsCount" : 1,
      "attachmentsCount" : 0,
      "shouldDisplayMessage" : false,
      "hasContent" : true
    } ],
    "attachments" : [ {
      "uid" : "27792bdfda40f010",
      "name" : "Screenshot",
      "source" : "27792bdfda40f010.png",
      "type" : "image/png",
      "size" : 65941
    }, {
      "uid" : "10751cc66ced5d35",
      "name" : "HTML source",
      "source" : "10751cc66ced5d35.html",
      "type" : "text/html",
      "size" : 77958
    } ],
    "parameters" : [ ],
    "stepsCount" : 2,
    "attachmentsCount" : 2,
    "shouldDisplayMessage" : true,
    "hasContent" : true
  },
  "afterStages" : [ {
    "name" : "clear_allure_result_folder::0",
    "time" : {
      "start" : 1693703036260,
      "stop" : 1693703036260,
      "duration" : 0
    },
    "status" : "passed",
    "steps" : [ ],
    "attachments" : [ ],
    "parameters" : [ ],
    "stepsCount" : 0,
    "attachmentsCount" : 0,
    "shouldDisplayMessage" : false,
    "hasContent" : false
  }, {
    "name" : "driver::0",
    "time" : {
      "start" : 1693701872527,
      "stop" : 1693701872590,
      "duration" : 63
    },
    "status" : "passed",
    "steps" : [ ],
    "attachments" : [ ],
    "parameters" : [ ],
    "stepsCount" : 0,
    "attachmentsCount" : 0,
    "shouldDisplayMessage" : false,
    "hasContent" : false
  } ],
  "labels" : [ {
    "name" : "epic",
    "value" : "Forgot Your Password Page"
  }, {
    "name" : "parentSuite",
    "value" : "tests"
  }, {
    "name" : "suite",
    "value" : "test_forgot_your_password"
  }, {
    "name" : "subSuite",
    "value" : "TestForgotYourPassword"
  }, {
    "name" : "host",
    "value" : "fv-az448-717"
  }, {
    "name" : "thread",
    "value" : "2920-MainThread"
  }, {
    "name" : "framework",
    "value" : "pytest"
  }, {
    "name" : "language",
    "value" : "cpython3"
  }, {
    "name" : "package",
    "value" : "tests.test_forgot_your_password"
  }, {
    "name" : "resultFormat",
    "value" : "allure2"
  } ],
  "parameters" : [ ],
  "links" : [ ],
  "hidden" : false,
  "retry" : false,
  "extra" : {
    "severity" : "normal",
    "retries" : [ ],
    "categories" : [ {
      "name" : "Test defects",
      "matchedStatuses" : [ ],
      "flaky" : false
    } ],
    "tags" : [ ]
  },
  "source" : "b4c57b2dd1879ae4.json",
  "parameterValues" : [ ]
}