{
  "uid" : "b8862e8de028014",
  "name" : "TC 17.01.12 Verify FYP Email field highlighting on click",
  "fullName" : "tests.test_forgot_your_password.TestForgotYourPassword#test_17_01_12_captcha_field_gets_highlighted_when_clicked",
  "historyId" : "996e97ae93c0c5822b2e7167d0d5d287",
  "time" : {
    "start" : 1694306792950,
    "stop" : 1694306798092,
    "duration" : 5142
  },
  "description" : "\n        Check the captcha field is activated with a cursor and gets highlighted when clicked\n        ",
  "descriptionHtml" : "<pre><code>    Check the captcha field is activated with a cursor and gets highlighted when clicked\n</code></pre>\n",
  "status" : "broken",
  "statusMessage" : "selenium.common.exceptions.TimeoutException: Message: \nStacktrace:\n#0 0x55c985655e23 <unknown>\n#1 0x55c98537e7a7 <unknown>\n#2 0x55c9853bd1d3 <unknown>\n#3 0x55c9853bd2c1 <unknown>\n#4 0x55c9853f8a04 <unknown>\n#5 0x55c9853de03d <unknown>\n#6 0x55c9853f6369 <unknown>\n#7 0x55c9853ddde3 <unknown>\n#8 0x55c9853b1a7b <unknown>\n#9 0x55c9853b281e <unknown>\n#10 0x55c985617638 <unknown>\n#11 0x55c98561b507 <unknown>\n#12 0x55c985625c4c <unknown>\n#13 0x55c98561c136 <unknown>\n#14 0x55c9855ea9cf <unknown>\n#15 0x55c98563fb98 <unknown>\n#16 0x55c98563fd68 <unknown>\n#17 0x55c98564ecb3 <unknown>\n#18 0x7fc773e57b43 <unknown>",
  "statusTrace" : "self = <test_forgot_your_password.TestForgotYourPassword object at 0x7f85d604d0d0>\ndriver = <selenium.webdriver.chrome.webdriver.WebDriver (session=\"9f7cd8348e636c1e4f5d93d98556bc1a\")>\nforgot_psw_page = <pages.forgot_your_password_page.ForgotYourPasswordPage object at 0x7f85d5c850d0>\n\n    @allure.title('TC 17.01.12 Verify FYP Email field highlighting on click')\n    def test_17_01_12_captcha_field_gets_highlighted_when_clicked(self, driver, forgot_psw_page):\n        \"\"\"\n        Check the captcha field is activated with a cursor and gets highlighted when clicked\n        \"\"\"\n>       initial_box_shadow, active_box_shadow = forgot_psw_page.activate_forgot_psw_captcha_field_and_check_style()\n\ntests/test_forgot_your_password.py:112: \n_ _ _ _ _ _ _ _ _ _ _ _ _ _ _ _ _ _ _ _ _ _ _ _ _ _ _ _ _ _ _ _ _ _ _ _ _ _ _ _ \npages/forgot_your_password_page.py:79: in activate_forgot_psw_captcha_field_and_check_style\n    return self.activate_field_and_check_style(self.locators.FORGOT_YOUR_PASSWORD_CAPTCHA)\npages/base_page.py:310: in activate_field_and_check_style\n    initial_box_shadow = self.check_element_hover_style(locator, 'box-shadow', 5)\npages/base_page.py:120: in check_element_hover_style\n    element = self.element_is_visible(locator)  # Get the WebElement using locator\npages/base_page.py:29: in element_is_visible\n    self.go_to_element(self.element_is_present(locator))\npages/base_page.py:50: in element_is_present\n    return wait(self.driver, timeout).until(EC.presence_of_element_located(locator))\n_ _ _ _ _ _ _ _ _ _ _ _ _ _ _ _ _ _ _ _ _ _ _ _ _ _ _ _ _ _ _ _ _ _ _ _ _ _ _ _ \n\nself = <selenium.webdriver.support.wait.WebDriverWait (session=\"9f7cd8348e636c1e4f5d93d98556bc1a\")>\nmethod = <function presence_of_element_located.<locals>._predicate at 0x7f85d57d0ea0>\nmessage = ''\n\n    def until(self, method, message: str = \"\"):\n        \"\"\"Calls the method provided with the driver as an argument until the \\\n        return value does not evaluate to ``False``.\n    \n        :param method: callable(WebDriver)\n        :param message: optional message for :exc:`TimeoutException`\n        :returns: the result of the last call to `method`\n        :raises: :exc:`selenium.common.exceptions.TimeoutException` if timeout occurs\n        \"\"\"\n        screen = None\n        stacktrace = None\n    \n        end_time = time.monotonic() + self._timeout\n        while True:\n            try:\n                value = method(self._driver)\n                if value:\n                    return value\n            except self._ignored_exceptions as exc:\n                screen = getattr(exc, \"screen\", None)\n                stacktrace = getattr(exc, \"stacktrace\", None)\n            time.sleep(self._poll)\n            if time.monotonic() > end_time:\n                break\n>       raise TimeoutException(message, screen, stacktrace)\nE       selenium.common.exceptions.TimeoutException: Message: \nE       Stacktrace:\nE       #0 0x55c985655e23 <unknown>\nE       #1 0x55c98537e7a7 <unknown>\nE       #2 0x55c9853bd1d3 <unknown>\nE       #3 0x55c9853bd2c1 <unknown>\nE       #4 0x55c9853f8a04 <unknown>\nE       #5 0x55c9853de03d <unknown>\nE       #6 0x55c9853f6369 <unknown>\nE       #7 0x55c9853ddde3 <unknown>\nE       #8 0x55c9853b1a7b <unknown>\nE       #9 0x55c9853b281e <unknown>\nE       #10 0x55c985617638 <unknown>\nE       #11 0x55c98561b507 <unknown>\nE       #12 0x55c985625c4c <unknown>\nE       #13 0x55c98561c136 <unknown>\nE       #14 0x55c9855ea9cf <unknown>\nE       #15 0x55c98563fb98 <unknown>\nE       #16 0x55c98563fd68 <unknown>\nE       #17 0x55c98564ecb3 <unknown>\nE       #18 0x7fc773e57b43 <unknown>\n\n/opt/hostedtoolcache/Python/3.11.5/x64/lib/python3.11/site-packages/selenium/webdriver/support/wait.py:95: TimeoutException",
  "flaky" : false,
  "newFailed" : false,
  "beforeStages" : [ {
    "name" : "driver",
    "time" : {
      "start" : 1694306790233,
      "stop" : 1694306791471,
      "duration" : 1238
    },
    "status" : "passed",
    "steps" : [ ],
    "attachments" : [ ],
    "parameters" : [ ],
    "stepsCount" : 0,
    "attachmentsCount" : 0,
    "shouldDisplayMessage" : false,
    "hasContent" : false
  }, {
    "name" : "_session_faker",
    "time" : {
      "start" : 1694306365489,
      "stop" : 1694306365583,
      "duration" : 94
    },
    "status" : "passed",
    "steps" : [ ],
    "attachments" : [ ],
    "parameters" : [ ],
    "stepsCount" : 0,
    "attachmentsCount" : 0,
    "shouldDisplayMessage" : false,
    "hasContent" : false
  }, {
    "name" : "clear_allure_result_folder",
    "time" : {
      "start" : 1694306365584,
      "stop" : 1694306365584,
      "duration" : 0
    },
    "status" : "passed",
    "steps" : [ ],
    "attachments" : [ ],
    "parameters" : [ ],
    "stepsCount" : 0,
    "attachmentsCount" : 0,
    "shouldDisplayMessage" : false,
    "hasContent" : false
  }, {
    "name" : "forgot_psw_page",
    "time" : {
      "start" : 1694306791472,
      "stop" : 1694306792950,
      "duration" : 1478
    },
    "status" : "passed",
    "steps" : [ {
      "name" : "Open a browser",
      "time" : {
        "start" : 1694306791472,
        "stop" : 1694306792950,
        "duration" : 1478
      },
      "status" : "passed",
      "steps" : [ ],
      "attachments" : [ ],
      "parameters" : [ ],
      "stepsCount" : 0,
      "attachmentsCount" : 0,
      "shouldDisplayMessage" : false,
      "hasContent" : false
    } ],
    "attachments" : [ ],
    "parameters" : [ ],
    "stepsCount" : 1,
    "attachmentsCount" : 0,
    "shouldDisplayMessage" : false,
    "hasContent" : true
  } ],
  "testStage" : {
    "description" : "\n        Check the captcha field is activated with a cursor and gets highlighted when clicked\n        ",
    "status" : "broken",
    "statusMessage" : "selenium.common.exceptions.TimeoutException: Message: \nStacktrace:\n#0 0x55c985655e23 <unknown>\n#1 0x55c98537e7a7 <unknown>\n#2 0x55c9853bd1d3 <unknown>\n#3 0x55c9853bd2c1 <unknown>\n#4 0x55c9853f8a04 <unknown>\n#5 0x55c9853de03d <unknown>\n#6 0x55c9853f6369 <unknown>\n#7 0x55c9853ddde3 <unknown>\n#8 0x55c9853b1a7b <unknown>\n#9 0x55c9853b281e <unknown>\n#10 0x55c985617638 <unknown>\n#11 0x55c98561b507 <unknown>\n#12 0x55c985625c4c <unknown>\n#13 0x55c98561c136 <unknown>\n#14 0x55c9855ea9cf <unknown>\n#15 0x55c98563fb98 <unknown>\n#16 0x55c98563fd68 <unknown>\n#17 0x55c98564ecb3 <unknown>\n#18 0x7fc773e57b43 <unknown>",
    "statusTrace" : "self = <test_forgot_your_password.TestForgotYourPassword object at 0x7f85d604d0d0>\ndriver = <selenium.webdriver.chrome.webdriver.WebDriver (session=\"9f7cd8348e636c1e4f5d93d98556bc1a\")>\nforgot_psw_page = <pages.forgot_your_password_page.ForgotYourPasswordPage object at 0x7f85d5c850d0>\n\n    @allure.title('TC 17.01.12 Verify FYP Email field highlighting on click')\n    def test_17_01_12_captcha_field_gets_highlighted_when_clicked(self, driver, forgot_psw_page):\n        \"\"\"\n        Check the captcha field is activated with a cursor and gets highlighted when clicked\n        \"\"\"\n>       initial_box_shadow, active_box_shadow = forgot_psw_page.activate_forgot_psw_captcha_field_and_check_style()\n\ntests/test_forgot_your_password.py:112: \n_ _ _ _ _ _ _ _ _ _ _ _ _ _ _ _ _ _ _ _ _ _ _ _ _ _ _ _ _ _ _ _ _ _ _ _ _ _ _ _ \npages/forgot_your_password_page.py:79: in activate_forgot_psw_captcha_field_and_check_style\n    return self.activate_field_and_check_style(self.locators.FORGOT_YOUR_PASSWORD_CAPTCHA)\npages/base_page.py:310: in activate_field_and_check_style\n    initial_box_shadow = self.check_element_hover_style(locator, 'box-shadow', 5)\npages/base_page.py:120: in check_element_hover_style\n    element = self.element_is_visible(locator)  # Get the WebElement using locator\npages/base_page.py:29: in element_is_visible\n    self.go_to_element(self.element_is_present(locator))\npages/base_page.py:50: in element_is_present\n    return wait(self.driver, timeout).until(EC.presence_of_element_located(locator))\n_ _ _ _ _ _ _ _ _ _ _ _ _ _ _ _ _ _ _ _ _ _ _ _ _ _ _ _ _ _ _ _ _ _ _ _ _ _ _ _ \n\nself = <selenium.webdriver.support.wait.WebDriverWait (session=\"9f7cd8348e636c1e4f5d93d98556bc1a\")>\nmethod = <function presence_of_element_located.<locals>._predicate at 0x7f85d57d0ea0>\nmessage = ''\n\n    def until(self, method, message: str = \"\"):\n        \"\"\"Calls the method provided with the driver as an argument until the \\\n        return value does not evaluate to ``False``.\n    \n        :param method: callable(WebDriver)\n        :param message: optional message for :exc:`TimeoutException`\n        :returns: the result of the last call to `method`\n        :raises: :exc:`selenium.common.exceptions.TimeoutException` if timeout occurs\n        \"\"\"\n        screen = None\n        stacktrace = None\n    \n        end_time = time.monotonic() + self._timeout\n        while True:\n            try:\n                value = method(self._driver)\n                if value:\n                    return value\n            except self._ignored_exceptions as exc:\n                screen = getattr(exc, \"screen\", None)\n                stacktrace = getattr(exc, \"stacktrace\", None)\n            time.sleep(self._poll)\n            if time.monotonic() > end_time:\n                break\n>       raise TimeoutException(message, screen, stacktrace)\nE       selenium.common.exceptions.TimeoutException: Message: \nE       Stacktrace:\nE       #0 0x55c985655e23 <unknown>\nE       #1 0x55c98537e7a7 <unknown>\nE       #2 0x55c9853bd1d3 <unknown>\nE       #3 0x55c9853bd2c1 <unknown>\nE       #4 0x55c9853f8a04 <unknown>\nE       #5 0x55c9853de03d <unknown>\nE       #6 0x55c9853f6369 <unknown>\nE       #7 0x55c9853ddde3 <unknown>\nE       #8 0x55c9853b1a7b <unknown>\nE       #9 0x55c9853b281e <unknown>\nE       #10 0x55c985617638 <unknown>\nE       #11 0x55c98561b507 <unknown>\nE       #12 0x55c985625c4c <unknown>\nE       #13 0x55c98561c136 <unknown>\nE       #14 0x55c9855ea9cf <unknown>\nE       #15 0x55c98563fb98 <unknown>\nE       #16 0x55c98563fd68 <unknown>\nE       #17 0x55c98564ecb3 <unknown>\nE       #18 0x7fc773e57b43 <unknown>\n\n/opt/hostedtoolcache/Python/3.11.5/x64/lib/python3.11/site-packages/selenium/webdriver/support/wait.py:95: TimeoutException",
    "steps" : [ {
      "name" : "Activate FYP Captcha input field and check style",
      "time" : {
        "start" : 1694306792951,
        "stop" : 1694306798091,
        "duration" : 5140
      },
      "status" : "broken",
      "statusMessage" : "selenium.common.exceptions.TimeoutException: Message: \nStacktrace:\n#0 0x55c985655e23 <unknown>\n#1 0x55c98537e7a7 <unknown>\n#2 0x55c9853bd1d3 <unknown>\n#3 0x55c9853bd2c1 <unknown>\n#4 0x55c9853f8a04 <unknown>\n#5 0x55c9853de03d <unknown>\n#6 0x55c9853f6369 <unknown>\n#7 0x55c9853ddde3 <unknown>\n#8 0x55c9853b1a7b <unknown>\n#9 0x55c9853b281e <unknown>\n#10 0x55c985617638 <unknown>\n#11 0x55c98561b507 <unknown>\n#12 0x55c985625c4c <unknown>\n#13 0x55c98561c136 <unknown>\n#14 0x55c9855ea9cf <unknown>\n#15 0x55c98563fb98 <unknown>\n#16 0x55c98563fd68 <unknown>\n#17 0x55c98564ecb3 <unknown>\n#18 0x7fc773e57b43 <unknown>\n\n",
      "statusTrace" : "  File \"/opt/hostedtoolcache/Python/3.11.5/x64/lib/python3.11/site-packages/allure_commons/_allure.py\", line 192, in impl\n    return func(*a, **kw)\n           ^^^^^^^^^^^^^^\n  File \"/home/runner/work/luma_project/luma_project/pages/forgot_your_password_page.py\", line 79, in activate_forgot_psw_captcha_field_and_check_style\n    return self.activate_field_and_check_style(self.locators.FORGOT_YOUR_PASSWORD_CAPTCHA)\n           ^^^^^^^^^^^^^^^^^^^^^^^^^^^^^^^^^^^^^^^^^^^^^^^^^^^^^^^^^^^^^^^^^^^^^^^^^^^^^^^\n  File \"/opt/hostedtoolcache/Python/3.11.5/x64/lib/python3.11/site-packages/allure_commons/_allure.py\", line 192, in impl\n    return func(*a, **kw)\n           ^^^^^^^^^^^^^^\n  File \"/home/runner/work/luma_project/luma_project/pages/base_page.py\", line 310, in activate_field_and_check_style\n    initial_box_shadow = self.check_element_hover_style(locator, 'box-shadow', 5)\n                         ^^^^^^^^^^^^^^^^^^^^^^^^^^^^^^^^^^^^^^^^^^^^^^^^^^^^^^^^\n  File \"/opt/hostedtoolcache/Python/3.11.5/x64/lib/python3.11/site-packages/allure_commons/_allure.py\", line 192, in impl\n    return func(*a, **kw)\n           ^^^^^^^^^^^^^^\n  File \"/home/runner/work/luma_project/luma_project/pages/base_page.py\", line 120, in check_element_hover_style\n    element = self.element_is_visible(locator)  # Get the WebElement using locator\n              ^^^^^^^^^^^^^^^^^^^^^^^^^^^^^^^^\n  File \"/opt/hostedtoolcache/Python/3.11.5/x64/lib/python3.11/site-packages/allure_commons/_allure.py\", line 192, in impl\n    return func(*a, **kw)\n           ^^^^^^^^^^^^^^\n  File \"/home/runner/work/luma_project/luma_project/pages/base_page.py\", line 29, in element_is_visible\n    self.go_to_element(self.element_is_present(locator))\n                       ^^^^^^^^^^^^^^^^^^^^^^^^^^^^^^^^\n  File \"/opt/hostedtoolcache/Python/3.11.5/x64/lib/python3.11/site-packages/allure_commons/_allure.py\", line 192, in impl\n    return func(*a, **kw)\n           ^^^^^^^^^^^^^^\n  File \"/home/runner/work/luma_project/luma_project/pages/base_page.py\", line 50, in element_is_present\n    return wait(self.driver, timeout).until(EC.presence_of_element_located(locator))\n           ^^^^^^^^^^^^^^^^^^^^^^^^^^^^^^^^^^^^^^^^^^^^^^^^^^^^^^^^^^^^^^^^^^^^^^^^^\n  File \"/opt/hostedtoolcache/Python/3.11.5/x64/lib/python3.11/site-packages/selenium/webdriver/support/wait.py\", line 95, in until\n    raise TimeoutException(message, screen, stacktrace)\n",
      "steps" : [ {
        "name" : "Activate the field and get the styles before and after activation",
        "time" : {
          "start" : 1694306792951,
          "stop" : 1694306798090,
          "duration" : 5139
        },
        "status" : "broken",
        "statusMessage" : "selenium.common.exceptions.TimeoutException: Message: \nStacktrace:\n#0 0x55c985655e23 <unknown>\n#1 0x55c98537e7a7 <unknown>\n#2 0x55c9853bd1d3 <unknown>\n#3 0x55c9853bd2c1 <unknown>\n#4 0x55c9853f8a04 <unknown>\n#5 0x55c9853de03d <unknown>\n#6 0x55c9853f6369 <unknown>\n#7 0x55c9853ddde3 <unknown>\n#8 0x55c9853b1a7b <unknown>\n#9 0x55c9853b281e <unknown>\n#10 0x55c985617638 <unknown>\n#11 0x55c98561b507 <unknown>\n#12 0x55c985625c4c <unknown>\n#13 0x55c98561c136 <unknown>\n#14 0x55c9855ea9cf <unknown>\n#15 0x55c98563fb98 <unknown>\n#16 0x55c98563fd68 <unknown>\n#17 0x55c98564ecb3 <unknown>\n#18 0x7fc773e57b43 <unknown>\n\n",
        "statusTrace" : "  File \"/opt/hostedtoolcache/Python/3.11.5/x64/lib/python3.11/site-packages/allure_commons/_allure.py\", line 192, in impl\n    return func(*a, **kw)\n           ^^^^^^^^^^^^^^\n  File \"/home/runner/work/luma_project/luma_project/pages/base_page.py\", line 310, in activate_field_and_check_style\n    initial_box_shadow = self.check_element_hover_style(locator, 'box-shadow', 5)\n                         ^^^^^^^^^^^^^^^^^^^^^^^^^^^^^^^^^^^^^^^^^^^^^^^^^^^^^^^^\n  File \"/opt/hostedtoolcache/Python/3.11.5/x64/lib/python3.11/site-packages/allure_commons/_allure.py\", line 192, in impl\n    return func(*a, **kw)\n           ^^^^^^^^^^^^^^\n  File \"/home/runner/work/luma_project/luma_project/pages/base_page.py\", line 120, in check_element_hover_style\n    element = self.element_is_visible(locator)  # Get the WebElement using locator\n              ^^^^^^^^^^^^^^^^^^^^^^^^^^^^^^^^\n  File \"/opt/hostedtoolcache/Python/3.11.5/x64/lib/python3.11/site-packages/allure_commons/_allure.py\", line 192, in impl\n    return func(*a, **kw)\n           ^^^^^^^^^^^^^^\n  File \"/home/runner/work/luma_project/luma_project/pages/base_page.py\", line 29, in element_is_visible\n    self.go_to_element(self.element_is_present(locator))\n                       ^^^^^^^^^^^^^^^^^^^^^^^^^^^^^^^^\n  File \"/opt/hostedtoolcache/Python/3.11.5/x64/lib/python3.11/site-packages/allure_commons/_allure.py\", line 192, in impl\n    return func(*a, **kw)\n           ^^^^^^^^^^^^^^\n  File \"/home/runner/work/luma_project/luma_project/pages/base_page.py\", line 50, in element_is_present\n    return wait(self.driver, timeout).until(EC.presence_of_element_located(locator))\n           ^^^^^^^^^^^^^^^^^^^^^^^^^^^^^^^^^^^^^^^^^^^^^^^^^^^^^^^^^^^^^^^^^^^^^^^^^\n  File \"/opt/hostedtoolcache/Python/3.11.5/x64/lib/python3.11/site-packages/selenium/webdriver/support/wait.py\", line 95, in until\n    raise TimeoutException(message, screen, stacktrace)\n",
        "steps" : [ {
          "name" : "Check element hover style",
          "time" : {
            "start" : 1694306792951,
            "stop" : 1694306798090,
            "duration" : 5139
          },
          "status" : "broken",
          "statusMessage" : "selenium.common.exceptions.TimeoutException: Message: \nStacktrace:\n#0 0x55c985655e23 <unknown>\n#1 0x55c98537e7a7 <unknown>\n#2 0x55c9853bd1d3 <unknown>\n#3 0x55c9853bd2c1 <unknown>\n#4 0x55c9853f8a04 <unknown>\n#5 0x55c9853de03d <unknown>\n#6 0x55c9853f6369 <unknown>\n#7 0x55c9853ddde3 <unknown>\n#8 0x55c9853b1a7b <unknown>\n#9 0x55c9853b281e <unknown>\n#10 0x55c985617638 <unknown>\n#11 0x55c98561b507 <unknown>\n#12 0x55c985625c4c <unknown>\n#13 0x55c98561c136 <unknown>\n#14 0x55c9855ea9cf <unknown>\n#15 0x55c98563fb98 <unknown>\n#16 0x55c98563fd68 <unknown>\n#17 0x55c98564ecb3 <unknown>\n#18 0x7fc773e57b43 <unknown>\n\n",
          "statusTrace" : "  File \"/opt/hostedtoolcache/Python/3.11.5/x64/lib/python3.11/site-packages/allure_commons/_allure.py\", line 192, in impl\n    return func(*a, **kw)\n           ^^^^^^^^^^^^^^\n  File \"/home/runner/work/luma_project/luma_project/pages/base_page.py\", line 120, in check_element_hover_style\n    element = self.element_is_visible(locator)  # Get the WebElement using locator\n              ^^^^^^^^^^^^^^^^^^^^^^^^^^^^^^^^\n  File \"/opt/hostedtoolcache/Python/3.11.5/x64/lib/python3.11/site-packages/allure_commons/_allure.py\", line 192, in impl\n    return func(*a, **kw)\n           ^^^^^^^^^^^^^^\n  File \"/home/runner/work/luma_project/luma_project/pages/base_page.py\", line 29, in element_is_visible\n    self.go_to_element(self.element_is_present(locator))\n                       ^^^^^^^^^^^^^^^^^^^^^^^^^^^^^^^^\n  File \"/opt/hostedtoolcache/Python/3.11.5/x64/lib/python3.11/site-packages/allure_commons/_allure.py\", line 192, in impl\n    return func(*a, **kw)\n           ^^^^^^^^^^^^^^\n  File \"/home/runner/work/luma_project/luma_project/pages/base_page.py\", line 50, in element_is_present\n    return wait(self.driver, timeout).until(EC.presence_of_element_located(locator))\n           ^^^^^^^^^^^^^^^^^^^^^^^^^^^^^^^^^^^^^^^^^^^^^^^^^^^^^^^^^^^^^^^^^^^^^^^^^\n  File \"/opt/hostedtoolcache/Python/3.11.5/x64/lib/python3.11/site-packages/selenium/webdriver/support/wait.py\", line 95, in until\n    raise TimeoutException(message, screen, stacktrace)\n",
          "steps" : [ {
            "name" : "Find a visible element",
            "time" : {
              "start" : 1694306792951,
              "stop" : 1694306798090,
              "duration" : 5139
            },
            "status" : "broken",
            "statusMessage" : "selenium.common.exceptions.TimeoutException: Message: \nStacktrace:\n#0 0x55c985655e23 <unknown>\n#1 0x55c98537e7a7 <unknown>\n#2 0x55c9853bd1d3 <unknown>\n#3 0x55c9853bd2c1 <unknown>\n#4 0x55c9853f8a04 <unknown>\n#5 0x55c9853de03d <unknown>\n#6 0x55c9853f6369 <unknown>\n#7 0x55c9853ddde3 <unknown>\n#8 0x55c9853b1a7b <unknown>\n#9 0x55c9853b281e <unknown>\n#10 0x55c985617638 <unknown>\n#11 0x55c98561b507 <unknown>\n#12 0x55c985625c4c <unknown>\n#13 0x55c98561c136 <unknown>\n#14 0x55c9855ea9cf <unknown>\n#15 0x55c98563fb98 <unknown>\n#16 0x55c98563fd68 <unknown>\n#17 0x55c98564ecb3 <unknown>\n#18 0x7fc773e57b43 <unknown>\n\n",
            "statusTrace" : "  File \"/opt/hostedtoolcache/Python/3.11.5/x64/lib/python3.11/site-packages/allure_commons/_allure.py\", line 192, in impl\n    return func(*a, **kw)\n           ^^^^^^^^^^^^^^\n  File \"/home/runner/work/luma_project/luma_project/pages/base_page.py\", line 29, in element_is_visible\n    self.go_to_element(self.element_is_present(locator))\n                       ^^^^^^^^^^^^^^^^^^^^^^^^^^^^^^^^\n  File \"/opt/hostedtoolcache/Python/3.11.5/x64/lib/python3.11/site-packages/allure_commons/_allure.py\", line 192, in impl\n    return func(*a, **kw)\n           ^^^^^^^^^^^^^^\n  File \"/home/runner/work/luma_project/luma_project/pages/base_page.py\", line 50, in element_is_present\n    return wait(self.driver, timeout).until(EC.presence_of_element_located(locator))\n           ^^^^^^^^^^^^^^^^^^^^^^^^^^^^^^^^^^^^^^^^^^^^^^^^^^^^^^^^^^^^^^^^^^^^^^^^^\n  File \"/opt/hostedtoolcache/Python/3.11.5/x64/lib/python3.11/site-packages/selenium/webdriver/support/wait.py\", line 95, in until\n    raise TimeoutException(message, screen, stacktrace)\n",
            "steps" : [ {
              "name" : "Find a present element",
              "time" : {
                "start" : 1694306792951,
                "stop" : 1694306798089,
                "duration" : 5138
              },
              "status" : "broken",
              "statusMessage" : "selenium.common.exceptions.TimeoutException: Message: \nStacktrace:\n#0 0x55c985655e23 <unknown>\n#1 0x55c98537e7a7 <unknown>\n#2 0x55c9853bd1d3 <unknown>\n#3 0x55c9853bd2c1 <unknown>\n#4 0x55c9853f8a04 <unknown>\n#5 0x55c9853de03d <unknown>\n#6 0x55c9853f6369 <unknown>\n#7 0x55c9853ddde3 <unknown>\n#8 0x55c9853b1a7b <unknown>\n#9 0x55c9853b281e <unknown>\n#10 0x55c985617638 <unknown>\n#11 0x55c98561b507 <unknown>\n#12 0x55c985625c4c <unknown>\n#13 0x55c98561c136 <unknown>\n#14 0x55c9855ea9cf <unknown>\n#15 0x55c98563fb98 <unknown>\n#16 0x55c98563fd68 <unknown>\n#17 0x55c98564ecb3 <unknown>\n#18 0x7fc773e57b43 <unknown>\n\n",
              "statusTrace" : "  File \"/opt/hostedtoolcache/Python/3.11.5/x64/lib/python3.11/site-packages/allure_commons/_allure.py\", line 192, in impl\n    return func(*a, **kw)\n           ^^^^^^^^^^^^^^\n  File \"/home/runner/work/luma_project/luma_project/pages/base_page.py\", line 50, in element_is_present\n    return wait(self.driver, timeout).until(EC.presence_of_element_located(locator))\n           ^^^^^^^^^^^^^^^^^^^^^^^^^^^^^^^^^^^^^^^^^^^^^^^^^^^^^^^^^^^^^^^^^^^^^^^^^\n  File \"/opt/hostedtoolcache/Python/3.11.5/x64/lib/python3.11/site-packages/selenium/webdriver/support/wait.py\", line 95, in until\n    raise TimeoutException(message, screen, stacktrace)\n",
              "steps" : [ ],
              "attachments" : [ ],
              "parameters" : [ {
                "name" : "locator",
                "value" : "('css selector', '#captcha_user_forgotpassword')"
              }, {
                "name" : "timeout",
                "value" : "5"
              } ],
              "stepsCount" : 0,
              "attachmentsCount" : 0,
              "shouldDisplayMessage" : true,
              "hasContent" : true
            } ],
            "attachments" : [ ],
            "parameters" : [ {
              "name" : "locator",
              "value" : "('css selector', '#captcha_user_forgotpassword')"
            }, {
              "name" : "timeout",
              "value" : "10"
            } ],
            "stepsCount" : 1,
            "attachmentsCount" : 0,
            "shouldDisplayMessage" : false,
            "hasContent" : true
          } ],
          "attachments" : [ ],
          "parameters" : [ {
            "name" : "locator",
            "value" : "('css selector', '#captcha_user_forgotpassword')"
          }, {
            "name" : "css_property",
            "value" : "'box-shadow'"
          }, {
            "name" : "seconds",
            "value" : "5"
          } ],
          "stepsCount" : 2,
          "attachmentsCount" : 0,
          "shouldDisplayMessage" : false,
          "hasContent" : true
        } ],
        "attachments" : [ ],
        "parameters" : [ {
          "name" : "locator",
          "value" : "('css selector', '#captcha_user_forgotpassword')"
        } ],
        "stepsCount" : 3,
        "attachmentsCount" : 0,
        "shouldDisplayMessage" : false,
        "hasContent" : true
      } ],
      "attachments" : [ ],
      "parameters" : [ ],
      "stepsCount" : 4,
      "attachmentsCount" : 0,
      "shouldDisplayMessage" : false,
      "hasContent" : true
    } ],
    "attachments" : [ {
      "uid" : "2e3de84efe545a8c",
      "name" : "Screenshot",
      "source" : "2e3de84efe545a8c.png",
      "type" : "image/png",
      "size" : 65941
    }, {
      "uid" : "454525ad011f2ed9",
      "name" : "HTML source",
      "source" : "454525ad011f2ed9.html",
      "type" : "text/html",
      "size" : 77958
    } ],
    "parameters" : [ ],
    "stepsCount" : 5,
    "attachmentsCount" : 2,
    "shouldDisplayMessage" : true,
    "hasContent" : true
  },
  "afterStages" : [ {
    "name" : "driver::0",
    "time" : {
      "start" : 1694306798301,
      "stop" : 1694306798372,
      "duration" : 71
    },
    "status" : "passed",
    "steps" : [ ],
    "attachments" : [ ],
    "parameters" : [ ],
    "stepsCount" : 0,
    "attachmentsCount" : 0,
    "shouldDisplayMessage" : false,
    "hasContent" : false
  }, {
    "name" : "clear_allure_result_folder::0",
    "time" : {
      "start" : 1694308120754,
      "stop" : 1694308120754,
      "duration" : 0
    },
    "status" : "passed",
    "steps" : [ ],
    "attachments" : [ ],
    "parameters" : [ ],
    "stepsCount" : 0,
    "attachmentsCount" : 0,
    "shouldDisplayMessage" : false,
    "hasContent" : false
  } ],
  "labels" : [ {
    "name" : "epic",
    "value" : "Forgot Your Password Page"
  }, {
    "name" : "parentSuite",
    "value" : "tests"
  }, {
    "name" : "suite",
    "value" : "test_forgot_your_password"
  }, {
    "name" : "subSuite",
    "value" : "TestForgotYourPassword"
  }, {
    "name" : "host",
    "value" : "fv-az1241-825"
  }, {
    "name" : "thread",
    "value" : "2980-MainThread"
  }, {
    "name" : "framework",
    "value" : "pytest"
  }, {
    "name" : "language",
    "value" : "cpython3"
  }, {
    "name" : "package",
    "value" : "tests.test_forgot_your_password"
  }, {
    "name" : "resultFormat",
    "value" : "allure2"
  } ],
  "parameters" : [ ],
  "links" : [ ],
  "hidden" : false,
  "retry" : false,
  "extra" : {
    "severity" : "normal",
    "retries" : [ ],
    "categories" : [ {
      "name" : "Test defects",
      "matchedStatuses" : [ ],
      "flaky" : false
    } ],
    "tags" : [ ]
  },
  "source" : "b8862e8de028014.json",
  "parameterValues" : [ ]
}