{
  "uid" : "c00ef9a0a38d2d56",
  "name" : "TC 17.01.13 Verify displayed captcha matches the entered value in FYP captcha field",
  "fullName" : "tests.test_forgot_your_password.TestForgotYourPassword#test_17_01_13_displayed_value_in_captcha_field_matches_entered",
  "historyId" : "45ebc4d2db8b23d14c28ddeea5dff2aa",
  "time" : {
    "start" : 1692492303876,
    "stop" : 1692492309007,
    "duration" : 5131
  },
  "description" : "The test checks if the displayed captcha matches the entered value in the captcha field",
  "descriptionHtml" : "<p>The test checks if the displayed captcha matches the entered value in the captcha field</p>\n",
  "status" : "broken",
  "statusMessage" : "selenium.common.exceptions.TimeoutException: Message: \nStacktrace:\n#0 0x556efbaba613 <unknown>\n#1 0x556efb7e6537 <unknown>\n#2 0x556efb824f53 <unknown>\n#3 0x556efb825041 <unknown>\n#4 0x556efb8602a4 <unknown>\n#5 0x556efb845a5d <unknown>\n#6 0x556efb85dd09 <unknown>\n#7 0x556efb845803 <unknown>\n#8 0x556efb81968b <unknown>\n#9 0x556efb81a42e <unknown>\n#10 0x556efba7bc28 <unknown>\n#11 0x556efba7faf7 <unknown>\n#12 0x556efba8a01c <unknown>\n#13 0x556efba80723 <unknown>\n#14 0x556efba4f457 <unknown>\n#15 0x556efbaa4628 <unknown>\n#16 0x556efbaa47b7 <unknown>\n#17 0x556efbab3483 <unknown>\n#18 0x7f7689af9b43 <unknown>",
  "statusTrace" : "self = <test_forgot_your_password.TestForgotYourPassword object at 0x7fd3cef296d0>\ndriver = <selenium.webdriver.chrome.webdriver.WebDriver (session=\"efa22a1694a4a20945ed26294e967ffa\")>\nforgot_psw_page = <pages.forgot_your_password_page.ForgotYourPasswordPage object at 0x7fd3cf79d750>\n\n    @allure.title('TC 17.01.13 Verify displayed captcha matches the entered value in FYP captcha field')\n    def test_17_01_13_displayed_value_in_captcha_field_matches_entered(self, driver, forgot_psw_page):\n        \"\"\"The test checks if the displayed captcha matches the entered value in the captcha field\"\"\"\n>       forgot_psw_page.fill_in_forgot_psw_captcha_field(captcha)\n\ntests/test_forgot_your_password.py:119: \n_ _ _ _ _ _ _ _ _ _ _ _ _ _ _ _ _ _ _ _ _ _ _ _ _ _ _ _ _ _ _ _ _ _ _ _ _ _ _ _ \npages/forgot_your_password_page.py:84: in fill_in_forgot_psw_captcha_field\n    return self.fill_in_field(self.check_forgot_psw_captcha_field_is_clickable(), text)\npages/forgot_your_password_page.py:59: in check_forgot_psw_captcha_field_is_clickable\n    return self.element_is_clickable(self.locators.FORGOT_YOUR_PASSWORD_CAPTCHA)\npages/base_page.py:80: in element_is_clickable\n    return wait(self.driver, timeout).until(EC.element_to_be_clickable(locator))\n_ _ _ _ _ _ _ _ _ _ _ _ _ _ _ _ _ _ _ _ _ _ _ _ _ _ _ _ _ _ _ _ _ _ _ _ _ _ _ _ \n\nself = <selenium.webdriver.support.wait.WebDriverWait (session=\"efa22a1694a4a20945ed26294e967ffa\")>\nmethod = <function element_to_be_clickable.<locals>._predicate at 0x7fd3cdb4aa20>\nmessage = ''\n\n    def until(self, method, message: str = \"\"):\n        \"\"\"Calls the method provided with the driver as an argument until the \\\n        return value does not evaluate to ``False``.\n    \n        :param method: callable(WebDriver)\n        :param message: optional message for :exc:`TimeoutException`\n        :returns: the result of the last call to `method`\n        :raises: :exc:`selenium.common.exceptions.TimeoutException` if timeout occurs\n        \"\"\"\n        screen = None\n        stacktrace = None\n    \n        end_time = time.monotonic() + self._timeout\n        while True:\n            try:\n                value = method(self._driver)\n                if value:\n                    return value\n            except self._ignored_exceptions as exc:\n                screen = getattr(exc, \"screen\", None)\n                stacktrace = getattr(exc, \"stacktrace\", None)\n            time.sleep(self._poll)\n            if time.monotonic() > end_time:\n                break\n>       raise TimeoutException(message, screen, stacktrace)\nE       selenium.common.exceptions.TimeoutException: Message: \nE       Stacktrace:\nE       #0 0x556efbaba613 <unknown>\nE       #1 0x556efb7e6537 <unknown>\nE       #2 0x556efb824f53 <unknown>\nE       #3 0x556efb825041 <unknown>\nE       #4 0x556efb8602a4 <unknown>\nE       #5 0x556efb845a5d <unknown>\nE       #6 0x556efb85dd09 <unknown>\nE       #7 0x556efb845803 <unknown>\nE       #8 0x556efb81968b <unknown>\nE       #9 0x556efb81a42e <unknown>\nE       #10 0x556efba7bc28 <unknown>\nE       #11 0x556efba7faf7 <unknown>\nE       #12 0x556efba8a01c <unknown>\nE       #13 0x556efba80723 <unknown>\nE       #14 0x556efba4f457 <unknown>\nE       #15 0x556efbaa4628 <unknown>\nE       #16 0x556efbaa47b7 <unknown>\nE       #17 0x556efbab3483 <unknown>\nE       #18 0x7f7689af9b43 <unknown>\n\n/opt/hostedtoolcache/Python/3.11.4/x64/lib/python3.11/site-packages/selenium/webdriver/support/wait.py:95: TimeoutException",
  "flaky" : false,
  "newFailed" : false,
  "beforeStages" : [ {
    "name" : "driver",
    "time" : {
      "start" : 1692492301211,
      "stop" : 1692492302260,
      "duration" : 1049
    },
    "status" : "passed",
    "steps" : [ ],
    "attachments" : [ ],
    "parameters" : [ ],
    "stepsCount" : 0,
    "attachmentsCount" : 0,
    "shouldDisplayMessage" : false,
    "hasContent" : false
  }, {
    "name" : "clear_allure_result_folder",
    "time" : {
      "start" : 1692491878626,
      "stop" : 1692491878626,
      "duration" : 0
    },
    "status" : "passed",
    "steps" : [ ],
    "attachments" : [ ],
    "parameters" : [ ],
    "stepsCount" : 0,
    "attachmentsCount" : 0,
    "shouldDisplayMessage" : false,
    "hasContent" : false
  }, {
    "name" : "_session_faker",
    "time" : {
      "start" : 1692491878520,
      "stop" : 1692491878626,
      "duration" : 106
    },
    "status" : "passed",
    "steps" : [ ],
    "attachments" : [ ],
    "parameters" : [ ],
    "stepsCount" : 0,
    "attachmentsCount" : 0,
    "shouldDisplayMessage" : false,
    "hasContent" : false
  }, {
    "name" : "forgot_psw_page",
    "time" : {
      "start" : 1692492302260,
      "stop" : 1692492303875,
      "duration" : 1615
    },
    "status" : "passed",
    "steps" : [ {
      "name" : "Open a browser",
      "time" : {
        "start" : 1692492302260,
        "stop" : 1692492303875,
        "duration" : 1615
      },
      "status" : "passed",
      "steps" : [ ],
      "attachments" : [ ],
      "parameters" : [ ],
      "stepsCount" : 0,
      "attachmentsCount" : 0,
      "shouldDisplayMessage" : false,
      "hasContent" : false
    } ],
    "attachments" : [ ],
    "parameters" : [ ],
    "stepsCount" : 1,
    "attachmentsCount" : 0,
    "shouldDisplayMessage" : false,
    "hasContent" : true
  } ],
  "testStage" : {
    "description" : "The test checks if the displayed captcha matches the entered value in the captcha field",
    "status" : "broken",
    "statusMessage" : "selenium.common.exceptions.TimeoutException: Message: \nStacktrace:\n#0 0x556efbaba613 <unknown>\n#1 0x556efb7e6537 <unknown>\n#2 0x556efb824f53 <unknown>\n#3 0x556efb825041 <unknown>\n#4 0x556efb8602a4 <unknown>\n#5 0x556efb845a5d <unknown>\n#6 0x556efb85dd09 <unknown>\n#7 0x556efb845803 <unknown>\n#8 0x556efb81968b <unknown>\n#9 0x556efb81a42e <unknown>\n#10 0x556efba7bc28 <unknown>\n#11 0x556efba7faf7 <unknown>\n#12 0x556efba8a01c <unknown>\n#13 0x556efba80723 <unknown>\n#14 0x556efba4f457 <unknown>\n#15 0x556efbaa4628 <unknown>\n#16 0x556efbaa47b7 <unknown>\n#17 0x556efbab3483 <unknown>\n#18 0x7f7689af9b43 <unknown>",
    "statusTrace" : "self = <test_forgot_your_password.TestForgotYourPassword object at 0x7fd3cef296d0>\ndriver = <selenium.webdriver.chrome.webdriver.WebDriver (session=\"efa22a1694a4a20945ed26294e967ffa\")>\nforgot_psw_page = <pages.forgot_your_password_page.ForgotYourPasswordPage object at 0x7fd3cf79d750>\n\n    @allure.title('TC 17.01.13 Verify displayed captcha matches the entered value in FYP captcha field')\n    def test_17_01_13_displayed_value_in_captcha_field_matches_entered(self, driver, forgot_psw_page):\n        \"\"\"The test checks if the displayed captcha matches the entered value in the captcha field\"\"\"\n>       forgot_psw_page.fill_in_forgot_psw_captcha_field(captcha)\n\ntests/test_forgot_your_password.py:119: \n_ _ _ _ _ _ _ _ _ _ _ _ _ _ _ _ _ _ _ _ _ _ _ _ _ _ _ _ _ _ _ _ _ _ _ _ _ _ _ _ \npages/forgot_your_password_page.py:84: in fill_in_forgot_psw_captcha_field\n    return self.fill_in_field(self.check_forgot_psw_captcha_field_is_clickable(), text)\npages/forgot_your_password_page.py:59: in check_forgot_psw_captcha_field_is_clickable\n    return self.element_is_clickable(self.locators.FORGOT_YOUR_PASSWORD_CAPTCHA)\npages/base_page.py:80: in element_is_clickable\n    return wait(self.driver, timeout).until(EC.element_to_be_clickable(locator))\n_ _ _ _ _ _ _ _ _ _ _ _ _ _ _ _ _ _ _ _ _ _ _ _ _ _ _ _ _ _ _ _ _ _ _ _ _ _ _ _ \n\nself = <selenium.webdriver.support.wait.WebDriverWait (session=\"efa22a1694a4a20945ed26294e967ffa\")>\nmethod = <function element_to_be_clickable.<locals>._predicate at 0x7fd3cdb4aa20>\nmessage = ''\n\n    def until(self, method, message: str = \"\"):\n        \"\"\"Calls the method provided with the driver as an argument until the \\\n        return value does not evaluate to ``False``.\n    \n        :param method: callable(WebDriver)\n        :param message: optional message for :exc:`TimeoutException`\n        :returns: the result of the last call to `method`\n        :raises: :exc:`selenium.common.exceptions.TimeoutException` if timeout occurs\n        \"\"\"\n        screen = None\n        stacktrace = None\n    \n        end_time = time.monotonic() + self._timeout\n        while True:\n            try:\n                value = method(self._driver)\n                if value:\n                    return value\n            except self._ignored_exceptions as exc:\n                screen = getattr(exc, \"screen\", None)\n                stacktrace = getattr(exc, \"stacktrace\", None)\n            time.sleep(self._poll)\n            if time.monotonic() > end_time:\n                break\n>       raise TimeoutException(message, screen, stacktrace)\nE       selenium.common.exceptions.TimeoutException: Message: \nE       Stacktrace:\nE       #0 0x556efbaba613 <unknown>\nE       #1 0x556efb7e6537 <unknown>\nE       #2 0x556efb824f53 <unknown>\nE       #3 0x556efb825041 <unknown>\nE       #4 0x556efb8602a4 <unknown>\nE       #5 0x556efb845a5d <unknown>\nE       #6 0x556efb85dd09 <unknown>\nE       #7 0x556efb845803 <unknown>\nE       #8 0x556efb81968b <unknown>\nE       #9 0x556efb81a42e <unknown>\nE       #10 0x556efba7bc28 <unknown>\nE       #11 0x556efba7faf7 <unknown>\nE       #12 0x556efba8a01c <unknown>\nE       #13 0x556efba80723 <unknown>\nE       #14 0x556efba4f457 <unknown>\nE       #15 0x556efbaa4628 <unknown>\nE       #16 0x556efbaa47b7 <unknown>\nE       #17 0x556efbab3483 <unknown>\nE       #18 0x7f7689af9b43 <unknown>\n\n/opt/hostedtoolcache/Python/3.11.4/x64/lib/python3.11/site-packages/selenium/webdriver/support/wait.py:95: TimeoutException",
    "steps" : [ {
      "name" : "Fill in FYP Email field",
      "time" : {
        "start" : 1692492303876,
        "stop" : 1692492309007,
        "duration" : 5131
      },
      "status" : "broken",
      "statusMessage" : "selenium.common.exceptions.TimeoutException: Message: \nStacktrace:\n#0 0x556efbaba613 <unknown>\n#1 0x556efb7e6537 <unknown>\n#2 0x556efb824f53 <unknown>\n#3 0x556efb825041 <unknown>\n#4 0x556efb8602a4 <unknown>\n#5 0x556efb845a5d <unknown>\n#6 0x556efb85dd09 <unknown>\n#7 0x556efb845803 <unknown>\n#8 0x556efb81968b <unknown>\n#9 0x556efb81a42e <unknown>\n#10 0x556efba7bc28 <unknown>\n#11 0x556efba7faf7 <unknown>\n#12 0x556efba8a01c <unknown>\n#13 0x556efba80723 <unknown>\n#14 0x556efba4f457 <unknown>\n#15 0x556efbaa4628 <unknown>\n#16 0x556efbaa47b7 <unknown>\n#17 0x556efbab3483 <unknown>\n#18 0x7f7689af9b43 <unknown>\n\n",
      "statusTrace" : "  File \"/opt/hostedtoolcache/Python/3.11.4/x64/lib/python3.11/site-packages/allure_commons/_allure.py\", line 192, in impl\n    return func(*a, **kw)\n           ^^^^^^^^^^^^^^\n  File \"/home/runner/work/luma_project/luma_project/pages/forgot_your_password_page.py\", line 84, in fill_in_forgot_psw_captcha_field\n    return self.fill_in_field(self.check_forgot_psw_captcha_field_is_clickable(), text)\n                              ^^^^^^^^^^^^^^^^^^^^^^^^^^^^^^^^^^^^^^^^^^^^^^^^^^\n  File \"/opt/hostedtoolcache/Python/3.11.4/x64/lib/python3.11/site-packages/allure_commons/_allure.py\", line 192, in impl\n    return func(*a, **kw)\n           ^^^^^^^^^^^^^^\n  File \"/home/runner/work/luma_project/luma_project/pages/forgot_your_password_page.py\", line 59, in check_forgot_psw_captcha_field_is_clickable\n    return self.element_is_clickable(self.locators.FORGOT_YOUR_PASSWORD_CAPTCHA)\n           ^^^^^^^^^^^^^^^^^^^^^^^^^^^^^^^^^^^^^^^^^^^^^^^^^^^^^^^^^^^^^^^^^^^^^\n  File \"/opt/hostedtoolcache/Python/3.11.4/x64/lib/python3.11/site-packages/allure_commons/_allure.py\", line 192, in impl\n    return func(*a, **kw)\n           ^^^^^^^^^^^^^^\n  File \"/home/runner/work/luma_project/luma_project/pages/base_page.py\", line 80, in element_is_clickable\n    return wait(self.driver, timeout).until(EC.element_to_be_clickable(locator))\n           ^^^^^^^^^^^^^^^^^^^^^^^^^^^^^^^^^^^^^^^^^^^^^^^^^^^^^^^^^^^^^^^^^^^^^\n  File \"/opt/hostedtoolcache/Python/3.11.4/x64/lib/python3.11/site-packages/selenium/webdriver/support/wait.py\", line 95, in until\n    raise TimeoutException(message, screen, stacktrace)\n",
      "steps" : [ {
        "name" : "Check FYP captcha input field is clickable",
        "time" : {
          "start" : 1692492303876,
          "stop" : 1692492309006,
          "duration" : 5130
        },
        "status" : "broken",
        "statusMessage" : "selenium.common.exceptions.TimeoutException: Message: \nStacktrace:\n#0 0x556efbaba613 <unknown>\n#1 0x556efb7e6537 <unknown>\n#2 0x556efb824f53 <unknown>\n#3 0x556efb825041 <unknown>\n#4 0x556efb8602a4 <unknown>\n#5 0x556efb845a5d <unknown>\n#6 0x556efb85dd09 <unknown>\n#7 0x556efb845803 <unknown>\n#8 0x556efb81968b <unknown>\n#9 0x556efb81a42e <unknown>\n#10 0x556efba7bc28 <unknown>\n#11 0x556efba7faf7 <unknown>\n#12 0x556efba8a01c <unknown>\n#13 0x556efba80723 <unknown>\n#14 0x556efba4f457 <unknown>\n#15 0x556efbaa4628 <unknown>\n#16 0x556efbaa47b7 <unknown>\n#17 0x556efbab3483 <unknown>\n#18 0x7f7689af9b43 <unknown>\n\n",
        "statusTrace" : "  File \"/opt/hostedtoolcache/Python/3.11.4/x64/lib/python3.11/site-packages/allure_commons/_allure.py\", line 192, in impl\n    return func(*a, **kw)\n           ^^^^^^^^^^^^^^\n  File \"/home/runner/work/luma_project/luma_project/pages/forgot_your_password_page.py\", line 59, in check_forgot_psw_captcha_field_is_clickable\n    return self.element_is_clickable(self.locators.FORGOT_YOUR_PASSWORD_CAPTCHA)\n           ^^^^^^^^^^^^^^^^^^^^^^^^^^^^^^^^^^^^^^^^^^^^^^^^^^^^^^^^^^^^^^^^^^^^^\n  File \"/opt/hostedtoolcache/Python/3.11.4/x64/lib/python3.11/site-packages/allure_commons/_allure.py\", line 192, in impl\n    return func(*a, **kw)\n           ^^^^^^^^^^^^^^\n  File \"/home/runner/work/luma_project/luma_project/pages/base_page.py\", line 80, in element_is_clickable\n    return wait(self.driver, timeout).until(EC.element_to_be_clickable(locator))\n           ^^^^^^^^^^^^^^^^^^^^^^^^^^^^^^^^^^^^^^^^^^^^^^^^^^^^^^^^^^^^^^^^^^^^^\n  File \"/opt/hostedtoolcache/Python/3.11.4/x64/lib/python3.11/site-packages/selenium/webdriver/support/wait.py\", line 95, in until\n    raise TimeoutException(message, screen, stacktrace)\n",
        "steps" : [ {
          "name" : "Find clickable elements",
          "time" : {
            "start" : 1692492303876,
            "stop" : 1692492309006,
            "duration" : 5130
          },
          "status" : "broken",
          "statusMessage" : "selenium.common.exceptions.TimeoutException: Message: \nStacktrace:\n#0 0x556efbaba613 <unknown>\n#1 0x556efb7e6537 <unknown>\n#2 0x556efb824f53 <unknown>\n#3 0x556efb825041 <unknown>\n#4 0x556efb8602a4 <unknown>\n#5 0x556efb845a5d <unknown>\n#6 0x556efb85dd09 <unknown>\n#7 0x556efb845803 <unknown>\n#8 0x556efb81968b <unknown>\n#9 0x556efb81a42e <unknown>\n#10 0x556efba7bc28 <unknown>\n#11 0x556efba7faf7 <unknown>\n#12 0x556efba8a01c <unknown>\n#13 0x556efba80723 <unknown>\n#14 0x556efba4f457 <unknown>\n#15 0x556efbaa4628 <unknown>\n#16 0x556efbaa47b7 <unknown>\n#17 0x556efbab3483 <unknown>\n#18 0x7f7689af9b43 <unknown>\n\n",
          "statusTrace" : "  File \"/opt/hostedtoolcache/Python/3.11.4/x64/lib/python3.11/site-packages/allure_commons/_allure.py\", line 192, in impl\n    return func(*a, **kw)\n           ^^^^^^^^^^^^^^\n  File \"/home/runner/work/luma_project/luma_project/pages/base_page.py\", line 80, in element_is_clickable\n    return wait(self.driver, timeout).until(EC.element_to_be_clickable(locator))\n           ^^^^^^^^^^^^^^^^^^^^^^^^^^^^^^^^^^^^^^^^^^^^^^^^^^^^^^^^^^^^^^^^^^^^^\n  File \"/opt/hostedtoolcache/Python/3.11.4/x64/lib/python3.11/site-packages/selenium/webdriver/support/wait.py\", line 95, in until\n    raise TimeoutException(message, screen, stacktrace)\n",
          "steps" : [ ],
          "attachments" : [ ],
          "parameters" : [ {
            "name" : "locator",
            "value" : "('css selector', '#captcha_user_forgotpassword')"
          }, {
            "name" : "timeout",
            "value" : "5"
          } ],
          "stepsCount" : 0,
          "attachmentsCount" : 0,
          "shouldDisplayMessage" : true,
          "hasContent" : true
        } ],
        "attachments" : [ ],
        "parameters" : [ ],
        "stepsCount" : 1,
        "attachmentsCount" : 0,
        "shouldDisplayMessage" : false,
        "hasContent" : true
      } ],
      "attachments" : [ ],
      "parameters" : [ {
        "name" : "text",
        "value" : "'rdoMX4'"
      } ],
      "stepsCount" : 2,
      "attachmentsCount" : 0,
      "shouldDisplayMessage" : false,
      "hasContent" : true
    } ],
    "attachments" : [ {
      "uid" : "77cc8a68f85b99e2",
      "name" : "Screenshot",
      "source" : "77cc8a68f85b99e2.png",
      "type" : "image/png",
      "size" : 65941
    }, {
      "uid" : "8403dba82b4b38c4",
      "name" : "HTML source",
      "source" : "8403dba82b4b38c4.html",
      "type" : "text/html",
      "size" : 77958
    } ],
    "parameters" : [ ],
    "stepsCount" : 3,
    "attachmentsCount" : 2,
    "shouldDisplayMessage" : true,
    "hasContent" : true
  },
  "afterStages" : [ {
    "name" : "driver::0",
    "time" : {
      "start" : 1692492309186,
      "stop" : 1692492309249,
      "duration" : 63
    },
    "status" : "passed",
    "steps" : [ ],
    "attachments" : [ ],
    "parameters" : [ ],
    "stepsCount" : 0,
    "attachmentsCount" : 0,
    "shouldDisplayMessage" : false,
    "hasContent" : false
  }, {
    "name" : "clear_allure_result_folder::0",
    "time" : {
      "start" : 1692493453684,
      "stop" : 1692493453684,
      "duration" : 0
    },
    "status" : "passed",
    "steps" : [ ],
    "attachments" : [ ],
    "parameters" : [ ],
    "stepsCount" : 0,
    "attachmentsCount" : 0,
    "shouldDisplayMessage" : false,
    "hasContent" : false
  } ],
  "labels" : [ {
    "name" : "epic",
    "value" : "Forgot Your Password Page"
  }, {
    "name" : "parentSuite",
    "value" : "tests"
  }, {
    "name" : "suite",
    "value" : "test_forgot_your_password"
  }, {
    "name" : "subSuite",
    "value" : "TestForgotYourPassword"
  }, {
    "name" : "host",
    "value" : "fv-az626-196"
  }, {
    "name" : "thread",
    "value" : "3314-MainThread"
  }, {
    "name" : "framework",
    "value" : "pytest"
  }, {
    "name" : "language",
    "value" : "cpython3"
  }, {
    "name" : "package",
    "value" : "tests.test_forgot_your_password"
  }, {
    "name" : "resultFormat",
    "value" : "allure2"
  } ],
  "parameters" : [ ],
  "links" : [ ],
  "hidden" : false,
  "retry" : false,
  "extra" : {
    "severity" : "normal",
    "retries" : [ ],
    "categories" : [ {
      "name" : "Test defects",
      "matchedStatuses" : [ ],
      "flaky" : false
    } ],
    "tags" : [ ]
  },
  "source" : "c00ef9a0a38d2d56.json",
  "parameterValues" : [ ]
}