{
  "uid" : "c105e6e969f5a69c",
  "name" : "TC 04_01_09 Verify checkbox is present and unchecked",
  "fullName" : "tests.test_create_an_account.TestCreateAnAccount#test_04_01_09_sign_up_for_letters_checkbox",
  "historyId" : "642467d3c5da0c3e31a9a245e10a30c4",
  "time" : {
    "start" : 1690678019162,
    "stop" : 1690678024287,
    "duration" : 5125
  },
  "description" : " Verify that checkbox is present and unchecked",
  "descriptionHtml" : "<p>Verify that checkbox is present and unchecked</p>\n",
  "status" : "broken",
  "statusMessage" : "selenium.common.exceptions.TimeoutException: Message: \nStacktrace:\n#0 0x55e6b6dfe783 <unknown>\n#1 0x55e6b6b2a917 <unknown>\n#2 0x55e6b6b6931b <unknown>\n#3 0x55e6b6b69411 <unknown>\n#4 0x55e6b6ba4674 <unknown>\n#5 0x55e6b6b89e2d <unknown>\n#6 0x55e6b6ba20d9 <unknown>\n#7 0x55e6b6b89bd3 <unknown>\n#8 0x55e6b6b5da7b <unknown>\n#9 0x55e6b6b5e81e <unknown>\n#10 0x55e6b6dbfe98 <unknown>\n#11 0x55e6b6dc3d67 <unknown>\n#12 0x55e6b6dce32c <unknown>\n#13 0x55e6b6dc4993 <unknown>\n#14 0x55e6b6d93827 <unknown>\n#15 0x55e6b6de88a8 <unknown>\n#16 0x55e6b6de8a36 <unknown>\n#17 0x55e6b6df75f3 <unknown>\n#18 0x7f318b5ddb43 <unknown>",
  "statusTrace" : "self = <test_create_an_account.TestCreateAnAccount object at 0x7fa7f1fa20d0>\ncreate_account_page = <pages.create_an_account_page.CreateAccountPage object at 0x7fa7f0e8a890>\n\n    @allure.title('TC 04_01_09 Verify checkbox is present and unchecked')\n    def test_04_01_09_sign_up_for_letters_checkbox(self, create_account_page):\n        \"\"\" Verify that checkbox is present and unchecked\"\"\"\n>       sign_up_checkbox = create_account_page.check_sign_up_checkbox_label()\n\ntests/test_create_an_account.py:79: \n_ _ _ _ _ _ _ _ _ _ _ _ _ _ _ _ _ _ _ _ _ _ _ _ _ _ _ _ _ _ _ _ _ _ _ _ _ _ _ _ \npages/create_an_account_page.py:224: in check_sign_up_checkbox_label\n    return self.element_is_visible(self.locators.SIGN_UP_CHECKBOX_LABEL)\npages/base_page.py:29: in element_is_visible\n    self.go_to_element(self.element_is_present(locator))\npages/base_page.py:50: in element_is_present\n    return wait(self.driver, timeout).until(EC.presence_of_element_located(locator))\n_ _ _ _ _ _ _ _ _ _ _ _ _ _ _ _ _ _ _ _ _ _ _ _ _ _ _ _ _ _ _ _ _ _ _ _ _ _ _ _ \n\nself = <selenium.webdriver.support.wait.WebDriverWait (session=\"2152027d46da014e1912ca27b257a9bf\")>\nmethod = <function presence_of_element_located.<locals>._predicate at 0x7fa7f1de79c0>\nmessage = ''\n\n    def until(self, method, message: str = \"\"):\n        \"\"\"Calls the method provided with the driver as an argument until the \\\n        return value does not evaluate to ``False``.\n    \n        :param method: callable(WebDriver)\n        :param message: optional message for :exc:`TimeoutException`\n        :returns: the result of the last call to `method`\n        :raises: :exc:`selenium.common.exceptions.TimeoutException` if timeout occurs\n        \"\"\"\n        screen = None\n        stacktrace = None\n    \n        end_time = time.monotonic() + self._timeout\n        while True:\n            try:\n                value = method(self._driver)\n                if value:\n                    return value\n            except self._ignored_exceptions as exc:\n                screen = getattr(exc, \"screen\", None)\n                stacktrace = getattr(exc, \"stacktrace\", None)\n            time.sleep(self._poll)\n            if time.monotonic() > end_time:\n                break\n>       raise TimeoutException(message, screen, stacktrace)\nE       selenium.common.exceptions.TimeoutException: Message: \nE       Stacktrace:\nE       #0 0x55e6b6dfe783 <unknown>\nE       #1 0x55e6b6b2a917 <unknown>\nE       #2 0x55e6b6b6931b <unknown>\nE       #3 0x55e6b6b69411 <unknown>\nE       #4 0x55e6b6ba4674 <unknown>\nE       #5 0x55e6b6b89e2d <unknown>\nE       #6 0x55e6b6ba20d9 <unknown>\nE       #7 0x55e6b6b89bd3 <unknown>\nE       #8 0x55e6b6b5da7b <unknown>\nE       #9 0x55e6b6b5e81e <unknown>\nE       #10 0x55e6b6dbfe98 <unknown>\nE       #11 0x55e6b6dc3d67 <unknown>\nE       #12 0x55e6b6dce32c <unknown>\nE       #13 0x55e6b6dc4993 <unknown>\nE       #14 0x55e6b6d93827 <unknown>\nE       #15 0x55e6b6de88a8 <unknown>\nE       #16 0x55e6b6de8a36 <unknown>\nE       #17 0x55e6b6df75f3 <unknown>\nE       #18 0x7f318b5ddb43 <unknown>\n\n/opt/hostedtoolcache/Python/3.11.4/x64/lib/python3.11/site-packages/selenium/webdriver/support/wait.py:95: TimeoutException",
  "flaky" : false,
  "newFailed" : false,
  "beforeStages" : [ {
    "name" : "_session_faker",
    "time" : {
      "start" : 1690677994116,
      "stop" : 1690677994211,
      "duration" : 95
    },
    "status" : "passed",
    "steps" : [ ],
    "attachments" : [ ],
    "parameters" : [ ],
    "stepsCount" : 0,
    "attachmentsCount" : 0,
    "shouldDisplayMessage" : false,
    "hasContent" : false
  }, {
    "name" : "clear_allure_result_folder",
    "time" : {
      "start" : 1690677994212,
      "stop" : 1690677994212,
      "duration" : 0
    },
    "status" : "passed",
    "steps" : [ ],
    "attachments" : [ ],
    "parameters" : [ ],
    "stepsCount" : 0,
    "attachmentsCount" : 0,
    "shouldDisplayMessage" : false,
    "hasContent" : false
  }, {
    "name" : "driver",
    "time" : {
      "start" : 1690678016968,
      "stop" : 1690678018056,
      "duration" : 1088
    },
    "status" : "passed",
    "steps" : [ ],
    "attachments" : [ ],
    "parameters" : [ ],
    "stepsCount" : 0,
    "attachmentsCount" : 0,
    "shouldDisplayMessage" : false,
    "hasContent" : false
  }, {
    "name" : "create_account_page",
    "time" : {
      "start" : 1690678018056,
      "stop" : 1690678019161,
      "duration" : 1105
    },
    "status" : "passed",
    "steps" : [ {
      "name" : "Open a browser",
      "time" : {
        "start" : 1690678018057,
        "stop" : 1690678019161,
        "duration" : 1104
      },
      "status" : "passed",
      "steps" : [ ],
      "attachments" : [ ],
      "parameters" : [ ],
      "stepsCount" : 0,
      "attachmentsCount" : 0,
      "shouldDisplayMessage" : false,
      "hasContent" : false
    } ],
    "attachments" : [ ],
    "parameters" : [ ],
    "stepsCount" : 1,
    "attachmentsCount" : 0,
    "shouldDisplayMessage" : false,
    "hasContent" : true
  } ],
  "testStage" : {
    "description" : " Verify that checkbox is present and unchecked",
    "status" : "broken",
    "statusMessage" : "selenium.common.exceptions.TimeoutException: Message: \nStacktrace:\n#0 0x55e6b6dfe783 <unknown>\n#1 0x55e6b6b2a917 <unknown>\n#2 0x55e6b6b6931b <unknown>\n#3 0x55e6b6b69411 <unknown>\n#4 0x55e6b6ba4674 <unknown>\n#5 0x55e6b6b89e2d <unknown>\n#6 0x55e6b6ba20d9 <unknown>\n#7 0x55e6b6b89bd3 <unknown>\n#8 0x55e6b6b5da7b <unknown>\n#9 0x55e6b6b5e81e <unknown>\n#10 0x55e6b6dbfe98 <unknown>\n#11 0x55e6b6dc3d67 <unknown>\n#12 0x55e6b6dce32c <unknown>\n#13 0x55e6b6dc4993 <unknown>\n#14 0x55e6b6d93827 <unknown>\n#15 0x55e6b6de88a8 <unknown>\n#16 0x55e6b6de8a36 <unknown>\n#17 0x55e6b6df75f3 <unknown>\n#18 0x7f318b5ddb43 <unknown>",
    "statusTrace" : "self = <test_create_an_account.TestCreateAnAccount object at 0x7fa7f1fa20d0>\ncreate_account_page = <pages.create_an_account_page.CreateAccountPage object at 0x7fa7f0e8a890>\n\n    @allure.title('TC 04_01_09 Verify checkbox is present and unchecked')\n    def test_04_01_09_sign_up_for_letters_checkbox(self, create_account_page):\n        \"\"\" Verify that checkbox is present and unchecked\"\"\"\n>       sign_up_checkbox = create_account_page.check_sign_up_checkbox_label()\n\ntests/test_create_an_account.py:79: \n_ _ _ _ _ _ _ _ _ _ _ _ _ _ _ _ _ _ _ _ _ _ _ _ _ _ _ _ _ _ _ _ _ _ _ _ _ _ _ _ \npages/create_an_account_page.py:224: in check_sign_up_checkbox_label\n    return self.element_is_visible(self.locators.SIGN_UP_CHECKBOX_LABEL)\npages/base_page.py:29: in element_is_visible\n    self.go_to_element(self.element_is_present(locator))\npages/base_page.py:50: in element_is_present\n    return wait(self.driver, timeout).until(EC.presence_of_element_located(locator))\n_ _ _ _ _ _ _ _ _ _ _ _ _ _ _ _ _ _ _ _ _ _ _ _ _ _ _ _ _ _ _ _ _ _ _ _ _ _ _ _ \n\nself = <selenium.webdriver.support.wait.WebDriverWait (session=\"2152027d46da014e1912ca27b257a9bf\")>\nmethod = <function presence_of_element_located.<locals>._predicate at 0x7fa7f1de79c0>\nmessage = ''\n\n    def until(self, method, message: str = \"\"):\n        \"\"\"Calls the method provided with the driver as an argument until the \\\n        return value does not evaluate to ``False``.\n    \n        :param method: callable(WebDriver)\n        :param message: optional message for :exc:`TimeoutException`\n        :returns: the result of the last call to `method`\n        :raises: :exc:`selenium.common.exceptions.TimeoutException` if timeout occurs\n        \"\"\"\n        screen = None\n        stacktrace = None\n    \n        end_time = time.monotonic() + self._timeout\n        while True:\n            try:\n                value = method(self._driver)\n                if value:\n                    return value\n            except self._ignored_exceptions as exc:\n                screen = getattr(exc, \"screen\", None)\n                stacktrace = getattr(exc, \"stacktrace\", None)\n            time.sleep(self._poll)\n            if time.monotonic() > end_time:\n                break\n>       raise TimeoutException(message, screen, stacktrace)\nE       selenium.common.exceptions.TimeoutException: Message: \nE       Stacktrace:\nE       #0 0x55e6b6dfe783 <unknown>\nE       #1 0x55e6b6b2a917 <unknown>\nE       #2 0x55e6b6b6931b <unknown>\nE       #3 0x55e6b6b69411 <unknown>\nE       #4 0x55e6b6ba4674 <unknown>\nE       #5 0x55e6b6b89e2d <unknown>\nE       #6 0x55e6b6ba20d9 <unknown>\nE       #7 0x55e6b6b89bd3 <unknown>\nE       #8 0x55e6b6b5da7b <unknown>\nE       #9 0x55e6b6b5e81e <unknown>\nE       #10 0x55e6b6dbfe98 <unknown>\nE       #11 0x55e6b6dc3d67 <unknown>\nE       #12 0x55e6b6dce32c <unknown>\nE       #13 0x55e6b6dc4993 <unknown>\nE       #14 0x55e6b6d93827 <unknown>\nE       #15 0x55e6b6de88a8 <unknown>\nE       #16 0x55e6b6de8a36 <unknown>\nE       #17 0x55e6b6df75f3 <unknown>\nE       #18 0x7f318b5ddb43 <unknown>\n\n/opt/hostedtoolcache/Python/3.11.4/x64/lib/python3.11/site-packages/selenium/webdriver/support/wait.py:95: TimeoutException",
    "steps" : [ {
      "name" : "Check Sign Up checkbox label is visible",
      "time" : {
        "start" : 1690678019162,
        "stop" : 1690678024286,
        "duration" : 5124
      },
      "status" : "broken",
      "statusMessage" : "selenium.common.exceptions.TimeoutException: Message: \nStacktrace:\n#0 0x55e6b6dfe783 <unknown>\n#1 0x55e6b6b2a917 <unknown>\n#2 0x55e6b6b6931b <unknown>\n#3 0x55e6b6b69411 <unknown>\n#4 0x55e6b6ba4674 <unknown>\n#5 0x55e6b6b89e2d <unknown>\n#6 0x55e6b6ba20d9 <unknown>\n#7 0x55e6b6b89bd3 <unknown>\n#8 0x55e6b6b5da7b <unknown>\n#9 0x55e6b6b5e81e <unknown>\n#10 0x55e6b6dbfe98 <unknown>\n#11 0x55e6b6dc3d67 <unknown>\n#12 0x55e6b6dce32c <unknown>\n#13 0x55e6b6dc4993 <unknown>\n#14 0x55e6b6d93827 <unknown>\n#15 0x55e6b6de88a8 <unknown>\n#16 0x55e6b6de8a36 <unknown>\n#17 0x55e6b6df75f3 <unknown>\n#18 0x7f318b5ddb43 <unknown>\n\n",
      "statusTrace" : "  File \"/opt/hostedtoolcache/Python/3.11.4/x64/lib/python3.11/site-packages/allure_commons/_allure.py\", line 192, in impl\n    return func(*a, **kw)\n           ^^^^^^^^^^^^^^\n  File \"/home/runner/work/luma_project/luma_project/pages/create_an_account_page.py\", line 224, in check_sign_up_checkbox_label\n    return self.element_is_visible(self.locators.SIGN_UP_CHECKBOX_LABEL)\n           ^^^^^^^^^^^^^^^^^^^^^^^^^^^^^^^^^^^^^^^^^^^^^^^^^^^^^^^^^^^^^\n  File \"/opt/hostedtoolcache/Python/3.11.4/x64/lib/python3.11/site-packages/allure_commons/_allure.py\", line 192, in impl\n    return func(*a, **kw)\n           ^^^^^^^^^^^^^^\n  File \"/home/runner/work/luma_project/luma_project/pages/base_page.py\", line 29, in element_is_visible\n    self.go_to_element(self.element_is_present(locator))\n                       ^^^^^^^^^^^^^^^^^^^^^^^^^^^^^^^^\n  File \"/opt/hostedtoolcache/Python/3.11.4/x64/lib/python3.11/site-packages/allure_commons/_allure.py\", line 192, in impl\n    return func(*a, **kw)\n           ^^^^^^^^^^^^^^\n  File \"/home/runner/work/luma_project/luma_project/pages/base_page.py\", line 50, in element_is_present\n    return wait(self.driver, timeout).until(EC.presence_of_element_located(locator))\n           ^^^^^^^^^^^^^^^^^^^^^^^^^^^^^^^^^^^^^^^^^^^^^^^^^^^^^^^^^^^^^^^^^^^^^^^^^\n  File \"/opt/hostedtoolcache/Python/3.11.4/x64/lib/python3.11/site-packages/selenium/webdriver/support/wait.py\", line 95, in until\n    raise TimeoutException(message, screen, stacktrace)\n",
      "steps" : [ {
        "name" : "Find a visible element",
        "time" : {
          "start" : 1690678019162,
          "stop" : 1690678024286,
          "duration" : 5124
        },
        "status" : "broken",
        "statusMessage" : "selenium.common.exceptions.TimeoutException: Message: \nStacktrace:\n#0 0x55e6b6dfe783 <unknown>\n#1 0x55e6b6b2a917 <unknown>\n#2 0x55e6b6b6931b <unknown>\n#3 0x55e6b6b69411 <unknown>\n#4 0x55e6b6ba4674 <unknown>\n#5 0x55e6b6b89e2d <unknown>\n#6 0x55e6b6ba20d9 <unknown>\n#7 0x55e6b6b89bd3 <unknown>\n#8 0x55e6b6b5da7b <unknown>\n#9 0x55e6b6b5e81e <unknown>\n#10 0x55e6b6dbfe98 <unknown>\n#11 0x55e6b6dc3d67 <unknown>\n#12 0x55e6b6dce32c <unknown>\n#13 0x55e6b6dc4993 <unknown>\n#14 0x55e6b6d93827 <unknown>\n#15 0x55e6b6de88a8 <unknown>\n#16 0x55e6b6de8a36 <unknown>\n#17 0x55e6b6df75f3 <unknown>\n#18 0x7f318b5ddb43 <unknown>\n\n",
        "statusTrace" : "  File \"/opt/hostedtoolcache/Python/3.11.4/x64/lib/python3.11/site-packages/allure_commons/_allure.py\", line 192, in impl\n    return func(*a, **kw)\n           ^^^^^^^^^^^^^^\n  File \"/home/runner/work/luma_project/luma_project/pages/base_page.py\", line 29, in element_is_visible\n    self.go_to_element(self.element_is_present(locator))\n                       ^^^^^^^^^^^^^^^^^^^^^^^^^^^^^^^^\n  File \"/opt/hostedtoolcache/Python/3.11.4/x64/lib/python3.11/site-packages/allure_commons/_allure.py\", line 192, in impl\n    return func(*a, **kw)\n           ^^^^^^^^^^^^^^\n  File \"/home/runner/work/luma_project/luma_project/pages/base_page.py\", line 50, in element_is_present\n    return wait(self.driver, timeout).until(EC.presence_of_element_located(locator))\n           ^^^^^^^^^^^^^^^^^^^^^^^^^^^^^^^^^^^^^^^^^^^^^^^^^^^^^^^^^^^^^^^^^^^^^^^^^\n  File \"/opt/hostedtoolcache/Python/3.11.4/x64/lib/python3.11/site-packages/selenium/webdriver/support/wait.py\", line 95, in until\n    raise TimeoutException(message, screen, stacktrace)\n",
        "steps" : [ {
          "name" : "Find a present element",
          "time" : {
            "start" : 1690678019162,
            "stop" : 1690678024285,
            "duration" : 5123
          },
          "status" : "broken",
          "statusMessage" : "selenium.common.exceptions.TimeoutException: Message: \nStacktrace:\n#0 0x55e6b6dfe783 <unknown>\n#1 0x55e6b6b2a917 <unknown>\n#2 0x55e6b6b6931b <unknown>\n#3 0x55e6b6b69411 <unknown>\n#4 0x55e6b6ba4674 <unknown>\n#5 0x55e6b6b89e2d <unknown>\n#6 0x55e6b6ba20d9 <unknown>\n#7 0x55e6b6b89bd3 <unknown>\n#8 0x55e6b6b5da7b <unknown>\n#9 0x55e6b6b5e81e <unknown>\n#10 0x55e6b6dbfe98 <unknown>\n#11 0x55e6b6dc3d67 <unknown>\n#12 0x55e6b6dce32c <unknown>\n#13 0x55e6b6dc4993 <unknown>\n#14 0x55e6b6d93827 <unknown>\n#15 0x55e6b6de88a8 <unknown>\n#16 0x55e6b6de8a36 <unknown>\n#17 0x55e6b6df75f3 <unknown>\n#18 0x7f318b5ddb43 <unknown>\n\n",
          "statusTrace" : "  File \"/opt/hostedtoolcache/Python/3.11.4/x64/lib/python3.11/site-packages/allure_commons/_allure.py\", line 192, in impl\n    return func(*a, **kw)\n           ^^^^^^^^^^^^^^\n  File \"/home/runner/work/luma_project/luma_project/pages/base_page.py\", line 50, in element_is_present\n    return wait(self.driver, timeout).until(EC.presence_of_element_located(locator))\n           ^^^^^^^^^^^^^^^^^^^^^^^^^^^^^^^^^^^^^^^^^^^^^^^^^^^^^^^^^^^^^^^^^^^^^^^^^\n  File \"/opt/hostedtoolcache/Python/3.11.4/x64/lib/python3.11/site-packages/selenium/webdriver/support/wait.py\", line 95, in until\n    raise TimeoutException(message, screen, stacktrace)\n",
          "steps" : [ ],
          "attachments" : [ ],
          "parameters" : [ {
            "name" : "locator",
            "value" : "('css selector', \"label[for='is_subscribed']\")"
          }, {
            "name" : "timeout",
            "value" : "5"
          } ],
          "stepsCount" : 0,
          "attachmentsCount" : 0,
          "shouldDisplayMessage" : true,
          "hasContent" : true
        } ],
        "attachments" : [ ],
        "parameters" : [ {
          "name" : "locator",
          "value" : "('css selector', \"label[for='is_subscribed']\")"
        }, {
          "name" : "timeout",
          "value" : "10"
        } ],
        "stepsCount" : 1,
        "attachmentsCount" : 0,
        "shouldDisplayMessage" : false,
        "hasContent" : true
      } ],
      "attachments" : [ ],
      "parameters" : [ ],
      "stepsCount" : 2,
      "attachmentsCount" : 0,
      "shouldDisplayMessage" : false,
      "hasContent" : true
    } ],
    "attachments" : [ {
      "uid" : "5b4f204768b4124d",
      "name" : "Screenshot",
      "source" : "5b4f204768b4124d.png",
      "type" : "image/png",
      "size" : 59662
    }, {
      "uid" : "4988bab9202c348a",
      "name" : "HTML source",
      "source" : "4988bab9202c348a.html",
      "type" : "text/html",
      "size" : 79669
    } ],
    "parameters" : [ ],
    "stepsCount" : 3,
    "attachmentsCount" : 2,
    "shouldDisplayMessage" : true,
    "hasContent" : true
  },
  "afterStages" : [ {
    "name" : "clear_allure_result_folder::0",
    "time" : {
      "start" : 1690679404982,
      "stop" : 1690679404982,
      "duration" : 0
    },
    "status" : "passed",
    "steps" : [ ],
    "attachments" : [ ],
    "parameters" : [ ],
    "stepsCount" : 0,
    "attachmentsCount" : 0,
    "shouldDisplayMessage" : false,
    "hasContent" : false
  }, {
    "name" : "driver::0",
    "time" : {
      "start" : 1690678024503,
      "stop" : 1690678024566,
      "duration" : 63
    },
    "status" : "passed",
    "steps" : [ ],
    "attachments" : [ ],
    "parameters" : [ ],
    "stepsCount" : 0,
    "attachmentsCount" : 0,
    "shouldDisplayMessage" : false,
    "hasContent" : false
  } ],
  "labels" : [ {
    "name" : "epic",
    "value" : "Create An Account"
  }, {
    "name" : "parentSuite",
    "value" : "tests"
  }, {
    "name" : "suite",
    "value" : "test_create_an_account"
  }, {
    "name" : "subSuite",
    "value" : "TestCreateAnAccount"
  }, {
    "name" : "host",
    "value" : "fv-az244-287"
  }, {
    "name" : "thread",
    "value" : "3457-MainThread"
  }, {
    "name" : "framework",
    "value" : "pytest"
  }, {
    "name" : "language",
    "value" : "cpython3"
  }, {
    "name" : "package",
    "value" : "tests.test_create_an_account"
  }, {
    "name" : "resultFormat",
    "value" : "allure2"
  } ],
  "parameters" : [ ],
  "links" : [ ],
  "hidden" : false,
  "retry" : false,
  "extra" : {
    "severity" : "normal",
    "retries" : [ ],
    "categories" : [ {
      "name" : "Test defects",
      "matchedStatuses" : [ ],
      "flaky" : false
    } ],
    "tags" : [ ]
  },
  "source" : "c105e6e969f5a69c.json",
  "parameterValues" : [ ]
}