{
  "uid" : "d199460796de206",
  "name" : "TC 17.01.10 Verify FYP captcha input field is correct format and clickable",
  "fullName" : "tests.test_forgot_your_password.TestForgotYourPassword#test_17_01_10_captcha_field_is_correct_format_and_clickable",
  "historyId" : "893c24bbe020a69c355db37017ee26d2",
  "time" : {
    "start" : 1694306776678,
    "stop" : 1694306781824,
    "duration" : 5146
  },
  "description" : "Check if the captcha input is of correct format (input-text) and clickable",
  "descriptionHtml" : "<p>Check if the captcha input is of correct format (input-text) and clickable</p>\n",
  "status" : "broken",
  "statusMessage" : "selenium.common.exceptions.TimeoutException: Message: \nStacktrace:\n#0 0x55ddc177ee23 <unknown>\n#1 0x55ddc14a77a7 <unknown>\n#2 0x55ddc14e61d3 <unknown>\n#3 0x55ddc14e62c1 <unknown>\n#4 0x55ddc1521a04 <unknown>\n#5 0x55ddc150703d <unknown>\n#6 0x55ddc151f369 <unknown>\n#7 0x55ddc1506de3 <unknown>\n#8 0x55ddc14daa7b <unknown>\n#9 0x55ddc14db81e <unknown>\n#10 0x55ddc1740638 <unknown>\n#11 0x55ddc1744507 <unknown>\n#12 0x55ddc174ec4c <unknown>\n#13 0x55ddc1745136 <unknown>\n#14 0x55ddc17139cf <unknown>\n#15 0x55ddc1768b98 <unknown>\n#16 0x55ddc1768d68 <unknown>\n#17 0x55ddc1777cb3 <unknown>\n#18 0x7fa93a753b43 <unknown>",
  "statusTrace" : "self = <test_forgot_your_password.TestForgotYourPassword object at 0x7f85d604c650>\ndriver = <selenium.webdriver.chrome.webdriver.WebDriver (session=\"757749fb8d005d7ec7f3f9a93ab13cd6\")>\nforgot_psw_page = <pages.forgot_your_password_page.ForgotYourPasswordPage object at 0x7f85d5d04290>\n\n    @allure.title('TC 17.01.10 Verify FYP captcha input field is correct format and clickable')\n    def test_17_01_10_captcha_field_is_correct_format_and_clickable(self, driver, forgot_psw_page):\n        \"\"\"Check if the captcha input is of correct format (input-text) and clickable\"\"\"\n>       captcha_input = forgot_psw_page.check_forgot_psw_captcha_field_is_clickable()\n\ntests/test_forgot_your_password.py:93: \n_ _ _ _ _ _ _ _ _ _ _ _ _ _ _ _ _ _ _ _ _ _ _ _ _ _ _ _ _ _ _ _ _ _ _ _ _ _ _ _ \npages/forgot_your_password_page.py:59: in check_forgot_psw_captcha_field_is_clickable\n    return self.element_is_clickable(self.locators.FORGOT_YOUR_PASSWORD_CAPTCHA)\npages/base_page.py:80: in element_is_clickable\n    return wait(self.driver, timeout).until(EC.element_to_be_clickable(locator))\n_ _ _ _ _ _ _ _ _ _ _ _ _ _ _ _ _ _ _ _ _ _ _ _ _ _ _ _ _ _ _ _ _ _ _ _ _ _ _ _ \n\nself = <selenium.webdriver.support.wait.WebDriverWait (session=\"757749fb8d005d7ec7f3f9a93ab13cd6\")>\nmethod = <function element_to_be_clickable.<locals>._predicate at 0x7f85d57d2160>\nmessage = ''\n\n    def until(self, method, message: str = \"\"):\n        \"\"\"Calls the method provided with the driver as an argument until the \\\n        return value does not evaluate to ``False``.\n    \n        :param method: callable(WebDriver)\n        :param message: optional message for :exc:`TimeoutException`\n        :returns: the result of the last call to `method`\n        :raises: :exc:`selenium.common.exceptions.TimeoutException` if timeout occurs\n        \"\"\"\n        screen = None\n        stacktrace = None\n    \n        end_time = time.monotonic() + self._timeout\n        while True:\n            try:\n                value = method(self._driver)\n                if value:\n                    return value\n            except self._ignored_exceptions as exc:\n                screen = getattr(exc, \"screen\", None)\n                stacktrace = getattr(exc, \"stacktrace\", None)\n            time.sleep(self._poll)\n            if time.monotonic() > end_time:\n                break\n>       raise TimeoutException(message, screen, stacktrace)\nE       selenium.common.exceptions.TimeoutException: Message: \nE       Stacktrace:\nE       #0 0x55ddc177ee23 <unknown>\nE       #1 0x55ddc14a77a7 <unknown>\nE       #2 0x55ddc14e61d3 <unknown>\nE       #3 0x55ddc14e62c1 <unknown>\nE       #4 0x55ddc1521a04 <unknown>\nE       #5 0x55ddc150703d <unknown>\nE       #6 0x55ddc151f369 <unknown>\nE       #7 0x55ddc1506de3 <unknown>\nE       #8 0x55ddc14daa7b <unknown>\nE       #9 0x55ddc14db81e <unknown>\nE       #10 0x55ddc1740638 <unknown>\nE       #11 0x55ddc1744507 <unknown>\nE       #12 0x55ddc174ec4c <unknown>\nE       #13 0x55ddc1745136 <unknown>\nE       #14 0x55ddc17139cf <unknown>\nE       #15 0x55ddc1768b98 <unknown>\nE       #16 0x55ddc1768d68 <unknown>\nE       #17 0x55ddc1777cb3 <unknown>\nE       #18 0x7fa93a753b43 <unknown>\n\n/opt/hostedtoolcache/Python/3.11.5/x64/lib/python3.11/site-packages/selenium/webdriver/support/wait.py:95: TimeoutException",
  "flaky" : false,
  "newFailed" : false,
  "beforeStages" : [ {
    "name" : "_session_faker",
    "time" : {
      "start" : 1694306365489,
      "stop" : 1694306365583,
      "duration" : 94
    },
    "status" : "passed",
    "steps" : [ ],
    "attachments" : [ ],
    "parameters" : [ ],
    "stepsCount" : 0,
    "attachmentsCount" : 0,
    "shouldDisplayMessage" : false,
    "hasContent" : false
  }, {
    "name" : "clear_allure_result_folder",
    "time" : {
      "start" : 1694306365584,
      "stop" : 1694306365584,
      "duration" : 0
    },
    "status" : "passed",
    "steps" : [ ],
    "attachments" : [ ],
    "parameters" : [ ],
    "stepsCount" : 0,
    "attachmentsCount" : 0,
    "shouldDisplayMessage" : false,
    "hasContent" : false
  }, {
    "name" : "driver",
    "time" : {
      "start" : 1694306773992,
      "stop" : 1694306775197,
      "duration" : 1205
    },
    "status" : "passed",
    "steps" : [ ],
    "attachments" : [ ],
    "parameters" : [ ],
    "stepsCount" : 0,
    "attachmentsCount" : 0,
    "shouldDisplayMessage" : false,
    "hasContent" : false
  }, {
    "name" : "forgot_psw_page",
    "time" : {
      "start" : 1694306775197,
      "stop" : 1694306776677,
      "duration" : 1480
    },
    "status" : "passed",
    "steps" : [ {
      "name" : "Open a browser",
      "time" : {
        "start" : 1694306775197,
        "stop" : 1694306776677,
        "duration" : 1480
      },
      "status" : "passed",
      "steps" : [ ],
      "attachments" : [ ],
      "parameters" : [ ],
      "stepsCount" : 0,
      "attachmentsCount" : 0,
      "shouldDisplayMessage" : false,
      "hasContent" : false
    } ],
    "attachments" : [ ],
    "parameters" : [ ],
    "stepsCount" : 1,
    "attachmentsCount" : 0,
    "shouldDisplayMessage" : false,
    "hasContent" : true
  } ],
  "testStage" : {
    "description" : "Check if the captcha input is of correct format (input-text) and clickable",
    "status" : "broken",
    "statusMessage" : "selenium.common.exceptions.TimeoutException: Message: \nStacktrace:\n#0 0x55ddc177ee23 <unknown>\n#1 0x55ddc14a77a7 <unknown>\n#2 0x55ddc14e61d3 <unknown>\n#3 0x55ddc14e62c1 <unknown>\n#4 0x55ddc1521a04 <unknown>\n#5 0x55ddc150703d <unknown>\n#6 0x55ddc151f369 <unknown>\n#7 0x55ddc1506de3 <unknown>\n#8 0x55ddc14daa7b <unknown>\n#9 0x55ddc14db81e <unknown>\n#10 0x55ddc1740638 <unknown>\n#11 0x55ddc1744507 <unknown>\n#12 0x55ddc174ec4c <unknown>\n#13 0x55ddc1745136 <unknown>\n#14 0x55ddc17139cf <unknown>\n#15 0x55ddc1768b98 <unknown>\n#16 0x55ddc1768d68 <unknown>\n#17 0x55ddc1777cb3 <unknown>\n#18 0x7fa93a753b43 <unknown>",
    "statusTrace" : "self = <test_forgot_your_password.TestForgotYourPassword object at 0x7f85d604c650>\ndriver = <selenium.webdriver.chrome.webdriver.WebDriver (session=\"757749fb8d005d7ec7f3f9a93ab13cd6\")>\nforgot_psw_page = <pages.forgot_your_password_page.ForgotYourPasswordPage object at 0x7f85d5d04290>\n\n    @allure.title('TC 17.01.10 Verify FYP captcha input field is correct format and clickable')\n    def test_17_01_10_captcha_field_is_correct_format_and_clickable(self, driver, forgot_psw_page):\n        \"\"\"Check if the captcha input is of correct format (input-text) and clickable\"\"\"\n>       captcha_input = forgot_psw_page.check_forgot_psw_captcha_field_is_clickable()\n\ntests/test_forgot_your_password.py:93: \n_ _ _ _ _ _ _ _ _ _ _ _ _ _ _ _ _ _ _ _ _ _ _ _ _ _ _ _ _ _ _ _ _ _ _ _ _ _ _ _ \npages/forgot_your_password_page.py:59: in check_forgot_psw_captcha_field_is_clickable\n    return self.element_is_clickable(self.locators.FORGOT_YOUR_PASSWORD_CAPTCHA)\npages/base_page.py:80: in element_is_clickable\n    return wait(self.driver, timeout).until(EC.element_to_be_clickable(locator))\n_ _ _ _ _ _ _ _ _ _ _ _ _ _ _ _ _ _ _ _ _ _ _ _ _ _ _ _ _ _ _ _ _ _ _ _ _ _ _ _ \n\nself = <selenium.webdriver.support.wait.WebDriverWait (session=\"757749fb8d005d7ec7f3f9a93ab13cd6\")>\nmethod = <function element_to_be_clickable.<locals>._predicate at 0x7f85d57d2160>\nmessage = ''\n\n    def until(self, method, message: str = \"\"):\n        \"\"\"Calls the method provided with the driver as an argument until the \\\n        return value does not evaluate to ``False``.\n    \n        :param method: callable(WebDriver)\n        :param message: optional message for :exc:`TimeoutException`\n        :returns: the result of the last call to `method`\n        :raises: :exc:`selenium.common.exceptions.TimeoutException` if timeout occurs\n        \"\"\"\n        screen = None\n        stacktrace = None\n    \n        end_time = time.monotonic() + self._timeout\n        while True:\n            try:\n                value = method(self._driver)\n                if value:\n                    return value\n            except self._ignored_exceptions as exc:\n                screen = getattr(exc, \"screen\", None)\n                stacktrace = getattr(exc, \"stacktrace\", None)\n            time.sleep(self._poll)\n            if time.monotonic() > end_time:\n                break\n>       raise TimeoutException(message, screen, stacktrace)\nE       selenium.common.exceptions.TimeoutException: Message: \nE       Stacktrace:\nE       #0 0x55ddc177ee23 <unknown>\nE       #1 0x55ddc14a77a7 <unknown>\nE       #2 0x55ddc14e61d3 <unknown>\nE       #3 0x55ddc14e62c1 <unknown>\nE       #4 0x55ddc1521a04 <unknown>\nE       #5 0x55ddc150703d <unknown>\nE       #6 0x55ddc151f369 <unknown>\nE       #7 0x55ddc1506de3 <unknown>\nE       #8 0x55ddc14daa7b <unknown>\nE       #9 0x55ddc14db81e <unknown>\nE       #10 0x55ddc1740638 <unknown>\nE       #11 0x55ddc1744507 <unknown>\nE       #12 0x55ddc174ec4c <unknown>\nE       #13 0x55ddc1745136 <unknown>\nE       #14 0x55ddc17139cf <unknown>\nE       #15 0x55ddc1768b98 <unknown>\nE       #16 0x55ddc1768d68 <unknown>\nE       #17 0x55ddc1777cb3 <unknown>\nE       #18 0x7fa93a753b43 <unknown>\n\n/opt/hostedtoolcache/Python/3.11.5/x64/lib/python3.11/site-packages/selenium/webdriver/support/wait.py:95: TimeoutException",
    "steps" : [ {
      "name" : "Check FYP captcha input field is clickable",
      "time" : {
        "start" : 1694306776678,
        "stop" : 1694306781823,
        "duration" : 5145
      },
      "status" : "broken",
      "statusMessage" : "selenium.common.exceptions.TimeoutException: Message: \nStacktrace:\n#0 0x55ddc177ee23 <unknown>\n#1 0x55ddc14a77a7 <unknown>\n#2 0x55ddc14e61d3 <unknown>\n#3 0x55ddc14e62c1 <unknown>\n#4 0x55ddc1521a04 <unknown>\n#5 0x55ddc150703d <unknown>\n#6 0x55ddc151f369 <unknown>\n#7 0x55ddc1506de3 <unknown>\n#8 0x55ddc14daa7b <unknown>\n#9 0x55ddc14db81e <unknown>\n#10 0x55ddc1740638 <unknown>\n#11 0x55ddc1744507 <unknown>\n#12 0x55ddc174ec4c <unknown>\n#13 0x55ddc1745136 <unknown>\n#14 0x55ddc17139cf <unknown>\n#15 0x55ddc1768b98 <unknown>\n#16 0x55ddc1768d68 <unknown>\n#17 0x55ddc1777cb3 <unknown>\n#18 0x7fa93a753b43 <unknown>\n\n",
      "statusTrace" : "  File \"/opt/hostedtoolcache/Python/3.11.5/x64/lib/python3.11/site-packages/allure_commons/_allure.py\", line 192, in impl\n    return func(*a, **kw)\n           ^^^^^^^^^^^^^^\n  File \"/home/runner/work/luma_project/luma_project/pages/forgot_your_password_page.py\", line 59, in check_forgot_psw_captcha_field_is_clickable\n    return self.element_is_clickable(self.locators.FORGOT_YOUR_PASSWORD_CAPTCHA)\n           ^^^^^^^^^^^^^^^^^^^^^^^^^^^^^^^^^^^^^^^^^^^^^^^^^^^^^^^^^^^^^^^^^^^^^\n  File \"/opt/hostedtoolcache/Python/3.11.5/x64/lib/python3.11/site-packages/allure_commons/_allure.py\", line 192, in impl\n    return func(*a, **kw)\n           ^^^^^^^^^^^^^^\n  File \"/home/runner/work/luma_project/luma_project/pages/base_page.py\", line 80, in element_is_clickable\n    return wait(self.driver, timeout).until(EC.element_to_be_clickable(locator))\n           ^^^^^^^^^^^^^^^^^^^^^^^^^^^^^^^^^^^^^^^^^^^^^^^^^^^^^^^^^^^^^^^^^^^^^\n  File \"/opt/hostedtoolcache/Python/3.11.5/x64/lib/python3.11/site-packages/selenium/webdriver/support/wait.py\", line 95, in until\n    raise TimeoutException(message, screen, stacktrace)\n",
      "steps" : [ {
        "name" : "Find clickable elements",
        "time" : {
          "start" : 1694306776678,
          "stop" : 1694306781822,
          "duration" : 5144
        },
        "status" : "broken",
        "statusMessage" : "selenium.common.exceptions.TimeoutException: Message: \nStacktrace:\n#0 0x55ddc177ee23 <unknown>\n#1 0x55ddc14a77a7 <unknown>\n#2 0x55ddc14e61d3 <unknown>\n#3 0x55ddc14e62c1 <unknown>\n#4 0x55ddc1521a04 <unknown>\n#5 0x55ddc150703d <unknown>\n#6 0x55ddc151f369 <unknown>\n#7 0x55ddc1506de3 <unknown>\n#8 0x55ddc14daa7b <unknown>\n#9 0x55ddc14db81e <unknown>\n#10 0x55ddc1740638 <unknown>\n#11 0x55ddc1744507 <unknown>\n#12 0x55ddc174ec4c <unknown>\n#13 0x55ddc1745136 <unknown>\n#14 0x55ddc17139cf <unknown>\n#15 0x55ddc1768b98 <unknown>\n#16 0x55ddc1768d68 <unknown>\n#17 0x55ddc1777cb3 <unknown>\n#18 0x7fa93a753b43 <unknown>\n\n",
        "statusTrace" : "  File \"/opt/hostedtoolcache/Python/3.11.5/x64/lib/python3.11/site-packages/allure_commons/_allure.py\", line 192, in impl\n    return func(*a, **kw)\n           ^^^^^^^^^^^^^^\n  File \"/home/runner/work/luma_project/luma_project/pages/base_page.py\", line 80, in element_is_clickable\n    return wait(self.driver, timeout).until(EC.element_to_be_clickable(locator))\n           ^^^^^^^^^^^^^^^^^^^^^^^^^^^^^^^^^^^^^^^^^^^^^^^^^^^^^^^^^^^^^^^^^^^^^\n  File \"/opt/hostedtoolcache/Python/3.11.5/x64/lib/python3.11/site-packages/selenium/webdriver/support/wait.py\", line 95, in until\n    raise TimeoutException(message, screen, stacktrace)\n",
        "steps" : [ ],
        "attachments" : [ ],
        "parameters" : [ {
          "name" : "locator",
          "value" : "('css selector', '#captcha_user_forgotpassword')"
        }, {
          "name" : "timeout",
          "value" : "5"
        } ],
        "stepsCount" : 0,
        "attachmentsCount" : 0,
        "shouldDisplayMessage" : true,
        "hasContent" : true
      } ],
      "attachments" : [ ],
      "parameters" : [ ],
      "stepsCount" : 1,
      "attachmentsCount" : 0,
      "shouldDisplayMessage" : false,
      "hasContent" : true
    } ],
    "attachments" : [ {
      "uid" : "3484692c5022409e",
      "name" : "Screenshot",
      "source" : "3484692c5022409e.png",
      "type" : "image/png",
      "size" : 65941
    }, {
      "uid" : "83b40ce9c3f8c857",
      "name" : "HTML source",
      "source" : "83b40ce9c3f8c857.html",
      "type" : "text/html",
      "size" : 77958
    } ],
    "parameters" : [ ],
    "stepsCount" : 2,
    "attachmentsCount" : 2,
    "shouldDisplayMessage" : true,
    "hasContent" : true
  },
  "afterStages" : [ {
    "name" : "clear_allure_result_folder::0",
    "time" : {
      "start" : 1694308120754,
      "stop" : 1694308120754,
      "duration" : 0
    },
    "status" : "passed",
    "steps" : [ ],
    "attachments" : [ ],
    "parameters" : [ ],
    "stepsCount" : 0,
    "attachmentsCount" : 0,
    "shouldDisplayMessage" : false,
    "hasContent" : false
  }, {
    "name" : "driver::0",
    "time" : {
      "start" : 1694306782026,
      "stop" : 1694306782099,
      "duration" : 73
    },
    "status" : "passed",
    "steps" : [ ],
    "attachments" : [ ],
    "parameters" : [ ],
    "stepsCount" : 0,
    "attachmentsCount" : 0,
    "shouldDisplayMessage" : false,
    "hasContent" : false
  } ],
  "labels" : [ {
    "name" : "epic",
    "value" : "Forgot Your Password Page"
  }, {
    "name" : "parentSuite",
    "value" : "tests"
  }, {
    "name" : "suite",
    "value" : "test_forgot_your_password"
  }, {
    "name" : "subSuite",
    "value" : "TestForgotYourPassword"
  }, {
    "name" : "host",
    "value" : "fv-az1241-825"
  }, {
    "name" : "thread",
    "value" : "2980-MainThread"
  }, {
    "name" : "framework",
    "value" : "pytest"
  }, {
    "name" : "language",
    "value" : "cpython3"
  }, {
    "name" : "package",
    "value" : "tests.test_forgot_your_password"
  }, {
    "name" : "resultFormat",
    "value" : "allure2"
  } ],
  "parameters" : [ ],
  "links" : [ ],
  "hidden" : false,
  "retry" : false,
  "extra" : {
    "severity" : "normal",
    "retries" : [ ],
    "categories" : [ {
      "name" : "Test defects",
      "matchedStatuses" : [ ],
      "flaky" : false
    } ],
    "tags" : [ ]
  },
  "source" : "d199460796de206.json",
  "parameterValues" : [ ]
}