{
  "uid" : "db2a9d40a5826f82",
  "name" : "test_tc_01_15_01_check_that_it_is_possible_to_vote_for_1_star",
  "fullName" : "tests.test_reviews_page.TestReviews#test_tc_01_15_01_check_that_it_is_possible_to_vote_for_1_star",
  "historyId" : "cfd828a389f57bf8c414a44a924590cf",
  "time" : {
    "start" : 1694912171816,
    "stop" : 1694912175009,
    "duration" : 3193
  },
  "description" : "\n        The user is NOT logged in, located in the product card, section \"Reviews\"\n        1. All required fields are filled with correct data\n        2. Pressed 1 star\n        3.The \"Submit Review\" button is pressed\n        Result: Present in the DOM and visible on the page the message: \"You submitted your review for moderation.\"\n        This code works when run on Win, Mac, Ubuntu on a real laptop and has the features of working on GitHub Action.\n        When interacting with the GitHub Action, it checks not for the text of the \"Success\" message, but for the \"Success\" URL\"\n        ",
  "descriptionHtml" : "<pre><code>    The user is NOT logged in, located in the product card, section &quot;Reviews&quot;\n    1. All required fields are filled with correct data\n    2. Pressed 1 star\n    3.The &quot;Submit Review&quot; button is pressed\n    Result: Present in the DOM and visible on the page the message: &quot;You submitted your review for moderation.&quot;\n    This code works when run on Win, Mac, Ubuntu on a real laptop and has the features of working on GitHub Action.\n    When interacting with the GitHub Action, it checks not for the text of the &quot;Success&quot; message, but for the &quot;Success&quot; URL&quot;\n</code></pre>\n",
  "status" : "broken",
  "statusMessage" : "selenium.common.exceptions.ElementClickInterceptedException: Message: element click intercepted: Element <textarea name=\"detail\" id=\"review_field\" cols=\"5\" rows=\"3\" data-validate=\"{required:true}\" data-bind=\"value: review().detail\" aria-required=\"true\"></textarea> is not clickable at point (608, 836). Other element would receive the click: <fieldset class=\"field required review-field-ratings\">...</fieldset>\n  (Session info: chrome=116.0.5845.187)\nStacktrace:\n#0 0x555b7271ee23 <unknown>\n#1 0x555b724477a7 <unknown>\n#2 0x555b7248bd22 <unknown>\n#3 0x555b7248a267 <unknown>\n#4 0x555b724881e8 <unknown>\n#5 0x555b7248732d <unknown>\n#6 0x555b7247c599 <unknown>\n#7 0x555b724a7012 <unknown>\n#8 0x555b7247bfb6 <unknown>\n#9 0x555b724a71de <unknown>\n#10 0x555b724bf369 <unknown>\n#11 0x555b724a6de3 <unknown>\n#12 0x555b7247aa7b <unknown>\n#13 0x555b7247b81e <unknown>\n#14 0x555b726e0638 <unknown>\n#15 0x555b726e4507 <unknown>\n#16 0x555b726eec4c <unknown>\n#17 0x555b726e5136 <unknown>\n#18 0x555b726b39cf <unknown>\n#19 0x555b72708b98 <unknown>\n#20 0x555b72708d68 <unknown>\n#21 0x555b72717cb3 <unknown>\n#22 0x7fe33a494b43 <unknown>",
  "statusTrace" : "self = <test_reviews_page.TestReviews object at 0x7feba79087d0>\ndriver = <selenium.webdriver.chrome.webdriver.WebDriver (session=\"e01a7342997008368e111c799c143183\")>\n\n    def test_tc_01_15_01_check_that_it_is_possible_to_vote_for_1_star(self, driver):\n        \"\"\"\n        The user is NOT logged in, located in the product card, section \"Reviews\"\n        1. All required fields are filled with correct data\n        2. Pressed 1 star\n        3.The \"Submit Review\" button is pressed\n        Result: Present in the DOM and visible on the page the message: \"You submitted your review for moderation.\"\n        This code works when run on Win, Mac, Ubuntu on a real laptop and has the features of working on GitHub Action.\n        When interacting with the GitHub Action, it checks not for the text of the \"Success\" message, but for the \"Success\" URL\"\n        \"\"\"\n    \n        \"\"\"Steps\"\"\"\n        page = ReviewsPage(driver, REVIEWS_URL_GENERAL)\n        page.open()\n    \n        \"\"\"Get the current URL and print it\"\"\"\n        page.get_the_current_URL_and_print_it()\n    \n        \"\"\"Steps\"\"\"\n        page.open_review_menu()\n        page.star_1_review_correct()\n        page.nickname_input_review_correct()\n        page.summary_input_review_correct()\n>       page.review_input_review_correct()\n\ntests/test_reviews_page.py:34: \n_ _ _ _ _ _ _ _ _ _ _ _ _ _ _ _ _ _ _ _ _ _ _ _ _ _ _ _ _ _ _ _ _ _ _ _ _ _ _ _ \npages/reviews_page.py:72: in review_input_review_correct\n    review_input_element.click()\n/opt/hostedtoolcache/Python/3.11.5/x64/lib/python3.11/site-packages/selenium/webdriver/remote/webelement.py:93: in click\n    self._execute(Command.CLICK_ELEMENT)\n/opt/hostedtoolcache/Python/3.11.5/x64/lib/python3.11/site-packages/selenium/webdriver/remote/webelement.py:394: in _execute\n    return self._parent.execute(command, params)\n/opt/hostedtoolcache/Python/3.11.5/x64/lib/python3.11/site-packages/selenium/webdriver/remote/webdriver.py:344: in execute\n    self.error_handler.check_response(response)\n_ _ _ _ _ _ _ _ _ _ _ _ _ _ _ _ _ _ _ _ _ _ _ _ _ _ _ _ _ _ _ _ _ _ _ _ _ _ _ _ \n\nself = <selenium.webdriver.remote.errorhandler.ErrorHandler object at 0x7feba863cc50>\nresponse = {'status': 400, 'value': '{\"value\":{\"error\":\"element click intercepted\",\"message\":\"element click intercepted: Element ...\\\\n#20 0x555b72708d68 \\\\u003Cunknown>\\\\n#21 0x555b72717cb3 \\\\u003Cunknown>\\\\n#22 0x7fe33a494b43 \\\\u003Cunknown>\\\\n\"}}'}\n\n    def check_response(self, response: Dict[str, Any]) -> None:\n        \"\"\"Checks that a JSON response from the WebDriver does not have an\n        error.\n    \n        :Args:\n         - response - The JSON response from the WebDriver server as a dictionary\n           object.\n    \n        :Raises: If the response contains an error message.\n        \"\"\"\n        status = response.get(\"status\", None)\n        if not status or status == ErrorCode.SUCCESS:\n            return\n        value = None\n        message = response.get(\"message\", \"\")\n        screen: str = response.get(\"screen\", \"\")\n        stacktrace = None\n        if isinstance(status, int):\n            value_json = response.get(\"value\", None)\n            if value_json and isinstance(value_json, str):\n                import json\n    \n                try:\n                    value = json.loads(value_json)\n                    if len(value) == 1:\n                        value = value[\"value\"]\n                    status = value.get(\"error\", None)\n                    if not status:\n                        status = value.get(\"status\", ErrorCode.UNKNOWN_ERROR)\n                        message = value.get(\"value\") or value.get(\"message\")\n                        if not isinstance(message, str):\n                            value = message\n                            message = message.get(\"message\")\n                    else:\n                        message = value.get(\"message\", None)\n                except ValueError:\n                    pass\n    \n        exception_class: Type[WebDriverException]\n        e = ErrorCode()\n        error_codes = [item for item in dir(e) if not item.startswith(\"__\")]\n        for error_code in error_codes:\n            error_info = getattr(ErrorCode, error_code)\n            if isinstance(error_info, list) and status in error_info:\n                exception_class = getattr(ExceptionMapping, error_code, WebDriverException)\n                break\n        else:\n            exception_class = WebDriverException\n    \n        if not value:\n            value = response[\"value\"]\n        if isinstance(value, str):\n            raise exception_class(value)\n        if message == \"\" and \"message\" in value:\n            message = value[\"message\"]\n    \n        screen = None  # type: ignore[assignment]\n        if \"screen\" in value:\n            screen = value[\"screen\"]\n    \n        stacktrace = None\n        st_value = value.get(\"stackTrace\") or value.get(\"stacktrace\")\n        if st_value:\n            if isinstance(st_value, str):\n                stacktrace = st_value.split(\"\\n\")\n            else:\n                stacktrace = []\n                try:\n                    for frame in st_value:\n                        line = frame.get(\"lineNumber\", \"\")\n                        file = frame.get(\"fileName\", \"<anonymous>\")\n                        if line:\n                            file = f\"{file}:{line}\"\n                        meth = frame.get(\"methodName\", \"<anonymous>\")\n                        if \"className\" in frame:\n                            meth = f\"{frame['className']}.{meth}\"\n                        msg = \"    at %s (%s)\"\n                        msg = msg % (meth, file)\n                        stacktrace.append(msg)\n                except TypeError:\n                    pass\n        if exception_class == UnexpectedAlertPresentException:\n            alert_text = None\n            if \"data\" in value:\n                alert_text = value[\"data\"].get(\"text\")\n            elif \"alert\" in value:\n                alert_text = value[\"alert\"].get(\"text\")\n            raise exception_class(message, screen, stacktrace, alert_text)  # type: ignore[call-arg]  # mypy is not smart enough here\n>       raise exception_class(message, screen, stacktrace)\nE       selenium.common.exceptions.ElementClickInterceptedException: Message: element click intercepted: Element <textarea name=\"detail\" id=\"review_field\" cols=\"5\" rows=\"3\" data-validate=\"{required:true}\" data-bind=\"value: review().detail\" aria-required=\"true\"></textarea> is not clickable at point (608, 836). Other element would receive the click: <fieldset class=\"field required review-field-ratings\">...</fieldset>\nE         (Session info: chrome=116.0.5845.187)\nE       Stacktrace:\nE       #0 0x555b7271ee23 <unknown>\nE       #1 0x555b724477a7 <unknown>\nE       #2 0x555b7248bd22 <unknown>\nE       #3 0x555b7248a267 <unknown>\nE       #4 0x555b724881e8 <unknown>\nE       #5 0x555b7248732d <unknown>\nE       #6 0x555b7247c599 <unknown>\nE       #7 0x555b724a7012 <unknown>\nE       #8 0x555b7247bfb6 <unknown>\nE       #9 0x555b724a71de <unknown>\nE       #10 0x555b724bf369 <unknown>\nE       #11 0x555b724a6de3 <unknown>\nE       #12 0x555b7247aa7b <unknown>\nE       #13 0x555b7247b81e <unknown>\nE       #14 0x555b726e0638 <unknown>\nE       #15 0x555b726e4507 <unknown>\nE       #16 0x555b726eec4c <unknown>\nE       #17 0x555b726e5136 <unknown>\nE       #18 0x555b726b39cf <unknown>\nE       #19 0x555b72708b98 <unknown>\nE       #20 0x555b72708d68 <unknown>\nE       #21 0x555b72717cb3 <unknown>\nE       #22 0x7fe33a494b43 <unknown>\n\n/opt/hostedtoolcache/Python/3.11.5/x64/lib/python3.11/site-packages/selenium/webdriver/remote/errorhandler.py:229: ElementClickInterceptedException",
  "flaky" : false,
  "newFailed" : false,
  "beforeStages" : [ {
    "name" : "_session_faker",
    "time" : {
      "start" : 1694911172899,
      "stop" : 1694911172978,
      "duration" : 79
    },
    "status" : "passed",
    "steps" : [ ],
    "attachments" : [ ],
    "parameters" : [ ],
    "stepsCount" : 0,
    "attachmentsCount" : 0,
    "shouldDisplayMessage" : false,
    "hasContent" : false
  }, {
    "name" : "driver",
    "time" : {
      "start" : 1694912170749,
      "stop" : 1694912171815,
      "duration" : 1066
    },
    "status" : "passed",
    "steps" : [ ],
    "attachments" : [ ],
    "parameters" : [ ],
    "stepsCount" : 0,
    "attachmentsCount" : 0,
    "shouldDisplayMessage" : false,
    "hasContent" : false
  }, {
    "name" : "clear_allure_result_folder",
    "time" : {
      "start" : 1694911172978,
      "stop" : 1694911172979,
      "duration" : 1
    },
    "status" : "passed",
    "steps" : [ ],
    "attachments" : [ ],
    "parameters" : [ ],
    "stepsCount" : 0,
    "attachmentsCount" : 0,
    "shouldDisplayMessage" : false,
    "hasContent" : false
  } ],
  "testStage" : {
    "description" : "\n        The user is NOT logged in, located in the product card, section \"Reviews\"\n        1. All required fields are filled with correct data\n        2. Pressed 1 star\n        3.The \"Submit Review\" button is pressed\n        Result: Present in the DOM and visible on the page the message: \"You submitted your review for moderation.\"\n        This code works when run on Win, Mac, Ubuntu on a real laptop and has the features of working on GitHub Action.\n        When interacting with the GitHub Action, it checks not for the text of the \"Success\" message, but for the \"Success\" URL\"\n        ",
    "status" : "broken",
    "statusMessage" : "selenium.common.exceptions.ElementClickInterceptedException: Message: element click intercepted: Element <textarea name=\"detail\" id=\"review_field\" cols=\"5\" rows=\"3\" data-validate=\"{required:true}\" data-bind=\"value: review().detail\" aria-required=\"true\"></textarea> is not clickable at point (608, 836). Other element would receive the click: <fieldset class=\"field required review-field-ratings\">...</fieldset>\n  (Session info: chrome=116.0.5845.187)\nStacktrace:\n#0 0x555b7271ee23 <unknown>\n#1 0x555b724477a7 <unknown>\n#2 0x555b7248bd22 <unknown>\n#3 0x555b7248a267 <unknown>\n#4 0x555b724881e8 <unknown>\n#5 0x555b7248732d <unknown>\n#6 0x555b7247c599 <unknown>\n#7 0x555b724a7012 <unknown>\n#8 0x555b7247bfb6 <unknown>\n#9 0x555b724a71de <unknown>\n#10 0x555b724bf369 <unknown>\n#11 0x555b724a6de3 <unknown>\n#12 0x555b7247aa7b <unknown>\n#13 0x555b7247b81e <unknown>\n#14 0x555b726e0638 <unknown>\n#15 0x555b726e4507 <unknown>\n#16 0x555b726eec4c <unknown>\n#17 0x555b726e5136 <unknown>\n#18 0x555b726b39cf <unknown>\n#19 0x555b72708b98 <unknown>\n#20 0x555b72708d68 <unknown>\n#21 0x555b72717cb3 <unknown>\n#22 0x7fe33a494b43 <unknown>",
    "statusTrace" : "self = <test_reviews_page.TestReviews object at 0x7feba79087d0>\ndriver = <selenium.webdriver.chrome.webdriver.WebDriver (session=\"e01a7342997008368e111c799c143183\")>\n\n    def test_tc_01_15_01_check_that_it_is_possible_to_vote_for_1_star(self, driver):\n        \"\"\"\n        The user is NOT logged in, located in the product card, section \"Reviews\"\n        1. All required fields are filled with correct data\n        2. Pressed 1 star\n        3.The \"Submit Review\" button is pressed\n        Result: Present in the DOM and visible on the page the message: \"You submitted your review for moderation.\"\n        This code works when run on Win, Mac, Ubuntu on a real laptop and has the features of working on GitHub Action.\n        When interacting with the GitHub Action, it checks not for the text of the \"Success\" message, but for the \"Success\" URL\"\n        \"\"\"\n    \n        \"\"\"Steps\"\"\"\n        page = ReviewsPage(driver, REVIEWS_URL_GENERAL)\n        page.open()\n    \n        \"\"\"Get the current URL and print it\"\"\"\n        page.get_the_current_URL_and_print_it()\n    \n        \"\"\"Steps\"\"\"\n        page.open_review_menu()\n        page.star_1_review_correct()\n        page.nickname_input_review_correct()\n        page.summary_input_review_correct()\n>       page.review_input_review_correct()\n\ntests/test_reviews_page.py:34: \n_ _ _ _ _ _ _ _ _ _ _ _ _ _ _ _ _ _ _ _ _ _ _ _ _ _ _ _ _ _ _ _ _ _ _ _ _ _ _ _ \npages/reviews_page.py:72: in review_input_review_correct\n    review_input_element.click()\n/opt/hostedtoolcache/Python/3.11.5/x64/lib/python3.11/site-packages/selenium/webdriver/remote/webelement.py:93: in click\n    self._execute(Command.CLICK_ELEMENT)\n/opt/hostedtoolcache/Python/3.11.5/x64/lib/python3.11/site-packages/selenium/webdriver/remote/webelement.py:394: in _execute\n    return self._parent.execute(command, params)\n/opt/hostedtoolcache/Python/3.11.5/x64/lib/python3.11/site-packages/selenium/webdriver/remote/webdriver.py:344: in execute\n    self.error_handler.check_response(response)\n_ _ _ _ _ _ _ _ _ _ _ _ _ _ _ _ _ _ _ _ _ _ _ _ _ _ _ _ _ _ _ _ _ _ _ _ _ _ _ _ \n\nself = <selenium.webdriver.remote.errorhandler.ErrorHandler object at 0x7feba863cc50>\nresponse = {'status': 400, 'value': '{\"value\":{\"error\":\"element click intercepted\",\"message\":\"element click intercepted: Element ...\\\\n#20 0x555b72708d68 \\\\u003Cunknown>\\\\n#21 0x555b72717cb3 \\\\u003Cunknown>\\\\n#22 0x7fe33a494b43 \\\\u003Cunknown>\\\\n\"}}'}\n\n    def check_response(self, response: Dict[str, Any]) -> None:\n        \"\"\"Checks that a JSON response from the WebDriver does not have an\n        error.\n    \n        :Args:\n         - response - The JSON response from the WebDriver server as a dictionary\n           object.\n    \n        :Raises: If the response contains an error message.\n        \"\"\"\n        status = response.get(\"status\", None)\n        if not status or status == ErrorCode.SUCCESS:\n            return\n        value = None\n        message = response.get(\"message\", \"\")\n        screen: str = response.get(\"screen\", \"\")\n        stacktrace = None\n        if isinstance(status, int):\n            value_json = response.get(\"value\", None)\n            if value_json and isinstance(value_json, str):\n                import json\n    \n                try:\n                    value = json.loads(value_json)\n                    if len(value) == 1:\n                        value = value[\"value\"]\n                    status = value.get(\"error\", None)\n                    if not status:\n                        status = value.get(\"status\", ErrorCode.UNKNOWN_ERROR)\n                        message = value.get(\"value\") or value.get(\"message\")\n                        if not isinstance(message, str):\n                            value = message\n                            message = message.get(\"message\")\n                    else:\n                        message = value.get(\"message\", None)\n                except ValueError:\n                    pass\n    \n        exception_class: Type[WebDriverException]\n        e = ErrorCode()\n        error_codes = [item for item in dir(e) if not item.startswith(\"__\")]\n        for error_code in error_codes:\n            error_info = getattr(ErrorCode, error_code)\n            if isinstance(error_info, list) and status in error_info:\n                exception_class = getattr(ExceptionMapping, error_code, WebDriverException)\n                break\n        else:\n            exception_class = WebDriverException\n    \n        if not value:\n            value = response[\"value\"]\n        if isinstance(value, str):\n            raise exception_class(value)\n        if message == \"\" and \"message\" in value:\n            message = value[\"message\"]\n    \n        screen = None  # type: ignore[assignment]\n        if \"screen\" in value:\n            screen = value[\"screen\"]\n    \n        stacktrace = None\n        st_value = value.get(\"stackTrace\") or value.get(\"stacktrace\")\n        if st_value:\n            if isinstance(st_value, str):\n                stacktrace = st_value.split(\"\\n\")\n            else:\n                stacktrace = []\n                try:\n                    for frame in st_value:\n                        line = frame.get(\"lineNumber\", \"\")\n                        file = frame.get(\"fileName\", \"<anonymous>\")\n                        if line:\n                            file = f\"{file}:{line}\"\n                        meth = frame.get(\"methodName\", \"<anonymous>\")\n                        if \"className\" in frame:\n                            meth = f\"{frame['className']}.{meth}\"\n                        msg = \"    at %s (%s)\"\n                        msg = msg % (meth, file)\n                        stacktrace.append(msg)\n                except TypeError:\n                    pass\n        if exception_class == UnexpectedAlertPresentException:\n            alert_text = None\n            if \"data\" in value:\n                alert_text = value[\"data\"].get(\"text\")\n            elif \"alert\" in value:\n                alert_text = value[\"alert\"].get(\"text\")\n            raise exception_class(message, screen, stacktrace, alert_text)  # type: ignore[call-arg]  # mypy is not smart enough here\n>       raise exception_class(message, screen, stacktrace)\nE       selenium.common.exceptions.ElementClickInterceptedException: Message: element click intercepted: Element <textarea name=\"detail\" id=\"review_field\" cols=\"5\" rows=\"3\" data-validate=\"{required:true}\" data-bind=\"value: review().detail\" aria-required=\"true\"></textarea> is not clickable at point (608, 836). Other element would receive the click: <fieldset class=\"field required review-field-ratings\">...</fieldset>\nE         (Session info: chrome=116.0.5845.187)\nE       Stacktrace:\nE       #0 0x555b7271ee23 <unknown>\nE       #1 0x555b724477a7 <unknown>\nE       #2 0x555b7248bd22 <unknown>\nE       #3 0x555b7248a267 <unknown>\nE       #4 0x555b724881e8 <unknown>\nE       #5 0x555b7248732d <unknown>\nE       #6 0x555b7247c599 <unknown>\nE       #7 0x555b724a7012 <unknown>\nE       #8 0x555b7247bfb6 <unknown>\nE       #9 0x555b724a71de <unknown>\nE       #10 0x555b724bf369 <unknown>\nE       #11 0x555b724a6de3 <unknown>\nE       #12 0x555b7247aa7b <unknown>\nE       #13 0x555b7247b81e <unknown>\nE       #14 0x555b726e0638 <unknown>\nE       #15 0x555b726e4507 <unknown>\nE       #16 0x555b726eec4c <unknown>\nE       #17 0x555b726e5136 <unknown>\nE       #18 0x555b726b39cf <unknown>\nE       #19 0x555b72708b98 <unknown>\nE       #20 0x555b72708d68 <unknown>\nE       #21 0x555b72717cb3 <unknown>\nE       #22 0x7fe33a494b43 <unknown>\n\n/opt/hostedtoolcache/Python/3.11.5/x64/lib/python3.11/site-packages/selenium/webdriver/remote/errorhandler.py:229: ElementClickInterceptedException",
    "steps" : [ {
      "name" : "Open a browser",
      "time" : {
        "start" : 1694912171816,
        "stop" : 1694912172941,
        "duration" : 1125
      },
      "status" : "passed",
      "steps" : [ ],
      "attachments" : [ ],
      "parameters" : [ ],
      "stepsCount" : 0,
      "attachmentsCount" : 0,
      "shouldDisplayMessage" : false,
      "hasContent" : false
    }, {
      "name" : "Find clickable elements",
      "time" : {
        "start" : 1694912172946,
        "stop" : 1694912172981,
        "duration" : 35
      },
      "status" : "passed",
      "steps" : [ ],
      "attachments" : [ ],
      "parameters" : [ {
        "name" : "locator",
        "value" : "('css selector', '#tab-label-reviews-title')"
      }, {
        "name" : "timeout",
        "value" : "5"
      } ],
      "stepsCount" : 0,
      "attachmentsCount" : 0,
      "shouldDisplayMessage" : false,
      "hasContent" : true
    }, {
      "name" : "Find clickable elements",
      "time" : {
        "start" : 1694912173028,
        "stop" : 1694912173146,
        "duration" : 118
      },
      "status" : "passed",
      "steps" : [ ],
      "attachments" : [ ],
      "parameters" : [ {
        "name" : "locator",
        "value" : "('css selector', '#Rating_1_label')"
      }, {
        "name" : "timeout",
        "value" : "5"
      } ],
      "stepsCount" : 0,
      "attachmentsCount" : 0,
      "shouldDisplayMessage" : false,
      "hasContent" : true
    }, {
      "name" : "Find clickable elements",
      "time" : {
        "start" : 1694912173513,
        "stop" : 1694912173562,
        "duration" : 49
      },
      "status" : "passed",
      "steps" : [ ],
      "attachments" : [ ],
      "parameters" : [ {
        "name" : "locator",
        "value" : "('css selector', '#nickname_field')"
      }, {
        "name" : "timeout",
        "value" : "5"
      } ],
      "stepsCount" : 0,
      "attachmentsCount" : 0,
      "shouldDisplayMessage" : false,
      "hasContent" : true
    }, {
      "name" : "Find clickable elements",
      "time" : {
        "start" : 1694912173707,
        "stop" : 1694912173739,
        "duration" : 32
      },
      "status" : "passed",
      "steps" : [ ],
      "attachments" : [ ],
      "parameters" : [ {
        "name" : "locator",
        "value" : "('css selector', '#summary_field')"
      }, {
        "name" : "timeout",
        "value" : "5"
      } ],
      "stepsCount" : 0,
      "attachmentsCount" : 0,
      "shouldDisplayMessage" : false,
      "hasContent" : true
    }, {
      "name" : "Find clickable elements",
      "time" : {
        "start" : 1694912173871,
        "stop" : 1694912173909,
        "duration" : 38
      },
      "status" : "passed",
      "steps" : [ ],
      "attachments" : [ ],
      "parameters" : [ {
        "name" : "locator",
        "value" : "('css selector', '#review_field')"
      }, {
        "name" : "timeout",
        "value" : "5"
      } ],
      "stepsCount" : 0,
      "attachmentsCount" : 0,
      "shouldDisplayMessage" : false,
      "hasContent" : true
    } ],
    "attachments" : [ {
      "uid" : "82665c0dba4c47df",
      "name" : "Screenshot",
      "source" : "82665c0dba4c47df.png",
      "type" : "image/png",
      "size" : 89562
    }, {
      "uid" : "4fda2f34eefdd7dd",
      "name" : "HTML source",
      "source" : "4fda2f34eefdd7dd.html",
      "type" : "text/html",
      "size" : 132077
    } ],
    "parameters" : [ ],
    "stepsCount" : 6,
    "attachmentsCount" : 2,
    "shouldDisplayMessage" : true,
    "hasContent" : true
  },
  "afterStages" : [ {
    "name" : "driver::0",
    "time" : {
      "start" : 1694912175204,
      "stop" : 1694912175282,
      "duration" : 78
    },
    "status" : "passed",
    "steps" : [ ],
    "attachments" : [ ],
    "parameters" : [ ],
    "stepsCount" : 0,
    "attachmentsCount" : 0,
    "shouldDisplayMessage" : false,
    "hasContent" : false
  }, {
    "name" : "clear_allure_result_folder::0",
    "time" : {
      "start" : 1694912643690,
      "stop" : 1694912643690,
      "duration" : 0
    },
    "status" : "passed",
    "steps" : [ ],
    "attachments" : [ ],
    "parameters" : [ ],
    "stepsCount" : 0,
    "attachmentsCount" : 0,
    "shouldDisplayMessage" : false,
    "hasContent" : false
  } ],
  "labels" : [ {
    "name" : "parentSuite",
    "value" : "tests"
  }, {
    "name" : "suite",
    "value" : "test_reviews_page"
  }, {
    "name" : "subSuite",
    "value" : "TestReviews"
  }, {
    "name" : "host",
    "value" : "fv-az436-812"
  }, {
    "name" : "thread",
    "value" : "3004-MainThread"
  }, {
    "name" : "framework",
    "value" : "pytest"
  }, {
    "name" : "language",
    "value" : "cpython3"
  }, {
    "name" : "package",
    "value" : "tests.test_reviews_page"
  }, {
    "name" : "resultFormat",
    "value" : "allure2"
  } ],
  "parameters" : [ ],
  "links" : [ ],
  "hidden" : false,
  "retry" : false,
  "extra" : {
    "severity" : "normal",
    "retries" : [ ],
    "categories" : [ {
      "name" : "Test defects",
      "matchedStatuses" : [ ],
      "flaky" : false
    } ],
    "tags" : [ ]
  },
  "source" : "db2a9d40a5826f82.json",
  "parameterValues" : [ ]
}