{
  "uid" : "e0067ed31b0a8608",
  "name" : "TC 17.01.17 Verify captcha image is present by default",
  "fullName" : "tests.test_forgot_your_password.TestForgotYourPassword#test_17_01_17_captcha_image_is_displayed",
  "historyId" : "20eee1dd441b6fd3a44d298e65fa59d2",
  "time" : {
    "start" : 1693701927278,
    "stop" : 1693701932403,
    "duration" : 5125
  },
  "description" : "Check that the captcha image is present by default",
  "descriptionHtml" : "<p>Check that the captcha image is present by default</p>\n",
  "status" : "broken",
  "statusMessage" : "selenium.common.exceptions.TimeoutException: Message: \nStacktrace:\n#0 0x562e45b71e23 <unknown>\n#1 0x562e4589a7a7 <unknown>\n#2 0x562e458d91d3 <unknown>\n#3 0x562e458d92c1 <unknown>\n#4 0x562e45914a04 <unknown>\n#5 0x562e458fa03d <unknown>\n#6 0x562e45912369 <unknown>\n#7 0x562e458f9de3 <unknown>\n#8 0x562e458cda7b <unknown>\n#9 0x562e458ce81e <unknown>\n#10 0x562e45b33638 <unknown>\n#11 0x562e45b37507 <unknown>\n#12 0x562e45b41c4c <unknown>\n#13 0x562e45b38136 <unknown>\n#14 0x562e45b069cf <unknown>\n#15 0x562e45b5bb98 <unknown>\n#16 0x562e45b5bd68 <unknown>\n#17 0x562e45b6acb3 <unknown>\n#18 0x7fe081280b43 <unknown>",
  "statusTrace" : "self = <test_forgot_your_password.TestForgotYourPassword object at 0x7fb61fda6350>\ndriver = <selenium.webdriver.chrome.webdriver.WebDriver (session=\"13b40e55b9f407322f60d1c012ea727f\")>\nforgot_psw_page = <pages.forgot_your_password_page.ForgotYourPasswordPage object at 0x7fb620b6aa10>\n\n    @allure.title('TC 17.01.17 Verify captcha image is present by default')\n    def test_17_01_17_captcha_image_is_displayed(self, driver, forgot_psw_page):\n        \"\"\"Check that the captcha image is present by default\"\"\"\n>       captcha_image = forgot_psw_page.check_captcha_image_is_visible()\n\ntests/test_forgot_your_password.py:153: \n_ _ _ _ _ _ _ _ _ _ _ _ _ _ _ _ _ _ _ _ _ _ _ _ _ _ _ _ _ _ _ _ _ _ _ _ _ _ _ _ \npages/forgot_your_password_page.py:109: in check_captcha_image_is_visible\n    return self.element_is_visible(self.locators.RELOAD_CAPTCHA_IMAGE)\npages/base_page.py:29: in element_is_visible\n    self.go_to_element(self.element_is_present(locator))\npages/base_page.py:50: in element_is_present\n    return wait(self.driver, timeout).until(EC.presence_of_element_located(locator))\n_ _ _ _ _ _ _ _ _ _ _ _ _ _ _ _ _ _ _ _ _ _ _ _ _ _ _ _ _ _ _ _ _ _ _ _ _ _ _ _ \n\nself = <selenium.webdriver.support.wait.WebDriverWait (session=\"13b40e55b9f407322f60d1c012ea727f\")>\nmethod = <function presence_of_element_located.<locals>._predicate at 0x7fb6205af1a0>\nmessage = ''\n\n    def until(self, method, message: str = \"\"):\n        \"\"\"Calls the method provided with the driver as an argument until the \\\n        return value does not evaluate to ``False``.\n    \n        :param method: callable(WebDriver)\n        :param message: optional message for :exc:`TimeoutException`\n        :returns: the result of the last call to `method`\n        :raises: :exc:`selenium.common.exceptions.TimeoutException` if timeout occurs\n        \"\"\"\n        screen = None\n        stacktrace = None\n    \n        end_time = time.monotonic() + self._timeout\n        while True:\n            try:\n                value = method(self._driver)\n                if value:\n                    return value\n            except self._ignored_exceptions as exc:\n                screen = getattr(exc, \"screen\", None)\n                stacktrace = getattr(exc, \"stacktrace\", None)\n            time.sleep(self._poll)\n            if time.monotonic() > end_time:\n                break\n>       raise TimeoutException(message, screen, stacktrace)\nE       selenium.common.exceptions.TimeoutException: Message: \nE       Stacktrace:\nE       #0 0x562e45b71e23 <unknown>\nE       #1 0x562e4589a7a7 <unknown>\nE       #2 0x562e458d91d3 <unknown>\nE       #3 0x562e458d92c1 <unknown>\nE       #4 0x562e45914a04 <unknown>\nE       #5 0x562e458fa03d <unknown>\nE       #6 0x562e45912369 <unknown>\nE       #7 0x562e458f9de3 <unknown>\nE       #8 0x562e458cda7b <unknown>\nE       #9 0x562e458ce81e <unknown>\nE       #10 0x562e45b33638 <unknown>\nE       #11 0x562e45b37507 <unknown>\nE       #12 0x562e45b41c4c <unknown>\nE       #13 0x562e45b38136 <unknown>\nE       #14 0x562e45b069cf <unknown>\nE       #15 0x562e45b5bb98 <unknown>\nE       #16 0x562e45b5bd68 <unknown>\nE       #17 0x562e45b6acb3 <unknown>\nE       #18 0x7fe081280b43 <unknown>\n\n/opt/hostedtoolcache/Python/3.11.4/x64/lib/python3.11/site-packages/selenium/webdriver/support/wait.py:95: TimeoutException",
  "flaky" : false,
  "newFailed" : false,
  "beforeStages" : [ {
    "name" : "_session_faker",
    "time" : {
      "start" : 1693701529698,
      "stop" : 1693701529791,
      "duration" : 93
    },
    "status" : "passed",
    "steps" : [ ],
    "attachments" : [ ],
    "parameters" : [ ],
    "stepsCount" : 0,
    "attachmentsCount" : 0,
    "shouldDisplayMessage" : false,
    "hasContent" : false
  }, {
    "name" : "clear_allure_result_folder",
    "time" : {
      "start" : 1693701529791,
      "stop" : 1693701529792,
      "duration" : 1
    },
    "status" : "passed",
    "steps" : [ ],
    "attachments" : [ ],
    "parameters" : [ ],
    "stepsCount" : 0,
    "attachmentsCount" : 0,
    "shouldDisplayMessage" : false,
    "hasContent" : false
  }, {
    "name" : "forgot_psw_page",
    "time" : {
      "start" : 1693701926175,
      "stop" : 1693701927278,
      "duration" : 1103
    },
    "status" : "passed",
    "steps" : [ {
      "name" : "Open a browser",
      "time" : {
        "start" : 1693701926176,
        "stop" : 1693701927277,
        "duration" : 1101
      },
      "status" : "passed",
      "steps" : [ ],
      "attachments" : [ ],
      "parameters" : [ ],
      "stepsCount" : 0,
      "attachmentsCount" : 0,
      "shouldDisplayMessage" : false,
      "hasContent" : false
    } ],
    "attachments" : [ ],
    "parameters" : [ ],
    "stepsCount" : 1,
    "attachmentsCount" : 0,
    "shouldDisplayMessage" : false,
    "hasContent" : true
  }, {
    "name" : "driver",
    "time" : {
      "start" : 1693701925160,
      "stop" : 1693701926175,
      "duration" : 1015
    },
    "status" : "passed",
    "steps" : [ ],
    "attachments" : [ ],
    "parameters" : [ ],
    "stepsCount" : 0,
    "attachmentsCount" : 0,
    "shouldDisplayMessage" : false,
    "hasContent" : false
  } ],
  "testStage" : {
    "description" : "Check that the captcha image is present by default",
    "status" : "broken",
    "statusMessage" : "selenium.common.exceptions.TimeoutException: Message: \nStacktrace:\n#0 0x562e45b71e23 <unknown>\n#1 0x562e4589a7a7 <unknown>\n#2 0x562e458d91d3 <unknown>\n#3 0x562e458d92c1 <unknown>\n#4 0x562e45914a04 <unknown>\n#5 0x562e458fa03d <unknown>\n#6 0x562e45912369 <unknown>\n#7 0x562e458f9de3 <unknown>\n#8 0x562e458cda7b <unknown>\n#9 0x562e458ce81e <unknown>\n#10 0x562e45b33638 <unknown>\n#11 0x562e45b37507 <unknown>\n#12 0x562e45b41c4c <unknown>\n#13 0x562e45b38136 <unknown>\n#14 0x562e45b069cf <unknown>\n#15 0x562e45b5bb98 <unknown>\n#16 0x562e45b5bd68 <unknown>\n#17 0x562e45b6acb3 <unknown>\n#18 0x7fe081280b43 <unknown>",
    "statusTrace" : "self = <test_forgot_your_password.TestForgotYourPassword object at 0x7fb61fda6350>\ndriver = <selenium.webdriver.chrome.webdriver.WebDriver (session=\"13b40e55b9f407322f60d1c012ea727f\")>\nforgot_psw_page = <pages.forgot_your_password_page.ForgotYourPasswordPage object at 0x7fb620b6aa10>\n\n    @allure.title('TC 17.01.17 Verify captcha image is present by default')\n    def test_17_01_17_captcha_image_is_displayed(self, driver, forgot_psw_page):\n        \"\"\"Check that the captcha image is present by default\"\"\"\n>       captcha_image = forgot_psw_page.check_captcha_image_is_visible()\n\ntests/test_forgot_your_password.py:153: \n_ _ _ _ _ _ _ _ _ _ _ _ _ _ _ _ _ _ _ _ _ _ _ _ _ _ _ _ _ _ _ _ _ _ _ _ _ _ _ _ \npages/forgot_your_password_page.py:109: in check_captcha_image_is_visible\n    return self.element_is_visible(self.locators.RELOAD_CAPTCHA_IMAGE)\npages/base_page.py:29: in element_is_visible\n    self.go_to_element(self.element_is_present(locator))\npages/base_page.py:50: in element_is_present\n    return wait(self.driver, timeout).until(EC.presence_of_element_located(locator))\n_ _ _ _ _ _ _ _ _ _ _ _ _ _ _ _ _ _ _ _ _ _ _ _ _ _ _ _ _ _ _ _ _ _ _ _ _ _ _ _ \n\nself = <selenium.webdriver.support.wait.WebDriverWait (session=\"13b40e55b9f407322f60d1c012ea727f\")>\nmethod = <function presence_of_element_located.<locals>._predicate at 0x7fb6205af1a0>\nmessage = ''\n\n    def until(self, method, message: str = \"\"):\n        \"\"\"Calls the method provided with the driver as an argument until the \\\n        return value does not evaluate to ``False``.\n    \n        :param method: callable(WebDriver)\n        :param message: optional message for :exc:`TimeoutException`\n        :returns: the result of the last call to `method`\n        :raises: :exc:`selenium.common.exceptions.TimeoutException` if timeout occurs\n        \"\"\"\n        screen = None\n        stacktrace = None\n    \n        end_time = time.monotonic() + self._timeout\n        while True:\n            try:\n                value = method(self._driver)\n                if value:\n                    return value\n            except self._ignored_exceptions as exc:\n                screen = getattr(exc, \"screen\", None)\n                stacktrace = getattr(exc, \"stacktrace\", None)\n            time.sleep(self._poll)\n            if time.monotonic() > end_time:\n                break\n>       raise TimeoutException(message, screen, stacktrace)\nE       selenium.common.exceptions.TimeoutException: Message: \nE       Stacktrace:\nE       #0 0x562e45b71e23 <unknown>\nE       #1 0x562e4589a7a7 <unknown>\nE       #2 0x562e458d91d3 <unknown>\nE       #3 0x562e458d92c1 <unknown>\nE       #4 0x562e45914a04 <unknown>\nE       #5 0x562e458fa03d <unknown>\nE       #6 0x562e45912369 <unknown>\nE       #7 0x562e458f9de3 <unknown>\nE       #8 0x562e458cda7b <unknown>\nE       #9 0x562e458ce81e <unknown>\nE       #10 0x562e45b33638 <unknown>\nE       #11 0x562e45b37507 <unknown>\nE       #12 0x562e45b41c4c <unknown>\nE       #13 0x562e45b38136 <unknown>\nE       #14 0x562e45b069cf <unknown>\nE       #15 0x562e45b5bb98 <unknown>\nE       #16 0x562e45b5bd68 <unknown>\nE       #17 0x562e45b6acb3 <unknown>\nE       #18 0x7fe081280b43 <unknown>\n\n/opt/hostedtoolcache/Python/3.11.4/x64/lib/python3.11/site-packages/selenium/webdriver/support/wait.py:95: TimeoutException",
    "steps" : [ {
      "name" : "Check Captcha image is visible",
      "time" : {
        "start" : 1693701927278,
        "stop" : 1693701932402,
        "duration" : 5124
      },
      "status" : "broken",
      "statusMessage" : "selenium.common.exceptions.TimeoutException: Message: \nStacktrace:\n#0 0x562e45b71e23 <unknown>\n#1 0x562e4589a7a7 <unknown>\n#2 0x562e458d91d3 <unknown>\n#3 0x562e458d92c1 <unknown>\n#4 0x562e45914a04 <unknown>\n#5 0x562e458fa03d <unknown>\n#6 0x562e45912369 <unknown>\n#7 0x562e458f9de3 <unknown>\n#8 0x562e458cda7b <unknown>\n#9 0x562e458ce81e <unknown>\n#10 0x562e45b33638 <unknown>\n#11 0x562e45b37507 <unknown>\n#12 0x562e45b41c4c <unknown>\n#13 0x562e45b38136 <unknown>\n#14 0x562e45b069cf <unknown>\n#15 0x562e45b5bb98 <unknown>\n#16 0x562e45b5bd68 <unknown>\n#17 0x562e45b6acb3 <unknown>\n#18 0x7fe081280b43 <unknown>\n\n",
      "statusTrace" : "  File \"/opt/hostedtoolcache/Python/3.11.4/x64/lib/python3.11/site-packages/allure_commons/_allure.py\", line 192, in impl\n    return func(*a, **kw)\n           ^^^^^^^^^^^^^^\n  File \"/home/runner/work/luma_project/luma_project/pages/forgot_your_password_page.py\", line 109, in check_captcha_image_is_visible\n    return self.element_is_visible(self.locators.RELOAD_CAPTCHA_IMAGE)\n           ^^^^^^^^^^^^^^^^^^^^^^^^^^^^^^^^^^^^^^^^^^^^^^^^^^^^^^^^^^^\n  File \"/opt/hostedtoolcache/Python/3.11.4/x64/lib/python3.11/site-packages/allure_commons/_allure.py\", line 192, in impl\n    return func(*a, **kw)\n           ^^^^^^^^^^^^^^\n  File \"/home/runner/work/luma_project/luma_project/pages/base_page.py\", line 29, in element_is_visible\n    self.go_to_element(self.element_is_present(locator))\n                       ^^^^^^^^^^^^^^^^^^^^^^^^^^^^^^^^\n  File \"/opt/hostedtoolcache/Python/3.11.4/x64/lib/python3.11/site-packages/allure_commons/_allure.py\", line 192, in impl\n    return func(*a, **kw)\n           ^^^^^^^^^^^^^^\n  File \"/home/runner/work/luma_project/luma_project/pages/base_page.py\", line 50, in element_is_present\n    return wait(self.driver, timeout).until(EC.presence_of_element_located(locator))\n           ^^^^^^^^^^^^^^^^^^^^^^^^^^^^^^^^^^^^^^^^^^^^^^^^^^^^^^^^^^^^^^^^^^^^^^^^^\n  File \"/opt/hostedtoolcache/Python/3.11.4/x64/lib/python3.11/site-packages/selenium/webdriver/support/wait.py\", line 95, in until\n    raise TimeoutException(message, screen, stacktrace)\n",
      "steps" : [ {
        "name" : "Find a visible element",
        "time" : {
          "start" : 1693701927278,
          "stop" : 1693701932402,
          "duration" : 5124
        },
        "status" : "broken",
        "statusMessage" : "selenium.common.exceptions.TimeoutException: Message: \nStacktrace:\n#0 0x562e45b71e23 <unknown>\n#1 0x562e4589a7a7 <unknown>\n#2 0x562e458d91d3 <unknown>\n#3 0x562e458d92c1 <unknown>\n#4 0x562e45914a04 <unknown>\n#5 0x562e458fa03d <unknown>\n#6 0x562e45912369 <unknown>\n#7 0x562e458f9de3 <unknown>\n#8 0x562e458cda7b <unknown>\n#9 0x562e458ce81e <unknown>\n#10 0x562e45b33638 <unknown>\n#11 0x562e45b37507 <unknown>\n#12 0x562e45b41c4c <unknown>\n#13 0x562e45b38136 <unknown>\n#14 0x562e45b069cf <unknown>\n#15 0x562e45b5bb98 <unknown>\n#16 0x562e45b5bd68 <unknown>\n#17 0x562e45b6acb3 <unknown>\n#18 0x7fe081280b43 <unknown>\n\n",
        "statusTrace" : "  File \"/opt/hostedtoolcache/Python/3.11.4/x64/lib/python3.11/site-packages/allure_commons/_allure.py\", line 192, in impl\n    return func(*a, **kw)\n           ^^^^^^^^^^^^^^\n  File \"/home/runner/work/luma_project/luma_project/pages/base_page.py\", line 29, in element_is_visible\n    self.go_to_element(self.element_is_present(locator))\n                       ^^^^^^^^^^^^^^^^^^^^^^^^^^^^^^^^\n  File \"/opt/hostedtoolcache/Python/3.11.4/x64/lib/python3.11/site-packages/allure_commons/_allure.py\", line 192, in impl\n    return func(*a, **kw)\n           ^^^^^^^^^^^^^^\n  File \"/home/runner/work/luma_project/luma_project/pages/base_page.py\", line 50, in element_is_present\n    return wait(self.driver, timeout).until(EC.presence_of_element_located(locator))\n           ^^^^^^^^^^^^^^^^^^^^^^^^^^^^^^^^^^^^^^^^^^^^^^^^^^^^^^^^^^^^^^^^^^^^^^^^^\n  File \"/opt/hostedtoolcache/Python/3.11.4/x64/lib/python3.11/site-packages/selenium/webdriver/support/wait.py\", line 95, in until\n    raise TimeoutException(message, screen, stacktrace)\n",
        "steps" : [ {
          "name" : "Find a present element",
          "time" : {
            "start" : 1693701927278,
            "stop" : 1693701932401,
            "duration" : 5123
          },
          "status" : "broken",
          "statusMessage" : "selenium.common.exceptions.TimeoutException: Message: \nStacktrace:\n#0 0x562e45b71e23 <unknown>\n#1 0x562e4589a7a7 <unknown>\n#2 0x562e458d91d3 <unknown>\n#3 0x562e458d92c1 <unknown>\n#4 0x562e45914a04 <unknown>\n#5 0x562e458fa03d <unknown>\n#6 0x562e45912369 <unknown>\n#7 0x562e458f9de3 <unknown>\n#8 0x562e458cda7b <unknown>\n#9 0x562e458ce81e <unknown>\n#10 0x562e45b33638 <unknown>\n#11 0x562e45b37507 <unknown>\n#12 0x562e45b41c4c <unknown>\n#13 0x562e45b38136 <unknown>\n#14 0x562e45b069cf <unknown>\n#15 0x562e45b5bb98 <unknown>\n#16 0x562e45b5bd68 <unknown>\n#17 0x562e45b6acb3 <unknown>\n#18 0x7fe081280b43 <unknown>\n\n",
          "statusTrace" : "  File \"/opt/hostedtoolcache/Python/3.11.4/x64/lib/python3.11/site-packages/allure_commons/_allure.py\", line 192, in impl\n    return func(*a, **kw)\n           ^^^^^^^^^^^^^^\n  File \"/home/runner/work/luma_project/luma_project/pages/base_page.py\", line 50, in element_is_present\n    return wait(self.driver, timeout).until(EC.presence_of_element_located(locator))\n           ^^^^^^^^^^^^^^^^^^^^^^^^^^^^^^^^^^^^^^^^^^^^^^^^^^^^^^^^^^^^^^^^^^^^^^^^^\n  File \"/opt/hostedtoolcache/Python/3.11.4/x64/lib/python3.11/site-packages/selenium/webdriver/support/wait.py\", line 95, in until\n    raise TimeoutException(message, screen, stacktrace)\n",
          "steps" : [ ],
          "attachments" : [ ],
          "parameters" : [ {
            "name" : "locator",
            "value" : "('xpath', '//img[@class=\"captcha-img\"]')"
          }, {
            "name" : "timeout",
            "value" : "5"
          } ],
          "stepsCount" : 0,
          "attachmentsCount" : 0,
          "shouldDisplayMessage" : true,
          "hasContent" : true
        } ],
        "attachments" : [ ],
        "parameters" : [ {
          "name" : "locator",
          "value" : "('xpath', '//img[@class=\"captcha-img\"]')"
        }, {
          "name" : "timeout",
          "value" : "10"
        } ],
        "stepsCount" : 1,
        "attachmentsCount" : 0,
        "shouldDisplayMessage" : false,
        "hasContent" : true
      } ],
      "attachments" : [ ],
      "parameters" : [ ],
      "stepsCount" : 2,
      "attachmentsCount" : 0,
      "shouldDisplayMessage" : false,
      "hasContent" : true
    } ],
    "attachments" : [ {
      "uid" : "b626c5c4e83a3479",
      "name" : "Screenshot",
      "source" : "b626c5c4e83a3479.png",
      "type" : "image/png",
      "size" : 65941
    }, {
      "uid" : "4e58e86f1cb19ad5",
      "name" : "HTML source",
      "source" : "4e58e86f1cb19ad5.html",
      "type" : "text/html",
      "size" : 77958
    } ],
    "parameters" : [ ],
    "stepsCount" : 3,
    "attachmentsCount" : 2,
    "shouldDisplayMessage" : true,
    "hasContent" : true
  },
  "afterStages" : [ {
    "name" : "clear_allure_result_folder::0",
    "time" : {
      "start" : 1693703036260,
      "stop" : 1693703036260,
      "duration" : 0
    },
    "status" : "passed",
    "steps" : [ ],
    "attachments" : [ ],
    "parameters" : [ ],
    "stepsCount" : 0,
    "attachmentsCount" : 0,
    "shouldDisplayMessage" : false,
    "hasContent" : false
  }, {
    "name" : "driver::0",
    "time" : {
      "start" : 1693701932575,
      "stop" : 1693701932638,
      "duration" : 63
    },
    "status" : "passed",
    "steps" : [ ],
    "attachments" : [ ],
    "parameters" : [ ],
    "stepsCount" : 0,
    "attachmentsCount" : 0,
    "shouldDisplayMessage" : false,
    "hasContent" : false
  } ],
  "labels" : [ {
    "name" : "epic",
    "value" : "Forgot Your Password Page"
  }, {
    "name" : "parentSuite",
    "value" : "tests"
  }, {
    "name" : "suite",
    "value" : "test_forgot_your_password"
  }, {
    "name" : "subSuite",
    "value" : "TestForgotYourPassword"
  }, {
    "name" : "host",
    "value" : "fv-az448-717"
  }, {
    "name" : "thread",
    "value" : "2920-MainThread"
  }, {
    "name" : "framework",
    "value" : "pytest"
  }, {
    "name" : "language",
    "value" : "cpython3"
  }, {
    "name" : "package",
    "value" : "tests.test_forgot_your_password"
  }, {
    "name" : "resultFormat",
    "value" : "allure2"
  } ],
  "parameters" : [ ],
  "links" : [ ],
  "hidden" : false,
  "retry" : false,
  "extra" : {
    "severity" : "normal",
    "retries" : [ ],
    "categories" : [ {
      "name" : "Test defects",
      "matchedStatuses" : [ ],
      "flaky" : false
    } ],
    "tags" : [ ]
  },
  "source" : "e0067ed31b0a8608.json",
  "parameterValues" : [ ]
}