{
  "uid" : "e4a5bc569d273e23",
  "name" : "TC 17.01.10 Verify FYP captcha input field is correct format and clickable",
  "fullName" : "tests.test_forgot_your_password.TestForgotYourPassword#test_17_01_10_captcha_field_is_correct_format_and_clickable",
  "historyId" : "893c24bbe020a69c355db37017ee26d2",
  "time" : {
    "start" : 1691887416268,
    "stop" : 1691887421396,
    "duration" : 5128
  },
  "description" : "Check if the captcha input is of correct format (input-text) and clickable",
  "descriptionHtml" : "<p>Check if the captcha input is of correct format (input-text) and clickable</p>\n",
  "status" : "broken",
  "statusMessage" : "selenium.common.exceptions.TimeoutException: Message: \nStacktrace:\n#0 0x55b43e5d9613 <unknown>\n#1 0x55b43e305537 <unknown>\n#2 0x55b43e343f53 <unknown>\n#3 0x55b43e344041 <unknown>\n#4 0x55b43e37f2a4 <unknown>\n#5 0x55b43e364a5d <unknown>\n#6 0x55b43e37cd09 <unknown>\n#7 0x55b43e364803 <unknown>\n#8 0x55b43e33868b <unknown>\n#9 0x55b43e33942e <unknown>\n#10 0x55b43e59ac28 <unknown>\n#11 0x55b43e59eaf7 <unknown>\n#12 0x55b43e5a901c <unknown>\n#13 0x55b43e59f723 <unknown>\n#14 0x55b43e56e457 <unknown>\n#15 0x55b43e5c3628 <unknown>\n#16 0x55b43e5c37b7 <unknown>\n#17 0x55b43e5d2483 <unknown>\n#18 0x7f06238ebb43 <unknown>",
  "statusTrace" : "self = <test_forgot_your_password.TestForgotYourPassword object at 0x7efd61a70d90>\ndriver = <selenium.webdriver.chrome.webdriver.WebDriver (session=\"f2712d4a8e9d8b2e0e2ddca06e577158\")>\nforgot_psw_page = <pages.forgot_your_password_page.ForgotYourPasswordPage object at 0x7efd62621b90>\n\n    @allure.title('TC 17.01.10 Verify FYP captcha input field is correct format and clickable')\n    def test_17_01_10_captcha_field_is_correct_format_and_clickable(self, driver, forgot_psw_page):\n        \"\"\"Check if the captcha input is of correct format (input-text) and clickable\"\"\"\n>       captcha_input = forgot_psw_page.check_forgot_psw_captcha_field_is_clickable()\n\ntests/test_forgot_your_password.py:93: \n_ _ _ _ _ _ _ _ _ _ _ _ _ _ _ _ _ _ _ _ _ _ _ _ _ _ _ _ _ _ _ _ _ _ _ _ _ _ _ _ \npages/forgot_your_password_page.py:59: in check_forgot_psw_captcha_field_is_clickable\n    return self.element_is_clickable(self.locators.FORGOT_YOUR_PASSWORD_CAPTCHA)\npages/base_page.py:80: in element_is_clickable\n    return wait(self.driver, timeout).until(EC.element_to_be_clickable(locator))\n_ _ _ _ _ _ _ _ _ _ _ _ _ _ _ _ _ _ _ _ _ _ _ _ _ _ _ _ _ _ _ _ _ _ _ _ _ _ _ _ \n\nself = <selenium.webdriver.support.wait.WebDriverWait (session=\"f2712d4a8e9d8b2e0e2ddca06e577158\")>\nmethod = <function element_to_be_clickable.<locals>._predicate at 0x7efd606a99e0>\nmessage = ''\n\n    def until(self, method, message: str = \"\"):\n        \"\"\"Calls the method provided with the driver as an argument until the \\\n        return value does not evaluate to ``False``.\n    \n        :param method: callable(WebDriver)\n        :param message: optional message for :exc:`TimeoutException`\n        :returns: the result of the last call to `method`\n        :raises: :exc:`selenium.common.exceptions.TimeoutException` if timeout occurs\n        \"\"\"\n        screen = None\n        stacktrace = None\n    \n        end_time = time.monotonic() + self._timeout\n        while True:\n            try:\n                value = method(self._driver)\n                if value:\n                    return value\n            except self._ignored_exceptions as exc:\n                screen = getattr(exc, \"screen\", None)\n                stacktrace = getattr(exc, \"stacktrace\", None)\n            time.sleep(self._poll)\n            if time.monotonic() > end_time:\n                break\n>       raise TimeoutException(message, screen, stacktrace)\nE       selenium.common.exceptions.TimeoutException: Message: \nE       Stacktrace:\nE       #0 0x55b43e5d9613 <unknown>\nE       #1 0x55b43e305537 <unknown>\nE       #2 0x55b43e343f53 <unknown>\nE       #3 0x55b43e344041 <unknown>\nE       #4 0x55b43e37f2a4 <unknown>\nE       #5 0x55b43e364a5d <unknown>\nE       #6 0x55b43e37cd09 <unknown>\nE       #7 0x55b43e364803 <unknown>\nE       #8 0x55b43e33868b <unknown>\nE       #9 0x55b43e33942e <unknown>\nE       #10 0x55b43e59ac28 <unknown>\nE       #11 0x55b43e59eaf7 <unknown>\nE       #12 0x55b43e5a901c <unknown>\nE       #13 0x55b43e59f723 <unknown>\nE       #14 0x55b43e56e457 <unknown>\nE       #15 0x55b43e5c3628 <unknown>\nE       #16 0x55b43e5c37b7 <unknown>\nE       #17 0x55b43e5d2483 <unknown>\nE       #18 0x7f06238ebb43 <unknown>\n\n/opt/hostedtoolcache/Python/3.11.4/x64/lib/python3.11/site-packages/selenium/webdriver/support/wait.py:95: TimeoutException",
  "flaky" : false,
  "newFailed" : false,
  "beforeStages" : [ {
    "name" : "_session_faker",
    "time" : {
      "start" : 1691887066183,
      "stop" : 1691887066268,
      "duration" : 85
    },
    "status" : "passed",
    "steps" : [ ],
    "attachments" : [ ],
    "parameters" : [ ],
    "stepsCount" : 0,
    "attachmentsCount" : 0,
    "shouldDisplayMessage" : false,
    "hasContent" : false
  }, {
    "name" : "driver",
    "time" : {
      "start" : 1691887414212,
      "stop" : 1691887415179,
      "duration" : 967
    },
    "status" : "passed",
    "steps" : [ ],
    "attachments" : [ ],
    "parameters" : [ ],
    "stepsCount" : 0,
    "attachmentsCount" : 0,
    "shouldDisplayMessage" : false,
    "hasContent" : false
  }, {
    "name" : "forgot_psw_page",
    "time" : {
      "start" : 1691887415179,
      "stop" : 1691887416268,
      "duration" : 1089
    },
    "status" : "passed",
    "steps" : [ {
      "name" : "Open a browser",
      "time" : {
        "start" : 1691887415179,
        "stop" : 1691887416267,
        "duration" : 1088
      },
      "status" : "passed",
      "steps" : [ ],
      "attachments" : [ ],
      "parameters" : [ ],
      "stepsCount" : 0,
      "attachmentsCount" : 0,
      "shouldDisplayMessage" : false,
      "hasContent" : false
    } ],
    "attachments" : [ ],
    "parameters" : [ ],
    "stepsCount" : 1,
    "attachmentsCount" : 0,
    "shouldDisplayMessage" : false,
    "hasContent" : true
  }, {
    "name" : "clear_allure_result_folder",
    "time" : {
      "start" : 1691887066268,
      "stop" : 1691887066268,
      "duration" : 0
    },
    "status" : "passed",
    "steps" : [ ],
    "attachments" : [ ],
    "parameters" : [ ],
    "stepsCount" : 0,
    "attachmentsCount" : 0,
    "shouldDisplayMessage" : false,
    "hasContent" : false
  } ],
  "testStage" : {
    "description" : "Check if the captcha input is of correct format (input-text) and clickable",
    "status" : "broken",
    "statusMessage" : "selenium.common.exceptions.TimeoutException: Message: \nStacktrace:\n#0 0x55b43e5d9613 <unknown>\n#1 0x55b43e305537 <unknown>\n#2 0x55b43e343f53 <unknown>\n#3 0x55b43e344041 <unknown>\n#4 0x55b43e37f2a4 <unknown>\n#5 0x55b43e364a5d <unknown>\n#6 0x55b43e37cd09 <unknown>\n#7 0x55b43e364803 <unknown>\n#8 0x55b43e33868b <unknown>\n#9 0x55b43e33942e <unknown>\n#10 0x55b43e59ac28 <unknown>\n#11 0x55b43e59eaf7 <unknown>\n#12 0x55b43e5a901c <unknown>\n#13 0x55b43e59f723 <unknown>\n#14 0x55b43e56e457 <unknown>\n#15 0x55b43e5c3628 <unknown>\n#16 0x55b43e5c37b7 <unknown>\n#17 0x55b43e5d2483 <unknown>\n#18 0x7f06238ebb43 <unknown>",
    "statusTrace" : "self = <test_forgot_your_password.TestForgotYourPassword object at 0x7efd61a70d90>\ndriver = <selenium.webdriver.chrome.webdriver.WebDriver (session=\"f2712d4a8e9d8b2e0e2ddca06e577158\")>\nforgot_psw_page = <pages.forgot_your_password_page.ForgotYourPasswordPage object at 0x7efd62621b90>\n\n    @allure.title('TC 17.01.10 Verify FYP captcha input field is correct format and clickable')\n    def test_17_01_10_captcha_field_is_correct_format_and_clickable(self, driver, forgot_psw_page):\n        \"\"\"Check if the captcha input is of correct format (input-text) and clickable\"\"\"\n>       captcha_input = forgot_psw_page.check_forgot_psw_captcha_field_is_clickable()\n\ntests/test_forgot_your_password.py:93: \n_ _ _ _ _ _ _ _ _ _ _ _ _ _ _ _ _ _ _ _ _ _ _ _ _ _ _ _ _ _ _ _ _ _ _ _ _ _ _ _ \npages/forgot_your_password_page.py:59: in check_forgot_psw_captcha_field_is_clickable\n    return self.element_is_clickable(self.locators.FORGOT_YOUR_PASSWORD_CAPTCHA)\npages/base_page.py:80: in element_is_clickable\n    return wait(self.driver, timeout).until(EC.element_to_be_clickable(locator))\n_ _ _ _ _ _ _ _ _ _ _ _ _ _ _ _ _ _ _ _ _ _ _ _ _ _ _ _ _ _ _ _ _ _ _ _ _ _ _ _ \n\nself = <selenium.webdriver.support.wait.WebDriverWait (session=\"f2712d4a8e9d8b2e0e2ddca06e577158\")>\nmethod = <function element_to_be_clickable.<locals>._predicate at 0x7efd606a99e0>\nmessage = ''\n\n    def until(self, method, message: str = \"\"):\n        \"\"\"Calls the method provided with the driver as an argument until the \\\n        return value does not evaluate to ``False``.\n    \n        :param method: callable(WebDriver)\n        :param message: optional message for :exc:`TimeoutException`\n        :returns: the result of the last call to `method`\n        :raises: :exc:`selenium.common.exceptions.TimeoutException` if timeout occurs\n        \"\"\"\n        screen = None\n        stacktrace = None\n    \n        end_time = time.monotonic() + self._timeout\n        while True:\n            try:\n                value = method(self._driver)\n                if value:\n                    return value\n            except self._ignored_exceptions as exc:\n                screen = getattr(exc, \"screen\", None)\n                stacktrace = getattr(exc, \"stacktrace\", None)\n            time.sleep(self._poll)\n            if time.monotonic() > end_time:\n                break\n>       raise TimeoutException(message, screen, stacktrace)\nE       selenium.common.exceptions.TimeoutException: Message: \nE       Stacktrace:\nE       #0 0x55b43e5d9613 <unknown>\nE       #1 0x55b43e305537 <unknown>\nE       #2 0x55b43e343f53 <unknown>\nE       #3 0x55b43e344041 <unknown>\nE       #4 0x55b43e37f2a4 <unknown>\nE       #5 0x55b43e364a5d <unknown>\nE       #6 0x55b43e37cd09 <unknown>\nE       #7 0x55b43e364803 <unknown>\nE       #8 0x55b43e33868b <unknown>\nE       #9 0x55b43e33942e <unknown>\nE       #10 0x55b43e59ac28 <unknown>\nE       #11 0x55b43e59eaf7 <unknown>\nE       #12 0x55b43e5a901c <unknown>\nE       #13 0x55b43e59f723 <unknown>\nE       #14 0x55b43e56e457 <unknown>\nE       #15 0x55b43e5c3628 <unknown>\nE       #16 0x55b43e5c37b7 <unknown>\nE       #17 0x55b43e5d2483 <unknown>\nE       #18 0x7f06238ebb43 <unknown>\n\n/opt/hostedtoolcache/Python/3.11.4/x64/lib/python3.11/site-packages/selenium/webdriver/support/wait.py:95: TimeoutException",
    "steps" : [ {
      "name" : "Check FYP captcha input field is clickable",
      "time" : {
        "start" : 1691887416268,
        "stop" : 1691887421395,
        "duration" : 5127
      },
      "status" : "broken",
      "statusMessage" : "selenium.common.exceptions.TimeoutException: Message: \nStacktrace:\n#0 0x55b43e5d9613 <unknown>\n#1 0x55b43e305537 <unknown>\n#2 0x55b43e343f53 <unknown>\n#3 0x55b43e344041 <unknown>\n#4 0x55b43e37f2a4 <unknown>\n#5 0x55b43e364a5d <unknown>\n#6 0x55b43e37cd09 <unknown>\n#7 0x55b43e364803 <unknown>\n#8 0x55b43e33868b <unknown>\n#9 0x55b43e33942e <unknown>\n#10 0x55b43e59ac28 <unknown>\n#11 0x55b43e59eaf7 <unknown>\n#12 0x55b43e5a901c <unknown>\n#13 0x55b43e59f723 <unknown>\n#14 0x55b43e56e457 <unknown>\n#15 0x55b43e5c3628 <unknown>\n#16 0x55b43e5c37b7 <unknown>\n#17 0x55b43e5d2483 <unknown>\n#18 0x7f06238ebb43 <unknown>\n\n",
      "statusTrace" : "  File \"/opt/hostedtoolcache/Python/3.11.4/x64/lib/python3.11/site-packages/allure_commons/_allure.py\", line 192, in impl\n    return func(*a, **kw)\n           ^^^^^^^^^^^^^^\n  File \"/home/runner/work/luma_project/luma_project/pages/forgot_your_password_page.py\", line 59, in check_forgot_psw_captcha_field_is_clickable\n    return self.element_is_clickable(self.locators.FORGOT_YOUR_PASSWORD_CAPTCHA)\n           ^^^^^^^^^^^^^^^^^^^^^^^^^^^^^^^^^^^^^^^^^^^^^^^^^^^^^^^^^^^^^^^^^^^^^\n  File \"/opt/hostedtoolcache/Python/3.11.4/x64/lib/python3.11/site-packages/allure_commons/_allure.py\", line 192, in impl\n    return func(*a, **kw)\n           ^^^^^^^^^^^^^^\n  File \"/home/runner/work/luma_project/luma_project/pages/base_page.py\", line 80, in element_is_clickable\n    return wait(self.driver, timeout).until(EC.element_to_be_clickable(locator))\n           ^^^^^^^^^^^^^^^^^^^^^^^^^^^^^^^^^^^^^^^^^^^^^^^^^^^^^^^^^^^^^^^^^^^^^\n  File \"/opt/hostedtoolcache/Python/3.11.4/x64/lib/python3.11/site-packages/selenium/webdriver/support/wait.py\", line 95, in until\n    raise TimeoutException(message, screen, stacktrace)\n",
      "steps" : [ {
        "name" : "Find clickable elements",
        "time" : {
          "start" : 1691887416268,
          "stop" : 1691887421395,
          "duration" : 5127
        },
        "status" : "broken",
        "statusMessage" : "selenium.common.exceptions.TimeoutException: Message: \nStacktrace:\n#0 0x55b43e5d9613 <unknown>\n#1 0x55b43e305537 <unknown>\n#2 0x55b43e343f53 <unknown>\n#3 0x55b43e344041 <unknown>\n#4 0x55b43e37f2a4 <unknown>\n#5 0x55b43e364a5d <unknown>\n#6 0x55b43e37cd09 <unknown>\n#7 0x55b43e364803 <unknown>\n#8 0x55b43e33868b <unknown>\n#9 0x55b43e33942e <unknown>\n#10 0x55b43e59ac28 <unknown>\n#11 0x55b43e59eaf7 <unknown>\n#12 0x55b43e5a901c <unknown>\n#13 0x55b43e59f723 <unknown>\n#14 0x55b43e56e457 <unknown>\n#15 0x55b43e5c3628 <unknown>\n#16 0x55b43e5c37b7 <unknown>\n#17 0x55b43e5d2483 <unknown>\n#18 0x7f06238ebb43 <unknown>\n\n",
        "statusTrace" : "  File \"/opt/hostedtoolcache/Python/3.11.4/x64/lib/python3.11/site-packages/allure_commons/_allure.py\", line 192, in impl\n    return func(*a, **kw)\n           ^^^^^^^^^^^^^^\n  File \"/home/runner/work/luma_project/luma_project/pages/base_page.py\", line 80, in element_is_clickable\n    return wait(self.driver, timeout).until(EC.element_to_be_clickable(locator))\n           ^^^^^^^^^^^^^^^^^^^^^^^^^^^^^^^^^^^^^^^^^^^^^^^^^^^^^^^^^^^^^^^^^^^^^\n  File \"/opt/hostedtoolcache/Python/3.11.4/x64/lib/python3.11/site-packages/selenium/webdriver/support/wait.py\", line 95, in until\n    raise TimeoutException(message, screen, stacktrace)\n",
        "steps" : [ ],
        "attachments" : [ ],
        "parameters" : [ {
          "name" : "locator",
          "value" : "('css selector', '#captcha_user_forgotpassword')"
        }, {
          "name" : "timeout",
          "value" : "5"
        } ],
        "stepsCount" : 0,
        "attachmentsCount" : 0,
        "shouldDisplayMessage" : true,
        "hasContent" : true
      } ],
      "attachments" : [ ],
      "parameters" : [ ],
      "stepsCount" : 1,
      "attachmentsCount" : 0,
      "shouldDisplayMessage" : false,
      "hasContent" : true
    } ],
    "attachments" : [ {
      "uid" : "416f04d0110ebbc6",
      "name" : "Screenshot",
      "source" : "416f04d0110ebbc6.png",
      "type" : "image/png",
      "size" : 65941
    }, {
      "uid" : "a130430148d63b7",
      "name" : "HTML source",
      "source" : "a130430148d63b7.html",
      "type" : "text/html",
      "size" : 77914
    } ],
    "parameters" : [ ],
    "stepsCount" : 2,
    "attachmentsCount" : 2,
    "shouldDisplayMessage" : true,
    "hasContent" : true
  },
  "afterStages" : [ {
    "name" : "driver::0",
    "time" : {
      "start" : 1691887421547,
      "stop" : 1691887421609,
      "duration" : 62
    },
    "status" : "passed",
    "steps" : [ ],
    "attachments" : [ ],
    "parameters" : [ ],
    "stepsCount" : 0,
    "attachmentsCount" : 0,
    "shouldDisplayMessage" : false,
    "hasContent" : false
  }, {
    "name" : "clear_allure_result_folder::0",
    "time" : {
      "start" : 1691888523929,
      "stop" : 1691888523929,
      "duration" : 0
    },
    "status" : "passed",
    "steps" : [ ],
    "attachments" : [ ],
    "parameters" : [ ],
    "stepsCount" : 0,
    "attachmentsCount" : 0,
    "shouldDisplayMessage" : false,
    "hasContent" : false
  } ],
  "labels" : [ {
    "name" : "epic",
    "value" : "Forgot Your Password Page"
  }, {
    "name" : "parentSuite",
    "value" : "tests"
  }, {
    "name" : "suite",
    "value" : "test_forgot_your_password"
  }, {
    "name" : "subSuite",
    "value" : "TestForgotYourPassword"
  }, {
    "name" : "host",
    "value" : "fv-az1025-129"
  }, {
    "name" : "thread",
    "value" : "3178-MainThread"
  }, {
    "name" : "framework",
    "value" : "pytest"
  }, {
    "name" : "language",
    "value" : "cpython3"
  }, {
    "name" : "package",
    "value" : "tests.test_forgot_your_password"
  }, {
    "name" : "resultFormat",
    "value" : "allure2"
  } ],
  "parameters" : [ ],
  "links" : [ ],
  "hidden" : false,
  "retry" : false,
  "extra" : {
    "severity" : "normal",
    "retries" : [ ],
    "categories" : [ {
      "name" : "Test defects",
      "matchedStatuses" : [ ],
      "flaky" : false
    } ],
    "tags" : [ ]
  },
  "source" : "e4a5bc569d273e23.json",
  "parameterValues" : [ ]
}