{
  "uid" : "e99e46bfaa900234",
  "name" : "TC 17.01.09 Verify FYP captcha input field is present",
  "fullName" : "tests.test_forgot_your_password.TestForgotYourPassword#test_17_01_09_email_field_is_present",
  "historyId" : "cd76134b1f5e36a57a9e536da7128211",
  "time" : {
    "start" : 1694911508678,
    "stop" : 1694911513790,
    "duration" : 5112
  },
  "description" : "Check if the captcha input field is present",
  "descriptionHtml" : "<p>Check if the captcha input field is present</p>\n",
  "status" : "broken",
  "statusMessage" : "selenium.common.exceptions.TimeoutException: Message: \nStacktrace:\n#0 0x564137b86e23 <unknown>\n#1 0x5641378af7a7 <unknown>\n#2 0x5641378ee1d3 <unknown>\n#3 0x5641378ee2c1 <unknown>\n#4 0x564137929a04 <unknown>\n#5 0x56413790f03d <unknown>\n#6 0x564137927369 <unknown>\n#7 0x56413790ede3 <unknown>\n#8 0x5641378e2a7b <unknown>\n#9 0x5641378e381e <unknown>\n#10 0x564137b48638 <unknown>\n#11 0x564137b4c507 <unknown>\n#12 0x564137b56c4c <unknown>\n#13 0x564137b4d136 <unknown>\n#14 0x564137b1b9cf <unknown>\n#15 0x564137b70b98 <unknown>\n#16 0x564137b70d68 <unknown>\n#17 0x564137b7fcb3 <unknown>\n#18 0x7fc321694b43 <unknown>",
  "statusTrace" : "self = <test_forgot_your_password.TestForgotYourPassword object at 0x7feba8ab01d0>\ndriver = <selenium.webdriver.chrome.webdriver.WebDriver (session=\"c504db1b6b6609a32f93422d0fd266ed\")>\nforgot_psw_page = <pages.forgot_your_password_page.ForgotYourPasswordPage object at 0x7feba79511d0>\n\n    @allure.title('TC 17.01.09 Verify FYP captcha input field is present')\n    def test_17_01_09_email_field_is_present(self, driver, forgot_psw_page):\n        \"\"\"Check if the captcha input field is present\"\"\"\n>       captcha_input = forgot_psw_page.check_forgot_psw_captcha_field_is_clickable()\n\ntests/test_forgot_your_password.py:87: \n_ _ _ _ _ _ _ _ _ _ _ _ _ _ _ _ _ _ _ _ _ _ _ _ _ _ _ _ _ _ _ _ _ _ _ _ _ _ _ _ \npages/forgot_your_password_page.py:59: in check_forgot_psw_captcha_field_is_clickable\n    return self.element_is_clickable(self.locators.FORGOT_YOUR_PASSWORD_CAPTCHA)\npages/base_page.py:80: in element_is_clickable\n    return wait(self.driver, timeout).until(EC.element_to_be_clickable(locator))\n_ _ _ _ _ _ _ _ _ _ _ _ _ _ _ _ _ _ _ _ _ _ _ _ _ _ _ _ _ _ _ _ _ _ _ _ _ _ _ _ \n\nself = <selenium.webdriver.support.wait.WebDriverWait (session=\"c504db1b6b6609a32f93422d0fd266ed\")>\nmethod = <function element_to_be_clickable.<locals>._predicate at 0x7feba6981c60>\nmessage = ''\n\n    def until(self, method, message: str = \"\"):\n        \"\"\"Calls the method provided with the driver as an argument until the \\\n        return value does not evaluate to ``False``.\n    \n        :param method: callable(WebDriver)\n        :param message: optional message for :exc:`TimeoutException`\n        :returns: the result of the last call to `method`\n        :raises: :exc:`selenium.common.exceptions.TimeoutException` if timeout occurs\n        \"\"\"\n        screen = None\n        stacktrace = None\n    \n        end_time = time.monotonic() + self._timeout\n        while True:\n            try:\n                value = method(self._driver)\n                if value:\n                    return value\n            except self._ignored_exceptions as exc:\n                screen = getattr(exc, \"screen\", None)\n                stacktrace = getattr(exc, \"stacktrace\", None)\n            time.sleep(self._poll)\n            if time.monotonic() > end_time:\n                break\n>       raise TimeoutException(message, screen, stacktrace)\nE       selenium.common.exceptions.TimeoutException: Message: \nE       Stacktrace:\nE       #0 0x564137b86e23 <unknown>\nE       #1 0x5641378af7a7 <unknown>\nE       #2 0x5641378ee1d3 <unknown>\nE       #3 0x5641378ee2c1 <unknown>\nE       #4 0x564137929a04 <unknown>\nE       #5 0x56413790f03d <unknown>\nE       #6 0x564137927369 <unknown>\nE       #7 0x56413790ede3 <unknown>\nE       #8 0x5641378e2a7b <unknown>\nE       #9 0x5641378e381e <unknown>\nE       #10 0x564137b48638 <unknown>\nE       #11 0x564137b4c507 <unknown>\nE       #12 0x564137b56c4c <unknown>\nE       #13 0x564137b4d136 <unknown>\nE       #14 0x564137b1b9cf <unknown>\nE       #15 0x564137b70b98 <unknown>\nE       #16 0x564137b70d68 <unknown>\nE       #17 0x564137b7fcb3 <unknown>\nE       #18 0x7fc321694b43 <unknown>\n\n/opt/hostedtoolcache/Python/3.11.5/x64/lib/python3.11/site-packages/selenium/webdriver/support/wait.py:95: TimeoutException",
  "flaky" : false,
  "newFailed" : false,
  "beforeStages" : [ {
    "name" : "_session_faker",
    "time" : {
      "start" : 1694911172899,
      "stop" : 1694911172978,
      "duration" : 79
    },
    "status" : "passed",
    "steps" : [ ],
    "attachments" : [ ],
    "parameters" : [ ],
    "stepsCount" : 0,
    "attachmentsCount" : 0,
    "shouldDisplayMessage" : false,
    "hasContent" : false
  }, {
    "name" : "forgot_psw_page",
    "time" : {
      "start" : 1694911507642,
      "stop" : 1694911508678,
      "duration" : 1036
    },
    "status" : "passed",
    "steps" : [ {
      "name" : "Open a browser",
      "time" : {
        "start" : 1694911507642,
        "stop" : 1694911508678,
        "duration" : 1036
      },
      "status" : "passed",
      "steps" : [ ],
      "attachments" : [ ],
      "parameters" : [ ],
      "stepsCount" : 0,
      "attachmentsCount" : 0,
      "shouldDisplayMessage" : false,
      "hasContent" : false
    } ],
    "attachments" : [ ],
    "parameters" : [ ],
    "stepsCount" : 1,
    "attachmentsCount" : 0,
    "shouldDisplayMessage" : false,
    "hasContent" : true
  }, {
    "name" : "clear_allure_result_folder",
    "time" : {
      "start" : 1694911172978,
      "stop" : 1694911172979,
      "duration" : 1
    },
    "status" : "passed",
    "steps" : [ ],
    "attachments" : [ ],
    "parameters" : [ ],
    "stepsCount" : 0,
    "attachmentsCount" : 0,
    "shouldDisplayMessage" : false,
    "hasContent" : false
  }, {
    "name" : "driver",
    "time" : {
      "start" : 1694911506560,
      "stop" : 1694911507641,
      "duration" : 1081
    },
    "status" : "passed",
    "steps" : [ ],
    "attachments" : [ ],
    "parameters" : [ ],
    "stepsCount" : 0,
    "attachmentsCount" : 0,
    "shouldDisplayMessage" : false,
    "hasContent" : false
  } ],
  "testStage" : {
    "description" : "Check if the captcha input field is present",
    "status" : "broken",
    "statusMessage" : "selenium.common.exceptions.TimeoutException: Message: \nStacktrace:\n#0 0x564137b86e23 <unknown>\n#1 0x5641378af7a7 <unknown>\n#2 0x5641378ee1d3 <unknown>\n#3 0x5641378ee2c1 <unknown>\n#4 0x564137929a04 <unknown>\n#5 0x56413790f03d <unknown>\n#6 0x564137927369 <unknown>\n#7 0x56413790ede3 <unknown>\n#8 0x5641378e2a7b <unknown>\n#9 0x5641378e381e <unknown>\n#10 0x564137b48638 <unknown>\n#11 0x564137b4c507 <unknown>\n#12 0x564137b56c4c <unknown>\n#13 0x564137b4d136 <unknown>\n#14 0x564137b1b9cf <unknown>\n#15 0x564137b70b98 <unknown>\n#16 0x564137b70d68 <unknown>\n#17 0x564137b7fcb3 <unknown>\n#18 0x7fc321694b43 <unknown>",
    "statusTrace" : "self = <test_forgot_your_password.TestForgotYourPassword object at 0x7feba8ab01d0>\ndriver = <selenium.webdriver.chrome.webdriver.WebDriver (session=\"c504db1b6b6609a32f93422d0fd266ed\")>\nforgot_psw_page = <pages.forgot_your_password_page.ForgotYourPasswordPage object at 0x7feba79511d0>\n\n    @allure.title('TC 17.01.09 Verify FYP captcha input field is present')\n    def test_17_01_09_email_field_is_present(self, driver, forgot_psw_page):\n        \"\"\"Check if the captcha input field is present\"\"\"\n>       captcha_input = forgot_psw_page.check_forgot_psw_captcha_field_is_clickable()\n\ntests/test_forgot_your_password.py:87: \n_ _ _ _ _ _ _ _ _ _ _ _ _ _ _ _ _ _ _ _ _ _ _ _ _ _ _ _ _ _ _ _ _ _ _ _ _ _ _ _ \npages/forgot_your_password_page.py:59: in check_forgot_psw_captcha_field_is_clickable\n    return self.element_is_clickable(self.locators.FORGOT_YOUR_PASSWORD_CAPTCHA)\npages/base_page.py:80: in element_is_clickable\n    return wait(self.driver, timeout).until(EC.element_to_be_clickable(locator))\n_ _ _ _ _ _ _ _ _ _ _ _ _ _ _ _ _ _ _ _ _ _ _ _ _ _ _ _ _ _ _ _ _ _ _ _ _ _ _ _ \n\nself = <selenium.webdriver.support.wait.WebDriverWait (session=\"c504db1b6b6609a32f93422d0fd266ed\")>\nmethod = <function element_to_be_clickable.<locals>._predicate at 0x7feba6981c60>\nmessage = ''\n\n    def until(self, method, message: str = \"\"):\n        \"\"\"Calls the method provided with the driver as an argument until the \\\n        return value does not evaluate to ``False``.\n    \n        :param method: callable(WebDriver)\n        :param message: optional message for :exc:`TimeoutException`\n        :returns: the result of the last call to `method`\n        :raises: :exc:`selenium.common.exceptions.TimeoutException` if timeout occurs\n        \"\"\"\n        screen = None\n        stacktrace = None\n    \n        end_time = time.monotonic() + self._timeout\n        while True:\n            try:\n                value = method(self._driver)\n                if value:\n                    return value\n            except self._ignored_exceptions as exc:\n                screen = getattr(exc, \"screen\", None)\n                stacktrace = getattr(exc, \"stacktrace\", None)\n            time.sleep(self._poll)\n            if time.monotonic() > end_time:\n                break\n>       raise TimeoutException(message, screen, stacktrace)\nE       selenium.common.exceptions.TimeoutException: Message: \nE       Stacktrace:\nE       #0 0x564137b86e23 <unknown>\nE       #1 0x5641378af7a7 <unknown>\nE       #2 0x5641378ee1d3 <unknown>\nE       #3 0x5641378ee2c1 <unknown>\nE       #4 0x564137929a04 <unknown>\nE       #5 0x56413790f03d <unknown>\nE       #6 0x564137927369 <unknown>\nE       #7 0x56413790ede3 <unknown>\nE       #8 0x5641378e2a7b <unknown>\nE       #9 0x5641378e381e <unknown>\nE       #10 0x564137b48638 <unknown>\nE       #11 0x564137b4c507 <unknown>\nE       #12 0x564137b56c4c <unknown>\nE       #13 0x564137b4d136 <unknown>\nE       #14 0x564137b1b9cf <unknown>\nE       #15 0x564137b70b98 <unknown>\nE       #16 0x564137b70d68 <unknown>\nE       #17 0x564137b7fcb3 <unknown>\nE       #18 0x7fc321694b43 <unknown>\n\n/opt/hostedtoolcache/Python/3.11.5/x64/lib/python3.11/site-packages/selenium/webdriver/support/wait.py:95: TimeoutException",
    "steps" : [ {
      "name" : "Check FYP captcha input field is clickable",
      "time" : {
        "start" : 1694911508678,
        "stop" : 1694911513790,
        "duration" : 5112
      },
      "status" : "broken",
      "statusMessage" : "selenium.common.exceptions.TimeoutException: Message: \nStacktrace:\n#0 0x564137b86e23 <unknown>\n#1 0x5641378af7a7 <unknown>\n#2 0x5641378ee1d3 <unknown>\n#3 0x5641378ee2c1 <unknown>\n#4 0x564137929a04 <unknown>\n#5 0x56413790f03d <unknown>\n#6 0x564137927369 <unknown>\n#7 0x56413790ede3 <unknown>\n#8 0x5641378e2a7b <unknown>\n#9 0x5641378e381e <unknown>\n#10 0x564137b48638 <unknown>\n#11 0x564137b4c507 <unknown>\n#12 0x564137b56c4c <unknown>\n#13 0x564137b4d136 <unknown>\n#14 0x564137b1b9cf <unknown>\n#15 0x564137b70b98 <unknown>\n#16 0x564137b70d68 <unknown>\n#17 0x564137b7fcb3 <unknown>\n#18 0x7fc321694b43 <unknown>\n\n",
      "statusTrace" : "  File \"/opt/hostedtoolcache/Python/3.11.5/x64/lib/python3.11/site-packages/allure_commons/_allure.py\", line 192, in impl\n    return func(*a, **kw)\n           ^^^^^^^^^^^^^^\n  File \"/home/runner/work/luma_project/luma_project/pages/forgot_your_password_page.py\", line 59, in check_forgot_psw_captcha_field_is_clickable\n    return self.element_is_clickable(self.locators.FORGOT_YOUR_PASSWORD_CAPTCHA)\n           ^^^^^^^^^^^^^^^^^^^^^^^^^^^^^^^^^^^^^^^^^^^^^^^^^^^^^^^^^^^^^^^^^^^^^\n  File \"/opt/hostedtoolcache/Python/3.11.5/x64/lib/python3.11/site-packages/allure_commons/_allure.py\", line 192, in impl\n    return func(*a, **kw)\n           ^^^^^^^^^^^^^^\n  File \"/home/runner/work/luma_project/luma_project/pages/base_page.py\", line 80, in element_is_clickable\n    return wait(self.driver, timeout).until(EC.element_to_be_clickable(locator))\n           ^^^^^^^^^^^^^^^^^^^^^^^^^^^^^^^^^^^^^^^^^^^^^^^^^^^^^^^^^^^^^^^^^^^^^\n  File \"/opt/hostedtoolcache/Python/3.11.5/x64/lib/python3.11/site-packages/selenium/webdriver/support/wait.py\", line 95, in until\n    raise TimeoutException(message, screen, stacktrace)\n",
      "steps" : [ {
        "name" : "Find clickable elements",
        "time" : {
          "start" : 1694911508678,
          "stop" : 1694911513789,
          "duration" : 5111
        },
        "status" : "broken",
        "statusMessage" : "selenium.common.exceptions.TimeoutException: Message: \nStacktrace:\n#0 0x564137b86e23 <unknown>\n#1 0x5641378af7a7 <unknown>\n#2 0x5641378ee1d3 <unknown>\n#3 0x5641378ee2c1 <unknown>\n#4 0x564137929a04 <unknown>\n#5 0x56413790f03d <unknown>\n#6 0x564137927369 <unknown>\n#7 0x56413790ede3 <unknown>\n#8 0x5641378e2a7b <unknown>\n#9 0x5641378e381e <unknown>\n#10 0x564137b48638 <unknown>\n#11 0x564137b4c507 <unknown>\n#12 0x564137b56c4c <unknown>\n#13 0x564137b4d136 <unknown>\n#14 0x564137b1b9cf <unknown>\n#15 0x564137b70b98 <unknown>\n#16 0x564137b70d68 <unknown>\n#17 0x564137b7fcb3 <unknown>\n#18 0x7fc321694b43 <unknown>\n\n",
        "statusTrace" : "  File \"/opt/hostedtoolcache/Python/3.11.5/x64/lib/python3.11/site-packages/allure_commons/_allure.py\", line 192, in impl\n    return func(*a, **kw)\n           ^^^^^^^^^^^^^^\n  File \"/home/runner/work/luma_project/luma_project/pages/base_page.py\", line 80, in element_is_clickable\n    return wait(self.driver, timeout).until(EC.element_to_be_clickable(locator))\n           ^^^^^^^^^^^^^^^^^^^^^^^^^^^^^^^^^^^^^^^^^^^^^^^^^^^^^^^^^^^^^^^^^^^^^\n  File \"/opt/hostedtoolcache/Python/3.11.5/x64/lib/python3.11/site-packages/selenium/webdriver/support/wait.py\", line 95, in until\n    raise TimeoutException(message, screen, stacktrace)\n",
        "steps" : [ ],
        "attachments" : [ ],
        "parameters" : [ {
          "name" : "locator",
          "value" : "('css selector', '#captcha_user_forgotpassword')"
        }, {
          "name" : "timeout",
          "value" : "5"
        } ],
        "stepsCount" : 0,
        "attachmentsCount" : 0,
        "shouldDisplayMessage" : true,
        "hasContent" : true
      } ],
      "attachments" : [ ],
      "parameters" : [ ],
      "stepsCount" : 1,
      "attachmentsCount" : 0,
      "shouldDisplayMessage" : false,
      "hasContent" : true
    } ],
    "attachments" : [ {
      "uid" : "a7dded63932baa07",
      "name" : "Screenshot",
      "source" : "a7dded63932baa07.png",
      "type" : "image/png",
      "size" : 70029
    }, {
      "uid" : "d474841e7587c70c",
      "name" : "HTML source",
      "source" : "d474841e7587c70c.html",
      "type" : "text/html",
      "size" : 78068
    } ],
    "parameters" : [ ],
    "stepsCount" : 2,
    "attachmentsCount" : 2,
    "shouldDisplayMessage" : true,
    "hasContent" : true
  },
  "afterStages" : [ {
    "name" : "clear_allure_result_folder::0",
    "time" : {
      "start" : 1694912643690,
      "stop" : 1694912643690,
      "duration" : 0
    },
    "status" : "passed",
    "steps" : [ ],
    "attachments" : [ ],
    "parameters" : [ ],
    "stepsCount" : 0,
    "attachmentsCount" : 0,
    "shouldDisplayMessage" : false,
    "hasContent" : false
  }, {
    "name" : "driver::0",
    "time" : {
      "start" : 1694911513957,
      "stop" : 1694911514019,
      "duration" : 62
    },
    "status" : "passed",
    "steps" : [ ],
    "attachments" : [ ],
    "parameters" : [ ],
    "stepsCount" : 0,
    "attachmentsCount" : 0,
    "shouldDisplayMessage" : false,
    "hasContent" : false
  } ],
  "labels" : [ {
    "name" : "epic",
    "value" : "Forgot Your Password Page"
  }, {
    "name" : "parentSuite",
    "value" : "tests"
  }, {
    "name" : "suite",
    "value" : "test_forgot_your_password"
  }, {
    "name" : "subSuite",
    "value" : "TestForgotYourPassword"
  }, {
    "name" : "host",
    "value" : "fv-az436-812"
  }, {
    "name" : "thread",
    "value" : "3004-MainThread"
  }, {
    "name" : "framework",
    "value" : "pytest"
  }, {
    "name" : "language",
    "value" : "cpython3"
  }, {
    "name" : "package",
    "value" : "tests.test_forgot_your_password"
  }, {
    "name" : "resultFormat",
    "value" : "allure2"
  } ],
  "parameters" : [ ],
  "links" : [ ],
  "hidden" : false,
  "retry" : false,
  "extra" : {
    "severity" : "normal",
    "retries" : [ ],
    "categories" : [ {
      "name" : "Test defects",
      "matchedStatuses" : [ ],
      "flaky" : false
    } ],
    "tags" : [ ]
  },
  "source" : "e99e46bfaa900234.json",
  "parameterValues" : [ ]
}