{
  "uid" : "fbe5f4483b474eeb",
  "name" : "TC 17.01.24 Verify Error on resetting My Password with invalid captcha",
  "fullName" : "tests.test_forgot_your_password.TestForgotYourPasswordFunctionality#test_17_01_24_error_if_reset_my_password_with_invalid_captcha",
  "historyId" : "05aeb6a6852588ab78868f39355c5ff9",
  "time" : {
    "start" : 1694306855802,
    "stop" : 1694306861315,
    "duration" : 5513
  },
  "description" : "Check error message on attempt to reset password with invalid captcha",
  "descriptionHtml" : "<p>Check error message on attempt to reset password with invalid captcha</p>\n",
  "status" : "broken",
  "statusMessage" : "selenium.common.exceptions.TimeoutException: Message: \nStacktrace:\n#0 0x564747e9ce23 <unknown>\n#1 0x564747bc57a7 <unknown>\n#2 0x564747c041d3 <unknown>\n#3 0x564747c042c1 <unknown>\n#4 0x564747c3fa04 <unknown>\n#5 0x564747c2503d <unknown>\n#6 0x564747c3d369 <unknown>\n#7 0x564747c24de3 <unknown>\n#8 0x564747bf8a7b <unknown>\n#9 0x564747bf981e <unknown>\n#10 0x564747e5e638 <unknown>\n#11 0x564747e62507 <unknown>\n#12 0x564747e6cc4c <unknown>\n#13 0x564747e63136 <unknown>\n#14 0x564747e319cf <unknown>\n#15 0x564747e86b98 <unknown>\n#16 0x564747e86d68 <unknown>\n#17 0x564747e95cb3 <unknown>\n#18 0x7f10dc8dab43 <unknown>",
  "statusTrace" : "self = <test_forgot_your_password.TestForgotYourPasswordFunctionality object at 0x7f85d5f89690>\ndriver = <selenium.webdriver.chrome.webdriver.WebDriver (session=\"d3a38d8d97d35d1a7701758b5d6195e2\")>\nforgot_psw_page = <pages.forgot_your_password_page.ForgotYourPasswordPage object at 0x7f85d5d41fd0>\n\n    @allure.title('TC 17.01.24 Verify Error on resetting My Password with invalid captcha')\n    def test_17_01_24_error_if_reset_my_password_with_invalid_captcha(self, driver, forgot_psw_page):\n        \"\"\"Check error message on attempt to reset password with invalid captcha\"\"\"\n        forgot_psw_page.fill_in_email_field(credentials['valid_email'])\n>       forgot_psw_page.fill_in_forgot_psw_captcha_field(captcha)\n\ntests/test_forgot_your_password.py:187: \n_ _ _ _ _ _ _ _ _ _ _ _ _ _ _ _ _ _ _ _ _ _ _ _ _ _ _ _ _ _ _ _ _ _ _ _ _ _ _ _ \npages/forgot_your_password_page.py:84: in fill_in_forgot_psw_captcha_field\n    return self.fill_in_field(self.check_forgot_psw_captcha_field_is_clickable(), text)\npages/forgot_your_password_page.py:59: in check_forgot_psw_captcha_field_is_clickable\n    return self.element_is_clickable(self.locators.FORGOT_YOUR_PASSWORD_CAPTCHA)\npages/base_page.py:80: in element_is_clickable\n    return wait(self.driver, timeout).until(EC.element_to_be_clickable(locator))\n_ _ _ _ _ _ _ _ _ _ _ _ _ _ _ _ _ _ _ _ _ _ _ _ _ _ _ _ _ _ _ _ _ _ _ _ _ _ _ _ \n\nself = <selenium.webdriver.support.wait.WebDriverWait (session=\"d3a38d8d97d35d1a7701758b5d6195e2\")>\nmethod = <function element_to_be_clickable.<locals>._predicate at 0x7f85d5831300>\nmessage = ''\n\n    def until(self, method, message: str = \"\"):\n        \"\"\"Calls the method provided with the driver as an argument until the \\\n        return value does not evaluate to ``False``.\n    \n        :param method: callable(WebDriver)\n        :param message: optional message for :exc:`TimeoutException`\n        :returns: the result of the last call to `method`\n        :raises: :exc:`selenium.common.exceptions.TimeoutException` if timeout occurs\n        \"\"\"\n        screen = None\n        stacktrace = None\n    \n        end_time = time.monotonic() + self._timeout\n        while True:\n            try:\n                value = method(self._driver)\n                if value:\n                    return value\n            except self._ignored_exceptions as exc:\n                screen = getattr(exc, \"screen\", None)\n                stacktrace = getattr(exc, \"stacktrace\", None)\n            time.sleep(self._poll)\n            if time.monotonic() > end_time:\n                break\n>       raise TimeoutException(message, screen, stacktrace)\nE       selenium.common.exceptions.TimeoutException: Message: \nE       Stacktrace:\nE       #0 0x564747e9ce23 <unknown>\nE       #1 0x564747bc57a7 <unknown>\nE       #2 0x564747c041d3 <unknown>\nE       #3 0x564747c042c1 <unknown>\nE       #4 0x564747c3fa04 <unknown>\nE       #5 0x564747c2503d <unknown>\nE       #6 0x564747c3d369 <unknown>\nE       #7 0x564747c24de3 <unknown>\nE       #8 0x564747bf8a7b <unknown>\nE       #9 0x564747bf981e <unknown>\nE       #10 0x564747e5e638 <unknown>\nE       #11 0x564747e62507 <unknown>\nE       #12 0x564747e6cc4c <unknown>\nE       #13 0x564747e63136 <unknown>\nE       #14 0x564747e319cf <unknown>\nE       #15 0x564747e86b98 <unknown>\nE       #16 0x564747e86d68 <unknown>\nE       #17 0x564747e95cb3 <unknown>\nE       #18 0x7f10dc8dab43 <unknown>\n\n/opt/hostedtoolcache/Python/3.11.5/x64/lib/python3.11/site-packages/selenium/webdriver/support/wait.py:95: TimeoutException",
  "flaky" : false,
  "newFailed" : false,
  "beforeStages" : [ {
    "name" : "driver",
    "time" : {
      "start" : 1694306853163,
      "stop" : 1694306854373,
      "duration" : 1210
    },
    "status" : "passed",
    "steps" : [ ],
    "attachments" : [ ],
    "parameters" : [ ],
    "stepsCount" : 0,
    "attachmentsCount" : 0,
    "shouldDisplayMessage" : false,
    "hasContent" : false
  }, {
    "name" : "_session_faker",
    "time" : {
      "start" : 1694306365489,
      "stop" : 1694306365583,
      "duration" : 94
    },
    "status" : "passed",
    "steps" : [ ],
    "attachments" : [ ],
    "parameters" : [ ],
    "stepsCount" : 0,
    "attachmentsCount" : 0,
    "shouldDisplayMessage" : false,
    "hasContent" : false
  }, {
    "name" : "clear_allure_result_folder",
    "time" : {
      "start" : 1694306365584,
      "stop" : 1694306365584,
      "duration" : 0
    },
    "status" : "passed",
    "steps" : [ ],
    "attachments" : [ ],
    "parameters" : [ ],
    "stepsCount" : 0,
    "attachmentsCount" : 0,
    "shouldDisplayMessage" : false,
    "hasContent" : false
  }, {
    "name" : "forgot_psw_page",
    "time" : {
      "start" : 1694306854373,
      "stop" : 1694306855801,
      "duration" : 1428
    },
    "status" : "passed",
    "steps" : [ {
      "name" : "Open a browser",
      "time" : {
        "start" : 1694306854373,
        "stop" : 1694306855801,
        "duration" : 1428
      },
      "status" : "passed",
      "steps" : [ ],
      "attachments" : [ ],
      "parameters" : [ ],
      "stepsCount" : 0,
      "attachmentsCount" : 0,
      "shouldDisplayMessage" : false,
      "hasContent" : false
    } ],
    "attachments" : [ ],
    "parameters" : [ ],
    "stepsCount" : 1,
    "attachmentsCount" : 0,
    "shouldDisplayMessage" : false,
    "hasContent" : true
  } ],
  "testStage" : {
    "description" : "Check error message on attempt to reset password with invalid captcha",
    "status" : "broken",
    "statusMessage" : "selenium.common.exceptions.TimeoutException: Message: \nStacktrace:\n#0 0x564747e9ce23 <unknown>\n#1 0x564747bc57a7 <unknown>\n#2 0x564747c041d3 <unknown>\n#3 0x564747c042c1 <unknown>\n#4 0x564747c3fa04 <unknown>\n#5 0x564747c2503d <unknown>\n#6 0x564747c3d369 <unknown>\n#7 0x564747c24de3 <unknown>\n#8 0x564747bf8a7b <unknown>\n#9 0x564747bf981e <unknown>\n#10 0x564747e5e638 <unknown>\n#11 0x564747e62507 <unknown>\n#12 0x564747e6cc4c <unknown>\n#13 0x564747e63136 <unknown>\n#14 0x564747e319cf <unknown>\n#15 0x564747e86b98 <unknown>\n#16 0x564747e86d68 <unknown>\n#17 0x564747e95cb3 <unknown>\n#18 0x7f10dc8dab43 <unknown>",
    "statusTrace" : "self = <test_forgot_your_password.TestForgotYourPasswordFunctionality object at 0x7f85d5f89690>\ndriver = <selenium.webdriver.chrome.webdriver.WebDriver (session=\"d3a38d8d97d35d1a7701758b5d6195e2\")>\nforgot_psw_page = <pages.forgot_your_password_page.ForgotYourPasswordPage object at 0x7f85d5d41fd0>\n\n    @allure.title('TC 17.01.24 Verify Error on resetting My Password with invalid captcha')\n    def test_17_01_24_error_if_reset_my_password_with_invalid_captcha(self, driver, forgot_psw_page):\n        \"\"\"Check error message on attempt to reset password with invalid captcha\"\"\"\n        forgot_psw_page.fill_in_email_field(credentials['valid_email'])\n>       forgot_psw_page.fill_in_forgot_psw_captcha_field(captcha)\n\ntests/test_forgot_your_password.py:187: \n_ _ _ _ _ _ _ _ _ _ _ _ _ _ _ _ _ _ _ _ _ _ _ _ _ _ _ _ _ _ _ _ _ _ _ _ _ _ _ _ \npages/forgot_your_password_page.py:84: in fill_in_forgot_psw_captcha_field\n    return self.fill_in_field(self.check_forgot_psw_captcha_field_is_clickable(), text)\npages/forgot_your_password_page.py:59: in check_forgot_psw_captcha_field_is_clickable\n    return self.element_is_clickable(self.locators.FORGOT_YOUR_PASSWORD_CAPTCHA)\npages/base_page.py:80: in element_is_clickable\n    return wait(self.driver, timeout).until(EC.element_to_be_clickable(locator))\n_ _ _ _ _ _ _ _ _ _ _ _ _ _ _ _ _ _ _ _ _ _ _ _ _ _ _ _ _ _ _ _ _ _ _ _ _ _ _ _ \n\nself = <selenium.webdriver.support.wait.WebDriverWait (session=\"d3a38d8d97d35d1a7701758b5d6195e2\")>\nmethod = <function element_to_be_clickable.<locals>._predicate at 0x7f85d5831300>\nmessage = ''\n\n    def until(self, method, message: str = \"\"):\n        \"\"\"Calls the method provided with the driver as an argument until the \\\n        return value does not evaluate to ``False``.\n    \n        :param method: callable(WebDriver)\n        :param message: optional message for :exc:`TimeoutException`\n        :returns: the result of the last call to `method`\n        :raises: :exc:`selenium.common.exceptions.TimeoutException` if timeout occurs\n        \"\"\"\n        screen = None\n        stacktrace = None\n    \n        end_time = time.monotonic() + self._timeout\n        while True:\n            try:\n                value = method(self._driver)\n                if value:\n                    return value\n            except self._ignored_exceptions as exc:\n                screen = getattr(exc, \"screen\", None)\n                stacktrace = getattr(exc, \"stacktrace\", None)\n            time.sleep(self._poll)\n            if time.monotonic() > end_time:\n                break\n>       raise TimeoutException(message, screen, stacktrace)\nE       selenium.common.exceptions.TimeoutException: Message: \nE       Stacktrace:\nE       #0 0x564747e9ce23 <unknown>\nE       #1 0x564747bc57a7 <unknown>\nE       #2 0x564747c041d3 <unknown>\nE       #3 0x564747c042c1 <unknown>\nE       #4 0x564747c3fa04 <unknown>\nE       #5 0x564747c2503d <unknown>\nE       #6 0x564747c3d369 <unknown>\nE       #7 0x564747c24de3 <unknown>\nE       #8 0x564747bf8a7b <unknown>\nE       #9 0x564747bf981e <unknown>\nE       #10 0x564747e5e638 <unknown>\nE       #11 0x564747e62507 <unknown>\nE       #12 0x564747e6cc4c <unknown>\nE       #13 0x564747e63136 <unknown>\nE       #14 0x564747e319cf <unknown>\nE       #15 0x564747e86b98 <unknown>\nE       #16 0x564747e86d68 <unknown>\nE       #17 0x564747e95cb3 <unknown>\nE       #18 0x7f10dc8dab43 <unknown>\n\n/opt/hostedtoolcache/Python/3.11.5/x64/lib/python3.11/site-packages/selenium/webdriver/support/wait.py:95: TimeoutException",
    "steps" : [ {
      "name" : "Fill in Email field",
      "time" : {
        "start" : 1694306855802,
        "stop" : 1694306856167,
        "duration" : 365
      },
      "status" : "passed",
      "steps" : [ {
        "name" : "Check FYP Email field is clickable",
        "time" : {
          "start" : 1694306855802,
          "stop" : 1694306855891,
          "duration" : 89
        },
        "status" : "passed",
        "steps" : [ {
          "name" : "Find clickable elements",
          "time" : {
            "start" : 1694306855803,
            "stop" : 1694306855891,
            "duration" : 88
          },
          "status" : "passed",
          "steps" : [ ],
          "attachments" : [ ],
          "parameters" : [ {
            "name" : "locator",
            "value" : "('css selector', '#email_address')"
          }, {
            "name" : "timeout",
            "value" : "5"
          } ],
          "stepsCount" : 0,
          "attachmentsCount" : 0,
          "shouldDisplayMessage" : false,
          "hasContent" : true
        } ],
        "attachments" : [ ],
        "parameters" : [ ],
        "stepsCount" : 1,
        "attachmentsCount" : 0,
        "shouldDisplayMessage" : false,
        "hasContent" : true
      }, {
        "name" : "Fill in a field",
        "time" : {
          "start" : 1694306855891,
          "stop" : 1694306856167,
          "duration" : 276
        },
        "status" : "passed",
        "steps" : [ {
          "name" : "Find clickable elements",
          "time" : {
            "start" : 1694306855891,
            "stop" : 1694306855916,
            "duration" : 25
          },
          "status" : "passed",
          "steps" : [ ],
          "attachments" : [ ],
          "parameters" : [ {
            "name" : "locator",
            "value" : "<selenium.webdriver.remote.webelement.WebElement (session=\"d3a38d8d97d35d1a7701758b5d6195e2\", element=\"8D074E3537233E8D38BF4BF5EAD4544D_element_2\")>"
          }, {
            "name" : "timeout",
            "value" : "5"
          } ],
          "stepsCount" : 0,
          "attachmentsCount" : 0,
          "shouldDisplayMessage" : false,
          "hasContent" : true
        } ],
        "attachments" : [ ],
        "parameters" : [ {
          "name" : "locator",
          "value" : "<selenium.webdriver.remote.webelement.WebElement (session=\"d3a38d8d97d35d1a7701758b5d6195e2\", element=\"8D074E3537233E8D38BF4BF5EAD4544D_element_2\")>"
        }, {
          "name" : "value",
          "value" : "'test130@mailinator.com'"
        } ],
        "stepsCount" : 1,
        "attachmentsCount" : 0,
        "shouldDisplayMessage" : false,
        "hasContent" : true
      } ],
      "attachments" : [ ],
      "parameters" : [ {
        "name" : "email",
        "value" : "'test130@mailinator.com'"
      } ],
      "stepsCount" : 4,
      "attachmentsCount" : 0,
      "shouldDisplayMessage" : false,
      "hasContent" : true
    }, {
      "name" : "Fill in FYP Email field",
      "time" : {
        "start" : 1694306856167,
        "stop" : 1694306861315,
        "duration" : 5148
      },
      "status" : "broken",
      "statusMessage" : "selenium.common.exceptions.TimeoutException: Message: \nStacktrace:\n#0 0x564747e9ce23 <unknown>\n#1 0x564747bc57a7 <unknown>\n#2 0x564747c041d3 <unknown>\n#3 0x564747c042c1 <unknown>\n#4 0x564747c3fa04 <unknown>\n#5 0x564747c2503d <unknown>\n#6 0x564747c3d369 <unknown>\n#7 0x564747c24de3 <unknown>\n#8 0x564747bf8a7b <unknown>\n#9 0x564747bf981e <unknown>\n#10 0x564747e5e638 <unknown>\n#11 0x564747e62507 <unknown>\n#12 0x564747e6cc4c <unknown>\n#13 0x564747e63136 <unknown>\n#14 0x564747e319cf <unknown>\n#15 0x564747e86b98 <unknown>\n#16 0x564747e86d68 <unknown>\n#17 0x564747e95cb3 <unknown>\n#18 0x7f10dc8dab43 <unknown>\n\n",
      "statusTrace" : "  File \"/opt/hostedtoolcache/Python/3.11.5/x64/lib/python3.11/site-packages/allure_commons/_allure.py\", line 192, in impl\n    return func(*a, **kw)\n           ^^^^^^^^^^^^^^\n  File \"/home/runner/work/luma_project/luma_project/pages/forgot_your_password_page.py\", line 84, in fill_in_forgot_psw_captcha_field\n    return self.fill_in_field(self.check_forgot_psw_captcha_field_is_clickable(), text)\n                              ^^^^^^^^^^^^^^^^^^^^^^^^^^^^^^^^^^^^^^^^^^^^^^^^^^\n  File \"/opt/hostedtoolcache/Python/3.11.5/x64/lib/python3.11/site-packages/allure_commons/_allure.py\", line 192, in impl\n    return func(*a, **kw)\n           ^^^^^^^^^^^^^^\n  File \"/home/runner/work/luma_project/luma_project/pages/forgot_your_password_page.py\", line 59, in check_forgot_psw_captcha_field_is_clickable\n    return self.element_is_clickable(self.locators.FORGOT_YOUR_PASSWORD_CAPTCHA)\n           ^^^^^^^^^^^^^^^^^^^^^^^^^^^^^^^^^^^^^^^^^^^^^^^^^^^^^^^^^^^^^^^^^^^^^\n  File \"/opt/hostedtoolcache/Python/3.11.5/x64/lib/python3.11/site-packages/allure_commons/_allure.py\", line 192, in impl\n    return func(*a, **kw)\n           ^^^^^^^^^^^^^^\n  File \"/home/runner/work/luma_project/luma_project/pages/base_page.py\", line 80, in element_is_clickable\n    return wait(self.driver, timeout).until(EC.element_to_be_clickable(locator))\n           ^^^^^^^^^^^^^^^^^^^^^^^^^^^^^^^^^^^^^^^^^^^^^^^^^^^^^^^^^^^^^^^^^^^^^\n  File \"/opt/hostedtoolcache/Python/3.11.5/x64/lib/python3.11/site-packages/selenium/webdriver/support/wait.py\", line 95, in until\n    raise TimeoutException(message, screen, stacktrace)\n",
      "steps" : [ {
        "name" : "Check FYP captcha input field is clickable",
        "time" : {
          "start" : 1694306856167,
          "stop" : 1694306861314,
          "duration" : 5147
        },
        "status" : "broken",
        "statusMessage" : "selenium.common.exceptions.TimeoutException: Message: \nStacktrace:\n#0 0x564747e9ce23 <unknown>\n#1 0x564747bc57a7 <unknown>\n#2 0x564747c041d3 <unknown>\n#3 0x564747c042c1 <unknown>\n#4 0x564747c3fa04 <unknown>\n#5 0x564747c2503d <unknown>\n#6 0x564747c3d369 <unknown>\n#7 0x564747c24de3 <unknown>\n#8 0x564747bf8a7b <unknown>\n#9 0x564747bf981e <unknown>\n#10 0x564747e5e638 <unknown>\n#11 0x564747e62507 <unknown>\n#12 0x564747e6cc4c <unknown>\n#13 0x564747e63136 <unknown>\n#14 0x564747e319cf <unknown>\n#15 0x564747e86b98 <unknown>\n#16 0x564747e86d68 <unknown>\n#17 0x564747e95cb3 <unknown>\n#18 0x7f10dc8dab43 <unknown>\n\n",
        "statusTrace" : "  File \"/opt/hostedtoolcache/Python/3.11.5/x64/lib/python3.11/site-packages/allure_commons/_allure.py\", line 192, in impl\n    return func(*a, **kw)\n           ^^^^^^^^^^^^^^\n  File \"/home/runner/work/luma_project/luma_project/pages/forgot_your_password_page.py\", line 59, in check_forgot_psw_captcha_field_is_clickable\n    return self.element_is_clickable(self.locators.FORGOT_YOUR_PASSWORD_CAPTCHA)\n           ^^^^^^^^^^^^^^^^^^^^^^^^^^^^^^^^^^^^^^^^^^^^^^^^^^^^^^^^^^^^^^^^^^^^^\n  File \"/opt/hostedtoolcache/Python/3.11.5/x64/lib/python3.11/site-packages/allure_commons/_allure.py\", line 192, in impl\n    return func(*a, **kw)\n           ^^^^^^^^^^^^^^\n  File \"/home/runner/work/luma_project/luma_project/pages/base_page.py\", line 80, in element_is_clickable\n    return wait(self.driver, timeout).until(EC.element_to_be_clickable(locator))\n           ^^^^^^^^^^^^^^^^^^^^^^^^^^^^^^^^^^^^^^^^^^^^^^^^^^^^^^^^^^^^^^^^^^^^^\n  File \"/opt/hostedtoolcache/Python/3.11.5/x64/lib/python3.11/site-packages/selenium/webdriver/support/wait.py\", line 95, in until\n    raise TimeoutException(message, screen, stacktrace)\n",
        "steps" : [ {
          "name" : "Find clickable elements",
          "time" : {
            "start" : 1694306856168,
            "stop" : 1694306861314,
            "duration" : 5146
          },
          "status" : "broken",
          "statusMessage" : "selenium.common.exceptions.TimeoutException: Message: \nStacktrace:\n#0 0x564747e9ce23 <unknown>\n#1 0x564747bc57a7 <unknown>\n#2 0x564747c041d3 <unknown>\n#3 0x564747c042c1 <unknown>\n#4 0x564747c3fa04 <unknown>\n#5 0x564747c2503d <unknown>\n#6 0x564747c3d369 <unknown>\n#7 0x564747c24de3 <unknown>\n#8 0x564747bf8a7b <unknown>\n#9 0x564747bf981e <unknown>\n#10 0x564747e5e638 <unknown>\n#11 0x564747e62507 <unknown>\n#12 0x564747e6cc4c <unknown>\n#13 0x564747e63136 <unknown>\n#14 0x564747e319cf <unknown>\n#15 0x564747e86b98 <unknown>\n#16 0x564747e86d68 <unknown>\n#17 0x564747e95cb3 <unknown>\n#18 0x7f10dc8dab43 <unknown>\n\n",
          "statusTrace" : "  File \"/opt/hostedtoolcache/Python/3.11.5/x64/lib/python3.11/site-packages/allure_commons/_allure.py\", line 192, in impl\n    return func(*a, **kw)\n           ^^^^^^^^^^^^^^\n  File \"/home/runner/work/luma_project/luma_project/pages/base_page.py\", line 80, in element_is_clickable\n    return wait(self.driver, timeout).until(EC.element_to_be_clickable(locator))\n           ^^^^^^^^^^^^^^^^^^^^^^^^^^^^^^^^^^^^^^^^^^^^^^^^^^^^^^^^^^^^^^^^^^^^^\n  File \"/opt/hostedtoolcache/Python/3.11.5/x64/lib/python3.11/site-packages/selenium/webdriver/support/wait.py\", line 95, in until\n    raise TimeoutException(message, screen, stacktrace)\n",
          "steps" : [ ],
          "attachments" : [ ],
          "parameters" : [ {
            "name" : "locator",
            "value" : "('css selector', '#captcha_user_forgotpassword')"
          }, {
            "name" : "timeout",
            "value" : "5"
          } ],
          "stepsCount" : 0,
          "attachmentsCount" : 0,
          "shouldDisplayMessage" : true,
          "hasContent" : true
        } ],
        "attachments" : [ ],
        "parameters" : [ ],
        "stepsCount" : 1,
        "attachmentsCount" : 0,
        "shouldDisplayMessage" : false,
        "hasContent" : true
      } ],
      "attachments" : [ ],
      "parameters" : [ {
        "name" : "text",
        "value" : "'Urkrkv'"
      } ],
      "stepsCount" : 2,
      "attachmentsCount" : 0,
      "shouldDisplayMessage" : false,
      "hasContent" : true
    } ],
    "attachments" : [ {
      "uid" : "2b3a09ad62391b3",
      "name" : "Screenshot",
      "source" : "2b3a09ad62391b3.png",
      "type" : "image/png",
      "size" : 69173
    }, {
      "uid" : "39f059845511fbbe",
      "name" : "HTML source",
      "source" : "39f059845511fbbe.html",
      "type" : "text/html",
      "size" : 77958
    } ],
    "parameters" : [ ],
    "stepsCount" : 8,
    "attachmentsCount" : 2,
    "shouldDisplayMessage" : true,
    "hasContent" : true
  },
  "afterStages" : [ {
    "name" : "driver::0",
    "time" : {
      "start" : 1694306861512,
      "stop" : 1694306861580,
      "duration" : 68
    },
    "status" : "passed",
    "steps" : [ ],
    "attachments" : [ ],
    "parameters" : [ ],
    "stepsCount" : 0,
    "attachmentsCount" : 0,
    "shouldDisplayMessage" : false,
    "hasContent" : false
  }, {
    "name" : "clear_allure_result_folder::0",
    "time" : {
      "start" : 1694308120754,
      "stop" : 1694308120754,
      "duration" : 0
    },
    "status" : "passed",
    "steps" : [ ],
    "attachments" : [ ],
    "parameters" : [ ],
    "stepsCount" : 0,
    "attachmentsCount" : 0,
    "shouldDisplayMessage" : false,
    "hasContent" : false
  } ],
  "labels" : [ {
    "name" : "epic",
    "value" : "Forgot Your Password Functionality"
  }, {
    "name" : "parentSuite",
    "value" : "tests"
  }, {
    "name" : "suite",
    "value" : "test_forgot_your_password"
  }, {
    "name" : "subSuite",
    "value" : "TestForgotYourPasswordFunctionality"
  }, {
    "name" : "host",
    "value" : "fv-az1241-825"
  }, {
    "name" : "thread",
    "value" : "2980-MainThread"
  }, {
    "name" : "framework",
    "value" : "pytest"
  }, {
    "name" : "language",
    "value" : "cpython3"
  }, {
    "name" : "package",
    "value" : "tests.test_forgot_your_password"
  }, {
    "name" : "resultFormat",
    "value" : "allure2"
  } ],
  "parameters" : [ ],
  "links" : [ ],
  "hidden" : false,
  "retry" : false,
  "extra" : {
    "severity" : "normal",
    "retries" : [ ],
    "categories" : [ {
      "name" : "Test defects",
      "matchedStatuses" : [ ],
      "flaky" : false
    } ],
    "tags" : [ ]
  },
  "source" : "fbe5f4483b474eeb.json",
  "parameterValues" : [ ]
}