{
  "uid" : "fecca72af93c6b2b",
  "name" : "TC 17.01.25 Verify error on resetting My Password with empty email",
  "fullName" : "tests.test_forgot_your_password.TestForgotYourPasswordFunctionality#test_17_01_25_error_if_reset_my_password_with_empty_email",
  "historyId" : "3fc451d87c8653c0431c5bf955165f1b",
  "time" : {
    "start" : 1695516419159,
    "stop" : 1695516424276,
    "duration" : 5117
  },
  "description" : "Check error message on attempt to reset password with empty email field",
  "descriptionHtml" : "<p>Check error message on attempt to reset password with empty email field</p>\n",
  "status" : "broken",
  "statusMessage" : "selenium.common.exceptions.TimeoutException: Message: \nStacktrace:\n#0 0x561765c936c3 <unknown>\n#1 0x5617659691e7 <unknown>\n#2 0x5617659b0566 <unknown>\n#3 0x5617659b0651 <unknown>\n#4 0x5617659eda74 <unknown>\n#5 0x5617659d20ed <unknown>\n#6 0x5617659eb322 <unknown>\n#7 0x5617659d1e93 <unknown>\n#8 0x5617659a4934 <unknown>\n#9 0x5617659a571e <unknown>\n#10 0x561765c58cc8 <unknown>\n#11 0x561765c5cc00 <unknown>\n#12 0x561765c671ac <unknown>\n#13 0x561765c5d818 <unknown>\n#14 0x561765c2a28f <unknown>\n#15 0x561765c81e98 <unknown>\n#16 0x561765c82069 <unknown>\n#17 0x561765c92853 <unknown>\n#18 0x7f3c6ae94b43 <unknown>",
  "statusTrace" : "self = <test_forgot_your_password.TestForgotYourPasswordFunctionality object at 0x7f9a4ed77590>\ndriver = <selenium.webdriver.chrome.webdriver.WebDriver (session=\"bcc5518bda8a560039b4eb6f148d2275\")>\nforgot_psw_page = <pages.forgot_your_password_page.ForgotYourPasswordPage object at 0x7f9a4fa83e10>\n\n    @allure.title('TC 17.01.25 Verify error on resetting My Password with empty email')\n    def test_17_01_25_error_if_reset_my_password_with_empty_email(self, driver, forgot_psw_page):\n        \"\"\"Check error message on attempt to reset password with empty email field\"\"\"\n>       forgot_psw_page.fill_in_forgot_psw_captcha_field(captcha)\n\ntests/test_forgot_your_password.py:196: \n_ _ _ _ _ _ _ _ _ _ _ _ _ _ _ _ _ _ _ _ _ _ _ _ _ _ _ _ _ _ _ _ _ _ _ _ _ _ _ _ \npages/forgot_your_password_page.py:84: in fill_in_forgot_psw_captcha_field\n    return self.fill_in_field(self.check_forgot_psw_captcha_field_is_clickable(), text)\npages/forgot_your_password_page.py:59: in check_forgot_psw_captcha_field_is_clickable\n    return self.element_is_clickable(self.locators.FORGOT_YOUR_PASSWORD_CAPTCHA)\npages/base_page.py:80: in element_is_clickable\n    return wait(self.driver, timeout).until(EC.element_to_be_clickable(locator))\n_ _ _ _ _ _ _ _ _ _ _ _ _ _ _ _ _ _ _ _ _ _ _ _ _ _ _ _ _ _ _ _ _ _ _ _ _ _ _ _ \n\nself = <selenium.webdriver.support.wait.WebDriverWait (session=\"bcc5518bda8a560039b4eb6f148d2275\")>\nmethod = <function element_to_be_clickable.<locals>._predicate at 0x7f9a4f37b4c0>\nmessage = ''\n\n    def until(self, method, message: str = \"\"):\n        \"\"\"Calls the method provided with the driver as an argument until the \\\n        return value does not evaluate to ``False``.\n    \n        :param method: callable(WebDriver)\n        :param message: optional message for :exc:`TimeoutException`\n        :returns: the result of the last call to `method`\n        :raises: :exc:`selenium.common.exceptions.TimeoutException` if timeout occurs\n        \"\"\"\n        screen = None\n        stacktrace = None\n    \n        end_time = time.monotonic() + self._timeout\n        while True:\n            try:\n                value = method(self._driver)\n                if value:\n                    return value\n            except self._ignored_exceptions as exc:\n                screen = getattr(exc, \"screen\", None)\n                stacktrace = getattr(exc, \"stacktrace\", None)\n            time.sleep(self._poll)\n            if time.monotonic() > end_time:\n                break\n>       raise TimeoutException(message, screen, stacktrace)\nE       selenium.common.exceptions.TimeoutException: Message: \nE       Stacktrace:\nE       #0 0x561765c936c3 <unknown>\nE       #1 0x5617659691e7 <unknown>\nE       #2 0x5617659b0566 <unknown>\nE       #3 0x5617659b0651 <unknown>\nE       #4 0x5617659eda74 <unknown>\nE       #5 0x5617659d20ed <unknown>\nE       #6 0x5617659eb322 <unknown>\nE       #7 0x5617659d1e93 <unknown>\nE       #8 0x5617659a4934 <unknown>\nE       #9 0x5617659a571e <unknown>\nE       #10 0x561765c58cc8 <unknown>\nE       #11 0x561765c5cc00 <unknown>\nE       #12 0x561765c671ac <unknown>\nE       #13 0x561765c5d818 <unknown>\nE       #14 0x561765c2a28f <unknown>\nE       #15 0x561765c81e98 <unknown>\nE       #16 0x561765c82069 <unknown>\nE       #17 0x561765c92853 <unknown>\nE       #18 0x7f3c6ae94b43 <unknown>\n\n/opt/hostedtoolcache/Python/3.11.5/x64/lib/python3.11/site-packages/selenium/webdriver/support/wait.py:95: TimeoutException",
  "flaky" : false,
  "newFailed" : false,
  "beforeStages" : [ {
    "name" : "forgot_psw_page",
    "time" : {
      "start" : 1695516418095,
      "stop" : 1695516419158,
      "duration" : 1063
    },
    "status" : "passed",
    "steps" : [ {
      "name" : "Open a browser",
      "time" : {
        "start" : 1695516418095,
        "stop" : 1695516419158,
        "duration" : 1063
      },
      "status" : "passed",
      "steps" : [ ],
      "attachments" : [ ],
      "parameters" : [ ],
      "stepsCount" : 0,
      "attachmentsCount" : 0,
      "shouldDisplayMessage" : false,
      "hasContent" : false
    } ],
    "attachments" : [ ],
    "parameters" : [ ],
    "stepsCount" : 1,
    "attachmentsCount" : 0,
    "shouldDisplayMessage" : false,
    "hasContent" : true
  }, {
    "name" : "_session_faker",
    "time" : {
      "start" : 1695515982889,
      "stop" : 1695515982964,
      "duration" : 75
    },
    "status" : "passed",
    "steps" : [ ],
    "attachments" : [ ],
    "parameters" : [ ],
    "stepsCount" : 0,
    "attachmentsCount" : 0,
    "shouldDisplayMessage" : false,
    "hasContent" : false
  }, {
    "name" : "clear_allure_result_folder",
    "time" : {
      "start" : 1695515982964,
      "stop" : 1695515982965,
      "duration" : 1
    },
    "status" : "passed",
    "steps" : [ ],
    "attachments" : [ ],
    "parameters" : [ ],
    "stepsCount" : 0,
    "attachmentsCount" : 0,
    "shouldDisplayMessage" : false,
    "hasContent" : false
  }, {
    "name" : "driver",
    "time" : {
      "start" : 1695516416919,
      "stop" : 1695516418095,
      "duration" : 1176
    },
    "status" : "passed",
    "steps" : [ ],
    "attachments" : [ ],
    "parameters" : [ ],
    "stepsCount" : 0,
    "attachmentsCount" : 0,
    "shouldDisplayMessage" : false,
    "hasContent" : false
  } ],
  "testStage" : {
    "description" : "Check error message on attempt to reset password with empty email field",
    "status" : "broken",
    "statusMessage" : "selenium.common.exceptions.TimeoutException: Message: \nStacktrace:\n#0 0x561765c936c3 <unknown>\n#1 0x5617659691e7 <unknown>\n#2 0x5617659b0566 <unknown>\n#3 0x5617659b0651 <unknown>\n#4 0x5617659eda74 <unknown>\n#5 0x5617659d20ed <unknown>\n#6 0x5617659eb322 <unknown>\n#7 0x5617659d1e93 <unknown>\n#8 0x5617659a4934 <unknown>\n#9 0x5617659a571e <unknown>\n#10 0x561765c58cc8 <unknown>\n#11 0x561765c5cc00 <unknown>\n#12 0x561765c671ac <unknown>\n#13 0x561765c5d818 <unknown>\n#14 0x561765c2a28f <unknown>\n#15 0x561765c81e98 <unknown>\n#16 0x561765c82069 <unknown>\n#17 0x561765c92853 <unknown>\n#18 0x7f3c6ae94b43 <unknown>",
    "statusTrace" : "self = <test_forgot_your_password.TestForgotYourPasswordFunctionality object at 0x7f9a4ed77590>\ndriver = <selenium.webdriver.chrome.webdriver.WebDriver (session=\"bcc5518bda8a560039b4eb6f148d2275\")>\nforgot_psw_page = <pages.forgot_your_password_page.ForgotYourPasswordPage object at 0x7f9a4fa83e10>\n\n    @allure.title('TC 17.01.25 Verify error on resetting My Password with empty email')\n    def test_17_01_25_error_if_reset_my_password_with_empty_email(self, driver, forgot_psw_page):\n        \"\"\"Check error message on attempt to reset password with empty email field\"\"\"\n>       forgot_psw_page.fill_in_forgot_psw_captcha_field(captcha)\n\ntests/test_forgot_your_password.py:196: \n_ _ _ _ _ _ _ _ _ _ _ _ _ _ _ _ _ _ _ _ _ _ _ _ _ _ _ _ _ _ _ _ _ _ _ _ _ _ _ _ \npages/forgot_your_password_page.py:84: in fill_in_forgot_psw_captcha_field\n    return self.fill_in_field(self.check_forgot_psw_captcha_field_is_clickable(), text)\npages/forgot_your_password_page.py:59: in check_forgot_psw_captcha_field_is_clickable\n    return self.element_is_clickable(self.locators.FORGOT_YOUR_PASSWORD_CAPTCHA)\npages/base_page.py:80: in element_is_clickable\n    return wait(self.driver, timeout).until(EC.element_to_be_clickable(locator))\n_ _ _ _ _ _ _ _ _ _ _ _ _ _ _ _ _ _ _ _ _ _ _ _ _ _ _ _ _ _ _ _ _ _ _ _ _ _ _ _ \n\nself = <selenium.webdriver.support.wait.WebDriverWait (session=\"bcc5518bda8a560039b4eb6f148d2275\")>\nmethod = <function element_to_be_clickable.<locals>._predicate at 0x7f9a4f37b4c0>\nmessage = ''\n\n    def until(self, method, message: str = \"\"):\n        \"\"\"Calls the method provided with the driver as an argument until the \\\n        return value does not evaluate to ``False``.\n    \n        :param method: callable(WebDriver)\n        :param message: optional message for :exc:`TimeoutException`\n        :returns: the result of the last call to `method`\n        :raises: :exc:`selenium.common.exceptions.TimeoutException` if timeout occurs\n        \"\"\"\n        screen = None\n        stacktrace = None\n    \n        end_time = time.monotonic() + self._timeout\n        while True:\n            try:\n                value = method(self._driver)\n                if value:\n                    return value\n            except self._ignored_exceptions as exc:\n                screen = getattr(exc, \"screen\", None)\n                stacktrace = getattr(exc, \"stacktrace\", None)\n            time.sleep(self._poll)\n            if time.monotonic() > end_time:\n                break\n>       raise TimeoutException(message, screen, stacktrace)\nE       selenium.common.exceptions.TimeoutException: Message: \nE       Stacktrace:\nE       #0 0x561765c936c3 <unknown>\nE       #1 0x5617659691e7 <unknown>\nE       #2 0x5617659b0566 <unknown>\nE       #3 0x5617659b0651 <unknown>\nE       #4 0x5617659eda74 <unknown>\nE       #5 0x5617659d20ed <unknown>\nE       #6 0x5617659eb322 <unknown>\nE       #7 0x5617659d1e93 <unknown>\nE       #8 0x5617659a4934 <unknown>\nE       #9 0x5617659a571e <unknown>\nE       #10 0x561765c58cc8 <unknown>\nE       #11 0x561765c5cc00 <unknown>\nE       #12 0x561765c671ac <unknown>\nE       #13 0x561765c5d818 <unknown>\nE       #14 0x561765c2a28f <unknown>\nE       #15 0x561765c81e98 <unknown>\nE       #16 0x561765c82069 <unknown>\nE       #17 0x561765c92853 <unknown>\nE       #18 0x7f3c6ae94b43 <unknown>\n\n/opt/hostedtoolcache/Python/3.11.5/x64/lib/python3.11/site-packages/selenium/webdriver/support/wait.py:95: TimeoutException",
    "steps" : [ {
      "name" : "Fill in FYP Email field",
      "time" : {
        "start" : 1695516419159,
        "stop" : 1695516424276,
        "duration" : 5117
      },
      "status" : "broken",
      "statusMessage" : "selenium.common.exceptions.TimeoutException: Message: \nStacktrace:\n#0 0x561765c936c3 <unknown>\n#1 0x5617659691e7 <unknown>\n#2 0x5617659b0566 <unknown>\n#3 0x5617659b0651 <unknown>\n#4 0x5617659eda74 <unknown>\n#5 0x5617659d20ed <unknown>\n#6 0x5617659eb322 <unknown>\n#7 0x5617659d1e93 <unknown>\n#8 0x5617659a4934 <unknown>\n#9 0x5617659a571e <unknown>\n#10 0x561765c58cc8 <unknown>\n#11 0x561765c5cc00 <unknown>\n#12 0x561765c671ac <unknown>\n#13 0x561765c5d818 <unknown>\n#14 0x561765c2a28f <unknown>\n#15 0x561765c81e98 <unknown>\n#16 0x561765c82069 <unknown>\n#17 0x561765c92853 <unknown>\n#18 0x7f3c6ae94b43 <unknown>\n\n",
      "statusTrace" : "  File \"/opt/hostedtoolcache/Python/3.11.5/x64/lib/python3.11/site-packages/allure_commons/_allure.py\", line 192, in impl\n    return func(*a, **kw)\n           ^^^^^^^^^^^^^^\n  File \"/home/runner/work/luma_project/luma_project/pages/forgot_your_password_page.py\", line 84, in fill_in_forgot_psw_captcha_field\n    return self.fill_in_field(self.check_forgot_psw_captcha_field_is_clickable(), text)\n                              ^^^^^^^^^^^^^^^^^^^^^^^^^^^^^^^^^^^^^^^^^^^^^^^^^^\n  File \"/opt/hostedtoolcache/Python/3.11.5/x64/lib/python3.11/site-packages/allure_commons/_allure.py\", line 192, in impl\n    return func(*a, **kw)\n           ^^^^^^^^^^^^^^\n  File \"/home/runner/work/luma_project/luma_project/pages/forgot_your_password_page.py\", line 59, in check_forgot_psw_captcha_field_is_clickable\n    return self.element_is_clickable(self.locators.FORGOT_YOUR_PASSWORD_CAPTCHA)\n           ^^^^^^^^^^^^^^^^^^^^^^^^^^^^^^^^^^^^^^^^^^^^^^^^^^^^^^^^^^^^^^^^^^^^^\n  File \"/opt/hostedtoolcache/Python/3.11.5/x64/lib/python3.11/site-packages/allure_commons/_allure.py\", line 192, in impl\n    return func(*a, **kw)\n           ^^^^^^^^^^^^^^\n  File \"/home/runner/work/luma_project/luma_project/pages/base_page.py\", line 80, in element_is_clickable\n    return wait(self.driver, timeout).until(EC.element_to_be_clickable(locator))\n           ^^^^^^^^^^^^^^^^^^^^^^^^^^^^^^^^^^^^^^^^^^^^^^^^^^^^^^^^^^^^^^^^^^^^^\n  File \"/opt/hostedtoolcache/Python/3.11.5/x64/lib/python3.11/site-packages/selenium/webdriver/support/wait.py\", line 95, in until\n    raise TimeoutException(message, screen, stacktrace)\n",
      "steps" : [ {
        "name" : "Check FYP captcha input field is clickable",
        "time" : {
          "start" : 1695516419159,
          "stop" : 1695516424276,
          "duration" : 5117
        },
        "status" : "broken",
        "statusMessage" : "selenium.common.exceptions.TimeoutException: Message: \nStacktrace:\n#0 0x561765c936c3 <unknown>\n#1 0x5617659691e7 <unknown>\n#2 0x5617659b0566 <unknown>\n#3 0x5617659b0651 <unknown>\n#4 0x5617659eda74 <unknown>\n#5 0x5617659d20ed <unknown>\n#6 0x5617659eb322 <unknown>\n#7 0x5617659d1e93 <unknown>\n#8 0x5617659a4934 <unknown>\n#9 0x5617659a571e <unknown>\n#10 0x561765c58cc8 <unknown>\n#11 0x561765c5cc00 <unknown>\n#12 0x561765c671ac <unknown>\n#13 0x561765c5d818 <unknown>\n#14 0x561765c2a28f <unknown>\n#15 0x561765c81e98 <unknown>\n#16 0x561765c82069 <unknown>\n#17 0x561765c92853 <unknown>\n#18 0x7f3c6ae94b43 <unknown>\n\n",
        "statusTrace" : "  File \"/opt/hostedtoolcache/Python/3.11.5/x64/lib/python3.11/site-packages/allure_commons/_allure.py\", line 192, in impl\n    return func(*a, **kw)\n           ^^^^^^^^^^^^^^\n  File \"/home/runner/work/luma_project/luma_project/pages/forgot_your_password_page.py\", line 59, in check_forgot_psw_captcha_field_is_clickable\n    return self.element_is_clickable(self.locators.FORGOT_YOUR_PASSWORD_CAPTCHA)\n           ^^^^^^^^^^^^^^^^^^^^^^^^^^^^^^^^^^^^^^^^^^^^^^^^^^^^^^^^^^^^^^^^^^^^^\n  File \"/opt/hostedtoolcache/Python/3.11.5/x64/lib/python3.11/site-packages/allure_commons/_allure.py\", line 192, in impl\n    return func(*a, **kw)\n           ^^^^^^^^^^^^^^\n  File \"/home/runner/work/luma_project/luma_project/pages/base_page.py\", line 80, in element_is_clickable\n    return wait(self.driver, timeout).until(EC.element_to_be_clickable(locator))\n           ^^^^^^^^^^^^^^^^^^^^^^^^^^^^^^^^^^^^^^^^^^^^^^^^^^^^^^^^^^^^^^^^^^^^^\n  File \"/opt/hostedtoolcache/Python/3.11.5/x64/lib/python3.11/site-packages/selenium/webdriver/support/wait.py\", line 95, in until\n    raise TimeoutException(message, screen, stacktrace)\n",
        "steps" : [ {
          "name" : "Find clickable elements",
          "time" : {
            "start" : 1695516419159,
            "stop" : 1695516424275,
            "duration" : 5116
          },
          "status" : "broken",
          "statusMessage" : "selenium.common.exceptions.TimeoutException: Message: \nStacktrace:\n#0 0x561765c936c3 <unknown>\n#1 0x5617659691e7 <unknown>\n#2 0x5617659b0566 <unknown>\n#3 0x5617659b0651 <unknown>\n#4 0x5617659eda74 <unknown>\n#5 0x5617659d20ed <unknown>\n#6 0x5617659eb322 <unknown>\n#7 0x5617659d1e93 <unknown>\n#8 0x5617659a4934 <unknown>\n#9 0x5617659a571e <unknown>\n#10 0x561765c58cc8 <unknown>\n#11 0x561765c5cc00 <unknown>\n#12 0x561765c671ac <unknown>\n#13 0x561765c5d818 <unknown>\n#14 0x561765c2a28f <unknown>\n#15 0x561765c81e98 <unknown>\n#16 0x561765c82069 <unknown>\n#17 0x561765c92853 <unknown>\n#18 0x7f3c6ae94b43 <unknown>\n\n",
          "statusTrace" : "  File \"/opt/hostedtoolcache/Python/3.11.5/x64/lib/python3.11/site-packages/allure_commons/_allure.py\", line 192, in impl\n    return func(*a, **kw)\n           ^^^^^^^^^^^^^^\n  File \"/home/runner/work/luma_project/luma_project/pages/base_page.py\", line 80, in element_is_clickable\n    return wait(self.driver, timeout).until(EC.element_to_be_clickable(locator))\n           ^^^^^^^^^^^^^^^^^^^^^^^^^^^^^^^^^^^^^^^^^^^^^^^^^^^^^^^^^^^^^^^^^^^^^\n  File \"/opt/hostedtoolcache/Python/3.11.5/x64/lib/python3.11/site-packages/selenium/webdriver/support/wait.py\", line 95, in until\n    raise TimeoutException(message, screen, stacktrace)\n",
          "steps" : [ ],
          "attachments" : [ ],
          "parameters" : [ {
            "name" : "locator",
            "value" : "('css selector', '#captcha_user_forgotpassword')"
          }, {
            "name" : "timeout",
            "value" : "5"
          } ],
          "stepsCount" : 0,
          "attachmentsCount" : 0,
          "shouldDisplayMessage" : true,
          "hasContent" : true
        } ],
        "attachments" : [ ],
        "parameters" : [ ],
        "stepsCount" : 1,
        "attachmentsCount" : 0,
        "shouldDisplayMessage" : false,
        "hasContent" : true
      } ],
      "attachments" : [ ],
      "parameters" : [ {
        "name" : "text",
        "value" : "'xzbj1J'"
      } ],
      "stepsCount" : 2,
      "attachmentsCount" : 0,
      "shouldDisplayMessage" : false,
      "hasContent" : true
    } ],
    "attachments" : [ {
      "uid" : "629675f23e7ef931",
      "name" : "Screenshot",
      "source" : "629675f23e7ef931.png",
      "type" : "image/png",
      "size" : 70029
    }, {
      "uid" : "4dbf0ac9bbccd73c",
      "name" : "HTML source",
      "source" : "4dbf0ac9bbccd73c.html",
      "type" : "text/html",
      "size" : 78068
    } ],
    "parameters" : [ ],
    "stepsCount" : 3,
    "attachmentsCount" : 2,
    "shouldDisplayMessage" : true,
    "hasContent" : true
  },
  "afterStages" : [ {
    "name" : "clear_allure_result_folder::0",
    "time" : {
      "start" : 1695517631857,
      "stop" : 1695517631857,
      "duration" : 0
    },
    "status" : "passed",
    "steps" : [ ],
    "attachments" : [ ],
    "parameters" : [ ],
    "stepsCount" : 0,
    "attachmentsCount" : 0,
    "shouldDisplayMessage" : false,
    "hasContent" : false
  }, {
    "name" : "driver::0",
    "time" : {
      "start" : 1695516424437,
      "stop" : 1695516424502,
      "duration" : 65
    },
    "status" : "passed",
    "steps" : [ ],
    "attachments" : [ ],
    "parameters" : [ ],
    "stepsCount" : 0,
    "attachmentsCount" : 0,
    "shouldDisplayMessage" : false,
    "hasContent" : false
  } ],
  "labels" : [ {
    "name" : "epic",
    "value" : "Forgot Your Password Functionality"
  }, {
    "name" : "parentSuite",
    "value" : "tests"
  }, {
    "name" : "suite",
    "value" : "test_forgot_your_password"
  }, {
    "name" : "subSuite",
    "value" : "TestForgotYourPasswordFunctionality"
  }, {
    "name" : "host",
    "value" : "fv-az812-630"
  }, {
    "name" : "thread",
    "value" : "2998-MainThread"
  }, {
    "name" : "framework",
    "value" : "pytest"
  }, {
    "name" : "language",
    "value" : "cpython3"
  }, {
    "name" : "package",
    "value" : "tests.test_forgot_your_password"
  }, {
    "name" : "resultFormat",
    "value" : "allure2"
  } ],
  "parameters" : [ ],
  "links" : [ ],
  "hidden" : false,
  "retry" : false,
  "extra" : {
    "severity" : "normal",
    "retries" : [ ],
    "categories" : [ {
      "name" : "Test defects",
      "matchedStatuses" : [ ],
      "flaky" : false
    } ],
    "tags" : [ ]
  },
  "source" : "fecca72af93c6b2b.json",
  "parameterValues" : [ ]
}