{"uid":"ec06a7311158c571","name":"TC 17.01.25 Verify error on resetting My Password with empty email","fullName":"tests.test_forgot_your_password.TestForgotYourPasswordFunctionality#test_17_01_25_error_if_reset_my_password_with_empty_email","historyId":"3fc451d87c8653c0431c5bf955165f1b","time":{"start":1694479462302,"stop":1694479467455,"duration":5153},"description":"Check error message on attempt to reset password with empty email field","descriptionHtml":"<p>Check error message on attempt to reset password with empty email field</p>\n","status":"broken","statusMessage":"selenium.common.exceptions.TimeoutException: Message: \nStacktrace:\n#0 0x555d580d0e23 <unknown>\n#1 0x555d57df97a7 <unknown>\n#2 0x555d57e381d3 <unknown>\n#3 0x555d57e382c1 <unknown>\n#4 0x555d57e73a04 <unknown>\n#5 0x555d57e5903d <unknown>\n#6 0x555d57e71369 <unknown>\n#7 0x555d57e58de3 <unknown>\n#8 0x555d57e2ca7b <unknown>\n#9 0x555d57e2d81e <unknown>\n#10 0x555d58092638 <unknown>\n#11 0x555d58096507 <unknown>\n#12 0x555d580a0c4c <unknown>\n#13 0x555d58097136 <unknown>\n#14 0x555d580659cf <unknown>\n#15 0x555d580bab98 <unknown>\n#16 0x555d580bad68 <unknown>\n#17 0x555d580c9cb3 <unknown>\n#18 0x7f9985e42b43 <unknown>","statusTrace":"self = <test_forgot_your_password.TestForgotYourPasswordFunctionality object at 0x7ff1766f8390>\ndriver = <selenium.webdriver.chrome.webdriver.WebDriver (session=\"b161c9158d85af36dfaf9a352e8607b6\")>\nforgot_psw_page = <pages.forgot_your_password_page.ForgotYourPasswordPage object at 0x7ff1773e5390>\n\n    @allure.title('TC 17.01.25 Verify error on resetting My Password with empty email')\n    def test_17_01_25_error_if_reset_my_password_with_empty_email(self, driver, forgot_psw_page):\n        \"\"\"Check error message on attempt to reset password with empty email field\"\"\"\n>       forgot_psw_page.fill_in_forgot_psw_captcha_field(captcha)\n\ntests/test_forgot_your_password.py:196: \n_ _ _ _ _ _ _ _ _ _ _ _ _ _ _ _ _ _ _ _ _ _ _ _ _ _ _ _ _ _ _ _ _ _ _ _ _ _ _ _ \npages/forgot_your_password_page.py:84: in fill_in_forgot_psw_captcha_field\n    return self.fill_in_field(self.check_forgot_psw_captcha_field_is_clickable(), text)\npages/forgot_your_password_page.py:59: in check_forgot_psw_captcha_field_is_clickable\n    return self.element_is_clickable(self.locators.FORGOT_YOUR_PASSWORD_CAPTCHA)\npages/base_page.py:80: in element_is_clickable\n    return wait(self.driver, timeout).until(EC.element_to_be_clickable(locator))\n_ _ _ _ _ _ _ _ _ _ _ _ _ _ _ _ _ _ _ _ _ _ _ _ _ _ _ _ _ _ _ _ _ _ _ _ _ _ _ _ \n\nself = <selenium.webdriver.support.wait.WebDriverWait (session=\"b161c9158d85af36dfaf9a352e8607b6\")>\nmethod = <function element_to_be_clickable.<locals>._predicate at 0x7ff176f634c0>\nmessage = ''\n\n    def until(self, method, message: str = \"\"):\n        \"\"\"Calls the method provided with the driver as an argument until the \\\n        return value does not evaluate to ``False``.\n    \n        :param method: callable(WebDriver)\n        :param message: optional message for :exc:`TimeoutException`\n        :returns: the result of the last call to `method`\n        :raises: :exc:`selenium.common.exceptions.TimeoutException` if timeout occurs\n        \"\"\"\n        screen = None\n        stacktrace = None\n    \n        end_time = time.monotonic() + self._timeout\n        while True:\n            try:\n                value = method(self._driver)\n                if value:\n                    return value\n            except self._ignored_exceptions as exc:\n                screen = getattr(exc, \"screen\", None)\n                stacktrace = getattr(exc, \"stacktrace\", None)\n            time.sleep(self._poll)\n            if time.monotonic() > end_time:\n                break\n>       raise TimeoutException(message, screen, stacktrace)\nE       selenium.common.exceptions.TimeoutException: Message: \nE       Stacktrace:\nE       #0 0x555d580d0e23 <unknown>\nE       #1 0x555d57df97a7 <unknown>\nE       #2 0x555d57e381d3 <unknown>\nE       #3 0x555d57e382c1 <unknown>\nE       #4 0x555d57e73a04 <unknown>\nE       #5 0x555d57e5903d <unknown>\nE       #6 0x555d57e71369 <unknown>\nE       #7 0x555d57e58de3 <unknown>\nE       #8 0x555d57e2ca7b <unknown>\nE       #9 0x555d57e2d81e <unknown>\nE       #10 0x555d58092638 <unknown>\nE       #11 0x555d58096507 <unknown>\nE       #12 0x555d580a0c4c <unknown>\nE       #13 0x555d58097136 <unknown>\nE       #14 0x555d580659cf <unknown>\nE       #15 0x555d580bab98 <unknown>\nE       #16 0x555d580bad68 <unknown>\nE       #17 0x555d580c9cb3 <unknown>\nE       #18 0x7f9985e42b43 <unknown>\n\n/opt/hostedtoolcache/Python/3.11.5/x64/lib/python3.11/site-packages/selenium/webdriver/support/wait.py:95: TimeoutException","flaky":false,"newFailed":false,"newBroken":false,"newPassed":false,"retriesCount":0,"retriesStatusChange":false,"beforeStages":[{"name":"_session_faker","time":{"start":1694479030700,"stop":1694479030777,"duration":77},"status":"passed","steps":[],"attachments":[],"parameters":[],"shouldDisplayMessage":false,"stepsCount":0,"attachmentsCount":0,"hasContent":false},{"name":"clear_allure_result_folder","time":{"start":1694479030777,"stop":1694479030778,"duration":1},"status":"passed","steps":[],"attachments":[],"parameters":[],"shouldDisplayMessage":false,"stepsCount":0,"attachmentsCount":0,"hasContent":false},{"name":"driver","time":{"start":1694479460016,"stop":1694479461186,"duration":1170},"status":"passed","steps":[],"attachments":[],"parameters":[],"shouldDisplayMessage":false,"stepsCount":0,"attachmentsCount":0,"hasContent":false},{"name":"forgot_psw_page","time":{"start":1694479461187,"stop":1694479462302,"duration":1115},"status":"passed","steps":[{"name":"Open a browser","time":{"start":1694479461187,"stop":1694479462302,"duration":1115},"status":"passed","steps":[],"attachments":[],"parameters":[],"shouldDisplayMessage":false,"stepsCount":0,"attachmentsCount":0,"hasContent":false}],"attachments":[],"parameters":[],"shouldDisplayMessage":false,"stepsCount":1,"attachmentsCount":0,"hasContent":true}],"testStage":{"description":"Check error message on attempt to reset password with empty email field","status":"broken","statusMessage":"selenium.common.exceptions.TimeoutException: Message: \nStacktrace:\n#0 0x555d580d0e23 <unknown>\n#1 0x555d57df97a7 <unknown>\n#2 0x555d57e381d3 <unknown>\n#3 0x555d57e382c1 <unknown>\n#4 0x555d57e73a04 <unknown>\n#5 0x555d57e5903d <unknown>\n#6 0x555d57e71369 <unknown>\n#7 0x555d57e58de3 <unknown>\n#8 0x555d57e2ca7b <unknown>\n#9 0x555d57e2d81e <unknown>\n#10 0x555d58092638 <unknown>\n#11 0x555d58096507 <unknown>\n#12 0x555d580a0c4c <unknown>\n#13 0x555d58097136 <unknown>\n#14 0x555d580659cf <unknown>\n#15 0x555d580bab98 <unknown>\n#16 0x555d580bad68 <unknown>\n#17 0x555d580c9cb3 <unknown>\n#18 0x7f9985e42b43 <unknown>","statusTrace":"self = <test_forgot_your_password.TestForgotYourPasswordFunctionality object at 0x7ff1766f8390>\ndriver = <selenium.webdriver.chrome.webdriver.WebDriver (session=\"b161c9158d85af36dfaf9a352e8607b6\")>\nforgot_psw_page = <pages.forgot_your_password_page.ForgotYourPasswordPage object at 0x7ff1773e5390>\n\n    @allure.title('TC 17.01.25 Verify error on resetting My Password with empty email')\n    def test_17_01_25_error_if_reset_my_password_with_empty_email(self, driver, forgot_psw_page):\n        \"\"\"Check error message on attempt to reset password with empty email field\"\"\"\n>       forgot_psw_page.fill_in_forgot_psw_captcha_field(captcha)\n\ntests/test_forgot_your_password.py:196: \n_ _ _ _ _ _ _ _ _ _ _ _ _ _ _ _ _ _ _ _ _ _ _ _ _ _ _ _ _ _ _ _ _ _ _ _ _ _ _ _ \npages/forgot_your_password_page.py:84: in fill_in_forgot_psw_captcha_field\n    return self.fill_in_field(self.check_forgot_psw_captcha_field_is_clickable(), text)\npages/forgot_your_password_page.py:59: in check_forgot_psw_captcha_field_is_clickable\n    return self.element_is_clickable(self.locators.FORGOT_YOUR_PASSWORD_CAPTCHA)\npages/base_page.py:80: in element_is_clickable\n    return wait(self.driver, timeout).until(EC.element_to_be_clickable(locator))\n_ _ _ _ _ _ _ _ _ _ _ _ _ _ _ _ _ _ _ _ _ _ _ _ _ _ _ _ _ _ _ _ _ _ _ _ _ _ _ _ \n\nself = <selenium.webdriver.support.wait.WebDriverWait (session=\"b161c9158d85af36dfaf9a352e8607b6\")>\nmethod = <function element_to_be_clickable.<locals>._predicate at 0x7ff176f634c0>\nmessage = ''\n\n    def until(self, method, message: str = \"\"):\n        \"\"\"Calls the method provided with the driver as an argument until the \\\n        return value does not evaluate to ``False``.\n    \n        :param method: callable(WebDriver)\n        :param message: optional message for :exc:`TimeoutException`\n        :returns: the result of the last call to `method`\n        :raises: :exc:`selenium.common.exceptions.TimeoutException` if timeout occurs\n        \"\"\"\n        screen = None\n        stacktrace = None\n    \n        end_time = time.monotonic() + self._timeout\n        while True:\n            try:\n                value = method(self._driver)\n                if value:\n                    return value\n            except self._ignored_exceptions as exc:\n                screen = getattr(exc, \"screen\", None)\n                stacktrace = getattr(exc, \"stacktrace\", None)\n            time.sleep(self._poll)\n            if time.monotonic() > end_time:\n                break\n>       raise TimeoutException(message, screen, stacktrace)\nE       selenium.common.exceptions.TimeoutException: Message: \nE       Stacktrace:\nE       #0 0x555d580d0e23 <unknown>\nE       #1 0x555d57df97a7 <unknown>\nE       #2 0x555d57e381d3 <unknown>\nE       #3 0x555d57e382c1 <unknown>\nE       #4 0x555d57e73a04 <unknown>\nE       #5 0x555d57e5903d <unknown>\nE       #6 0x555d57e71369 <unknown>\nE       #7 0x555d57e58de3 <unknown>\nE       #8 0x555d57e2ca7b <unknown>\nE       #9 0x555d57e2d81e <unknown>\nE       #10 0x555d58092638 <unknown>\nE       #11 0x555d58096507 <unknown>\nE       #12 0x555d580a0c4c <unknown>\nE       #13 0x555d58097136 <unknown>\nE       #14 0x555d580659cf <unknown>\nE       #15 0x555d580bab98 <unknown>\nE       #16 0x555d580bad68 <unknown>\nE       #17 0x555d580c9cb3 <unknown>\nE       #18 0x7f9985e42b43 <unknown>\n\n/opt/hostedtoolcache/Python/3.11.5/x64/lib/python3.11/site-packages/selenium/webdriver/support/wait.py:95: TimeoutException","steps":[{"name":"Fill in FYP Email field","time":{"start":1694479462303,"stop":1694479467454,"duration":5151},"status":"broken","statusMessage":"selenium.common.exceptions.TimeoutException: Message: \nStacktrace:\n#0 0x555d580d0e23 <unknown>\n#1 0x555d57df97a7 <unknown>\n#2 0x555d57e381d3 <unknown>\n#3 0x555d57e382c1 <unknown>\n#4 0x555d57e73a04 <unknown>\n#5 0x555d57e5903d <unknown>\n#6 0x555d57e71369 <unknown>\n#7 0x555d57e58de3 <unknown>\n#8 0x555d57e2ca7b <unknown>\n#9 0x555d57e2d81e <unknown>\n#10 0x555d58092638 <unknown>\n#11 0x555d58096507 <unknown>\n#12 0x555d580a0c4c <unknown>\n#13 0x555d58097136 <unknown>\n#14 0x555d580659cf <unknown>\n#15 0x555d580bab98 <unknown>\n#16 0x555d580bad68 <unknown>\n#17 0x555d580c9cb3 <unknown>\n#18 0x7f9985e42b43 <unknown>\n\n","statusTrace":"  File \"/opt/hostedtoolcache/Python/3.11.5/x64/lib/python3.11/site-packages/allure_commons/_allure.py\", line 192, in impl\n    return func(*a, **kw)\n           ^^^^^^^^^^^^^^\n  File \"/home/runner/work/luma_project/luma_project/pages/forgot_your_password_page.py\", line 84, in fill_in_forgot_psw_captcha_field\n    return self.fill_in_field(self.check_forgot_psw_captcha_field_is_clickable(), text)\n                              ^^^^^^^^^^^^^^^^^^^^^^^^^^^^^^^^^^^^^^^^^^^^^^^^^^\n  File \"/opt/hostedtoolcache/Python/3.11.5/x64/lib/python3.11/site-packages/allure_commons/_allure.py\", line 192, in impl\n    return func(*a, **kw)\n           ^^^^^^^^^^^^^^\n  File \"/home/runner/work/luma_project/luma_project/pages/forgot_your_password_page.py\", line 59, in check_forgot_psw_captcha_field_is_clickable\n    return self.element_is_clickable(self.locators.FORGOT_YOUR_PASSWORD_CAPTCHA)\n           ^^^^^^^^^^^^^^^^^^^^^^^^^^^^^^^^^^^^^^^^^^^^^^^^^^^^^^^^^^^^^^^^^^^^^\n  File \"/opt/hostedtoolcache/Python/3.11.5/x64/lib/python3.11/site-packages/allure_commons/_allure.py\", line 192, in impl\n    return func(*a, **kw)\n           ^^^^^^^^^^^^^^\n  File \"/home/runner/work/luma_project/luma_project/pages/base_page.py\", line 80, in element_is_clickable\n    return wait(self.driver, timeout).until(EC.element_to_be_clickable(locator))\n           ^^^^^^^^^^^^^^^^^^^^^^^^^^^^^^^^^^^^^^^^^^^^^^^^^^^^^^^^^^^^^^^^^^^^^\n  File \"/opt/hostedtoolcache/Python/3.11.5/x64/lib/python3.11/site-packages/selenium/webdriver/support/wait.py\", line 95, in until\n    raise TimeoutException(message, screen, stacktrace)\n","steps":[{"name":"Check FYP captcha input field is clickable","time":{"start":1694479462303,"stop":1694479467454,"duration":5151},"status":"broken","statusMessage":"selenium.common.exceptions.TimeoutException: Message: \nStacktrace:\n#0 0x555d580d0e23 <unknown>\n#1 0x555d57df97a7 <unknown>\n#2 0x555d57e381d3 <unknown>\n#3 0x555d57e382c1 <unknown>\n#4 0x555d57e73a04 <unknown>\n#5 0x555d57e5903d <unknown>\n#6 0x555d57e71369 <unknown>\n#7 0x555d57e58de3 <unknown>\n#8 0x555d57e2ca7b <unknown>\n#9 0x555d57e2d81e <unknown>\n#10 0x555d58092638 <unknown>\n#11 0x555d58096507 <unknown>\n#12 0x555d580a0c4c <unknown>\n#13 0x555d58097136 <unknown>\n#14 0x555d580659cf <unknown>\n#15 0x555d580bab98 <unknown>\n#16 0x555d580bad68 <unknown>\n#17 0x555d580c9cb3 <unknown>\n#18 0x7f9985e42b43 <unknown>\n\n","statusTrace":"  File \"/opt/hostedtoolcache/Python/3.11.5/x64/lib/python3.11/site-packages/allure_commons/_allure.py\", line 192, in impl\n    return func(*a, **kw)\n           ^^^^^^^^^^^^^^\n  File \"/home/runner/work/luma_project/luma_project/pages/forgot_your_password_page.py\", line 59, in check_forgot_psw_captcha_field_is_clickable\n    return self.element_is_clickable(self.locators.FORGOT_YOUR_PASSWORD_CAPTCHA)\n           ^^^^^^^^^^^^^^^^^^^^^^^^^^^^^^^^^^^^^^^^^^^^^^^^^^^^^^^^^^^^^^^^^^^^^\n  File \"/opt/hostedtoolcache/Python/3.11.5/x64/lib/python3.11/site-packages/allure_commons/_allure.py\", line 192, in impl\n    return func(*a, **kw)\n           ^^^^^^^^^^^^^^\n  File \"/home/runner/work/luma_project/luma_project/pages/base_page.py\", line 80, in element_is_clickable\n    return wait(self.driver, timeout).until(EC.element_to_be_clickable(locator))\n           ^^^^^^^^^^^^^^^^^^^^^^^^^^^^^^^^^^^^^^^^^^^^^^^^^^^^^^^^^^^^^^^^^^^^^\n  File \"/opt/hostedtoolcache/Python/3.11.5/x64/lib/python3.11/site-packages/selenium/webdriver/support/wait.py\", line 95, in until\n    raise TimeoutException(message, screen, stacktrace)\n","steps":[{"name":"Find clickable elements","time":{"start":1694479462303,"stop":1694479467453,"duration":5150},"status":"broken","statusMessage":"selenium.common.exceptions.TimeoutException: Message: \nStacktrace:\n#0 0x555d580d0e23 <unknown>\n#1 0x555d57df97a7 <unknown>\n#2 0x555d57e381d3 <unknown>\n#3 0x555d57e382c1 <unknown>\n#4 0x555d57e73a04 <unknown>\n#5 0x555d57e5903d <unknown>\n#6 0x555d57e71369 <unknown>\n#7 0x555d57e58de3 <unknown>\n#8 0x555d57e2ca7b <unknown>\n#9 0x555d57e2d81e <unknown>\n#10 0x555d58092638 <unknown>\n#11 0x555d58096507 <unknown>\n#12 0x555d580a0c4c <unknown>\n#13 0x555d58097136 <unknown>\n#14 0x555d580659cf <unknown>\n#15 0x555d580bab98 <unknown>\n#16 0x555d580bad68 <unknown>\n#17 0x555d580c9cb3 <unknown>\n#18 0x7f9985e42b43 <unknown>\n\n","statusTrace":"  File \"/opt/hostedtoolcache/Python/3.11.5/x64/lib/python3.11/site-packages/allure_commons/_allure.py\", line 192, in impl\n    return func(*a, **kw)\n           ^^^^^^^^^^^^^^\n  File \"/home/runner/work/luma_project/luma_project/pages/base_page.py\", line 80, in element_is_clickable\n    return wait(self.driver, timeout).until(EC.element_to_be_clickable(locator))\n           ^^^^^^^^^^^^^^^^^^^^^^^^^^^^^^^^^^^^^^^^^^^^^^^^^^^^^^^^^^^^^^^^^^^^^\n  File \"/opt/hostedtoolcache/Python/3.11.5/x64/lib/python3.11/site-packages/selenium/webdriver/support/wait.py\", line 95, in until\n    raise TimeoutException(message, screen, stacktrace)\n","steps":[],"attachments":[],"parameters":[{"name":"locator","value":"('css selector', '#captcha_user_forgotpassword')"},{"name":"timeout","value":"5"}],"shouldDisplayMessage":true,"stepsCount":0,"attachmentsCount":0,"hasContent":true}],"attachments":[],"parameters":[],"shouldDisplayMessage":false,"stepsCount":1,"attachmentsCount":0,"hasContent":true}],"attachments":[],"parameters":[{"name":"text","value":"'1DNQ6J'"}],"shouldDisplayMessage":false,"stepsCount":2,"attachmentsCount":0,"hasContent":true}],"attachments":[{"uid":"6d6df5b0614881f9","name":"Screenshot","source":"6d6df5b0614881f9.png","type":"image/png","size":65941},{"uid":"70689c4ba37cfbb8","name":"HTML source","source":"70689c4ba37cfbb8.html","type":"text/html","size":77958}],"parameters":[],"shouldDisplayMessage":true,"stepsCount":3,"attachmentsCount":2,"hasContent":true},"afterStages":[{"name":"driver::0","time":{"start":1694479467632,"stop":1694479467697,"duration":65},"status":"passed","steps":[],"attachments":[],"parameters":[],"shouldDisplayMessage":false,"stepsCount":0,"attachmentsCount":0,"hasContent":false},{"name":"clear_allure_result_folder::0","time":{"start":1694480529405,"stop":1694480529405,"duration":0},"status":"passed","steps":[],"attachments":[],"parameters":[],"shouldDisplayMessage":false,"stepsCount":0,"attachmentsCount":0,"hasContent":false}],"labels":[{"name":"epic","value":"Forgot Your Password Functionality"},{"name":"parentSuite","value":"tests"},{"name":"suite","value":"test_forgot_your_password"},{"name":"subSuite","value":"TestForgotYourPasswordFunctionality"},{"name":"host","value":"fv-az955-788"},{"name":"thread","value":"2966-MainThread"},{"name":"framework","value":"pytest"},{"name":"language","value":"cpython3"},{"name":"package","value":"tests.test_forgot_your_password"},{"name":"resultFormat","value":"allure2"}],"parameters":[],"links":[],"hidden":false,"retry":false,"extra":{"severity":"normal","retries":[],"categories":[{"name":"Test defects","matchedStatuses":[],"flaky":false}],"history":{"statistic":{"failed":0,"broken":2,"skipped":0,"passed":0,"unknown":0,"total":2},"items":[{"uid":"750498498c82aaae","reportUrl":"https://DionisIno.github.io/luma_project/109//#testresult/750498498c82aaae","status":"broken","statusDetails":"selenium.common.exceptions.TimeoutException: Message: \nStacktrace:\n#0 0x55f0eeae8e23 <unknown>\n#1 0x55f0ee8117a7 <unknown>\n#2 0x55f0ee8501d3 <unknown>\n#3 0x55f0ee8502c1 <unknown>\n#4 0x55f0ee88ba04 <unknown>\n#5 0x55f0ee87103d <unknown>\n#6 0x55f0ee889369 <unknown>\n#7 0x55f0ee870de3 <unknown>\n#8 0x55f0ee844a7b <unknown>\n#9 0x55f0ee84581e <unknown>\n#10 0x55f0eeaaa638 <unknown>\n#11 0x55f0eeaae507 <unknown>\n#12 0x55f0eeab8c4c <unknown>\n#13 0x55f0eeaaf136 <unknown>\n#14 0x55f0eea7d9cf <unknown>\n#15 0x55f0eead2b98 <unknown>\n#16 0x55f0eead2d68 <unknown>\n#17 0x55f0eeae1cb3 <unknown>\n#18 0x7f070c630b43 <unknown>","time":{"start":1694393176441,"stop":1694393181566,"duration":5125}}]},"tags":[]},"source":"ec06a7311158c571.json","parameterValues":[]}