{"uid":"a8f9ec0eb2532aba","name":"TC 17.01.10 Verify FYP captcha input field is correct format and clickable","fullName":"tests.test_forgot_your_password.TestForgotYourPassword#test_17_01_10_captcha_field_is_correct_format_and_clickable","historyId":"893c24bbe020a69c355db37017ee26d2","time":{"start":1693269840271,"stop":1693269845372,"duration":5101},"description":"Check if the captcha input is of correct format (input-text) and clickable","descriptionHtml":"<p>Check if the captcha input is of correct format (input-text) and clickable</p>\n","status":"broken","statusMessage":"selenium.common.exceptions.TimeoutException: Message: \nStacktrace:\n#0 0x56042682de23 <unknown>\n#1 0x5604265567a7 <unknown>\n#2 0x5604265951d3 <unknown>\n#3 0x5604265952c1 <unknown>\n#4 0x5604265d0a04 <unknown>\n#5 0x5604265b603d <unknown>\n#6 0x5604265ce369 <unknown>\n#7 0x5604265b5de3 <unknown>\n#8 0x560426589a7b <unknown>\n#9 0x56042658a81e <unknown>\n#10 0x5604267ef638 <unknown>\n#11 0x5604267f3507 <unknown>\n#12 0x5604267fdc4c <unknown>\n#13 0x5604267f4136 <unknown>\n#14 0x5604267c29cf <unknown>\n#15 0x560426817b98 <unknown>\n#16 0x560426817d68 <unknown>\n#17 0x560426826cb3 <unknown>\n#18 0x7f91f7cc3b43 <unknown>","statusTrace":"self = <test_forgot_your_password.TestForgotYourPassword object at 0x7faeefae8e10>\ndriver = <selenium.webdriver.chrome.webdriver.WebDriver (session=\"3fa74689af97e8236736ace5f814e956\")>\nforgot_psw_page = <pages.forgot_your_password_page.ForgotYourPasswordPage object at 0x7faef17fabd0>\n\n    @allure.title('TC 17.01.10 Verify FYP captcha input field is correct format and clickable')\n    def test_17_01_10_captcha_field_is_correct_format_and_clickable(self, driver, forgot_psw_page):\n        \"\"\"Check if the captcha input is of correct format (input-text) and clickable\"\"\"\n>       captcha_input = forgot_psw_page.check_forgot_psw_captcha_field_is_clickable()\n\ntests/test_forgot_your_password.py:93: \n_ _ _ _ _ _ _ _ _ _ _ _ _ _ _ _ _ _ _ _ _ _ _ _ _ _ _ _ _ _ _ _ _ _ _ _ _ _ _ _ \npages/forgot_your_password_page.py:59: in check_forgot_psw_captcha_field_is_clickable\n    return self.element_is_clickable(self.locators.FORGOT_YOUR_PASSWORD_CAPTCHA)\npages/base_page.py:80: in element_is_clickable\n    return wait(self.driver, timeout).until(EC.element_to_be_clickable(locator))\n_ _ _ _ _ _ _ _ _ _ _ _ _ _ _ _ _ _ _ _ _ _ _ _ _ _ _ _ _ _ _ _ _ _ _ _ _ _ _ _ \n\nself = <selenium.webdriver.support.wait.WebDriverWait (session=\"3fa74689af97e8236736ace5f814e956\")>\nmethod = <function element_to_be_clickable.<locals>._predicate at 0x7faeefb0a8e0>\nmessage = ''\n\n    def until(self, method, message: str = \"\"):\n        \"\"\"Calls the method provided with the driver as an argument until the \\\n        return value does not evaluate to ``False``.\n    \n        :param method: callable(WebDriver)\n        :param message: optional message for :exc:`TimeoutException`\n        :returns: the result of the last call to `method`\n        :raises: :exc:`selenium.common.exceptions.TimeoutException` if timeout occurs\n        \"\"\"\n        screen = None\n        stacktrace = None\n    \n        end_time = time.monotonic() + self._timeout\n        while True:\n            try:\n                value = method(self._driver)\n                if value:\n                    return value\n            except self._ignored_exceptions as exc:\n                screen = getattr(exc, \"screen\", None)\n                stacktrace = getattr(exc, \"stacktrace\", None)\n            time.sleep(self._poll)\n            if time.monotonic() > end_time:\n                break\n>       raise TimeoutException(message, screen, stacktrace)\nE       selenium.common.exceptions.TimeoutException: Message: \nE       Stacktrace:\nE       #0 0x56042682de23 <unknown>\nE       #1 0x5604265567a7 <unknown>\nE       #2 0x5604265951d3 <unknown>\nE       #3 0x5604265952c1 <unknown>\nE       #4 0x5604265d0a04 <unknown>\nE       #5 0x5604265b603d <unknown>\nE       #6 0x5604265ce369 <unknown>\nE       #7 0x5604265b5de3 <unknown>\nE       #8 0x560426589a7b <unknown>\nE       #9 0x56042658a81e <unknown>\nE       #10 0x5604267ef638 <unknown>\nE       #11 0x5604267f3507 <unknown>\nE       #12 0x5604267fdc4c <unknown>\nE       #13 0x5604267f4136 <unknown>\nE       #14 0x5604267c29cf <unknown>\nE       #15 0x560426817b98 <unknown>\nE       #16 0x560426817d68 <unknown>\nE       #17 0x560426826cb3 <unknown>\nE       #18 0x7f91f7cc3b43 <unknown>\n\n/opt/hostedtoolcache/Python/3.11.4/x64/lib/python3.11/site-packages/selenium/webdriver/support/wait.py:95: TimeoutException","flaky":false,"newFailed":false,"newBroken":false,"newPassed":false,"retriesCount":0,"retriesStatusChange":false,"beforeStages":[{"name":"_session_faker","time":{"start":1693269491443,"stop":1693269491529,"duration":86},"status":"passed","steps":[],"attachments":[],"parameters":[],"stepsCount":0,"attachmentsCount":0,"shouldDisplayMessage":false,"hasContent":false},{"name":"clear_allure_result_folder","time":{"start":1693269491529,"stop":1693269491529,"duration":0},"status":"passed","steps":[],"attachments":[],"parameters":[],"stepsCount":0,"attachmentsCount":0,"shouldDisplayMessage":false,"hasContent":false},{"name":"driver","time":{"start":1693269837989,"stop":1693269838983,"duration":994},"status":"passed","steps":[],"attachments":[],"parameters":[],"stepsCount":0,"attachmentsCount":0,"shouldDisplayMessage":false,"hasContent":false},{"name":"forgot_psw_page","time":{"start":1693269838984,"stop":1693269840271,"duration":1287},"status":"passed","steps":[{"name":"Open a browser","time":{"start":1693269838984,"stop":1693269840271,"duration":1287},"status":"passed","steps":[],"attachments":[],"parameters":[],"stepsCount":0,"attachmentsCount":0,"shouldDisplayMessage":false,"hasContent":false}],"attachments":[],"parameters":[],"stepsCount":1,"attachmentsCount":0,"shouldDisplayMessage":false,"hasContent":true}],"testStage":{"description":"Check if the captcha input is of correct format (input-text) and clickable","status":"broken","statusMessage":"selenium.common.exceptions.TimeoutException: Message: \nStacktrace:\n#0 0x56042682de23 <unknown>\n#1 0x5604265567a7 <unknown>\n#2 0x5604265951d3 <unknown>\n#3 0x5604265952c1 <unknown>\n#4 0x5604265d0a04 <unknown>\n#5 0x5604265b603d <unknown>\n#6 0x5604265ce369 <unknown>\n#7 0x5604265b5de3 <unknown>\n#8 0x560426589a7b <unknown>\n#9 0x56042658a81e <unknown>\n#10 0x5604267ef638 <unknown>\n#11 0x5604267f3507 <unknown>\n#12 0x5604267fdc4c <unknown>\n#13 0x5604267f4136 <unknown>\n#14 0x5604267c29cf <unknown>\n#15 0x560426817b98 <unknown>\n#16 0x560426817d68 <unknown>\n#17 0x560426826cb3 <unknown>\n#18 0x7f91f7cc3b43 <unknown>","statusTrace":"self = <test_forgot_your_password.TestForgotYourPassword object at 0x7faeefae8e10>\ndriver = <selenium.webdriver.chrome.webdriver.WebDriver (session=\"3fa74689af97e8236736ace5f814e956\")>\nforgot_psw_page = <pages.forgot_your_password_page.ForgotYourPasswordPage object at 0x7faef17fabd0>\n\n    @allure.title('TC 17.01.10 Verify FYP captcha input field is correct format and clickable')\n    def test_17_01_10_captcha_field_is_correct_format_and_clickable(self, driver, forgot_psw_page):\n        \"\"\"Check if the captcha input is of correct format (input-text) and clickable\"\"\"\n>       captcha_input = forgot_psw_page.check_forgot_psw_captcha_field_is_clickable()\n\ntests/test_forgot_your_password.py:93: \n_ _ _ _ _ _ _ _ _ _ _ _ _ _ _ _ _ _ _ _ _ _ _ _ _ _ _ _ _ _ _ _ _ _ _ _ _ _ _ _ \npages/forgot_your_password_page.py:59: in check_forgot_psw_captcha_field_is_clickable\n    return self.element_is_clickable(self.locators.FORGOT_YOUR_PASSWORD_CAPTCHA)\npages/base_page.py:80: in element_is_clickable\n    return wait(self.driver, timeout).until(EC.element_to_be_clickable(locator))\n_ _ _ _ _ _ _ _ _ _ _ _ _ _ _ _ _ _ _ _ _ _ _ _ _ _ _ _ _ _ _ _ _ _ _ _ _ _ _ _ \n\nself = <selenium.webdriver.support.wait.WebDriverWait (session=\"3fa74689af97e8236736ace5f814e956\")>\nmethod = <function element_to_be_clickable.<locals>._predicate at 0x7faeefb0a8e0>\nmessage = ''\n\n    def until(self, method, message: str = \"\"):\n        \"\"\"Calls the method provided with the driver as an argument until the \\\n        return value does not evaluate to ``False``.\n    \n        :param method: callable(WebDriver)\n        :param message: optional message for :exc:`TimeoutException`\n        :returns: the result of the last call to `method`\n        :raises: :exc:`selenium.common.exceptions.TimeoutException` if timeout occurs\n        \"\"\"\n        screen = None\n        stacktrace = None\n    \n        end_time = time.monotonic() + self._timeout\n        while True:\n            try:\n                value = method(self._driver)\n                if value:\n                    return value\n            except self._ignored_exceptions as exc:\n                screen = getattr(exc, \"screen\", None)\n                stacktrace = getattr(exc, \"stacktrace\", None)\n            time.sleep(self._poll)\n            if time.monotonic() > end_time:\n                break\n>       raise TimeoutException(message, screen, stacktrace)\nE       selenium.common.exceptions.TimeoutException: Message: \nE       Stacktrace:\nE       #0 0x56042682de23 <unknown>\nE       #1 0x5604265567a7 <unknown>\nE       #2 0x5604265951d3 <unknown>\nE       #3 0x5604265952c1 <unknown>\nE       #4 0x5604265d0a04 <unknown>\nE       #5 0x5604265b603d <unknown>\nE       #6 0x5604265ce369 <unknown>\nE       #7 0x5604265b5de3 <unknown>\nE       #8 0x560426589a7b <unknown>\nE       #9 0x56042658a81e <unknown>\nE       #10 0x5604267ef638 <unknown>\nE       #11 0x5604267f3507 <unknown>\nE       #12 0x5604267fdc4c <unknown>\nE       #13 0x5604267f4136 <unknown>\nE       #14 0x5604267c29cf <unknown>\nE       #15 0x560426817b98 <unknown>\nE       #16 0x560426817d68 <unknown>\nE       #17 0x560426826cb3 <unknown>\nE       #18 0x7f91f7cc3b43 <unknown>\n\n/opt/hostedtoolcache/Python/3.11.4/x64/lib/python3.11/site-packages/selenium/webdriver/support/wait.py:95: TimeoutException","steps":[{"name":"Check FYP captcha input field is clickable","time":{"start":1693269840271,"stop":1693269845372,"duration":5101},"status":"broken","statusMessage":"selenium.common.exceptions.TimeoutException: Message: \nStacktrace:\n#0 0x56042682de23 <unknown>\n#1 0x5604265567a7 <unknown>\n#2 0x5604265951d3 <unknown>\n#3 0x5604265952c1 <unknown>\n#4 0x5604265d0a04 <unknown>\n#5 0x5604265b603d <unknown>\n#6 0x5604265ce369 <unknown>\n#7 0x5604265b5de3 <unknown>\n#8 0x560426589a7b <unknown>\n#9 0x56042658a81e <unknown>\n#10 0x5604267ef638 <unknown>\n#11 0x5604267f3507 <unknown>\n#12 0x5604267fdc4c <unknown>\n#13 0x5604267f4136 <unknown>\n#14 0x5604267c29cf <unknown>\n#15 0x560426817b98 <unknown>\n#16 0x560426817d68 <unknown>\n#17 0x560426826cb3 <unknown>\n#18 0x7f91f7cc3b43 <unknown>\n\n","statusTrace":"  File \"/opt/hostedtoolcache/Python/3.11.4/x64/lib/python3.11/site-packages/allure_commons/_allure.py\", line 192, in impl\n    return func(*a, **kw)\n           ^^^^^^^^^^^^^^\n  File \"/home/runner/work/luma_project/luma_project/pages/forgot_your_password_page.py\", line 59, in check_forgot_psw_captcha_field_is_clickable\n    return self.element_is_clickable(self.locators.FORGOT_YOUR_PASSWORD_CAPTCHA)\n           ^^^^^^^^^^^^^^^^^^^^^^^^^^^^^^^^^^^^^^^^^^^^^^^^^^^^^^^^^^^^^^^^^^^^^\n  File \"/opt/hostedtoolcache/Python/3.11.4/x64/lib/python3.11/site-packages/allure_commons/_allure.py\", line 192, in impl\n    return func(*a, **kw)\n           ^^^^^^^^^^^^^^\n  File \"/home/runner/work/luma_project/luma_project/pages/base_page.py\", line 80, in element_is_clickable\n    return wait(self.driver, timeout).until(EC.element_to_be_clickable(locator))\n           ^^^^^^^^^^^^^^^^^^^^^^^^^^^^^^^^^^^^^^^^^^^^^^^^^^^^^^^^^^^^^^^^^^^^^\n  File \"/opt/hostedtoolcache/Python/3.11.4/x64/lib/python3.11/site-packages/selenium/webdriver/support/wait.py\", line 95, in until\n    raise TimeoutException(message, screen, stacktrace)\n","steps":[{"name":"Find clickable elements","time":{"start":1693269840271,"stop":1693269845371,"duration":5100},"status":"broken","statusMessage":"selenium.common.exceptions.TimeoutException: Message: \nStacktrace:\n#0 0x56042682de23 <unknown>\n#1 0x5604265567a7 <unknown>\n#2 0x5604265951d3 <unknown>\n#3 0x5604265952c1 <unknown>\n#4 0x5604265d0a04 <unknown>\n#5 0x5604265b603d <unknown>\n#6 0x5604265ce369 <unknown>\n#7 0x5604265b5de3 <unknown>\n#8 0x560426589a7b <unknown>\n#9 0x56042658a81e <unknown>\n#10 0x5604267ef638 <unknown>\n#11 0x5604267f3507 <unknown>\n#12 0x5604267fdc4c <unknown>\n#13 0x5604267f4136 <unknown>\n#14 0x5604267c29cf <unknown>\n#15 0x560426817b98 <unknown>\n#16 0x560426817d68 <unknown>\n#17 0x560426826cb3 <unknown>\n#18 0x7f91f7cc3b43 <unknown>\n\n","statusTrace":"  File \"/opt/hostedtoolcache/Python/3.11.4/x64/lib/python3.11/site-packages/allure_commons/_allure.py\", line 192, in impl\n    return func(*a, **kw)\n           ^^^^^^^^^^^^^^\n  File \"/home/runner/work/luma_project/luma_project/pages/base_page.py\", line 80, in element_is_clickable\n    return wait(self.driver, timeout).until(EC.element_to_be_clickable(locator))\n           ^^^^^^^^^^^^^^^^^^^^^^^^^^^^^^^^^^^^^^^^^^^^^^^^^^^^^^^^^^^^^^^^^^^^^\n  File \"/opt/hostedtoolcache/Python/3.11.4/x64/lib/python3.11/site-packages/selenium/webdriver/support/wait.py\", line 95, in until\n    raise TimeoutException(message, screen, stacktrace)\n","steps":[],"attachments":[],"parameters":[{"name":"locator","value":"('css selector', '#captcha_user_forgotpassword')"},{"name":"timeout","value":"5"}],"stepsCount":0,"attachmentsCount":0,"shouldDisplayMessage":true,"hasContent":true}],"attachments":[],"parameters":[],"stepsCount":1,"attachmentsCount":0,"shouldDisplayMessage":false,"hasContent":true}],"attachments":[{"uid":"26c65828d33ddbb3","name":"Screenshot","source":"26c65828d33ddbb3.png","type":"image/png","size":65941},{"uid":"604eaa654b829298","name":"HTML source","source":"604eaa654b829298.html","type":"text/html","size":78257}],"parameters":[],"stepsCount":2,"attachmentsCount":2,"shouldDisplayMessage":true,"hasContent":true},"afterStages":[{"name":"driver::0","time":{"start":1693269845524,"stop":1693269845586,"duration":62},"status":"passed","steps":[],"attachments":[],"parameters":[],"stepsCount":0,"attachmentsCount":0,"shouldDisplayMessage":false,"hasContent":false},{"name":"clear_allure_result_folder::0","time":{"start":1693270973510,"stop":1693270973510,"duration":0},"status":"passed","steps":[],"attachments":[],"parameters":[],"stepsCount":0,"attachmentsCount":0,"shouldDisplayMessage":false,"hasContent":false}],"labels":[{"name":"epic","value":"Forgot Your Password Page"},{"name":"parentSuite","value":"tests"},{"name":"suite","value":"test_forgot_your_password"},{"name":"subSuite","value":"TestForgotYourPassword"},{"name":"host","value":"fv-az459-985"},{"name":"thread","value":"2858-MainThread"},{"name":"framework","value":"pytest"},{"name":"language","value":"cpython3"},{"name":"package","value":"tests.test_forgot_your_password"},{"name":"resultFormat","value":"allure2"}],"parameters":[],"links":[],"hidden":false,"retry":false,"extra":{"severity":"normal","retries":[],"categories":[{"name":"Test defects","matchedStatuses":[],"flaky":false}],"history":{"statistic":{"failed":0,"broken":3,"skipped":0,"passed":0,"unknown":0,"total":3},"items":[{"uid":"f3dd6c585a60271d","reportUrl":"https://DionisIno.github.io/luma_project/95//#testresult/f3dd6c585a60271d","status":"broken","statusDetails":"selenium.common.exceptions.TimeoutException: Message: \nStacktrace:\n#0 0x55bfe4b85e23 <unknown>\n#1 0x55bfe48ae7a7 <unknown>\n#2 0x55bfe48ed1d3 <unknown>\n#3 0x55bfe48ed2c1 <unknown>\n#4 0x55bfe4928a04 <unknown>\n#5 0x55bfe490e03d <unknown>\n#6 0x55bfe4926369 <unknown>\n#7 0x55bfe490dde3 <unknown>\n#8 0x55bfe48e1a7b <unknown>\n#9 0x55bfe48e281e <unknown>\n#10 0x55bfe4b47638 <unknown>\n#11 0x55bfe4b4b507 <unknown>\n#12 0x55bfe4b55c4c <unknown>\n#13 0x55bfe4b4c136 <unknown>\n#14 0x55bfe4b1a9cf <unknown>\n#15 0x55bfe4b6fb98 <unknown>\n#16 0x55bfe4b6fd68 <unknown>\n#17 0x55bfe4b7ecb3 <unknown>\n#18 0x7f5ae350ab43 <unknown>","time":{"start":1693183461777,"stop":1693183466916,"duration":5139}},{"uid":"3d198bf1b2d5f8b2","reportUrl":"https://DionisIno.github.io/luma_project/94//#testresult/3d198bf1b2d5f8b2","status":"broken","statusDetails":"selenium.common.exceptions.TimeoutException: Message: \nStacktrace:\n#0 0x559112850e23 <unknown>\n#1 0x5591125797a7 <unknown>\n#2 0x5591125b81d3 <unknown>\n#3 0x5591125b82c1 <unknown>\n#4 0x5591125f3a04 <unknown>\n#5 0x5591125d903d <unknown>\n#6 0x5591125f1369 <unknown>\n#7 0x5591125d8de3 <unknown>\n#8 0x5591125aca7b <unknown>\n#9 0x5591125ad81e <unknown>\n#10 0x559112812638 <unknown>\n#11 0x559112816507 <unknown>\n#12 0x559112820c4c <unknown>\n#13 0x559112817136 <unknown>\n#14 0x5591127e59cf <unknown>\n#15 0x55911283ab98 <unknown>\n#16 0x55911283ad68 <unknown>\n#17 0x559112849cb3 <unknown>\n#18 0x7f9c37945b43 <unknown>","time":{"start":1693097199143,"stop":1693097204296,"duration":5153}}]},"tags":[]},"source":"a8f9ec0eb2532aba.json","parameterValues":[]}