{"uid":"6e6a6968751dabed","name":"TC 10.02.01 - Verify 'MEN'S DEALS' title is correct","fullName":"tests.test_sale.TestSideMenuBarMen#test_tc_10_02_01","historyId":"7d9cc06b830a248f9ded0f57b7152948","time":{"start":1692665872825,"stop":1692665873134,"duration":309},"description":"Check title of Men's Deals section","descriptionHtml":"<p>Check title of Men's Deals section</p>\n","status":"skipped","statusMessage":"XFAIL This test is expecting failure == Assertion Error because of error in spelling Men's\n\nAssertionError: Expected title: 'MEN'S DEALS', Actual title: MENS'S DEALS\nassert \"MENS'S DEALS\" == \"MEN'S DEALS\"\n  - MEN'S DEALS\n  + MENS'S DEALS\n  ?    +","statusTrace":"self = <test_sale.TestSalePage.TestSideMenuBarMen object at 0x7f03e3f89690>\nsale_page = <pages.sale_page.SalePage object at 0x7f03e2734590>\n\n    @allure.title(\"TC 10.02.01 - Verify 'MEN'S DEALS' title is correct\")\n    @pytest.mark.xfail(reason=\"This test is expecting failure == Assertion Error \"\n                              \"because of error in spelling Men's\")\n    def test_tc_10_02_01(self, sale_page):\n        \"\"\"Check title of Men's Deals section\"\"\"\n        title = sale_page.check_text_in_men_deals_title()\n>       assert title == \"MEN'S DEALS\", f\"Expected title: 'MEN'S DEALS', Actual title: {title}\"\nE       AssertionError: Expected title: 'MEN'S DEALS', Actual title: MENS'S DEALS\nE       assert \"MENS'S DEALS\" == \"MEN'S DEALS\"\nE         - MEN'S DEALS\nE         + MENS'S DEALS\nE         ?    +\n\ntests/test_sale.py:66: AssertionError","flaky":false,"newFailed":false,"newBroken":false,"newPassed":false,"retriesCount":0,"retriesStatusChange":false,"beforeStages":[{"name":"_session_faker","time":{"start":1692664678054,"stop":1692664678166,"duration":112},"status":"passed","steps":[],"attachments":[],"parameters":[],"stepsCount":0,"attachmentsCount":0,"shouldDisplayMessage":false,"hasContent":false},{"name":"clear_allure_result_folder","time":{"start":1692664678166,"stop":1692664678166,"duration":0},"status":"passed","steps":[],"attachments":[],"parameters":[],"stepsCount":0,"attachmentsCount":0,"shouldDisplayMessage":false,"hasContent":false},{"name":"driver","time":{"start":1692665870739,"stop":1692665871941,"duration":1202},"status":"passed","steps":[],"attachments":[],"parameters":[],"stepsCount":0,"attachmentsCount":0,"shouldDisplayMessage":false,"hasContent":false},{"name":"sale_page","time":{"start":1692665871942,"stop":1692665872825,"duration":883},"status":"passed","steps":[{"name":"Open a browser","time":{"start":1692665871942,"stop":1692665872824,"duration":882},"status":"passed","steps":[],"attachments":[],"parameters":[],"stepsCount":0,"attachmentsCount":0,"shouldDisplayMessage":false,"hasContent":false}],"attachments":[],"parameters":[],"stepsCount":1,"attachmentsCount":0,"shouldDisplayMessage":false,"hasContent":true}],"testStage":{"description":"Check title of Men's Deals section","status":"skipped","statusMessage":"XFAIL This test is expecting failure == Assertion Error because of error in spelling Men's\n\nAssertionError: Expected title: 'MEN'S DEALS', Actual title: MENS'S DEALS\nassert \"MENS'S DEALS\" == \"MEN'S DEALS\"\n  - MEN'S DEALS\n  + MENS'S DEALS\n  ?    +","statusTrace":"self = <test_sale.TestSalePage.TestSideMenuBarMen object at 0x7f03e3f89690>\nsale_page = <pages.sale_page.SalePage object at 0x7f03e2734590>\n\n    @allure.title(\"TC 10.02.01 - Verify 'MEN'S DEALS' title is correct\")\n    @pytest.mark.xfail(reason=\"This test is expecting failure == Assertion Error \"\n                              \"because of error in spelling Men's\")\n    def test_tc_10_02_01(self, sale_page):\n        \"\"\"Check title of Men's Deals section\"\"\"\n        title = sale_page.check_text_in_men_deals_title()\n>       assert title == \"MEN'S DEALS\", f\"Expected title: 'MEN'S DEALS', Actual title: {title}\"\nE       AssertionError: Expected title: 'MEN'S DEALS', Actual title: MENS'S DEALS\nE       assert \"MENS'S DEALS\" == \"MEN'S DEALS\"\nE         - MEN'S DEALS\nE         + MENS'S DEALS\nE         ?    +\n\ntests/test_sale.py:66: AssertionError","steps":[{"name":"Check text in Men's deals title","time":{"start":1692665872825,"stop":1692665873134,"duration":309},"status":"passed","steps":[{"name":"Find a visible element","time":{"start":1692665872825,"stop":1692665873095,"duration":270},"status":"passed","steps":[{"name":"Find a present element","time":{"start":1692665872825,"stop":1692665872875,"duration":50},"status":"passed","steps":[],"attachments":[],"parameters":[{"name":"locator","value":"('css selector', '.categories-menu > strong:nth-child(3) > span')"},{"name":"timeout","value":"5"}],"stepsCount":0,"attachmentsCount":0,"shouldDisplayMessage":false,"hasContent":true},{"name":"Go to specified element","time":{"start":1692665872875,"stop":1692665872933,"duration":58},"status":"passed","steps":[],"attachments":[],"parameters":[{"name":"element","value":"<selenium.webdriver.remote.webelement.WebElement (session=\"b3d4a9ec774dd59e5e2ebe96325ae256\", element=\"AD7AD2BBD28939AAFF3CE46481A867A2_element_30\")>"}],"stepsCount":0,"attachmentsCount":0,"shouldDisplayMessage":false,"hasContent":true}],"attachments":[],"parameters":[{"name":"locator","value":"('css selector', '.categories-menu > strong:nth-child(3) > span')"},{"name":"timeout","value":"10"}],"stepsCount":2,"attachmentsCount":0,"shouldDisplayMessage":false,"hasContent":true}],"attachments":[],"parameters":[],"stepsCount":3,"attachmentsCount":0,"shouldDisplayMessage":false,"hasContent":true}],"attachments":[{"uid":"a2fa6f0607684ed","name":"Screenshot","source":"a2fa6f0607684ed.png","type":"image/png","size":682681},{"uid":"2898d397a1a7ab33","name":"HTML source","source":"2898d397a1a7ab33.html","type":"text/html","size":85010}],"parameters":[],"stepsCount":4,"attachmentsCount":2,"shouldDisplayMessage":true,"hasContent":true},"afterStages":[{"name":"driver::0","time":{"start":1692665873634,"stop":1692665873701,"duration":67},"status":"passed","steps":[],"attachments":[],"parameters":[],"stepsCount":0,"attachmentsCount":0,"shouldDisplayMessage":false,"hasContent":false},{"name":"clear_allure_result_folder::0","time":{"start":1692666276333,"stop":1692666276333,"duration":0},"status":"passed","steps":[],"attachments":[],"parameters":[],"stepsCount":0,"attachmentsCount":0,"shouldDisplayMessage":false,"hasContent":false}],"labels":[{"name":"epic","value":"Sale Page"},{"name":"feature","value":"Testing Side Menu Bar - Men's Deals Section"},{"name":"tag","value":"@pytest.mark.xfail(reason='This test is expecting failure == Assertion Error because of error in spelling Men's')"},{"name":"parentSuite","value":"tests"},{"name":"suite","value":"test_sale"},{"name":"subSuite","value":"TestSalePage"},{"name":"host","value":"fv-az615-799"},{"name":"thread","value":"2950-MainThread"},{"name":"framework","value":"pytest"},{"name":"language","value":"cpython3"},{"name":"package","value":"tests.test_sale"},{"name":"resultFormat","value":"allure2"}],"parameters":[],"links":[],"hidden":false,"retry":false,"extra":{"severity":"normal","retries":[],"categories":[],"history":{"statistic":{"failed":0,"broken":0,"skipped":3,"passed":0,"unknown":0,"total":3},"items":[{"uid":"5a0f272d6c86747a","reportUrl":"https://DionisIno.github.io/luma_project/88//#testresult/5a0f272d6c86747a","status":"skipped","statusDetails":"XFAIL This test is expecting failure == Assertion Error because of error in spelling Men's\n\nAssertionError: Expected title: 'MEN'S DEALS', Actual title: MENS'S DEALS\nassert \"MENS'S DEALS\" == \"MEN'S DEALS\"\n  - MEN'S DEALS\n  + MENS'S DEALS\n  ?    +","time":{"start":1692579449124,"stop":1692579449248,"duration":124}},{"uid":"3eb9c8a9d3f98a16","reportUrl":"https://DionisIno.github.io/luma_project/87//#testresult/3eb9c8a9d3f98a16","status":"skipped","statusDetails":"XFAIL This test is expecting failure == Assertion Error because of error in spelling Men's\n\nAssertionError: Expected title: 'MEN'S DEALS', Actual title: MENS'S DEALS\nassert \"MENS'S DEALS\" == \"MEN'S DEALS\"\n  - MEN'S DEALS\n  + MENS'S DEALS\n  ?    +","time":{"start":1692493087715,"stop":1692493087903,"duration":188}}]},"tags":["@pytest.mark.xfail(reason='This test is expecting failure == Assertion Error because of error in spelling Men's')"]},"source":"6e6a6968751dabed.json","parameterValues":[]}