{"uid":"80b355f4478ecfc","name":"TC 10.02.01 - Verify 'MEN'S DEALS' title is correct","fullName":"tests.test_sale.TestSideMenuBarMen#test_tc_10_02_01","historyId":"7d9cc06b830a248f9ded0f57b7152948","time":{"start":1691370442032,"stop":1691370442119,"duration":87},"description":"Check title of Men's Deals section","descriptionHtml":"<p>Check title of Men's Deals section</p>\n","status":"skipped","statusMessage":"XFAIL This test is expecting failure == Assertion Error because of error in spelling Men's\n\nAssertionError: Expected title: 'MEN'S DEALS', Actual title: MENS'S DEALS\nassert \"MENS'S DEALS\" == \"MEN'S DEALS\"\n  - MEN'S DEALS\n  + MENS'S DEALS\n  ?    +","statusTrace":"self = <test_sale.TestSalePage.TestSideMenuBarMen object at 0x7f368588f390>\nsale_page = <pages.sale_page.SalePage object at 0x7f3683631610>\n\n    @allure.title(\"TC 10.02.01 - Verify 'MEN'S DEALS' title is correct\")\n    @pytest.mark.xfail(reason=\"This test is expecting failure == Assertion Error \"\n                              \"because of error in spelling Men's\")\n    def test_tc_10_02_01(self, sale_page):\n        \"\"\"Check title of Men's Deals section\"\"\"\n        title = sale_page.check_text_in_men_deals_title()\n>       assert title == \"MEN'S DEALS\", f\"Expected title: 'MEN'S DEALS', Actual title: {title}\"\nE       AssertionError: Expected title: 'MEN'S DEALS', Actual title: MENS'S DEALS\nE       assert \"MENS'S DEALS\" == \"MEN'S DEALS\"\nE         - MEN'S DEALS\nE         + MENS'S DEALS\nE         ?    +\n\ntests/test_sale.py:66: AssertionError","flaky":false,"newFailed":false,"newBroken":false,"newPassed":false,"retriesCount":0,"retriesStatusChange":false,"beforeStages":[{"name":"_session_faker","time":{"start":1691369175418,"stop":1691369175528,"duration":110},"status":"passed","steps":[],"attachments":[],"parameters":[],"attachmentsCount":0,"shouldDisplayMessage":false,"hasContent":false,"stepsCount":0},{"name":"clear_allure_result_folder","time":{"start":1691369175528,"stop":1691369175528,"duration":0},"status":"passed","steps":[],"attachments":[],"parameters":[],"attachmentsCount":0,"shouldDisplayMessage":false,"hasContent":false,"stepsCount":0},{"name":"driver","time":{"start":1691370439558,"stop":1691370440662,"duration":1104},"status":"passed","steps":[],"attachments":[],"parameters":[],"attachmentsCount":0,"shouldDisplayMessage":false,"hasContent":false,"stepsCount":0},{"name":"sale_page","time":{"start":1691370440662,"stop":1691370442032,"duration":1370},"status":"passed","steps":[{"name":"Open a browser","time":{"start":1691370440662,"stop":1691370442032,"duration":1370},"status":"passed","steps":[],"attachments":[],"parameters":[],"attachmentsCount":0,"shouldDisplayMessage":false,"hasContent":false,"stepsCount":0}],"attachments":[],"parameters":[],"attachmentsCount":0,"shouldDisplayMessage":false,"hasContent":true,"stepsCount":1}],"testStage":{"description":"Check title of Men's Deals section","status":"skipped","statusMessage":"XFAIL This test is expecting failure == Assertion Error because of error in spelling Men's\n\nAssertionError: Expected title: 'MEN'S DEALS', Actual title: MENS'S DEALS\nassert \"MENS'S DEALS\" == \"MEN'S DEALS\"\n  - MEN'S DEALS\n  + MENS'S DEALS\n  ?    +","statusTrace":"self = <test_sale.TestSalePage.TestSideMenuBarMen object at 0x7f368588f390>\nsale_page = <pages.sale_page.SalePage object at 0x7f3683631610>\n\n    @allure.title(\"TC 10.02.01 - Verify 'MEN'S DEALS' title is correct\")\n    @pytest.mark.xfail(reason=\"This test is expecting failure == Assertion Error \"\n                              \"because of error in spelling Men's\")\n    def test_tc_10_02_01(self, sale_page):\n        \"\"\"Check title of Men's Deals section\"\"\"\n        title = sale_page.check_text_in_men_deals_title()\n>       assert title == \"MEN'S DEALS\", f\"Expected title: 'MEN'S DEALS', Actual title: {title}\"\nE       AssertionError: Expected title: 'MEN'S DEALS', Actual title: MENS'S DEALS\nE       assert \"MENS'S DEALS\" == \"MEN'S DEALS\"\nE         - MEN'S DEALS\nE         + MENS'S DEALS\nE         ?    +\n\ntests/test_sale.py:66: AssertionError","steps":[{"name":"Check text in Men's deals title","time":{"start":1691370442032,"stop":1691370442118,"duration":86},"status":"passed","steps":[{"name":"Find a visible element","time":{"start":1691370442033,"stop":1691370442094,"duration":61},"status":"passed","steps":[{"name":"Find a present element","time":{"start":1691370442033,"stop":1691370442049,"duration":16},"status":"passed","steps":[],"attachments":[],"parameters":[{"name":"locator","value":"('css selector', '.categories-menu > strong:nth-child(3) > span')"},{"name":"timeout","value":"5"}],"attachmentsCount":0,"shouldDisplayMessage":false,"hasContent":true,"stepsCount":0},{"name":"Go to specified element","time":{"start":1691370442049,"stop":1691370442062,"duration":13},"status":"passed","steps":[],"attachments":[],"parameters":[{"name":"element","value":"<selenium.webdriver.remote.webelement.WebElement (session=\"1c1ef87f8cea881b7bde8c71b49318f7\", element=\"899E1F1C9D131752A6EA011FA4796C30_element_33\")>"}],"attachmentsCount":0,"shouldDisplayMessage":false,"hasContent":true,"stepsCount":0}],"attachments":[],"parameters":[{"name":"locator","value":"('css selector', '.categories-menu > strong:nth-child(3) > span')"},{"name":"timeout","value":"10"}],"attachmentsCount":0,"shouldDisplayMessage":false,"hasContent":true,"stepsCount":2}],"attachments":[],"parameters":[],"attachmentsCount":0,"shouldDisplayMessage":false,"hasContent":true,"stepsCount":3}],"attachments":[{"uid":"98ee4f5554ba73d8","name":"Screenshot","source":"98ee4f5554ba73d8.png","type":"image/png","size":681388},{"uid":"b047493bd3ed3af","name":"HTML source","source":"b047493bd3ed3af.html","type":"text/html","size":84838}],"parameters":[],"attachmentsCount":2,"shouldDisplayMessage":true,"hasContent":true,"stepsCount":4},"afterStages":[{"name":"driver::0","time":{"start":1691370442560,"stop":1691370442625,"duration":65},"status":"passed","steps":[],"attachments":[],"parameters":[],"attachmentsCount":0,"shouldDisplayMessage":false,"hasContent":false,"stepsCount":0},{"name":"clear_allure_result_folder::0","time":{"start":1691370879313,"stop":1691370879313,"duration":0},"status":"passed","steps":[],"attachments":[],"parameters":[],"attachmentsCount":0,"shouldDisplayMessage":false,"hasContent":false,"stepsCount":0}],"labels":[{"name":"feature","value":"Testing Side Menu Bar - Men's Deals Section"},{"name":"epic","value":"Sale Page"},{"name":"tag","value":"@pytest.mark.xfail(reason='This test is expecting failure == Assertion Error because of error in spelling Men's')"},{"name":"parentSuite","value":"tests"},{"name":"suite","value":"test_sale"},{"name":"subSuite","value":"TestSalePage"},{"name":"host","value":"fv-az791-982"},{"name":"thread","value":"3207-MainThread"},{"name":"framework","value":"pytest"},{"name":"language","value":"cpython3"},{"name":"package","value":"tests.test_sale"},{"name":"resultFormat","value":"allure2"}],"parameters":[],"links":[],"hidden":false,"retry":false,"extra":{"severity":"normal","retries":[],"categories":[],"tags":["@pytest.mark.xfail(reason='This test is expecting failure == Assertion Error because of error in spelling Men's')"]},"source":"80b355f4478ecfc.json","parameterValues":[]}