{"uid":"949521fb8a3e6b3e","name":"Check the display of the add to wish and add to compare buttons","fullName":"tests.test_main_page.TestHotSellerSection#test_tc_06_01_15_check_the_display_of_the_card_buttons","historyId":"f8b3a2477d103cc2b5f3e0d41d85e720","time":{"start":1691369987747,"stop":1691369999905,"duration":12158},"description":"\n            This test will check that the add to wishlist and add to compare buttons are visible on the screen\n            ","descriptionHtml":"<pre><code>        This test will check that the add to wishlist and add to compare buttons are visible on the screen\n</code></pre>\n","status":"skipped","statusMessage":"XFAIL In CI the test failed in PR#182\n\nselenium.common.exceptions.TimeoutException: Message:","statusTrace":"self = <test_main_page.TestMainPage.TestHotSellerSection object at 0x7f3685828850>\ndriver = <selenium.webdriver.chrome.webdriver.WebDriver (session=\"7895f6eb6902802fe5f98dbe0fd268cb\")>\nitem = 'add_to_wish_list'\n\n    @pytest.mark.xfail(reason=\"In CI the test failed in PR#182\")\n    @allure.title(\"Check the display of the add to wish and add to compare buttons\")\n    @pytest.mark.parametrize(\"item\", product_card_button)\n    def test_tc_06_01_15_check_the_display_of_the_card_buttons(self, driver, item):\n        \"\"\"\n        This test will check that the add to wishlist and add to compare buttons are visible on the screen\n        \"\"\"\n        page = MainPage(driver, MAIN_PAGE_URL)\n        page.open()\n>       check_display = page.check_element_display(item)\n\ntests/test_main_page.py:95: \n_ _ _ _ _ _ _ _ _ _ _ _ _ _ _ _ _ _ _ _ _ _ _ _ _ _ _ _ _ _ _ _ _ _ _ _ _ _ _ _ \npages/main_page.py:124: in check_element_display\n    element = self.element_is_visible(self.locators.PRODUCT_CARD_BUTTONS[item])\npages/base_page.py:30: in element_is_visible\n    return wait(self.driver, timeout).until(EC.visibility_of_element_located(locator))\n_ _ _ _ _ _ _ _ _ _ _ _ _ _ _ _ _ _ _ _ _ _ _ _ _ _ _ _ _ _ _ _ _ _ _ _ _ _ _ _ \n\nself = <selenium.webdriver.support.wait.WebDriverWait (session=\"7895f6eb6902802fe5f98dbe0fd268cb\")>\nmethod = <function visibility_of_element_located.<locals>._predicate at 0x7f36854f8fe0>\nmessage = ''\n\n    def until(self, method, message: str = \"\"):\n        \"\"\"Calls the method provided with the driver as an argument until the \\\n        return value does not evaluate to ``False``.\n    \n        :param method: callable(WebDriver)\n        :param message: optional message for :exc:`TimeoutException`\n        :returns: the result of the last call to `method`\n        :raises: :exc:`selenium.common.exceptions.TimeoutException` if timeout occurs\n        \"\"\"\n        screen = None\n        stacktrace = None\n    \n        end_time = time.monotonic() + self._timeout\n        while True:\n            try:\n                value = method(self._driver)\n                if value:\n                    return value\n            except self._ignored_exceptions as exc:\n                screen = getattr(exc, \"screen\", None)\n                stacktrace = getattr(exc, \"stacktrace\", None)\n            time.sleep(self._poll)\n            if time.monotonic() > end_time:\n                break\n>       raise TimeoutException(message, screen, stacktrace)\nE       selenium.common.exceptions.TimeoutException: Message:\n\n/opt/hostedtoolcache/Python/3.11.4/x64/lib/python3.11/site-packages/selenium/webdriver/support/wait.py:95: TimeoutException","flaky":false,"newFailed":false,"newBroken":false,"newPassed":false,"retriesCount":0,"retriesStatusChange":false,"beforeStages":[{"name":"_session_faker","time":{"start":1691369175418,"stop":1691369175528,"duration":110},"status":"passed","steps":[],"attachments":[],"parameters":[],"attachmentsCount":0,"shouldDisplayMessage":false,"hasContent":false,"stepsCount":0},{"name":"clear_allure_result_folder","time":{"start":1691369175528,"stop":1691369175528,"duration":0},"status":"passed","steps":[],"attachments":[],"parameters":[],"attachmentsCount":0,"shouldDisplayMessage":false,"hasContent":false,"stepsCount":0},{"name":"driver","time":{"start":1691369986654,"stop":1691369987746,"duration":1092},"status":"passed","steps":[],"attachments":[],"parameters":[],"attachmentsCount":0,"shouldDisplayMessage":false,"hasContent":false,"stepsCount":0}],"testStage":{"description":"\n            This test will check that the add to wishlist and add to compare buttons are visible on the screen\n            ","status":"skipped","statusMessage":"XFAIL In CI the test failed in PR#182\n\nselenium.common.exceptions.TimeoutException: Message:","statusTrace":"self = <test_main_page.TestMainPage.TestHotSellerSection object at 0x7f3685828850>\ndriver = <selenium.webdriver.chrome.webdriver.WebDriver (session=\"7895f6eb6902802fe5f98dbe0fd268cb\")>\nitem = 'add_to_wish_list'\n\n    @pytest.mark.xfail(reason=\"In CI the test failed in PR#182\")\n    @allure.title(\"Check the display of the add to wish and add to compare buttons\")\n    @pytest.mark.parametrize(\"item\", product_card_button)\n    def test_tc_06_01_15_check_the_display_of_the_card_buttons(self, driver, item):\n        \"\"\"\n        This test will check that the add to wishlist and add to compare buttons are visible on the screen\n        \"\"\"\n        page = MainPage(driver, MAIN_PAGE_URL)\n        page.open()\n>       check_display = page.check_element_display(item)\n\ntests/test_main_page.py:95: \n_ _ _ _ _ _ _ _ _ _ _ _ _ _ _ _ _ _ _ _ _ _ _ _ _ _ _ _ _ _ _ _ _ _ _ _ _ _ _ _ \npages/main_page.py:124: in check_element_display\n    element = self.element_is_visible(self.locators.PRODUCT_CARD_BUTTONS[item])\npages/base_page.py:30: in element_is_visible\n    return wait(self.driver, timeout).until(EC.visibility_of_element_located(locator))\n_ _ _ _ _ _ _ _ _ _ _ _ _ _ _ _ _ _ _ _ _ _ _ _ _ _ _ _ _ _ _ _ _ _ _ _ _ _ _ _ \n\nself = <selenium.webdriver.support.wait.WebDriverWait (session=\"7895f6eb6902802fe5f98dbe0fd268cb\")>\nmethod = <function visibility_of_element_located.<locals>._predicate at 0x7f36854f8fe0>\nmessage = ''\n\n    def until(self, method, message: str = \"\"):\n        \"\"\"Calls the method provided with the driver as an argument until the \\\n        return value does not evaluate to ``False``.\n    \n        :param method: callable(WebDriver)\n        :param message: optional message for :exc:`TimeoutException`\n        :returns: the result of the last call to `method`\n        :raises: :exc:`selenium.common.exceptions.TimeoutException` if timeout occurs\n        \"\"\"\n        screen = None\n        stacktrace = None\n    \n        end_time = time.monotonic() + self._timeout\n        while True:\n            try:\n                value = method(self._driver)\n                if value:\n                    return value\n            except self._ignored_exceptions as exc:\n                screen = getattr(exc, \"screen\", None)\n                stacktrace = getattr(exc, \"stacktrace\", None)\n            time.sleep(self._poll)\n            if time.monotonic() > end_time:\n                break\n>       raise TimeoutException(message, screen, stacktrace)\nE       selenium.common.exceptions.TimeoutException: Message:\n\n/opt/hostedtoolcache/Python/3.11.4/x64/lib/python3.11/site-packages/selenium/webdriver/support/wait.py:95: TimeoutException","steps":[{"name":"Open a browser","time":{"start":1691369987747,"stop":1691369988776,"duration":1029},"status":"passed","steps":[],"attachments":[],"parameters":[],"attachmentsCount":0,"shouldDisplayMessage":false,"hasContent":false,"stepsCount":0},{"name":"Checking the display of an element on the screen","time":{"start":1691369988776,"stop":1691369999904,"duration":11128},"status":"broken","statusMessage":"selenium.common.exceptions.TimeoutException: Message: \n\n","statusTrace":"  File \"/opt/hostedtoolcache/Python/3.11.4/x64/lib/python3.11/site-packages/allure_commons/_allure.py\", line 192, in impl\n    return func(*a, **kw)\n           ^^^^^^^^^^^^^^\n  File \"/home/runner/work/luma_project/luma_project/pages/main_page.py\", line 124, in check_element_display\n    element = self.element_is_visible(self.locators.PRODUCT_CARD_BUTTONS[item])\n              ^^^^^^^^^^^^^^^^^^^^^^^^^^^^^^^^^^^^^^^^^^^^^^^^^^^^^^^^^^^^^^^^^\n  File \"/opt/hostedtoolcache/Python/3.11.4/x64/lib/python3.11/site-packages/allure_commons/_allure.py\", line 192, in impl\n    return func(*a, **kw)\n           ^^^^^^^^^^^^^^\n  File \"/home/runner/work/luma_project/luma_project/pages/base_page.py\", line 30, in element_is_visible\n    return wait(self.driver, timeout).until(EC.visibility_of_element_located(locator))\n           ^^^^^^^^^^^^^^^^^^^^^^^^^^^^^^^^^^^^^^^^^^^^^^^^^^^^^^^^^^^^^^^^^^^^^^^^^^^\n  File \"/opt/hostedtoolcache/Python/3.11.4/x64/lib/python3.11/site-packages/selenium/webdriver/support/wait.py\", line 95, in until\n    raise TimeoutException(message, screen, stacktrace)\n","steps":[{"name":"Find a visible element","time":{"start":1691369988776,"stop":1691369988985,"duration":209},"status":"passed","steps":[{"name":"Find a present element","time":{"start":1691369988776,"stop":1691369988806,"duration":30},"status":"passed","steps":[],"attachments":[],"parameters":[{"name":"locator","value":"('css selector', \"li[class='product-item']:nth-child(3) div[class='product-item-info']\")"},{"name":"timeout","value":"5"}],"attachmentsCount":0,"shouldDisplayMessage":false,"hasContent":true,"stepsCount":0},{"name":"Go to specified element","time":{"start":1691369988806,"stop":1691369988874,"duration":68},"status":"passed","steps":[],"attachments":[],"parameters":[{"name":"element","value":"<selenium.webdriver.remote.webelement.WebElement (session=\"7895f6eb6902802fe5f98dbe0fd268cb\", element=\"FA89EDBD4FB293029BEBAC96D38290F6_element_7\")>"}],"attachmentsCount":0,"shouldDisplayMessage":false,"hasContent":true,"stepsCount":0}],"attachments":[],"parameters":[{"name":"locator","value":"('css selector', \"li[class='product-item']:nth-child(3) div[class='product-item-info']\")"},{"name":"timeout","value":"10"}],"attachmentsCount":0,"shouldDisplayMessage":false,"hasContent":true,"stepsCount":2},{"name":"Move cursor to element","time":{"start":1691369988985,"stop":1691369989411,"duration":426},"status":"passed","steps":[],"attachments":[],"parameters":[{"name":"element","value":"<selenium.webdriver.remote.webelement.WebElement (session=\"7895f6eb6902802fe5f98dbe0fd268cb\", element=\"FA89EDBD4FB293029BEBAC96D38290F6_element_7\")>"}],"attachmentsCount":0,"shouldDisplayMessage":false,"hasContent":true,"stepsCount":0},{"name":"Find a visible element","time":{"start":1691369989412,"stop":1691369999903,"duration":10491},"status":"broken","statusMessage":"selenium.common.exceptions.TimeoutException: Message: \n\n","statusTrace":"  File \"/opt/hostedtoolcache/Python/3.11.4/x64/lib/python3.11/site-packages/allure_commons/_allure.py\", line 192, in impl\n    return func(*a, **kw)\n           ^^^^^^^^^^^^^^\n  File \"/home/runner/work/luma_project/luma_project/pages/base_page.py\", line 30, in element_is_visible\n    return wait(self.driver, timeout).until(EC.visibility_of_element_located(locator))\n           ^^^^^^^^^^^^^^^^^^^^^^^^^^^^^^^^^^^^^^^^^^^^^^^^^^^^^^^^^^^^^^^^^^^^^^^^^^^\n  File \"/opt/hostedtoolcache/Python/3.11.4/x64/lib/python3.11/site-packages/selenium/webdriver/support/wait.py\", line 95, in until\n    raise TimeoutException(message, screen, stacktrace)\n","steps":[{"name":"Find a present element","time":{"start":1691369989412,"stop":1691369989426,"duration":14},"status":"passed","steps":[],"attachments":[],"parameters":[{"name":"locator","value":"('css selector', \"li[class='product-item']:nth-child(3) a[data-action='add-to-wishlist']\")"},{"name":"timeout","value":"5"}],"attachmentsCount":0,"shouldDisplayMessage":false,"hasContent":true,"stepsCount":0},{"name":"Go to specified element","time":{"start":1691369989426,"stop":1691369989449,"duration":23},"status":"passed","steps":[],"attachments":[],"parameters":[{"name":"element","value":"<selenium.webdriver.remote.webelement.WebElement (session=\"7895f6eb6902802fe5f98dbe0fd268cb\", element=\"FA89EDBD4FB293029BEBAC96D38290F6_element_12\")>"}],"attachmentsCount":0,"shouldDisplayMessage":false,"hasContent":true,"stepsCount":0}],"attachments":[],"parameters":[{"name":"locator","value":"('css selector', \"li[class='product-item']:nth-child(3) a[data-action='add-to-wishlist']\")"},{"name":"timeout","value":"10"}],"attachmentsCount":0,"shouldDisplayMessage":true,"hasContent":true,"stepsCount":2}],"attachments":[],"parameters":[{"name":"item","value":"'add_to_wish_list'"}],"attachmentsCount":0,"shouldDisplayMessage":false,"hasContent":true,"stepsCount":7}],"attachments":[{"uid":"7b9b4f1da929f353","name":"Screenshot","source":"7b9b4f1da929f353.png","type":"image/png","size":96681},{"uid":"d5afb8222d43cba","name":"HTML source","source":"d5afb8222d43cba.html","type":"text/html","size":115999}],"parameters":[],"attachmentsCount":2,"shouldDisplayMessage":true,"hasContent":true,"stepsCount":9},"afterStages":[{"name":"driver::0","time":{"start":1691370000193,"stop":1691370000262,"duration":69},"status":"passed","steps":[],"attachments":[],"parameters":[],"attachmentsCount":0,"shouldDisplayMessage":false,"hasContent":false,"stepsCount":0},{"name":"clear_allure_result_folder::0","time":{"start":1691370879313,"stop":1691370879313,"duration":0},"status":"passed","steps":[],"attachments":[],"parameters":[],"attachmentsCount":0,"shouldDisplayMessage":false,"hasContent":false,"stepsCount":0}],"labels":[{"name":"feature","value":"Testing Hot Seller Section"},{"name":"epic","value":"Main Page"},{"name":"tag","value":"@pytest.mark.xfail(reason='In CI the test failed in PR#182')"},{"name":"parentSuite","value":"tests"},{"name":"suite","value":"test_main_page"},{"name":"subSuite","value":"TestMainPage"},{"name":"host","value":"fv-az791-982"},{"name":"thread","value":"3207-MainThread"},{"name":"framework","value":"pytest"},{"name":"language","value":"cpython3"},{"name":"package","value":"tests.test_main_page"},{"name":"resultFormat","value":"allure2"}],"parameters":[{"name":"item","value":"'add_to_wish_list'"}],"links":[],"hidden":false,"retry":false,"extra":{"severity":"normal","retries":[],"categories":[],"tags":["@pytest.mark.xfail(reason='In CI the test failed in PR#182')"]},"source":"949521fb8a3e6b3e.json","parameterValues":["'add_to_wish_list'"]}