{"uid":"9c9ccbdb8b8c1532","name":"TC 04_01_09 Verify checkbox is present and unchecked","fullName":"tests.test_create_an_account.TestCreateAnAccount#test_04_01_09_sign_up_for_letters_checkbox","historyId":"642467d3c5da0c3e31a9a245e10a30c4","time":{"start":1691369212589,"stop":1691369217734,"duration":5145},"description":" Verify that checkbox is present and unchecked","descriptionHtml":"<p>Verify that checkbox is present and unchecked</p>\n","status":"broken","statusMessage":"selenium.common.exceptions.TimeoutException: Message: \nStacktrace:\n#0 0x5586b597c783 <unknown>\n#1 0x5586b56a8917 <unknown>\n#2 0x5586b56e731b <unknown>\n#3 0x5586b56e7411 <unknown>\n#4 0x5586b5722674 <unknown>\n#5 0x5586b5707e2d <unknown>\n#6 0x5586b57200d9 <unknown>\n#7 0x5586b5707bd3 <unknown>\n#8 0x5586b56dba7b <unknown>\n#9 0x5586b56dc81e <unknown>\n#10 0x5586b593de98 <unknown>\n#11 0x5586b5941d67 <unknown>\n#12 0x5586b594c32c <unknown>\n#13 0x5586b5942993 <unknown>\n#14 0x5586b5911827 <unknown>\n#15 0x5586b59668a8 <unknown>\n#16 0x5586b5966a36 <unknown>\n#17 0x5586b59755f3 <unknown>\n#18 0x7f686fc95b43 <unknown>","statusTrace":"self = <test_create_an_account.TestCreateAnAccount object at 0x7f36849920d0>\ncreate_account_page = <pages.create_an_account_page.CreateAccountPage object at 0x7f36835c5ed0>\n\n    @allure.title('TC 04_01_09 Verify checkbox is present and unchecked')\n    def test_04_01_09_sign_up_for_letters_checkbox(self, create_account_page):\n        \"\"\" Verify that checkbox is present and unchecked\"\"\"\n>       sign_up_checkbox = create_account_page.check_sign_up_checkbox_label()\n\ntests/test_create_an_account.py:79: \n_ _ _ _ _ _ _ _ _ _ _ _ _ _ _ _ _ _ _ _ _ _ _ _ _ _ _ _ _ _ _ _ _ _ _ _ _ _ _ _ \npages/create_an_account_page.py:224: in check_sign_up_checkbox_label\n    return self.element_is_visible(self.locators.SIGN_UP_CHECKBOX_LABEL)\npages/base_page.py:29: in element_is_visible\n    self.go_to_element(self.element_is_present(locator))\npages/base_page.py:50: in element_is_present\n    return wait(self.driver, timeout).until(EC.presence_of_element_located(locator))\n_ _ _ _ _ _ _ _ _ _ _ _ _ _ _ _ _ _ _ _ _ _ _ _ _ _ _ _ _ _ _ _ _ _ _ _ _ _ _ _ \n\nself = <selenium.webdriver.support.wait.WebDriverWait (session=\"439906347bd8eba2299f2373610abf40\")>\nmethod = <function presence_of_element_located.<locals>._predicate at 0x7f3683591a80>\nmessage = ''\n\n    def until(self, method, message: str = \"\"):\n        \"\"\"Calls the method provided with the driver as an argument until the \\\n        return value does not evaluate to ``False``.\n    \n        :param method: callable(WebDriver)\n        :param message: optional message for :exc:`TimeoutException`\n        :returns: the result of the last call to `method`\n        :raises: :exc:`selenium.common.exceptions.TimeoutException` if timeout occurs\n        \"\"\"\n        screen = None\n        stacktrace = None\n    \n        end_time = time.monotonic() + self._timeout\n        while True:\n            try:\n                value = method(self._driver)\n                if value:\n                    return value\n            except self._ignored_exceptions as exc:\n                screen = getattr(exc, \"screen\", None)\n                stacktrace = getattr(exc, \"stacktrace\", None)\n            time.sleep(self._poll)\n            if time.monotonic() > end_time:\n                break\n>       raise TimeoutException(message, screen, stacktrace)\nE       selenium.common.exceptions.TimeoutException: Message: \nE       Stacktrace:\nE       #0 0x5586b597c783 <unknown>\nE       #1 0x5586b56a8917 <unknown>\nE       #2 0x5586b56e731b <unknown>\nE       #3 0x5586b56e7411 <unknown>\nE       #4 0x5586b5722674 <unknown>\nE       #5 0x5586b5707e2d <unknown>\nE       #6 0x5586b57200d9 <unknown>\nE       #7 0x5586b5707bd3 <unknown>\nE       #8 0x5586b56dba7b <unknown>\nE       #9 0x5586b56dc81e <unknown>\nE       #10 0x5586b593de98 <unknown>\nE       #11 0x5586b5941d67 <unknown>\nE       #12 0x5586b594c32c <unknown>\nE       #13 0x5586b5942993 <unknown>\nE       #14 0x5586b5911827 <unknown>\nE       #15 0x5586b59668a8 <unknown>\nE       #16 0x5586b5966a36 <unknown>\nE       #17 0x5586b59755f3 <unknown>\nE       #18 0x7f686fc95b43 <unknown>\n\n/opt/hostedtoolcache/Python/3.11.4/x64/lib/python3.11/site-packages/selenium/webdriver/support/wait.py:95: TimeoutException","flaky":false,"newFailed":false,"newBroken":false,"newPassed":false,"retriesCount":0,"retriesStatusChange":false,"beforeStages":[{"name":"_session_faker","time":{"start":1691369175418,"stop":1691369175528,"duration":110},"status":"passed","steps":[],"attachments":[],"parameters":[],"attachmentsCount":0,"shouldDisplayMessage":false,"hasContent":false,"stepsCount":0},{"name":"clear_allure_result_folder","time":{"start":1691369175528,"stop":1691369175528,"duration":0},"status":"passed","steps":[],"attachments":[],"parameters":[],"attachmentsCount":0,"shouldDisplayMessage":false,"hasContent":false,"stepsCount":0},{"name":"driver","time":{"start":1691369209869,"stop":1691369211082,"duration":1213},"status":"passed","steps":[],"attachments":[],"parameters":[],"attachmentsCount":0,"shouldDisplayMessage":false,"hasContent":false,"stepsCount":0},{"name":"create_account_page","time":{"start":1691369211082,"stop":1691369212588,"duration":1506},"status":"passed","steps":[{"name":"Open a browser","time":{"start":1691369211082,"stop":1691369212588,"duration":1506},"status":"passed","steps":[],"attachments":[],"parameters":[],"attachmentsCount":0,"shouldDisplayMessage":false,"hasContent":false,"stepsCount":0}],"attachments":[],"parameters":[],"attachmentsCount":0,"shouldDisplayMessage":false,"hasContent":true,"stepsCount":1}],"testStage":{"description":" Verify that checkbox is present and unchecked","status":"broken","statusMessage":"selenium.common.exceptions.TimeoutException: Message: \nStacktrace:\n#0 0x5586b597c783 <unknown>\n#1 0x5586b56a8917 <unknown>\n#2 0x5586b56e731b <unknown>\n#3 0x5586b56e7411 <unknown>\n#4 0x5586b5722674 <unknown>\n#5 0x5586b5707e2d <unknown>\n#6 0x5586b57200d9 <unknown>\n#7 0x5586b5707bd3 <unknown>\n#8 0x5586b56dba7b <unknown>\n#9 0x5586b56dc81e <unknown>\n#10 0x5586b593de98 <unknown>\n#11 0x5586b5941d67 <unknown>\n#12 0x5586b594c32c <unknown>\n#13 0x5586b5942993 <unknown>\n#14 0x5586b5911827 <unknown>\n#15 0x5586b59668a8 <unknown>\n#16 0x5586b5966a36 <unknown>\n#17 0x5586b59755f3 <unknown>\n#18 0x7f686fc95b43 <unknown>","statusTrace":"self = <test_create_an_account.TestCreateAnAccount object at 0x7f36849920d0>\ncreate_account_page = <pages.create_an_account_page.CreateAccountPage object at 0x7f36835c5ed0>\n\n    @allure.title('TC 04_01_09 Verify checkbox is present and unchecked')\n    def test_04_01_09_sign_up_for_letters_checkbox(self, create_account_page):\n        \"\"\" Verify that checkbox is present and unchecked\"\"\"\n>       sign_up_checkbox = create_account_page.check_sign_up_checkbox_label()\n\ntests/test_create_an_account.py:79: \n_ _ _ _ _ _ _ _ _ _ _ _ _ _ _ _ _ _ _ _ _ _ _ _ _ _ _ _ _ _ _ _ _ _ _ _ _ _ _ _ \npages/create_an_account_page.py:224: in check_sign_up_checkbox_label\n    return self.element_is_visible(self.locators.SIGN_UP_CHECKBOX_LABEL)\npages/base_page.py:29: in element_is_visible\n    self.go_to_element(self.element_is_present(locator))\npages/base_page.py:50: in element_is_present\n    return wait(self.driver, timeout).until(EC.presence_of_element_located(locator))\n_ _ _ _ _ _ _ _ _ _ _ _ _ _ _ _ _ _ _ _ _ _ _ _ _ _ _ _ _ _ _ _ _ _ _ _ _ _ _ _ \n\nself = <selenium.webdriver.support.wait.WebDriverWait (session=\"439906347bd8eba2299f2373610abf40\")>\nmethod = <function presence_of_element_located.<locals>._predicate at 0x7f3683591a80>\nmessage = ''\n\n    def until(self, method, message: str = \"\"):\n        \"\"\"Calls the method provided with the driver as an argument until the \\\n        return value does not evaluate to ``False``.\n    \n        :param method: callable(WebDriver)\n        :param message: optional message for :exc:`TimeoutException`\n        :returns: the result of the last call to `method`\n        :raises: :exc:`selenium.common.exceptions.TimeoutException` if timeout occurs\n        \"\"\"\n        screen = None\n        stacktrace = None\n    \n        end_time = time.monotonic() + self._timeout\n        while True:\n            try:\n                value = method(self._driver)\n                if value:\n                    return value\n            except self._ignored_exceptions as exc:\n                screen = getattr(exc, \"screen\", None)\n                stacktrace = getattr(exc, \"stacktrace\", None)\n            time.sleep(self._poll)\n            if time.monotonic() > end_time:\n                break\n>       raise TimeoutException(message, screen, stacktrace)\nE       selenium.common.exceptions.TimeoutException: Message: \nE       Stacktrace:\nE       #0 0x5586b597c783 <unknown>\nE       #1 0x5586b56a8917 <unknown>\nE       #2 0x5586b56e731b <unknown>\nE       #3 0x5586b56e7411 <unknown>\nE       #4 0x5586b5722674 <unknown>\nE       #5 0x5586b5707e2d <unknown>\nE       #6 0x5586b57200d9 <unknown>\nE       #7 0x5586b5707bd3 <unknown>\nE       #8 0x5586b56dba7b <unknown>\nE       #9 0x5586b56dc81e <unknown>\nE       #10 0x5586b593de98 <unknown>\nE       #11 0x5586b5941d67 <unknown>\nE       #12 0x5586b594c32c <unknown>\nE       #13 0x5586b5942993 <unknown>\nE       #14 0x5586b5911827 <unknown>\nE       #15 0x5586b59668a8 <unknown>\nE       #16 0x5586b5966a36 <unknown>\nE       #17 0x5586b59755f3 <unknown>\nE       #18 0x7f686fc95b43 <unknown>\n\n/opt/hostedtoolcache/Python/3.11.4/x64/lib/python3.11/site-packages/selenium/webdriver/support/wait.py:95: TimeoutException","steps":[{"name":"Check Sign Up checkbox label is visible","time":{"start":1691369212589,"stop":1691369217733,"duration":5144},"status":"broken","statusMessage":"selenium.common.exceptions.TimeoutException: Message: \nStacktrace:\n#0 0x5586b597c783 <unknown>\n#1 0x5586b56a8917 <unknown>\n#2 0x5586b56e731b <unknown>\n#3 0x5586b56e7411 <unknown>\n#4 0x5586b5722674 <unknown>\n#5 0x5586b5707e2d <unknown>\n#6 0x5586b57200d9 <unknown>\n#7 0x5586b5707bd3 <unknown>\n#8 0x5586b56dba7b <unknown>\n#9 0x5586b56dc81e <unknown>\n#10 0x5586b593de98 <unknown>\n#11 0x5586b5941d67 <unknown>\n#12 0x5586b594c32c <unknown>\n#13 0x5586b5942993 <unknown>\n#14 0x5586b5911827 <unknown>\n#15 0x5586b59668a8 <unknown>\n#16 0x5586b5966a36 <unknown>\n#17 0x5586b59755f3 <unknown>\n#18 0x7f686fc95b43 <unknown>\n\n","statusTrace":"  File \"/opt/hostedtoolcache/Python/3.11.4/x64/lib/python3.11/site-packages/allure_commons/_allure.py\", line 192, in impl\n    return func(*a, **kw)\n           ^^^^^^^^^^^^^^\n  File \"/home/runner/work/luma_project/luma_project/pages/create_an_account_page.py\", line 224, in check_sign_up_checkbox_label\n    return self.element_is_visible(self.locators.SIGN_UP_CHECKBOX_LABEL)\n           ^^^^^^^^^^^^^^^^^^^^^^^^^^^^^^^^^^^^^^^^^^^^^^^^^^^^^^^^^^^^^\n  File \"/opt/hostedtoolcache/Python/3.11.4/x64/lib/python3.11/site-packages/allure_commons/_allure.py\", line 192, in impl\n    return func(*a, **kw)\n           ^^^^^^^^^^^^^^\n  File \"/home/runner/work/luma_project/luma_project/pages/base_page.py\", line 29, in element_is_visible\n    self.go_to_element(self.element_is_present(locator))\n                       ^^^^^^^^^^^^^^^^^^^^^^^^^^^^^^^^\n  File \"/opt/hostedtoolcache/Python/3.11.4/x64/lib/python3.11/site-packages/allure_commons/_allure.py\", line 192, in impl\n    return func(*a, **kw)\n           ^^^^^^^^^^^^^^\n  File \"/home/runner/work/luma_project/luma_project/pages/base_page.py\", line 50, in element_is_present\n    return wait(self.driver, timeout).until(EC.presence_of_element_located(locator))\n           ^^^^^^^^^^^^^^^^^^^^^^^^^^^^^^^^^^^^^^^^^^^^^^^^^^^^^^^^^^^^^^^^^^^^^^^^^\n  File \"/opt/hostedtoolcache/Python/3.11.4/x64/lib/python3.11/site-packages/selenium/webdriver/support/wait.py\", line 95, in until\n    raise TimeoutException(message, screen, stacktrace)\n","steps":[{"name":"Find a visible element","time":{"start":1691369212589,"stop":1691369217732,"duration":5143},"status":"broken","statusMessage":"selenium.common.exceptions.TimeoutException: Message: \nStacktrace:\n#0 0x5586b597c783 <unknown>\n#1 0x5586b56a8917 <unknown>\n#2 0x5586b56e731b <unknown>\n#3 0x5586b56e7411 <unknown>\n#4 0x5586b5722674 <unknown>\n#5 0x5586b5707e2d <unknown>\n#6 0x5586b57200d9 <unknown>\n#7 0x5586b5707bd3 <unknown>\n#8 0x5586b56dba7b <unknown>\n#9 0x5586b56dc81e <unknown>\n#10 0x5586b593de98 <unknown>\n#11 0x5586b5941d67 <unknown>\n#12 0x5586b594c32c <unknown>\n#13 0x5586b5942993 <unknown>\n#14 0x5586b5911827 <unknown>\n#15 0x5586b59668a8 <unknown>\n#16 0x5586b5966a36 <unknown>\n#17 0x5586b59755f3 <unknown>\n#18 0x7f686fc95b43 <unknown>\n\n","statusTrace":"  File \"/opt/hostedtoolcache/Python/3.11.4/x64/lib/python3.11/site-packages/allure_commons/_allure.py\", line 192, in impl\n    return func(*a, **kw)\n           ^^^^^^^^^^^^^^\n  File \"/home/runner/work/luma_project/luma_project/pages/base_page.py\", line 29, in element_is_visible\n    self.go_to_element(self.element_is_present(locator))\n                       ^^^^^^^^^^^^^^^^^^^^^^^^^^^^^^^^\n  File \"/opt/hostedtoolcache/Python/3.11.4/x64/lib/python3.11/site-packages/allure_commons/_allure.py\", line 192, in impl\n    return func(*a, **kw)\n           ^^^^^^^^^^^^^^\n  File \"/home/runner/work/luma_project/luma_project/pages/base_page.py\", line 50, in element_is_present\n    return wait(self.driver, timeout).until(EC.presence_of_element_located(locator))\n           ^^^^^^^^^^^^^^^^^^^^^^^^^^^^^^^^^^^^^^^^^^^^^^^^^^^^^^^^^^^^^^^^^^^^^^^^^\n  File \"/opt/hostedtoolcache/Python/3.11.4/x64/lib/python3.11/site-packages/selenium/webdriver/support/wait.py\", line 95, in until\n    raise TimeoutException(message, screen, stacktrace)\n","steps":[{"name":"Find a present element","time":{"start":1691369212589,"stop":1691369217731,"duration":5142},"status":"broken","statusMessage":"selenium.common.exceptions.TimeoutException: Message: \nStacktrace:\n#0 0x5586b597c783 <unknown>\n#1 0x5586b56a8917 <unknown>\n#2 0x5586b56e731b <unknown>\n#3 0x5586b56e7411 <unknown>\n#4 0x5586b5722674 <unknown>\n#5 0x5586b5707e2d <unknown>\n#6 0x5586b57200d9 <unknown>\n#7 0x5586b5707bd3 <unknown>\n#8 0x5586b56dba7b <unknown>\n#9 0x5586b56dc81e <unknown>\n#10 0x5586b593de98 <unknown>\n#11 0x5586b5941d67 <unknown>\n#12 0x5586b594c32c <unknown>\n#13 0x5586b5942993 <unknown>\n#14 0x5586b5911827 <unknown>\n#15 0x5586b59668a8 <unknown>\n#16 0x5586b5966a36 <unknown>\n#17 0x5586b59755f3 <unknown>\n#18 0x7f686fc95b43 <unknown>\n\n","statusTrace":"  File \"/opt/hostedtoolcache/Python/3.11.4/x64/lib/python3.11/site-packages/allure_commons/_allure.py\", line 192, in impl\n    return func(*a, **kw)\n           ^^^^^^^^^^^^^^\n  File \"/home/runner/work/luma_project/luma_project/pages/base_page.py\", line 50, in element_is_present\n    return wait(self.driver, timeout).until(EC.presence_of_element_located(locator))\n           ^^^^^^^^^^^^^^^^^^^^^^^^^^^^^^^^^^^^^^^^^^^^^^^^^^^^^^^^^^^^^^^^^^^^^^^^^\n  File \"/opt/hostedtoolcache/Python/3.11.4/x64/lib/python3.11/site-packages/selenium/webdriver/support/wait.py\", line 95, in until\n    raise TimeoutException(message, screen, stacktrace)\n","steps":[],"attachments":[],"parameters":[{"name":"locator","value":"('css selector', \"label[for='is_subscribed']\")"},{"name":"timeout","value":"5"}],"attachmentsCount":0,"shouldDisplayMessage":true,"hasContent":true,"stepsCount":0}],"attachments":[],"parameters":[{"name":"locator","value":"('css selector', \"label[for='is_subscribed']\")"},{"name":"timeout","value":"10"}],"attachmentsCount":0,"shouldDisplayMessage":false,"hasContent":true,"stepsCount":1}],"attachments":[],"parameters":[],"attachmentsCount":0,"shouldDisplayMessage":false,"hasContent":true,"stepsCount":2}],"attachments":[{"uid":"99e1888617727a57","name":"Screenshot","source":"99e1888617727a57.png","type":"image/png","size":59662},{"uid":"785923fe7d435d3","name":"HTML source","source":"785923fe7d435d3.html","type":"text/html","size":81046}],"parameters":[],"attachmentsCount":2,"shouldDisplayMessage":true,"hasContent":true,"stepsCount":3},"afterStages":[{"name":"driver::0","time":{"start":1691369217986,"stop":1691369218051,"duration":65},"status":"passed","steps":[],"attachments":[],"parameters":[],"attachmentsCount":0,"shouldDisplayMessage":false,"hasContent":false,"stepsCount":0},{"name":"clear_allure_result_folder::0","time":{"start":1691370879313,"stop":1691370879313,"duration":0},"status":"passed","steps":[],"attachments":[],"parameters":[],"attachmentsCount":0,"shouldDisplayMessage":false,"hasContent":false,"stepsCount":0}],"labels":[{"name":"epic","value":"Create An Account"},{"name":"parentSuite","value":"tests"},{"name":"suite","value":"test_create_an_account"},{"name":"subSuite","value":"TestCreateAnAccount"},{"name":"host","value":"fv-az791-982"},{"name":"thread","value":"3207-MainThread"},{"name":"framework","value":"pytest"},{"name":"language","value":"cpython3"},{"name":"package","value":"tests.test_create_an_account"},{"name":"resultFormat","value":"allure2"}],"parameters":[],"links":[],"hidden":false,"retry":false,"extra":{"severity":"normal","retries":[],"categories":[{"name":"Test defects","matchedStatuses":[],"flaky":false}],"tags":[]},"source":"9c9ccbdb8b8c1532.json","parameterValues":[]}